==========
Args:Namespace(batch_size=8, dataset='pku', decay_step=16, dim=2048, gpu='0,1,2,3', img_h=288, img_w=144, log_path='log/', lr=0.0009, margin=0.5, max_epoch=100, mode='all', model_path='save_model/', noticed='test', num_pos=1, pool_dim=2048, rerank='no', save_epoch=1000, seed=0, test_batch=16, trial=9, warm_up_epoch=8, workers=4)
==========
==> Loading data..
data init success!
==> Building model..
==> Building success!..
==> Start Training...
==> Preparing Data Loader...
Epoch: [0][0/37] Time: 2.324 (2.324) lr:0.000055 base_lr:0.000005Loss: 14.5251 (14.5251) iLoss: 5.0198 (5.0198) CLoss: 3.7102 (3.7102) da_loss: 1.3923 (1.3923) dd_loss: 5.5166 (5.5166) Accu: 0.00
Test Epoch: 0
original feature:   Rank-1: 18.00% | Rank-5: 36.00% | Rank-10: 52.00%| Rank-20: 74.00%| mAP: 19.13%| mINP: 9.02%
feature after BN:   Rank-1: 18.00% | Rank-5: 38.00% | Rank-10: 58.00%| Rank-20: 78.00%| mAP: 21.31%| mINP: 13.40%
Best Epoch [0]
==> Preparing Data Loader...
Epoch: [1][0/37] Time: 0.347 (0.347) lr:0.000111 base_lr:0.000011Loss: 13.1653 (13.1653) iLoss: 4.9202 (4.9202) CLoss: 2.6680 (2.6680) da_loss: 1.0197 (1.0197) dd_loss: 5.3732 (5.3732) Accu: 31.25
Test Epoch: 1
original feature:   Rank-1: 24.00% | Rank-5: 58.00% | Rank-10: 76.00%| Rank-20: 86.00%| mAP: 30.94%| mINP: 21.06%
feature after BN:   Rank-1: 24.00% | Rank-5: 62.00% | Rank-10: 80.00%| Rank-20: 90.00%| mAP: 34.26%| mINP: 26.93%
Best Epoch [1]
==> Preparing Data Loader...
Epoch: [2][0/37] Time: 0.342 (0.342) lr:0.000167 base_lr:0.000017Loss: 11.2248 (11.2248) iLoss: 4.5308 (4.5308) CLoss: 1.4815 (1.4815) da_loss: 0.8925 (0.8925) dd_loss: 5.0340 (5.0340) Accu: 37.50
Test Epoch: 2
original feature:   Rank-1: 42.00% | Rank-5: 76.00% | Rank-10: 80.00%| Rank-20: 86.00%| mAP: 44.09%| mINP: 31.82%
feature after BN:   Rank-1: 36.00% | Rank-5: 74.00% | Rank-10: 80.00%| Rank-20: 96.00%| mAP: 42.89%| mINP: 34.43%
Best Epoch [2]
==> Preparing Data Loader...
Epoch: [3][0/37] Time: 0.345 (0.345) lr:0.000224 base_lr:0.000022Loss: 8.1002 (8.1002) iLoss: 3.4357 (3.4357) CLoss: 0.2386 (0.2386) da_loss: 0.7226 (0.7226) dd_loss: 4.2814 (4.2814) Accu: 31.25
Test Epoch: 3
original feature:   Rank-1: 46.00% | Rank-5: 82.00% | Rank-10: 92.00%| Rank-20: 100.00%| mAP: 49.92%| mINP: 40.00%
feature after BN:   Rank-1: 44.00% | Rank-5: 86.00% | Rank-10: 98.00%| Rank-20: 100.00%| mAP: 52.12%| mINP: 42.63%
Best Epoch [3]
==> Preparing Data Loader...
Epoch: [4][0/37] Time: 0.337 (0.337) lr:0.000280 base_lr:0.000028Loss: 7.0342 (7.0342) iLoss: 2.7555 (2.7555) CLoss: 0.2846 (0.2846) da_loss: 0.6983 (0.6983) dd_loss: 3.8545 (3.8545) Accu: 56.25
Test Epoch: 4
original feature:   Rank-1: 46.00% | Rank-5: 82.00% | Rank-10: 90.00%| Rank-20: 94.00%| mAP: 55.09%| mINP: 48.82%
feature after BN:   Rank-1: 52.00% | Rank-5: 88.00% | Rank-10: 96.00%| Rank-20: 98.00%| mAP: 56.20%| mINP: 46.44%
Best Epoch [4]
==> Preparing Data Loader...
Epoch: [5][0/37] Time: 0.344 (0.344) lr:0.000336 base_lr:0.000034Loss: 5.2979 (5.2979) iLoss: 1.7058 (1.7058) CLoss: 0.1653 (0.1653) da_loss: 0.6294 (0.6294) dd_loss: 3.3009 (3.3009) Accu: 81.25
Test Epoch: 5
original feature:   Rank-1: 54.00% | Rank-5: 82.00% | Rank-10: 88.00%| Rank-20: 96.00%| mAP: 57.30%| mINP: 50.36%
feature after BN:   Rank-1: 52.00% | Rank-5: 82.00% | Rank-10: 92.00%| Rank-20: 94.00%| mAP: 58.44%| mINP: 50.88%
Best Epoch [5]
==> Preparing Data Loader...
Epoch: [6][0/37] Time: 0.323 (0.323) lr:0.000392 base_lr:0.000039Loss: 4.3321 (4.3321) iLoss: 0.9340 (0.9340) CLoss: 0.1257 (0.1257) da_loss: 0.6155 (0.6155) dd_loss: 3.1493 (3.1493) Accu: 87.50
Test Epoch: 6
original feature:   Rank-1: 60.00% | Rank-5: 82.00% | Rank-10: 94.00%| Rank-20: 96.00%| mAP: 62.23%| mINP: 54.85%
feature after BN:   Rank-1: 62.00% | Rank-5: 84.00% | Rank-10: 100.00%| Rank-20: 100.00%| mAP: 64.76%| mINP: 57.33%
Best Epoch [6]
==> Preparing Data Loader...
Epoch: [7][0/37] Time: 0.338 (0.338) lr:0.000449 base_lr:0.000045Loss: 3.6150 (3.6150) iLoss: 0.3872 (0.3872) CLoss: 0.0000 (0.0000) da_loss: 0.4855 (0.4855) dd_loss: 3.1306 (3.1306) Accu: 100.00
Test Epoch: 7
original feature:   Rank-1: 54.00% | Rank-5: 84.00% | Rank-10: 90.00%| Rank-20: 96.00%| mAP: 57.42%| mINP: 48.54%
feature after BN:   Rank-1: 54.00% | Rank-5: 84.00% | Rank-10: 98.00%| Rank-20: 98.00%| mAP: 61.54%| mINP: 54.44%
Best Epoch [6]
==> Preparing Data Loader...
Epoch: [8][0/37] Time: 0.343 (0.343) lr:0.000505 base_lr:0.000050Loss: 3.4362 (3.4362) iLoss: 0.3550 (0.3550) CLoss: 0.0012 (0.0012) da_loss: 0.5199 (0.5199) dd_loss: 2.9760 (2.9760) Accu: 100.00
Test Epoch: 8
original feature:   Rank-1: 58.00% | Rank-5: 90.00% | Rank-10: 94.00%| Rank-20: 100.00%| mAP: 61.24%| mINP: 50.90%
feature after BN:   Rank-1: 60.00% | Rank-5: 90.00% | Rank-10: 98.00%| Rank-20: 100.00%| mAP: 63.50%| mINP: 54.60%
Best Epoch [6]
==> Preparing Data Loader...
Epoch: [9][0/37] Time: 0.327 (0.327) lr:0.000561 base_lr:0.000056Loss: 3.5691 (3.5691) iLoss: 0.0805 (0.0805) CLoss: 0.0009 (0.0009) da_loss: 0.5325 (0.5325) dd_loss: 3.3812 (3.3812) Accu: 100.00
Test Epoch: 9
original feature:   Rank-1: 60.00% | Rank-5: 88.00% | Rank-10: 96.00%| Rank-20: 96.00%| mAP: 63.04%| mINP: 55.41%
feature after BN:   Rank-1: 60.00% | Rank-5: 90.00% | Rank-10: 96.00%| Rank-20: 98.00%| mAP: 62.13%| mINP: 53.34%
Best Epoch [6]
==> Preparing Data Loader...
Epoch: [10][0/37] Time: 0.348 (0.348) lr:0.000617 base_lr:0.000062Loss: 3.7983 (3.7983) iLoss: 0.2807 (0.2807) CLoss: 0.0279 (0.0279) da_loss: 0.5859 (0.5859) dd_loss: 3.3725 (3.3725) Accu: 93.75
Test Epoch: 10
original feature:   Rank-1: 52.00% | Rank-5: 88.00% | Rank-10: 92.00%| Rank-20: 96.00%| mAP: 60.07%| mINP: 52.12%
feature after BN:   Rank-1: 64.00% | Rank-5: 90.00% | Rank-10: 98.00%| Rank-20: 98.00%| mAP: 66.29%| mINP: 56.72%
Best Epoch [10]
==> Preparing Data Loader...
Epoch: [11][0/37] Time: 0.341 (0.341) lr:0.000674 base_lr:0.000067Loss: 3.4664 (3.4664) iLoss: 0.1184 (0.1184) CLoss: 0.0007 (0.0007) da_loss: 0.5267 (0.5267) dd_loss: 3.2419 (3.2419) Accu: 100.00
Test Epoch: 11
original feature:   Rank-1: 58.00% | Rank-5: 92.00% | Rank-10: 94.00%| Rank-20: 98.00%| mAP: 63.45%| mINP: 56.17%
feature after BN:   Rank-1: 60.00% | Rank-5: 92.00% | Rank-10: 96.00%| Rank-20: 96.00%| mAP: 63.02%| mINP: 53.60%
Best Epoch [10]
==> Preparing Data Loader...
Epoch: [12][0/37] Time: 0.336 (0.336) lr:0.000730 base_lr:0.000073Loss: 3.7049 (3.7049) iLoss: 0.2144 (0.2144) CLoss: 0.0925 (0.0925) da_loss: 0.5818 (0.5818) dd_loss: 3.2817 (3.2817) Accu: 100.00
Test Epoch: 12
original feature:   Rank-1: 58.00% | Rank-5: 88.00% | Rank-10: 92.00%| Rank-20: 96.00%| mAP: 61.48%| mINP: 53.60%
feature after BN:   Rank-1: 58.00% | Rank-5: 90.00% | Rank-10: 94.00%| Rank-20: 98.00%| mAP: 61.01%| mINP: 51.15%
Best Epoch [10]
==> Preparing Data Loader...
Epoch: [13][0/37] Time: 0.337 (0.337) lr:0.000786 base_lr:0.000079Loss: 3.4300 (3.4300) iLoss: 0.0856 (0.0856) CLoss: 0.0173 (0.0173) da_loss: 0.5975 (0.5975) dd_loss: 3.2076 (3.2076) Accu: 100.00
Test Epoch: 13
original feature:   Rank-1: 54.00% | Rank-5: 80.00% | Rank-10: 90.00%| Rank-20: 98.00%| mAP: 56.85%| mINP: 47.70%
feature after BN:   Rank-1: 58.00% | Rank-5: 86.00% | Rank-10: 96.00%| Rank-20: 98.00%| mAP: 61.62%| mINP: 53.01%
Best Epoch [10]
==> Preparing Data Loader...
Epoch: [14][0/37] Time: 0.336 (0.336) lr:0.000842 base_lr:0.000084Loss: 4.3258 (4.3258) iLoss: 0.6265 (0.6265) CLoss: 0.0531 (0.0531) da_loss: 0.6186 (0.6186) dd_loss: 3.5225 (3.5225) Accu: 68.75
Test Epoch: 14
original feature:   Rank-1: 52.00% | Rank-5: 78.00% | Rank-10: 86.00%| Rank-20: 94.00%| mAP: 54.24%| mINP: 45.59%
feature after BN:   Rank-1: 54.00% | Rank-5: 80.00% | Rank-10: 90.00%| Rank-20: 94.00%| mAP: 54.74%| mINP: 44.54%
Best Epoch [10]
==> Preparing Data Loader...
Epoch: [15][0/37] Time: 0.338 (0.338) lr:0.000898 base_lr:0.000090Loss: 4.2428 (4.2428) iLoss: 0.2763 (0.2763) CLoss: 0.0986 (0.0986) da_loss: 0.6461 (0.6461) dd_loss: 3.7387 (3.7387) Accu: 93.75
Test Epoch: 15
original feature:   Rank-1: 56.00% | Rank-5: 88.00% | Rank-10: 94.00%| Rank-20: 96.00%| mAP: 64.64%| mINP: 57.72%
feature after BN:   Rank-1: 66.00% | Rank-5: 82.00% | Rank-10: 96.00%| Rank-20: 98.00%| mAP: 64.90%| mINP: 55.56%
Best Epoch [15]
==> Preparing Data Loader...
Epoch: [16][0/37] Time: 0.344 (0.344) lr:0.000890 base_lr:0.000089Loss: 4.0008 (4.0008) iLoss: 0.1851 (0.1851) CLoss: 0.0186 (0.0186) da_loss: 0.6382 (0.6382) dd_loss: 3.6694 (3.6694) Accu: 100.00
Test Epoch: 16
original feature:   Rank-1: 48.00% | Rank-5: 88.00% | Rank-10: 96.00%| Rank-20: 98.00%| mAP: 55.85%| mINP: 46.68%
feature after BN:   Rank-1: 48.00% | Rank-5: 86.00% | Rank-10: 92.00%| Rank-20: 98.00%| mAP: 55.83%| mINP: 48.25%
Best Epoch [15]
==> Preparing Data Loader...
Epoch: [17][0/37] Time: 0.345 (0.345) lr:0.000879 base_lr:0.000088Loss: 3.8635 (3.8635) iLoss: 0.0622 (0.0622) CLoss: 0.0416 (0.0416) da_loss: 0.6326 (0.6326) dd_loss: 3.6332 (3.6332) Accu: 100.00
Test Epoch: 17
original feature:   Rank-1: 62.00% | Rank-5: 88.00% | Rank-10: 96.00%| Rank-20: 98.00%| mAP: 65.39%| mINP: 58.14%
feature after BN:   Rank-1: 60.00% | Rank-5: 96.00% | Rank-10: 98.00%| Rank-20: 100.00%| mAP: 64.24%| mINP: 54.97%
Best Epoch [15]
==> Preparing Data Loader...
Epoch: [18][0/37] Time: 0.338 (0.338) lr:0.000868 base_lr:0.000087Loss: 4.0822 (4.0822) iLoss: 0.1012 (0.1012) CLoss: 0.1632 (0.1632) da_loss: 0.5956 (0.5956) dd_loss: 3.6987 (3.6987) Accu: 100.00
Test Epoch: 18
original feature:   Rank-1: 56.00% | Rank-5: 86.00% | Rank-10: 96.00%| Rank-20: 98.00%| mAP: 58.77%| mINP: 49.46%
feature after BN:   Rank-1: 50.00% | Rank-5: 90.00% | Rank-10: 98.00%| Rank-20: 98.00%| mAP: 59.93%| mINP: 53.03%
Best Epoch [15]
==> Preparing Data Loader...
Epoch: [19][0/37] Time: 0.332 (0.332) lr:0.000857 base_lr:0.000086Loss: 4.2082 (4.2082) iLoss: 0.0594 (0.0594) CLoss: 0.0256 (0.0256) da_loss: 0.6221 (0.6221) dd_loss: 3.9987 (3.9987) Accu: 100.00
Test Epoch: 19
original feature:   Rank-1: 54.00% | Rank-5: 84.00% | Rank-10: 94.00%| Rank-20: 98.00%| mAP: 56.66%| mINP: 45.97%
feature after BN:   Rank-1: 52.00% | Rank-5: 80.00% | Rank-10: 90.00%| Rank-20: 100.00%| mAP: 57.24%| mINP: 49.49%
Best Epoch [15]
==> Preparing Data Loader...
Epoch: [20][0/37] Time: 0.338 (0.338) lr:0.000847 base_lr:0.000085Loss: 3.8121 (3.8121) iLoss: 0.0182 (0.0182) CLoss: 0.0124 (0.0124) da_loss: 0.5900 (0.5900) dd_loss: 3.6635 (3.6635) Accu: 100.00
Test Epoch: 20
original feature:   Rank-1: 66.00% | Rank-5: 92.00% | Rank-10: 98.00%| Rank-20: 100.00%| mAP: 66.97%| mINP: 57.17%
feature after BN:   Rank-1: 64.00% | Rank-5: 92.00% | Rank-10: 100.00%| Rank-20: 100.00%| mAP: 67.00%| mINP: 57.56%
Best Epoch [15]
==> Preparing Data Loader...
Epoch: [21][0/37] Time: 0.338 (0.338) lr:0.000836 base_lr:0.000084Loss: 3.6197 (3.6197) iLoss: 0.0318 (0.0318) CLoss: 0.0337 (0.0337) da_loss: 0.5794 (0.5794) dd_loss: 3.4384 (3.4384) Accu: 100.00
Test Epoch: 21
original feature:   Rank-1: 64.00% | Rank-5: 88.00% | Rank-10: 94.00%| Rank-20: 100.00%| mAP: 64.23%| mINP: 53.90%
feature after BN:   Rank-1: 66.00% | Rank-5: 92.00% | Rank-10: 96.00%| Rank-20: 100.00%| mAP: 65.91%| mINP: 55.14%
Best Epoch [21]
==> Preparing Data Loader...
Epoch: [22][0/37] Time: 0.360 (0.360) lr:0.000825 base_lr:0.000083Loss: 3.3788 (3.3788) iLoss: 0.0043 (0.0043) CLoss: 0.0011 (0.0011) da_loss: 0.5460 (0.5460) dd_loss: 3.2642 (3.2642) Accu: 100.00
Test Epoch: 22
original feature:   Rank-1: 62.00% | Rank-5: 90.00% | Rank-10: 100.00%| Rank-20: 100.00%| mAP: 63.57%| mINP: 52.19%
feature after BN:   Rank-1: 60.00% | Rank-5: 90.00% | Rank-10: 98.00%| Rank-20: 100.00%| mAP: 65.68%| mINP: 57.25%
Best Epoch [21]
==> Preparing Data Loader...
Epoch: [23][0/37] Time: 0.339 (0.339) lr:0.000815 base_lr:0.000081Loss: 3.5726 (3.5726) iLoss: 0.0322 (0.0322) CLoss: 0.0001 (0.0001) da_loss: 0.5814 (0.5814) dd_loss: 3.4240 (3.4240) Accu: 100.00
Test Epoch: 23
original feature:   Rank-1: 54.00% | Rank-5: 92.00% | Rank-10: 98.00%| Rank-20: 98.00%| mAP: 59.80%| mINP: 49.96%
feature after BN:   Rank-1: 60.00% | Rank-5: 92.00% | Rank-10: 100.00%| Rank-20: 100.00%| mAP: 66.31%| mINP: 58.41%
Best Epoch [21]
==> Preparing Data Loader...
Epoch: [24][0/37] Time: 0.344 (0.344) lr:0.000804 base_lr:0.000080Loss: 3.1856 (3.1856) iLoss: 0.0091 (0.0091) CLoss: 0.0002 (0.0002) da_loss: 0.5508 (0.5508) dd_loss: 3.0661 (3.0661) Accu: 100.00
Test Epoch: 24
original feature:   Rank-1: 68.00% | Rank-5: 90.00% | Rank-10: 98.00%| Rank-20: 98.00%| mAP: 69.97%| mINP: 62.06%
feature after BN:   Rank-1: 74.00% | Rank-5: 92.00% | Rank-10: 98.00%| Rank-20: 100.00%| mAP: 73.25%| mINP: 63.84%
Best Epoch [24]
==> Preparing Data Loader...
Epoch: [25][0/37] Time: 0.346 (0.346) lr:0.000793 base_lr:0.000079Loss: 3.1976 (3.1976) iLoss: 0.0138 (0.0138) CLoss: 0.0001 (0.0001) da_loss: 0.5211 (0.5211) dd_loss: 3.0795 (3.0795) Accu: 100.00
Test Epoch: 25
original feature:   Rank-1: 68.00% | Rank-5: 96.00% | Rank-10: 96.00%| Rank-20: 100.00%| mAP: 69.71%| mINP: 60.76%
feature after BN:   Rank-1: 62.00% | Rank-5: 90.00% | Rank-10: 98.00%| Rank-20: 98.00%| mAP: 67.40%| mINP: 61.34%
Best Epoch [24]
==> Preparing Data Loader...
Epoch: [26][0/37] Time: 0.324 (0.324) lr:0.000782 base_lr:0.000078Loss: 3.3072 (3.3072) iLoss: 0.0184 (0.0184) CLoss: 0.0000 (0.0000) da_loss: 0.5530 (0.5530) dd_loss: 3.1783 (3.1783) Accu: 100.00
Test Epoch: 26
original feature:   Rank-1: 66.00% | Rank-5: 94.00% | Rank-10: 98.00%| Rank-20: 100.00%| mAP: 70.84%| mINP: 65.27%
feature after BN:   Rank-1: 68.00% | Rank-5: 94.00% | Rank-10: 100.00%| Rank-20: 100.00%| mAP: 73.87%| mINP: 69.14%
Best Epoch [24]
==> Preparing Data Loader...
Epoch: [27][0/37] Time: 0.355 (0.355) lr:0.000772 base_lr:0.000077Loss: 3.3591 (3.3591) iLoss: 0.0140 (0.0140) CLoss: 0.0000 (0.0000) da_loss: 0.4921 (0.4921) dd_loss: 3.2467 (3.2467) Accu: 100.00
Test Epoch: 27
original feature:   Rank-1: 64.00% | Rank-5: 96.00% | Rank-10: 98.00%| Rank-20: 100.00%| mAP: 69.00%| mINP: 61.52%
feature after BN:   Rank-1: 68.00% | Rank-5: 92.00% | Rank-10: 100.00%| Rank-20: 100.00%| mAP: 72.15%| mINP: 65.85%
Best Epoch [24]
==> Preparing Data Loader...
Epoch: [28][0/37] Time: 0.338 (0.338) lr:0.000761 base_lr:0.000076Loss: 3.3052 (3.3052) iLoss: 0.0030 (0.0030) CLoss: 0.0000 (0.0000) da_loss: 0.4765 (0.4765) dd_loss: 3.2069 (3.2069) Accu: 100.00
Test Epoch: 28
original feature:   Rank-1: 72.00% | Rank-5: 96.00% | Rank-10: 98.00%| Rank-20: 100.00%| mAP: 74.66%| mINP: 67.93%
feature after BN:   Rank-1: 76.00% | Rank-5: 98.00% | Rank-10: 100.00%| Rank-20: 100.00%| mAP: 76.41%| mINP: 68.14%
Best Epoch [28]
==> Preparing Data Loader...
Epoch: [29][0/37] Time: 0.334 (0.334) lr:0.000750 base_lr:0.000075Loss: 3.4464 (3.4464) iLoss: 0.0062 (0.0062) CLoss: 0.0000 (0.0000) da_loss: 0.4662 (0.4662) dd_loss: 3.3469 (3.3469) Accu: 100.00
Test Epoch: 29
original feature:   Rank-1: 66.00% | Rank-5: 90.00% | Rank-10: 96.00%| Rank-20: 100.00%| mAP: 69.00%| mINP: 61.75%
feature after BN:   Rank-1: 70.00% | Rank-5: 96.00% | Rank-10: 100.00%| Rank-20: 100.00%| mAP: 72.33%| mINP: 64.37%
Best Epoch [28]
==> Preparing Data Loader...
Epoch: [30][0/37] Time: 0.366 (0.366) lr:0.000740 base_lr:0.000074Loss: 3.2430 (3.2430) iLoss: 0.0109 (0.0109) CLoss: 0.0000 (0.0000) da_loss: 0.4693 (0.4693) dd_loss: 3.1383 (3.1383) Accu: 100.00
Test Epoch: 30
original feature:   Rank-1: 64.00% | Rank-5: 92.00% | Rank-10: 96.00%| Rank-20: 100.00%| mAP: 70.12%| mINP: 64.38%
feature after BN:   Rank-1: 72.00% | Rank-5: 94.00% | Rank-10: 98.00%| Rank-20: 100.00%| mAP: 73.30%| mINP: 65.35%
Best Epoch [28]
==> Preparing Data Loader...
Epoch: [31][0/37] Time: 0.342 (0.342) lr:0.000729 base_lr:0.000073Loss: 3.3291 (3.3291) iLoss: 0.0033 (0.0033) CLoss: 0.0000 (0.0000) da_loss: 0.4891 (0.4891) dd_loss: 3.2280 (3.2280) Accu: 100.00
Test Epoch: 31
original feature:   Rank-1: 66.00% | Rank-5: 96.00% | Rank-10: 96.00%| Rank-20: 100.00%| mAP: 70.60%| mINP: 64.48%
feature after BN:   Rank-1: 74.00% | Rank-5: 94.00% | Rank-10: 100.00%| Rank-20: 100.00%| mAP: 75.74%| mINP: 68.15%
Best Epoch [28]
==> Preparing Data Loader...
Epoch: [32][0/37] Time: 0.349 (0.349) lr:0.000718 base_lr:0.000072Loss: 2.7318 (2.7318) iLoss: 0.0077 (0.0077) CLoss: 0.0000 (0.0000) da_loss: 0.4299 (0.4299) dd_loss: 2.6381 (2.6381) Accu: 100.00
Test Epoch: 32
original feature:   Rank-1: 66.00% | Rank-5: 94.00% | Rank-10: 100.00%| Rank-20: 100.00%| mAP: 71.73%| mINP: 65.67%
feature after BN:   Rank-1: 72.00% | Rank-5: 98.00% | Rank-10: 98.00%| Rank-20: 100.00%| mAP: 76.33%| mINP: 69.27%
Best Epoch [28]
==> Preparing Data Loader...
Epoch: [33][0/37] Time: 0.293 (0.293) lr:0.000707 base_lr:0.000071Loss: 2.6709 (2.6709) iLoss: 0.0067 (0.0067) CLoss: 0.0000 (0.0000) da_loss: 0.4181 (0.4181) dd_loss: 2.5805 (2.5805) Accu: 100.00
Test Epoch: 33
original feature:   Rank-1: 66.00% | Rank-5: 94.00% | Rank-10: 98.00%| Rank-20: 98.00%| mAP: 73.01%| mINP: 66.86%
feature after BN:   Rank-1: 68.00% | Rank-5: 98.00% | Rank-10: 98.00%| Rank-20: 98.00%| mAP: 74.05%| mINP: 67.80%
Best Epoch [28]
==> Preparing Data Loader...
Epoch: [34][0/37] Time: 0.336 (0.336) lr:0.000697 base_lr:0.000070Loss: 2.8654 (2.8654) iLoss: 0.0021 (0.0021) CLoss: 0.0000 (0.0000) da_loss: 0.3932 (0.3932) dd_loss: 2.7847 (2.7847) Accu: 100.00
Test Epoch: 34
original feature:   Rank-1: 62.00% | Rank-5: 96.00% | Rank-10: 100.00%| Rank-20: 100.00%| mAP: 69.89%| mINP: 63.79%
feature after BN:   Rank-1: 66.00% | Rank-5: 96.00% | Rank-10: 100.00%| Rank-20: 100.00%| mAP: 71.90%| mINP: 65.76%
Best Epoch [28]
==> Preparing Data Loader...
Epoch: [35][0/37] Time: 0.341 (0.341) lr:0.000686 base_lr:0.000069Loss: 2.5633 (2.5633) iLoss: 0.0051 (0.0051) CLoss: 0.0000 (0.0000) da_loss: 0.3497 (0.3497) dd_loss: 2.4882 (2.4882) Accu: 100.00
Test Epoch: 35
original feature:   Rank-1: 66.00% | Rank-5: 92.00% | Rank-10: 98.00%| Rank-20: 100.00%| mAP: 70.55%| mINP: 63.47%
feature after BN:   Rank-1: 80.00% | Rank-5: 96.00% | Rank-10: 98.00%| Rank-20: 100.00%| mAP: 78.49%| mINP: 70.45%
Best Epoch [35]
==> Preparing Data Loader...
Epoch: [36][0/37] Time: 0.358 (0.358) lr:0.000675 base_lr:0.000068Loss: 2.8835 (2.8835) iLoss: 0.0049 (0.0049) CLoss: 0.0000 (0.0000) da_loss: 0.4108 (0.4108) dd_loss: 2.7965 (2.7965) Accu: 100.00
Test Epoch: 36
original feature:   Rank-1: 72.00% | Rank-5: 96.00% | Rank-10: 98.00%| Rank-20: 100.00%| mAP: 72.95%| mINP: 64.51%
feature after BN:   Rank-1: 76.00% | Rank-5: 96.00% | Rank-10: 98.00%| Rank-20: 100.00%| mAP: 75.15%| mINP: 67.02%
Best Epoch [35]
==> Preparing Data Loader...
Epoch: [37][0/37] Time: 0.354 (0.354) lr:0.000665 base_lr:0.000066Loss: 2.4926 (2.4926) iLoss: 0.0019 (0.0019) CLoss: 0.0000 (0.0000) da_loss: 0.3957 (0.3957) dd_loss: 2.4116 (2.4116) Accu: 100.00
Test Epoch: 37
original feature:   Rank-1: 76.00% | Rank-5: 96.00% | Rank-10: 98.00%| Rank-20: 100.00%| mAP: 75.96%| mINP: 68.78%
feature after BN:   Rank-1: 78.00% | Rank-5: 96.00% | Rank-10: 100.00%| Rank-20: 100.00%| mAP: 77.70%| mINP: 70.16%
Best Epoch [35]
==> Preparing Data Loader...
Epoch: [38][0/37] Time: 0.313 (0.313) lr:0.000654 base_lr:0.000065Loss: 2.7276 (2.7276) iLoss: 0.0053 (0.0053) CLoss: 0.0001 (0.0001) da_loss: 0.4083 (0.4083) dd_loss: 2.6405 (2.6405) Accu: 100.00
Test Epoch: 38
original feature:   Rank-1: 74.00% | Rank-5: 94.00% | Rank-10: 98.00%| Rank-20: 100.00%| mAP: 76.46%| mINP: 69.66%
feature after BN:   Rank-1: 74.00% | Rank-5: 98.00% | Rank-10: 98.00%| Rank-20: 100.00%| mAP: 76.78%| mINP: 69.34%
Best Epoch [35]
==> Preparing Data Loader...
Epoch: [39][0/37] Time: 0.338 (0.338) lr:0.000643 base_lr:0.000064Loss: 2.8282 (2.8282) iLoss: 0.0057 (0.0057) CLoss: 0.0000 (0.0000) da_loss: 0.3620 (0.3620) dd_loss: 2.7501 (2.7501) Accu: 100.00
Test Epoch: 39
original feature:   Rank-1: 74.00% | Rank-5: 94.00% | Rank-10: 98.00%| Rank-20: 100.00%| mAP: 74.92%| mINP: 66.86%
feature after BN:   Rank-1: 74.00% | Rank-5: 96.00% | Rank-10: 98.00%| Rank-20: 100.00%| mAP: 75.75%| mINP: 67.83%
Best Epoch [35]
==> Preparing Data Loader...
Epoch: [40][0/37] Time: 0.333 (0.333) lr:0.000632 base_lr:0.000063Loss: 2.5307 (2.5307) iLoss: 0.0042 (0.0042) CLoss: 0.0000 (0.0000) da_loss: 0.3821 (0.3821) dd_loss: 2.4501 (2.4501) Accu: 100.00
Test Epoch: 40
original feature:   Rank-1: 70.00% | Rank-5: 96.00% | Rank-10: 98.00%| Rank-20: 100.00%| mAP: 76.27%| mINP: 71.47%
feature after BN:   Rank-1: 72.00% | Rank-5: 98.00% | Rank-10: 100.00%| Rank-20: 100.00%| mAP: 76.50%| mINP: 70.67%
Best Epoch [35]
==> Preparing Data Loader...
Epoch: [41][0/37] Time: 0.328 (0.328) lr:0.000622 base_lr:0.000062Loss: 2.6811 (2.6811) iLoss: 0.0072 (0.0072) CLoss: 0.0000 (0.0000) da_loss: 0.3586 (0.3586) dd_loss: 2.6022 (2.6022) Accu: 100.00
Test Epoch: 41
original feature:   Rank-1: 70.00% | Rank-5: 96.00% | Rank-10: 98.00%| Rank-20: 100.00%| mAP: 73.53%| mINP: 66.91%
feature after BN:   Rank-1: 72.00% | Rank-5: 96.00% | Rank-10: 100.00%| Rank-20: 100.00%| mAP: 77.40%| mINP: 72.19%
Best Epoch [35]
==> Preparing Data Loader...
Epoch: [42][0/37] Time: 0.336 (0.336) lr:0.000611 base_lr:0.000061Loss: 2.6923 (2.6923) iLoss: 0.0029 (0.0029) CLoss: 0.0000 (0.0000) da_loss: 0.3546 (0.3546) dd_loss: 2.6186 (2.6186) Accu: 100.00
Test Epoch: 42
original feature:   Rank-1: 66.00% | Rank-5: 96.00% | Rank-10: 98.00%| Rank-20: 98.00%| mAP: 72.90%| mINP: 67.25%
feature after BN:   Rank-1: 70.00% | Rank-5: 98.00% | Rank-10: 98.00%| Rank-20: 100.00%| mAP: 72.85%| mINP: 65.32%
Best Epoch [35]
==> Preparing Data Loader...
Epoch: [43][0/37] Time: 0.338 (0.338) lr:0.000600 base_lr:0.000060Loss: 2.6338 (2.6338) iLoss: 0.0083 (0.0083) CLoss: 0.0001 (0.0001) da_loss: 0.4275 (0.4275) dd_loss: 2.5399 (2.5399) Accu: 100.00
Test Epoch: 43
original feature:   Rank-1: 62.00% | Rank-5: 96.00% | Rank-10: 98.00%| Rank-20: 100.00%| mAP: 69.33%| mINP: 63.48%
feature after BN:   Rank-1: 68.00% | Rank-5: 98.00% | Rank-10: 98.00%| Rank-20: 100.00%| mAP: 73.07%| mINP: 64.80%
Best Epoch [35]
==> Preparing Data Loader...
Epoch: [44][0/37] Time: 0.328 (0.328) lr:0.000590 base_lr:0.000059Loss: 2.8289 (2.8289) iLoss: 0.0044 (0.0044) CLoss: 0.0000 (0.0000) da_loss: 0.3599 (0.3599) dd_loss: 2.7525 (2.7525) Accu: 100.00
Test Epoch: 44
original feature:   Rank-1: 70.00% | Rank-5: 98.00% | Rank-10: 100.00%| Rank-20: 100.00%| mAP: 74.30%| mINP: 67.54%
feature after BN:   Rank-1: 72.00% | Rank-5: 100.00% | Rank-10: 100.00%| Rank-20: 100.00%| mAP: 77.70%| mINP: 70.57%
Best Epoch [35]
==> Preparing Data Loader...
Epoch: [45][0/37] Time: 0.341 (0.341) lr:0.000579 base_lr:0.000058Loss: 2.7832 (2.7832) iLoss: 0.0034 (0.0034) CLoss: 0.0000 (0.0000) da_loss: 0.3650 (0.3650) dd_loss: 2.7068 (2.7068) Accu: 100.00
Test Epoch: 45
original feature:   Rank-1: 66.00% | Rank-5: 96.00% | Rank-10: 98.00%| Rank-20: 100.00%| mAP: 73.08%| mINP: 66.94%
feature after BN:   Rank-1: 76.00% | Rank-5: 98.00% | Rank-10: 98.00%| Rank-20: 100.00%| mAP: 78.54%| mINP: 70.90%
Best Epoch [35]
==> Preparing Data Loader...
Epoch: [46][0/37] Time: 0.339 (0.339) lr:0.000568 base_lr:0.000057Loss: 2.6519 (2.6519) iLoss: 0.0035 (0.0035) CLoss: 0.0000 (0.0000) da_loss: 0.3462 (0.3462) dd_loss: 2.5792 (2.5792) Accu: 100.00
Test Epoch: 46
original feature:   Rank-1: 82.00% | Rank-5: 92.00% | Rank-10: 98.00%| Rank-20: 100.00%| mAP: 77.74%| mINP: 69.17%
feature after BN:   Rank-1: 78.00% | Rank-5: 98.00% | Rank-10: 100.00%| Rank-20: 100.00%| mAP: 78.44%| mINP: 70.63%
Best Epoch [35]
==> Preparing Data Loader...
Epoch: [47][0/37] Time: 0.356 (0.356) lr:0.000557 base_lr:0.000056Loss: 2.5569 (2.5569) iLoss: 0.0035 (0.0035) CLoss: 0.0000 (0.0000) da_loss: 0.3348 (0.3348) dd_loss: 2.4864 (2.4864) Accu: 100.00
Test Epoch: 47
original feature:   Rank-1: 80.00% | Rank-5: 92.00% | Rank-10: 96.00%| Rank-20: 100.00%| mAP: 77.38%| mINP: 69.82%
feature after BN:   Rank-1: 78.00% | Rank-5: 98.00% | Rank-10: 100.00%| Rank-20: 100.00%| mAP: 78.82%| mINP: 71.96%
Best Epoch [35]
==> Preparing Data Loader...
Epoch: [48][0/37] Time: 0.343 (0.343) lr:0.000547 base_lr:0.000055Loss: 2.3897 (2.3897) iLoss: 0.0027 (0.0027) CLoss: 0.0000 (0.0000) da_loss: 0.3230 (0.3230) dd_loss: 2.3224 (2.3224) Accu: 100.00
Test Epoch: 48
original feature:   Rank-1: 72.00% | Rank-5: 92.00% | Rank-10: 98.00%| Rank-20: 100.00%| mAP: 73.78%| mINP: 66.06%
feature after BN:   Rank-1: 74.00% | Rank-5: 98.00% | Rank-10: 100.00%| Rank-20: 100.00%| mAP: 75.72%| mINP: 66.98%
Best Epoch [35]
==> Preparing Data Loader...
Epoch: [49][0/37] Time: 0.335 (0.335) lr:0.000536 base_lr:0.000054Loss: 2.5964 (2.5964) iLoss: 0.0029 (0.0029) CLoss: 0.0000 (0.0000) da_loss: 0.3221 (0.3221) dd_loss: 2.5291 (2.5291) Accu: 100.00
Test Epoch: 49
original feature:   Rank-1: 76.00% | Rank-5: 92.00% | Rank-10: 96.00%| Rank-20: 98.00%| mAP: 76.29%| mINP: 69.25%
feature after BN:   Rank-1: 76.00% | Rank-5: 98.00% | Rank-10: 98.00%| Rank-20: 100.00%| mAP: 78.95%| mINP: 71.91%
Best Epoch [35]
==> Preparing Data Loader...
Epoch: [50][0/37] Time: 0.329 (0.329) lr:0.000525 base_lr:0.000053Loss: 2.3373 (2.3373) iLoss: 0.0018 (0.0018) CLoss: 0.0000 (0.0000) da_loss: 0.3352 (0.3352) dd_loss: 2.2685 (2.2685) Accu: 100.00
Test Epoch: 50
original feature:   Rank-1: 78.00% | Rank-5: 94.00% | Rank-10: 98.00%| Rank-20: 100.00%| mAP: 76.84%| mINP: 69.23%
feature after BN:   Rank-1: 74.00% | Rank-5: 98.00% | Rank-10: 98.00%| Rank-20: 100.00%| mAP: 76.68%| mINP: 68.97%
Best Epoch [35]
==> Preparing Data Loader...
Epoch: [51][0/37] Time: 0.340 (0.340) lr:0.000515 base_lr:0.000051Loss: 2.5879 (2.5879) iLoss: 0.0047 (0.0047) CLoss: 0.0000 (0.0000) da_loss: 0.3677 (0.3677) dd_loss: 2.5097 (2.5097) Accu: 100.00
Test Epoch: 51
original feature:   Rank-1: 74.00% | Rank-5: 98.00% | Rank-10: 98.00%| Rank-20: 100.00%| mAP: 73.92%| mINP: 66.63%
feature after BN:   Rank-1: 72.00% | Rank-5: 98.00% | Rank-10: 98.00%| Rank-20: 100.00%| mAP: 77.75%| mINP: 72.21%
Best Epoch [35]
==> Preparing Data Loader...
Epoch: [52][0/37] Time: 0.338 (0.338) lr:0.000504 base_lr:0.000050Loss: 2.3914 (2.3914) iLoss: 0.0026 (0.0026) CLoss: 0.0000 (0.0000) da_loss: 0.3338 (0.3338) dd_loss: 2.3221 (2.3221) Accu: 100.00
Test Epoch: 52
original feature:   Rank-1: 72.00% | Rank-5: 94.00% | Rank-10: 98.00%| Rank-20: 100.00%| mAP: 74.84%| mINP: 67.70%
feature after BN:   Rank-1: 72.00% | Rank-5: 96.00% | Rank-10: 100.00%| Rank-20: 100.00%| mAP: 75.96%| mINP: 69.84%
Best Epoch [35]
==> Preparing Data Loader...
Epoch: [53][0/37] Time: 0.333 (0.333) lr:0.000493 base_lr:0.000049Loss: 2.4928 (2.4928) iLoss: 0.0043 (0.0043) CLoss: 0.0000 (0.0000) da_loss: 0.3238 (0.3238) dd_loss: 2.4237 (2.4237) Accu: 100.00
Test Epoch: 53
original feature:   Rank-1: 78.00% | Rank-5: 94.00% | Rank-10: 98.00%| Rank-20: 100.00%| mAP: 77.45%| mINP: 69.68%
feature after BN:   Rank-1: 76.00% | Rank-5: 100.00% | Rank-10: 100.00%| Rank-20: 100.00%| mAP: 79.33%| mINP: 73.35%
Best Epoch [35]
==> Preparing Data Loader...
Epoch: [54][0/37] Time: 0.340 (0.340) lr:0.000482 base_lr:0.000048Loss: 2.3205 (2.3205) iLoss: 0.0039 (0.0039) CLoss: 0.0000 (0.0000) da_loss: 0.3328 (0.3328) dd_loss: 2.2501 (2.2501) Accu: 100.00
Test Epoch: 54
original feature:   Rank-1: 74.00% | Rank-5: 96.00% | Rank-10: 100.00%| Rank-20: 100.00%| mAP: 77.23%| mINP: 70.72%
feature after BN:   Rank-1: 74.00% | Rank-5: 100.00% | Rank-10: 100.00%| Rank-20: 100.00%| mAP: 78.93%| mINP: 73.46%
Best Epoch [35]
==> Preparing Data Loader...
Epoch: [55][0/37] Time: 0.249 (0.249) lr:0.000472 base_lr:0.000047Loss: 2.3964 (2.3964) iLoss: 0.0039 (0.0039) CLoss: 0.0000 (0.0000) da_loss: 0.3280 (0.3280) dd_loss: 2.3269 (2.3269) Accu: 100.00
Test Epoch: 55
original feature:   Rank-1: 74.00% | Rank-5: 96.00% | Rank-10: 100.00%| Rank-20: 100.00%| mAP: 77.42%| mINP: 70.35%
feature after BN:   Rank-1: 80.00% | Rank-5: 96.00% | Rank-10: 100.00%| Rank-20: 100.00%| mAP: 79.66%| mINP: 71.98%
Best Epoch [55]
==> Preparing Data Loader...
Epoch: [56][0/37] Time: 0.338 (0.338) lr:0.000461 base_lr:0.000046Loss: 2.4967 (2.4967) iLoss: 0.0028 (0.0028) CLoss: 0.0000 (0.0000) da_loss: 0.3601 (0.3601) dd_loss: 2.4219 (2.4219) Accu: 100.00
Test Epoch: 56
original feature:   Rank-1: 72.00% | Rank-5: 94.00% | Rank-10: 98.00%| Rank-20: 100.00%| mAP: 75.62%| mINP: 70.03%
feature after BN:   Rank-1: 78.00% | Rank-5: 96.00% | Rank-10: 100.00%| Rank-20: 100.00%| mAP: 77.86%| mINP: 69.80%
Best Epoch [55]
==> Preparing Data Loader...
Epoch: [57][0/37] Time: 0.342 (0.342) lr:0.000450 base_lr:0.000045Loss: 2.3702 (2.3702) iLoss: 0.0051 (0.0051) CLoss: 0.0000 (0.0000) da_loss: 0.3093 (0.3093) dd_loss: 2.3032 (2.3032) Accu: 100.00
Test Epoch: 57
original feature:   Rank-1: 72.00% | Rank-5: 96.00% | Rank-10: 98.00%| Rank-20: 100.00%| mAP: 75.46%| mINP: 69.69%
feature after BN:   Rank-1: 74.00% | Rank-5: 96.00% | Rank-10: 100.00%| Rank-20: 100.00%| mAP: 77.43%| mINP: 71.81%
Best Epoch [55]
==> Preparing Data Loader...
Epoch: [58][0/37] Time: 0.333 (0.333) lr:0.000440 base_lr:0.000044Loss: 2.3311 (2.3311) iLoss: 0.0019 (0.0019) CLoss: 0.0000 (0.0000) da_loss: 0.3372 (0.3372) dd_loss: 2.2617 (2.2617) Accu: 100.00
Test Epoch: 58
original feature:   Rank-1: 76.00% | Rank-5: 96.00% | Rank-10: 100.00%| Rank-20: 100.00%| mAP: 78.14%| mINP: 72.60%
feature after BN:   Rank-1: 78.00% | Rank-5: 98.00% | Rank-10: 100.00%| Rank-20: 100.00%| mAP: 79.66%| mINP: 72.99%
Best Epoch [55]
==> Preparing Data Loader...
Epoch: [59][0/37] Time: 0.339 (0.339) lr:0.000429 base_lr:0.000043Loss: 2.3200 (2.3200) iLoss: 0.0021 (0.0021) CLoss: 0.0000 (0.0000) da_loss: 0.3024 (0.3024) dd_loss: 2.2574 (2.2574) Accu: 100.00
Test Epoch: 59
original feature:   Rank-1: 78.00% | Rank-5: 96.00% | Rank-10: 98.00%| Rank-20: 100.00%| mAP: 78.14%| mINP: 71.24%
feature after BN:   Rank-1: 76.00% | Rank-5: 98.00% | Rank-10: 100.00%| Rank-20: 100.00%| mAP: 78.77%| mINP: 71.98%
Best Epoch [55]
==> Preparing Data Loader...
Epoch: [60][0/37] Time: 0.333 (0.333) lr:0.000418 base_lr:0.000042Loss: 2.3222 (2.3222) iLoss: 0.0013 (0.0013) CLoss: 0.0000 (0.0000) da_loss: 0.3049 (0.3049) dd_loss: 2.2600 (2.2600) Accu: 100.00
Test Epoch: 60
original feature:   Rank-1: 72.00% | Rank-5: 94.00% | Rank-10: 98.00%| Rank-20: 100.00%| mAP: 76.44%| mINP: 71.18%
feature after BN:   Rank-1: 80.00% | Rank-5: 96.00% | Rank-10: 98.00%| Rank-20: 100.00%| mAP: 79.46%| mINP: 71.40%
Best Epoch [60]
==> Preparing Data Loader...
Epoch: [61][0/37] Time: 0.328 (0.328) lr:0.000407 base_lr:0.000041Loss: 2.4558 (2.4558) iLoss: 0.0020 (0.0020) CLoss: 0.0000 (0.0000) da_loss: 0.3268 (0.3268) dd_loss: 2.3885 (2.3885) Accu: 100.00
Test Epoch: 61
original feature:   Rank-1: 74.00% | Rank-5: 96.00% | Rank-10: 98.00%| Rank-20: 100.00%| mAP: 77.67%| mINP: 72.09%
feature after BN:   Rank-1: 80.00% | Rank-5: 98.00% | Rank-10: 100.00%| Rank-20: 100.00%| mAP: 78.78%| mINP: 70.66%
Best Epoch [61]
==> Preparing Data Loader...
Epoch: [62][0/37] Time: 0.353 (0.353) lr:0.000397 base_lr:0.000040Loss: 2.3523 (2.3523) iLoss: 0.0031 (0.0031) CLoss: 0.0000 (0.0000) da_loss: 0.3563 (0.3563) dd_loss: 2.2780 (2.2780) Accu: 100.00
Test Epoch: 62
original feature:   Rank-1: 72.00% | Rank-5: 96.00% | Rank-10: 98.00%| Rank-20: 100.00%| mAP: 76.87%| mINP: 71.82%
feature after BN:   Rank-1: 82.00% | Rank-5: 98.00% | Rank-10: 100.00%| Rank-20: 100.00%| mAP: 79.94%| mINP: 70.64%
Best Epoch [62]
==> Preparing Data Loader...
Epoch: [63][0/37] Time: 0.332 (0.332) lr:0.000386 base_lr:0.000039Loss: 2.2809 (2.2809) iLoss: 0.0035 (0.0035) CLoss: 0.0000 (0.0000) da_loss: 0.2934 (0.2934) dd_loss: 2.2188 (2.2188) Accu: 100.00
Test Epoch: 63
original feature:   Rank-1: 76.00% | Rank-5: 96.00% | Rank-10: 98.00%| Rank-20: 100.00%| mAP: 77.98%| mINP: 71.44%
feature after BN:   Rank-1: 78.00% | Rank-5: 96.00% | Rank-10: 100.00%| Rank-20: 100.00%| mAP: 79.77%| mINP: 73.59%
Best Epoch [62]
==> Preparing Data Loader...
Epoch: [64][0/37] Time: 0.355 (0.355) lr:0.000375 base_lr:0.000038Loss: 2.3085 (2.3085) iLoss: 0.0028 (0.0028) CLoss: 0.0000 (0.0000) da_loss: 0.3159 (0.3159) dd_loss: 2.2425 (2.2425) Accu: 100.00
Test Epoch: 64
original feature:   Rank-1: 70.00% | Rank-5: 96.00% | Rank-10: 98.00%| Rank-20: 100.00%| mAP: 76.89%| mINP: 72.19%
feature after BN:   Rank-1: 78.00% | Rank-5: 96.00% | Rank-10: 100.00%| Rank-20: 100.00%| mAP: 78.35%| mINP: 70.74%
Best Epoch [62]
==> Preparing Data Loader...
Epoch: [65][0/37] Time: 0.331 (0.331) lr:0.000365 base_lr:0.000036Loss: 2.3387 (2.3387) iLoss: 0.0025 (0.0025) CLoss: 0.0000 (0.0000) da_loss: 0.3006 (0.3006) dd_loss: 2.2761 (2.2761) Accu: 100.00
Test Epoch: 65
original feature:   Rank-1: 78.00% | Rank-5: 96.00% | Rank-10: 98.00%| Rank-20: 100.00%| mAP: 78.31%| mINP: 71.00%
feature after BN:   Rank-1: 74.00% | Rank-5: 98.00% | Rank-10: 100.00%| Rank-20: 100.00%| mAP: 78.87%| mINP: 73.74%
Best Epoch [62]
==> Preparing Data Loader...
Epoch: [66][0/37] Time: 0.338 (0.338) lr:0.000354 base_lr:0.000035Loss: 2.2966 (2.2966) iLoss: 0.0025 (0.0025) CLoss: 0.0000 (0.0000) da_loss: 0.3151 (0.3151) dd_loss: 2.2311 (2.2311) Accu: 100.00
Test Epoch: 66
original feature:   Rank-1: 72.00% | Rank-5: 96.00% | Rank-10: 98.00%| Rank-20: 100.00%| mAP: 76.90%| mINP: 71.00%
feature after BN:   Rank-1: 80.00% | Rank-5: 98.00% | Rank-10: 100.00%| Rank-20: 100.00%| mAP: 80.46%| mINP: 73.08%
Best Epoch [62]
==> Preparing Data Loader...
Epoch: [67][0/37] Time: 0.334 (0.334) lr:0.000343 base_lr:0.000034Loss: 2.3368 (2.3368) iLoss: 0.0014 (0.0014) CLoss: 0.0000 (0.0000) da_loss: 0.2975 (0.2975) dd_loss: 2.2759 (2.2759) Accu: 100.00
Test Epoch: 67
original feature:   Rank-1: 80.00% | Rank-5: 94.00% | Rank-10: 100.00%| Rank-20: 100.00%| mAP: 80.12%| mINP: 73.21%
feature after BN:   Rank-1: 82.00% | Rank-5: 98.00% | Rank-10: 100.00%| Rank-20: 100.00%| mAP: 81.84%| mINP: 74.68%
Best Epoch [67]
==> Preparing Data Loader...
Epoch: [68][0/37] Time: 0.371 (0.371) lr:0.000332 base_lr:0.000033Loss: 2.2144 (2.2144) iLoss: 0.0014 (0.0014) CLoss: 0.0000 (0.0000) da_loss: 0.2832 (0.2832) dd_loss: 2.1563 (2.1563) Accu: 100.00
Test Epoch: 68
original feature:   Rank-1: 76.00% | Rank-5: 96.00% | Rank-10: 98.00%| Rank-20: 100.00%| mAP: 78.79%| mINP: 72.77%
feature after BN:   Rank-1: 80.00% | Rank-5: 96.00% | Rank-10: 100.00%| Rank-20: 100.00%| mAP: 79.99%| mINP: 72.36%
Best Epoch [67]
==> Preparing Data Loader...
Epoch: [69][0/37] Time: 0.330 (0.330) lr:0.000322 base_lr:0.000032Loss: 2.2121 (2.2121) iLoss: 0.0017 (0.0017) CLoss: 0.0000 (0.0000) da_loss: 0.2820 (0.2820) dd_loss: 2.1540 (2.1540) Accu: 100.00
Test Epoch: 69
original feature:   Rank-1: 78.00% | Rank-5: 96.00% | Rank-10: 100.00%| Rank-20: 100.00%| mAP: 78.33%| mINP: 70.46%
feature after BN:   Rank-1: 82.00% | Rank-5: 98.00% | Rank-10: 100.00%| Rank-20: 100.00%| mAP: 81.76%| mINP: 74.23%
Best Epoch [69]
==> Preparing Data Loader...
Epoch: [70][0/37] Time: 0.353 (0.353) lr:0.000311 base_lr:0.000031Loss: 2.3387 (2.3387) iLoss: 0.0026 (0.0026) CLoss: 0.0000 (0.0000) da_loss: 0.3062 (0.3062) dd_loss: 2.2748 (2.2748) Accu: 100.00
Test Epoch: 70
original feature:   Rank-1: 80.00% | Rank-5: 96.00% | Rank-10: 100.00%| Rank-20: 100.00%| mAP: 78.96%| mINP: 70.75%
feature after BN:   Rank-1: 80.00% | Rank-5: 96.00% | Rank-10: 100.00%| Rank-20: 100.00%| mAP: 79.30%| mINP: 70.99%
Best Epoch [69]
==> Preparing Data Loader...
Epoch: [71][0/37] Time: 0.353 (0.353) lr:0.000300 base_lr:0.000030Loss: 2.2164 (2.2164) iLoss: 0.0015 (0.0015) CLoss: 0.0000 (0.0000) da_loss: 0.2905 (0.2905) dd_loss: 2.1568 (2.1568) Accu: 100.00
Test Epoch: 71
original feature:   Rank-1: 76.00% | Rank-5: 96.00% | Rank-10: 100.00%| Rank-20: 100.00%| mAP: 77.94%| mINP: 71.03%
feature after BN:   Rank-1: 78.00% | Rank-5: 98.00% | Rank-10: 100.00%| Rank-20: 100.00%| mAP: 79.91%| mINP: 72.70%
Best Epoch [69]
==> Preparing Data Loader...
Epoch: [72][0/37] Time: 0.343 (0.343) lr:0.000290 base_lr:0.000029Loss: 2.2596 (2.2596) iLoss: 0.0025 (0.0025) CLoss: 0.0000 (0.0000) da_loss: 0.3007 (0.3007) dd_loss: 2.1970 (2.1970) Accu: 100.00
Test Epoch: 72
original feature:   Rank-1: 84.00% | Rank-5: 94.00% | Rank-10: 100.00%| Rank-20: 100.00%| mAP: 80.35%| mINP: 71.86%
feature after BN:   Rank-1: 80.00% | Rank-5: 96.00% | Rank-10: 100.00%| Rank-20: 100.00%| mAP: 80.36%| mINP: 73.94%
Best Epoch [69]
==> Preparing Data Loader...
Epoch: [73][0/37] Time: 0.337 (0.337) lr:0.000279 base_lr:0.000028Loss: 2.1953 (2.1953) iLoss: 0.0016 (0.0016) CLoss: 0.0000 (0.0000) da_loss: 0.2901 (0.2901) dd_loss: 2.1357 (2.1357) Accu: 100.00
Test Epoch: 73
original feature:   Rank-1: 82.00% | Rank-5: 96.00% | Rank-10: 100.00%| Rank-20: 100.00%| mAP: 80.72%| mINP: 73.00%
feature after BN:   Rank-1: 84.00% | Rank-5: 98.00% | Rank-10: 100.00%| Rank-20: 100.00%| mAP: 81.42%| mINP: 73.22%
Best Epoch [73]
==> Preparing Data Loader...
Epoch: [74][0/37] Time: 0.342 (0.342) lr:0.000268 base_lr:0.000027Loss: 2.2209 (2.2209) iLoss: 0.0020 (0.0020) CLoss: 0.0000 (0.0000) da_loss: 0.2906 (0.2906) dd_loss: 2.1608 (2.1608) Accu: 100.00
Test Epoch: 74
original feature:   Rank-1: 80.00% | Rank-5: 96.00% | Rank-10: 100.00%| Rank-20: 100.00%| mAP: 79.35%| mINP: 71.95%
feature after BN:   Rank-1: 80.00% | Rank-5: 96.00% | Rank-10: 100.00%| Rank-20: 100.00%| mAP: 81.04%| mINP: 75.08%
Best Epoch [73]
==> Preparing Data Loader...
Epoch: [75][0/37] Time: 0.316 (0.316) lr:0.000257 base_lr:0.000026Loss: 2.1853 (2.1853) iLoss: 0.0015 (0.0015) CLoss: 0.0000 (0.0000) da_loss: 0.2756 (0.2756) dd_loss: 2.1288 (2.1288) Accu: 100.00
Test Epoch: 75
original feature:   Rank-1: 82.00% | Rank-5: 96.00% | Rank-10: 100.00%| Rank-20: 100.00%| mAP: 80.98%| mINP: 73.81%
feature after BN:   Rank-1: 84.00% | Rank-5: 98.00% | Rank-10: 100.00%| Rank-20: 100.00%| mAP: 82.43%| mINP: 75.34%
Best Epoch [75]
==> Preparing Data Loader...
Epoch: [76][0/37] Time: 0.352 (0.352) lr:0.000247 base_lr:0.000025Loss: 2.1406 (2.1406) iLoss: 0.0009 (0.0009) CLoss: 0.0000 (0.0000) da_loss: 0.2689 (0.2689) dd_loss: 2.0859 (2.0859) Accu: 100.00
Test Epoch: 76
original feature:   Rank-1: 82.00% | Rank-5: 96.00% | Rank-10: 100.00%| Rank-20: 100.00%| mAP: 81.12%| mINP: 74.08%
feature after BN:   Rank-1: 82.00% | Rank-5: 98.00% | Rank-10: 100.00%| Rank-20: 100.00%| mAP: 82.01%| mINP: 75.07%
Best Epoch [75]
==> Preparing Data Loader...
Epoch: [77][0/37] Time: 0.343 (0.343) lr:0.000236 base_lr:0.000024Loss: 2.1790 (2.1790) iLoss: 0.0011 (0.0011) CLoss: 0.0000 (0.0000) da_loss: 0.2874 (0.2874) dd_loss: 2.1204 (2.1204) Accu: 100.00
Test Epoch: 77
original feature:   Rank-1: 82.00% | Rank-5: 96.00% | Rank-10: 98.00%| Rank-20: 100.00%| mAP: 80.96%| mINP: 74.06%
feature after BN:   Rank-1: 84.00% | Rank-5: 98.00% | Rank-10: 100.00%| Rank-20: 100.00%| mAP: 82.25%| mINP: 74.49%
Best Epoch [77]
==> Preparing Data Loader...
Epoch: [78][0/37] Time: 0.348 (0.348) lr:0.000225 base_lr:0.000023Loss: 2.2272 (2.2272) iLoss: 0.0016 (0.0016) CLoss: 0.0000 (0.0000) da_loss: 0.2944 (0.2944) dd_loss: 2.1667 (2.1667) Accu: 100.00
Test Epoch: 78
original feature:   Rank-1: 84.00% | Rank-5: 96.00% | Rank-10: 98.00%| Rank-20: 100.00%| mAP: 81.72%| mINP: 74.27%
feature after BN:   Rank-1: 90.00% | Rank-5: 98.00% | Rank-10: 100.00%| Rank-20: 100.00%| mAP: 84.54%| mINP: 75.92%
Best Epoch [78]
==> Preparing Data Loader...
Epoch: [79][0/37] Time: 0.353 (0.353) lr:0.000215 base_lr:0.000021Loss: 2.1481 (2.1481) iLoss: 0.0014 (0.0014) CLoss: 0.0000 (0.0000) da_loss: 0.2839 (0.2839) dd_loss: 2.0899 (2.0899) Accu: 100.00
Test Epoch: 79
original feature:   Rank-1: 78.00% | Rank-5: 96.00% | Rank-10: 100.00%| Rank-20: 100.00%| mAP: 79.99%| mINP: 73.45%
feature after BN:   Rank-1: 80.00% | Rank-5: 98.00% | Rank-10: 100.00%| Rank-20: 100.00%| mAP: 80.63%| mINP: 72.86%
Best Epoch [78]
==> Preparing Data Loader...
Epoch: [80][0/37] Time: 0.337 (0.337) lr:0.000204 base_lr:0.000020Loss: 2.1764 (2.1764) iLoss: 0.0026 (0.0026) CLoss: 0.0000 (0.0000) da_loss: 0.3055 (0.3055) dd_loss: 2.1128 (2.1128) Accu: 100.00
Test Epoch: 80
original feature:   Rank-1: 80.00% | Rank-5: 96.00% | Rank-10: 100.00%| Rank-20: 100.00%| mAP: 80.60%| mINP: 73.82%
feature after BN:   Rank-1: 80.00% | Rank-5: 98.00% | Rank-10: 100.00%| Rank-20: 100.00%| mAP: 81.47%| mINP: 75.72%
Best Epoch [78]
==> Preparing Data Loader...
Epoch: [81][0/37] Time: 0.342 (0.342) lr:0.000193 base_lr:0.000019Loss: 2.1416 (2.1416) iLoss: 0.0014 (0.0014) CLoss: 0.0000 (0.0000) da_loss: 0.2866 (0.2866) dd_loss: 2.0829 (2.0829) Accu: 100.00
Test Epoch: 81
original feature:   Rank-1: 80.00% | Rank-5: 96.00% | Rank-10: 100.00%| Rank-20: 100.00%| mAP: 81.05%| mINP: 74.60%
feature after BN:   Rank-1: 82.00% | Rank-5: 98.00% | Rank-10: 100.00%| Rank-20: 100.00%| mAP: 82.08%| mINP: 75.22%
Best Epoch [78]
==> Preparing Data Loader...
Epoch: [82][0/37] Time: 0.340 (0.340) lr:0.000182 base_lr:0.000018Loss: 2.1794 (2.1794) iLoss: 0.0014 (0.0014) CLoss: 0.0000 (0.0000) da_loss: 0.3021 (0.3021) dd_loss: 2.1176 (2.1176) Accu: 100.00
Test Epoch: 82
original feature:   Rank-1: 84.00% | Rank-5: 96.00% | Rank-10: 100.00%| Rank-20: 100.00%| mAP: 82.07%| mINP: 74.39%
feature after BN:   Rank-1: 88.00% | Rank-5: 98.00% | Rank-10: 100.00%| Rank-20: 100.00%| mAP: 84.39%| mINP: 76.78%
Best Epoch [78]
==> Preparing Data Loader...
Epoch: [83][0/37] Time: 0.339 (0.339) lr:0.000172 base_lr:0.000017Loss: 2.2206 (2.2206) iLoss: 0.0015 (0.0015) CLoss: 0.0000 (0.0000) da_loss: 0.3116 (0.3116) dd_loss: 2.1567 (2.1567) Accu: 100.00
Test Epoch: 83
original feature:   Rank-1: 84.00% | Rank-5: 96.00% | Rank-10: 100.00%| Rank-20: 100.00%| mAP: 81.44%| mINP: 73.73%
feature after BN:   Rank-1: 82.00% | Rank-5: 96.00% | Rank-10: 100.00%| Rank-20: 100.00%| mAP: 81.57%| mINP: 74.57%
Best Epoch [78]
==> Preparing Data Loader...
Epoch: [84][0/37] Time: 0.345 (0.345) lr:0.000161 base_lr:0.000016Loss: 2.1199 (2.1199) iLoss: 0.0015 (0.0015) CLoss: 0.0000 (0.0000) da_loss: 0.2787 (0.2787) dd_loss: 2.0627 (2.0627) Accu: 100.00
Test Epoch: 84
original feature:   Rank-1: 76.00% | Rank-5: 96.00% | Rank-10: 100.00%| Rank-20: 100.00%| mAP: 79.25%| mINP: 73.67%
feature after BN:   Rank-1: 88.00% | Rank-5: 98.00% | Rank-10: 100.00%| Rank-20: 100.00%| mAP: 84.19%| mINP: 76.37%
Best Epoch [78]
==> Preparing Data Loader...
Epoch: [85][0/37] Time: 0.274 (0.274) lr:0.000150 base_lr:0.000015Loss: 2.1474 (2.1474) iLoss: 0.0010 (0.0010) CLoss: 0.0000 (0.0000) da_loss: 0.2942 (0.2942) dd_loss: 2.0876 (2.0876) Accu: 100.00
Test Epoch: 85
original feature:   Rank-1: 84.00% | Rank-5: 96.00% | Rank-10: 100.00%| Rank-20: 100.00%| mAP: 81.80%| mINP: 74.42%
feature after BN:   Rank-1: 86.00% | Rank-5: 98.00% | Rank-10: 100.00%| Rank-20: 100.00%| mAP: 83.24%| mINP: 75.46%
Best Epoch [78]
==> Preparing Data Loader...
Epoch: [86][0/37] Time: 0.286 (0.286) lr:0.000140 base_lr:0.000014Loss: 2.1454 (2.1454) iLoss: 0.0007 (0.0007) CLoss: 0.0000 (0.0000) da_loss: 0.2889 (0.2889) dd_loss: 2.0870 (2.0870) Accu: 100.00
Test Epoch: 86
original feature:   Rank-1: 80.00% | Rank-5: 96.00% | Rank-10: 100.00%| Rank-20: 100.00%| mAP: 80.31%| mINP: 73.46%
feature after BN:   Rank-1: 86.00% | Rank-5: 98.00% | Rank-10: 100.00%| Rank-20: 100.00%| mAP: 83.87%| mINP: 76.90%
Best Epoch [78]
==> Preparing Data Loader...
Epoch: [87][0/37] Time: 0.337 (0.337) lr:0.000129 base_lr:0.000013Loss: 2.1762 (2.1762) iLoss: 0.0019 (0.0019) CLoss: 0.0000 (0.0000) da_loss: 0.3036 (0.3036) dd_loss: 2.1136 (2.1136) Accu: 100.00
Test Epoch: 87
original feature:   Rank-1: 80.00% | Rank-5: 96.00% | Rank-10: 100.00%| Rank-20: 100.00%| mAP: 80.42%| mINP: 73.63%
feature after BN:   Rank-1: 84.00% | Rank-5: 100.00% | Rank-10: 100.00%| Rank-20: 100.00%| mAP: 82.33%| mINP: 74.87%
Best Epoch [78]
==> Preparing Data Loader...
Epoch: [88][0/37] Time: 0.254 (0.254) lr:0.000118 base_lr:0.000012Loss: 2.2248 (2.2248) iLoss: 0.0012 (0.0012) CLoss: 0.0000 (0.0000) da_loss: 0.3015 (0.3015) dd_loss: 2.1634 (2.1634) Accu: 100.00
Test Epoch: 88
original feature:   Rank-1: 80.00% | Rank-5: 96.00% | Rank-10: 100.00%| Rank-20: 100.00%| mAP: 80.17%| mINP: 73.12%
feature after BN:   Rank-1: 82.00% | Rank-5: 100.00% | Rank-10: 100.00%| Rank-20: 100.00%| mAP: 83.11%| mINP: 77.15%
Best Epoch [78]
==> Preparing Data Loader...
Epoch: [89][0/37] Time: 0.290 (0.290) lr:0.000107 base_lr:0.000011Loss: 2.1000 (2.1000) iLoss: 0.0007 (0.0007) CLoss: 0.0000 (0.0000) da_loss: 0.2782 (0.2782) dd_loss: 2.0436 (2.0436) Accu: 100.00
Test Epoch: 89
original feature:   Rank-1: 78.00% | Rank-5: 96.00% | Rank-10: 100.00%| Rank-20: 100.00%| mAP: 79.87%| mINP: 73.86%
feature after BN:   Rank-1: 80.00% | Rank-5: 98.00% | Rank-10: 100.00%| Rank-20: 100.00%| mAP: 81.79%| mINP: 75.75%
Best Epoch [78]
==> Preparing Data Loader...
Epoch: [90][0/37] Time: 0.291 (0.291) lr:0.000097 base_lr:0.000010Loss: 2.1004 (2.1004) iLoss: 0.0009 (0.0009) CLoss: 0.0000 (0.0000) da_loss: 0.2725 (0.2725) dd_loss: 2.0450 (2.0450) Accu: 100.00
Test Epoch: 90
original feature:   Rank-1: 80.00% | Rank-5: 96.00% | Rank-10: 98.00%| Rank-20: 100.00%| mAP: 80.11%| mINP: 73.38%
feature after BN:   Rank-1: 80.00% | Rank-5: 100.00% | Rank-10: 100.00%| Rank-20: 100.00%| mAP: 82.30%| mINP: 76.70%
Best Epoch [78]
==> Preparing Data Loader...
Epoch: [91][0/37] Time: 0.345 (0.345) lr:0.000086 base_lr:0.000009Loss: 2.1745 (2.1745) iLoss: 0.0009 (0.0009) CLoss: 0.0000 (0.0000) da_loss: 0.3155 (0.3155) dd_loss: 2.1106 (2.1106) Accu: 100.00
Test Epoch: 91
original feature:   Rank-1: 84.00% | Rank-5: 96.00% | Rank-10: 100.00%| Rank-20: 100.00%| mAP: 81.06%| mINP: 72.87%
feature after BN:   Rank-1: 86.00% | Rank-5: 100.00% | Rank-10: 100.00%| Rank-20: 100.00%| mAP: 84.14%| mINP: 77.11%
Best Epoch [78]
==> Preparing Data Loader...
Epoch: [92][0/37] Time: 0.245 (0.245) lr:0.000075 base_lr:0.000008Loss: 2.1175 (2.1175) iLoss: 0.0010 (0.0010) CLoss: 0.0000 (0.0000) da_loss: 0.2938 (0.2938) dd_loss: 2.0577 (2.0577) Accu: 100.00
Test Epoch: 92
original feature:   Rank-1: 82.00% | Rank-5: 96.00% | Rank-10: 100.00%| Rank-20: 100.00%| mAP: 79.88%| mINP: 71.94%
feature after BN:   Rank-1: 82.00% | Rank-5: 98.00% | Rank-10: 100.00%| Rank-20: 100.00%| mAP: 81.28%| mINP: 73.83%
Best Epoch [78]
==> Preparing Data Loader...
Epoch: [93][0/37] Time: 0.326 (0.326) lr:0.000065 base_lr:0.000006Loss: 2.1623 (2.1623) iLoss: 0.0010 (0.0010) CLoss: 0.0000 (0.0000) da_loss: 0.3009 (0.3009) dd_loss: 2.1011 (2.1011) Accu: 100.00
Test Epoch: 93
original feature:   Rank-1: 84.00% | Rank-5: 96.00% | Rank-10: 100.00%| Rank-20: 100.00%| mAP: 81.45%| mINP: 73.67%
feature after BN:   Rank-1: 88.00% | Rank-5: 100.00% | Rank-10: 100.00%| Rank-20: 100.00%| mAP: 84.18%| mINP: 76.02%
Best Epoch [78]
==> Preparing Data Loader...
Epoch: [94][0/37] Time: 0.375 (0.375) lr:0.000054 base_lr:0.000005Loss: 2.1690 (2.1690) iLoss: 0.0012 (0.0012) CLoss: 0.0000 (0.0000) da_loss: 0.3028 (0.3028) dd_loss: 2.1072 (2.1072) Accu: 100.00
Test Epoch: 94
original feature:   Rank-1: 80.00% | Rank-5: 96.00% | Rank-10: 98.00%| Rank-20: 100.00%| mAP: 80.34%| mINP: 73.84%
feature after BN:   Rank-1: 84.00% | Rank-5: 100.00% | Rank-10: 100.00%| Rank-20: 100.00%| mAP: 83.87%| mINP: 77.62%
Best Epoch [78]
==> Preparing Data Loader...
Epoch: [95][0/37] Time: 0.351 (0.351) lr:0.000043 base_lr:0.000004Loss: 2.1240 (2.1240) iLoss: 0.0008 (0.0008) CLoss: 0.0000 (0.0000) da_loss: 0.2972 (0.2972) dd_loss: 2.0637 (2.0637) Accu: 100.00
Test Epoch: 95
original feature:   Rank-1: 78.00% | Rank-5: 96.00% | Rank-10: 100.00%| Rank-20: 100.00%| mAP: 79.66%| mINP: 73.44%
feature after BN:   Rank-1: 84.00% | Rank-5: 96.00% | Rank-10: 100.00%| Rank-20: 100.00%| mAP: 82.63%| mINP: 75.26%
Best Epoch [78]
==> Preparing Data Loader...
Epoch: [96][0/37] Time: 0.299 (0.299) lr:0.000032 base_lr:0.000003Loss: 2.1957 (2.1957) iLoss: 0.0010 (0.0010) CLoss: 0.0000 (0.0000) da_loss: 0.3076 (0.3076) dd_loss: 2.1331 (2.1331) Accu: 100.00
Test Epoch: 96
original feature:   Rank-1: 82.00% | Rank-5: 98.00% | Rank-10: 100.00%| Rank-20: 100.00%| mAP: 81.18%| mINP: 74.04%
feature after BN:   Rank-1: 84.00% | Rank-5: 100.00% | Rank-10: 100.00%| Rank-20: 100.00%| mAP: 82.81%| mINP: 75.55%
Best Epoch [78]
==> Preparing Data Loader...
Epoch: [97][0/37] Time: 0.341 (0.341) lr:0.000022 base_lr:0.000002Loss: 2.1568 (2.1568) iLoss: 0.0010 (0.0010) CLoss: 0.0000 (0.0000) da_loss: 0.2973 (0.2973) dd_loss: 2.0964 (2.0964) Accu: 100.00
Test Epoch: 97
original feature:   Rank-1: 82.00% | Rank-5: 96.00% | Rank-10: 100.00%| Rank-20: 100.00%| mAP: 80.66%| mINP: 73.10%
feature after BN:   Rank-1: 86.00% | Rank-5: 100.00% | Rank-10: 100.00%| Rank-20: 100.00%| mAP: 83.31%| mINP: 75.61%
Best Epoch [78]
==> Preparing Data Loader...
Epoch: [98][0/37] Time: 0.346 (0.346) lr:0.000011 base_lr:0.000001Loss: 2.1654 (2.1654) iLoss: 0.0010 (0.0010) CLoss: 0.0000 (0.0000) da_loss: 0.3105 (0.3105) dd_loss: 2.1023 (2.1023) Accu: 100.00
Test Epoch: 98
original feature:   Rank-1: 80.00% | Rank-5: 96.00% | Rank-10: 100.00%| Rank-20: 100.00%| mAP: 80.09%| mINP: 72.98%
feature after BN:   Rank-1: 86.00% | Rank-5: 100.00% | Rank-10: 100.00%| Rank-20: 100.00%| mAP: 83.80%| mINP: 76.36%
Best Epoch [78]
==> Preparing Data Loader...
Epoch: [99][0/37] Time: 0.251 (0.251) lr:0.000000 base_lr:0.000000Loss: 2.1748 (2.1748) iLoss: 0.0022 (0.0022) CLoss: 0.0000 (0.0000) da_loss: 0.2975 (0.2975) dd_loss: 2.1130 (2.1130) Accu: 100.00
Test Epoch: 99
original feature:   Rank-1: 84.00% | Rank-5: 96.00% | Rank-10: 100.00%| Rank-20: 100.00%| mAP: 81.37%| mINP: 73.66%
feature after BN:   Rank-1: 84.00% | Rank-5: 98.00% | Rank-10: 100.00%| Rank-20: 100.00%| mAP: 83.52%| mINP: 77.08%
Best Epoch [78]
