==========
Args:Namespace(batch_size=8, dataset='pku', decay_step=16, dim=2048, gpu='0,1,2,3', img_h=288, img_w=144, log_path='log/', lr=0.0009, margin=0.5, max_epoch=100, mode='all', model_path='save_model/', noticed='test', num_pos=1, pool_dim=2048, rerank='no', save_epoch=1000, seed=0, test_batch=16, trial=3, warm_up_epoch=8, workers=4)
==========
==> Loading data..
data init success!
==> Building model..
==> Building success!..
==> Start Training...
==> Preparing Data Loader...
Epoch: [0][0/37] Time: 2.381 (2.381) lr:0.000055 base_lr:0.000005Loss: 14.5253 (14.5253) iLoss: 5.0198 (5.0198) CLoss: 3.7104 (3.7104) da_loss: 1.3922 (1.3922) dd_loss: 5.5167 (5.5167) Accu: 0.00
Test Epoch: 0
original feature:   Rank-1: 18.00% | Rank-5: 36.00% | Rank-10: 52.00%| Rank-20: 74.00%| mAP: 18.65%| mINP: 8.06%
feature after BN:   Rank-1: 18.00% | Rank-5: 36.00% | Rank-10: 58.00%| Rank-20: 78.00%| mAP: 21.26%| mINP: 13.26%
Best Epoch [0]
==> Preparing Data Loader...
Epoch: [1][0/37] Time: 0.332 (0.332) lr:0.000111 base_lr:0.000011Loss: 13.1664 (13.1664) iLoss: 4.9199 (4.9199) CLoss: 2.6684 (2.6684) da_loss: 1.0199 (1.0199) dd_loss: 5.3741 (5.3741) Accu: 31.25
Test Epoch: 1
original feature:   Rank-1: 26.00% | Rank-5: 58.00% | Rank-10: 74.00%| Rank-20: 86.00%| mAP: 30.78%| mINP: 19.89%
feature after BN:   Rank-1: 24.00% | Rank-5: 62.00% | Rank-10: 80.00%| Rank-20: 88.00%| mAP: 34.64%| mINP: 27.47%
Best Epoch [1]
==> Preparing Data Loader...
Epoch: [2][0/37] Time: 0.349 (0.349) lr:0.000167 base_lr:0.000017Loss: 11.2290 (11.2290) iLoss: 4.5295 (4.5295) CLoss: 1.4861 (1.4861) da_loss: 0.8935 (0.8935) dd_loss: 5.0346 (5.0346) Accu: 37.50
Test Epoch: 2
original feature:   Rank-1: 40.00% | Rank-5: 76.00% | Rank-10: 80.00%| Rank-20: 86.00%| mAP: 43.45%| mINP: 31.92%
feature after BN:   Rank-1: 36.00% | Rank-5: 74.00% | Rank-10: 82.00%| Rank-20: 96.00%| mAP: 42.88%| mINP: 33.82%
Best Epoch [2]
==> Preparing Data Loader...
Epoch: [3][0/37] Time: 0.343 (0.343) lr:0.000224 base_lr:0.000022Loss: 8.0985 (8.0985) iLoss: 3.4365 (3.4365) CLoss: 0.2425 (0.2425) da_loss: 0.7224 (0.7224) dd_loss: 4.2750 (4.2750) Accu: 31.25
Test Epoch: 3
original feature:   Rank-1: 46.00% | Rank-5: 82.00% | Rank-10: 92.00%| Rank-20: 100.00%| mAP: 50.31%| mINP: 40.41%
feature after BN:   Rank-1: 46.00% | Rank-5: 86.00% | Rank-10: 96.00%| Rank-20: 100.00%| mAP: 52.59%| mINP: 42.02%
Best Epoch [3]
==> Preparing Data Loader...
Epoch: [4][0/37] Time: 0.336 (0.336) lr:0.000280 base_lr:0.000028Loss: 7.0500 (7.0500) iLoss: 2.7551 (2.7551) CLoss: 0.2920 (0.2920) da_loss: 0.6976 (0.6976) dd_loss: 3.8633 (3.8633) Accu: 56.25
Test Epoch: 4
original feature:   Rank-1: 50.00% | Rank-5: 84.00% | Rank-10: 90.00%| Rank-20: 96.00%| mAP: 55.84%| mINP: 48.55%
feature after BN:   Rank-1: 54.00% | Rank-5: 88.00% | Rank-10: 96.00%| Rank-20: 98.00%| mAP: 57.77%| mINP: 48.15%
Best Epoch [4]
==> Preparing Data Loader...
Epoch: [5][0/37] Time: 0.353 (0.353) lr:0.000336 base_lr:0.000034Loss: 5.2953 (5.2953) iLoss: 1.7066 (1.7066) CLoss: 0.1656 (0.1656) da_loss: 0.6302 (0.6302) dd_loss: 3.2971 (3.2971) Accu: 81.25
Test Epoch: 5
original feature:   Rank-1: 56.00% | Rank-5: 82.00% | Rank-10: 88.00%| Rank-20: 96.00%| mAP: 59.39%| mINP: 53.10%
feature after BN:   Rank-1: 56.00% | Rank-5: 84.00% | Rank-10: 90.00%| Rank-20: 94.00%| mAP: 59.65%| mINP: 52.08%
Best Epoch [5]
==> Preparing Data Loader...
Epoch: [6][0/37] Time: 0.347 (0.347) lr:0.000392 base_lr:0.000039Loss: 4.3047 (4.3047) iLoss: 0.9230 (0.9230) CLoss: 0.1467 (0.1467) da_loss: 0.6210 (0.6210) dd_loss: 3.1108 (3.1108) Accu: 87.50
Test Epoch: 6
original feature:   Rank-1: 62.00% | Rank-5: 86.00% | Rank-10: 96.00%| Rank-20: 98.00%| mAP: 63.39%| mINP: 55.37%
feature after BN:   Rank-1: 54.00% | Rank-5: 86.00% | Rank-10: 100.00%| Rank-20: 100.00%| mAP: 61.36%| mINP: 54.36%
Best Epoch [5]
==> Preparing Data Loader...
Epoch: [7][0/37] Time: 0.331 (0.331) lr:0.000449 base_lr:0.000045Loss: 3.6104 (3.6104) iLoss: 0.3970 (0.3970) CLoss: 0.0002 (0.0002) da_loss: 0.4957 (0.4957) dd_loss: 3.1140 (3.1140) Accu: 100.00
Test Epoch: 7
original feature:   Rank-1: 56.00% | Rank-5: 88.00% | Rank-10: 98.00%| Rank-20: 100.00%| mAP: 61.15%| mINP: 51.66%
feature after BN:   Rank-1: 68.00% | Rank-5: 96.00% | Rank-10: 98.00%| Rank-20: 98.00%| mAP: 68.66%| mINP: 57.21%
Best Epoch [7]
==> Preparing Data Loader...
Epoch: [8][0/37] Time: 0.353 (0.353) lr:0.000505 base_lr:0.000050Loss: 3.3951 (3.3951) iLoss: 0.2841 (0.2841) CLoss: 0.0037 (0.0037) da_loss: 0.5108 (0.5108) dd_loss: 3.0051 (3.0051) Accu: 100.00
Test Epoch: 8
original feature:   Rank-1: 58.00% | Rank-5: 94.00% | Rank-10: 100.00%| Rank-20: 100.00%| mAP: 64.14%| mINP: 55.70%
feature after BN:   Rank-1: 66.00% | Rank-5: 92.00% | Rank-10: 98.00%| Rank-20: 100.00%| mAP: 68.16%| mINP: 58.27%
Best Epoch [7]
==> Preparing Data Loader...
Epoch: [9][0/37] Time: 0.347 (0.347) lr:0.000561 base_lr:0.000056Loss: 3.5409 (3.5409) iLoss: 0.1215 (0.1215) CLoss: 0.0075 (0.0075) da_loss: 0.5338 (0.5338) dd_loss: 3.3051 (3.3051) Accu: 100.00
Test Epoch: 9
original feature:   Rank-1: 56.00% | Rank-5: 90.00% | Rank-10: 92.00%| Rank-20: 96.00%| mAP: 61.00%| mINP: 52.76%
feature after BN:   Rank-1: 62.00% | Rank-5: 84.00% | Rank-10: 94.00%| Rank-20: 100.00%| mAP: 65.10%| mINP: 57.13%
Best Epoch [7]
==> Preparing Data Loader...
Epoch: [10][0/37] Time: 0.335 (0.335) lr:0.000617 base_lr:0.000062Loss: 4.1267 (4.1267) iLoss: 0.3085 (0.3085) CLoss: 0.0461 (0.0461) da_loss: 0.5902 (0.5902) dd_loss: 3.6541 (3.6541) Accu: 100.00
Test Epoch: 10
original feature:   Rank-1: 62.00% | Rank-5: 86.00% | Rank-10: 92.00%| Rank-20: 92.00%| mAP: 61.58%| mINP: 50.06%
feature after BN:   Rank-1: 62.00% | Rank-5: 88.00% | Rank-10: 92.00%| Rank-20: 98.00%| mAP: 64.99%| mINP: 56.45%
Best Epoch [7]
==> Preparing Data Loader...
Epoch: [11][0/37] Time: 0.344 (0.344) lr:0.000674 base_lr:0.000067Loss: 3.4489 (3.4489) iLoss: 0.1573 (0.1573) CLoss: 0.0017 (0.0017) da_loss: 0.5561 (0.5561) dd_loss: 3.1788 (3.1788) Accu: 100.00
Test Epoch: 11
original feature:   Rank-1: 54.00% | Rank-5: 84.00% | Rank-10: 96.00%| Rank-20: 100.00%| mAP: 57.57%| mINP: 48.22%
feature after BN:   Rank-1: 60.00% | Rank-5: 92.00% | Rank-10: 96.00%| Rank-20: 98.00%| mAP: 61.17%| mINP: 51.31%
Best Epoch [7]
==> Preparing Data Loader...
Epoch: [12][0/37] Time: 0.348 (0.348) lr:0.000730 base_lr:0.000073Loss: 3.8229 (3.8229) iLoss: 0.1228 (0.1228) CLoss: 0.1114 (0.1114) da_loss: 0.6127 (0.6127) dd_loss: 3.4662 (3.4662) Accu: 100.00
Test Epoch: 12
original feature:   Rank-1: 64.00% | Rank-5: 86.00% | Rank-10: 92.00%| Rank-20: 98.00%| mAP: 62.00%| mINP: 50.75%
feature after BN:   Rank-1: 66.00% | Rank-5: 90.00% | Rank-10: 94.00%| Rank-20: 100.00%| mAP: 65.24%| mINP: 55.27%
Best Epoch [7]
==> Preparing Data Loader...
Epoch: [13][0/37] Time: 0.339 (0.339) lr:0.000786 base_lr:0.000079Loss: 3.7150 (3.7150) iLoss: 0.1617 (0.1617) CLoss: 0.0888 (0.0888) da_loss: 0.6328 (0.6328) dd_loss: 3.3380 (3.3380) Accu: 100.00
Test Epoch: 13
original feature:   Rank-1: 64.00% | Rank-5: 92.00% | Rank-10: 96.00%| Rank-20: 98.00%| mAP: 63.19%| mINP: 50.73%
feature after BN:   Rank-1: 68.00% | Rank-5: 96.00% | Rank-10: 100.00%| Rank-20: 100.00%| mAP: 66.27%| mINP: 54.29%
Best Epoch [13]
==> Preparing Data Loader...
Epoch: [14][0/37] Time: 0.338 (0.338) lr:0.000842 base_lr:0.000084Loss: 4.7866 (4.7866) iLoss: 0.8702 (0.8702) CLoss: 0.1579 (0.1579) da_loss: 0.6189 (0.6189) dd_loss: 3.6347 (3.6347) Accu: 87.50
Test Epoch: 14
original feature:   Rank-1: 64.00% | Rank-5: 88.00% | Rank-10: 96.00%| Rank-20: 100.00%| mAP: 65.57%| mINP: 55.98%
feature after BN:   Rank-1: 58.00% | Rank-5: 88.00% | Rank-10: 94.00%| Rank-20: 98.00%| mAP: 64.58%| mINP: 58.44%
Best Epoch [13]
==> Preparing Data Loader...
Epoch: [15][0/37] Time: 0.350 (0.350) lr:0.000898 base_lr:0.000090Loss: 4.8697 (4.8697) iLoss: 0.4619 (0.4619) CLoss: 0.1604 (0.1604) da_loss: 0.6151 (0.6151) dd_loss: 4.1244 (4.1244) Accu: 93.75
Test Epoch: 15
original feature:   Rank-1: 60.00% | Rank-5: 84.00% | Rank-10: 96.00%| Rank-20: 100.00%| mAP: 64.13%| mINP: 56.68%
feature after BN:   Rank-1: 62.00% | Rank-5: 88.00% | Rank-10: 94.00%| Rank-20: 98.00%| mAP: 65.25%| mINP: 56.43%
Best Epoch [13]
==> Preparing Data Loader...
Epoch: [16][0/37] Time: 0.335 (0.335) lr:0.000890 base_lr:0.000089Loss: 3.9509 (3.9509) iLoss: 0.0973 (0.0973) CLoss: 0.0446 (0.0446) da_loss: 0.6595 (0.6595) dd_loss: 3.6770 (3.6770) Accu: 100.00
Test Epoch: 16
original feature:   Rank-1: 52.00% | Rank-5: 90.00% | Rank-10: 98.00%| Rank-20: 100.00%| mAP: 59.85%| mINP: 51.52%
feature after BN:   Rank-1: 58.00% | Rank-5: 94.00% | Rank-10: 98.00%| Rank-20: 100.00%| mAP: 62.24%| mINP: 51.74%
Best Epoch [13]
==> Preparing Data Loader...
Epoch: [17][0/37] Time: 0.342 (0.342) lr:0.000879 base_lr:0.000088Loss: 4.1904 (4.1904) iLoss: 0.1304 (0.1304) CLoss: 0.1377 (0.1377) da_loss: 0.6477 (0.6477) dd_loss: 3.7926 (3.7926) Accu: 100.00
Test Epoch: 17
original feature:   Rank-1: 50.00% | Rank-5: 88.00% | Rank-10: 92.00%| Rank-20: 98.00%| mAP: 58.15%| mINP: 49.67%
feature after BN:   Rank-1: 56.00% | Rank-5: 94.00% | Rank-10: 98.00%| Rank-20: 100.00%| mAP: 62.28%| mINP: 51.34%
Best Epoch [13]
==> Preparing Data Loader...
Epoch: [18][0/37] Time: 0.350 (0.350) lr:0.000868 base_lr:0.000087Loss: 3.6255 (3.6255) iLoss: 0.1933 (0.1933) CLoss: 0.0688 (0.0688) da_loss: 0.6095 (0.6095) dd_loss: 3.2415 (3.2415) Accu: 93.75
Test Epoch: 18
original feature:   Rank-1: 66.00% | Rank-5: 78.00% | Rank-10: 88.00%| Rank-20: 92.00%| mAP: 62.43%| mINP: 52.14%
feature after BN:   Rank-1: 62.00% | Rank-5: 86.00% | Rank-10: 88.00%| Rank-20: 96.00%| mAP: 62.65%| mINP: 53.30%
Best Epoch [13]
==> Preparing Data Loader...
Epoch: [19][0/37] Time: 0.342 (0.342) lr:0.000857 base_lr:0.000086Loss: 3.7712 (3.7712) iLoss: 0.0448 (0.0448) CLoss: 0.0029 (0.0029) da_loss: 0.5883 (0.5883) dd_loss: 3.6058 (3.6058) Accu: 100.00
Test Epoch: 19
original feature:   Rank-1: 66.00% | Rank-5: 90.00% | Rank-10: 92.00%| Rank-20: 96.00%| mAP: 67.70%| mINP: 59.41%
feature after BN:   Rank-1: 68.00% | Rank-5: 88.00% | Rank-10: 96.00%| Rank-20: 100.00%| mAP: 70.26%| mINP: 62.64%
Best Epoch [19]
==> Preparing Data Loader...
Epoch: [20][0/37] Time: 0.331 (0.331) lr:0.000847 base_lr:0.000085Loss: 4.3445 (4.3445) iLoss: 0.0637 (0.0637) CLoss: 0.0915 (0.0915) da_loss: 0.6387 (0.6387) dd_loss: 4.0616 (4.0616) Accu: 100.00
Test Epoch: 20
original feature:   Rank-1: 66.00% | Rank-5: 96.00% | Rank-10: 98.00%| Rank-20: 100.00%| mAP: 69.50%| mINP: 62.17%
feature after BN:   Rank-1: 76.00% | Rank-5: 98.00% | Rank-10: 100.00%| Rank-20: 100.00%| mAP: 74.30%| mINP: 64.78%
Best Epoch [20]
==> Preparing Data Loader...
Epoch: [21][0/37] Time: 0.337 (0.337) lr:0.000836 base_lr:0.000084Loss: 3.6303 (3.6303) iLoss: 0.1687 (0.1687) CLoss: 0.0135 (0.0135) da_loss: 0.5826 (0.5826) dd_loss: 3.3316 (3.3316) Accu: 93.75
Test Epoch: 21
original feature:   Rank-1: 58.00% | Rank-5: 86.00% | Rank-10: 92.00%| Rank-20: 98.00%| mAP: 62.60%| mINP: 55.07%
feature after BN:   Rank-1: 56.00% | Rank-5: 88.00% | Rank-10: 96.00%| Rank-20: 98.00%| mAP: 62.89%| mINP: 55.93%
Best Epoch [20]
==> Preparing Data Loader...
Epoch: [22][0/37] Time: 0.342 (0.342) lr:0.000825 base_lr:0.000083Loss: 3.0573 (3.0573) iLoss: 0.0075 (0.0075) CLoss: 0.0000 (0.0000) da_loss: 0.5529 (0.5529) dd_loss: 2.9392 (2.9392) Accu: 100.00
Test Epoch: 22
original feature:   Rank-1: 68.00% | Rank-5: 92.00% | Rank-10: 92.00%| Rank-20: 96.00%| mAP: 71.17%| mINP: 63.54%
feature after BN:   Rank-1: 76.00% | Rank-5: 88.00% | Rank-10: 96.00%| Rank-20: 100.00%| mAP: 73.22%| mINP: 64.09%
Best Epoch [22]
==> Preparing Data Loader...
Epoch: [23][0/37] Time: 0.342 (0.342) lr:0.000815 base_lr:0.000081Loss: 3.8211 (3.8211) iLoss: 0.0220 (0.0220) CLoss: 0.0001 (0.0001) da_loss: 0.5333 (0.5333) dd_loss: 3.6923 (3.6923) Accu: 100.00
Test Epoch: 23
original feature:   Rank-1: 60.00% | Rank-5: 88.00% | Rank-10: 96.00%| Rank-20: 96.00%| mAP: 64.62%| mINP: 56.90%
feature after BN:   Rank-1: 64.00% | Rank-5: 90.00% | Rank-10: 98.00%| Rank-20: 98.00%| mAP: 67.93%| mINP: 59.85%
Best Epoch [22]
==> Preparing Data Loader...
Epoch: [24][0/37] Time: 0.350 (0.350) lr:0.000804 base_lr:0.000080Loss: 3.7007 (3.7007) iLoss: 0.0101 (0.0101) CLoss: 0.0000 (0.0000) da_loss: 0.5253 (0.5253) dd_loss: 3.5855 (3.5855) Accu: 100.00
Test Epoch: 24
original feature:   Rank-1: 66.00% | Rank-5: 86.00% | Rank-10: 94.00%| Rank-20: 98.00%| mAP: 67.69%| mINP: 60.89%
feature after BN:   Rank-1: 64.00% | Rank-5: 90.00% | Rank-10: 94.00%| Rank-20: 98.00%| mAP: 67.13%| mINP: 58.68%
Best Epoch [22]
==> Preparing Data Loader...
Epoch: [25][0/37] Time: 0.343 (0.343) lr:0.000793 base_lr:0.000079Loss: 3.4359 (3.4359) iLoss: 0.0177 (0.0177) CLoss: 0.0043 (0.0043) da_loss: 0.5417 (0.5417) dd_loss: 3.3055 (3.3055) Accu: 100.00
Test Epoch: 25
original feature:   Rank-1: 72.00% | Rank-5: 86.00% | Rank-10: 94.00%| Rank-20: 96.00%| mAP: 69.63%| mINP: 61.30%
feature after BN:   Rank-1: 66.00% | Rank-5: 90.00% | Rank-10: 94.00%| Rank-20: 98.00%| mAP: 68.82%| mINP: 62.71%
Best Epoch [22]
==> Preparing Data Loader...
Epoch: [26][0/37] Time: 0.348 (0.348) lr:0.000782 base_lr:0.000078Loss: 3.3199 (3.3199) iLoss: 0.0085 (0.0085) CLoss: 0.0039 (0.0039) da_loss: 0.5520 (0.5520) dd_loss: 3.1971 (3.1971) Accu: 100.00
Test Epoch: 26
original feature:   Rank-1: 66.00% | Rank-5: 88.00% | Rank-10: 98.00%| Rank-20: 98.00%| mAP: 69.90%| mINP: 63.46%
feature after BN:   Rank-1: 70.00% | Rank-5: 94.00% | Rank-10: 98.00%| Rank-20: 98.00%| mAP: 71.40%| mINP: 63.44%
Best Epoch [22]
==> Preparing Data Loader...
Epoch: [27][0/37] Time: 0.356 (0.356) lr:0.000772 base_lr:0.000077Loss: 3.1108 (3.1108) iLoss: 0.0080 (0.0080) CLoss: 0.0003 (0.0003) da_loss: 0.5409 (0.5409) dd_loss: 2.9944 (2.9944) Accu: 100.00
Test Epoch: 27
original feature:   Rank-1: 68.00% | Rank-5: 94.00% | Rank-10: 94.00%| Rank-20: 98.00%| mAP: 69.01%| mINP: 60.70%
feature after BN:   Rank-1: 60.00% | Rank-5: 96.00% | Rank-10: 96.00%| Rank-20: 100.00%| mAP: 68.14%| mINP: 61.42%
Best Epoch [22]
==> Preparing Data Loader...
Epoch: [28][0/37] Time: 0.341 (0.341) lr:0.000761 base_lr:0.000076Loss: 2.7792 (2.7792) iLoss: 0.0037 (0.0037) CLoss: 0.0000 (0.0000) da_loss: 0.4560 (0.4560) dd_loss: 2.6843 (2.6843) Accu: 100.00
Test Epoch: 28
original feature:   Rank-1: 72.00% | Rank-5: 92.00% | Rank-10: 98.00%| Rank-20: 100.00%| mAP: 71.23%| mINP: 62.53%
feature after BN:   Rank-1: 72.00% | Rank-5: 96.00% | Rank-10: 98.00%| Rank-20: 100.00%| mAP: 71.60%| mINP: 61.67%
Best Epoch [22]
==> Preparing Data Loader...
Epoch: [29][0/37] Time: 0.352 (0.352) lr:0.000750 base_lr:0.000075Loss: 3.1691 (3.1691) iLoss: 0.0147 (0.0147) CLoss: 0.0003 (0.0003) da_loss: 0.4840 (0.4840) dd_loss: 3.0573 (3.0573) Accu: 100.00
Test Epoch: 29
original feature:   Rank-1: 76.00% | Rank-5: 94.00% | Rank-10: 98.00%| Rank-20: 100.00%| mAP: 75.66%| mINP: 67.27%
feature after BN:   Rank-1: 74.00% | Rank-5: 96.00% | Rank-10: 100.00%| Rank-20: 100.00%| mAP: 75.08%| mINP: 66.71%
Best Epoch [22]
==> Preparing Data Loader...
Epoch: [30][0/37] Time: 0.347 (0.347) lr:0.000740 base_lr:0.000074Loss: 3.3194 (3.3194) iLoss: 0.0044 (0.0044) CLoss: 0.0000 (0.0000) da_loss: 0.4279 (0.4279) dd_loss: 3.2295 (3.2295) Accu: 100.00
Test Epoch: 30
original feature:   Rank-1: 80.00% | Rank-5: 94.00% | Rank-10: 98.00%| Rank-20: 98.00%| mAP: 78.46%| mINP: 70.72%
feature after BN:   Rank-1: 80.00% | Rank-5: 94.00% | Rank-10: 98.00%| Rank-20: 100.00%| mAP: 76.04%| mINP: 66.25%
Best Epoch [30]
==> Preparing Data Loader...
Epoch: [31][0/37] Time: 0.365 (0.365) lr:0.000729 base_lr:0.000073Loss: 3.3168 (3.3168) iLoss: 0.0037 (0.0037) CLoss: 0.0000 (0.0000) da_loss: 0.4505 (0.4505) dd_loss: 3.2231 (3.2231) Accu: 100.00
Test Epoch: 31
original feature:   Rank-1: 68.00% | Rank-5: 94.00% | Rank-10: 98.00%| Rank-20: 100.00%| mAP: 73.20%| mINP: 67.89%
feature after BN:   Rank-1: 70.00% | Rank-5: 90.00% | Rank-10: 100.00%| Rank-20: 100.00%| mAP: 74.92%| mINP: 69.72%
Best Epoch [30]
==> Preparing Data Loader...
Epoch: [32][0/37] Time: 0.341 (0.341) lr:0.000718 base_lr:0.000072Loss: 2.8332 (2.8332) iLoss: 0.0080 (0.0080) CLoss: 0.0000 (0.0000) da_loss: 0.4277 (0.4277) dd_loss: 2.7396 (2.7396) Accu: 100.00
Test Epoch: 32
original feature:   Rank-1: 72.00% | Rank-5: 96.00% | Rank-10: 98.00%| Rank-20: 100.00%| mAP: 74.21%| mINP: 66.99%
feature after BN:   Rank-1: 76.00% | Rank-5: 92.00% | Rank-10: 96.00%| Rank-20: 100.00%| mAP: 75.76%| mINP: 67.84%
Best Epoch [30]
==> Preparing Data Loader...
Epoch: [33][0/37] Time: 0.332 (0.332) lr:0.000707 base_lr:0.000071Loss: 2.7757 (2.7757) iLoss: 0.0058 (0.0058) CLoss: 0.0000 (0.0000) da_loss: 0.4252 (0.4252) dd_loss: 2.6848 (2.6848) Accu: 100.00
Test Epoch: 33
original feature:   Rank-1: 74.00% | Rank-5: 98.00% | Rank-10: 98.00%| Rank-20: 98.00%| mAP: 76.31%| mINP: 69.43%
feature after BN:   Rank-1: 76.00% | Rank-5: 96.00% | Rank-10: 98.00%| Rank-20: 100.00%| mAP: 75.40%| mINP: 66.92%
Best Epoch [30]
==> Preparing Data Loader...
Epoch: [34][0/37] Time: 0.348 (0.348) lr:0.000697 base_lr:0.000070Loss: 2.8218 (2.8218) iLoss: 0.0025 (0.0025) CLoss: 0.0000 (0.0000) da_loss: 0.4031 (0.4031) dd_loss: 2.7387 (2.7387) Accu: 100.00
Test Epoch: 34
original feature:   Rank-1: 82.00% | Rank-5: 94.00% | Rank-10: 98.00%| Rank-20: 100.00%| mAP: 78.15%| mINP: 69.03%
feature after BN:   Rank-1: 76.00% | Rank-5: 94.00% | Rank-10: 100.00%| Rank-20: 100.00%| mAP: 77.14%| mINP: 69.13%
Best Epoch [30]
==> Preparing Data Loader...
Epoch: [35][0/37] Time: 0.335 (0.335) lr:0.000686 base_lr:0.000069Loss: 2.5973 (2.5973) iLoss: 0.0072 (0.0072) CLoss: 0.0000 (0.0000) da_loss: 0.4075 (0.4075) dd_loss: 2.5086 (2.5086) Accu: 100.00
Test Epoch: 35
original feature:   Rank-1: 78.00% | Rank-5: 96.00% | Rank-10: 100.00%| Rank-20: 100.00%| mAP: 75.25%| mINP: 66.28%
feature after BN:   Rank-1: 78.00% | Rank-5: 98.00% | Rank-10: 100.00%| Rank-20: 100.00%| mAP: 76.81%| mINP: 67.20%
Best Epoch [30]
==> Preparing Data Loader...
Epoch: [36][0/37] Time: 0.339 (0.339) lr:0.000675 base_lr:0.000068Loss: 2.7819 (2.7819) iLoss: 0.0044 (0.0044) CLoss: 0.0000 (0.0000) da_loss: 0.3518 (0.3518) dd_loss: 2.7072 (2.7072) Accu: 100.00
Test Epoch: 36
original feature:   Rank-1: 76.00% | Rank-5: 90.00% | Rank-10: 98.00%| Rank-20: 100.00%| mAP: 75.35%| mINP: 67.53%
feature after BN:   Rank-1: 72.00% | Rank-5: 100.00% | Rank-10: 100.00%| Rank-20: 100.00%| mAP: 74.71%| mINP: 66.35%
Best Epoch [30]
==> Preparing Data Loader...
Epoch: [37][0/37] Time: 0.311 (0.311) lr:0.000665 base_lr:0.000066Loss: 2.6816 (2.6816) iLoss: 0.0035 (0.0035) CLoss: 0.0000 (0.0000) da_loss: 0.3917 (0.3917) dd_loss: 2.5998 (2.5998) Accu: 100.00
Test Epoch: 37
original feature:   Rank-1: 72.00% | Rank-5: 96.00% | Rank-10: 100.00%| Rank-20: 100.00%| mAP: 75.02%| mINP: 68.59%
feature after BN:   Rank-1: 78.00% | Rank-5: 100.00% | Rank-10: 100.00%| Rank-20: 100.00%| mAP: 77.33%| mINP: 68.67%
Best Epoch [30]
==> Preparing Data Loader...
Epoch: [38][0/37] Time: 0.333 (0.333) lr:0.000654 base_lr:0.000065Loss: 2.8902 (2.8902) iLoss: 0.0042 (0.0042) CLoss: 0.0000 (0.0000) da_loss: 0.3965 (0.3965) dd_loss: 2.8067 (2.8067) Accu: 100.00
Test Epoch: 38
original feature:   Rank-1: 68.00% | Rank-5: 96.00% | Rank-10: 100.00%| Rank-20: 100.00%| mAP: 73.98%| mINP: 67.99%
feature after BN:   Rank-1: 70.00% | Rank-5: 98.00% | Rank-10: 100.00%| Rank-20: 100.00%| mAP: 75.06%| mINP: 67.67%
Best Epoch [30]
==> Preparing Data Loader...
Epoch: [39][0/37] Time: 0.348 (0.348) lr:0.000643 base_lr:0.000064Loss: 2.6367 (2.6367) iLoss: 0.0036 (0.0036) CLoss: 0.0000 (0.0000) da_loss: 0.3743 (0.3743) dd_loss: 2.5583 (2.5583) Accu: 100.00
Test Epoch: 39
original feature:   Rank-1: 68.00% | Rank-5: 94.00% | Rank-10: 100.00%| Rank-20: 100.00%| mAP: 73.67%| mINP: 67.53%
feature after BN:   Rank-1: 74.00% | Rank-5: 98.00% | Rank-10: 100.00%| Rank-20: 100.00%| mAP: 76.39%| mINP: 68.03%
Best Epoch [30]
==> Preparing Data Loader...
Epoch: [40][0/37] Time: 0.375 (0.375) lr:0.000632 base_lr:0.000063Loss: 2.5604 (2.5604) iLoss: 0.0046 (0.0046) CLoss: 0.0000 (0.0000) da_loss: 0.3929 (0.3929) dd_loss: 2.4772 (2.4772) Accu: 100.00
Test Epoch: 40
original feature:   Rank-1: 74.00% | Rank-5: 96.00% | Rank-10: 100.00%| Rank-20: 100.00%| mAP: 77.70%| mINP: 71.54%
feature after BN:   Rank-1: 76.00% | Rank-5: 98.00% | Rank-10: 100.00%| Rank-20: 100.00%| mAP: 77.61%| mINP: 69.53%
Best Epoch [30]
==> Preparing Data Loader...
Epoch: [41][0/37] Time: 0.340 (0.340) lr:0.000622 base_lr:0.000062Loss: 2.9369 (2.9369) iLoss: 0.0042 (0.0042) CLoss: 0.0000 (0.0000) da_loss: 0.3813 (0.3813) dd_loss: 2.8564 (2.8564) Accu: 100.00
Test Epoch: 41
original feature:   Rank-1: 66.00% | Rank-5: 98.00% | Rank-10: 100.00%| Rank-20: 100.00%| mAP: 72.13%| mINP: 66.05%
feature after BN:   Rank-1: 72.00% | Rank-5: 98.00% | Rank-10: 100.00%| Rank-20: 100.00%| mAP: 76.23%| mINP: 68.72%
Best Epoch [30]
==> Preparing Data Loader...
Epoch: [42][0/37] Time: 0.355 (0.355) lr:0.000611 base_lr:0.000061Loss: 2.7406 (2.7406) iLoss: 0.0028 (0.0028) CLoss: 0.0000 (0.0000) da_loss: 0.3689 (0.3689) dd_loss: 2.6640 (2.6640) Accu: 100.00
Test Epoch: 42
original feature:   Rank-1: 72.00% | Rank-5: 92.00% | Rank-10: 100.00%| Rank-20: 100.00%| mAP: 73.92%| mINP: 67.19%
feature after BN:   Rank-1: 68.00% | Rank-5: 96.00% | Rank-10: 100.00%| Rank-20: 100.00%| mAP: 74.55%| mINP: 67.86%
Best Epoch [30]
==> Preparing Data Loader...
Epoch: [43][0/37] Time: 0.351 (0.351) lr:0.000600 base_lr:0.000060Loss: 2.7081 (2.7081) iLoss: 0.0067 (0.0067) CLoss: 0.0000 (0.0000) da_loss: 0.4071 (0.4071) dd_loss: 2.6200 (2.6200) Accu: 100.00
Test Epoch: 43
original feature:   Rank-1: 68.00% | Rank-5: 98.00% | Rank-10: 100.00%| Rank-20: 100.00%| mAP: 73.00%| mINP: 66.64%
feature after BN:   Rank-1: 76.00% | Rank-5: 98.00% | Rank-10: 100.00%| Rank-20: 100.00%| mAP: 78.09%| mINP: 70.16%
Best Epoch [30]
==> Preparing Data Loader...
Epoch: [44][0/37] Time: 0.340 (0.340) lr:0.000590 base_lr:0.000059Loss: 2.4933 (2.4933) iLoss: 0.0039 (0.0039) CLoss: 0.0000 (0.0000) da_loss: 0.3449 (0.3449) dd_loss: 2.4205 (2.4205) Accu: 100.00
Test Epoch: 44
original feature:   Rank-1: 72.00% | Rank-5: 98.00% | Rank-10: 100.00%| Rank-20: 100.00%| mAP: 76.93%| mINP: 70.45%
feature after BN:   Rank-1: 80.00% | Rank-5: 98.00% | Rank-10: 100.00%| Rank-20: 100.00%| mAP: 79.70%| mINP: 71.57%
Best Epoch [44]
==> Preparing Data Loader...
Epoch: [45][0/37] Time: 0.348 (0.348) lr:0.000579 base_lr:0.000058Loss: 3.0011 (3.0011) iLoss: 0.0033 (0.0033) CLoss: 0.0000 (0.0000) da_loss: 0.3505 (0.3505) dd_loss: 2.9277 (2.9277) Accu: 100.00
Test Epoch: 45
original feature:   Rank-1: 72.00% | Rank-5: 96.00% | Rank-10: 100.00%| Rank-20: 100.00%| mAP: 77.48%| mINP: 70.95%
feature after BN:   Rank-1: 80.00% | Rank-5: 98.00% | Rank-10: 100.00%| Rank-20: 100.00%| mAP: 80.32%| mINP: 72.13%
Best Epoch [45]
==> Preparing Data Loader...
Epoch: [46][0/37] Time: 0.342 (0.342) lr:0.000568 base_lr:0.000057Loss: 2.5048 (2.5048) iLoss: 0.0045 (0.0045) CLoss: 0.0000 (0.0000) da_loss: 0.3670 (0.3670) dd_loss: 2.4269 (2.4269) Accu: 100.00
Test Epoch: 46
original feature:   Rank-1: 72.00% | Rank-5: 98.00% | Rank-10: 100.00%| Rank-20: 100.00%| mAP: 77.35%| mINP: 71.09%
feature after BN:   Rank-1: 80.00% | Rank-5: 98.00% | Rank-10: 100.00%| Rank-20: 100.00%| mAP: 79.33%| mINP: 70.00%
Best Epoch [46]
==> Preparing Data Loader...
Epoch: [47][0/37] Time: 0.337 (0.337) lr:0.000557 base_lr:0.000056Loss: 2.4903 (2.4903) iLoss: 0.0028 (0.0028) CLoss: 0.0000 (0.0000) da_loss: 0.3459 (0.3459) dd_loss: 2.4184 (2.4184) Accu: 100.00
Test Epoch: 47
original feature:   Rank-1: 68.00% | Rank-5: 100.00% | Rank-10: 100.00%| Rank-20: 100.00%| mAP: 76.18%| mINP: 71.03%
feature after BN:   Rank-1: 78.00% | Rank-5: 100.00% | Rank-10: 100.00%| Rank-20: 100.00%| mAP: 78.35%| mINP: 69.53%
Best Epoch [46]
==> Preparing Data Loader...
Epoch: [48][0/37] Time: 0.367 (0.367) lr:0.000547 base_lr:0.000055Loss: 2.3682 (2.3682) iLoss: 0.0025 (0.0025) CLoss: 0.0000 (0.0000) da_loss: 0.2996 (0.2996) dd_loss: 2.3058 (2.3058) Accu: 100.00
Test Epoch: 48
original feature:   Rank-1: 76.00% | Rank-5: 98.00% | Rank-10: 98.00%| Rank-20: 100.00%| mAP: 77.32%| mINP: 69.55%
feature after BN:   Rank-1: 80.00% | Rank-5: 98.00% | Rank-10: 100.00%| Rank-20: 100.00%| mAP: 79.58%| mINP: 71.18%
Best Epoch [48]
==> Preparing Data Loader...
Epoch: [49][0/37] Time: 0.293 (0.293) lr:0.000536 base_lr:0.000054Loss: 2.6274 (2.6274) iLoss: 0.0053 (0.0053) CLoss: 0.0000 (0.0000) da_loss: 0.3484 (0.3484) dd_loss: 2.5524 (2.5524) Accu: 100.00
Test Epoch: 49
original feature:   Rank-1: 70.00% | Rank-5: 98.00% | Rank-10: 100.00%| Rank-20: 100.00%| mAP: 77.73%| mINP: 72.68%
feature after BN:   Rank-1: 76.00% | Rank-5: 100.00% | Rank-10: 100.00%| Rank-20: 100.00%| mAP: 79.32%| mINP: 72.41%
Best Epoch [48]
==> Preparing Data Loader...
Epoch: [50][0/37] Time: 0.335 (0.335) lr:0.000525 base_lr:0.000053Loss: 2.3814 (2.3814) iLoss: 0.0014 (0.0014) CLoss: 0.0000 (0.0000) da_loss: 0.3282 (0.3282) dd_loss: 2.3143 (2.3143) Accu: 100.00
Test Epoch: 50
original feature:   Rank-1: 76.00% | Rank-5: 96.00% | Rank-10: 100.00%| Rank-20: 100.00%| mAP: 77.64%| mINP: 70.03%
feature after BN:   Rank-1: 82.00% | Rank-5: 100.00% | Rank-10: 100.00%| Rank-20: 100.00%| mAP: 80.88%| mINP: 72.09%
Best Epoch [50]
==> Preparing Data Loader...
Epoch: [51][0/37] Time: 0.347 (0.347) lr:0.000515 base_lr:0.000051Loss: 2.5599 (2.5599) iLoss: 0.0047 (0.0047) CLoss: 0.0000 (0.0000) da_loss: 0.3593 (0.3593) dd_loss: 2.4834 (2.4834) Accu: 100.00
Test Epoch: 51
original feature:   Rank-1: 72.00% | Rank-5: 98.00% | Rank-10: 100.00%| Rank-20: 100.00%| mAP: 77.72%| mINP: 72.51%
feature after BN:   Rank-1: 74.00% | Rank-5: 98.00% | Rank-10: 100.00%| Rank-20: 100.00%| mAP: 78.12%| mINP: 71.07%
Best Epoch [50]
==> Preparing Data Loader...
Epoch: [52][0/37] Time: 0.356 (0.356) lr:0.000504 base_lr:0.000050Loss: 2.3537 (2.3537) iLoss: 0.0025 (0.0025) CLoss: 0.0000 (0.0000) da_loss: 0.3271 (0.3271) dd_loss: 2.2857 (2.2857) Accu: 100.00
Test Epoch: 52
original feature:   Rank-1: 76.00% | Rank-5: 96.00% | Rank-10: 100.00%| Rank-20: 100.00%| mAP: 78.84%| mINP: 72.23%
feature after BN:   Rank-1: 80.00% | Rank-5: 100.00% | Rank-10: 100.00%| Rank-20: 100.00%| mAP: 79.35%| mINP: 69.87%
Best Epoch [50]
==> Preparing Data Loader...
Epoch: [53][0/37] Time: 0.335 (0.335) lr:0.000493 base_lr:0.000049Loss: 2.4384 (2.4384) iLoss: 0.0045 (0.0045) CLoss: 0.0000 (0.0000) da_loss: 0.3150 (0.3150) dd_loss: 2.3709 (2.3709) Accu: 100.00
Test Epoch: 53
original feature:   Rank-1: 72.00% | Rank-5: 100.00% | Rank-10: 100.00%| Rank-20: 100.00%| mAP: 77.84%| mINP: 72.52%
feature after BN:   Rank-1: 78.00% | Rank-5: 100.00% | Rank-10: 100.00%| Rank-20: 100.00%| mAP: 79.76%| mINP: 73.02%
Best Epoch [50]
==> Preparing Data Loader...
Epoch: [54][0/37] Time: 0.339 (0.339) lr:0.000482 base_lr:0.000048Loss: 2.3463 (2.3463) iLoss: 0.0028 (0.0028) CLoss: 0.0000 (0.0000) da_loss: 0.3220 (0.3220) dd_loss: 2.2791 (2.2791) Accu: 100.00
Test Epoch: 54
original feature:   Rank-1: 78.00% | Rank-5: 100.00% | Rank-10: 100.00%| Rank-20: 100.00%| mAP: 79.39%| mINP: 73.04%
feature after BN:   Rank-1: 80.00% | Rank-5: 100.00% | Rank-10: 100.00%| Rank-20: 100.00%| mAP: 81.50%| mINP: 74.66%
Best Epoch [50]
==> Preparing Data Loader...
Epoch: [55][0/37] Time: 0.338 (0.338) lr:0.000472 base_lr:0.000047Loss: 2.3822 (2.3822) iLoss: 0.0036 (0.0036) CLoss: 0.0000 (0.0000) da_loss: 0.3183 (0.3183) dd_loss: 2.3150 (2.3150) Accu: 100.00
Test Epoch: 55
original feature:   Rank-1: 78.00% | Rank-5: 96.00% | Rank-10: 100.00%| Rank-20: 100.00%| mAP: 78.42%| mINP: 71.33%
feature after BN:   Rank-1: 80.00% | Rank-5: 100.00% | Rank-10: 100.00%| Rank-20: 100.00%| mAP: 81.07%| mINP: 73.23%
Best Epoch [50]
==> Preparing Data Loader...
Epoch: [56][0/37] Time: 0.334 (0.334) lr:0.000461 base_lr:0.000046Loss: 2.5705 (2.5705) iLoss: 0.0029 (0.0029) CLoss: 0.0000 (0.0000) da_loss: 0.3473 (0.3473) dd_loss: 2.4981 (2.4981) Accu: 100.00
Test Epoch: 56
original feature:   Rank-1: 80.00% | Rank-5: 100.00% | Rank-10: 100.00%| Rank-20: 100.00%| mAP: 79.76%| mINP: 72.12%
feature after BN:   Rank-1: 78.00% | Rank-5: 100.00% | Rank-10: 100.00%| Rank-20: 100.00%| mAP: 80.14%| mINP: 73.06%
Best Epoch [50]
==> Preparing Data Loader...
Epoch: [57][0/37] Time: 0.332 (0.332) lr:0.000450 base_lr:0.000045Loss: 2.3826 (2.3826) iLoss: 0.0042 (0.0042) CLoss: 0.0000 (0.0000) da_loss: 0.3191 (0.3191) dd_loss: 2.3146 (2.3146) Accu: 100.00
Test Epoch: 57
original feature:   Rank-1: 78.00% | Rank-5: 100.00% | Rank-10: 100.00%| Rank-20: 100.00%| mAP: 79.84%| mINP: 72.18%
feature after BN:   Rank-1: 80.00% | Rank-5: 100.00% | Rank-10: 100.00%| Rank-20: 100.00%| mAP: 81.63%| mINP: 74.44%
Best Epoch [50]
==> Preparing Data Loader...
Epoch: [58][0/37] Time: 0.343 (0.343) lr:0.000440 base_lr:0.000044Loss: 2.3415 (2.3415) iLoss: 0.0017 (0.0017) CLoss: 0.0000 (0.0000) da_loss: 0.3148 (0.3148) dd_loss: 2.2769 (2.2769) Accu: 100.00
Test Epoch: 58
original feature:   Rank-1: 72.00% | Rank-5: 100.00% | Rank-10: 100.00%| Rank-20: 100.00%| mAP: 78.06%| mINP: 72.23%
feature after BN:   Rank-1: 78.00% | Rank-5: 100.00% | Rank-10: 100.00%| Rank-20: 100.00%| mAP: 82.11%| mINP: 77.06%
Best Epoch [50]
==> Preparing Data Loader...
Epoch: [59][0/37] Time: 0.341 (0.341) lr:0.000429 base_lr:0.000043Loss: 2.2322 (2.2322) iLoss: 0.0018 (0.0018) CLoss: 0.0000 (0.0000) da_loss: 0.2968 (0.2968) dd_loss: 2.1711 (2.1711) Accu: 100.00
Test Epoch: 59
original feature:   Rank-1: 74.00% | Rank-5: 100.00% | Rank-10: 100.00%| Rank-20: 100.00%| mAP: 78.28%| mINP: 72.49%
feature after BN:   Rank-1: 82.00% | Rank-5: 100.00% | Rank-10: 100.00%| Rank-20: 100.00%| mAP: 83.09%| mINP: 77.17%
Best Epoch [59]
==> Preparing Data Loader...
Epoch: [60][0/37] Time: 0.342 (0.342) lr:0.000418 base_lr:0.000042Loss: 2.2985 (2.2985) iLoss: 0.0020 (0.0020) CLoss: 0.0000 (0.0000) da_loss: 0.3063 (0.3063) dd_loss: 2.2352 (2.2352) Accu: 100.00
Test Epoch: 60
original feature:   Rank-1: 74.00% | Rank-5: 96.00% | Rank-10: 100.00%| Rank-20: 100.00%| mAP: 79.40%| mINP: 75.28%
feature after BN:   Rank-1: 76.00% | Rank-5: 98.00% | Rank-10: 100.00%| Rank-20: 100.00%| mAP: 80.16%| mINP: 74.93%
Best Epoch [59]
==> Preparing Data Loader...
Epoch: [61][0/37] Time: 0.334 (0.334) lr:0.000407 base_lr:0.000041Loss: 2.4184 (2.4184) iLoss: 0.0032 (0.0032) CLoss: 0.0000 (0.0000) da_loss: 0.3396 (0.3396) dd_loss: 2.3472 (2.3472) Accu: 100.00
Test Epoch: 61
original feature:   Rank-1: 70.00% | Rank-5: 98.00% | Rank-10: 100.00%| Rank-20: 100.00%| mAP: 77.41%| mINP: 72.46%
feature after BN:   Rank-1: 76.00% | Rank-5: 100.00% | Rank-10: 100.00%| Rank-20: 100.00%| mAP: 79.70%| mINP: 73.94%
Best Epoch [59]
==> Preparing Data Loader...
Epoch: [62][0/37] Time: 0.335 (0.335) lr:0.000397 base_lr:0.000040Loss: 2.3694 (2.3694) iLoss: 0.0029 (0.0029) CLoss: 0.0000 (0.0000) da_loss: 0.3429 (0.3429) dd_loss: 2.2979 (2.2979) Accu: 100.00
Test Epoch: 62
original feature:   Rank-1: 72.00% | Rank-5: 100.00% | Rank-10: 100.00%| Rank-20: 100.00%| mAP: 77.11%| mINP: 71.88%
feature after BN:   Rank-1: 80.00% | Rank-5: 100.00% | Rank-10: 100.00%| Rank-20: 100.00%| mAP: 80.55%| mINP: 72.27%
Best Epoch [59]
==> Preparing Data Loader...
Epoch: [63][0/37] Time: 0.337 (0.337) lr:0.000386 base_lr:0.000039Loss: 2.3388 (2.3388) iLoss: 0.0035 (0.0035) CLoss: 0.0000 (0.0000) da_loss: 0.2879 (0.2879) dd_loss: 2.2777 (2.2777) Accu: 100.00
Test Epoch: 63
original feature:   Rank-1: 78.00% | Rank-5: 100.00% | Rank-10: 100.00%| Rank-20: 100.00%| mAP: 80.27%| mINP: 73.90%
feature after BN:   Rank-1: 86.00% | Rank-5: 100.00% | Rank-10: 100.00%| Rank-20: 100.00%| mAP: 82.82%| mINP: 74.40%
Best Epoch [63]
==> Preparing Data Loader...
Epoch: [64][0/37] Time: 0.346 (0.346) lr:0.000375 base_lr:0.000038Loss: 2.3702 (2.3702) iLoss: 0.0027 (0.0027) CLoss: 0.0000 (0.0000) da_loss: 0.3219 (0.3219) dd_loss: 2.3031 (2.3031) Accu: 100.00
Test Epoch: 64
original feature:   Rank-1: 76.00% | Rank-5: 100.00% | Rank-10: 100.00%| Rank-20: 100.00%| mAP: 79.59%| mINP: 73.45%
feature after BN:   Rank-1: 78.00% | Rank-5: 100.00% | Rank-10: 100.00%| Rank-20: 100.00%| mAP: 81.56%| mINP: 76.11%
Best Epoch [63]
==> Preparing Data Loader...
Epoch: [65][0/37] Time: 0.280 (0.280) lr:0.000365 base_lr:0.000036Loss: 2.3212 (2.3212) iLoss: 0.0020 (0.0020) CLoss: 0.0000 (0.0000) da_loss: 0.2908 (0.2908) dd_loss: 2.2610 (2.2610) Accu: 100.00
Test Epoch: 65
original feature:   Rank-1: 78.00% | Rank-5: 98.00% | Rank-10: 100.00%| Rank-20: 100.00%| mAP: 81.34%| mINP: 76.34%
feature after BN:   Rank-1: 78.00% | Rank-5: 100.00% | Rank-10: 100.00%| Rank-20: 100.00%| mAP: 80.41%| mINP: 73.65%
Best Epoch [63]
==> Preparing Data Loader...
Epoch: [66][0/37] Time: 0.335 (0.335) lr:0.000354 base_lr:0.000035Loss: 2.3153 (2.3153) iLoss: 0.0026 (0.0026) CLoss: 0.0000 (0.0000) da_loss: 0.3109 (0.3109) dd_loss: 2.2505 (2.2505) Accu: 100.00
Test Epoch: 66
original feature:   Rank-1: 74.00% | Rank-5: 100.00% | Rank-10: 100.00%| Rank-20: 100.00%| mAP: 79.05%| mINP: 72.77%
feature after BN:   Rank-1: 78.00% | Rank-5: 100.00% | Rank-10: 100.00%| Rank-20: 100.00%| mAP: 81.46%| mINP: 74.43%
Best Epoch [63]
==> Preparing Data Loader...
Epoch: [67][0/37] Time: 0.339 (0.339) lr:0.000343 base_lr:0.000034Loss: 2.3238 (2.3238) iLoss: 0.0019 (0.0019) CLoss: 0.0000 (0.0000) da_loss: 0.2985 (0.2985) dd_loss: 2.2622 (2.2622) Accu: 100.00
Test Epoch: 67
original feature:   Rank-1: 78.00% | Rank-5: 100.00% | Rank-10: 100.00%| Rank-20: 100.00%| mAP: 80.99%| mINP: 74.65%
feature after BN:   Rank-1: 82.00% | Rank-5: 100.00% | Rank-10: 100.00%| Rank-20: 100.00%| mAP: 83.30%| mINP: 76.76%
Best Epoch [63]
==> Preparing Data Loader...
Epoch: [68][0/37] Time: 0.355 (0.355) lr:0.000332 base_lr:0.000033Loss: 2.1918 (2.1918) iLoss: 0.0019 (0.0019) CLoss: 0.0000 (0.0000) da_loss: 0.2819 (0.2819) dd_loss: 2.1335 (2.1335) Accu: 100.00
Test Epoch: 68
original feature:   Rank-1: 76.00% | Rank-5: 100.00% | Rank-10: 100.00%| Rank-20: 100.00%| mAP: 79.33%| mINP: 73.87%
feature after BN:   Rank-1: 78.00% | Rank-5: 100.00% | Rank-10: 100.00%| Rank-20: 100.00%| mAP: 81.88%| mINP: 76.10%
Best Epoch [63]
==> Preparing Data Loader...
Epoch: [69][0/37] Time: 0.341 (0.341) lr:0.000322 base_lr:0.000032Loss: 2.2271 (2.2271) iLoss: 0.0021 (0.0021) CLoss: 0.0000 (0.0000) da_loss: 0.2752 (0.2752) dd_loss: 2.1699 (2.1699) Accu: 100.00
Test Epoch: 69
original feature:   Rank-1: 72.00% | Rank-5: 100.00% | Rank-10: 100.00%| Rank-20: 100.00%| mAP: 78.32%| mINP: 72.91%
feature after BN:   Rank-1: 74.00% | Rank-5: 100.00% | Rank-10: 100.00%| Rank-20: 100.00%| mAP: 80.64%| mINP: 75.44%
Best Epoch [63]
==> Preparing Data Loader...
Epoch: [70][0/37] Time: 0.337 (0.337) lr:0.000311 base_lr:0.000031Loss: 2.2619 (2.2619) iLoss: 0.0023 (0.0023) CLoss: 0.0000 (0.0000) da_loss: 0.3019 (0.3019) dd_loss: 2.1993 (2.1993) Accu: 100.00
Test Epoch: 70
original feature:   Rank-1: 76.00% | Rank-5: 100.00% | Rank-10: 100.00%| Rank-20: 100.00%| mAP: 79.78%| mINP: 74.15%
feature after BN:   Rank-1: 82.00% | Rank-5: 100.00% | Rank-10: 100.00%| Rank-20: 100.00%| mAP: 81.85%| mINP: 73.53%
Best Epoch [63]
==> Preparing Data Loader...
Epoch: [71][0/37] Time: 0.337 (0.337) lr:0.000300 base_lr:0.000030Loss: 2.1907 (2.1907) iLoss: 0.0014 (0.0014) CLoss: 0.0000 (0.0000) da_loss: 0.2896 (0.2896) dd_loss: 2.1314 (2.1314) Accu: 100.00
Test Epoch: 71
original feature:   Rank-1: 78.00% | Rank-5: 98.00% | Rank-10: 100.00%| Rank-20: 100.00%| mAP: 81.21%| mINP: 76.09%
feature after BN:   Rank-1: 80.00% | Rank-5: 100.00% | Rank-10: 100.00%| Rank-20: 100.00%| mAP: 81.28%| mINP: 73.73%
Best Epoch [63]
==> Preparing Data Loader...
Epoch: [72][0/37] Time: 0.328 (0.328) lr:0.000290 base_lr:0.000029Loss: 2.2423 (2.2423) iLoss: 0.0023 (0.0023) CLoss: 0.0000 (0.0000) da_loss: 0.2911 (0.2911) dd_loss: 2.1818 (2.1818) Accu: 100.00
Test Epoch: 72
original feature:   Rank-1: 78.00% | Rank-5: 98.00% | Rank-10: 100.00%| Rank-20: 100.00%| mAP: 82.13%| mINP: 77.43%
feature after BN:   Rank-1: 84.00% | Rank-5: 100.00% | Rank-10: 100.00%| Rank-20: 100.00%| mAP: 83.51%| mINP: 75.52%
Best Epoch [63]
==> Preparing Data Loader...
Epoch: [73][0/37] Time: 0.344 (0.344) lr:0.000279 base_lr:0.000028Loss: 2.1948 (2.1948) iLoss: 0.0015 (0.0015) CLoss: 0.0000 (0.0000) da_loss: 0.2866 (0.2866) dd_loss: 2.1360 (2.1360) Accu: 100.00
Test Epoch: 73
original feature:   Rank-1: 82.00% | Rank-5: 100.00% | Rank-10: 100.00%| Rank-20: 100.00%| mAP: 82.80%| mINP: 76.70%
feature after BN:   Rank-1: 84.00% | Rank-5: 100.00% | Rank-10: 100.00%| Rank-20: 100.00%| mAP: 82.21%| mINP: 73.58%
Best Epoch [63]
==> Preparing Data Loader...
Epoch: [74][0/37] Time: 0.363 (0.363) lr:0.000268 base_lr:0.000027Loss: 2.2447 (2.2447) iLoss: 0.0020 (0.0020) CLoss: 0.0000 (0.0000) da_loss: 0.2999 (0.2999) dd_loss: 2.1827 (2.1827) Accu: 100.00
Test Epoch: 74
original feature:   Rank-1: 80.00% | Rank-5: 98.00% | Rank-10: 100.00%| Rank-20: 100.00%| mAP: 82.64%| mINP: 77.79%
feature after BN:   Rank-1: 82.00% | Rank-5: 100.00% | Rank-10: 100.00%| Rank-20: 100.00%| mAP: 82.99%| mINP: 76.14%
Best Epoch [63]
==> Preparing Data Loader...
Epoch: [75][0/37] Time: 0.338 (0.338) lr:0.000257 base_lr:0.000026Loss: 2.1852 (2.1852) iLoss: 0.0019 (0.0019) CLoss: 0.0000 (0.0000) da_loss: 0.2864 (0.2864) dd_loss: 2.1260 (2.1260) Accu: 100.00
Test Epoch: 75
original feature:   Rank-1: 80.00% | Rank-5: 98.00% | Rank-10: 100.00%| Rank-20: 100.00%| mAP: 82.98%| mINP: 78.47%
feature after BN:   Rank-1: 84.00% | Rank-5: 100.00% | Rank-10: 100.00%| Rank-20: 100.00%| mAP: 83.01%| mINP: 74.86%
Best Epoch [63]
==> Preparing Data Loader...
Epoch: [76][0/37] Time: 0.341 (0.341) lr:0.000247 base_lr:0.000025Loss: 2.1718 (2.1718) iLoss: 0.0009 (0.0009) CLoss: 0.0000 (0.0000) da_loss: 0.2752 (0.2752) dd_loss: 2.1159 (2.1159) Accu: 100.00
Test Epoch: 76
original feature:   Rank-1: 82.00% | Rank-5: 100.00% | Rank-10: 100.00%| Rank-20: 100.00%| mAP: 83.34%| mINP: 77.95%
feature after BN:   Rank-1: 82.00% | Rank-5: 100.00% | Rank-10: 100.00%| Rank-20: 100.00%| mAP: 83.01%| mINP: 76.18%
Best Epoch [63]
==> Preparing Data Loader...
Epoch: [77][0/37] Time: 0.339 (0.339) lr:0.000236 base_lr:0.000024Loss: 2.2450 (2.2450) iLoss: 0.0014 (0.0014) CLoss: 0.0000 (0.0000) da_loss: 0.2824 (0.2824) dd_loss: 2.1871 (2.1871) Accu: 100.00
Test Epoch: 77
original feature:   Rank-1: 84.00% | Rank-5: 100.00% | Rank-10: 100.00%| Rank-20: 100.00%| mAP: 83.94%| mINP: 77.99%
feature after BN:   Rank-1: 86.00% | Rank-5: 100.00% | Rank-10: 100.00%| Rank-20: 100.00%| mAP: 83.72%| mINP: 75.61%
Best Epoch [77]
==> Preparing Data Loader...
Epoch: [78][0/37] Time: 0.359 (0.359) lr:0.000225 base_lr:0.000023Loss: 2.2367 (2.2367) iLoss: 0.0015 (0.0015) CLoss: 0.0000 (0.0000) da_loss: 0.2910 (0.2910) dd_loss: 2.1770 (2.1770) Accu: 100.00
Test Epoch: 78
original feature:   Rank-1: 84.00% | Rank-5: 100.00% | Rank-10: 100.00%| Rank-20: 100.00%| mAP: 84.19%| mINP: 78.32%
feature after BN:   Rank-1: 88.00% | Rank-5: 100.00% | Rank-10: 100.00%| Rank-20: 100.00%| mAP: 84.39%| mINP: 75.61%
Best Epoch [78]
==> Preparing Data Loader...
Epoch: [79][0/37] Time: 0.333 (0.333) lr:0.000215 base_lr:0.000021Loss: 2.1840 (2.1840) iLoss: 0.0014 (0.0014) CLoss: 0.0000 (0.0000) da_loss: 0.2923 (0.2923) dd_loss: 2.1241 (2.1241) Accu: 100.00
Test Epoch: 79
original feature:   Rank-1: 84.00% | Rank-5: 100.00% | Rank-10: 100.00%| Rank-20: 100.00%| mAP: 85.13%| mINP: 80.25%
feature after BN:   Rank-1: 84.00% | Rank-5: 100.00% | Rank-10: 100.00%| Rank-20: 100.00%| mAP: 84.34%| mINP: 77.51%
Best Epoch [78]
==> Preparing Data Loader...
Epoch: [80][0/37] Time: 0.352 (0.352) lr:0.000204 base_lr:0.000020Loss: 2.2607 (2.2607) iLoss: 0.0034 (0.0034) CLoss: 0.0000 (0.0000) da_loss: 0.3071 (0.3071) dd_loss: 2.1959 (2.1959) Accu: 100.00
Test Epoch: 80
original feature:   Rank-1: 82.00% | Rank-5: 100.00% | Rank-10: 100.00%| Rank-20: 100.00%| mAP: 82.76%| mINP: 76.29%
feature after BN:   Rank-1: 84.00% | Rank-5: 100.00% | Rank-10: 100.00%| Rank-20: 100.00%| mAP: 83.25%| mINP: 75.33%
Best Epoch [78]
==> Preparing Data Loader...
Epoch: [81][0/37] Time: 0.345 (0.345) lr:0.000193 base_lr:0.000019Loss: 2.1576 (2.1576) iLoss: 0.0012 (0.0012) CLoss: 0.0000 (0.0000) da_loss: 0.2870 (0.2870) dd_loss: 2.0990 (2.0990) Accu: 100.00
Test Epoch: 81
original feature:   Rank-1: 82.00% | Rank-5: 100.00% | Rank-10: 100.00%| Rank-20: 100.00%| mAP: 83.40%| mINP: 77.80%
feature after BN:   Rank-1: 80.00% | Rank-5: 100.00% | Rank-10: 100.00%| Rank-20: 100.00%| mAP: 83.28%| mINP: 77.06%
Best Epoch [78]
==> Preparing Data Loader...
Epoch: [82][0/37] Time: 0.355 (0.355) lr:0.000182 base_lr:0.000018Loss: 2.1847 (2.1847) iLoss: 0.0009 (0.0009) CLoss: 0.0000 (0.0000) da_loss: 0.3035 (0.3035) dd_loss: 2.1231 (2.1231) Accu: 100.00
Test Epoch: 82
original feature:   Rank-1: 84.00% | Rank-5: 100.00% | Rank-10: 100.00%| Rank-20: 100.00%| mAP: 84.27%| mINP: 78.37%
feature after BN:   Rank-1: 82.00% | Rank-5: 100.00% | Rank-10: 100.00%| Rank-20: 100.00%| mAP: 83.36%| mINP: 76.21%
Best Epoch [78]
==> Preparing Data Loader...
Epoch: [83][0/37] Time: 0.367 (0.367) lr:0.000172 base_lr:0.000017Loss: 2.2433 (2.2433) iLoss: 0.0015 (0.0015) CLoss: 0.0000 (0.0000) da_loss: 0.3097 (0.3097) dd_loss: 2.1799 (2.1799) Accu: 100.00
Test Epoch: 83
original feature:   Rank-1: 82.00% | Rank-5: 100.00% | Rank-10: 100.00%| Rank-20: 100.00%| mAP: 83.51%| mINP: 78.18%
feature after BN:   Rank-1: 84.00% | Rank-5: 100.00% | Rank-10: 100.00%| Rank-20: 100.00%| mAP: 82.87%| mINP: 74.58%
Best Epoch [78]
==> Preparing Data Loader...
Epoch: [84][0/37] Time: 0.336 (0.336) lr:0.000161 base_lr:0.000016Loss: 2.1360 (2.1360) iLoss: 0.0019 (0.0019) CLoss: 0.0000 (0.0000) da_loss: 0.2756 (0.2756) dd_loss: 2.0790 (2.0790) Accu: 100.00
Test Epoch: 84
original feature:   Rank-1: 82.00% | Rank-5: 100.00% | Rank-10: 100.00%| Rank-20: 100.00%| mAP: 83.53%| mINP: 77.33%
feature after BN:   Rank-1: 92.00% | Rank-5: 100.00% | Rank-10: 100.00%| Rank-20: 100.00%| mAP: 85.47%| mINP: 75.43%
Best Epoch [84]
==> Preparing Data Loader...
Epoch: [85][0/37] Time: 0.342 (0.342) lr:0.000150 base_lr:0.000015Loss: 2.1190 (2.1190) iLoss: 0.0011 (0.0011) CLoss: 0.0000 (0.0000) da_loss: 0.2962 (0.2962) dd_loss: 2.0587 (2.0587) Accu: 100.00
Test Epoch: 85
original feature:   Rank-1: 82.00% | Rank-5: 100.00% | Rank-10: 100.00%| Rank-20: 100.00%| mAP: 84.01%| mINP: 78.52%
feature after BN:   Rank-1: 88.00% | Rank-5: 100.00% | Rank-10: 100.00%| Rank-20: 100.00%| mAP: 84.72%| mINP: 75.93%
Best Epoch [84]
==> Preparing Data Loader...
Epoch: [86][0/37] Time: 0.349 (0.349) lr:0.000140 base_lr:0.000014Loss: 2.1649 (2.1649) iLoss: 0.0010 (0.0010) CLoss: 0.0000 (0.0000) da_loss: 0.2974 (0.2974) dd_loss: 2.1044 (2.1044) Accu: 100.00
Test Epoch: 86
original feature:   Rank-1: 76.00% | Rank-5: 98.00% | Rank-10: 100.00%| Rank-20: 100.00%| mAP: 81.69%| mINP: 76.72%
feature after BN:   Rank-1: 84.00% | Rank-5: 100.00% | Rank-10: 100.00%| Rank-20: 100.00%| mAP: 83.67%| mINP: 76.17%
Best Epoch [84]
==> Preparing Data Loader...
Epoch: [87][0/37] Time: 0.338 (0.338) lr:0.000129 base_lr:0.000013Loss: 2.1740 (2.1740) iLoss: 0.0012 (0.0012) CLoss: 0.0000 (0.0000) da_loss: 0.3059 (0.3059) dd_loss: 2.1116 (2.1116) Accu: 100.00
Test Epoch: 87
original feature:   Rank-1: 80.00% | Rank-5: 100.00% | Rank-10: 100.00%| Rank-20: 100.00%| mAP: 82.73%| mINP: 77.06%
feature after BN:   Rank-1: 88.00% | Rank-5: 100.00% | Rank-10: 100.00%| Rank-20: 100.00%| mAP: 83.93%| mINP: 74.20%
Best Epoch [84]
==> Preparing Data Loader...
Epoch: [88][0/37] Time: 0.336 (0.336) lr:0.000118 base_lr:0.000012Loss: 2.2197 (2.2197) iLoss: 0.0011 (0.0011) CLoss: 0.0000 (0.0000) da_loss: 0.3021 (0.3021) dd_loss: 2.1581 (2.1581) Accu: 100.00
Test Epoch: 88
original feature:   Rank-1: 80.00% | Rank-5: 100.00% | Rank-10: 100.00%| Rank-20: 100.00%| mAP: 83.32%| mINP: 78.15%
feature after BN:   Rank-1: 88.00% | Rank-5: 100.00% | Rank-10: 100.00%| Rank-20: 100.00%| mAP: 84.79%| mINP: 76.09%
Best Epoch [84]
==> Preparing Data Loader...
Epoch: [89][0/37] Time: 0.353 (0.353) lr:0.000107 base_lr:0.000011Loss: 2.1523 (2.1523) iLoss: 0.0010 (0.0010) CLoss: 0.0000 (0.0000) da_loss: 0.2923 (0.2923) dd_loss: 2.0928 (2.0928) Accu: 100.00
Test Epoch: 89
original feature:   Rank-1: 78.00% | Rank-5: 100.00% | Rank-10: 100.00%| Rank-20: 100.00%| mAP: 83.13%| mINP: 78.76%
feature after BN:   Rank-1: 84.00% | Rank-5: 100.00% | Rank-10: 100.00%| Rank-20: 100.00%| mAP: 83.16%| mINP: 74.98%
Best Epoch [84]
==> Preparing Data Loader...
Epoch: [90][0/37] Time: 0.343 (0.343) lr:0.000097 base_lr:0.000010Loss: 2.1181 (2.1181) iLoss: 0.0010 (0.0010) CLoss: 0.0000 (0.0000) da_loss: 0.2804 (0.2804) dd_loss: 2.0609 (2.0609) Accu: 100.00
Test Epoch: 90
original feature:   Rank-1: 78.00% | Rank-5: 100.00% | Rank-10: 100.00%| Rank-20: 100.00%| mAP: 82.29%| mINP: 77.07%
feature after BN:   Rank-1: 82.00% | Rank-5: 100.00% | Rank-10: 100.00%| Rank-20: 100.00%| mAP: 83.62%| mINP: 76.58%
Best Epoch [84]
==> Preparing Data Loader...
Epoch: [91][0/37] Time: 0.327 (0.327) lr:0.000086 base_lr:0.000009Loss: 2.2018 (2.2018) iLoss: 0.0010 (0.0010) CLoss: 0.0000 (0.0000) da_loss: 0.3174 (0.3174) dd_loss: 2.1373 (2.1373) Accu: 100.00
Test Epoch: 91
original feature:   Rank-1: 80.00% | Rank-5: 100.00% | Rank-10: 100.00%| Rank-20: 100.00%| mAP: 82.95%| mINP: 77.22%
feature after BN:   Rank-1: 86.00% | Rank-5: 100.00% | Rank-10: 100.00%| Rank-20: 100.00%| mAP: 85.10%| mINP: 77.86%
Best Epoch [84]
==> Preparing Data Loader...
Epoch: [92][0/37] Time: 0.345 (0.345) lr:0.000075 base_lr:0.000008Loss: 2.1407 (2.1407) iLoss: 0.0006 (0.0006) CLoss: 0.0000 (0.0000) da_loss: 0.2982 (0.2982) dd_loss: 2.0804 (2.0804) Accu: 100.00
Test Epoch: 92
original feature:   Rank-1: 82.00% | Rank-5: 100.00% | Rank-10: 100.00%| Rank-20: 100.00%| mAP: 83.04%| mINP: 76.75%
feature after BN:   Rank-1: 88.00% | Rank-5: 100.00% | Rank-10: 100.00%| Rank-20: 100.00%| mAP: 85.59%| mINP: 77.52%
Best Epoch [84]
==> Preparing Data Loader...
Epoch: [93][0/37] Time: 0.337 (0.337) lr:0.000065 base_lr:0.000006Loss: 2.1851 (2.1851) iLoss: 0.0010 (0.0010) CLoss: 0.0000 (0.0000) da_loss: 0.2957 (0.2957) dd_loss: 2.1250 (2.1250) Accu: 100.00
Test Epoch: 93
original feature:   Rank-1: 80.00% | Rank-5: 100.00% | Rank-10: 100.00%| Rank-20: 100.00%| mAP: 82.63%| mINP: 77.53%
feature after BN:   Rank-1: 86.00% | Rank-5: 100.00% | Rank-10: 100.00%| Rank-20: 100.00%| mAP: 85.67%| mINP: 79.00%
Best Epoch [84]
==> Preparing Data Loader...
Epoch: [94][0/37] Time: 0.338 (0.338) lr:0.000054 base_lr:0.000005Loss: 2.1661 (2.1661) iLoss: 0.0013 (0.0013) CLoss: 0.0000 (0.0000) da_loss: 0.3043 (0.3043) dd_loss: 2.1039 (2.1039) Accu: 100.00
Test Epoch: 94
original feature:   Rank-1: 82.00% | Rank-5: 100.00% | Rank-10: 100.00%| Rank-20: 100.00%| mAP: 83.99%| mINP: 78.47%
feature after BN:   Rank-1: 88.00% | Rank-5: 100.00% | Rank-10: 100.00%| Rank-20: 100.00%| mAP: 85.65%| mINP: 77.64%
Best Epoch [84]
==> Preparing Data Loader...
Epoch: [95][0/37] Time: 0.343 (0.343) lr:0.000043 base_lr:0.000004Loss: 2.1325 (2.1325) iLoss: 0.0011 (0.0011) CLoss: 0.0000 (0.0000) da_loss: 0.3009 (0.3009) dd_loss: 2.0713 (2.0713) Accu: 100.00
Test Epoch: 95
original feature:   Rank-1: 80.00% | Rank-5: 100.00% | Rank-10: 100.00%| Rank-20: 100.00%| mAP: 83.91%| mINP: 79.42%
feature after BN:   Rank-1: 88.00% | Rank-5: 100.00% | Rank-10: 100.00%| Rank-20: 100.00%| mAP: 84.44%| mINP: 75.54%
Best Epoch [84]
==> Preparing Data Loader...
Epoch: [96][0/37] Time: 0.361 (0.361) lr:0.000032 base_lr:0.000003Loss: 2.2139 (2.2139) iLoss: 0.0010 (0.0010) CLoss: 0.0000 (0.0000) da_loss: 0.3089 (0.3089) dd_loss: 2.1512 (2.1512) Accu: 100.00
Test Epoch: 96
original feature:   Rank-1: 82.00% | Rank-5: 100.00% | Rank-10: 100.00%| Rank-20: 100.00%| mAP: 84.34%| mINP: 78.84%
feature after BN:   Rank-1: 90.00% | Rank-5: 100.00% | Rank-10: 100.00%| Rank-20: 100.00%| mAP: 86.45%| mINP: 78.39%
Best Epoch [84]
==> Preparing Data Loader...
Epoch: [97][0/37] Time: 0.363 (0.363) lr:0.000022 base_lr:0.000002Loss: 2.1746 (2.1746) iLoss: 0.0009 (0.0009) CLoss: 0.0000 (0.0000) da_loss: 0.2982 (0.2982) dd_loss: 2.1141 (2.1141) Accu: 100.00
Test Epoch: 97
original feature:   Rank-1: 82.00% | Rank-5: 100.00% | Rank-10: 100.00%| Rank-20: 100.00%| mAP: 83.75%| mINP: 77.99%
feature after BN:   Rank-1: 86.00% | Rank-5: 100.00% | Rank-10: 100.00%| Rank-20: 100.00%| mAP: 84.75%| mINP: 77.01%
Best Epoch [84]
==> Preparing Data Loader...
Epoch: [98][0/37] Time: 0.373 (0.373) lr:0.000011 base_lr:0.000001Loss: 2.1900 (2.1900) iLoss: 0.0012 (0.0012) CLoss: 0.0000 (0.0000) da_loss: 0.3096 (0.3096) dd_loss: 2.1268 (2.1268) Accu: 100.00
Test Epoch: 98
original feature:   Rank-1: 82.00% | Rank-5: 100.00% | Rank-10: 100.00%| Rank-20: 100.00%| mAP: 83.38%| mINP: 77.25%
feature after BN:   Rank-1: 88.00% | Rank-5: 100.00% | Rank-10: 100.00%| Rank-20: 100.00%| mAP: 84.83%| mINP: 76.15%
Best Epoch [84]
==> Preparing Data Loader...
Epoch: [99][0/37] Time: 0.341 (0.341) lr:0.000000 base_lr:0.000000Loss: 2.1955 (2.1955) iLoss: 0.0022 (0.0022) CLoss: 0.0000 (0.0000) da_loss: 0.3037 (0.3037) dd_loss: 2.1326 (2.1326) Accu: 100.00
Test Epoch: 99
original feature:   Rank-1: 82.00% | Rank-5: 100.00% | Rank-10: 100.00%| Rank-20: 100.00%| mAP: 84.10%| mINP: 78.86%
feature after BN:   Rank-1: 88.00% | Rank-5: 100.00% | Rank-10: 100.00%| Rank-20: 100.00%| mAP: 84.64%| mINP: 76.77%
Best Epoch [84]
