==========
Args:Namespace(augc=0, batch_size=8, dataset='pku', decay_step=16, dim=2048, gpu='0,1,2,3', img_h=288, img_w=144, log_path='log/', lr=0.009, margin=0.5, max_epoch=100, mode='all', model_path='save_model/', noticed='pku-sketchlr0009_AdamW_weightdecay002_test4', num_pos=1, pool_dim=2048, rande=0, rerank='no', save_epoch=1000, seed=23, test_batch=8, trial=1, warm_up_epoch=8, workers=4)
==========
==> Loading data..
data init success!
==> Building model..
==> Building success!..
==> Start Training...
==> Preparing Data Loader...
Epoch: [0][0/37] Time: 4.283 (4.283) lr:0.000112 base_lr:0.000011Loss: 14.2841 (14.2841) iLoss: 5.0220 (5.0220) CLoss: 3.5933 (3.5933) mmd_loss: 1.4336 (1.4336) kl_loss: 0.3630 (0.3630) muloss:5.0191Accu: 0.00
Test Epoch: 0
original feature:   Rank-1: 10.00% | Rank-5: 32.00% | Rank-10: 56.00%| Rank-20: 74.00%| mAP: 13.93%| mINP: 6.22%
feature after BN:   Rank-1: 14.00% | Rank-5: 40.00% | Rank-10: 46.00%| Rank-20: 66.00%| mAP: 19.78%| mINP: 12.56%
Best Epoch [0]
==> Preparing Data Loader...
Epoch: [1][0/37] Time: 0.826 (0.826) lr:0.000225 base_lr:0.000023Loss: 13.8640 (13.8640) iLoss: 4.9929 (4.9929) CLoss: 3.3744 (3.3744) mmd_loss: 1.0838 (1.0838) kl_loss: 0.3419 (0.3419) muloss:4.9380Accu: 25.00
Test Epoch: 1
original feature:   Rank-1: 18.00% | Rank-5: 38.00% | Rank-10: 52.00%| Rank-20: 68.00%| mAP: 19.33%| mINP: 9.74%
feature after BN:   Rank-1: 16.00% | Rank-5: 36.00% | Rank-10: 50.00%| Rank-20: 66.00%| mAP: 19.26%| mINP: 12.59%
Best Epoch [1]
==> Preparing Data Loader...
Epoch: [2][0/37] Time: 0.637 (0.637) lr:0.000338 base_lr:0.000034Loss: 12.3415 (12.3415) iLoss: 4.8950 (4.8950) CLoss: 2.3039 (2.3039) mmd_loss: 0.9435 (0.9435) kl_loss: 0.3286 (0.3286) muloss:4.6253Accu: 18.75
Test Epoch: 2
original feature:   Rank-1: 22.00% | Rank-5: 52.00% | Rank-10: 66.00%| Rank-20: 82.00%| mAP: 25.87%| mINP: 15.87%
feature after BN:   Rank-1: 24.00% | Rank-5: 58.00% | Rank-10: 70.00%| Rank-20: 86.00%| mAP: 31.32%| mINP: 23.49%
Best Epoch [2]
==> Preparing Data Loader...
Epoch: [3][0/37] Time: 0.580 (0.580) lr:0.000450 base_lr:0.000045Loss: 10.9080 (10.9080) iLoss: 4.6687 (4.6687) CLoss: 1.6007 (1.6007) mmd_loss: 0.8430 (0.8430) kl_loss: 0.3387 (0.3387) muloss:4.1313Accu: 31.25
Test Epoch: 3
original feature:   Rank-1: 34.00% | Rank-5: 58.00% | Rank-10: 72.00%| Rank-20: 88.00%| mAP: 35.53%| mINP: 25.12%
feature after BN:   Rank-1: 36.00% | Rank-5: 56.00% | Rank-10: 82.00%| Rank-20: 92.00%| mAP: 37.63%| mINP: 27.42%
Best Epoch [3]
==> Preparing Data Loader...
Epoch: [4][0/37] Time: 0.589 (0.589) lr:0.000562 base_lr:0.000056Loss: 8.8677 (8.8677) iLoss: 4.3966 (4.3966) CLoss: 0.7168 (0.7168) mmd_loss: 0.6037 (0.6037) kl_loss: 0.3651 (0.3651) muloss:3.2685Accu: 37.50
Test Epoch: 4
original feature:   Rank-1: 46.00% | Rank-5: 74.00% | Rank-10: 82.00%| Rank-20: 94.00%| mAP: 49.22%| mINP: 40.50%
feature after BN:   Rank-1: 44.00% | Rank-5: 74.00% | Rank-10: 88.00%| Rank-20: 94.00%| mAP: 47.36%| mINP: 37.10%
Best Epoch [4]
==> Preparing Data Loader...
Epoch: [5][0/37] Time: 0.712 (0.712) lr:0.000675 base_lr:0.000068Loss: 7.1621 (7.1621) iLoss: 3.8734 (3.8734) CLoss: 0.1892 (0.1892) mmd_loss: 0.4970 (0.4970) kl_loss: 0.4355 (0.4355) muloss:2.5645Accu: 18.75
Test Epoch: 5
original feature:   Rank-1: 48.00% | Rank-5: 66.00% | Rank-10: 82.00%| Rank-20: 98.00%| mAP: 47.31%| mINP: 37.62%
feature after BN:   Rank-1: 48.00% | Rank-5: 78.00% | Rank-10: 88.00%| Rank-20: 94.00%| mAP: 48.98%| mINP: 38.29%
Best Epoch [5]
==> Preparing Data Loader...
Epoch: [6][0/37] Time: 0.871 (0.871) lr:0.000788 base_lr:0.000079Loss: 6.8201 (6.8201) iLoss: 3.6694 (3.6694) CLoss: 0.1909 (0.1909) mmd_loss: 0.5626 (0.5626) kl_loss: 0.6077 (0.6077) muloss:2.2396Accu: 37.50
Test Epoch: 6
original feature:   Rank-1: 46.00% | Rank-5: 82.00% | Rank-10: 96.00%| Rank-20: 98.00%| mAP: 52.24%| mINP: 44.38%
feature after BN:   Rank-1: 40.00% | Rank-5: 86.00% | Rank-10: 88.00%| Rank-20: 96.00%| mAP: 49.46%| mINP: 41.28%
Best Epoch [5]
==> Preparing Data Loader...
Epoch: [7][0/37] Time: 0.589 (0.589) lr:0.000900 base_lr:0.000090Loss: 6.1600 (6.1600) iLoss: 3.1982 (3.1982) CLoss: 0.0719 (0.0719) mmd_loss: 0.4838 (0.4838) kl_loss: 0.5838 (0.5838) muloss:2.2093Accu: 50.00
Test Epoch: 7
original feature:   Rank-1: 52.00% | Rank-5: 86.00% | Rank-10: 96.00%| Rank-20: 98.00%| mAP: 57.51%| mINP: 48.16%
feature after BN:   Rank-1: 56.00% | Rank-5: 94.00% | Rank-10: 98.00%| Rank-20: 98.00%| mAP: 56.49%| mINP: 42.94%
Best Epoch [7]
==> Preparing Data Loader...
Epoch: [8][0/37] Time: 0.812 (0.812) lr:0.000900 base_lr:0.000090Loss: 4.5317 (4.5317) iLoss: 1.9513 (1.9513) CLoss: 0.1031 (0.1031) mmd_loss: 0.4607 (0.4607) kl_loss: 0.6581 (0.6581) muloss:1.7271Accu: 75.00
Test Epoch: 8
original feature:   Rank-1: 50.00% | Rank-5: 80.00% | Rank-10: 94.00%| Rank-20: 100.00%| mAP: 54.18%| mINP: 45.23%
feature after BN:   Rank-1: 48.00% | Rank-5: 82.00% | Rank-10: 94.00%| Rank-20: 98.00%| mAP: 53.78%| mINP: 43.48%
Best Epoch [7]
==> Preparing Data Loader...
Epoch: [9][0/37] Time: 0.715 (0.715) lr:0.000899 base_lr:0.000090Loss: 3.6891 (3.6891) iLoss: 1.7217 (1.7217) CLoss: 0.0447 (0.0447) mmd_loss: 0.4444 (0.4444) kl_loss: 0.6455 (0.6455) muloss:1.1882Accu: 81.25
Test Epoch: 9
original feature:   Rank-1: 60.00% | Rank-5: 88.00% | Rank-10: 100.00%| Rank-20: 100.00%| mAP: 60.95%| mINP: 50.35%
feature after BN:   Rank-1: 56.00% | Rank-5: 90.00% | Rank-10: 94.00%| Rank-20: 98.00%| mAP: 59.25%| mINP: 50.54%
Best Epoch [9]
==> Preparing Data Loader...
Epoch: [10][0/37] Time: 0.604 (0.604) lr:0.000898 base_lr:0.000090Loss: 3.8560 (3.8560) iLoss: 1.6939 (1.6939) CLoss: 0.0002 (0.0002) mmd_loss: 0.4275 (0.4275) kl_loss: 0.6933 (0.6933) muloss:1.3832Accu: 68.75
Test Epoch: 10
original feature:   Rank-1: 56.00% | Rank-5: 90.00% | Rank-10: 100.00%| Rank-20: 100.00%| mAP: 60.83%| mINP: 51.56%
feature after BN:   Rank-1: 60.00% | Rank-5: 90.00% | Rank-10: 98.00%| Rank-20: 98.00%| mAP: 61.16%| mINP: 50.98%
Best Epoch [9]
==> Preparing Data Loader...
Epoch: [11][0/37] Time: 0.909 (0.909) lr:0.000896 base_lr:0.000090Loss: 3.1530 (3.1530) iLoss: 1.0148 (1.0148) CLoss: 0.0004 (0.0004) mmd_loss: 0.4519 (0.4519) kl_loss: 0.5562 (0.5562) muloss:1.4912Accu: 100.00
Test Epoch: 11
original feature:   Rank-1: 64.00% | Rank-5: 92.00% | Rank-10: 100.00%| Rank-20: 100.00%| mAP: 66.24%| mINP: 57.15%
feature after BN:   Rank-1: 66.00% | Rank-5: 94.00% | Rank-10: 98.00%| Rank-20: 98.00%| mAP: 65.87%| mINP: 54.85%
Best Epoch [11]
==> Preparing Data Loader...
Epoch: [12][0/37] Time: 0.922 (0.922) lr:0.000893 base_lr:0.000089Loss: 2.8257 (2.8257) iLoss: 0.7794 (0.7794) CLoss: 0.0004 (0.0004) mmd_loss: 0.4261 (0.4261) kl_loss: 0.8237 (0.8237) muloss:1.1369Accu: 100.00
Test Epoch: 12
original feature:   Rank-1: 66.00% | Rank-5: 94.00% | Rank-10: 98.00%| Rank-20: 100.00%| mAP: 68.46%| mINP: 58.25%
feature after BN:   Rank-1: 70.00% | Rank-5: 92.00% | Rank-10: 98.00%| Rank-20: 100.00%| mAP: 65.81%| mINP: 52.75%
Best Epoch [12]
==> Preparing Data Loader...
Epoch: [13][0/37] Time: 0.743 (0.743) lr:0.000891 base_lr:0.000089Loss: 2.0840 (2.0840) iLoss: 0.4561 (0.4561) CLoss: 0.0000 (0.0000) mmd_loss: 0.3649 (0.3649) kl_loss: 0.6306 (0.6306) muloss:0.9243Accu: 100.00
Test Epoch: 13
original feature:   Rank-1: 60.00% | Rank-5: 96.00% | Rank-10: 100.00%| Rank-20: 100.00%| mAP: 64.01%| mINP: 52.81%
feature after BN:   Rank-1: 64.00% | Rank-5: 92.00% | Rank-10: 98.00%| Rank-20: 98.00%| mAP: 63.69%| mINP: 52.09%
Best Epoch [12]
==> Preparing Data Loader...
Epoch: [14][0/37] Time: 0.730 (0.730) lr:0.000887 base_lr:0.000089Loss: 2.0170 (2.0170) iLoss: 0.3281 (0.3281) CLoss: 0.0001 (0.0001) mmd_loss: 0.3995 (0.3995) kl_loss: 0.5645 (0.5645) muloss:1.0444Accu: 100.00
Test Epoch: 14
original feature:   Rank-1: 66.00% | Rank-5: 96.00% | Rank-10: 100.00%| Rank-20: 100.00%| mAP: 68.76%| mINP: 58.31%
feature after BN:   Rank-1: 64.00% | Rank-5: 96.00% | Rank-10: 98.00%| Rank-20: 98.00%| mAP: 66.76%| mINP: 56.21%
Best Epoch [12]
==> Preparing Data Loader...
Epoch: [15][0/37] Time: 0.798 (0.798) lr:0.000883 base_lr:0.000088Loss: 2.0888 (2.0888) iLoss: 0.3715 (0.3715) CLoss: 0.0000 (0.0000) mmd_loss: 0.4199 (0.4199) kl_loss: 0.6708 (0.6708) muloss:0.9625Accu: 100.00
Test Epoch: 15
original feature:   Rank-1: 70.00% | Rank-5: 92.00% | Rank-10: 98.00%| Rank-20: 100.00%| mAP: 66.96%| mINP: 54.01%
feature after BN:   Rank-1: 72.00% | Rank-5: 92.00% | Rank-10: 98.00%| Rank-20: 98.00%| mAP: 68.48%| mINP: 57.73%
Best Epoch [15]
==> Preparing Data Loader...
Epoch: [16][0/37] Time: 0.997 (0.997) lr:0.000879 base_lr:0.000088Loss: 1.7395 (1.7395) iLoss: 0.2424 (0.2424) CLoss: 0.0000 (0.0000) mmd_loss: 0.3565 (0.3565) kl_loss: 0.5516 (0.5516) muloss:0.8741Accu: 100.00
Test Epoch: 16
original feature:   Rank-1: 66.00% | Rank-5: 92.00% | Rank-10: 98.00%| Rank-20: 100.00%| mAP: 67.44%| mINP: 57.46%
feature after BN:   Rank-1: 66.00% | Rank-5: 92.00% | Rank-10: 98.00%| Rank-20: 98.00%| mAP: 68.31%| mINP: 58.71%
Best Epoch [15]
==> Preparing Data Loader...
Epoch: [17][0/37] Time: 0.787 (0.787) lr:0.000450 base_lr:0.000450Loss: 2.1754 (2.1754) iLoss: 0.3492 (0.3492) CLoss: 0.0000 (0.0000) mmd_loss: 0.3926 (0.3926) kl_loss: 0.5730 (0.5730) muloss:1.1747Accu: 100.00
Test Epoch: 17
original feature:   Rank-1: 16.00% | Rank-5: 38.00% | Rank-10: 52.00%| Rank-20: 72.00%| mAP: 21.16%| mINP: 14.98%
feature after BN:   Rank-1: 14.00% | Rank-5: 38.00% | Rank-10: 48.00%| Rank-20: 72.00%| mAP: 20.04%| mINP: 13.35%
Best Epoch [15]
==> Preparing Data Loader...
Epoch: [18][0/37] Time: 0.752 (0.752) lr:0.000450 base_lr:0.000450Loss: 6.9414 (6.9414) iLoss: 2.0982 (2.0982) CLoss: 0.7606 (0.7606) mmd_loss: 1.0632 (1.0632) kl_loss: 0.6048 (0.6048) muloss:3.2650Accu: 50.00
Test Epoch: 18
original feature:   Rank-1: 42.00% | Rank-5: 74.00% | Rank-10: 84.00%| Rank-20: 98.00%| mAP: 44.45%| mINP: 32.40%
feature after BN:   Rank-1: 52.00% | Rank-5: 78.00% | Rank-10: 90.00%| Rank-20: 100.00%| mAP: 49.21%| mINP: 35.82%
Best Epoch [15]
==> Preparing Data Loader...
Epoch: [19][0/37] Time: 0.759 (0.759) lr:0.000450 base_lr:0.000450Loss: 6.4798 (6.4798) iLoss: 2.2521 (2.2521) CLoss: 0.2171 (0.2171) mmd_loss: 0.7597 (0.7597) kl_loss: 0.6659 (0.6659) muloss:3.1929Accu: 50.00
Test Epoch: 19
original feature:   Rank-1: 54.00% | Rank-5: 82.00% | Rank-10: 92.00%| Rank-20: 98.00%| mAP: 55.79%| mINP: 44.65%
feature after BN:   Rank-1: 58.00% | Rank-5: 80.00% | Rank-10: 90.00%| Rank-20: 98.00%| mAP: 55.95%| mINP: 43.09%
Best Epoch [15]
==> Preparing Data Loader...
Epoch: [20][0/37] Time: 0.814 (0.814) lr:0.000450 base_lr:0.000450Loss: 4.9397 (4.9397) iLoss: 1.2405 (1.2405) CLoss: 0.3938 (0.3938) mmd_loss: 0.7066 (0.7066) kl_loss: 0.8685 (0.8685) muloss:2.2956Accu: 75.00
Test Epoch: 20
original feature:   Rank-1: 40.00% | Rank-5: 86.00% | Rank-10: 92.00%| Rank-20: 100.00%| mAP: 48.88%| mINP: 40.12%
feature after BN:   Rank-1: 48.00% | Rank-5: 86.00% | Rank-10: 90.00%| Rank-20: 100.00%| mAP: 54.26%| mINP: 45.24%
Best Epoch [15]
==> Preparing Data Loader...
Epoch: [21][0/37] Time: 0.868 (0.868) lr:0.000450 base_lr:0.000450Loss: 3.7710 (3.7710) iLoss: 0.9307 (0.9307) CLoss: 0.1189 (0.1189) mmd_loss: 0.6027 (0.6027) kl_loss: 0.8869 (0.8869) muloss:1.7140Accu: 75.00
Test Epoch: 21
original feature:   Rank-1: 68.00% | Rank-5: 92.00% | Rank-10: 96.00%| Rank-20: 98.00%| mAP: 63.80%| mINP: 49.73%
feature after BN:   Rank-1: 68.00% | Rank-5: 88.00% | Rank-10: 96.00%| Rank-20: 100.00%| mAP: 64.91%| mINP: 53.40%
Best Epoch [15]
==> Preparing Data Loader...
Epoch: [22][0/37] Time: 0.761 (0.761) lr:0.000450 base_lr:0.000450Loss: 3.0906 (3.0906) iLoss: 0.4523 (0.4523) CLoss: 0.1227 (0.1227) mmd_loss: 0.7268 (0.7268) kl_loss: 0.6492 (0.6492) muloss:1.7210Accu: 93.75
Test Epoch: 22
original feature:   Rank-1: 60.00% | Rank-5: 90.00% | Rank-10: 92.00%| Rank-20: 96.00%| mAP: 62.51%| mINP: 52.18%
feature after BN:   Rank-1: 66.00% | Rank-5: 88.00% | Rank-10: 94.00%| Rank-20: 96.00%| mAP: 67.54%| mINP: 58.42%
Best Epoch [15]
==> Preparing Data Loader...
Epoch: [23][0/37] Time: 0.841 (0.841) lr:0.000450 base_lr:0.000450Loss: 3.3856 (3.3856) iLoss: 0.4999 (0.4999) CLoss: 0.1440 (0.1440) mmd_loss: 0.5815 (0.5815) kl_loss: 0.9301 (0.9301) muloss:1.6952Accu: 87.50
Test Epoch: 23
original feature:   Rank-1: 60.00% | Rank-5: 86.00% | Rank-10: 92.00%| Rank-20: 98.00%| mAP: 59.19%| mINP: 47.66%
feature after BN:   Rank-1: 66.00% | Rank-5: 94.00% | Rank-10: 96.00%| Rank-20: 100.00%| mAP: 65.60%| mINP: 53.90%
Best Epoch [15]
==> Preparing Data Loader...
Epoch: [24][0/37] Time: 0.843 (0.843) lr:0.000450 base_lr:0.000450Loss: 2.1591 (2.1591) iLoss: 0.1751 (0.1751) CLoss: 0.0515 (0.0515) mmd_loss: 0.6344 (0.6344) kl_loss: 0.8519 (0.8519) muloss:0.9538Accu: 100.00
Test Epoch: 24
original feature:   Rank-1: 66.00% | Rank-5: 88.00% | Rank-10: 94.00%| Rank-20: 98.00%| mAP: 61.22%| mINP: 47.37%
feature after BN:   Rank-1: 70.00% | Rank-5: 90.00% | Rank-10: 98.00%| Rank-20: 98.00%| mAP: 65.63%| mINP: 52.21%
Best Epoch [15]
==> Preparing Data Loader...
Epoch: [25][0/37] Time: 0.752 (0.752) lr:0.000225 base_lr:0.000225Loss: 1.8924 (1.8924) iLoss: 0.0912 (0.0912) CLoss: 0.0006 (0.0006) mmd_loss: 0.6484 (0.6484) kl_loss: 0.6738 (0.6738) muloss:0.9972Accu: 100.00
Test Epoch: 25
original feature:   Rank-1: 78.00% | Rank-5: 92.00% | Rank-10: 98.00%| Rank-20: 100.00%| mAP: 70.57%| mINP: 56.47%
feature after BN:   Rank-1: 80.00% | Rank-5: 92.00% | Rank-10: 100.00%| Rank-20: 100.00%| mAP: 73.40%| mINP: 60.25%
Best Epoch [25]
==> Preparing Data Loader...
Epoch: [26][0/37] Time: 0.730 (0.730) lr:0.000225 base_lr:0.000225Loss: 0.9166 (0.9166) iLoss: 0.1152 (0.1152) CLoss: 0.0005 (0.0005) mmd_loss: 0.5195 (0.5195) kl_loss: 0.2352 (0.2352) muloss:0.4618Accu: 100.00
Test Epoch: 26
original feature:   Rank-1: 74.00% | Rank-5: 96.00% | Rank-10: 96.00%| Rank-20: 100.00%| mAP: 71.12%| mINP: 59.46%
feature after BN:   Rank-1: 76.00% | Rank-5: 90.00% | Rank-10: 98.00%| Rank-20: 100.00%| mAP: 71.31%| mINP: 59.84%
Best Epoch [25]
==> Preparing Data Loader...
Epoch: [27][0/37] Time: 0.790 (0.790) lr:0.000225 base_lr:0.000225Loss: 0.9305 (0.9305) iLoss: 0.0236 (0.0236) CLoss: 0.0208 (0.0208) mmd_loss: 0.5102 (0.5102) kl_loss: 0.4792 (0.4792) muloss:0.3049Accu: 100.00
Test Epoch: 27
original feature:   Rank-1: 74.00% | Rank-5: 94.00% | Rank-10: 96.00%| Rank-20: 98.00%| mAP: 69.35%| mINP: 56.79%
feature after BN:   Rank-1: 74.00% | Rank-5: 90.00% | Rank-10: 100.00%| Rank-20: 100.00%| mAP: 72.73%| mINP: 62.34%
Best Epoch [25]
==> Preparing Data Loader...
Epoch: [28][0/37] Time: 0.758 (0.758) lr:0.000225 base_lr:0.000225Loss: 1.7490 (1.7490) iLoss: 0.0517 (0.0517) CLoss: 0.0477 (0.0477) mmd_loss: 0.6555 (0.6555) kl_loss: 0.5902 (0.5902) muloss:0.9282Accu: 100.00
Test Epoch: 28
original feature:   Rank-1: 72.00% | Rank-5: 96.00% | Rank-10: 98.00%| Rank-20: 100.00%| mAP: 70.51%| mINP: 58.57%
feature after BN:   Rank-1: 80.00% | Rank-5: 92.00% | Rank-10: 98.00%| Rank-20: 100.00%| mAP: 75.36%| mINP: 64.45%
Best Epoch [25]
==> Preparing Data Loader...
Epoch: [29][0/37] Time: 0.816 (0.816) lr:0.000225 base_lr:0.000225Loss: 0.5949 (0.5949) iLoss: 0.0275 (0.0275) CLoss: 0.0110 (0.0110) mmd_loss: 0.5401 (0.5401) kl_loss: 0.2817 (0.2817) muloss:0.1667Accu: 100.00
Test Epoch: 29
original feature:   Rank-1: 74.00% | Rank-5: 94.00% | Rank-10: 98.00%| Rank-20: 100.00%| mAP: 72.75%| mINP: 63.16%
feature after BN:   Rank-1: 82.00% | Rank-5: 94.00% | Rank-10: 100.00%| Rank-20: 100.00%| mAP: 75.90%| mINP: 64.40%
Best Epoch [29]
==> Preparing Data Loader...
Epoch: [30][0/37] Time: 0.763 (0.763) lr:0.000090 base_lr:0.000090Loss: 0.5348 (0.5348) iLoss: 0.0413 (0.0413) CLoss: 0.0003 (0.0003) mmd_loss: 0.5488 (0.5488) kl_loss: 0.2140 (0.2140) muloss:0.1695Accu: 100.00
Test Epoch: 30
original feature:   Rank-1: 74.00% | Rank-5: 96.00% | Rank-10: 98.00%| Rank-20: 98.00%| mAP: 72.07%| mINP: 60.92%
feature after BN:   Rank-1: 78.00% | Rank-5: 94.00% | Rank-10: 98.00%| Rank-20: 100.00%| mAP: 74.28%| mINP: 63.50%
Best Epoch [29]
==> Preparing Data Loader...
Epoch: [31][0/37] Time: 0.923 (0.923) lr:0.000090 base_lr:0.000090Loss: 0.7889 (0.7889) iLoss: 0.0291 (0.0291) CLoss: 0.0063 (0.0063) mmd_loss: 0.5199 (0.5199) kl_loss: 0.3261 (0.3261) muloss:0.3234Accu: 100.00
Test Epoch: 31
original feature:   Rank-1: 76.00% | Rank-5: 94.00% | Rank-10: 98.00%| Rank-20: 98.00%| mAP: 73.56%| mINP: 63.15%
feature after BN:   Rank-1: 82.00% | Rank-5: 96.00% | Rank-10: 96.00%| Rank-20: 100.00%| mAP: 77.11%| mINP: 66.57%
Best Epoch [29]
==> Preparing Data Loader...
Epoch: [32][0/37] Time: 0.754 (0.754) lr:0.000090 base_lr:0.000090Loss: 0.6150 (0.6150) iLoss: 0.0236 (0.0236) CLoss: 0.0000 (0.0000) mmd_loss: 0.4486 (0.4486) kl_loss: 0.2791 (0.2791) muloss:0.2226Accu: 100.00
Test Epoch: 32
original feature:   Rank-1: 74.00% | Rank-5: 98.00% | Rank-10: 98.00%| Rank-20: 98.00%| mAP: 73.64%| mINP: 63.90%
feature after BN:   Rank-1: 82.00% | Rank-5: 94.00% | Rank-10: 100.00%| Rank-20: 100.00%| mAP: 75.78%| mINP: 64.25%
Best Epoch [29]
==> Preparing Data Loader...
Epoch: [33][0/37] Time: 0.857 (0.857) lr:0.000090 base_lr:0.000090Loss: 0.2787 (0.2787) iLoss: 0.0139 (0.0139) CLoss: 0.0000 (0.0000) mmd_loss: 0.4353 (0.4353) kl_loss: 0.0997 (0.0997) muloss:0.0780Accu: 100.00
Test Epoch: 33
original feature:   Rank-1: 76.00% | Rank-5: 94.00% | Rank-10: 98.00%| Rank-20: 98.00%| mAP: 73.68%| mINP: 62.96%
feature after BN:   Rank-1: 82.00% | Rank-5: 94.00% | Rank-10: 100.00%| Rank-20: 100.00%| mAP: 77.17%| mINP: 66.63%
Best Epoch [29]
==> Preparing Data Loader...
Epoch: [34][0/37] Time: 0.751 (0.751) lr:0.000090 base_lr:0.000090Loss: 0.3048 (0.3048) iLoss: 0.0314 (0.0314) CLoss: 0.0002 (0.0002) mmd_loss: 0.4781 (0.4781) kl_loss: 0.0933 (0.0933) muloss:0.0843Accu: 100.00
Test Epoch: 34
original feature:   Rank-1: 80.00% | Rank-5: 96.00% | Rank-10: 98.00%| Rank-20: 98.00%| mAP: 75.45%| mINP: 64.79%
feature after BN:   Rank-1: 82.00% | Rank-5: 94.00% | Rank-10: 100.00%| Rank-20: 100.00%| mAP: 78.31%| mINP: 68.78%
Best Epoch [29]
==> Preparing Data Loader...
Epoch: [35][0/37] Time: 0.743 (0.743) lr:0.000090 base_lr:0.000090Loss: 0.5376 (0.5376) iLoss: 0.0157 (0.0157) CLoss: 0.0000 (0.0000) mmd_loss: 0.4002 (0.4002) kl_loss: 0.1360 (0.1360) muloss:0.3058Accu: 100.00
Test Epoch: 35
original feature:   Rank-1: 78.00% | Rank-5: 94.00% | Rank-10: 98.00%| Rank-20: 98.00%| mAP: 74.10%| mINP: 62.94%
feature after BN:   Rank-1: 82.00% | Rank-5: 94.00% | Rank-10: 100.00%| Rank-20: 100.00%| mAP: 76.24%| mINP: 64.90%
Best Epoch [29]
==> Preparing Data Loader...
Epoch: [36][0/37] Time: 0.794 (0.794) lr:0.000090 base_lr:0.000090Loss: 0.5886 (0.5886) iLoss: 0.0180 (0.0180) CLoss: 0.0000 (0.0000) mmd_loss: 0.4203 (0.4203) kl_loss: 0.1962 (0.1962) muloss:0.2903Accu: 100.00
Test Epoch: 36
original feature:   Rank-1: 76.00% | Rank-5: 98.00% | Rank-10: 98.00%| Rank-20: 98.00%| mAP: 73.98%| mINP: 63.31%
feature after BN:   Rank-1: 84.00% | Rank-5: 94.00% | Rank-10: 100.00%| Rank-20: 100.00%| mAP: 78.87%| mINP: 68.81%
Best Epoch [36]
==> Preparing Data Loader...
Epoch: [37][0/37] Time: 0.849 (0.849) lr:0.000090 base_lr:0.000090Loss: 0.4839 (0.4839) iLoss: 0.0162 (0.0162) CLoss: 0.0000 (0.0000) mmd_loss: 0.4429 (0.4429) kl_loss: 0.2338 (0.2338) muloss:0.1453Accu: 100.00
Test Epoch: 37
original feature:   Rank-1: 76.00% | Rank-5: 98.00% | Rank-10: 98.00%| Rank-20: 98.00%| mAP: 75.39%| mINP: 66.62%
feature after BN:   Rank-1: 86.00% | Rank-5: 96.00% | Rank-10: 100.00%| Rank-20: 100.00%| mAP: 79.26%| mINP: 68.29%
Best Epoch [37]
==> Preparing Data Loader...
Epoch: [38][0/37] Time: 0.749 (0.749) lr:0.000090 base_lr:0.000090Loss: 0.3523 (0.3523) iLoss: 0.0101 (0.0101) CLoss: 0.0002 (0.0002) mmd_loss: 0.4128 (0.4128) kl_loss: 0.1601 (0.1601) muloss:0.0994Accu: 100.00
Test Epoch: 38
original feature:   Rank-1: 76.00% | Rank-5: 98.00% | Rank-10: 98.00%| Rank-20: 98.00%| mAP: 75.27%| mINP: 65.73%
feature after BN:   Rank-1: 88.00% | Rank-5: 94.00% | Rank-10: 100.00%| Rank-20: 100.00%| mAP: 79.73%| mINP: 69.07%
Best Epoch [38]
==> Preparing Data Loader...
Epoch: [39][0/37] Time: 0.982 (0.982) lr:0.000090 base_lr:0.000090Loss: 0.2099 (0.2099) iLoss: 0.0076 (0.0076) CLoss: 0.0000 (0.0000) mmd_loss: 0.3827 (0.3827) kl_loss: 0.0674 (0.0674) muloss:0.0583Accu: 100.00
Test Epoch: 39
original feature:   Rank-1: 76.00% | Rank-5: 96.00% | Rank-10: 98.00%| Rank-20: 98.00%| mAP: 74.06%| mINP: 63.64%
feature after BN:   Rank-1: 86.00% | Rank-5: 94.00% | Rank-10: 100.00%| Rank-20: 100.00%| mAP: 78.28%| mINP: 67.11%
Best Epoch [38]
==> Preparing Data Loader...
Epoch: [40][0/37] Time: 0.999 (0.999) lr:0.000090 base_lr:0.000090Loss: 0.4214 (0.4214) iLoss: 0.0071 (0.0071) CLoss: 0.0004 (0.0004) mmd_loss: 0.4025 (0.4025) kl_loss: 0.1305 (0.1305) muloss:0.2030Accu: 100.00
Test Epoch: 40
original feature:   Rank-1: 78.00% | Rank-5: 98.00% | Rank-10: 98.00%| Rank-20: 98.00%| mAP: 75.82%| mINP: 66.02%
feature after BN:   Rank-1: 86.00% | Rank-5: 94.00% | Rank-10: 100.00%| Rank-20: 100.00%| mAP: 79.48%| mINP: 68.64%
Best Epoch [38]
==> Preparing Data Loader...
Epoch: [41][0/37] Time: 0.835 (0.835) lr:0.000090 base_lr:0.000090Loss: 0.2174 (0.2174) iLoss: 0.0089 (0.0089) CLoss: 0.0000 (0.0000) mmd_loss: 0.3729 (0.3729) kl_loss: 0.0647 (0.0647) muloss:0.0693Accu: 100.00
Test Epoch: 41
original feature:   Rank-1: 76.00% | Rank-5: 98.00% | Rank-10: 98.00%| Rank-20: 98.00%| mAP: 74.99%| mINP: 65.35%
feature after BN:   Rank-1: 86.00% | Rank-5: 98.00% | Rank-10: 100.00%| Rank-20: 100.00%| mAP: 79.42%| mINP: 68.29%
Best Epoch [38]
==> Preparing Data Loader...
Epoch: [42][0/37] Time: 0.822 (0.822) lr:0.000090 base_lr:0.000090Loss: 0.1921 (0.1921) iLoss: 0.0067 (0.0067) CLoss: 0.0000 (0.0000) mmd_loss: 0.3378 (0.3378) kl_loss: 0.0818 (0.0818) muloss:0.0361Accu: 100.00
Test Epoch: 42
original feature:   Rank-1: 80.00% | Rank-5: 98.00% | Rank-10: 98.00%| Rank-20: 98.00%| mAP: 76.17%| mINP: 65.71%
feature after BN:   Rank-1: 88.00% | Rank-5: 98.00% | Rank-10: 100.00%| Rank-20: 100.00%| mAP: 80.49%| mINP: 69.39%
Best Epoch [38]
==> Preparing Data Loader...
Epoch: [43][0/37] Time: 0.747 (0.747) lr:0.000090 base_lr:0.000090Loss: 0.3310 (0.3310) iLoss: 0.0125 (0.0125) CLoss: 0.0000 (0.0000) mmd_loss: 0.4523 (0.4523) kl_loss: 0.1270 (0.1270) muloss:0.1009Accu: 100.00
Test Epoch: 43
original feature:   Rank-1: 84.00% | Rank-5: 98.00% | Rank-10: 98.00%| Rank-20: 98.00%| mAP: 77.64%| mINP: 66.47%
feature after BN:   Rank-1: 88.00% | Rank-5: 98.00% | Rank-10: 100.00%| Rank-20: 100.00%| mAP: 80.04%| mINP: 68.40%
Best Epoch [38]
==> Preparing Data Loader...
Epoch: [44][0/37] Time: 0.779 (0.779) lr:0.000090 base_lr:0.000090Loss: 0.6840 (0.6840) iLoss: 0.0153 (0.0153) CLoss: 0.0000 (0.0000) mmd_loss: 0.3942 (0.3942) kl_loss: 0.2553 (0.2553) muloss:0.3345Accu: 100.00
Test Epoch: 44
original feature:   Rank-1: 82.00% | Rank-5: 98.00% | Rank-10: 98.00%| Rank-20: 98.00%| mAP: 78.97%| mINP: 69.62%
feature after BN:   Rank-1: 88.00% | Rank-5: 98.00% | Rank-10: 100.00%| Rank-20: 100.00%| mAP: 81.07%| mINP: 70.40%
Best Epoch [38]
==> Preparing Data Loader...
Epoch: [45][0/37] Time: 0.920 (0.920) lr:0.000027 base_lr:0.000027Loss: 0.4146 (0.4146) iLoss: 0.0181 (0.0181) CLoss: 0.0000 (0.0000) mmd_loss: 0.4043 (0.4043) kl_loss: 0.1166 (0.1166) muloss:0.1990Accu: 100.00
Test Epoch: 45
original feature:   Rank-1: 80.00% | Rank-5: 98.00% | Rank-10: 98.00%| Rank-20: 98.00%| mAP: 77.20%| mINP: 67.52%
feature after BN:   Rank-1: 88.00% | Rank-5: 98.00% | Rank-10: 100.00%| Rank-20: 100.00%| mAP: 80.50%| mINP: 69.46%
Best Epoch [38]
==> Preparing Data Loader...
Epoch: [46][0/37] Time: 0.783 (0.783) lr:0.000027 base_lr:0.000027Loss: 0.2984 (0.2984) iLoss: 0.0050 (0.0050) CLoss: 0.0000 (0.0000) mmd_loss: 0.3378 (0.3378) kl_loss: 0.1037 (0.1037) muloss:0.1221Accu: 100.00
Test Epoch: 46
original feature:   Rank-1: 80.00% | Rank-5: 98.00% | Rank-10: 98.00%| Rank-20: 98.00%| mAP: 77.98%| mINP: 69.32%
feature after BN:   Rank-1: 90.00% | Rank-5: 96.00% | Rank-10: 100.00%| Rank-20: 100.00%| mAP: 80.91%| mINP: 69.36%
Best Epoch [46]
==> Preparing Data Loader...
Epoch: [47][0/37] Time: 0.824 (0.824) lr:0.000027 base_lr:0.000027Loss: 0.3303 (0.3303) iLoss: 0.0167 (0.0167) CLoss: 0.0000 (0.0000) mmd_loss: 0.3662 (0.3662) kl_loss: 0.0852 (0.0852) muloss:0.1552Accu: 100.00
Test Epoch: 47
original feature:   Rank-1: 78.00% | Rank-5: 98.00% | Rank-10: 98.00%| Rank-20: 98.00%| mAP: 77.39%| mINP: 68.48%
feature after BN:   Rank-1: 86.00% | Rank-5: 96.00% | Rank-10: 100.00%| Rank-20: 100.00%| mAP: 80.29%| mINP: 70.13%
Best Epoch [46]
==> Preparing Data Loader...
Epoch: [48][0/37] Time: 0.772 (0.772) lr:0.000027 base_lr:0.000027Loss: 0.3717 (0.3717) iLoss: 0.0057 (0.0057) CLoss: 0.0000 (0.0000) mmd_loss: 0.3934 (0.3934) kl_loss: 0.1167 (0.1167) muloss:0.1706Accu: 100.00
Test Epoch: 48
original feature:   Rank-1: 76.00% | Rank-5: 98.00% | Rank-10: 98.00%| Rank-20: 98.00%| mAP: 76.19%| mINP: 67.84%
feature after BN:   Rank-1: 86.00% | Rank-5: 98.00% | Rank-10: 100.00%| Rank-20: 100.00%| mAP: 80.81%| mINP: 71.00%
Best Epoch [46]
==> Preparing Data Loader...
Epoch: [49][0/37] Time: 0.848 (0.848) lr:0.000027 base_lr:0.000027Loss: 0.2777 (0.2777) iLoss: 0.0137 (0.0137) CLoss: 0.0000 (0.0000) mmd_loss: 0.3492 (0.3492) kl_loss: 0.0861 (0.0861) muloss:0.1080Accu: 100.00
Test Epoch: 49
original feature:   Rank-1: 80.00% | Rank-5: 98.00% | Rank-10: 98.00%| Rank-20: 98.00%| mAP: 78.46%| mINP: 69.62%
feature after BN:   Rank-1: 84.00% | Rank-5: 96.00% | Rank-10: 100.00%| Rank-20: 100.00%| mAP: 79.90%| mINP: 70.39%
Best Epoch [46]
==> Preparing Data Loader...
Epoch: [50][0/37] Time: 0.835 (0.835) lr:0.000009 base_lr:0.000009Loss: 0.2558 (0.2558) iLoss: 0.0132 (0.0132) CLoss: 0.0000 (0.0000) mmd_loss: 0.3450 (0.3450) kl_loss: 0.0727 (0.0727) muloss:0.1008Accu: 100.00
Test Epoch: 50
original feature:   Rank-1: 76.00% | Rank-5: 98.00% | Rank-10: 98.00%| Rank-20: 98.00%| mAP: 77.22%| mINP: 69.96%
feature after BN:   Rank-1: 90.00% | Rank-5: 98.00% | Rank-10: 100.00%| Rank-20: 100.00%| mAP: 80.67%| mINP: 68.84%
Best Epoch [46]
==> Preparing Data Loader...
Epoch: [51][0/37] Time: 0.814 (0.814) lr:0.000009 base_lr:0.000009Loss: 0.4114 (0.4114) iLoss: 0.0255 (0.0255) CLoss: 0.0000 (0.0000) mmd_loss: 0.4095 (0.4095) kl_loss: 0.1245 (0.1245) muloss:0.1795Accu: 100.00
Test Epoch: 51
original feature:   Rank-1: 80.00% | Rank-5: 98.00% | Rank-10: 98.00%| Rank-20: 98.00%| mAP: 78.31%| mINP: 69.64%
feature after BN:   Rank-1: 88.00% | Rank-5: 96.00% | Rank-10: 100.00%| Rank-20: 100.00%| mAP: 81.55%| mINP: 71.58%
Best Epoch [46]
==> Preparing Data Loader...
Epoch: [52][0/37] Time: 0.822 (0.822) lr:0.000009 base_lr:0.000009Loss: 0.5695 (0.5695) iLoss: 0.0127 (0.0127) CLoss: 0.0000 (0.0000) mmd_loss: 0.3810 (0.3810) kl_loss: 0.1665 (0.1665) muloss:0.3141Accu: 100.00
Test Epoch: 52
original feature:   Rank-1: 76.00% | Rank-5: 98.00% | Rank-10: 98.00%| Rank-20: 98.00%| mAP: 77.68%| mINP: 70.34%
feature after BN:   Rank-1: 88.00% | Rank-5: 96.00% | Rank-10: 100.00%| Rank-20: 100.00%| mAP: 81.00%| mINP: 70.63%
Best Epoch [46]
==> Preparing Data Loader...
Epoch: [53][0/37] Time: 0.827 (0.827) lr:0.000009 base_lr:0.000009Loss: 0.4395 (0.4395) iLoss: 0.0104 (0.0104) CLoss: 0.0000 (0.0000) mmd_loss: 0.3930 (0.3930) kl_loss: 0.2026 (0.2026) muloss:0.1478Accu: 100.00
Test Epoch: 53
original feature:   Rank-1: 78.00% | Rank-5: 98.00% | Rank-10: 98.00%| Rank-20: 98.00%| mAP: 77.47%| mINP: 68.97%
feature after BN:   Rank-1: 90.00% | Rank-5: 96.00% | Rank-10: 100.00%| Rank-20: 100.00%| mAP: 81.04%| mINP: 69.57%
Best Epoch [46]
==> Preparing Data Loader...
Epoch: [54][0/37] Time: 0.782 (0.782) lr:0.000009 base_lr:0.000009Loss: 0.5028 (0.5028) iLoss: 0.0169 (0.0169) CLoss: 0.0159 (0.0159) mmd_loss: 0.3883 (0.3883) kl_loss: 0.1827 (0.1827) muloss:0.2096Accu: 100.00
Test Epoch: 54
original feature:   Rank-1: 76.00% | Rank-5: 98.00% | Rank-10: 98.00%| Rank-20: 98.00%| mAP: 76.61%| mINP: 68.87%
feature after BN:   Rank-1: 88.00% | Rank-5: 96.00% | Rank-10: 100.00%| Rank-20: 100.00%| mAP: 80.41%| mINP: 69.36%
Best Epoch [46]
==> Preparing Data Loader...
Epoch: [55][0/37] Time: 0.842 (0.842) lr:0.000009 base_lr:0.000009Loss: 0.5296 (0.5296) iLoss: 0.0283 (0.0283) CLoss: 0.0000 (0.0000) mmd_loss: 0.3651 (0.3651) kl_loss: 0.1378 (0.1378) muloss:0.2904Accu: 100.00
Test Epoch: 55
original feature:   Rank-1: 78.00% | Rank-5: 98.00% | Rank-10: 98.00%| Rank-20: 98.00%| mAP: 77.15%| mINP: 68.60%
feature after BN:   Rank-1: 86.00% | Rank-5: 96.00% | Rank-10: 100.00%| Rank-20: 100.00%| mAP: 79.41%| mINP: 68.77%
Best Epoch [46]
==> Preparing Data Loader...
Epoch: [56][0/37] Time: 0.860 (0.860) lr:0.000009 base_lr:0.000009Loss: 0.2108 (0.2108) iLoss: 0.0069 (0.0069) CLoss: 0.0001 (0.0001) mmd_loss: 0.3471 (0.3471) kl_loss: 0.0867 (0.0867) muloss:0.0478Accu: 100.00
Test Epoch: 56
original feature:   Rank-1: 78.00% | Rank-5: 98.00% | Rank-10: 98.00%| Rank-20: 98.00%| mAP: 77.89%| mINP: 70.07%
feature after BN:   Rank-1: 88.00% | Rank-5: 96.00% | Rank-10: 100.00%| Rank-20: 100.00%| mAP: 81.40%| mINP: 71.33%
Best Epoch [46]
==> Preparing Data Loader...
Epoch: [57][0/37] Time: 0.750 (0.750) lr:0.000009 base_lr:0.000009Loss: 0.4180 (0.4180) iLoss: 0.0111 (0.0111) CLoss: 0.0000 (0.0000) mmd_loss: 0.3778 (0.3778) kl_loss: 0.0783 (0.0783) muloss:0.2530Accu: 100.00
Test Epoch: 57
original feature:   Rank-1: 78.00% | Rank-5: 98.00% | Rank-10: 98.00%| Rank-20: 98.00%| mAP: 77.14%| mINP: 69.09%
feature after BN:   Rank-1: 86.00% | Rank-5: 98.00% | Rank-10: 100.00%| Rank-20: 100.00%| mAP: 80.64%| mINP: 70.78%
Best Epoch [46]
==> Preparing Data Loader...
Epoch: [58][0/37] Time: 0.854 (0.854) lr:0.000009 base_lr:0.000009Loss: 0.1635 (0.1635) iLoss: 0.0050 (0.0050) CLoss: 0.0000 (0.0000) mmd_loss: 0.3256 (0.3256) kl_loss: 0.0528 (0.0528) muloss:0.0407Accu: 100.00
Test Epoch: 58
original feature:   Rank-1: 80.00% | Rank-5: 98.00% | Rank-10: 98.00%| Rank-20: 98.00%| mAP: 78.03%| mINP: 69.13%
feature after BN:   Rank-1: 88.00% | Rank-5: 96.00% | Rank-10: 100.00%| Rank-20: 100.00%| mAP: 81.12%| mINP: 70.77%
Best Epoch [46]
==> Preparing Data Loader...
Epoch: [59][0/37] Time: 0.739 (0.739) lr:0.000009 base_lr:0.000009Loss: 0.1861 (0.1861) iLoss: 0.0108 (0.0108) CLoss: 0.0000 (0.0000) mmd_loss: 0.3522 (0.3522) kl_loss: 0.0594 (0.0594) muloss:0.0455Accu: 100.00
Test Epoch: 59
original feature:   Rank-1: 80.00% | Rank-5: 98.00% | Rank-10: 98.00%| Rank-20: 98.00%| mAP: 78.21%| mINP: 69.72%
feature after BN:   Rank-1: 86.00% | Rank-5: 94.00% | Rank-10: 100.00%| Rank-20: 100.00%| mAP: 81.04%| mINP: 71.73%
Best Epoch [46]
==> Preparing Data Loader...
Epoch: [60][0/37] Time: 0.935 (0.935) lr:0.000009 base_lr:0.000009Loss: 0.3293 (0.3293) iLoss: 0.0085 (0.0085) CLoss: 0.0000 (0.0000) mmd_loss: 0.3260 (0.3260) kl_loss: 0.0859 (0.0859) muloss:0.1697Accu: 100.00
Test Epoch: 60
original feature:   Rank-1: 80.00% | Rank-5: 98.00% | Rank-10: 98.00%| Rank-20: 98.00%| mAP: 78.44%| mINP: 70.18%
feature after BN:   Rank-1: 90.00% | Rank-5: 98.00% | Rank-10: 100.00%| Rank-20: 100.00%| mAP: 82.01%| mINP: 71.49%
Best Epoch [46]
==> Preparing Data Loader...
Epoch: [61][0/37] Time: 0.854 (0.854) lr:0.000009 base_lr:0.000009Loss: 0.1406 (0.1406) iLoss: 0.0068 (0.0068) CLoss: 0.0000 (0.0000) mmd_loss: 0.3427 (0.3427) kl_loss: 0.0307 (0.0307) muloss:0.0346Accu: 100.00
Test Epoch: 61
original feature:   Rank-1: 80.00% | Rank-5: 98.00% | Rank-10: 98.00%| Rank-20: 98.00%| mAP: 77.86%| mINP: 69.29%
feature after BN:   Rank-1: 88.00% | Rank-5: 96.00% | Rank-10: 100.00%| Rank-20: 100.00%| mAP: 81.58%| mINP: 71.74%
Best Epoch [46]
==> Preparing Data Loader...
Epoch: [62][0/37] Time: 0.760 (0.760) lr:0.000009 base_lr:0.000009Loss: 0.2951 (0.2951) iLoss: 0.0065 (0.0065) CLoss: 0.0000 (0.0000) mmd_loss: 0.3626 (0.3626) kl_loss: 0.0971 (0.0971) muloss:0.1189Accu: 100.00
Test Epoch: 62
original feature:   Rank-1: 80.00% | Rank-5: 98.00% | Rank-10: 98.00%| Rank-20: 98.00%| mAP: 77.62%| mINP: 69.03%
feature after BN:   Rank-1: 90.00% | Rank-5: 98.00% | Rank-10: 100.00%| Rank-20: 100.00%| mAP: 82.30%| mINP: 72.24%
Best Epoch [46]
==> Preparing Data Loader...
Epoch: [63][0/37] Time: 0.826 (0.826) lr:0.000009 base_lr:0.000009Loss: 0.6062 (0.6062) iLoss: 0.0310 (0.0310) CLoss: 0.0001 (0.0001) mmd_loss: 0.3999 (0.3999) kl_loss: 0.1276 (0.1276) muloss:0.3675Accu: 100.00
Test Epoch: 63
original feature:   Rank-1: 78.00% | Rank-5: 98.00% | Rank-10: 98.00%| Rank-20: 98.00%| mAP: 77.25%| mINP: 68.79%
feature after BN:   Rank-1: 84.00% | Rank-5: 96.00% | Rank-10: 100.00%| Rank-20: 100.00%| mAP: 79.85%| mINP: 70.35%
Best Epoch [46]
==> Preparing Data Loader...
Epoch: [64][0/37] Time: 0.945 (0.945) lr:0.000009 base_lr:0.000009Loss: 0.5557 (0.5557) iLoss: 0.0197 (0.0197) CLoss: 0.0000 (0.0000) mmd_loss: 0.3832 (0.3832) kl_loss: 0.1209 (0.1209) muloss:0.3385Accu: 100.00
Test Epoch: 64
original feature:   Rank-1: 78.00% | Rank-5: 98.00% | Rank-10: 98.00%| Rank-20: 98.00%| mAP: 77.62%| mINP: 69.78%
feature after BN:   Rank-1: 90.00% | Rank-5: 96.00% | Rank-10: 100.00%| Rank-20: 100.00%| mAP: 82.05%| mINP: 71.57%
Best Epoch [46]
==> Preparing Data Loader...
Epoch: [65][0/37] Time: 0.754 (0.754) lr:0.000009 base_lr:0.000009Loss: 0.2273 (0.2273) iLoss: 0.0106 (0.0106) CLoss: 0.0000 (0.0000) mmd_loss: 0.3453 (0.3453) kl_loss: 0.0754 (0.0754) muloss:0.0723Accu: 100.00
Test Epoch: 65
original feature:   Rank-1: 80.00% | Rank-5: 96.00% | Rank-10: 98.00%| Rank-20: 98.00%| mAP: 77.14%| mINP: 68.25%
feature after BN:   Rank-1: 86.00% | Rank-5: 94.00% | Rank-10: 100.00%| Rank-20: 100.00%| mAP: 80.07%| mINP: 69.80%
Best Epoch [46]
==> Preparing Data Loader...
Epoch: [66][0/37] Time: 0.764 (0.764) lr:0.000009 base_lr:0.000009Loss: 0.4943 (0.4943) iLoss: 0.0095 (0.0095) CLoss: 0.0000 (0.0000) mmd_loss: 0.3472 (0.3472) kl_loss: 0.2194 (0.2194) muloss:0.1960Accu: 100.00
Test Epoch: 66
original feature:   Rank-1: 80.00% | Rank-5: 98.00% | Rank-10: 98.00%| Rank-20: 98.00%| mAP: 77.00%| mINP: 68.06%
feature after BN:   Rank-1: 88.00% | Rank-5: 96.00% | Rank-10: 100.00%| Rank-20: 100.00%| mAP: 80.87%| mINP: 70.33%
Best Epoch [46]
==> Preparing Data Loader...
Epoch: [67][0/37] Time: 0.829 (0.829) lr:0.000009 base_lr:0.000009Loss: 0.1592 (0.1592) iLoss: 0.0120 (0.0120) CLoss: 0.0000 (0.0000) mmd_loss: 0.3340 (0.3340) kl_loss: 0.0356 (0.0356) muloss:0.0448Accu: 100.00
Test Epoch: 67
original feature:   Rank-1: 80.00% | Rank-5: 98.00% | Rank-10: 98.00%| Rank-20: 98.00%| mAP: 77.76%| mINP: 68.72%
feature after BN:   Rank-1: 90.00% | Rank-5: 98.00% | Rank-10: 100.00%| Rank-20: 100.00%| mAP: 80.44%| mINP: 68.15%
Best Epoch [46]
==> Preparing Data Loader...
Epoch: [68][0/37] Time: 0.759 (0.759) lr:0.000009 base_lr:0.000009Loss: 0.4069 (0.4069) iLoss: 0.0112 (0.0112) CLoss: 0.0001 (0.0001) mmd_loss: 0.4018 (0.4018) kl_loss: 0.1303 (0.1303) muloss:0.1849Accu: 100.00
Test Epoch: 68
original feature:   Rank-1: 78.00% | Rank-5: 96.00% | Rank-10: 98.00%| Rank-20: 98.00%| mAP: 77.30%| mINP: 69.31%
feature after BN:   Rank-1: 88.00% | Rank-5: 96.00% | Rank-10: 100.00%| Rank-20: 100.00%| mAP: 80.67%| mINP: 69.90%
Best Epoch [46]
==> Preparing Data Loader...
Epoch: [69][0/37] Time: 0.826 (0.826) lr:0.000009 base_lr:0.000009Loss: 0.2370 (0.2370) iLoss: 0.0097 (0.0097) CLoss: 0.0000 (0.0000) mmd_loss: 0.3618 (0.3618) kl_loss: 0.0618 (0.0618) muloss:0.0931Accu: 100.00
Test Epoch: 69
original feature:   Rank-1: 80.00% | Rank-5: 98.00% | Rank-10: 98.00%| Rank-20: 98.00%| mAP: 78.62%| mINP: 70.52%
feature after BN:   Rank-1: 90.00% | Rank-5: 98.00% | Rank-10: 100.00%| Rank-20: 100.00%| mAP: 81.97%| mINP: 71.30%
Best Epoch [46]
==> Preparing Data Loader...
Epoch: [70][0/37] Time: 0.802 (0.802) lr:0.000009 base_lr:0.000009Loss: 0.3206 (0.3206) iLoss: 0.0054 (0.0054) CLoss: 0.0000 (0.0000) mmd_loss: 0.3791 (0.3791) kl_loss: 0.0863 (0.0863) muloss:0.1530Accu: 100.00
Test Epoch: 70
original feature:   Rank-1: 80.00% | Rank-5: 96.00% | Rank-10: 98.00%| Rank-20: 98.00%| mAP: 77.55%| mINP: 69.07%
feature after BN:   Rank-1: 88.00% | Rank-5: 94.00% | Rank-10: 100.00%| Rank-20: 100.00%| mAP: 81.04%| mINP: 70.68%
Best Epoch [46]
==> Preparing Data Loader...
Epoch: [71][0/37] Time: 0.754 (0.754) lr:0.000009 base_lr:0.000009Loss: 0.6241 (0.6241) iLoss: 0.0170 (0.0170) CLoss: 0.0011 (0.0011) mmd_loss: 0.3950 (0.3950) kl_loss: 0.1817 (0.1817) muloss:0.3453Accu: 100.00
Test Epoch: 71
original feature:   Rank-1: 80.00% | Rank-5: 98.00% | Rank-10: 98.00%| Rank-20: 98.00%| mAP: 77.38%| mINP: 68.46%
feature after BN:   Rank-1: 86.00% | Rank-5: 96.00% | Rank-10: 100.00%| Rank-20: 100.00%| mAP: 80.11%| mINP: 69.75%
Best Epoch [46]
==> Preparing Data Loader...
Epoch: [72][0/37] Time: 1.057 (1.057) lr:0.000009 base_lr:0.000009Loss: 0.6630 (0.6630) iLoss: 0.0418 (0.0418) CLoss: 0.0002 (0.0002) mmd_loss: 0.4090 (0.4090) kl_loss: 0.1714 (0.1714) muloss:0.3678Accu: 100.00
Test Epoch: 72
original feature:   Rank-1: 82.00% | Rank-5: 98.00% | Rank-10: 98.00%| Rank-20: 98.00%| mAP: 78.08%| mINP: 68.73%
feature after BN:   Rank-1: 88.00% | Rank-5: 96.00% | Rank-10: 100.00%| Rank-20: 100.00%| mAP: 80.65%| mINP: 69.92%
Best Epoch [46]
==> Preparing Data Loader...
Epoch: [73][0/37] Time: 0.832 (0.832) lr:0.000009 base_lr:0.000009Loss: 0.3144 (0.3144) iLoss: 0.0075 (0.0075) CLoss: 0.0000 (0.0000) mmd_loss: 0.3680 (0.3680) kl_loss: 0.1034 (0.1034) muloss:0.1298Accu: 100.00
Test Epoch: 73
original feature:   Rank-1: 78.00% | Rank-5: 98.00% | Rank-10: 98.00%| Rank-20: 98.00%| mAP: 77.06%| mINP: 68.92%
feature after BN:   Rank-1: 88.00% | Rank-5: 96.00% | Rank-10: 100.00%| Rank-20: 100.00%| mAP: 81.65%| mINP: 71.84%
Best Epoch [46]
==> Preparing Data Loader...
Epoch: [74][0/37] Time: 0.810 (0.810) lr:0.000009 base_lr:0.000009Loss: 0.5691 (0.5691) iLoss: 0.0129 (0.0129) CLoss: 0.0007 (0.0007) mmd_loss: 0.3827 (0.3827) kl_loss: 0.1607 (0.1607) muloss:0.3183Accu: 100.00
Test Epoch: 74
original feature:   Rank-1: 80.00% | Rank-5: 98.00% | Rank-10: 98.00%| Rank-20: 98.00%| mAP: 77.60%| mINP: 68.22%
feature after BN:   Rank-1: 88.00% | Rank-5: 96.00% | Rank-10: 100.00%| Rank-20: 100.00%| mAP: 80.45%| mINP: 69.49%
Best Epoch [46]
==> Preparing Data Loader...
Epoch: [75][0/37] Time: 1.109 (1.109) lr:0.000009 base_lr:0.000009Loss: 0.3501 (0.3501) iLoss: 0.0079 (0.0079) CLoss: 0.0000 (0.0000) mmd_loss: 0.3245 (0.3245) kl_loss: 0.0772 (0.0772) muloss:0.2001Accu: 100.00
Test Epoch: 75
original feature:   Rank-1: 80.00% | Rank-5: 98.00% | Rank-10: 98.00%| Rank-20: 98.00%| mAP: 77.85%| mINP: 69.49%
feature after BN:   Rank-1: 88.00% | Rank-5: 96.00% | Rank-10: 100.00%| Rank-20: 100.00%| mAP: 81.10%| mINP: 70.74%
Best Epoch [46]
==> Preparing Data Loader...
Epoch: [76][0/37] Time: 0.760 (0.760) lr:0.000009 base_lr:0.000009Loss: 0.2775 (0.2775) iLoss: 0.0104 (0.0104) CLoss: 0.0000 (0.0000) mmd_loss: 0.3295 (0.3295) kl_loss: 0.0851 (0.0851) muloss:0.1161Accu: 100.00
Test Epoch: 76
original feature:   Rank-1: 80.00% | Rank-5: 98.00% | Rank-10: 98.00%| Rank-20: 98.00%| mAP: 78.06%| mINP: 69.69%
feature after BN:   Rank-1: 90.00% | Rank-5: 98.00% | Rank-10: 100.00%| Rank-20: 100.00%| mAP: 81.17%| mINP: 69.81%
Best Epoch [46]
==> Preparing Data Loader...
Epoch: [77][0/37] Time: 0.768 (0.768) lr:0.000009 base_lr:0.000009Loss: 0.3891 (0.3891) iLoss: 0.0072 (0.0072) CLoss: 0.0000 (0.0000) mmd_loss: 0.3459 (0.3459) kl_loss: 0.1392 (0.1392) muloss:0.1734Accu: 100.00
Test Epoch: 77
original feature:   Rank-1: 80.00% | Rank-5: 98.00% | Rank-10: 98.00%| Rank-20: 98.00%| mAP: 78.29%| mINP: 69.76%
feature after BN:   Rank-1: 90.00% | Rank-5: 94.00% | Rank-10: 100.00%| Rank-20: 100.00%| mAP: 80.91%| mINP: 69.47%
Best Epoch [46]
==> Preparing Data Loader...
Epoch: [78][0/37] Time: 0.812 (0.812) lr:0.000009 base_lr:0.000009Loss: 0.2634 (0.2634) iLoss: 0.0082 (0.0082) CLoss: 0.0000 (0.0000) mmd_loss: 0.3274 (0.3274) kl_loss: 0.0638 (0.0638) muloss:0.1259Accu: 100.00
Test Epoch: 78
original feature:   Rank-1: 80.00% | Rank-5: 98.00% | Rank-10: 98.00%| Rank-20: 98.00%| mAP: 78.73%| mINP: 71.10%
feature after BN:   Rank-1: 86.00% | Rank-5: 98.00% | Rank-10: 100.00%| Rank-20: 100.00%| mAP: 80.29%| mINP: 69.95%
Best Epoch [46]
==> Preparing Data Loader...
Epoch: [79][0/37] Time: 0.837 (0.837) lr:0.000009 base_lr:0.000009Loss: 0.3350 (0.3350) iLoss: 0.0051 (0.0051) CLoss: 0.0000 (0.0000) mmd_loss: 0.3420 (0.3420) kl_loss: 0.0891 (0.0891) muloss:0.1724Accu: 100.00
Test Epoch: 79
original feature:   Rank-1: 80.00% | Rank-5: 98.00% | Rank-10: 98.00%| Rank-20: 98.00%| mAP: 78.31%| mINP: 70.26%
feature after BN:   Rank-1: 88.00% | Rank-5: 96.00% | Rank-10: 100.00%| Rank-20: 100.00%| mAP: 81.54%| mINP: 71.65%
Best Epoch [46]
==> Preparing Data Loader...
Epoch: [80][0/37] Time: 0.873 (0.873) lr:0.000001 base_lr:0.000001Loss: 0.3346 (0.3346) iLoss: 0.0076 (0.0076) CLoss: 0.0001 (0.0001) mmd_loss: 0.3877 (0.3877) kl_loss: 0.1008 (0.1008) muloss:0.1485Accu: 100.00
Test Epoch: 80
original feature:   Rank-1: 78.00% | Rank-5: 98.00% | Rank-10: 98.00%| Rank-20: 98.00%| mAP: 77.18%| mINP: 68.99%
feature after BN:   Rank-1: 86.00% | Rank-5: 96.00% | Rank-10: 100.00%| Rank-20: 100.00%| mAP: 81.09%| mINP: 71.79%
Best Epoch [46]
==> Preparing Data Loader...
Epoch: [81][0/37] Time: 0.891 (0.891) lr:0.000001 base_lr:0.000001Loss: 0.4668 (0.4668) iLoss: 0.0118 (0.0118) CLoss: 0.0000 (0.0000) mmd_loss: 0.3201 (0.3201) kl_loss: 0.1327 (0.1327) muloss:0.2583Accu: 100.00
Test Epoch: 81
original feature:   Rank-1: 80.00% | Rank-5: 96.00% | Rank-10: 98.00%| Rank-20: 98.00%| mAP: 78.21%| mINP: 69.95%
feature after BN:   Rank-1: 88.00% | Rank-5: 94.00% | Rank-10: 100.00%| Rank-20: 100.00%| mAP: 80.02%| mINP: 69.28%
Best Epoch [46]
==> Preparing Data Loader...
Epoch: [82][0/37] Time: 0.753 (0.753) lr:0.000001 base_lr:0.000001Loss: 0.3669 (0.3669) iLoss: 0.0062 (0.0062) CLoss: 0.0000 (0.0000) mmd_loss: 0.3167 (0.3167) kl_loss: 0.1177 (0.1177) muloss:0.1797Accu: 100.00
Test Epoch: 82
original feature:   Rank-1: 80.00% | Rank-5: 96.00% | Rank-10: 98.00%| Rank-20: 98.00%| mAP: 78.86%| mINP: 71.42%
feature after BN:   Rank-1: 90.00% | Rank-5: 94.00% | Rank-10: 100.00%| Rank-20: 100.00%| mAP: 81.24%| mINP: 70.13%
Best Epoch [46]
==> Preparing Data Loader...
Epoch: [83][0/37] Time: 0.739 (0.739) lr:0.000001 base_lr:0.000001Loss: 0.5031 (0.5031) iLoss: 0.0191 (0.0191) CLoss: 0.0002 (0.0002) mmd_loss: 0.3946 (0.3946) kl_loss: 0.1606 (0.1606) muloss:0.2443Accu: 100.00
Test Epoch: 83
original feature:   Rank-1: 80.00% | Rank-5: 98.00% | Rank-10: 98.00%| Rank-20: 98.00%| mAP: 77.62%| mINP: 68.70%
feature after BN:   Rank-1: 86.00% | Rank-5: 94.00% | Rank-10: 100.00%| Rank-20: 100.00%| mAP: 80.10%| mINP: 69.89%
Best Epoch [46]
==> Preparing Data Loader...
Epoch: [84][0/37] Time: 0.867 (0.867) lr:0.000001 base_lr:0.000001Loss: 0.3268 (0.3268) iLoss: 0.0131 (0.0131) CLoss: 0.0000 (0.0000) mmd_loss: 0.3246 (0.3246) kl_loss: 0.1133 (0.1133) muloss:0.1355Accu: 100.00
Test Epoch: 84
original feature:   Rank-1: 80.00% | Rank-5: 98.00% | Rank-10: 98.00%| Rank-20: 98.00%| mAP: 77.37%| mINP: 68.38%
feature after BN:   Rank-1: 90.00% | Rank-5: 94.00% | Rank-10: 100.00%| Rank-20: 100.00%| mAP: 81.52%| mINP: 70.54%
Best Epoch [46]
==> Preparing Data Loader...
Epoch: [85][0/37] Time: 1.164 (1.164) lr:0.000001 base_lr:0.000001Loss: 0.3407 (0.3407) iLoss: 0.0125 (0.0125) CLoss: 0.0000 (0.0000) mmd_loss: 0.3462 (0.3462) kl_loss: 0.0846 (0.0846) muloss:0.1744Accu: 100.00
Test Epoch: 85
original feature:   Rank-1: 82.00% | Rank-5: 98.00% | Rank-10: 98.00%| Rank-20: 98.00%| mAP: 78.32%| mINP: 69.12%
feature after BN:   Rank-1: 88.00% | Rank-5: 96.00% | Rank-10: 100.00%| Rank-20: 100.00%| mAP: 80.88%| mINP: 70.29%
Best Epoch [46]
==> Preparing Data Loader...
Epoch: [86][0/37] Time: 0.840 (0.840) lr:0.000001 base_lr:0.000001Loss: 0.2207 (0.2207) iLoss: 0.0059 (0.0059) CLoss: 0.0000 (0.0000) mmd_loss: 0.3668 (0.3668) kl_loss: 0.0656 (0.0656) muloss:0.0759Accu: 100.00
Test Epoch: 86
original feature:   Rank-1: 80.00% | Rank-5: 98.00% | Rank-10: 98.00%| Rank-20: 98.00%| mAP: 78.34%| mINP: 70.21%
feature after BN:   Rank-1: 88.00% | Rank-5: 98.00% | Rank-10: 100.00%| Rank-20: 100.00%| mAP: 80.60%| mINP: 69.52%
Best Epoch [46]
==> Preparing Data Loader...
Epoch: [87][0/37] Time: 0.966 (0.966) lr:0.000001 base_lr:0.000001Loss: 0.2063 (0.2063) iLoss: 0.0100 (0.0100) CLoss: 0.0000 (0.0000) mmd_loss: 0.3402 (0.3402) kl_loss: 0.0604 (0.0604) muloss:0.0679Accu: 100.00
Test Epoch: 87
original feature:   Rank-1: 84.00% | Rank-5: 98.00% | Rank-10: 98.00%| Rank-20: 98.00%| mAP: 79.19%| mINP: 69.95%
feature after BN:   Rank-1: 88.00% | Rank-5: 96.00% | Rank-10: 100.00%| Rank-20: 100.00%| mAP: 80.92%| mINP: 70.41%
Best Epoch [46]
==> Preparing Data Loader...
Epoch: [88][0/37] Time: 0.755 (0.755) lr:0.000001 base_lr:0.000001Loss: 0.4017 (0.4017) iLoss: 0.0106 (0.0106) CLoss: 0.0000 (0.0000) mmd_loss: 0.3419 (0.3419) kl_loss: 0.1180 (0.1180) muloss:0.2047Accu: 100.00
Test Epoch: 88
original feature:   Rank-1: 78.00% | Rank-5: 98.00% | Rank-10: 98.00%| Rank-20: 98.00%| mAP: 76.72%| mINP: 68.62%
feature after BN:   Rank-1: 88.00% | Rank-5: 96.00% | Rank-10: 100.00%| Rank-20: 100.00%| mAP: 80.94%| mINP: 70.40%
Best Epoch [46]
==> Preparing Data Loader...
Epoch: [89][0/37] Time: 0.867 (0.867) lr:0.000001 base_lr:0.000001Loss: 0.1999 (0.1999) iLoss: 0.0035 (0.0035) CLoss: 0.0000 (0.0000) mmd_loss: 0.3493 (0.3493) kl_loss: 0.0644 (0.0644) muloss:0.0621Accu: 100.00
Test Epoch: 89
original feature:   Rank-1: 82.00% | Rank-5: 98.00% | Rank-10: 98.00%| Rank-20: 98.00%| mAP: 78.68%| mINP: 69.82%
feature after BN:   Rank-1: 90.00% | Rank-5: 98.00% | Rank-10: 100.00%| Rank-20: 100.00%| mAP: 82.14%| mINP: 71.68%
Best Epoch [46]
==> Preparing Data Loader...
Epoch: [90][0/37] Time: 0.822 (0.822) lr:0.000001 base_lr:0.000001Loss: 0.2147 (0.2147) iLoss: 0.0157 (0.0157) CLoss: 0.0000 (0.0000) mmd_loss: 0.3160 (0.3160) kl_loss: 0.0615 (0.0615) muloss:0.0744Accu: 100.00
Test Epoch: 90
original feature:   Rank-1: 80.00% | Rank-5: 98.00% | Rank-10: 98.00%| Rank-20: 98.00%| mAP: 77.83%| mINP: 68.95%
feature after BN:   Rank-1: 90.00% | Rank-5: 96.00% | Rank-10: 100.00%| Rank-20: 100.00%| mAP: 82.73%| mINP: 72.99%
Best Epoch [46]
==> Preparing Data Loader...
Epoch: [91][0/37] Time: 0.839 (0.839) lr:0.000001 base_lr:0.000001Loss: 0.3414 (0.3414) iLoss: 0.0072 (0.0072) CLoss: 0.0000 (0.0000) mmd_loss: 0.2955 (0.2955) kl_loss: 0.0995 (0.0995) muloss:0.1755Accu: 100.00
Test Epoch: 91
original feature:   Rank-1: 82.00% | Rank-5: 98.00% | Rank-10: 98.00%| Rank-20: 98.00%| mAP: 78.55%| mINP: 69.14%
feature after BN:   Rank-1: 88.00% | Rank-5: 98.00% | Rank-10: 100.00%| Rank-20: 100.00%| mAP: 81.31%| mINP: 71.13%
Best Epoch [46]
==> Preparing Data Loader...
Epoch: [92][0/37] Time: 0.862 (0.862) lr:0.000001 base_lr:0.000001Loss: 0.3898 (0.3898) iLoss: 0.0171 (0.0171) CLoss: 0.0000 (0.0000) mmd_loss: 0.3713 (0.3713) kl_loss: 0.1306 (0.1306) muloss:0.1678Accu: 100.00
Test Epoch: 92
original feature:   Rank-1: 80.00% | Rank-5: 96.00% | Rank-10: 98.00%| Rank-20: 98.00%| mAP: 77.99%| mINP: 70.21%
feature after BN:   Rank-1: 84.00% | Rank-5: 96.00% | Rank-10: 100.00%| Rank-20: 100.00%| mAP: 79.68%| mINP: 70.28%
Best Epoch [46]
==> Preparing Data Loader...
Epoch: [93][0/37] Time: 0.841 (0.841) lr:0.000001 base_lr:0.000001Loss: 0.3759 (0.3759) iLoss: 0.0072 (0.0072) CLoss: 0.0000 (0.0000) mmd_loss: 0.3772 (0.3772) kl_loss: 0.0763 (0.0763) muloss:0.2169Accu: 100.00
Test Epoch: 93
original feature:   Rank-1: 80.00% | Rank-5: 98.00% | Rank-10: 98.00%| Rank-20: 98.00%| mAP: 78.10%| mINP: 69.74%
feature after BN:   Rank-1: 88.00% | Rank-5: 96.00% | Rank-10: 100.00%| Rank-20: 100.00%| mAP: 80.35%| mINP: 69.14%
Best Epoch [46]
==> Preparing Data Loader...
Epoch: [94][0/37] Time: 0.798 (0.798) lr:0.000001 base_lr:0.000001Loss: 0.3651 (0.3651) iLoss: 0.0265 (0.0265) CLoss: 0.0001 (0.0001) mmd_loss: 0.3735 (0.3735) kl_loss: 0.1341 (0.1341) muloss:0.1297Accu: 100.00
Test Epoch: 94
original feature:   Rank-1: 78.00% | Rank-5: 94.00% | Rank-10: 98.00%| Rank-20: 98.00%| mAP: 77.05%| mINP: 69.31%
feature after BN:   Rank-1: 86.00% | Rank-5: 96.00% | Rank-10: 100.00%| Rank-20: 100.00%| mAP: 80.68%| mINP: 71.59%
Best Epoch [46]
==> Preparing Data Loader...
Epoch: [95][0/37] Time: 0.802 (0.802) lr:0.000001 base_lr:0.000001Loss: 0.5273 (0.5273) iLoss: 0.0207 (0.0207) CLoss: 0.0001 (0.0001) mmd_loss: 0.3818 (0.3818) kl_loss: 0.1292 (0.1292) muloss:0.3010Accu: 100.00
Test Epoch: 95
original feature:   Rank-1: 82.00% | Rank-5: 98.00% | Rank-10: 98.00%| Rank-20: 98.00%| mAP: 78.42%| mINP: 69.14%
feature after BN:   Rank-1: 88.00% | Rank-5: 94.00% | Rank-10: 100.00%| Rank-20: 100.00%| mAP: 81.49%| mINP: 71.64%
Best Epoch [46]
==> Preparing Data Loader...
Epoch: [96][0/37] Time: 0.854 (0.854) lr:0.000001 base_lr:0.000001Loss: 0.3235 (0.3235) iLoss: 0.0063 (0.0063) CLoss: 0.0000 (0.0000) mmd_loss: 0.3154 (0.3154) kl_loss: 0.0947 (0.0947) muloss:0.1595Accu: 100.00
Test Epoch: 96
original feature:   Rank-1: 82.00% | Rank-5: 98.00% | Rank-10: 98.00%| Rank-20: 98.00%| mAP: 78.22%| mINP: 69.50%
feature after BN:   Rank-1: 86.00% | Rank-5: 98.00% | Rank-10: 100.00%| Rank-20: 100.00%| mAP: 81.52%| mINP: 72.45%
Best Epoch [46]
==> Preparing Data Loader...
Epoch: [97][0/37] Time: 0.959 (0.959) lr:0.000001 base_lr:0.000001Loss: 0.1607 (0.1607) iLoss: 0.0054 (0.0054) CLoss: 0.0000 (0.0000) mmd_loss: 0.2992 (0.2992) kl_loss: 0.0504 (0.0504) muloss:0.0451Accu: 100.00
Test Epoch: 97
original feature:   Rank-1: 80.00% | Rank-5: 96.00% | Rank-10: 98.00%| Rank-20: 98.00%| mAP: 78.14%| mINP: 70.07%
feature after BN:   Rank-1: 90.00% | Rank-5: 96.00% | Rank-10: 100.00%| Rank-20: 100.00%| mAP: 81.01%| mINP: 69.61%
Best Epoch [46]
==> Preparing Data Loader...
Epoch: [98][0/37] Time: 0.964 (0.964) lr:0.000001 base_lr:0.000001Loss: 0.2905 (0.2905) iLoss: 0.0088 (0.0088) CLoss: 0.0000 (0.0000) mmd_loss: 0.3388 (0.3388) kl_loss: 0.0887 (0.0887) muloss:0.1252Accu: 100.00
Test Epoch: 98
original feature:   Rank-1: 80.00% | Rank-5: 98.00% | Rank-10: 98.00%| Rank-20: 98.00%| mAP: 78.69%| mINP: 70.68%
feature after BN:   Rank-1: 86.00% | Rank-5: 96.00% | Rank-10: 100.00%| Rank-20: 100.00%| mAP: 81.36%| mINP: 72.31%
Best Epoch [46]
==> Preparing Data Loader...
Epoch: [99][0/37] Time: 0.837 (0.837) lr:0.000001 base_lr:0.000001Loss: 0.4954 (0.4954) iLoss: 0.0085 (0.0085) CLoss: 0.0000 (0.0000) mmd_loss: 0.3764 (0.3764) kl_loss: 0.1364 (0.1364) muloss:0.2752Accu: 100.00
Test Epoch: 99
original feature:   Rank-1: 82.00% | Rank-5: 98.00% | Rank-10: 98.00%| Rank-20: 98.00%| mAP: 77.68%| mINP: 68.16%
feature after BN:   Rank-1: 88.00% | Rank-5: 96.00% | Rank-10: 100.00%| Rank-20: 100.00%| mAP: 80.96%| mINP: 70.61%
Best Epoch [46]
