==========
Args:Namespace(augc=0, batch_size=8, dataset='pku', decay_step=16, dim=2048, gpu='0,1,2,3', img_h=288, img_w=144, log_path='log/', lr=0.009, margin=0.5, max_epoch=100, mode='all', model_path='save_model/', noticed='pku-sketchlr0009_AdamW_weightdecay002_test2', num_pos=1, pool_dim=2048, rande=0, rerank='no', save_epoch=1000, seed=23, test_batch=8, trial=1, warm_up_epoch=8, workers=4)
==========
==> Loading data..
data init success!
==> Building model..
==> Building success!..
==> Start Training...
==> Preparing Data Loader...
Epoch: [0][0/37] Time: 3.929 (3.929) lr:0.000112 base_lr:0.000011Loss: 14.2843 (14.2843) iLoss: 5.0220 (5.0220) CLoss: 3.5935 (3.5935) mmd_loss: 1.4336 (1.4336) kl_loss: 0.3630 (0.3630) muloss:5.0191Accu: 0.00
Test Epoch: 0
original feature:   Rank-1: 8.00% | Rank-5: 32.00% | Rank-10: 60.00%| Rank-20: 74.00%| mAP: 14.73%| mINP: 7.49%
feature after BN:   Rank-1: 12.00% | Rank-5: 36.00% | Rank-10: 48.00%| Rank-20: 68.00%| mAP: 17.97%| mINP: 11.83%
Best Epoch [0]
==> Preparing Data Loader...
Epoch: [1][0/37] Time: 0.621 (0.621) lr:0.000225 base_lr:0.000023Loss: 13.7899 (13.7899) iLoss: 4.9878 (4.9878) CLoss: 3.3044 (3.3044) mmd_loss: 1.0837 (1.0837) kl_loss: 0.3451 (0.3451) muloss:4.9359Accu: 25.00
Test Epoch: 1
original feature:   Rank-1: 22.00% | Rank-5: 42.00% | Rank-10: 52.00%| Rank-20: 74.00%| mAP: 21.61%| mINP: 10.81%
feature after BN:   Rank-1: 20.00% | Rank-5: 46.00% | Rank-10: 60.00%| Rank-20: 76.00%| mAP: 24.93%| mINP: 17.48%
Best Epoch [1]
==> Preparing Data Loader...
Epoch: [2][0/37] Time: 0.571 (0.571) lr:0.000338 base_lr:0.000034Loss: 12.1538 (12.1538) iLoss: 4.8809 (4.8809) CLoss: 2.1794 (2.1794) mmd_loss: 0.9182 (0.9182) kl_loss: 0.3319 (0.3319) muloss:4.5779Accu: 25.00
Test Epoch: 2
original feature:   Rank-1: 22.00% | Rank-5: 54.00% | Rank-10: 76.00%| Rank-20: 80.00%| mAP: 28.05%| mINP: 20.51%
feature after BN:   Rank-1: 22.00% | Rank-5: 54.00% | Rank-10: 68.00%| Rank-20: 88.00%| mAP: 29.15%| mINP: 20.99%
Best Epoch [1]
==> Preparing Data Loader...
Epoch: [3][0/37] Time: 0.585 (0.585) lr:0.000450 base_lr:0.000045Loss: 10.7555 (10.7555) iLoss: 4.6620 (4.6620) CLoss: 1.5135 (1.5135) mmd_loss: 0.8317 (0.8317) kl_loss: 0.3348 (0.3348) muloss:4.0789Accu: 31.25
Test Epoch: 3
original feature:   Rank-1: 44.00% | Rank-5: 68.00% | Rank-10: 80.00%| Rank-20: 86.00%| mAP: 40.58%| mINP: 26.70%
feature after BN:   Rank-1: 36.00% | Rank-5: 58.00% | Rank-10: 78.00%| Rank-20: 90.00%| mAP: 38.41%| mINP: 28.27%
Best Epoch [3]
==> Preparing Data Loader...
Epoch: [4][0/37] Time: 0.657 (0.657) lr:0.000562 base_lr:0.000056Loss: 8.5703 (8.5703) iLoss: 4.3546 (4.3546) CLoss: 0.5364 (0.5364) mmd_loss: 0.6188 (0.6188) kl_loss: 0.3869 (0.3869) muloss:3.1686Accu: 50.00
Test Epoch: 4
original feature:   Rank-1: 38.00% | Rank-5: 74.00% | Rank-10: 88.00%| Rank-20: 98.00%| mAP: 46.19%| mINP: 36.75%
feature after BN:   Rank-1: 44.00% | Rank-5: 66.00% | Rank-10: 86.00%| Rank-20: 96.00%| mAP: 44.92%| mINP: 33.86%
Best Epoch [3]
==> Preparing Data Loader...
Epoch: [5][0/37] Time: 0.860 (0.860) lr:0.000675 base_lr:0.000068Loss: 7.1282 (7.1282) iLoss: 3.8853 (3.8853) CLoss: 0.2561 (0.2561) mmd_loss: 0.5144 (0.5144) kl_loss: 0.4621 (0.4621) muloss:2.4218Accu: 12.50
Test Epoch: 5
original feature:   Rank-1: 44.00% | Rank-5: 86.00% | Rank-10: 96.00%| Rank-20: 100.00%| mAP: 48.78%| mINP: 37.48%
feature after BN:   Rank-1: 48.00% | Rank-5: 80.00% | Rank-10: 92.00%| Rank-20: 98.00%| mAP: 48.30%| mINP: 35.46%
Best Epoch [5]
==> Preparing Data Loader...
Epoch: [6][0/37] Time: 0.776 (0.776) lr:0.000788 base_lr:0.000079Loss: 6.7121 (6.7121) iLoss: 3.6009 (3.6009) CLoss: 0.1972 (0.1972) mmd_loss: 0.5549 (0.5549) kl_loss: 0.6221 (0.6221) muloss:2.1809Accu: 43.75
Test Epoch: 6
original feature:   Rank-1: 46.00% | Rank-5: 84.00% | Rank-10: 94.00%| Rank-20: 98.00%| mAP: 51.22%| mINP: 43.65%
feature after BN:   Rank-1: 50.00% | Rank-5: 82.00% | Rank-10: 94.00%| Rank-20: 96.00%| mAP: 52.25%| mINP: 41.92%
Best Epoch [6]
==> Preparing Data Loader...
Epoch: [7][0/37] Time: 0.878 (0.878) lr:0.000900 base_lr:0.000090Loss: 6.2222 (6.2222) iLoss: 3.2217 (3.2217) CLoss: 0.1025 (0.1025) mmd_loss: 0.5307 (0.5307) kl_loss: 0.5470 (0.5470) muloss:2.2449Accu: 43.75
Test Epoch: 7
original feature:   Rank-1: 46.00% | Rank-5: 84.00% | Rank-10: 94.00%| Rank-20: 100.00%| mAP: 53.13%| mINP: 45.01%
feature after BN:   Rank-1: 62.00% | Rank-5: 86.00% | Rank-10: 94.00%| Rank-20: 98.00%| mAP: 57.76%| mINP: 43.98%
Best Epoch [7]
==> Preparing Data Loader...
Epoch: [8][0/37] Time: 0.579 (0.579) lr:0.000900 base_lr:0.000090Loss: 4.2325 (4.2325) iLoss: 1.9450 (1.9450) CLoss: 0.0460 (0.0460) mmd_loss: 0.4725 (0.4725) kl_loss: 0.6216 (0.6216) muloss:1.5253Accu: 81.25
Test Epoch: 8
original feature:   Rank-1: 64.00% | Rank-5: 88.00% | Rank-10: 96.00%| Rank-20: 100.00%| mAP: 59.94%| mINP: 47.24%
feature after BN:   Rank-1: 64.00% | Rank-5: 90.00% | Rank-10: 98.00%| Rank-20: 98.00%| mAP: 62.54%| mINP: 51.83%
Best Epoch [8]
==> Preparing Data Loader...
Epoch: [9][0/37] Time: 0.589 (0.589) lr:0.000899 base_lr:0.000090Loss: 3.9203 (3.9203) iLoss: 1.7816 (1.7816) CLoss: 0.0275 (0.0275) mmd_loss: 0.4452 (0.4452) kl_loss: 0.8642 (0.8642) muloss:1.1580Accu: 87.50
Test Epoch: 9
original feature:   Rank-1: 64.00% | Rank-5: 90.00% | Rank-10: 100.00%| Rank-20: 100.00%| mAP: 64.19%| mINP: 53.14%
feature after BN:   Rank-1: 60.00% | Rank-5: 86.00% | Rank-10: 98.00%| Rank-20: 100.00%| mAP: 64.22%| mINP: 57.07%
Best Epoch [8]
==> Preparing Data Loader...
Epoch: [10][0/37] Time: 0.598 (0.598) lr:0.000898 base_lr:0.000090Loss: 3.7984 (3.7984) iLoss: 1.6772 (1.6772) CLoss: 0.0018 (0.0018) mmd_loss: 0.4326 (0.4326) kl_loss: 0.6960 (0.6960) muloss:1.3369Accu: 68.75
Test Epoch: 10
original feature:   Rank-1: 58.00% | Rank-5: 88.00% | Rank-10: 96.00%| Rank-20: 100.00%| mAP: 62.91%| mINP: 55.83%
feature after BN:   Rank-1: 62.00% | Rank-5: 86.00% | Rank-10: 92.00%| Rank-20: 98.00%| mAP: 64.46%| mINP: 56.36%
Best Epoch [8]
==> Preparing Data Loader...
Epoch: [11][0/37] Time: 0.567 (0.567) lr:0.000896 base_lr:0.000090Loss: 3.2316 (3.2316) iLoss: 1.0399 (1.0399) CLoss: 0.0029 (0.0029) mmd_loss: 0.4574 (0.4574) kl_loss: 0.5885 (0.5885) muloss:1.5088Accu: 100.00
Test Epoch: 11
original feature:   Rank-1: 68.00% | Rank-5: 90.00% | Rank-10: 98.00%| Rank-20: 100.00%| mAP: 67.69%| mINP: 58.39%
feature after BN:   Rank-1: 68.00% | Rank-5: 88.00% | Rank-10: 98.00%| Rank-20: 100.00%| mAP: 67.44%| mINP: 57.51%
Best Epoch [11]
==> Preparing Data Loader...
Epoch: [12][0/37] Time: 0.579 (0.579) lr:0.000893 base_lr:0.000089Loss: 2.7667 (2.7667) iLoss: 0.8192 (0.8192) CLoss: 0.0001 (0.0001) mmd_loss: 0.4331 (0.4331) kl_loss: 0.6854 (0.6854) muloss:1.1753Accu: 100.00
Test Epoch: 12
original feature:   Rank-1: 66.00% | Rank-5: 88.00% | Rank-10: 96.00%| Rank-20: 100.00%| mAP: 66.03%| mINP: 56.44%
feature after BN:   Rank-1: 70.00% | Rank-5: 88.00% | Rank-10: 98.00%| Rank-20: 100.00%| mAP: 67.26%| mINP: 55.98%
Best Epoch [12]
==> Preparing Data Loader...
Epoch: [13][0/37] Time: 0.584 (0.584) lr:0.000891 base_lr:0.000089Loss: 2.1120 (2.1120) iLoss: 0.4867 (0.4867) CLoss: 0.0000 (0.0000) mmd_loss: 0.3850 (0.3850) kl_loss: 0.4966 (0.4966) muloss:1.0518Accu: 100.00
Test Epoch: 13
original feature:   Rank-1: 66.00% | Rank-5: 86.00% | Rank-10: 100.00%| Rank-20: 100.00%| mAP: 67.03%| mINP: 58.66%
feature after BN:   Rank-1: 64.00% | Rank-5: 90.00% | Rank-10: 98.00%| Rank-20: 100.00%| mAP: 64.74%| mINP: 55.64%
Best Epoch [12]
==> Preparing Data Loader...
Epoch: [14][0/37] Time: 0.588 (0.588) lr:0.000887 base_lr:0.000089Loss: 2.0835 (2.0835) iLoss: 0.3459 (0.3459) CLoss: 0.0000 (0.0000) mmd_loss: 0.4023 (0.4023) kl_loss: 0.5635 (0.5635) muloss:1.0936Accu: 100.00
Test Epoch: 14
original feature:   Rank-1: 68.00% | Rank-5: 90.00% | Rank-10: 98.00%| Rank-20: 100.00%| mAP: 71.03%| mINP: 63.82%
feature after BN:   Rank-1: 66.00% | Rank-5: 90.00% | Rank-10: 100.00%| Rank-20: 100.00%| mAP: 70.14%| mINP: 62.81%
Best Epoch [12]
==> Preparing Data Loader...
Epoch: [15][0/37] Time: 0.586 (0.586) lr:0.000883 base_lr:0.000088Loss: 2.1585 (2.1585) iLoss: 0.4426 (0.4426) CLoss: 0.0002 (0.0002) mmd_loss: 0.4018 (0.4018) kl_loss: 0.5762 (0.5762) muloss:1.0592Accu: 100.00
Test Epoch: 15
original feature:   Rank-1: 68.00% | Rank-5: 86.00% | Rank-10: 96.00%| Rank-20: 100.00%| mAP: 67.67%| mINP: 59.06%
feature after BN:   Rank-1: 66.00% | Rank-5: 90.00% | Rank-10: 96.00%| Rank-20: 100.00%| mAP: 68.03%| mINP: 60.33%
Best Epoch [12]
==> Preparing Data Loader...
Epoch: [16][0/37] Time: 0.740 (0.740) lr:0.000879 base_lr:0.000088Loss: 1.6439 (1.6439) iLoss: 0.2185 (0.2185) CLoss: 0.0000 (0.0000) mmd_loss: 0.3571 (0.3571) kl_loss: 0.5417 (0.5417) muloss:0.8123Accu: 100.00
Test Epoch: 16
original feature:   Rank-1: 64.00% | Rank-5: 90.00% | Rank-10: 98.00%| Rank-20: 100.00%| mAP: 67.46%| mINP: 60.03%
feature after BN:   Rank-1: 64.00% | Rank-5: 96.00% | Rank-10: 98.00%| Rank-20: 100.00%| mAP: 67.78%| mINP: 60.71%
Best Epoch [12]
==> Preparing Data Loader...
Epoch: [17][0/37] Time: 0.585 (0.585) lr:0.000450 base_lr:0.000450Loss: 2.1067 (2.1067) iLoss: 0.2827 (0.2827) CLoss: 0.0000 (0.0000) mmd_loss: 0.3574 (0.3574) kl_loss: 0.5665 (0.5665) muloss:1.1860Accu: 100.00
Test Epoch: 17
original feature:   Rank-1: 28.00% | Rank-5: 64.00% | Rank-10: 76.00%| Rank-20: 84.00%| mAP: 33.79%| mINP: 24.17%
feature after BN:   Rank-1: 24.00% | Rank-5: 64.00% | Rank-10: 76.00%| Rank-20: 86.00%| mAP: 33.13%| mINP: 25.99%
Best Epoch [12]
==> Preparing Data Loader...
Epoch: [18][0/37] Time: 0.589 (0.589) lr:0.000450 base_lr:0.000450Loss: 5.3639 (5.3639) iLoss: 1.5231 (1.5231) CLoss: 0.2498 (0.2498) mmd_loss: 0.7656 (0.7656) kl_loss: 0.5826 (0.5826) muloss:2.8554Accu: 75.00
Test Epoch: 18
original feature:   Rank-1: 38.00% | Rank-5: 70.00% | Rank-10: 88.00%| Rank-20: 96.00%| mAP: 41.57%| mINP: 29.95%
feature after BN:   Rank-1: 46.00% | Rank-5: 88.00% | Rank-10: 96.00%| Rank-20: 98.00%| mAP: 50.80%| mINP: 38.23%
Best Epoch [12]
==> Preparing Data Loader...
Epoch: [19][0/37] Time: 0.824 (0.824) lr:0.000450 base_lr:0.000450Loss: 7.2197 (7.2197) iLoss: 2.1921 (2.1921) CLoss: 0.7545 (0.7545) mmd_loss: 0.9501 (0.9501) kl_loss: 0.5797 (0.5797) muloss:3.5034Accu: 25.00
Test Epoch: 19
original feature:   Rank-1: 64.00% | Rank-5: 88.00% | Rank-10: 94.00%| Rank-20: 98.00%| mAP: 63.36%| mINP: 51.06%
feature after BN:   Rank-1: 60.00% | Rank-5: 84.00% | Rank-10: 88.00%| Rank-20: 94.00%| mAP: 60.62%| mINP: 50.43%
Best Epoch [12]
==> Preparing Data Loader...
Epoch: [20][0/37] Time: 0.594 (0.594) lr:0.000450 base_lr:0.000450Loss: 4.5045 (4.5045) iLoss: 0.9923 (0.9923) CLoss: 0.3474 (0.3474) mmd_loss: 0.6361 (0.6361) kl_loss: 0.9218 (0.9218) muloss:2.1157Accu: 75.00
Test Epoch: 20
original feature:   Rank-1: 62.00% | Rank-5: 86.00% | Rank-10: 96.00%| Rank-20: 98.00%| mAP: 59.20%| mINP: 45.76%
feature after BN:   Rank-1: 64.00% | Rank-5: 82.00% | Rank-10: 94.00%| Rank-20: 100.00%| mAP: 60.73%| mINP: 48.74%
Best Epoch [12]
==> Preparing Data Loader...
Epoch: [21][0/37] Time: 0.602 (0.602) lr:0.000450 base_lr:0.000450Loss: 3.2686 (3.2686) iLoss: 0.6504 (0.6504) CLoss: 0.0002 (0.0002) mmd_loss: 0.5316 (0.5316) kl_loss: 0.7718 (0.7718) muloss:1.7399Accu: 75.00
Test Epoch: 21
original feature:   Rank-1: 58.00% | Rank-5: 94.00% | Rank-10: 100.00%| Rank-20: 100.00%| mAP: 62.89%| mINP: 53.38%
feature after BN:   Rank-1: 66.00% | Rank-5: 92.00% | Rank-10: 98.00%| Rank-20: 98.00%| mAP: 64.89%| mINP: 53.47%
Best Epoch [12]
==> Preparing Data Loader...
Epoch: [22][0/37] Time: 0.582 (0.582) lr:0.000450 base_lr:0.000450Loss: 3.5511 (3.5511) iLoss: 0.4623 (0.4623) CLoss: 0.1348 (0.1348) mmd_loss: 0.7381 (0.7381) kl_loss: 0.9483 (0.9483) muloss:1.8580Accu: 87.50
Test Epoch: 22
original feature:   Rank-1: 56.00% | Rank-5: 84.00% | Rank-10: 96.00%| Rank-20: 96.00%| mAP: 57.40%| mINP: 46.55%
feature after BN:   Rank-1: 70.00% | Rank-5: 88.00% | Rank-10: 94.00%| Rank-20: 96.00%| mAP: 64.73%| mINP: 52.04%
Best Epoch [12]
==> Preparing Data Loader...
Epoch: [23][0/37] Time: 0.595 (0.595) lr:0.000450 base_lr:0.000450Loss: 3.0636 (3.0636) iLoss: 0.5689 (0.5689) CLoss: 0.2167 (0.2167) mmd_loss: 0.5961 (0.5961) kl_loss: 0.9928 (0.9928) muloss:1.1660Accu: 87.50
Test Epoch: 23
original feature:   Rank-1: 54.00% | Rank-5: 86.00% | Rank-10: 94.00%| Rank-20: 100.00%| mAP: 54.84%| mINP: 43.37%
feature after BN:   Rank-1: 60.00% | Rank-5: 86.00% | Rank-10: 96.00%| Rank-20: 100.00%| mAP: 63.59%| mINP: 53.99%
Best Epoch [12]
==> Preparing Data Loader...
Epoch: [24][0/37] Time: 0.558 (0.558) lr:0.000450 base_lr:0.000450Loss: 1.5182 (1.5182) iLoss: 0.1444 (0.1444) CLoss: 0.0249 (0.0249) mmd_loss: 0.5850 (0.5850) kl_loss: 0.5165 (0.5165) muloss:0.7154Accu: 93.75
Test Epoch: 24
original feature:   Rank-1: 64.00% | Rank-5: 88.00% | Rank-10: 92.00%| Rank-20: 98.00%| mAP: 65.11%| mINP: 56.72%
feature after BN:   Rank-1: 66.00% | Rank-5: 90.00% | Rank-10: 92.00%| Rank-20: 98.00%| mAP: 65.28%| mINP: 54.51%
Best Epoch [12]
==> Preparing Data Loader...
Epoch: [25][0/37] Time: 0.586 (0.586) lr:0.000225 base_lr:0.000225Loss: 1.5003 (1.5003) iLoss: 0.0857 (0.0857) CLoss: 0.0417 (0.0417) mmd_loss: 0.5842 (0.5842) kl_loss: 0.4179 (0.4179) muloss:0.8382Accu: 100.00
Test Epoch: 25
original feature:   Rank-1: 66.00% | Rank-5: 92.00% | Rank-10: 100.00%| Rank-20: 100.00%| mAP: 66.64%| mINP: 55.94%
feature after BN:   Rank-1: 68.00% | Rank-5: 90.00% | Rank-10: 98.00%| Rank-20: 98.00%| mAP: 67.63%| mINP: 56.75%
Best Epoch [12]
==> Preparing Data Loader...
Epoch: [26][0/37] Time: 0.585 (0.585) lr:0.000225 base_lr:0.000225Loss: 1.0982 (1.0982) iLoss: 0.2217 (0.2217) CLoss: 0.0431 (0.0431) mmd_loss: 0.5453 (0.5453) kl_loss: 0.3505 (0.3505) muloss:0.3740Accu: 93.75
Test Epoch: 26
original feature:   Rank-1: 78.00% | Rank-5: 98.00% | Rank-10: 100.00%| Rank-20: 100.00%| mAP: 73.68%| mINP: 62.38%
feature after BN:   Rank-1: 84.00% | Rank-5: 96.00% | Rank-10: 100.00%| Rank-20: 100.00%| mAP: 76.56%| mINP: 64.68%
Best Epoch [26]
==> Preparing Data Loader...
Epoch: [27][0/37] Time: 0.653 (0.653) lr:0.000225 base_lr:0.000225Loss: 0.6977 (0.6977) iLoss: 0.0281 (0.0281) CLoss: 0.0000 (0.0000) mmd_loss: 0.5080 (0.5080) kl_loss: 0.3390 (0.3390) muloss:0.2290Accu: 100.00
Test Epoch: 27
original feature:   Rank-1: 82.00% | Rank-5: 94.00% | Rank-10: 100.00%| Rank-20: 100.00%| mAP: 75.53%| mINP: 63.92%
feature after BN:   Rank-1: 80.00% | Rank-5: 94.00% | Rank-10: 96.00%| Rank-20: 100.00%| mAP: 75.39%| mINP: 64.80%
Best Epoch [26]
==> Preparing Data Loader...
Epoch: [28][0/37] Time: 0.751 (0.751) lr:0.000225 base_lr:0.000225Loss: 0.8124 (0.8124) iLoss: 0.0303 (0.0303) CLoss: 0.0002 (0.0002) mmd_loss: 0.5209 (0.5209) kl_loss: 0.3168 (0.3168) muloss:0.3610Accu: 100.00
Test Epoch: 28
original feature:   Rank-1: 80.00% | Rank-5: 94.00% | Rank-10: 98.00%| Rank-20: 98.00%| mAP: 74.79%| mINP: 63.96%
feature after BN:   Rank-1: 78.00% | Rank-5: 96.00% | Rank-10: 96.00%| Rank-20: 98.00%| mAP: 76.61%| mINP: 67.90%
Best Epoch [26]
==> Preparing Data Loader...
Epoch: [29][0/37] Time: 0.751 (0.751) lr:0.000225 base_lr:0.000225Loss: 0.4620 (0.4620) iLoss: 0.0105 (0.0105) CLoss: 0.0001 (0.0001) mmd_loss: 0.4730 (0.4730) kl_loss: 0.2229 (0.2229) muloss:0.1339Accu: 100.00
Test Epoch: 29
original feature:   Rank-1: 80.00% | Rank-5: 96.00% | Rank-10: 100.00%| Rank-20: 100.00%| mAP: 75.81%| mINP: 64.61%
feature after BN:   Rank-1: 80.00% | Rank-5: 98.00% | Rank-10: 100.00%| Rank-20: 100.00%| mAP: 76.55%| mINP: 66.33%
Best Epoch [26]
==> Preparing Data Loader...
Epoch: [30][0/37] Time: 0.561 (0.561) lr:0.000090 base_lr:0.000090Loss: 0.8476 (0.8476) iLoss: 0.0243 (0.0243) CLoss: 0.0001 (0.0001) mmd_loss: 0.5277 (0.5277) kl_loss: 0.4479 (0.4479) muloss:0.2696Accu: 100.00
Test Epoch: 30
original feature:   Rank-1: 72.00% | Rank-5: 96.00% | Rank-10: 100.00%| Rank-20: 100.00%| mAP: 70.46%| mINP: 59.38%
feature after BN:   Rank-1: 74.00% | Rank-5: 98.00% | Rank-10: 100.00%| Rank-20: 100.00%| mAP: 73.24%| mINP: 63.84%
Best Epoch [26]
==> Preparing Data Loader...
Epoch: [31][0/37] Time: 0.721 (0.721) lr:0.000090 base_lr:0.000090Loss: 0.6178 (0.6178) iLoss: 0.0603 (0.0603) CLoss: 0.0008 (0.0008) mmd_loss: 0.4776 (0.4776) kl_loss: 0.3054 (0.3054) muloss:0.1558Accu: 93.75
Test Epoch: 31
original feature:   Rank-1: 78.00% | Rank-5: 96.00% | Rank-10: 100.00%| Rank-20: 100.00%| mAP: 74.27%| mINP: 63.48%
feature after BN:   Rank-1: 78.00% | Rank-5: 96.00% | Rank-10: 100.00%| Rank-20: 100.00%| mAP: 74.79%| mINP: 63.49%
Best Epoch [26]
==> Preparing Data Loader...
Epoch: [32][0/37] Time: 0.712 (0.712) lr:0.000090 base_lr:0.000090Loss: 1.1198 (1.1198) iLoss: 0.0776 (0.0776) CLoss: 0.0867 (0.0867) mmd_loss: 0.5466 (0.5466) kl_loss: 0.3512 (0.3512) muloss:0.4949Accu: 100.00
Test Epoch: 32
original feature:   Rank-1: 82.00% | Rank-5: 98.00% | Rank-10: 100.00%| Rank-20: 100.00%| mAP: 75.93%| mINP: 63.44%
feature after BN:   Rank-1: 86.00% | Rank-5: 98.00% | Rank-10: 100.00%| Rank-20: 100.00%| mAP: 77.46%| mINP: 64.12%
Best Epoch [32]
==> Preparing Data Loader...
Epoch: [33][0/37] Time: 0.567 (0.567) lr:0.000090 base_lr:0.000090Loss: 0.6432 (0.6432) iLoss: 0.0869 (0.0869) CLoss: 0.0000 (0.0000) mmd_loss: 0.4513 (0.4513) kl_loss: 0.2400 (0.2400) muloss:0.2260Accu: 93.75
Test Epoch: 33
original feature:   Rank-1: 78.00% | Rank-5: 98.00% | Rank-10: 100.00%| Rank-20: 100.00%| mAP: 74.54%| mINP: 62.61%
feature after BN:   Rank-1: 84.00% | Rank-5: 96.00% | Rank-10: 98.00%| Rank-20: 100.00%| mAP: 77.21%| mINP: 65.34%
Best Epoch [32]
==> Preparing Data Loader...
Epoch: [34][0/37] Time: 0.606 (0.606) lr:0.000090 base_lr:0.000090Loss: 0.2552 (0.2552) iLoss: 0.0212 (0.0212) CLoss: 0.0001 (0.0001) mmd_loss: 0.4462 (0.4462) kl_loss: 0.0896 (0.0896) muloss:0.0551Accu: 100.00
Test Epoch: 34
original feature:   Rank-1: 80.00% | Rank-5: 98.00% | Rank-10: 100.00%| Rank-20: 100.00%| mAP: 75.75%| mINP: 64.94%
feature after BN:   Rank-1: 84.00% | Rank-5: 96.00% | Rank-10: 100.00%| Rank-20: 100.00%| mAP: 78.63%| mINP: 68.20%
Best Epoch [32]
==> Preparing Data Loader...
Epoch: [35][0/37] Time: 0.565 (0.565) lr:0.000090 base_lr:0.000090Loss: 0.6135 (0.6135) iLoss: 0.0285 (0.0285) CLoss: 0.0000 (0.0000) mmd_loss: 0.4696 (0.4696) kl_loss: 0.2447 (0.2447) muloss:0.2464Accu: 100.00
Test Epoch: 35
original feature:   Rank-1: 84.00% | Rank-5: 94.00% | Rank-10: 100.00%| Rank-20: 100.00%| mAP: 77.37%| mINP: 66.00%
feature after BN:   Rank-1: 86.00% | Rank-5: 98.00% | Rank-10: 100.00%| Rank-20: 100.00%| mAP: 78.64%| mINP: 66.59%
Best Epoch [32]
==> Preparing Data Loader...
Epoch: [36][0/37] Time: 0.564 (0.564) lr:0.000090 base_lr:0.000090Loss: 0.1416 (0.1416) iLoss: 0.0088 (0.0088) CLoss: 0.0000 (0.0000) mmd_loss: 0.4102 (0.4102) kl_loss: 0.0253 (0.0253) muloss:0.0255Accu: 100.00
Test Epoch: 36
original feature:   Rank-1: 82.00% | Rank-5: 96.00% | Rank-10: 100.00%| Rank-20: 100.00%| mAP: 76.93%| mINP: 65.62%
feature after BN:   Rank-1: 88.00% | Rank-5: 96.00% | Rank-10: 100.00%| Rank-20: 100.00%| mAP: 78.46%| mINP: 65.62%
Best Epoch [36]
==> Preparing Data Loader...
Epoch: [37][0/37] Time: 0.564 (0.564) lr:0.000090 base_lr:0.000090Loss: 0.5038 (0.5038) iLoss: 0.0164 (0.0164) CLoss: 0.0001 (0.0001) mmd_loss: 0.4363 (0.4363) kl_loss: 0.2484 (0.2484) muloss:0.1517Accu: 100.00
Test Epoch: 37
original feature:   Rank-1: 84.00% | Rank-5: 96.00% | Rank-10: 100.00%| Rank-20: 100.00%| mAP: 76.76%| mINP: 64.44%
feature after BN:   Rank-1: 86.00% | Rank-5: 98.00% | Rank-10: 100.00%| Rank-20: 100.00%| mAP: 77.51%| mINP: 65.06%
Best Epoch [36]
==> Preparing Data Loader...
Epoch: [38][0/37] Time: 0.589 (0.589) lr:0.000090 base_lr:0.000090Loss: 0.4950 (0.4950) iLoss: 0.0073 (0.0073) CLoss: 0.0000 (0.0000) mmd_loss: 0.4308 (0.4308) kl_loss: 0.1750 (0.1750) muloss:0.2266Accu: 100.00
Test Epoch: 38
original feature:   Rank-1: 80.00% | Rank-5: 98.00% | Rank-10: 100.00%| Rank-20: 100.00%| mAP: 76.33%| mINP: 65.56%
feature after BN:   Rank-1: 82.00% | Rank-5: 98.00% | Rank-10: 100.00%| Rank-20: 100.00%| mAP: 77.95%| mINP: 67.62%
Best Epoch [36]
==> Preparing Data Loader...
Epoch: [39][0/37] Time: 0.574 (0.574) lr:0.000090 base_lr:0.000090Loss: 0.4091 (0.4091) iLoss: 0.0112 (0.0112) CLoss: 0.0000 (0.0000) mmd_loss: 0.4122 (0.4122) kl_loss: 0.1678 (0.1678) muloss:0.1477Accu: 100.00
Test Epoch: 39
original feature:   Rank-1: 78.00% | Rank-5: 96.00% | Rank-10: 100.00%| Rank-20: 100.00%| mAP: 76.11%| mINP: 66.82%
feature after BN:   Rank-1: 86.00% | Rank-5: 98.00% | Rank-10: 100.00%| Rank-20: 100.00%| mAP: 79.81%| mINP: 68.83%
Best Epoch [36]
==> Preparing Data Loader...
Epoch: [40][0/37] Time: 0.565 (0.565) lr:0.000090 base_lr:0.000090Loss: 0.6356 (0.6356) iLoss: 0.0116 (0.0116) CLoss: 0.0000 (0.0000) mmd_loss: 0.4389 (0.4389) kl_loss: 0.2176 (0.2176) muloss:0.3186Accu: 100.00
Test Epoch: 40
original feature:   Rank-1: 78.00% | Rank-5: 98.00% | Rank-10: 100.00%| Rank-20: 100.00%| mAP: 75.43%| mINP: 65.23%
feature after BN:   Rank-1: 88.00% | Rank-5: 98.00% | Rank-10: 100.00%| Rank-20: 100.00%| mAP: 80.58%| mINP: 69.27%
Best Epoch [36]
==> Preparing Data Loader...
Epoch: [41][0/37] Time: 0.584 (0.584) lr:0.000090 base_lr:0.000090Loss: 0.4138 (0.4138) iLoss: 0.0086 (0.0086) CLoss: 0.0006 (0.0006) mmd_loss: 0.3829 (0.3829) kl_loss: 0.1453 (0.1453) muloss:0.1826Accu: 100.00
Test Epoch: 41
original feature:   Rank-1: 76.00% | Rank-5: 100.00% | Rank-10: 100.00%| Rank-20: 100.00%| mAP: 76.98%| mINP: 69.16%
feature after BN:   Rank-1: 86.00% | Rank-5: 96.00% | Rank-10: 100.00%| Rank-20: 100.00%| mAP: 80.23%| mINP: 69.56%
Best Epoch [36]
==> Preparing Data Loader...
Epoch: [42][0/37] Time: 0.749 (0.749) lr:0.000090 base_lr:0.000090Loss: 0.2942 (0.2942) iLoss: 0.0068 (0.0068) CLoss: 0.0000 (0.0000) mmd_loss: 0.3767 (0.3767) kl_loss: 0.1318 (0.1318) muloss:0.0803Accu: 100.00
Test Epoch: 42
original feature:   Rank-1: 78.00% | Rank-5: 100.00% | Rank-10: 100.00%| Rank-20: 100.00%| mAP: 76.78%| mINP: 67.36%
feature after BN:   Rank-1: 88.00% | Rank-5: 96.00% | Rank-10: 100.00%| Rank-20: 100.00%| mAP: 80.95%| mINP: 70.01%
Best Epoch [36]
==> Preparing Data Loader...
Epoch: [43][0/37] Time: 0.555 (0.555) lr:0.000090 base_lr:0.000090Loss: 0.2722 (0.2722) iLoss: 0.0173 (0.0173) CLoss: 0.0000 (0.0000) mmd_loss: 0.4159 (0.4159) kl_loss: 0.0827 (0.0827) muloss:0.0890Accu: 100.00
Test Epoch: 43
original feature:   Rank-1: 78.00% | Rank-5: 98.00% | Rank-10: 100.00%| Rank-20: 100.00%| mAP: 76.23%| mINP: 67.42%
feature after BN:   Rank-1: 84.00% | Rank-5: 98.00% | Rank-10: 100.00%| Rank-20: 100.00%| mAP: 79.19%| mINP: 68.42%
Best Epoch [36]
==> Preparing Data Loader...
Epoch: [44][0/37] Time: 0.550 (0.550) lr:0.000090 base_lr:0.000090Loss: 0.5619 (0.5619) iLoss: 0.0121 (0.0121) CLoss: 0.0000 (0.0000) mmd_loss: 0.3850 (0.3850) kl_loss: 0.1733 (0.1733) muloss:0.2995Accu: 100.00
Test Epoch: 44
original feature:   Rank-1: 78.00% | Rank-5: 98.00% | Rank-10: 100.00%| Rank-20: 100.00%| mAP: 76.97%| mINP: 68.14%
feature after BN:   Rank-1: 84.00% | Rank-5: 96.00% | Rank-10: 100.00%| Rank-20: 100.00%| mAP: 79.74%| mINP: 69.92%
Best Epoch [36]
==> Preparing Data Loader...
Epoch: [45][0/37] Time: 0.562 (0.562) lr:0.000027 base_lr:0.000027Loss: 0.4338 (0.4338) iLoss: 0.0146 (0.0146) CLoss: 0.0000 (0.0000) mmd_loss: 0.3506 (0.3506) kl_loss: 0.1000 (0.1000) muloss:0.2491Accu: 100.00
Test Epoch: 45
original feature:   Rank-1: 76.00% | Rank-5: 100.00% | Rank-10: 100.00%| Rank-20: 100.00%| mAP: 75.55%| mINP: 66.57%
feature after BN:   Rank-1: 86.00% | Rank-5: 98.00% | Rank-10: 100.00%| Rank-20: 100.00%| mAP: 79.22%| mINP: 67.48%
Best Epoch [36]
==> Preparing Data Loader...
Epoch: [46][0/37] Time: 0.563 (0.563) lr:0.000027 base_lr:0.000027Loss: 0.4489 (0.4489) iLoss: 0.0043 (0.0043) CLoss: 0.0000 (0.0000) mmd_loss: 0.3414 (0.3414) kl_loss: 0.2099 (0.2099) muloss:0.1664Accu: 100.00
Test Epoch: 46
original feature:   Rank-1: 78.00% | Rank-5: 98.00% | Rank-10: 100.00%| Rank-20: 100.00%| mAP: 76.78%| mINP: 68.00%
feature after BN:   Rank-1: 84.00% | Rank-5: 96.00% | Rank-10: 100.00%| Rank-20: 100.00%| mAP: 79.68%| mINP: 69.48%
Best Epoch [36]
==> Preparing Data Loader...
Epoch: [47][0/37] Time: 0.596 (0.596) lr:0.000027 base_lr:0.000027Loss: 0.4232 (0.4232) iLoss: 0.0183 (0.0183) CLoss: 0.0000 (0.0000) mmd_loss: 0.4073 (0.4073) kl_loss: 0.1202 (0.1202) muloss:0.2033Accu: 100.00
Test Epoch: 47
original feature:   Rank-1: 76.00% | Rank-5: 98.00% | Rank-10: 100.00%| Rank-20: 100.00%| mAP: 75.49%| mINP: 67.05%
feature after BN:   Rank-1: 88.00% | Rank-5: 96.00% | Rank-10: 100.00%| Rank-20: 100.00%| mAP: 81.38%| mINP: 71.08%
Best Epoch [36]
==> Preparing Data Loader...
Epoch: [48][0/37] Time: 0.605 (0.605) lr:0.000027 base_lr:0.000027Loss: 0.3539 (0.3539) iLoss: 0.0097 (0.0097) CLoss: 0.0000 (0.0000) mmd_loss: 0.3835 (0.3835) kl_loss: 0.0902 (0.0902) muloss:0.1774Accu: 100.00
Test Epoch: 48
original feature:   Rank-1: 76.00% | Rank-5: 100.00% | Rank-10: 100.00%| Rank-20: 100.00%| mAP: 76.01%| mINP: 67.31%
feature after BN:   Rank-1: 84.00% | Rank-5: 96.00% | Rank-10: 100.00%| Rank-20: 100.00%| mAP: 79.84%| mINP: 70.38%
Best Epoch [36]
==> Preparing Data Loader...
Epoch: [49][0/37] Time: 0.588 (0.588) lr:0.000027 base_lr:0.000027Loss: 0.3428 (0.3428) iLoss: 0.0070 (0.0070) CLoss: 0.0000 (0.0000) mmd_loss: 0.3748 (0.3748) kl_loss: 0.1086 (0.1086) muloss:0.1522Accu: 100.00
Test Epoch: 49
original feature:   Rank-1: 78.00% | Rank-5: 96.00% | Rank-10: 100.00%| Rank-20: 100.00%| mAP: 76.60%| mINP: 67.71%
feature after BN:   Rank-1: 86.00% | Rank-5: 98.00% | Rank-10: 100.00%| Rank-20: 100.00%| mAP: 80.44%| mINP: 69.92%
Best Epoch [36]
==> Preparing Data Loader...
Epoch: [50][0/37] Time: 0.592 (0.592) lr:0.000009 base_lr:0.000009Loss: 0.2184 (0.2184) iLoss: 0.0112 (0.0112) CLoss: 0.0000 (0.0000) mmd_loss: 0.3465 (0.3465) kl_loss: 0.0559 (0.0559) muloss:0.0820Accu: 100.00
Test Epoch: 50
original feature:   Rank-1: 76.00% | Rank-5: 98.00% | Rank-10: 100.00%| Rank-20: 100.00%| mAP: 76.30%| mINP: 67.87%
feature after BN:   Rank-1: 88.00% | Rank-5: 96.00% | Rank-10: 100.00%| Rank-20: 100.00%| mAP: 81.11%| mINP: 70.33%
Best Epoch [36]
==> Preparing Data Loader...
Epoch: [51][0/37] Time: 0.565 (0.565) lr:0.000009 base_lr:0.000009Loss: 0.6166 (0.6166) iLoss: 0.0236 (0.0236) CLoss: 0.0001 (0.0001) mmd_loss: 0.3700 (0.3700) kl_loss: 0.1530 (0.1530) muloss:0.3660Accu: 100.00
Test Epoch: 51
original feature:   Rank-1: 78.00% | Rank-5: 100.00% | Rank-10: 100.00%| Rank-20: 100.00%| mAP: 77.56%| mINP: 69.49%
feature after BN:   Rank-1: 88.00% | Rank-5: 98.00% | Rank-10: 100.00%| Rank-20: 100.00%| mAP: 81.19%| mINP: 70.58%
Best Epoch [36]
==> Preparing Data Loader...
Epoch: [52][0/37] Time: 0.577 (0.577) lr:0.000009 base_lr:0.000009Loss: 0.4539 (0.4539) iLoss: 0.0114 (0.0114) CLoss: 0.0000 (0.0000) mmd_loss: 0.3489 (0.3489) kl_loss: 0.1323 (0.1323) muloss:0.2404Accu: 100.00
Test Epoch: 52
original feature:   Rank-1: 78.00% | Rank-5: 98.00% | Rank-10: 100.00%| Rank-20: 100.00%| mAP: 76.55%| mINP: 67.42%
feature after BN:   Rank-1: 86.00% | Rank-5: 98.00% | Rank-10: 100.00%| Rank-20: 100.00%| mAP: 81.45%| mINP: 72.12%
Best Epoch [36]
==> Preparing Data Loader...
Epoch: [53][0/37] Time: 0.555 (0.555) lr:0.000009 base_lr:0.000009Loss: 0.4461 (0.4461) iLoss: 0.0076 (0.0076) CLoss: 0.0000 (0.0000) mmd_loss: 0.3612 (0.3612) kl_loss: 0.1694 (0.1694) muloss:0.1968Accu: 100.00
Test Epoch: 53
original feature:   Rank-1: 78.00% | Rank-5: 98.00% | Rank-10: 100.00%| Rank-20: 100.00%| mAP: 76.53%| mINP: 67.33%
feature after BN:   Rank-1: 84.00% | Rank-5: 98.00% | Rank-10: 100.00%| Rank-20: 100.00%| mAP: 79.01%| mINP: 67.95%
Best Epoch [36]
==> Preparing Data Loader...
Epoch: [54][0/37] Time: 0.850 (0.850) lr:0.000009 base_lr:0.000009Loss: 0.3373 (0.3373) iLoss: 0.0171 (0.0171) CLoss: 0.0004 (0.0004) mmd_loss: 0.3433 (0.3433) kl_loss: 0.1043 (0.1043) muloss:0.1469Accu: 100.00
Test Epoch: 54
original feature:   Rank-1: 78.00% | Rank-5: 96.00% | Rank-10: 100.00%| Rank-20: 100.00%| mAP: 76.39%| mINP: 67.29%
feature after BN:   Rank-1: 84.00% | Rank-5: 98.00% | Rank-10: 100.00%| Rank-20: 100.00%| mAP: 79.32%| mINP: 68.92%
Best Epoch [36]
==> Preparing Data Loader...
Epoch: [55][0/37] Time: 0.762 (0.762) lr:0.000009 base_lr:0.000009Loss: 0.3059 (0.3059) iLoss: 0.0124 (0.0124) CLoss: 0.0000 (0.0000) mmd_loss: 0.3437 (0.3437) kl_loss: 0.1074 (0.1074) muloss:0.1173Accu: 100.00
Test Epoch: 55
original feature:   Rank-1: 78.00% | Rank-5: 96.00% | Rank-10: 100.00%| Rank-20: 100.00%| mAP: 76.77%| mINP: 68.08%
feature after BN:   Rank-1: 88.00% | Rank-5: 96.00% | Rank-10: 100.00%| Rank-20: 100.00%| mAP: 81.22%| mINP: 70.60%
Best Epoch [36]
==> Preparing Data Loader...
Epoch: [56][0/37] Time: 0.579 (0.579) lr:0.000009 base_lr:0.000009Loss: 0.2318 (0.2318) iLoss: 0.0055 (0.0055) CLoss: 0.0000 (0.0000) mmd_loss: 0.3435 (0.3435) kl_loss: 0.0654 (0.0654) muloss:0.0923Accu: 100.00
Test Epoch: 56
original feature:   Rank-1: 78.00% | Rank-5: 100.00% | Rank-10: 100.00%| Rank-20: 100.00%| mAP: 77.40%| mINP: 69.07%
feature after BN:   Rank-1: 86.00% | Rank-5: 96.00% | Rank-10: 100.00%| Rank-20: 100.00%| mAP: 79.39%| mINP: 68.06%
Best Epoch [36]
==> Preparing Data Loader...
Epoch: [57][0/37] Time: 0.588 (0.588) lr:0.000009 base_lr:0.000009Loss: 0.5141 (0.5141) iLoss: 0.0109 (0.0109) CLoss: 0.0000 (0.0000) mmd_loss: 0.3481 (0.3481) kl_loss: 0.1127 (0.1127) muloss:0.3208Accu: 100.00
Test Epoch: 57
original feature:   Rank-1: 74.00% | Rank-5: 98.00% | Rank-10: 100.00%| Rank-20: 100.00%| mAP: 75.16%| mINP: 66.47%
feature after BN:   Rank-1: 88.00% | Rank-5: 96.00% | Rank-10: 100.00%| Rank-20: 100.00%| mAP: 80.48%| mINP: 69.35%
Best Epoch [36]
==> Preparing Data Loader...
Epoch: [58][0/37] Time: 0.586 (0.586) lr:0.000009 base_lr:0.000009Loss: 0.2887 (0.2887) iLoss: 0.0067 (0.0067) CLoss: 0.0000 (0.0000) mmd_loss: 0.3184 (0.3184) kl_loss: 0.0630 (0.0630) muloss:0.1553Accu: 100.00
Test Epoch: 58
original feature:   Rank-1: 78.00% | Rank-5: 100.00% | Rank-10: 100.00%| Rank-20: 100.00%| mAP: 78.11%| mINP: 70.31%
feature after BN:   Rank-1: 88.00% | Rank-5: 98.00% | Rank-10: 100.00%| Rank-20: 100.00%| mAP: 81.67%| mINP: 71.05%
Best Epoch [36]
==> Preparing Data Loader...
Epoch: [59][0/37] Time: 0.590 (0.590) lr:0.000009 base_lr:0.000009Loss: 0.3829 (0.3829) iLoss: 0.0107 (0.0107) CLoss: 0.0000 (0.0000) mmd_loss: 0.3501 (0.3501) kl_loss: 0.1134 (0.1134) muloss:0.1888Accu: 100.00
Test Epoch: 59
original feature:   Rank-1: 76.00% | Rank-5: 98.00% | Rank-10: 100.00%| Rank-20: 100.00%| mAP: 75.74%| mINP: 66.90%
feature after BN:   Rank-1: 84.00% | Rank-5: 98.00% | Rank-10: 100.00%| Rank-20: 100.00%| mAP: 79.76%| mINP: 69.74%
Best Epoch [36]
==> Preparing Data Loader...
Epoch: [60][0/37] Time: 0.746 (0.746) lr:0.000009 base_lr:0.000009Loss: 0.4757 (0.4757) iLoss: 0.0062 (0.0062) CLoss: 0.0000 (0.0000) mmd_loss: 0.3329 (0.3329) kl_loss: 0.1330 (0.1330) muloss:0.2699Accu: 100.00
Test Epoch: 60
original feature:   Rank-1: 78.00% | Rank-5: 100.00% | Rank-10: 100.00%| Rank-20: 100.00%| mAP: 77.10%| mINP: 68.24%
feature after BN:   Rank-1: 86.00% | Rank-5: 96.00% | Rank-10: 100.00%| Rank-20: 100.00%| mAP: 80.06%| mINP: 69.48%
Best Epoch [36]
==> Preparing Data Loader...
Epoch: [61][0/37] Time: 0.582 (0.582) lr:0.000009 base_lr:0.000009Loss: 0.3482 (0.3482) iLoss: 0.0087 (0.0087) CLoss: 0.0000 (0.0000) mmd_loss: 0.3233 (0.3233) kl_loss: 0.1006 (0.1006) muloss:0.1743Accu: 100.00
Test Epoch: 61
original feature:   Rank-1: 78.00% | Rank-5: 98.00% | Rank-10: 100.00%| Rank-20: 100.00%| mAP: 76.63%| mINP: 67.52%
feature after BN:   Rank-1: 88.00% | Rank-5: 98.00% | Rank-10: 100.00%| Rank-20: 100.00%| mAP: 80.42%| mINP: 69.21%
Best Epoch [36]
==> Preparing Data Loader...
Epoch: [62][0/37] Time: 0.583 (0.583) lr:0.000009 base_lr:0.000009Loss: 0.5217 (0.5217) iLoss: 0.0090 (0.0090) CLoss: 0.0000 (0.0000) mmd_loss: 0.3650 (0.3650) kl_loss: 0.1877 (0.1877) muloss:0.2520Accu: 100.00
Test Epoch: 62
original feature:   Rank-1: 74.00% | Rank-5: 100.00% | Rank-10: 100.00%| Rank-20: 100.00%| mAP: 76.20%| mINP: 68.77%
feature after BN:   Rank-1: 86.00% | Rank-5: 98.00% | Rank-10: 100.00%| Rank-20: 100.00%| mAP: 80.95%| mINP: 70.61%
Best Epoch [36]
==> Preparing Data Loader...
Epoch: [63][0/37] Time: 0.568 (0.568) lr:0.000009 base_lr:0.000009Loss: 0.5431 (0.5431) iLoss: 0.0272 (0.0272) CLoss: 0.0000 (0.0000) mmd_loss: 0.3741 (0.3741) kl_loss: 0.1198 (0.1198) muloss:0.3212Accu: 100.00
Test Epoch: 63
original feature:   Rank-1: 78.00% | Rank-5: 100.00% | Rank-10: 100.00%| Rank-20: 100.00%| mAP: 76.82%| mINP: 68.01%
feature after BN:   Rank-1: 88.00% | Rank-5: 96.00% | Rank-10: 100.00%| Rank-20: 100.00%| mAP: 79.84%| mINP: 67.84%
Best Epoch [36]
==> Preparing Data Loader...
Epoch: [64][0/37] Time: 0.573 (0.573) lr:0.000009 base_lr:0.000009Loss: 0.3294 (0.3294) iLoss: 0.0067 (0.0067) CLoss: 0.0000 (0.0000) mmd_loss: 0.3235 (0.3235) kl_loss: 0.1231 (0.1231) muloss:0.1348Accu: 100.00
Test Epoch: 64
original feature:   Rank-1: 76.00% | Rank-5: 100.00% | Rank-10: 100.00%| Rank-20: 100.00%| mAP: 76.31%| mINP: 67.81%
feature after BN:   Rank-1: 86.00% | Rank-5: 98.00% | Rank-10: 100.00%| Rank-20: 100.00%| mAP: 80.76%| mINP: 70.57%
Best Epoch [36]
==> Preparing Data Loader...
Epoch: [65][0/37] Time: 0.600 (0.600) lr:0.000009 base_lr:0.000009Loss: 0.3578 (0.3578) iLoss: 0.0097 (0.0097) CLoss: 0.0000 (0.0000) mmd_loss: 0.3190 (0.3190) kl_loss: 0.1005 (0.1005) muloss:0.1837Accu: 100.00
Test Epoch: 65
original feature:   Rank-1: 78.00% | Rank-5: 100.00% | Rank-10: 100.00%| Rank-20: 100.00%| mAP: 76.49%| mINP: 67.35%
feature after BN:   Rank-1: 88.00% | Rank-5: 98.00% | Rank-10: 100.00%| Rank-20: 100.00%| mAP: 80.58%| mINP: 69.87%
Best Epoch [36]
==> Preparing Data Loader...
Epoch: [66][0/37] Time: 0.570 (0.570) lr:0.000009 base_lr:0.000009Loss: 0.4281 (0.4281) iLoss: 0.0062 (0.0062) CLoss: 0.0000 (0.0000) mmd_loss: 0.3375 (0.3375) kl_loss: 0.1499 (0.1499) muloss:0.2045Accu: 100.00
Test Epoch: 66
original feature:   Rank-1: 78.00% | Rank-5: 100.00% | Rank-10: 100.00%| Rank-20: 100.00%| mAP: 76.69%| mINP: 67.48%
feature after BN:   Rank-1: 86.00% | Rank-5: 98.00% | Rank-10: 100.00%| Rank-20: 100.00%| mAP: 80.39%| mINP: 69.50%
Best Epoch [36]
==> Preparing Data Loader...
Epoch: [67][0/37] Time: 0.567 (0.567) lr:0.000009 base_lr:0.000009Loss: 0.3329 (0.3329) iLoss: 0.0064 (0.0064) CLoss: 0.0000 (0.0000) mmd_loss: 0.3508 (0.3508) kl_loss: 0.0991 (0.0991) muloss:0.1572Accu: 100.00
Test Epoch: 67
original feature:   Rank-1: 78.00% | Rank-5: 100.00% | Rank-10: 100.00%| Rank-20: 100.00%| mAP: 76.63%| mINP: 67.42%
feature after BN:   Rank-1: 88.00% | Rank-5: 98.00% | Rank-10: 100.00%| Rank-20: 100.00%| mAP: 81.13%| mINP: 69.97%
Best Epoch [36]
==> Preparing Data Loader...
Epoch: [68][0/37] Time: 0.561 (0.561) lr:0.000009 base_lr:0.000009Loss: 0.4320 (0.4320) iLoss: 0.0090 (0.0090) CLoss: 0.0000 (0.0000) mmd_loss: 0.3718 (0.3718) kl_loss: 0.1160 (0.1160) muloss:0.2325Accu: 100.00
Test Epoch: 68
original feature:   Rank-1: 78.00% | Rank-5: 98.00% | Rank-10: 100.00%| Rank-20: 100.00%| mAP: 76.49%| mINP: 67.15%
feature after BN:   Rank-1: 86.00% | Rank-5: 96.00% | Rank-10: 100.00%| Rank-20: 100.00%| mAP: 80.34%| mINP: 70.29%
Best Epoch [36]
==> Preparing Data Loader...
Epoch: [69][0/37] Time: 0.585 (0.585) lr:0.000009 base_lr:0.000009Loss: 0.5183 (0.5183) iLoss: 0.0101 (0.0101) CLoss: 0.0000 (0.0000) mmd_loss: 0.3812 (0.3812) kl_loss: 0.1562 (0.1562) muloss:0.2758Accu: 100.00
Test Epoch: 69
original feature:   Rank-1: 76.00% | Rank-5: 100.00% | Rank-10: 100.00%| Rank-20: 100.00%| mAP: 76.75%| mINP: 68.70%
feature after BN:   Rank-1: 88.00% | Rank-5: 98.00% | Rank-10: 100.00%| Rank-20: 100.00%| mAP: 81.77%| mINP: 71.93%
Best Epoch [36]
==> Preparing Data Loader...
Epoch: [70][0/37] Time: 0.594 (0.594) lr:0.000009 base_lr:0.000009Loss: 0.2891 (0.2891) iLoss: 0.0047 (0.0047) CLoss: 0.0001 (0.0001) mmd_loss: 0.3798 (0.3798) kl_loss: 0.0739 (0.0739) muloss:0.1345Accu: 100.00
Test Epoch: 70
original feature:   Rank-1: 78.00% | Rank-5: 100.00% | Rank-10: 100.00%| Rank-20: 100.00%| mAP: 77.12%| mINP: 68.43%
feature after BN:   Rank-1: 86.00% | Rank-5: 96.00% | Rank-10: 100.00%| Rank-20: 100.00%| mAP: 80.25%| mINP: 69.62%
Best Epoch [36]
==> Preparing Data Loader...
Epoch: [71][0/37] Time: 0.566 (0.566) lr:0.000009 base_lr:0.000009Loss: 0.9383 (0.9383) iLoss: 0.0511 (0.0511) CLoss: 0.0001 (0.0001) mmd_loss: 0.4308 (0.4308) kl_loss: 0.1555 (0.1555) muloss:0.6454Accu: 100.00
Test Epoch: 71
original feature:   Rank-1: 78.00% | Rank-5: 98.00% | Rank-10: 100.00%| Rank-20: 100.00%| mAP: 77.24%| mINP: 68.92%
feature after BN:   Rank-1: 86.00% | Rank-5: 98.00% | Rank-10: 100.00%| Rank-20: 100.00%| mAP: 80.37%| mINP: 70.29%
Best Epoch [36]
==> Preparing Data Loader...
Epoch: [72][0/37] Time: 0.609 (0.609) lr:0.000009 base_lr:0.000009Loss: 0.8109 (0.8109) iLoss: 0.0374 (0.0374) CLoss: 0.0003 (0.0003) mmd_loss: 0.4334 (0.4334) kl_loss: 0.1913 (0.1913) muloss:0.4951Accu: 100.00
Test Epoch: 72
original feature:   Rank-1: 76.00% | Rank-5: 98.00% | Rank-10: 100.00%| Rank-20: 100.00%| mAP: 76.10%| mINP: 67.46%
feature after BN:   Rank-1: 88.00% | Rank-5: 96.00% | Rank-10: 100.00%| Rank-20: 100.00%| mAP: 80.24%| mINP: 68.76%
Best Epoch [36]
==> Preparing Data Loader...
Epoch: [73][0/37] Time: 0.577 (0.577) lr:0.000009 base_lr:0.000009Loss: 0.4630 (0.4630) iLoss: 0.0096 (0.0096) CLoss: 0.0000 (0.0000) mmd_loss: 0.3641 (0.3641) kl_loss: 0.1349 (0.1349) muloss:0.2456Accu: 100.00
Test Epoch: 73
original feature:   Rank-1: 80.00% | Rank-5: 100.00% | Rank-10: 100.00%| Rank-20: 100.00%| mAP: 77.08%| mINP: 67.70%
feature after BN:   Rank-1: 88.00% | Rank-5: 98.00% | Rank-10: 100.00%| Rank-20: 100.00%| mAP: 81.33%| mINP: 70.03%
Best Epoch [36]
==> Preparing Data Loader...
Epoch: [74][0/37] Time: 0.824 (0.824) lr:0.000009 base_lr:0.000009Loss: 0.2746 (0.2746) iLoss: 0.0116 (0.0116) CLoss: 0.0001 (0.0001) mmd_loss: 0.3566 (0.3566) kl_loss: 0.0897 (0.0897) muloss:0.1019Accu: 100.00
Test Epoch: 74
original feature:   Rank-1: 76.00% | Rank-5: 100.00% | Rank-10: 100.00%| Rank-20: 100.00%| mAP: 76.71%| mINP: 68.58%
feature after BN:   Rank-1: 90.00% | Rank-5: 98.00% | Rank-10: 100.00%| Rank-20: 100.00%| mAP: 82.21%| mINP: 71.46%
Best Epoch [74]
==> Preparing Data Loader...
Epoch: [75][0/37] Time: 0.580 (0.580) lr:0.000009 base_lr:0.000009Loss: 0.2586 (0.2586) iLoss: 0.0058 (0.0058) CLoss: 0.0000 (0.0000) mmd_loss: 0.3352 (0.3352) kl_loss: 0.0702 (0.0702) muloss:0.1155Accu: 100.00
Test Epoch: 75
original feature:   Rank-1: 76.00% | Rank-5: 100.00% | Rank-10: 100.00%| Rank-20: 100.00%| mAP: 76.55%| mINP: 68.20%
feature after BN:   Rank-1: 88.00% | Rank-5: 96.00% | Rank-10: 100.00%| Rank-20: 100.00%| mAP: 81.14%| mINP: 70.39%
Best Epoch [74]
==> Preparing Data Loader...
Epoch: [76][0/37] Time: 0.661 (0.661) lr:0.000009 base_lr:0.000009Loss: 0.3140 (0.3140) iLoss: 0.0092 (0.0092) CLoss: 0.0000 (0.0000) mmd_loss: 0.3353 (0.3353) kl_loss: 0.0701 (0.0701) muloss:0.1676Accu: 100.00
Test Epoch: 76
original feature:   Rank-1: 76.00% | Rank-5: 98.00% | Rank-10: 100.00%| Rank-20: 100.00%| mAP: 76.23%| mINP: 67.63%
feature after BN:   Rank-1: 86.00% | Rank-5: 96.00% | Rank-10: 100.00%| Rank-20: 100.00%| mAP: 79.94%| mINP: 68.65%
Best Epoch [74]
==> Preparing Data Loader...
Epoch: [77][0/37] Time: 0.645 (0.645) lr:0.000009 base_lr:0.000009Loss: 0.4342 (0.4342) iLoss: 0.0103 (0.0103) CLoss: 0.0003 (0.0003) mmd_loss: 0.3168 (0.3168) kl_loss: 0.1143 (0.1143) muloss:0.2459Accu: 100.00
Test Epoch: 77
original feature:   Rank-1: 78.00% | Rank-5: 100.00% | Rank-10: 100.00%| Rank-20: 100.00%| mAP: 76.80%| mINP: 67.96%
feature after BN:   Rank-1: 88.00% | Rank-5: 96.00% | Rank-10: 100.00%| Rank-20: 100.00%| mAP: 81.21%| mINP: 70.20%
Best Epoch [74]
==> Preparing Data Loader...
Epoch: [78][0/37] Time: 0.570 (0.570) lr:0.000009 base_lr:0.000009Loss: 0.3546 (0.3546) iLoss: 0.0129 (0.0129) CLoss: 0.0001 (0.0001) mmd_loss: 0.3269 (0.3269) kl_loss: 0.1089 (0.1089) muloss:0.1674Accu: 100.00
Test Epoch: 78
original feature:   Rank-1: 78.00% | Rank-5: 100.00% | Rank-10: 100.00%| Rank-20: 100.00%| mAP: 77.16%| mINP: 67.50%
feature after BN:   Rank-1: 90.00% | Rank-5: 98.00% | Rank-10: 100.00%| Rank-20: 100.00%| mAP: 82.93%| mINP: 72.89%
Best Epoch [74]
==> Preparing Data Loader...
Epoch: [79][0/37] Time: 0.592 (0.592) lr:0.000009 base_lr:0.000009Loss: 0.3337 (0.3337) iLoss: 0.0058 (0.0058) CLoss: 0.0000 (0.0000) mmd_loss: 0.3309 (0.3309) kl_loss: 0.1102 (0.1102) muloss:0.1516Accu: 100.00
Test Epoch: 79
original feature:   Rank-1: 80.00% | Rank-5: 100.00% | Rank-10: 100.00%| Rank-20: 100.00%| mAP: 78.12%| mINP: 69.28%
feature after BN:   Rank-1: 86.00% | Rank-5: 98.00% | Rank-10: 100.00%| Rank-20: 100.00%| mAP: 80.41%| mINP: 70.02%
Best Epoch [74]
==> Preparing Data Loader...
Epoch: [80][0/37] Time: 0.602 (0.602) lr:0.000001 base_lr:0.000001Loss: 0.3344 (0.3344) iLoss: 0.0063 (0.0063) CLoss: 0.0000 (0.0000) mmd_loss: 0.3353 (0.3353) kl_loss: 0.1216 (0.1216) muloss:0.1395Accu: 100.00
Test Epoch: 80
original feature:   Rank-1: 76.00% | Rank-5: 98.00% | Rank-10: 100.00%| Rank-20: 100.00%| mAP: 75.85%| mINP: 66.87%
feature after BN:   Rank-1: 84.00% | Rank-5: 96.00% | Rank-10: 100.00%| Rank-20: 100.00%| mAP: 80.26%| mINP: 70.79%
Best Epoch [74]
==> Preparing Data Loader...
Epoch: [81][0/37] Time: 0.573 (0.573) lr:0.000001 base_lr:0.000001Loss: 0.3966 (0.3966) iLoss: 0.0069 (0.0069) CLoss: 0.0000 (0.0000) mmd_loss: 0.3450 (0.3450) kl_loss: 0.1407 (0.1407) muloss:0.1800Accu: 100.00
Test Epoch: 81
original feature:   Rank-1: 78.00% | Rank-5: 96.00% | Rank-10: 100.00%| Rank-20: 100.00%| mAP: 75.86%| mINP: 66.09%
feature after BN:   Rank-1: 86.00% | Rank-5: 98.00% | Rank-10: 100.00%| Rank-20: 100.00%| mAP: 79.31%| mINP: 67.67%
Best Epoch [74]
==> Preparing Data Loader...
Epoch: [82][0/37] Time: 0.860 (0.860) lr:0.000001 base_lr:0.000001Loss: 0.3542 (0.3542) iLoss: 0.0053 (0.0053) CLoss: 0.0000 (0.0000) mmd_loss: 0.3212 (0.3212) kl_loss: 0.0994 (0.0994) muloss:0.1852Accu: 100.00
Test Epoch: 82
original feature:   Rank-1: 74.00% | Rank-5: 98.00% | Rank-10: 100.00%| Rank-20: 100.00%| mAP: 75.79%| mINP: 67.84%
feature after BN:   Rank-1: 88.00% | Rank-5: 98.00% | Rank-10: 100.00%| Rank-20: 100.00%| mAP: 81.04%| mINP: 69.79%
Best Epoch [74]
==> Preparing Data Loader...
Epoch: [83][0/37] Time: 0.730 (0.730) lr:0.000001 base_lr:0.000001Loss: 0.5741 (0.5741) iLoss: 0.0189 (0.0189) CLoss: 0.0000 (0.0000) mmd_loss: 0.3613 (0.3613) kl_loss: 0.1838 (0.1838) muloss:0.2991Accu: 100.00
Test Epoch: 83
original feature:   Rank-1: 80.00% | Rank-5: 98.00% | Rank-10: 100.00%| Rank-20: 100.00%| mAP: 77.53%| mINP: 68.55%
feature after BN:   Rank-1: 86.00% | Rank-5: 96.00% | Rank-10: 100.00%| Rank-20: 100.00%| mAP: 80.54%| mINP: 70.35%
Best Epoch [74]
==> Preparing Data Loader...
Epoch: [84][0/37] Time: 0.611 (0.611) lr:0.000001 base_lr:0.000001Loss: 0.6038 (0.6038) iLoss: 0.0137 (0.0137) CLoss: 0.0000 (0.0000) mmd_loss: 0.3203 (0.3203) kl_loss: 0.1079 (0.1079) muloss:0.4181Accu: 100.00
Test Epoch: 84
original feature:   Rank-1: 80.00% | Rank-5: 100.00% | Rank-10: 100.00%| Rank-20: 100.00%| mAP: 77.83%| mINP: 68.86%
feature after BN:   Rank-1: 90.00% | Rank-5: 98.00% | Rank-10: 100.00%| Rank-20: 100.00%| mAP: 81.77%| mINP: 70.26%
Best Epoch [74]
==> Preparing Data Loader...
Epoch: [85][0/37] Time: 0.570 (0.570) lr:0.000001 base_lr:0.000001Loss: 0.2919 (0.2919) iLoss: 0.0125 (0.0125) CLoss: 0.0000 (0.0000) mmd_loss: 0.3332 (0.3332) kl_loss: 0.0870 (0.0870) muloss:0.1257Accu: 100.00
Test Epoch: 85
original feature:   Rank-1: 74.00% | Rank-5: 100.00% | Rank-10: 100.00%| Rank-20: 100.00%| mAP: 75.27%| mINP: 66.71%
feature after BN:   Rank-1: 90.00% | Rank-5: 96.00% | Rank-10: 100.00%| Rank-20: 100.00%| mAP: 81.60%| mINP: 69.99%
Best Epoch [74]
==> Preparing Data Loader...
Epoch: [86][0/37] Time: 0.594 (0.594) lr:0.000001 base_lr:0.000001Loss: 0.4350 (0.4350) iLoss: 0.0064 (0.0064) CLoss: 0.0000 (0.0000) mmd_loss: 0.3170 (0.3170) kl_loss: 0.1392 (0.1392) muloss:0.2259Accu: 100.00
Test Epoch: 86
original feature:   Rank-1: 80.00% | Rank-5: 98.00% | Rank-10: 100.00%| Rank-20: 100.00%| mAP: 77.15%| mINP: 67.52%
feature after BN:   Rank-1: 88.00% | Rank-5: 96.00% | Rank-10: 100.00%| Rank-20: 100.00%| mAP: 80.77%| mINP: 69.37%
Best Epoch [74]
==> Preparing Data Loader...
Epoch: [87][0/37] Time: 0.863 (0.863) lr:0.000001 base_lr:0.000001Loss: 0.3190 (0.3190) iLoss: 0.0114 (0.0114) CLoss: 0.0000 (0.0000) mmd_loss: 0.3592 (0.3592) kl_loss: 0.1044 (0.1044) muloss:0.1314Accu: 100.00
Test Epoch: 87
original feature:   Rank-1: 76.00% | Rank-5: 100.00% | Rank-10: 100.00%| Rank-20: 100.00%| mAP: 76.27%| mINP: 67.81%
feature after BN:   Rank-1: 88.00% | Rank-5: 96.00% | Rank-10: 100.00%| Rank-20: 100.00%| mAP: 81.06%| mINP: 69.90%
Best Epoch [74]
==> Preparing Data Loader...
Epoch: [88][0/37] Time: 0.651 (0.651) lr:0.000001 base_lr:0.000001Loss: 0.4413 (0.4413) iLoss: 0.0080 (0.0080) CLoss: 0.0000 (0.0000) mmd_loss: 0.3647 (0.3647) kl_loss: 0.1478 (0.1478) muloss:0.2126Accu: 100.00
Test Epoch: 88
original feature:   Rank-1: 76.00% | Rank-5: 100.00% | Rank-10: 100.00%| Rank-20: 100.00%| mAP: 76.21%| mINP: 67.51%
feature after BN:   Rank-1: 88.00% | Rank-5: 96.00% | Rank-10: 100.00%| Rank-20: 100.00%| mAP: 81.79%| mINP: 71.37%
Best Epoch [74]
==> Preparing Data Loader...
Epoch: [89][0/37] Time: 0.674 (0.674) lr:0.000001 base_lr:0.000001Loss: 0.4177 (0.4177) iLoss: 0.0055 (0.0055) CLoss: 0.0000 (0.0000) mmd_loss: 0.3384 (0.3384) kl_loss: 0.1575 (0.1575) muloss:0.1871Accu: 100.00
Test Epoch: 89
original feature:   Rank-1: 76.00% | Rank-5: 98.00% | Rank-10: 100.00%| Rank-20: 100.00%| mAP: 76.35%| mINP: 67.87%
feature after BN:   Rank-1: 86.00% | Rank-5: 98.00% | Rank-10: 100.00%| Rank-20: 100.00%| mAP: 79.80%| mINP: 68.64%
Best Epoch [74]
==> Preparing Data Loader...
Epoch: [90][0/37] Time: 0.666 (0.666) lr:0.000001 base_lr:0.000001Loss: 0.3309 (0.3309) iLoss: 0.0114 (0.0114) CLoss: 0.0000 (0.0000) mmd_loss: 0.3180 (0.3180) kl_loss: 0.0885 (0.0885) muloss:0.1674Accu: 100.00
Test Epoch: 90
original feature:   Rank-1: 78.00% | Rank-5: 96.00% | Rank-10: 100.00%| Rank-20: 100.00%| mAP: 76.84%| mINP: 68.06%
feature after BN:   Rank-1: 84.00% | Rank-5: 98.00% | Rank-10: 100.00%| Rank-20: 100.00%| mAP: 80.04%| mINP: 70.63%
Best Epoch [74]
==> Preparing Data Loader...
Epoch: [91][0/37] Time: 0.596 (0.596) lr:0.000001 base_lr:0.000001Loss: 0.2952 (0.2952) iLoss: 0.0109 (0.0109) CLoss: 0.0000 (0.0000) mmd_loss: 0.3211 (0.3211) kl_loss: 0.0939 (0.0939) muloss:0.1262Accu: 100.00
Test Epoch: 91
original feature:   Rank-1: 78.00% | Rank-5: 98.00% | Rank-10: 100.00%| Rank-20: 100.00%| mAP: 76.96%| mINP: 68.03%
feature after BN:   Rank-1: 84.00% | Rank-5: 98.00% | Rank-10: 100.00%| Rank-20: 100.00%| mAP: 80.61%| mINP: 71.43%
Best Epoch [74]
==> Preparing Data Loader...
Epoch: [92][0/37] Time: 0.583 (0.583) lr:0.000001 base_lr:0.000001Loss: 0.4086 (0.4086) iLoss: 0.0119 (0.0119) CLoss: 0.0000 (0.0000) mmd_loss: 0.3461 (0.3461) kl_loss: 0.1144 (0.1144) muloss:0.2131Accu: 100.00
Test Epoch: 92
original feature:   Rank-1: 76.00% | Rank-5: 98.00% | Rank-10: 100.00%| Rank-20: 100.00%| mAP: 76.04%| mINP: 67.45%
feature after BN:   Rank-1: 88.00% | Rank-5: 96.00% | Rank-10: 100.00%| Rank-20: 100.00%| mAP: 80.95%| mINP: 69.73%
Best Epoch [74]
==> Preparing Data Loader...
Epoch: [93][0/37] Time: 0.550 (0.550) lr:0.000001 base_lr:0.000001Loss: 0.4563 (0.4563) iLoss: 0.0076 (0.0076) CLoss: 0.0000 (0.0000) mmd_loss: 0.3675 (0.3675) kl_loss: 0.1103 (0.1103) muloss:0.2647Accu: 100.00
Test Epoch: 93
original feature:   Rank-1: 76.00% | Rank-5: 98.00% | Rank-10: 100.00%| Rank-20: 100.00%| mAP: 76.31%| mINP: 67.88%
feature after BN:   Rank-1: 86.00% | Rank-5: 98.00% | Rank-10: 100.00%| Rank-20: 100.00%| mAP: 80.13%| mINP: 69.97%
Best Epoch [74]
==> Preparing Data Loader...
Epoch: [94][0/37] Time: 0.571 (0.571) lr:0.000001 base_lr:0.000001Loss: 0.3337 (0.3337) iLoss: 0.0234 (0.0234) CLoss: 0.0000 (0.0000) mmd_loss: 0.3598 (0.3598) kl_loss: 0.0642 (0.0642) muloss:0.1741Accu: 100.00
Test Epoch: 94
original feature:   Rank-1: 78.00% | Rank-5: 98.00% | Rank-10: 100.00%| Rank-20: 100.00%| mAP: 76.87%| mINP: 68.08%
feature after BN:   Rank-1: 86.00% | Rank-5: 98.00% | Rank-10: 100.00%| Rank-20: 100.00%| mAP: 80.12%| mINP: 68.95%
Best Epoch [74]
==> Preparing Data Loader...
Epoch: [95][0/37] Time: 0.572 (0.572) lr:0.000001 base_lr:0.000001Loss: 0.5452 (0.5452) iLoss: 0.0105 (0.0105) CLoss: 0.0000 (0.0000) mmd_loss: 0.3707 (0.3707) kl_loss: 0.1432 (0.1432) muloss:0.3174Accu: 100.00
Test Epoch: 95
original feature:   Rank-1: 76.00% | Rank-5: 100.00% | Rank-10: 100.00%| Rank-20: 100.00%| mAP: 76.16%| mINP: 67.59%
feature after BN:   Rank-1: 88.00% | Rank-5: 98.00% | Rank-10: 100.00%| Rank-20: 100.00%| mAP: 80.57%| mINP: 69.68%
Best Epoch [74]
==> Preparing Data Loader...
Epoch: [96][0/37] Time: 0.591 (0.591) lr:0.000001 base_lr:0.000001Loss: 0.4122 (0.4122) iLoss: 0.0040 (0.0040) CLoss: 0.0000 (0.0000) mmd_loss: 0.2977 (0.2977) kl_loss: 0.1224 (0.1224) muloss:0.2262Accu: 100.00
Test Epoch: 96
original feature:   Rank-1: 76.00% | Rank-5: 100.00% | Rank-10: 100.00%| Rank-20: 100.00%| mAP: 76.23%| mINP: 67.46%
feature after BN:   Rank-1: 88.00% | Rank-5: 98.00% | Rank-10: 100.00%| Rank-20: 100.00%| mAP: 80.48%| mINP: 69.84%
Best Epoch [74]
==> Preparing Data Loader...
Epoch: [97][0/37] Time: 0.554 (0.554) lr:0.000001 base_lr:0.000001Loss: 0.2422 (0.2422) iLoss: 0.0064 (0.0064) CLoss: 0.0000 (0.0000) mmd_loss: 0.3032 (0.3032) kl_loss: 0.0812 (0.0812) muloss:0.0939Accu: 100.00
Test Epoch: 97
original feature:   Rank-1: 76.00% | Rank-5: 100.00% | Rank-10: 100.00%| Rank-20: 100.00%| mAP: 75.85%| mINP: 66.80%
feature after BN:   Rank-1: 86.00% | Rank-5: 96.00% | Rank-10: 100.00%| Rank-20: 100.00%| mAP: 80.18%| mINP: 69.55%
Best Epoch [74]
==> Preparing Data Loader...
Epoch: [98][0/37] Time: 0.562 (0.562) lr:0.000001 base_lr:0.000001Loss: 0.3942 (0.3942) iLoss: 0.0073 (0.0073) CLoss: 0.0000 (0.0000) mmd_loss: 0.3380 (0.3380) kl_loss: 0.1077 (0.1077) muloss:0.2117Accu: 100.00
Test Epoch: 98
original feature:   Rank-1: 74.00% | Rank-5: 98.00% | Rank-10: 100.00%| Rank-20: 100.00%| mAP: 75.35%| mINP: 67.02%
feature after BN:   Rank-1: 90.00% | Rank-5: 96.00% | Rank-10: 100.00%| Rank-20: 100.00%| mAP: 81.86%| mINP: 71.00%
Best Epoch [74]
==> Preparing Data Loader...
Epoch: [99][0/37] Time: 0.595 (0.595) lr:0.000001 base_lr:0.000001Loss: 0.4098 (0.4098) iLoss: 0.0084 (0.0084) CLoss: 0.0001 (0.0001) mmd_loss: 0.3601 (0.3601) kl_loss: 0.1300 (0.1300) muloss:0.1993Accu: 100.00
Test Epoch: 99
original feature:   Rank-1: 78.00% | Rank-5: 98.00% | Rank-10: 100.00%| Rank-20: 100.00%| mAP: 76.98%| mINP: 68.18%
feature after BN:   Rank-1: 84.00% | Rank-5: 96.00% | Rank-10: 100.00%| Rank-20: 100.00%| mAP: 79.63%| mINP: 69.53%
Best Epoch [74]
