==========
Args:Namespace(augc=0, batch_size=8, dataset='pku', decay_step=16, dim=2048, gpu='0,1,2,3', img_h=288, img_w=144, log_path='log/', lr=0.009, margin=0.5, max_epoch=100, mode='all', model_path='save_model/', noticed='pku-sketchlr0009_AdamW_weightdecay002_test6', num_pos=1, pool_dim=2048, rande=0, rerank='no', save_epoch=1000, seed=23, test_batch=8, trial=1, warm_up_epoch=8, workers=4)
==========
==> Loading data..
data init success!
==> Building model..
==> Building success!..
==> Start Training...
==> Preparing Data Loader...
Epoch: [0][0/37] Time: 3.980 (3.980) lr:0.000112 base_lr:0.000011Loss: 14.4726 (14.4726) iLoss: 5.0369 (5.0369) CLoss: 3.7497 (3.7497) mmd_loss: 1.3678 (1.3678) kl_loss: 0.3419 (0.3419) muloss:5.0706Accu: 0.00
Test Epoch: 0
original feature:   Rank-1: 10.00% | Rank-5: 40.00% | Rank-10: 56.00%| Rank-20: 74.00%| mAP: 15.44%| mINP: 7.12%
feature after BN:   Rank-1: 16.00% | Rank-5: 36.00% | Rank-10: 52.00%| Rank-20: 66.00%| mAP: 19.16%| mINP: 11.34%
Best Epoch [0]
==> Preparing Data Loader...
Epoch: [1][0/37] Time: 0.599 (0.599) lr:0.000225 base_lr:0.000023Loss: 13.4985 (13.4985) iLoss: 4.9807 (4.9807) CLoss: 3.0506 (3.0506) mmd_loss: 1.1152 (1.1152) kl_loss: 0.3370 (0.3370) muloss:4.9071Accu: 0.00
Test Epoch: 1
original feature:   Rank-1: 18.00% | Rank-5: 34.00% | Rank-10: 48.00%| Rank-20: 62.00%| mAP: 17.87%| mINP: 8.77%
feature after BN:   Rank-1: 18.00% | Rank-5: 36.00% | Rank-10: 46.00%| Rank-20: 62.00%| mAP: 18.30%| mINP: 10.37%
Best Epoch [1]
==> Preparing Data Loader...
Epoch: [2][0/37] Time: 0.560 (0.560) lr:0.000338 base_lr:0.000034Loss: 12.3285 (12.3285) iLoss: 4.8945 (4.8945) CLoss: 2.2909 (2.2909) mmd_loss: 0.9319 (0.9319) kl_loss: 0.3323 (0.3323) muloss:4.6244Accu: 25.00
Test Epoch: 2
original feature:   Rank-1: 26.00% | Rank-5: 50.00% | Rank-10: 66.00%| Rank-20: 82.00%| mAP: 28.96%| mINP: 20.46%
feature after BN:   Rank-1: 18.00% | Rank-5: 64.00% | Rank-10: 78.00%| Rank-20: 88.00%| mAP: 29.86%| mINP: 23.09%
Best Epoch [2]
==> Preparing Data Loader...
Epoch: [3][0/37] Time: 0.671 (0.671) lr:0.000450 base_lr:0.000045Loss: 10.8160 (10.8160) iLoss: 4.6826 (4.6826) CLoss: 1.5126 (1.5126) mmd_loss: 0.8041 (0.8041) kl_loss: 0.3222 (0.3222) muloss:4.1377Accu: 31.25
Test Epoch: 3
original feature:   Rank-1: 36.00% | Rank-5: 68.00% | Rank-10: 84.00%| Rank-20: 90.00%| mAP: 39.51%| mINP: 28.73%
feature after BN:   Rank-1: 42.00% | Rank-5: 64.00% | Rank-10: 80.00%| Rank-20: 94.00%| mAP: 41.39%| mINP: 30.47%
Best Epoch [3]
==> Preparing Data Loader...
Epoch: [4][0/37] Time: 0.580 (0.580) lr:0.000562 base_lr:0.000056Loss: 8.6047 (8.6047) iLoss: 4.3903 (4.3903) CLoss: 0.4560 (0.4560) mmd_loss: 0.6271 (0.6271) kl_loss: 0.3606 (0.3606) muloss:3.2724Accu: 43.75
Test Epoch: 4
original feature:   Rank-1: 36.00% | Rank-5: 70.00% | Rank-10: 86.00%| Rank-20: 94.00%| mAP: 44.06%| mINP: 38.34%
feature after BN:   Rank-1: 38.00% | Rank-5: 70.00% | Rank-10: 84.00%| Rank-20: 94.00%| mAP: 44.75%| mINP: 37.27%
Best Epoch [3]
==> Preparing Data Loader...
Epoch: [5][0/37] Time: 0.572 (0.572) lr:0.000675 base_lr:0.000068Loss: 7.2363 (7.2363) iLoss: 3.8888 (3.8888) CLoss: 0.2069 (0.2069) mmd_loss: 0.5428 (0.5428) kl_loss: 0.4351 (0.4351) muloss:2.5969Accu: 18.75
Test Epoch: 5
original feature:   Rank-1: 46.00% | Rank-5: 80.00% | Rank-10: 92.00%| Rank-20: 96.00%| mAP: 49.03%| mINP: 38.22%
feature after BN:   Rank-1: 50.00% | Rank-5: 76.00% | Rank-10: 86.00%| Rank-20: 92.00%| mAP: 48.67%| mINP: 35.98%
Best Epoch [5]
==> Preparing Data Loader...
Epoch: [6][0/37] Time: 0.583 (0.583) lr:0.000788 base_lr:0.000079Loss: 6.5123 (6.5123) iLoss: 3.5721 (3.5721) CLoss: 0.0802 (0.0802) mmd_loss: 0.5158 (0.5158) kl_loss: 0.5872 (0.5872) muloss:2.1696Accu: 43.75
Test Epoch: 6
original feature:   Rank-1: 46.00% | Rank-5: 90.00% | Rank-10: 92.00%| Rank-20: 98.00%| mAP: 53.95%| mINP: 46.44%
feature after BN:   Rank-1: 54.00% | Rank-5: 80.00% | Rank-10: 94.00%| Rank-20: 98.00%| mAP: 53.60%| mINP: 41.43%
Best Epoch [6]
==> Preparing Data Loader...
Epoch: [7][0/37] Time: 0.619 (0.619) lr:0.000900 base_lr:0.000090Loss: 6.3497 (6.3497) iLoss: 3.3309 (3.3309) CLoss: 0.2180 (0.2180) mmd_loss: 0.5265 (0.5265) kl_loss: 0.5342 (0.5342) muloss:2.1613Accu: 56.25
Test Epoch: 7
original feature:   Rank-1: 52.00% | Rank-5: 84.00% | Rank-10: 98.00%| Rank-20: 98.00%| mAP: 55.15%| mINP: 44.90%
feature after BN:   Rank-1: 52.00% | Rank-5: 86.00% | Rank-10: 98.00%| Rank-20: 100.00%| mAP: 54.61%| mINP: 44.15%
Best Epoch [6]
==> Preparing Data Loader...
Epoch: [8][0/37] Time: 0.605 (0.605) lr:0.000900 base_lr:0.000090Loss: 4.3971 (4.3971) iLoss: 1.9280 (1.9280) CLoss: 0.0230 (0.0230) mmd_loss: 0.4762 (0.4762) kl_loss: 0.7026 (0.7026) muloss:1.6483Accu: 81.25
Test Epoch: 8
original feature:   Rank-1: 56.00% | Rank-5: 86.00% | Rank-10: 98.00%| Rank-20: 98.00%| mAP: 60.01%| mINP: 51.32%
feature after BN:   Rank-1: 52.00% | Rank-5: 88.00% | Rank-10: 94.00%| Rank-20: 98.00%| mAP: 55.05%| mINP: 44.43%
Best Epoch [8]
==> Preparing Data Loader...
Epoch: [9][0/37] Time: 0.609 (0.609) lr:0.000899 base_lr:0.000090Loss: 3.5639 (3.5639) iLoss: 1.7108 (1.7108) CLoss: 0.0003 (0.0003) mmd_loss: 0.4062 (0.4062) kl_loss: 0.6246 (0.6246) muloss:1.1470Accu: 81.25
Test Epoch: 9
original feature:   Rank-1: 56.00% | Rank-5: 92.00% | Rank-10: 96.00%| Rank-20: 100.00%| mAP: 63.64%| mINP: 55.72%
feature after BN:   Rank-1: 58.00% | Rank-5: 94.00% | Rank-10: 94.00%| Rank-20: 98.00%| mAP: 62.60%| mINP: 54.18%
Best Epoch [9]
==> Preparing Data Loader...
Epoch: [10][0/37] Time: 0.572 (0.572) lr:0.000898 base_lr:0.000090Loss: 3.8441 (3.8441) iLoss: 1.7059 (1.7059) CLoss: 0.0002 (0.0002) mmd_loss: 0.4333 (0.4333) kl_loss: 0.7318 (0.7318) muloss:1.3196Accu: 62.50
Test Epoch: 10
original feature:   Rank-1: 62.00% | Rank-5: 88.00% | Rank-10: 98.00%| Rank-20: 100.00%| mAP: 64.91%| mINP: 56.45%
feature after BN:   Rank-1: 54.00% | Rank-5: 88.00% | Rank-10: 96.00%| Rank-20: 100.00%| mAP: 61.36%| mINP: 53.92%
Best Epoch [10]
==> Preparing Data Loader...
Epoch: [11][0/37] Time: 0.568 (0.568) lr:0.000896 base_lr:0.000090Loss: 3.1847 (3.1847) iLoss: 1.0279 (1.0279) CLoss: 0.0001 (0.0001) mmd_loss: 0.4596 (0.4596) kl_loss: 0.5967 (0.5967) muloss:1.4681Accu: 100.00
Test Epoch: 11
original feature:   Rank-1: 64.00% | Rank-5: 94.00% | Rank-10: 100.00%| Rank-20: 100.00%| mAP: 66.24%| mINP: 57.15%
feature after BN:   Rank-1: 58.00% | Rank-5: 92.00% | Rank-10: 96.00%| Rank-20: 98.00%| mAP: 63.48%| mINP: 55.76%
Best Epoch [11]
==> Preparing Data Loader...
Epoch: [12][0/37] Time: 0.669 (0.669) lr:0.000893 base_lr:0.000089Loss: 2.8121 (2.8121) iLoss: 0.7974 (0.7974) CLoss: 0.0076 (0.0076) mmd_loss: 0.4561 (0.4561) kl_loss: 0.6527 (0.6527) muloss:1.2632Accu: 100.00
Test Epoch: 12
original feature:   Rank-1: 64.00% | Rank-5: 90.00% | Rank-10: 96.00%| Rank-20: 100.00%| mAP: 67.34%| mINP: 57.84%
feature after BN:   Rank-1: 58.00% | Rank-5: 94.00% | Rank-10: 96.00%| Rank-20: 98.00%| mAP: 63.73%| mINP: 57.12%
Best Epoch [11]
==> Preparing Data Loader...
Epoch: [13][0/37] Time: 0.563 (0.563) lr:0.000891 base_lr:0.000089Loss: 2.1186 (2.1186) iLoss: 0.4773 (0.4773) CLoss: 0.0000 (0.0000) mmd_loss: 0.3734 (0.3734) kl_loss: 0.5890 (0.5890) muloss:0.9776Accu: 100.00
Test Epoch: 13
original feature:   Rank-1: 64.00% | Rank-5: 94.00% | Rank-10: 98.00%| Rank-20: 100.00%| mAP: 67.01%| mINP: 58.66%
feature after BN:   Rank-1: 54.00% | Rank-5: 92.00% | Rank-10: 98.00%| Rank-20: 100.00%| mAP: 63.06%| mINP: 55.31%
Best Epoch [11]
==> Preparing Data Loader...
Epoch: [14][0/37] Time: 0.566 (0.566) lr:0.000887 base_lr:0.000089Loss: 1.9793 (1.9793) iLoss: 0.3163 (0.3163) CLoss: 0.0000 (0.0000) mmd_loss: 0.3987 (0.3987) kl_loss: 0.6199 (0.6199) muloss:0.9634Accu: 100.00
Test Epoch: 14
original feature:   Rank-1: 58.00% | Rank-5: 92.00% | Rank-10: 98.00%| Rank-20: 100.00%| mAP: 65.08%| mINP: 58.42%
feature after BN:   Rank-1: 58.00% | Rank-5: 86.00% | Rank-10: 94.00%| Rank-20: 100.00%| mAP: 63.56%| mINP: 56.53%
Best Epoch [11]
==> Preparing Data Loader...
Epoch: [15][0/37] Time: 0.604 (0.604) lr:0.000883 base_lr:0.000088Loss: 2.1117 (2.1117) iLoss: 0.4342 (0.4342) CLoss: 0.0027 (0.0027) mmd_loss: 0.4096 (0.4096) kl_loss: 0.6016 (0.6016) muloss:0.9912Accu: 100.00
Test Epoch: 15
original feature:   Rank-1: 64.00% | Rank-5: 94.00% | Rank-10: 98.00%| Rank-20: 100.00%| mAP: 69.14%| mINP: 60.97%
feature after BN:   Rank-1: 60.00% | Rank-5: 90.00% | Rank-10: 96.00%| Rank-20: 100.00%| mAP: 67.06%| mINP: 61.97%
Best Epoch [11]
==> Preparing Data Loader...
Epoch: [16][0/37] Time: 0.594 (0.594) lr:0.000879 base_lr:0.000088Loss: 1.8250 (1.8250) iLoss: 0.2527 (0.2527) CLoss: 0.0000 (0.0000) mmd_loss: 0.3550 (0.3550) kl_loss: 0.5814 (0.5814) muloss:0.9198Accu: 100.00
Test Epoch: 16
original feature:   Rank-1: 58.00% | Rank-5: 90.00% | Rank-10: 100.00%| Rank-20: 100.00%| mAP: 66.71%| mINP: 59.82%
feature after BN:   Rank-1: 58.00% | Rank-5: 94.00% | Rank-10: 96.00%| Rank-20: 100.00%| mAP: 66.95%| mINP: 62.48%
Best Epoch [11]
==> Preparing Data Loader...
Epoch: [17][0/37] Time: 0.578 (0.578) lr:0.000450 base_lr:0.000450Loss: 2.0091 (2.0091) iLoss: 0.2908 (0.2908) CLoss: 0.0000 (0.0000) mmd_loss: 0.3653 (0.3653) kl_loss: 0.5654 (0.5654) muloss:1.0798Accu: 100.00
Test Epoch: 17
original feature:   Rank-1: 22.00% | Rank-5: 46.00% | Rank-10: 64.00%| Rank-20: 78.00%| mAP: 26.86%| mINP: 19.48%
feature after BN:   Rank-1: 26.00% | Rank-5: 52.00% | Rank-10: 64.00%| Rank-20: 88.00%| mAP: 30.55%| mINP: 22.30%
Best Epoch [11]
==> Preparing Data Loader...
Epoch: [18][0/37] Time: 0.573 (0.573) lr:0.000450 base_lr:0.000450Loss: 5.8813 (5.8813) iLoss: 1.6717 (1.6717) CLoss: 0.9351 (0.9351) mmd_loss: 0.7873 (0.7873) kl_loss: 0.5951 (0.5951) muloss:2.5219Accu: 68.75
Test Epoch: 18
original feature:   Rank-1: 30.00% | Rank-5: 62.00% | Rank-10: 70.00%| Rank-20: 82.00%| mAP: 35.94%| mINP: 26.95%
feature after BN:   Rank-1: 38.00% | Rank-5: 68.00% | Rank-10: 78.00%| Rank-20: 84.00%| mAP: 38.31%| mINP: 26.04%
Best Epoch [11]
==> Preparing Data Loader...
Epoch: [19][0/37] Time: 0.609 (0.609) lr:0.000450 base_lr:0.000450Loss: 8.0086 (8.0086) iLoss: 2.4673 (2.4673) CLoss: 0.8380 (0.8380) mmd_loss: 0.8999 (0.8999) kl_loss: 0.5646 (0.5646) muloss:3.9587Accu: 25.00
Test Epoch: 19
original feature:   Rank-1: 68.00% | Rank-5: 96.00% | Rank-10: 100.00%| Rank-20: 100.00%| mAP: 67.22%| mINP: 54.80%
feature after BN:   Rank-1: 68.00% | Rank-5: 92.00% | Rank-10: 98.00%| Rank-20: 100.00%| mAP: 67.13%| mINP: 54.87%
Best Epoch [19]
==> Preparing Data Loader...
Epoch: [20][0/37] Time: 0.656 (0.656) lr:0.000450 base_lr:0.000450Loss: 4.5238 (4.5238) iLoss: 1.1179 (1.1179) CLoss: 0.2197 (0.2197) mmd_loss: 0.6532 (0.6532) kl_loss: 0.8792 (0.8792) muloss:2.1764Accu: 75.00
Test Epoch: 20
original feature:   Rank-1: 58.00% | Rank-5: 80.00% | Rank-10: 86.00%| Rank-20: 92.00%| mAP: 53.55%| mINP: 38.04%
feature after BN:   Rank-1: 62.00% | Rank-5: 86.00% | Rank-10: 88.00%| Rank-20: 94.00%| mAP: 57.83%| mINP: 42.56%
Best Epoch [19]
==> Preparing Data Loader...
Epoch: [21][0/37] Time: 0.581 (0.581) lr:0.000450 base_lr:0.000450Loss: 4.2196 (4.2196) iLoss: 0.6715 (0.6715) CLoss: 0.1071 (0.1071) mmd_loss: 0.6829 (0.6829) kl_loss: 0.8875 (0.8875) muloss:2.4170Accu: 75.00
Test Epoch: 21
original feature:   Rank-1: 56.00% | Rank-5: 90.00% | Rank-10: 96.00%| Rank-20: 100.00%| mAP: 57.97%| mINP: 45.45%
feature after BN:   Rank-1: 66.00% | Rank-5: 92.00% | Rank-10: 100.00%| Rank-20: 100.00%| mAP: 65.10%| mINP: 53.06%
Best Epoch [19]
==> Preparing Data Loader...
Epoch: [22][0/37] Time: 0.601 (0.601) lr:0.000450 base_lr:0.000450Loss: 3.2566 (3.2566) iLoss: 0.6569 (0.6569) CLoss: 0.0741 (0.0741) mmd_loss: 0.5930 (0.5930) kl_loss: 0.6938 (0.6938) muloss:1.7132Accu: 81.25
Test Epoch: 22
original feature:   Rank-1: 58.00% | Rank-5: 86.00% | Rank-10: 94.00%| Rank-20: 98.00%| mAP: 58.01%| mINP: 46.07%
feature after BN:   Rank-1: 54.00% | Rank-5: 92.00% | Rank-10: 96.00%| Rank-20: 98.00%| mAP: 58.82%| mINP: 47.53%
Best Epoch [19]
==> Preparing Data Loader...
Epoch: [23][0/37] Time: 0.583 (0.583) lr:0.000450 base_lr:0.000450Loss: 5.5731 (5.5731) iLoss: 0.4195 (0.4195) CLoss: 0.0224 (0.0224) mmd_loss: 0.5922 (0.5922) kl_loss: 2.5416 (2.5416) muloss:2.4711Accu: 87.50
Test Epoch: 23
original feature:   Rank-1: 70.00% | Rank-5: 88.00% | Rank-10: 90.00%| Rank-20: 98.00%| mAP: 66.37%| mINP: 54.98%
feature after BN:   Rank-1: 68.00% | Rank-5: 90.00% | Rank-10: 94.00%| Rank-20: 96.00%| mAP: 66.43%| mINP: 55.70%
Best Epoch [23]
==> Preparing Data Loader...
Epoch: [24][0/37] Time: 0.603 (0.603) lr:0.000450 base_lr:0.000450Loss: 0.9711 (0.9711) iLoss: 0.0553 (0.0553) CLoss: 0.0349 (0.0349) mmd_loss: 0.5483 (0.5483) kl_loss: 0.4021 (0.4021) muloss:0.3692Accu: 100.00
Test Epoch: 24
original feature:   Rank-1: 64.00% | Rank-5: 88.00% | Rank-10: 94.00%| Rank-20: 98.00%| mAP: 63.34%| mINP: 52.64%
feature after BN:   Rank-1: 66.00% | Rank-5: 90.00% | Rank-10: 96.00%| Rank-20: 100.00%| mAP: 66.80%| mINP: 57.98%
Best Epoch [23]
==> Preparing Data Loader...
Epoch: [25][0/37] Time: 0.575 (0.575) lr:0.000225 base_lr:0.000225Loss: 1.5316 (1.5316) iLoss: 0.0577 (0.0577) CLoss: 0.0050 (0.0050) mmd_loss: 0.5822 (0.5822) kl_loss: 0.7397 (0.7397) muloss:0.6127Accu: 100.00
Test Epoch: 25
original feature:   Rank-1: 74.00% | Rank-5: 90.00% | Rank-10: 92.00%| Rank-20: 100.00%| mAP: 69.26%| mINP: 57.27%
feature after BN:   Rank-1: 74.00% | Rank-5: 98.00% | Rank-10: 98.00%| Rank-20: 100.00%| mAP: 71.25%| mINP: 59.49%
Best Epoch [25]
==> Preparing Data Loader...
Epoch: [26][0/37] Time: 0.583 (0.583) lr:0.000225 base_lr:0.000225Loss: 1.4039 (1.4039) iLoss: 0.0975 (0.0975) CLoss: 0.0027 (0.0027) mmd_loss: 0.5111 (0.5111) kl_loss: 0.3941 (0.3941) muloss:0.8073Accu: 100.00
Test Epoch: 26
original feature:   Rank-1: 74.00% | Rank-5: 96.00% | Rank-10: 96.00%| Rank-20: 100.00%| mAP: 73.86%| mINP: 63.87%
feature after BN:   Rank-1: 72.00% | Rank-5: 96.00% | Rank-10: 98.00%| Rank-20: 100.00%| mAP: 75.86%| mINP: 68.83%
Best Epoch [25]
==> Preparing Data Loader...
Epoch: [27][0/37] Time: 0.589 (0.589) lr:0.000225 base_lr:0.000225Loss: 0.7291 (0.7291) iLoss: 0.0288 (0.0288) CLoss: 0.0000 (0.0000) mmd_loss: 0.5142 (0.5142) kl_loss: 0.2978 (0.2978) muloss:0.2996Accu: 100.00
Test Epoch: 27
original feature:   Rank-1: 66.00% | Rank-5: 96.00% | Rank-10: 96.00%| Rank-20: 100.00%| mAP: 70.94%| mINP: 62.07%
feature after BN:   Rank-1: 70.00% | Rank-5: 94.00% | Rank-10: 100.00%| Rank-20: 100.00%| mAP: 74.13%| mINP: 67.07%
Best Epoch [25]
==> Preparing Data Loader...
Epoch: [28][0/37] Time: 0.584 (0.584) lr:0.000225 base_lr:0.000225Loss: 0.9193 (0.9193) iLoss: 0.0491 (0.0491) CLoss: 0.0074 (0.0074) mmd_loss: 0.5086 (0.5086) kl_loss: 0.4172 (0.4172) muloss:0.3438Accu: 100.00
Test Epoch: 28
original feature:   Rank-1: 74.00% | Rank-5: 96.00% | Rank-10: 96.00%| Rank-20: 96.00%| mAP: 69.95%| mINP: 56.96%
feature after BN:   Rank-1: 82.00% | Rank-5: 92.00% | Rank-10: 96.00%| Rank-20: 98.00%| mAP: 72.45%| mINP: 58.21%
Best Epoch [28]
==> Preparing Data Loader...
Epoch: [29][0/37] Time: 0.673 (0.673) lr:0.000225 base_lr:0.000225Loss: 1.9226 (1.9226) iLoss: 0.1709 (0.1709) CLoss: 0.0663 (0.0663) mmd_loss: 0.5409 (0.5409) kl_loss: 0.4304 (0.4304) muloss:1.1468Accu: 100.00
Test Epoch: 29
original feature:   Rank-1: 84.00% | Rank-5: 98.00% | Rank-10: 98.00%| Rank-20: 98.00%| mAP: 77.21%| mINP: 65.30%
feature after BN:   Rank-1: 82.00% | Rank-5: 98.00% | Rank-10: 98.00%| Rank-20: 98.00%| mAP: 78.31%| mINP: 68.99%
Best Epoch [29]
==> Preparing Data Loader...
Epoch: [30][0/37] Time: 0.575 (0.575) lr:0.000090 base_lr:0.000090Loss: 0.8147 (0.8147) iLoss: 0.0638 (0.0638) CLoss: 0.0037 (0.0037) mmd_loss: 0.4434 (0.4434) kl_loss: 0.2208 (0.2208) muloss:0.4377Accu: 100.00
Test Epoch: 30
original feature:   Rank-1: 78.00% | Rank-5: 94.00% | Rank-10: 96.00%| Rank-20: 98.00%| mAP: 75.47%| mINP: 65.69%
feature after BN:   Rank-1: 78.00% | Rank-5: 96.00% | Rank-10: 98.00%| Rank-20: 100.00%| mAP: 77.14%| mINP: 68.86%
Best Epoch [29]
==> Preparing Data Loader...
Epoch: [31][0/37] Time: 0.593 (0.593) lr:0.000090 base_lr:0.000090Loss: 0.3136 (0.3136) iLoss: 0.0225 (0.0225) CLoss: 0.0004 (0.0004) mmd_loss: 0.4718 (0.4718) kl_loss: 0.1271 (0.1271) muloss:0.0692Accu: 100.00
Test Epoch: 31
original feature:   Rank-1: 78.00% | Rank-5: 94.00% | Rank-10: 98.00%| Rank-20: 98.00%| mAP: 75.00%| mINP: 65.39%
feature after BN:   Rank-1: 80.00% | Rank-5: 94.00% | Rank-10: 98.00%| Rank-20: 98.00%| mAP: 78.13%| mINP: 70.48%
Best Epoch [29]
==> Preparing Data Loader...
Epoch: [32][0/37] Time: 0.599 (0.599) lr:0.000090 base_lr:0.000090Loss: 0.4375 (0.4375) iLoss: 0.0428 (0.0428) CLoss: 0.0004 (0.0004) mmd_loss: 0.4835 (0.4835) kl_loss: 0.2150 (0.2150) muloss:0.0825Accu: 100.00
Test Epoch: 32
original feature:   Rank-1: 78.00% | Rank-5: 96.00% | Rank-10: 98.00%| Rank-20: 98.00%| mAP: 75.88%| mINP: 66.92%
feature after BN:   Rank-1: 82.00% | Rank-5: 94.00% | Rank-10: 98.00%| Rank-20: 98.00%| mAP: 78.24%| mINP: 68.62%
Best Epoch [29]
==> Preparing Data Loader...
Epoch: [33][0/37] Time: 0.595 (0.595) lr:0.000090 base_lr:0.000090Loss: 0.6320 (0.6320) iLoss: 0.0365 (0.0365) CLoss: 0.0013 (0.0013) mmd_loss: 0.4886 (0.4886) kl_loss: 0.2322 (0.2322) muloss:0.2642Accu: 100.00
Test Epoch: 33
original feature:   Rank-1: 80.00% | Rank-5: 96.00% | Rank-10: 98.00%| Rank-20: 98.00%| mAP: 75.81%| mINP: 65.50%
feature after BN:   Rank-1: 80.00% | Rank-5: 94.00% | Rank-10: 98.00%| Rank-20: 98.00%| mAP: 76.34%| mINP: 66.26%
Best Epoch [29]
==> Preparing Data Loader...
Epoch: [34][0/37] Time: 0.579 (0.579) lr:0.000090 base_lr:0.000090Loss: 0.4422 (0.4422) iLoss: 0.0464 (0.0464) CLoss: 0.0001 (0.0001) mmd_loss: 0.4549 (0.4549) kl_loss: 0.1953 (0.1953) muloss:0.1094Accu: 100.00
Test Epoch: 34
original feature:   Rank-1: 78.00% | Rank-5: 98.00% | Rank-10: 98.00%| Rank-20: 98.00%| mAP: 75.64%| mINP: 65.59%
feature after BN:   Rank-1: 82.00% | Rank-5: 94.00% | Rank-10: 98.00%| Rank-20: 100.00%| mAP: 78.20%| mINP: 68.59%
Best Epoch [29]
==> Preparing Data Loader...
Epoch: [35][0/37] Time: 0.569 (0.569) lr:0.000090 base_lr:0.000090Loss: 0.4828 (0.4828) iLoss: 0.0327 (0.0327) CLoss: 0.0000 (0.0000) mmd_loss: 0.4515 (0.4515) kl_loss: 0.1431 (0.1431) muloss:0.2167Accu: 100.00
Test Epoch: 35
original feature:   Rank-1: 78.00% | Rank-5: 96.00% | Rank-10: 98.00%| Rank-20: 100.00%| mAP: 76.43%| mINP: 67.52%
feature after BN:   Rank-1: 80.00% | Rank-5: 94.00% | Rank-10: 100.00%| Rank-20: 100.00%| mAP: 77.90%| mINP: 68.95%
Best Epoch [29]
==> Preparing Data Loader...
Epoch: [36][0/37] Time: 0.600 (0.600) lr:0.000090 base_lr:0.000090Loss: 0.5134 (0.5134) iLoss: 0.0182 (0.0182) CLoss: 0.0001 (0.0001) mmd_loss: 0.4543 (0.4543) kl_loss: 0.1736 (0.1736) muloss:0.2307Accu: 100.00
Test Epoch: 36
original feature:   Rank-1: 76.00% | Rank-5: 98.00% | Rank-10: 98.00%| Rank-20: 98.00%| mAP: 75.89%| mINP: 67.62%
feature after BN:   Rank-1: 86.00% | Rank-5: 94.00% | Rank-10: 98.00%| Rank-20: 100.00%| mAP: 79.78%| mINP: 69.80%
Best Epoch [36]
==> Preparing Data Loader...
Epoch: [37][0/37] Time: 0.589 (0.589) lr:0.000090 base_lr:0.000090Loss: 0.5406 (0.5406) iLoss: 0.0135 (0.0135) CLoss: 0.0001 (0.0001) mmd_loss: 0.4355 (0.4355) kl_loss: 0.2429 (0.2429) muloss:0.1970Accu: 100.00
Test Epoch: 37
original feature:   Rank-1: 76.00% | Rank-5: 98.00% | Rank-10: 98.00%| Rank-20: 100.00%| mAP: 75.61%| mINP: 66.29%
feature after BN:   Rank-1: 86.00% | Rank-5: 98.00% | Rank-10: 98.00%| Rank-20: 100.00%| mAP: 80.08%| mINP: 70.02%
Best Epoch [36]
==> Preparing Data Loader...
Epoch: [38][0/37] Time: 0.578 (0.578) lr:0.000090 base_lr:0.000090Loss: 0.6306 (0.6306) iLoss: 0.0098 (0.0098) CLoss: 0.0000 (0.0000) mmd_loss: 0.3789 (0.3789) kl_loss: 0.1933 (0.1933) muloss:0.3518Accu: 100.00
Test Epoch: 38
original feature:   Rank-1: 84.00% | Rank-5: 96.00% | Rank-10: 96.00%| Rank-20: 100.00%| mAP: 77.70%| mINP: 66.47%
feature after BN:   Rank-1: 86.00% | Rank-5: 98.00% | Rank-10: 100.00%| Rank-20: 100.00%| mAP: 80.03%| mINP: 69.90%
Best Epoch [36]
==> Preparing Data Loader...
Epoch: [39][0/37] Time: 0.582 (0.582) lr:0.000090 base_lr:0.000090Loss: 0.6391 (0.6391) iLoss: 0.0182 (0.0182) CLoss: 0.0000 (0.0000) mmd_loss: 0.3857 (0.3857) kl_loss: 0.2319 (0.2319) muloss:0.3119Accu: 100.00
Test Epoch: 39
original feature:   Rank-1: 86.00% | Rank-5: 96.00% | Rank-10: 98.00%| Rank-20: 100.00%| mAP: 78.75%| mINP: 66.91%
feature after BN:   Rank-1: 84.00% | Rank-5: 96.00% | Rank-10: 100.00%| Rank-20: 100.00%| mAP: 78.61%| mINP: 68.03%
Best Epoch [36]
==> Preparing Data Loader...
Epoch: [40][0/37] Time: 0.573 (0.573) lr:0.000090 base_lr:0.000090Loss: 0.3996 (0.3996) iLoss: 0.0089 (0.0089) CLoss: 0.0000 (0.0000) mmd_loss: 0.3945 (0.3945) kl_loss: 0.1704 (0.1704) muloss:0.1413Accu: 100.00
Test Epoch: 40
original feature:   Rank-1: 78.00% | Rank-5: 96.00% | Rank-10: 96.00%| Rank-20: 100.00%| mAP: 75.43%| mINP: 65.02%
feature after BN:   Rank-1: 86.00% | Rank-5: 94.00% | Rank-10: 98.00%| Rank-20: 100.00%| mAP: 79.68%| mINP: 69.73%
Best Epoch [36]
==> Preparing Data Loader...
Epoch: [41][0/37] Time: 0.653 (0.653) lr:0.000090 base_lr:0.000090Loss: 0.2869 (0.2869) iLoss: 0.0102 (0.0102) CLoss: 0.0000 (0.0000) mmd_loss: 0.3922 (0.3922) kl_loss: 0.0984 (0.0984) muloss:0.0998Accu: 100.00
Test Epoch: 41
original feature:   Rank-1: 84.00% | Rank-5: 96.00% | Rank-10: 96.00%| Rank-20: 100.00%| mAP: 78.59%| mINP: 67.71%
feature after BN:   Rank-1: 88.00% | Rank-5: 98.00% | Rank-10: 100.00%| Rank-20: 100.00%| mAP: 80.22%| mINP: 69.08%
Best Epoch [41]
==> Preparing Data Loader...
Epoch: [42][0/37] Time: 0.565 (0.565) lr:0.000090 base_lr:0.000090Loss: 0.2689 (0.2689) iLoss: 0.0103 (0.0103) CLoss: 0.0000 (0.0000) mmd_loss: 0.3982 (0.3982) kl_loss: 0.0906 (0.0906) muloss:0.0883Accu: 100.00
Test Epoch: 42
original feature:   Rank-1: 86.00% | Rank-5: 96.00% | Rank-10: 98.00%| Rank-20: 100.00%| mAP: 80.04%| mINP: 69.34%
feature after BN:   Rank-1: 90.00% | Rank-5: 98.00% | Rank-10: 100.00%| Rank-20: 100.00%| mAP: 81.64%| mINP: 70.05%
Best Epoch [42]
==> Preparing Data Loader...
Epoch: [43][0/37] Time: 0.594 (0.594) lr:0.000090 base_lr:0.000090Loss: 0.4548 (0.4548) iLoss: 0.0240 (0.0240) CLoss: 0.0000 (0.0000) mmd_loss: 0.4040 (0.4040) kl_loss: 0.1039 (0.1039) muloss:0.2460Accu: 100.00
Test Epoch: 43
original feature:   Rank-1: 82.00% | Rank-5: 96.00% | Rank-10: 96.00%| Rank-20: 100.00%| mAP: 77.36%| mINP: 66.37%
feature after BN:   Rank-1: 86.00% | Rank-5: 98.00% | Rank-10: 100.00%| Rank-20: 100.00%| mAP: 79.87%| mINP: 69.23%
Best Epoch [42]
==> Preparing Data Loader...
Epoch: [44][0/37] Time: 0.565 (0.565) lr:0.000090 base_lr:0.000090Loss: 0.7189 (0.7189) iLoss: 0.0150 (0.0150) CLoss: 0.0000 (0.0000) mmd_loss: 0.4311 (0.4311) kl_loss: 0.2510 (0.2510) muloss:0.3666Accu: 100.00
Test Epoch: 44
original feature:   Rank-1: 86.00% | Rank-5: 96.00% | Rank-10: 96.00%| Rank-20: 100.00%| mAP: 79.60%| mINP: 68.79%
feature after BN:   Rank-1: 84.00% | Rank-5: 98.00% | Rank-10: 100.00%| Rank-20: 100.00%| mAP: 79.41%| mINP: 69.25%
Best Epoch [42]
==> Preparing Data Loader...
Epoch: [45][0/37] Time: 0.585 (0.585) lr:0.000027 base_lr:0.000027Loss: 0.3314 (0.3314) iLoss: 0.0116 (0.0116) CLoss: 0.0000 (0.0000) mmd_loss: 0.3548 (0.3548) kl_loss: 0.0940 (0.0940) muloss:0.1548Accu: 100.00
Test Epoch: 45
original feature:   Rank-1: 86.00% | Rank-5: 96.00% | Rank-10: 96.00%| Rank-20: 100.00%| mAP: 78.97%| mINP: 67.72%
feature after BN:   Rank-1: 88.00% | Rank-5: 98.00% | Rank-10: 100.00%| Rank-20: 100.00%| mAP: 81.28%| mINP: 70.77%
Best Epoch [42]
==> Preparing Data Loader...
Epoch: [46][0/37] Time: 0.618 (0.618) lr:0.000027 base_lr:0.000027Loss: 0.3177 (0.3177) iLoss: 0.0076 (0.0076) CLoss: 0.0000 (0.0000) mmd_loss: 0.3648 (0.3648) kl_loss: 0.0968 (0.0968) muloss:0.1402Accu: 100.00
Test Epoch: 46
original feature:   Rank-1: 86.00% | Rank-5: 96.00% | Rank-10: 96.00%| Rank-20: 100.00%| mAP: 79.36%| mINP: 68.50%
feature after BN:   Rank-1: 86.00% | Rank-5: 98.00% | Rank-10: 100.00%| Rank-20: 100.00%| mAP: 80.36%| mINP: 70.73%
Best Epoch [42]
==> Preparing Data Loader...
Epoch: [47][0/37] Time: 0.555 (0.555) lr:0.000027 base_lr:0.000027Loss: 0.3102 (0.3102) iLoss: 0.0146 (0.0146) CLoss: 0.0000 (0.0000) mmd_loss: 0.3554 (0.3554) kl_loss: 0.1148 (0.1148) muloss:0.1097Accu: 100.00
Test Epoch: 47
original feature:   Rank-1: 82.00% | Rank-5: 96.00% | Rank-10: 96.00%| Rank-20: 100.00%| mAP: 77.39%| mINP: 66.95%
feature after BN:   Rank-1: 84.00% | Rank-5: 96.00% | Rank-10: 98.00%| Rank-20: 100.00%| mAP: 79.83%| mINP: 71.16%
Best Epoch [42]
==> Preparing Data Loader...
Epoch: [48][0/37] Time: 0.603 (0.603) lr:0.000027 base_lr:0.000027Loss: 0.3391 (0.3391) iLoss: 0.0097 (0.0097) CLoss: 0.0000 (0.0000) mmd_loss: 0.3671 (0.3671) kl_loss: 0.0903 (0.0903) muloss:0.1656Accu: 100.00
Test Epoch: 48
original feature:   Rank-1: 88.00% | Rank-5: 96.00% | Rank-10: 96.00%| Rank-20: 100.00%| mAP: 80.18%| mINP: 69.20%
feature after BN:   Rank-1: 88.00% | Rank-5: 98.00% | Rank-10: 100.00%| Rank-20: 100.00%| mAP: 81.66%| mINP: 71.38%
Best Epoch [42]
==> Preparing Data Loader...
Epoch: [49][0/37] Time: 0.576 (0.576) lr:0.000027 base_lr:0.000027Loss: 0.3588 (0.3588) iLoss: 0.0089 (0.0089) CLoss: 0.0000 (0.0000) mmd_loss: 0.3752 (0.3752) kl_loss: 0.1189 (0.1189) muloss:0.1560Accu: 100.00
Test Epoch: 49
original feature:   Rank-1: 84.00% | Rank-5: 96.00% | Rank-10: 96.00%| Rank-20: 100.00%| mAP: 78.39%| mINP: 67.97%
feature after BN:   Rank-1: 90.00% | Rank-5: 98.00% | Rank-10: 100.00%| Rank-20: 100.00%| mAP: 81.16%| mINP: 70.03%
Best Epoch [42]
==> Preparing Data Loader...
Epoch: [50][0/37] Time: 0.568 (0.568) lr:0.000009 base_lr:0.000009Loss: 0.4229 (0.4229) iLoss: 0.0152 (0.0152) CLoss: 0.0000 (0.0000) mmd_loss: 0.4009 (0.4009) kl_loss: 0.1190 (0.1190) muloss:0.2085Accu: 100.00
Test Epoch: 50
original feature:   Rank-1: 84.00% | Rank-5: 96.00% | Rank-10: 96.00%| Rank-20: 100.00%| mAP: 79.01%| mINP: 68.84%
feature after BN:   Rank-1: 86.00% | Rank-5: 98.00% | Rank-10: 98.00%| Rank-20: 100.00%| mAP: 81.29%| mINP: 72.27%
Best Epoch [42]
==> Preparing Data Loader...
Epoch: [51][0/37] Time: 0.795 (0.795) lr:0.000009 base_lr:0.000009Loss: 0.4517 (0.4517) iLoss: 0.0266 (0.0266) CLoss: 0.0005 (0.0005) mmd_loss: 0.4138 (0.4138) kl_loss: 0.1765 (0.1765) muloss:0.1653Accu: 100.00
Test Epoch: 51
original feature:   Rank-1: 86.00% | Rank-5: 96.00% | Rank-10: 96.00%| Rank-20: 100.00%| mAP: 79.29%| mINP: 68.39%
feature after BN:   Rank-1: 88.00% | Rank-5: 98.00% | Rank-10: 100.00%| Rank-20: 100.00%| mAP: 81.23%| mINP: 70.84%
Best Epoch [42]
==> Preparing Data Loader...
Epoch: [52][0/37] Time: 0.602 (0.602) lr:0.000009 base_lr:0.000009Loss: 0.4006 (0.4006) iLoss: 0.0166 (0.0166) CLoss: 0.0000 (0.0000) mmd_loss: 0.4359 (0.4359) kl_loss: 0.1430 (0.1430) muloss:0.1538Accu: 100.00
Test Epoch: 52
original feature:   Rank-1: 86.00% | Rank-5: 96.00% | Rank-10: 96.00%| Rank-20: 100.00%| mAP: 79.00%| mINP: 67.76%
feature after BN:   Rank-1: 84.00% | Rank-5: 98.00% | Rank-10: 100.00%| Rank-20: 100.00%| mAP: 79.70%| mINP: 69.62%
Best Epoch [42]
==> Preparing Data Loader...
Epoch: [53][0/37] Time: 0.553 (0.553) lr:0.000009 base_lr:0.000009Loss: 0.3818 (0.3818) iLoss: 0.0198 (0.0198) CLoss: 0.0000 (0.0000) mmd_loss: 0.3795 (0.3795) kl_loss: 0.0965 (0.0965) muloss:0.1895Accu: 100.00
Test Epoch: 53
original feature:   Rank-1: 84.00% | Rank-5: 96.00% | Rank-10: 96.00%| Rank-20: 100.00%| mAP: 78.50%| mINP: 67.67%
feature after BN:   Rank-1: 88.00% | Rank-5: 98.00% | Rank-10: 100.00%| Rank-20: 100.00%| mAP: 80.51%| mINP: 69.40%
Best Epoch [42]
==> Preparing Data Loader...
Epoch: [54][0/37] Time: 0.586 (0.586) lr:0.000009 base_lr:0.000009Loss: 0.3278 (0.3278) iLoss: 0.0093 (0.0093) CLoss: 0.0000 (0.0000) mmd_loss: 0.3625 (0.3625) kl_loss: 0.0758 (0.0758) muloss:0.1702Accu: 100.00
Test Epoch: 54
original feature:   Rank-1: 86.00% | Rank-5: 96.00% | Rank-10: 96.00%| Rank-20: 100.00%| mAP: 78.88%| mINP: 67.75%
feature after BN:   Rank-1: 84.00% | Rank-5: 98.00% | Rank-10: 100.00%| Rank-20: 100.00%| mAP: 80.03%| mINP: 70.79%
Best Epoch [42]
==> Preparing Data Loader...
Epoch: [55][0/37] Time: 0.571 (0.571) lr:0.000009 base_lr:0.000009Loss: 0.4280 (0.4280) iLoss: 0.0156 (0.0156) CLoss: 0.0000 (0.0000) mmd_loss: 0.3524 (0.3524) kl_loss: 0.1233 (0.1233) muloss:0.2187Accu: 100.00
Test Epoch: 55
original feature:   Rank-1: 88.00% | Rank-5: 96.00% | Rank-10: 96.00%| Rank-20: 100.00%| mAP: 79.95%| mINP: 68.75%
feature after BN:   Rank-1: 88.00% | Rank-5: 98.00% | Rank-10: 100.00%| Rank-20: 100.00%| mAP: 80.60%| mINP: 69.41%
Best Epoch [42]
==> Preparing Data Loader...
Epoch: [56][0/37] Time: 0.567 (0.567) lr:0.000009 base_lr:0.000009Loss: 0.2723 (0.2723) iLoss: 0.0074 (0.0074) CLoss: 0.0000 (0.0000) mmd_loss: 0.3285 (0.3285) kl_loss: 0.0591 (0.0591) muloss:0.1402Accu: 100.00
Test Epoch: 56
original feature:   Rank-1: 84.00% | Rank-5: 96.00% | Rank-10: 96.00%| Rank-20: 100.00%| mAP: 78.02%| mINP: 67.19%
feature after BN:   Rank-1: 86.00% | Rank-5: 98.00% | Rank-10: 100.00%| Rank-20: 100.00%| mAP: 80.84%| mINP: 71.16%
Best Epoch [42]
==> Preparing Data Loader...
Epoch: [57][0/37] Time: 0.576 (0.576) lr:0.000009 base_lr:0.000009Loss: 0.3599 (0.3599) iLoss: 0.0093 (0.0093) CLoss: 0.0000 (0.0000) mmd_loss: 0.3422 (0.3422) kl_loss: 0.1048 (0.1048) muloss:0.1774Accu: 100.00
Test Epoch: 57
original feature:   Rank-1: 82.00% | Rank-5: 96.00% | Rank-10: 96.00%| Rank-20: 100.00%| mAP: 76.52%| mINP: 65.19%
feature after BN:   Rank-1: 88.00% | Rank-5: 96.00% | Rank-10: 98.00%| Rank-20: 100.00%| mAP: 80.77%| mINP: 70.13%
Best Epoch [42]
==> Preparing Data Loader...
Epoch: [58][0/37] Time: 0.563 (0.563) lr:0.000009 base_lr:0.000009Loss: 0.3176 (0.3176) iLoss: 0.0059 (0.0059) CLoss: 0.0000 (0.0000) mmd_loss: 0.3390 (0.3390) kl_loss: 0.1164 (0.1164) muloss:0.1274Accu: 100.00
Test Epoch: 58
original feature:   Rank-1: 86.00% | Rank-5: 96.00% | Rank-10: 96.00%| Rank-20: 100.00%| mAP: 79.38%| mINP: 68.60%
feature after BN:   Rank-1: 88.00% | Rank-5: 98.00% | Rank-10: 100.00%| Rank-20: 100.00%| mAP: 79.88%| mINP: 68.12%
Best Epoch [42]
==> Preparing Data Loader...
Epoch: [59][0/37] Time: 0.601 (0.601) lr:0.000009 base_lr:0.000009Loss: 0.3779 (0.3779) iLoss: 0.0061 (0.0061) CLoss: 0.0000 (0.0000) mmd_loss: 0.3471 (0.3471) kl_loss: 0.1302 (0.1302) muloss:0.1722Accu: 100.00
Test Epoch: 59
original feature:   Rank-1: 88.00% | Rank-5: 96.00% | Rank-10: 96.00%| Rank-20: 100.00%| mAP: 78.86%| mINP: 66.55%
feature after BN:   Rank-1: 86.00% | Rank-5: 98.00% | Rank-10: 100.00%| Rank-20: 100.00%| mAP: 80.47%| mINP: 70.32%
Best Epoch [42]
==> Preparing Data Loader...
Epoch: [60][0/37] Time: 0.667 (0.667) lr:0.000009 base_lr:0.000009Loss: 0.4108 (0.4108) iLoss: 0.0095 (0.0095) CLoss: 0.0000 (0.0000) mmd_loss: 0.3468 (0.3468) kl_loss: 0.1341 (0.1341) muloss:0.1979Accu: 100.00
Test Epoch: 60
original feature:   Rank-1: 84.00% | Rank-5: 96.00% | Rank-10: 96.00%| Rank-20: 100.00%| mAP: 77.20%| mINP: 65.55%
feature after BN:   Rank-1: 88.00% | Rank-5: 98.00% | Rank-10: 100.00%| Rank-20: 100.00%| mAP: 80.72%| mINP: 69.62%
Best Epoch [42]
==> Preparing Data Loader...
Epoch: [61][0/37] Time: 0.570 (0.570) lr:0.000009 base_lr:0.000009Loss: 0.2703 (0.2703) iLoss: 0.0068 (0.0068) CLoss: 0.0000 (0.0000) mmd_loss: 0.3794 (0.3794) kl_loss: 0.0488 (0.0488) muloss:0.1388Accu: 100.00
Test Epoch: 61
original feature:   Rank-1: 86.00% | Rank-5: 96.00% | Rank-10: 96.00%| Rank-20: 100.00%| mAP: 79.46%| mINP: 68.73%
feature after BN:   Rank-1: 88.00% | Rank-5: 98.00% | Rank-10: 100.00%| Rank-20: 100.00%| mAP: 80.22%| mINP: 68.96%
Best Epoch [42]
==> Preparing Data Loader...
Epoch: [62][0/37] Time: 0.582 (0.582) lr:0.000009 base_lr:0.000009Loss: 0.3504 (0.3504) iLoss: 0.0043 (0.0043) CLoss: 0.0000 (0.0000) mmd_loss: 0.3412 (0.3412) kl_loss: 0.1460 (0.1460) muloss:0.1319Accu: 100.00
Test Epoch: 62
original feature:   Rank-1: 84.00% | Rank-5: 96.00% | Rank-10: 96.00%| Rank-20: 100.00%| mAP: 77.41%| mINP: 65.66%
feature after BN:   Rank-1: 88.00% | Rank-5: 98.00% | Rank-10: 100.00%| Rank-20: 100.00%| mAP: 81.00%| mINP: 69.90%
Best Epoch [42]
==> Preparing Data Loader...
Epoch: [63][0/37] Time: 0.667 (0.667) lr:0.000009 base_lr:0.000009Loss: 0.6115 (0.6115) iLoss: 0.0286 (0.0286) CLoss: 0.0000 (0.0000) mmd_loss: 0.3793 (0.3793) kl_loss: 0.1772 (0.1772) muloss:0.3299Accu: 100.00
Test Epoch: 63
original feature:   Rank-1: 88.00% | Rank-5: 96.00% | Rank-10: 96.00%| Rank-20: 100.00%| mAP: 78.63%| mINP: 65.95%
feature after BN:   Rank-1: 84.00% | Rank-5: 98.00% | Rank-10: 100.00%| Rank-20: 100.00%| mAP: 79.92%| mINP: 70.06%
Best Epoch [42]
==> Preparing Data Loader...
Epoch: [64][0/37] Time: 0.567 (0.567) lr:0.000009 base_lr:0.000009Loss: 0.4335 (0.4335) iLoss: 0.0084 (0.0084) CLoss: 0.0000 (0.0000) mmd_loss: 0.3628 (0.3628) kl_loss: 0.1015 (0.1015) muloss:0.2510Accu: 100.00
Test Epoch: 64
original feature:   Rank-1: 86.00% | Rank-5: 96.00% | Rank-10: 96.00%| Rank-20: 100.00%| mAP: 79.53%| mINP: 68.89%
feature after BN:   Rank-1: 86.00% | Rank-5: 98.00% | Rank-10: 100.00%| Rank-20: 100.00%| mAP: 79.65%| mINP: 68.99%
Best Epoch [42]
==> Preparing Data Loader...
Epoch: [65][0/37] Time: 0.607 (0.607) lr:0.000009 base_lr:0.000009Loss: 0.5267 (0.5267) iLoss: 0.0137 (0.0137) CLoss: 0.0000 (0.0000) mmd_loss: 0.3940 (0.3940) kl_loss: 0.1808 (0.1808) muloss:0.2534Accu: 100.00
Test Epoch: 65
original feature:   Rank-1: 86.00% | Rank-5: 96.00% | Rank-10: 96.00%| Rank-20: 100.00%| mAP: 78.78%| mINP: 67.40%
feature after BN:   Rank-1: 82.00% | Rank-5: 96.00% | Rank-10: 98.00%| Rank-20: 100.00%| mAP: 78.36%| mINP: 68.31%
Best Epoch [42]
==> Preparing Data Loader...
Epoch: [66][0/37] Time: 0.588 (0.588) lr:0.000009 base_lr:0.000009Loss: 0.1638 (0.1638) iLoss: 0.0067 (0.0067) CLoss: 0.0000 (0.0000) mmd_loss: 0.3424 (0.3424) kl_loss: 0.0430 (0.0430) muloss:0.0456Accu: 100.00
Test Epoch: 66
original feature:   Rank-1: 86.00% | Rank-5: 96.00% | Rank-10: 96.00%| Rank-20: 100.00%| mAP: 78.80%| mINP: 67.41%
feature after BN:   Rank-1: 86.00% | Rank-5: 98.00% | Rank-10: 100.00%| Rank-20: 100.00%| mAP: 80.65%| mINP: 70.65%
Best Epoch [42]
==> Preparing Data Loader...
Epoch: [67][0/37] Time: 0.593 (0.593) lr:0.000009 base_lr:0.000009Loss: 0.2878 (0.2878) iLoss: 0.0092 (0.0092) CLoss: 0.0000 (0.0000) mmd_loss: 0.3493 (0.3493) kl_loss: 0.0817 (0.0817) muloss:0.1270Accu: 100.00
Test Epoch: 67
original feature:   Rank-1: 86.00% | Rank-5: 96.00% | Rank-10: 96.00%| Rank-20: 100.00%| mAP: 79.25%| mINP: 68.32%
feature after BN:   Rank-1: 84.00% | Rank-5: 98.00% | Rank-10: 100.00%| Rank-20: 100.00%| mAP: 80.19%| mINP: 70.94%
Best Epoch [42]
==> Preparing Data Loader...
Epoch: [68][0/37] Time: 0.603 (0.603) lr:0.000009 base_lr:0.000009Loss: 0.3942 (0.3942) iLoss: 0.0080 (0.0080) CLoss: 0.0000 (0.0000) mmd_loss: 0.3861 (0.3861) kl_loss: 0.1457 (0.1457) muloss:0.1632Accu: 100.00
Test Epoch: 68
original feature:   Rank-1: 88.00% | Rank-5: 96.00% | Rank-10: 96.00%| Rank-20: 100.00%| mAP: 78.98%| mINP: 66.80%
feature after BN:   Rank-1: 84.00% | Rank-5: 98.00% | Rank-10: 100.00%| Rank-20: 100.00%| mAP: 78.94%| mINP: 68.39%
Best Epoch [42]
==> Preparing Data Loader...
Epoch: [69][0/37] Time: 0.572 (0.572) lr:0.000009 base_lr:0.000009Loss: 0.4491 (0.4491) iLoss: 0.0084 (0.0084) CLoss: 0.0000 (0.0000) mmd_loss: 0.3737 (0.3737) kl_loss: 0.1318 (0.1318) muloss:0.2342Accu: 100.00
Test Epoch: 69
original feature:   Rank-1: 86.00% | Rank-5: 96.00% | Rank-10: 96.00%| Rank-20: 100.00%| mAP: 78.90%| mINP: 67.60%
feature after BN:   Rank-1: 88.00% | Rank-5: 98.00% | Rank-10: 100.00%| Rank-20: 100.00%| mAP: 81.11%| mINP: 70.57%
Best Epoch [42]
==> Preparing Data Loader...
Epoch: [70][0/37] Time: 0.641 (0.641) lr:0.000009 base_lr:0.000009Loss: 0.3091 (0.3091) iLoss: 0.0066 (0.0066) CLoss: 0.0001 (0.0001) mmd_loss: 0.3812 (0.3812) kl_loss: 0.1014 (0.1014) muloss:0.1247Accu: 100.00
Test Epoch: 70
original feature:   Rank-1: 84.00% | Rank-5: 96.00% | Rank-10: 96.00%| Rank-20: 100.00%| mAP: 78.67%| mINP: 68.47%
feature after BN:   Rank-1: 88.00% | Rank-5: 98.00% | Rank-10: 100.00%| Rank-20: 100.00%| mAP: 81.02%| mINP: 70.43%
Best Epoch [42]
==> Preparing Data Loader...
Epoch: [71][0/37] Time: 0.644 (0.644) lr:0.000009 base_lr:0.000009Loss: 0.5586 (0.5586) iLoss: 0.0178 (0.0178) CLoss: 0.0000 (0.0000) mmd_loss: 0.3902 (0.3902) kl_loss: 0.1430 (0.1430) muloss:0.3199Accu: 100.00
Test Epoch: 71
original feature:   Rank-1: 86.00% | Rank-5: 96.00% | Rank-10: 96.00%| Rank-20: 100.00%| mAP: 78.44%| mINP: 66.70%
feature after BN:   Rank-1: 86.00% | Rank-5: 98.00% | Rank-10: 100.00%| Rank-20: 100.00%| mAP: 79.69%| mINP: 68.24%
Best Epoch [42]
==> Preparing Data Loader...
Epoch: [72][0/37] Time: 0.677 (0.677) lr:0.000009 base_lr:0.000009Loss: 0.8295 (0.8295) iLoss: 0.0582 (0.0582) CLoss: 0.0000 (0.0000) mmd_loss: 0.4367 (0.4367) kl_loss: 0.2515 (0.2515) muloss:0.4325Accu: 100.00
Test Epoch: 72
original feature:   Rank-1: 88.00% | Rank-5: 96.00% | Rank-10: 96.00%| Rank-20: 100.00%| mAP: 79.98%| mINP: 68.80%
feature after BN:   Rank-1: 84.00% | Rank-5: 98.00% | Rank-10: 100.00%| Rank-20: 100.00%| mAP: 79.91%| mINP: 70.33%
Best Epoch [42]
==> Preparing Data Loader...
Epoch: [73][0/37] Time: 0.600 (0.600) lr:0.000009 base_lr:0.000009Loss: 0.2630 (0.2630) iLoss: 0.0082 (0.0082) CLoss: 0.0000 (0.0000) mmd_loss: 0.3407 (0.3407) kl_loss: 0.0795 (0.0795) muloss:0.1071Accu: 100.00
Test Epoch: 73
original feature:   Rank-1: 86.00% | Rank-5: 96.00% | Rank-10: 96.00%| Rank-20: 100.00%| mAP: 79.48%| mINP: 68.68%
feature after BN:   Rank-1: 88.00% | Rank-5: 98.00% | Rank-10: 100.00%| Rank-20: 100.00%| mAP: 80.57%| mINP: 69.92%
Best Epoch [42]
==> Preparing Data Loader...
Epoch: [74][0/37] Time: 0.596 (0.596) lr:0.000009 base_lr:0.000009Loss: 0.5466 (0.5466) iLoss: 0.0103 (0.0103) CLoss: 0.0000 (0.0000) mmd_loss: 0.3908 (0.3908) kl_loss: 0.1689 (0.1689) muloss:0.2892Accu: 100.00
Test Epoch: 74
original feature:   Rank-1: 84.00% | Rank-5: 96.00% | Rank-10: 96.00%| Rank-20: 100.00%| mAP: 78.11%| mINP: 67.00%
feature after BN:   Rank-1: 86.00% | Rank-5: 98.00% | Rank-10: 100.00%| Rank-20: 100.00%| mAP: 80.12%| mINP: 69.48%
Best Epoch [42]
==> Preparing Data Loader...
Epoch: [75][0/37] Time: 0.569 (0.569) lr:0.000009 base_lr:0.000009Loss: 0.2708 (0.2708) iLoss: 0.0087 (0.0087) CLoss: 0.0000 (0.0000) mmd_loss: 0.3455 (0.3455) kl_loss: 0.0676 (0.0676) muloss:0.1254Accu: 100.00
Test Epoch: 75
original feature:   Rank-1: 86.00% | Rank-5: 96.00% | Rank-10: 96.00%| Rank-20: 100.00%| mAP: 79.21%| mINP: 68.14%
feature after BN:   Rank-1: 88.00% | Rank-5: 98.00% | Rank-10: 100.00%| Rank-20: 100.00%| mAP: 81.42%| mINP: 71.06%
Best Epoch [42]
==> Preparing Data Loader...
Epoch: [76][0/37] Time: 0.770 (0.770) lr:0.000009 base_lr:0.000009Loss: 0.3333 (0.3333) iLoss: 0.0113 (0.0113) CLoss: 0.0000 (0.0000) mmd_loss: 0.3474 (0.3474) kl_loss: 0.0878 (0.0878) muloss:0.1646Accu: 100.00
Test Epoch: 76
original feature:   Rank-1: 86.00% | Rank-5: 96.00% | Rank-10: 96.00%| Rank-20: 100.00%| mAP: 78.71%| mINP: 67.24%
feature after BN:   Rank-1: 88.00% | Rank-5: 96.00% | Rank-10: 100.00%| Rank-20: 100.00%| mAP: 80.28%| mINP: 69.08%
Best Epoch [42]
==> Preparing Data Loader...
Epoch: [77][0/37] Time: 0.605 (0.605) lr:0.000009 base_lr:0.000009Loss: 0.2937 (0.2937) iLoss: 0.0052 (0.0052) CLoss: 0.0000 (0.0000) mmd_loss: 0.3385 (0.3385) kl_loss: 0.0911 (0.0911) muloss:0.1296Accu: 100.00
Test Epoch: 77
original feature:   Rank-1: 84.00% | Rank-5: 96.00% | Rank-10: 96.00%| Rank-20: 100.00%| mAP: 78.45%| mINP: 68.01%
feature after BN:   Rank-1: 86.00% | Rank-5: 96.00% | Rank-10: 100.00%| Rank-20: 100.00%| mAP: 80.76%| mINP: 71.76%
Best Epoch [42]
==> Preparing Data Loader...
Epoch: [78][0/37] Time: 0.576 (0.576) lr:0.000009 base_lr:0.000009Loss: 0.5341 (0.5341) iLoss: 0.0194 (0.0194) CLoss: 0.0006 (0.0006) mmd_loss: 0.3944 (0.3944) kl_loss: 0.1341 (0.1341) muloss:0.3011Accu: 100.00
Test Epoch: 78
original feature:   Rank-1: 86.00% | Rank-5: 96.00% | Rank-10: 96.00%| Rank-20: 100.00%| mAP: 79.01%| mINP: 67.73%
feature after BN:   Rank-1: 84.00% | Rank-5: 98.00% | Rank-10: 100.00%| Rank-20: 100.00%| mAP: 80.11%| mINP: 70.28%
Best Epoch [42]
==> Preparing Data Loader...
Epoch: [79][0/37] Time: 0.627 (0.627) lr:0.000009 base_lr:0.000009Loss: 0.2790 (0.2790) iLoss: 0.0060 (0.0060) CLoss: 0.0000 (0.0000) mmd_loss: 0.3238 (0.3238) kl_loss: 0.0724 (0.0724) muloss:0.1359Accu: 100.00
Test Epoch: 79
original feature:   Rank-1: 86.00% | Rank-5: 96.00% | Rank-10: 96.00%| Rank-20: 100.00%| mAP: 78.46%| mINP: 66.59%
feature after BN:   Rank-1: 86.00% | Rank-5: 96.00% | Rank-10: 100.00%| Rank-20: 100.00%| mAP: 80.20%| mINP: 70.97%
Best Epoch [42]
==> Preparing Data Loader...
Epoch: [80][0/37] Time: 0.852 (0.852) lr:0.000001 base_lr:0.000001Loss: 0.1818 (0.1818) iLoss: 0.0049 (0.0049) CLoss: 0.0000 (0.0000) mmd_loss: 0.3330 (0.3330) kl_loss: 0.0563 (0.0563) muloss:0.0540Accu: 100.00
Test Epoch: 80
original feature:   Rank-1: 82.00% | Rank-5: 96.00% | Rank-10: 96.00%| Rank-20: 100.00%| mAP: 77.94%| mINP: 67.78%
feature after BN:   Rank-1: 86.00% | Rank-5: 98.00% | Rank-10: 100.00%| Rank-20: 100.00%| mAP: 80.15%| mINP: 69.81%
Best Epoch [42]
==> Preparing Data Loader...
Epoch: [81][0/37] Time: 0.600 (0.600) lr:0.000001 base_lr:0.000001Loss: 0.3614 (0.3614) iLoss: 0.0088 (0.0088) CLoss: 0.0000 (0.0000) mmd_loss: 0.3199 (0.3199) kl_loss: 0.1076 (0.1076) muloss:0.1811Accu: 100.00
Test Epoch: 81
original feature:   Rank-1: 88.00% | Rank-5: 96.00% | Rank-10: 96.00%| Rank-20: 100.00%| mAP: 80.31%| mINP: 69.37%
feature after BN:   Rank-1: 86.00% | Rank-5: 96.00% | Rank-10: 98.00%| Rank-20: 100.00%| mAP: 80.99%| mINP: 71.94%
Best Epoch [42]
==> Preparing Data Loader...
Epoch: [82][0/37] Time: 0.610 (0.610) lr:0.000001 base_lr:0.000001Loss: 0.2649 (0.2649) iLoss: 0.0063 (0.0063) CLoss: 0.0000 (0.0000) mmd_loss: 0.3183 (0.3183) kl_loss: 0.0680 (0.0680) muloss:0.1269Accu: 100.00
Test Epoch: 82
original feature:   Rank-1: 86.00% | Rank-5: 96.00% | Rank-10: 96.00%| Rank-20: 100.00%| mAP: 79.49%| mINP: 68.79%
feature after BN:   Rank-1: 86.00% | Rank-5: 96.00% | Rank-10: 100.00%| Rank-20: 100.00%| mAP: 80.55%| mINP: 70.66%
Best Epoch [42]
==> Preparing Data Loader...
Epoch: [83][0/37] Time: 0.596 (0.596) lr:0.000001 base_lr:0.000001Loss: 0.5785 (0.5785) iLoss: 0.0308 (0.0308) CLoss: 0.0001 (0.0001) mmd_loss: 0.3811 (0.3811) kl_loss: 0.1856 (0.1856) muloss:0.2858Accu: 100.00
Test Epoch: 83
original feature:   Rank-1: 84.00% | Rank-5: 96.00% | Rank-10: 96.00%| Rank-20: 100.00%| mAP: 78.05%| mINP: 66.91%
feature after BN:   Rank-1: 86.00% | Rank-5: 96.00% | Rank-10: 100.00%| Rank-20: 100.00%| mAP: 80.42%| mINP: 70.85%
Best Epoch [42]
==> Preparing Data Loader...
Epoch: [84][0/37] Time: 0.589 (0.589) lr:0.000001 base_lr:0.000001Loss: 0.4028 (0.4028) iLoss: 0.0070 (0.0070) CLoss: 0.0000 (0.0000) mmd_loss: 0.3300 (0.3300) kl_loss: 0.1283 (0.1283) muloss:0.2015Accu: 100.00
Test Epoch: 84
original feature:   Rank-1: 86.00% | Rank-5: 96.00% | Rank-10: 96.00%| Rank-20: 100.00%| mAP: 78.57%| mINP: 66.70%
feature after BN:   Rank-1: 88.00% | Rank-5: 96.00% | Rank-10: 100.00%| Rank-20: 100.00%| mAP: 79.58%| mINP: 68.05%
Best Epoch [42]
==> Preparing Data Loader...
Epoch: [85][0/37] Time: 0.659 (0.659) lr:0.000001 base_lr:0.000001Loss: 0.3623 (0.3623) iLoss: 0.0126 (0.0126) CLoss: 0.0000 (0.0000) mmd_loss: 0.3368 (0.3368) kl_loss: 0.1340 (0.1340) muloss:0.1484Accu: 100.00
Test Epoch: 85
original feature:   Rank-1: 86.00% | Rank-5: 96.00% | Rank-10: 96.00%| Rank-20: 100.00%| mAP: 79.20%| mINP: 67.92%
feature after BN:   Rank-1: 88.00% | Rank-5: 98.00% | Rank-10: 100.00%| Rank-20: 100.00%| mAP: 80.92%| mINP: 70.26%
Best Epoch [42]
==> Preparing Data Loader...
Epoch: [86][0/37] Time: 0.591 (0.591) lr:0.000001 base_lr:0.000001Loss: 0.5885 (0.5885) iLoss: 0.0220 (0.0220) CLoss: 0.0000 (0.0000) mmd_loss: 0.3719 (0.3719) kl_loss: 0.1063 (0.1063) muloss:0.3858Accu: 100.00
Test Epoch: 86
original feature:   Rank-1: 84.00% | Rank-5: 96.00% | Rank-10: 96.00%| Rank-20: 100.00%| mAP: 78.48%| mINP: 68.02%
feature after BN:   Rank-1: 86.00% | Rank-5: 98.00% | Rank-10: 100.00%| Rank-20: 100.00%| mAP: 80.39%| mINP: 70.33%
Best Epoch [42]
==> Preparing Data Loader...
Epoch: [87][0/37] Time: 0.629 (0.629) lr:0.000001 base_lr:0.000001Loss: 0.2022 (0.2022) iLoss: 0.0099 (0.0099) CLoss: 0.0000 (0.0000) mmd_loss: 0.3690 (0.3690) kl_loss: 0.0648 (0.0648) muloss:0.0537Accu: 100.00
Test Epoch: 87
original feature:   Rank-1: 88.00% | Rank-5: 96.00% | Rank-10: 96.00%| Rank-20: 100.00%| mAP: 79.42%| mINP: 67.53%
feature after BN:   Rank-1: 84.00% | Rank-5: 98.00% | Rank-10: 100.00%| Rank-20: 100.00%| mAP: 80.12%| mINP: 70.42%
Best Epoch [42]
==> Preparing Data Loader...
Epoch: [88][0/37] Time: 0.570 (0.570) lr:0.000001 base_lr:0.000001Loss: 0.5463 (0.5463) iLoss: 0.0060 (0.0060) CLoss: 0.0000 (0.0000) mmd_loss: 0.3626 (0.3626) kl_loss: 0.1640 (0.1640) muloss:0.3038Accu: 100.00
Test Epoch: 88
original feature:   Rank-1: 86.00% | Rank-5: 96.00% | Rank-10: 96.00%| Rank-20: 100.00%| mAP: 78.83%| mINP: 67.21%
feature after BN:   Rank-1: 84.00% | Rank-5: 98.00% | Rank-10: 100.00%| Rank-20: 100.00%| mAP: 80.16%| mINP: 70.96%
Best Epoch [42]
==> Preparing Data Loader...
Epoch: [89][0/37] Time: 0.574 (0.574) lr:0.000001 base_lr:0.000001Loss: 0.2860 (0.2860) iLoss: 0.0038 (0.0038) CLoss: 0.0000 (0.0000) mmd_loss: 0.3339 (0.3339) kl_loss: 0.0946 (0.0946) muloss:0.1208Accu: 100.00
Test Epoch: 89
original feature:   Rank-1: 86.00% | Rank-5: 96.00% | Rank-10: 96.00%| Rank-20: 100.00%| mAP: 78.48%| mINP: 66.68%
feature after BN:   Rank-1: 88.00% | Rank-5: 98.00% | Rank-10: 100.00%| Rank-20: 100.00%| mAP: 80.56%| mINP: 69.50%
Best Epoch [42]
==> Preparing Data Loader...
Epoch: [90][0/37] Time: 0.559 (0.559) lr:0.000001 base_lr:0.000001Loss: 0.2780 (0.2780) iLoss: 0.0205 (0.0205) CLoss: 0.0000 (0.0000) mmd_loss: 0.3033 (0.3033) kl_loss: 0.0657 (0.0657) muloss:0.1311Accu: 100.00
Test Epoch: 90
original feature:   Rank-1: 88.00% | Rank-5: 96.00% | Rank-10: 96.00%| Rank-20: 100.00%| mAP: 80.13%| mINP: 69.09%
feature after BN:   Rank-1: 88.00% | Rank-5: 98.00% | Rank-10: 100.00%| Rank-20: 100.00%| mAP: 80.40%| mINP: 69.76%
Best Epoch [42]
==> Preparing Data Loader...
Epoch: [91][0/37] Time: 0.597 (0.597) lr:0.000001 base_lr:0.000001Loss: 0.4804 (0.4804) iLoss: 0.0078 (0.0078) CLoss: 0.0000 (0.0000) mmd_loss: 0.3464 (0.3464) kl_loss: 0.1282 (0.1282) muloss:0.2752Accu: 100.00
Test Epoch: 91
original feature:   Rank-1: 86.00% | Rank-5: 96.00% | Rank-10: 96.00%| Rank-20: 100.00%| mAP: 78.27%| mINP: 66.26%
feature after BN:   Rank-1: 84.00% | Rank-5: 96.00% | Rank-10: 100.00%| Rank-20: 100.00%| mAP: 80.19%| mINP: 72.06%
Best Epoch [42]
==> Preparing Data Loader...
Epoch: [92][0/37] Time: 0.671 (0.671) lr:0.000001 base_lr:0.000001Loss: 0.4064 (0.4064) iLoss: 0.0138 (0.0138) CLoss: 0.0000 (0.0000) mmd_loss: 0.3670 (0.3670) kl_loss: 0.0923 (0.0923) muloss:0.2268Accu: 100.00
Test Epoch: 92
original feature:   Rank-1: 84.00% | Rank-5: 96.00% | Rank-10: 96.00%| Rank-20: 100.00%| mAP: 77.97%| mINP: 66.91%
feature after BN:   Rank-1: 86.00% | Rank-5: 96.00% | Rank-10: 100.00%| Rank-20: 100.00%| mAP: 80.21%| mINP: 69.99%
Best Epoch [42]
==> Preparing Data Loader...
Epoch: [93][0/37] Time: 0.584 (0.584) lr:0.000001 base_lr:0.000001Loss: 0.3736 (0.3736) iLoss: 0.0094 (0.0094) CLoss: 0.0000 (0.0000) mmd_loss: 0.3806 (0.3806) kl_loss: 0.0972 (0.0972) muloss:0.1909Accu: 100.00
Test Epoch: 93
original feature:   Rank-1: 88.00% | Rank-5: 96.00% | Rank-10: 96.00%| Rank-20: 100.00%| mAP: 79.50%| mINP: 67.67%
feature after BN:   Rank-1: 84.00% | Rank-5: 96.00% | Rank-10: 100.00%| Rank-20: 100.00%| mAP: 79.62%| mINP: 70.35%
Best Epoch [42]
==> Preparing Data Loader...
Epoch: [94][0/37] Time: 0.593 (0.593) lr:0.000001 base_lr:0.000001Loss: 0.6680 (0.6680) iLoss: 0.0211 (0.0211) CLoss: 0.0000 (0.0000) mmd_loss: 0.3727 (0.3727) kl_loss: 0.1278 (0.1278) muloss:0.4446Accu: 100.00
Test Epoch: 94
original feature:   Rank-1: 86.00% | Rank-5: 96.00% | Rank-10: 96.00%| Rank-20: 100.00%| mAP: 80.08%| mINP: 69.88%
feature after BN:   Rank-1: 86.00% | Rank-5: 98.00% | Rank-10: 100.00%| Rank-20: 100.00%| mAP: 81.23%| mINP: 71.82%
Best Epoch [42]
==> Preparing Data Loader...
Epoch: [95][0/37] Time: 0.591 (0.591) lr:0.000001 base_lr:0.000001Loss: 0.4534 (0.4534) iLoss: 0.0141 (0.0141) CLoss: 0.0000 (0.0000) mmd_loss: 0.3722 (0.3722) kl_loss: 0.0686 (0.0686) muloss:0.2963Accu: 100.00
Test Epoch: 95
original feature:   Rank-1: 84.00% | Rank-5: 96.00% | Rank-10: 96.00%| Rank-20: 100.00%| mAP: 77.77%| mINP: 66.41%
feature after BN:   Rank-1: 88.00% | Rank-5: 98.00% | Rank-10: 100.00%| Rank-20: 100.00%| mAP: 80.19%| mINP: 68.87%
Best Epoch [42]
==> Preparing Data Loader...
Epoch: [96][0/37] Time: 0.582 (0.582) lr:0.000001 base_lr:0.000001Loss: 0.2206 (0.2206) iLoss: 0.0079 (0.0079) CLoss: 0.0000 (0.0000) mmd_loss: 0.3549 (0.3549) kl_loss: 0.0731 (0.0731) muloss:0.0686Accu: 100.00
Test Epoch: 96
original feature:   Rank-1: 84.00% | Rank-5: 96.00% | Rank-10: 96.00%| Rank-20: 100.00%| mAP: 78.20%| mINP: 67.47%
feature after BN:   Rank-1: 86.00% | Rank-5: 98.00% | Rank-10: 100.00%| Rank-20: 100.00%| mAP: 81.17%| mINP: 71.57%
Best Epoch [42]
==> Preparing Data Loader...
Epoch: [97][0/37] Time: 0.583 (0.583) lr:0.000001 base_lr:0.000001Loss: 0.2328 (0.2328) iLoss: 0.0069 (0.0069) CLoss: 0.0000 (0.0000) mmd_loss: 0.3260 (0.3260) kl_loss: 0.0592 (0.0592) muloss:0.1015Accu: 100.00
Test Epoch: 97
original feature:   Rank-1: 84.00% | Rank-5: 96.00% | Rank-10: 96.00%| Rank-20: 100.00%| mAP: 77.58%| mINP: 66.14%
feature after BN:   Rank-1: 88.00% | Rank-5: 96.00% | Rank-10: 100.00%| Rank-20: 100.00%| mAP: 81.45%| mINP: 71.46%
Best Epoch [42]
==> Preparing Data Loader...
Epoch: [98][0/37] Time: 0.618 (0.618) lr:0.000001 base_lr:0.000001Loss: 0.2118 (0.2118) iLoss: 0.0083 (0.0083) CLoss: 0.0000 (0.0000) mmd_loss: 0.3545 (0.3545) kl_loss: 0.0608 (0.0608) muloss:0.0718Accu: 100.00
Test Epoch: 98
original feature:   Rank-1: 84.00% | Rank-5: 96.00% | Rank-10: 96.00%| Rank-20: 100.00%| mAP: 78.95%| mINP: 68.77%
feature after BN:   Rank-1: 86.00% | Rank-5: 98.00% | Rank-10: 100.00%| Rank-20: 100.00%| mAP: 81.27%| mINP: 71.86%
Best Epoch [42]
==> Preparing Data Loader...
Epoch: [99][0/37] Time: 0.584 (0.584) lr:0.000001 base_lr:0.000001Loss: 0.4963 (0.4963) iLoss: 0.0068 (0.0068) CLoss: 0.0006 (0.0006) mmd_loss: 0.3871 (0.3871) kl_loss: 0.2208 (0.2208) muloss:0.1906Accu: 100.00
Test Epoch: 99
original feature:   Rank-1: 84.00% | Rank-5: 96.00% | Rank-10: 96.00%| Rank-20: 100.00%| mAP: 79.10%| mINP: 69.03%
feature after BN:   Rank-1: 86.00% | Rank-5: 94.00% | Rank-10: 100.00%| Rank-20: 100.00%| mAP: 80.15%| mINP: 70.72%
Best Epoch [42]
