==========
Args:Namespace(augc=0, batch_size=8, dataset='pku', decay_step=16, dim=2048, gpu='0,1,2,3', img_h=288, img_w=144, log_path='log/', lr=0.009, margin=0.5, max_epoch=100, mode='all', model_path='save_model/', noticed='pku-sketchlr0009_AdamW_weightdecay002_test5', num_pos=1, pool_dim=2048, rande=0, rerank='no', save_epoch=1000, seed=23, test_batch=8, trial=1, warm_up_epoch=8, workers=4)
==========
==> Loading data..
data init success!
==> Building model..
==> Building success!..
==> Start Training...
==> Preparing Data Loader...
Epoch: [0][0/37] Time: 3.883 (3.883) lr:0.000112 base_lr:0.000011Loss: 14.4724 (14.4724) iLoss: 5.0369 (5.0369) CLoss: 3.7497 (3.7497) mmd_loss: 1.3678 (1.3678) kl_loss: 0.3418 (0.3418) muloss:5.0704Accu: 0.00
Test Epoch: 0
original feature:   Rank-1: 10.00% | Rank-5: 36.00% | Rank-10: 56.00%| Rank-20: 70.00%| mAP: 14.77%| mINP: 7.57%
feature after BN:   Rank-1: 14.00% | Rank-5: 40.00% | Rank-10: 46.00%| Rank-20: 68.00%| mAP: 18.92%| mINP: 12.26%
Best Epoch [0]
==> Preparing Data Loader...
Epoch: [1][0/37] Time: 0.566 (0.566) lr:0.000225 base_lr:0.000023Loss: 13.8431 (13.8431) iLoss: 4.9883 (4.9883) CLoss: 3.3175 (3.3175) mmd_loss: 1.0721 (1.0721) kl_loss: 0.3404 (0.3404) muloss:4.9824Accu: 25.00
Test Epoch: 1
original feature:   Rank-1: 18.00% | Rank-5: 36.00% | Rank-10: 50.00%| Rank-20: 60.00%| mAP: 19.42%| mINP: 10.26%
feature after BN:   Rank-1: 14.00% | Rank-5: 42.00% | Rank-10: 50.00%| Rank-20: 68.00%| mAP: 21.12%| mINP: 14.23%
Best Epoch [1]
==> Preparing Data Loader...
Epoch: [2][0/37] Time: 0.580 (0.580) lr:0.000338 base_lr:0.000034Loss: 12.2076 (12.2076) iLoss: 4.8882 (4.8882) CLoss: 2.1975 (2.1975) mmd_loss: 0.9183 (0.9183) kl_loss: 0.3266 (0.3266) muloss:4.6117Accu: 25.00
Test Epoch: 2
original feature:   Rank-1: 26.00% | Rank-5: 50.00% | Rank-10: 64.00%| Rank-20: 76.00%| mAP: 29.51%| mINP: 20.37%
feature after BN:   Rank-1: 22.00% | Rank-5: 52.00% | Rank-10: 62.00%| Rank-20: 78.00%| mAP: 29.24%| mINP: 21.79%
Best Epoch [2]
==> Preparing Data Loader...
Epoch: [3][0/37] Time: 0.563 (0.563) lr:0.000450 base_lr:0.000045Loss: 10.9456 (10.9456) iLoss: 4.6591 (4.6591) CLoss: 1.6751 (1.6751) mmd_loss: 0.8188 (0.8188) kl_loss: 0.3086 (0.3086) muloss:4.1390Accu: 31.25
Test Epoch: 3
original feature:   Rank-1: 36.00% | Rank-5: 66.00% | Rank-10: 80.00%| Rank-20: 88.00%| mAP: 38.64%| mINP: 26.74%
feature after BN:   Rank-1: 34.00% | Rank-5: 68.00% | Rank-10: 78.00%| Rank-20: 92.00%| mAP: 39.87%| mINP: 30.66%
Best Epoch [3]
==> Preparing Data Loader...
Epoch: [4][0/37] Time: 0.750 (0.750) lr:0.000562 base_lr:0.000056Loss: 9.0333 (9.0333) iLoss: 4.3881 (4.3881) CLoss: 0.8382 (0.8382) mmd_loss: 0.6647 (0.6647) kl_loss: 0.3828 (0.3828) muloss:3.2914Accu: 37.50
Test Epoch: 4
original feature:   Rank-1: 38.00% | Rank-5: 72.00% | Rank-10: 90.00%| Rank-20: 96.00%| mAP: 43.62%| mINP: 33.86%
feature after BN:   Rank-1: 42.00% | Rank-5: 64.00% | Rank-10: 84.00%| Rank-20: 92.00%| mAP: 42.17%| mINP: 31.19%
Best Epoch [4]
==> Preparing Data Loader...
Epoch: [5][0/37] Time: 0.570 (0.570) lr:0.000675 base_lr:0.000068Loss: 7.4411 (7.4411) iLoss: 3.9679 (3.9679) CLoss: 0.2926 (0.2926) mmd_loss: 0.5251 (0.5251) kl_loss: 0.4543 (0.4543) muloss:2.6213Accu: 25.00
Test Epoch: 5
original feature:   Rank-1: 34.00% | Rank-5: 74.00% | Rank-10: 86.00%| Rank-20: 96.00%| mAP: 44.40%| mINP: 35.93%
feature after BN:   Rank-1: 46.00% | Rank-5: 82.00% | Rank-10: 88.00%| Rank-20: 94.00%| mAP: 48.96%| mINP: 37.27%
Best Epoch [5]
==> Preparing Data Loader...
Epoch: [6][0/37] Time: 0.638 (0.638) lr:0.000788 base_lr:0.000079Loss: 6.8932 (6.8932) iLoss: 3.6641 (3.6641) CLoss: 0.1569 (0.1569) mmd_loss: 0.5411 (0.5411) kl_loss: 0.6421 (0.6421) muloss:2.3219Accu: 43.75
Test Epoch: 6
original feature:   Rank-1: 54.00% | Rank-5: 74.00% | Rank-10: 90.00%| Rank-20: 98.00%| mAP: 52.16%| mINP: 42.06%
feature after BN:   Rank-1: 54.00% | Rank-5: 74.00% | Rank-10: 84.00%| Rank-20: 94.00%| mAP: 51.61%| mINP: 39.22%
Best Epoch [6]
==> Preparing Data Loader...
Epoch: [7][0/37] Time: 0.569 (0.569) lr:0.000900 base_lr:0.000090Loss: 6.6376 (6.6376) iLoss: 3.3738 (3.3738) CLoss: 0.2564 (0.2564) mmd_loss: 0.5299 (0.5299) kl_loss: 0.4950 (0.4950) muloss:2.4065Accu: 37.50
Test Epoch: 7
original feature:   Rank-1: 48.00% | Rank-5: 78.00% | Rank-10: 96.00%| Rank-20: 98.00%| mAP: 53.25%| mINP: 43.97%
feature after BN:   Rank-1: 52.00% | Rank-5: 84.00% | Rank-10: 92.00%| Rank-20: 100.00%| mAP: 54.04%| mINP: 43.10%
Best Epoch [6]
==> Preparing Data Loader...
Epoch: [8][0/37] Time: 0.606 (0.606) lr:0.000900 base_lr:0.000090Loss: 4.5139 (4.5139) iLoss: 1.9999 (1.9999) CLoss: 0.0670 (0.0670) mmd_loss: 0.4852 (0.4852) kl_loss: 0.6409 (0.6409) muloss:1.7090Accu: 75.00
Test Epoch: 8
original feature:   Rank-1: 56.00% | Rank-5: 86.00% | Rank-10: 98.00%| Rank-20: 100.00%| mAP: 58.10%| mINP: 47.02%
feature after BN:   Rank-1: 50.00% | Rank-5: 86.00% | Rank-10: 94.00%| Rank-20: 98.00%| mAP: 54.88%| mINP: 45.75%
Best Epoch [8]
==> Preparing Data Loader...
Epoch: [9][0/37] Time: 0.577 (0.577) lr:0.000899 base_lr:0.000090Loss: 3.9157 (3.9157) iLoss: 1.7355 (1.7355) CLoss: 0.0002 (0.0002) mmd_loss: 0.4257 (0.4257) kl_loss: 0.6412 (0.6412) muloss:1.4536Accu: 87.50
Test Epoch: 9
original feature:   Rank-1: 58.00% | Rank-5: 94.00% | Rank-10: 96.00%| Rank-20: 98.00%| mAP: 60.26%| mINP: 50.51%
feature after BN:   Rank-1: 50.00% | Rank-5: 86.00% | Rank-10: 94.00%| Rank-20: 98.00%| mAP: 57.36%| mINP: 50.39%
Best Epoch [9]
==> Preparing Data Loader...
Epoch: [10][0/37] Time: 0.580 (0.580) lr:0.000898 base_lr:0.000090Loss: 3.8094 (3.8094) iLoss: 1.7145 (1.7145) CLoss: 0.0005 (0.0005) mmd_loss: 0.4311 (0.4311) kl_loss: 0.7315 (0.7315) muloss:1.2767Accu: 81.25
Test Epoch: 10
original feature:   Rank-1: 60.00% | Rank-5: 88.00% | Rank-10: 98.00%| Rank-20: 98.00%| mAP: 61.70%| mINP: 52.49%
feature after BN:   Rank-1: 54.00% | Rank-5: 84.00% | Rank-10: 96.00%| Rank-20: 98.00%| mAP: 58.07%| mINP: 49.38%
Best Epoch [10]
==> Preparing Data Loader...
Epoch: [11][0/37] Time: 0.573 (0.573) lr:0.000896 base_lr:0.000090Loss: 3.1351 (3.1351) iLoss: 1.0291 (1.0291) CLoss: 0.0003 (0.0003) mmd_loss: 0.4732 (0.4732) kl_loss: 0.6325 (0.6325) muloss:1.3785Accu: 100.00
Test Epoch: 11
original feature:   Rank-1: 68.00% | Rank-5: 88.00% | Rank-10: 98.00%| Rank-20: 100.00%| mAP: 64.02%| mINP: 51.65%
feature after BN:   Rank-1: 56.00% | Rank-5: 86.00% | Rank-10: 94.00%| Rank-20: 98.00%| mAP: 59.89%| mINP: 51.99%
Best Epoch [11]
==> Preparing Data Loader...
Epoch: [12][0/37] Time: 0.644 (0.644) lr:0.000893 base_lr:0.000089Loss: 2.9745 (2.9745) iLoss: 0.8402 (0.8402) CLoss: 0.0112 (0.0112) mmd_loss: 0.4497 (0.4497) kl_loss: 0.7879 (0.7879) muloss:1.2452Accu: 100.00
Test Epoch: 12
original feature:   Rank-1: 70.00% | Rank-5: 90.00% | Rank-10: 96.00%| Rank-20: 100.00%| mAP: 68.16%| mINP: 57.03%
feature after BN:   Rank-1: 62.00% | Rank-5: 94.00% | Rank-10: 96.00%| Rank-20: 100.00%| mAP: 64.27%| mINP: 55.60%
Best Epoch [12]
==> Preparing Data Loader...
Epoch: [13][0/37] Time: 0.576 (0.576) lr:0.000891 base_lr:0.000089Loss: 2.2178 (2.2178) iLoss: 0.5136 (0.5136) CLoss: 0.0000 (0.0000) mmd_loss: 0.3919 (0.3919) kl_loss: 0.6122 (0.6122) muloss:1.0136Accu: 100.00
Test Epoch: 13
original feature:   Rank-1: 66.00% | Rank-5: 94.00% | Rank-10: 98.00%| Rank-20: 100.00%| mAP: 67.55%| mINP: 56.46%
feature after BN:   Rank-1: 58.00% | Rank-5: 92.00% | Rank-10: 100.00%| Rank-20: 100.00%| mAP: 64.82%| mINP: 56.60%
Best Epoch [12]
==> Preparing Data Loader...
Epoch: [14][0/37] Time: 0.581 (0.581) lr:0.000887 base_lr:0.000089Loss: 1.9358 (1.9358) iLoss: 0.3638 (0.3638) CLoss: 0.0000 (0.0000) mmd_loss: 0.4161 (0.4161) kl_loss: 0.5681 (0.5681) muloss:0.9207Accu: 100.00
Test Epoch: 14
original feature:   Rank-1: 66.00% | Rank-5: 94.00% | Rank-10: 98.00%| Rank-20: 98.00%| mAP: 67.28%| mINP: 56.65%
feature after BN:   Rank-1: 60.00% | Rank-5: 94.00% | Rank-10: 100.00%| Rank-20: 100.00%| mAP: 65.43%| mINP: 57.64%
Best Epoch [12]
==> Preparing Data Loader...
Epoch: [15][0/37] Time: 0.596 (0.596) lr:0.000883 base_lr:0.000088Loss: 2.1820 (2.1820) iLoss: 0.4103 (0.4103) CLoss: 0.0000 (0.0000) mmd_loss: 0.3908 (0.3908) kl_loss: 0.5571 (0.5571) muloss:1.1364Accu: 100.00
Test Epoch: 15
original feature:   Rank-1: 62.00% | Rank-5: 96.00% | Rank-10: 96.00%| Rank-20: 100.00%| mAP: 65.39%| mINP: 55.87%
feature after BN:   Rank-1: 60.00% | Rank-5: 90.00% | Rank-10: 98.00%| Rank-20: 100.00%| mAP: 64.85%| mINP: 57.09%
Best Epoch [12]
==> Preparing Data Loader...
Epoch: [16][0/37] Time: 0.590 (0.590) lr:0.000879 base_lr:0.000088Loss: 1.7091 (1.7091) iLoss: 0.2284 (0.2284) CLoss: 0.0000 (0.0000) mmd_loss: 0.3477 (0.3477) kl_loss: 0.5231 (0.5231) muloss:0.8880Accu: 100.00
Test Epoch: 16
original feature:   Rank-1: 68.00% | Rank-5: 88.00% | Rank-10: 96.00%| Rank-20: 100.00%| mAP: 67.19%| mINP: 57.93%
feature after BN:   Rank-1: 60.00% | Rank-5: 92.00% | Rank-10: 98.00%| Rank-20: 100.00%| mAP: 64.09%| mINP: 55.40%
Best Epoch [12]
==> Preparing Data Loader...
Epoch: [17][0/37] Time: 0.562 (0.562) lr:0.000450 base_lr:0.000450Loss: 2.1182 (2.1182) iLoss: 0.3131 (0.3131) CLoss: 0.0000 (0.0000) mmd_loss: 0.3886 (0.3886) kl_loss: 0.5983 (0.5983) muloss:1.1290Accu: 100.00
Test Epoch: 17
original feature:   Rank-1: 28.00% | Rank-5: 50.00% | Rank-10: 72.00%| Rank-20: 88.00%| mAP: 33.51%| mINP: 27.28%
feature after BN:   Rank-1: 22.00% | Rank-5: 60.00% | Rank-10: 66.00%| Rank-20: 82.00%| mAP: 32.87%| mINP: 27.12%
Best Epoch [12]
==> Preparing Data Loader...
Epoch: [18][0/37] Time: 0.564 (0.564) lr:0.000450 base_lr:0.000450Loss: 4.7025 (4.7025) iLoss: 1.0578 (1.0578) CLoss: 0.3555 (0.3555) mmd_loss: 0.8786 (0.8786) kl_loss: 0.6649 (0.6649) muloss:2.4485Accu: 75.00
Test Epoch: 18
original feature:   Rank-1: 32.00% | Rank-5: 70.00% | Rank-10: 80.00%| Rank-20: 94.00%| mAP: 41.36%| mINP: 35.10%
feature after BN:   Rank-1: 40.00% | Rank-5: 72.00% | Rank-10: 80.00%| Rank-20: 92.00%| mAP: 45.31%| mINP: 36.65%
Best Epoch [12]
==> Preparing Data Loader...
Epoch: [19][0/37] Time: 0.567 (0.567) lr:0.000450 base_lr:0.000450Loss: 6.4284 (6.4284) iLoss: 1.8025 (1.8025) CLoss: 0.5561 (0.5561) mmd_loss: 0.8015 (0.8015) kl_loss: 0.6530 (0.6530) muloss:3.2565Accu: 43.75
Test Epoch: 19
original feature:   Rank-1: 58.00% | Rank-5: 86.00% | Rank-10: 94.00%| Rank-20: 98.00%| mAP: 60.61%| mINP: 51.38%
feature after BN:   Rank-1: 52.00% | Rank-5: 88.00% | Rank-10: 92.00%| Rank-20: 96.00%| mAP: 58.83%| mINP: 49.37%
Best Epoch [12]
==> Preparing Data Loader...
Epoch: [20][0/37] Time: 0.572 (0.572) lr:0.000450 base_lr:0.000450Loss: 4.4785 (4.4785) iLoss: 1.0263 (1.0263) CLoss: 0.2946 (0.2946) mmd_loss: 0.7732 (0.7732) kl_loss: 0.8275 (0.8275) muloss:2.1755Accu: 81.25
Test Epoch: 20
original feature:   Rank-1: 68.00% | Rank-5: 92.00% | Rank-10: 96.00%| Rank-20: 100.00%| mAP: 68.96%| mINP: 59.76%
feature after BN:   Rank-1: 70.00% | Rank-5: 92.00% | Rank-10: 94.00%| Rank-20: 98.00%| mAP: 70.52%| mINP: 61.82%
Best Epoch [12]
==> Preparing Data Loader...
Epoch: [21][0/37] Time: 0.579 (0.579) lr:0.000450 base_lr:0.000450Loss: 2.8098 (2.8098) iLoss: 0.4148 (0.4148) CLoss: 0.0000 (0.0000) mmd_loss: 0.5122 (0.5122) kl_loss: 0.5919 (0.5919) muloss:1.7006Accu: 87.50
Test Epoch: 21
original feature:   Rank-1: 58.00% | Rank-5: 84.00% | Rank-10: 92.00%| Rank-20: 94.00%| mAP: 64.05%| mINP: 58.70%
feature after BN:   Rank-1: 58.00% | Rank-5: 84.00% | Rank-10: 92.00%| Rank-20: 96.00%| mAP: 64.32%| mINP: 59.55%
Best Epoch [12]
==> Preparing Data Loader...
Epoch: [22][0/37] Time: 0.596 (0.596) lr:0.000450 base_lr:0.000450Loss: 2.9449 (2.9449) iLoss: 0.3157 (0.3157) CLoss: 0.0131 (0.0131) mmd_loss: 0.6962 (0.6962) kl_loss: 0.6350 (0.6350) muloss:1.8420Accu: 100.00
Test Epoch: 22
original feature:   Rank-1: 68.00% | Rank-5: 96.00% | Rank-10: 96.00%| Rank-20: 98.00%| mAP: 69.24%| mINP: 57.19%
feature after BN:   Rank-1: 80.00% | Rank-5: 96.00% | Rank-10: 100.00%| Rank-20: 100.00%| mAP: 74.78%| mINP: 62.27%
Best Epoch [22]
==> Preparing Data Loader...
Epoch: [23][0/37] Time: 0.565 (0.565) lr:0.000450 base_lr:0.000450Loss: 3.9902 (3.9902) iLoss: 0.6170 (0.6170) CLoss: 0.3179 (0.3179) mmd_loss: 0.6725 (0.6725) kl_loss: 1.0834 (1.0834) muloss:1.8373Accu: 81.25
Test Epoch: 23
original feature:   Rank-1: 64.00% | Rank-5: 94.00% | Rank-10: 96.00%| Rank-20: 100.00%| mAP: 68.11%| mINP: 59.83%
feature after BN:   Rank-1: 74.00% | Rank-5: 96.00% | Rank-10: 98.00%| Rank-20: 100.00%| mAP: 74.55%| mINP: 65.53%
Best Epoch [22]
==> Preparing Data Loader...
Epoch: [24][0/37] Time: 0.578 (0.578) lr:0.000450 base_lr:0.000450Loss: 2.4189 (2.4189) iLoss: 0.0907 (0.0907) CLoss: 0.0836 (0.0836) mmd_loss: 0.6167 (0.6167) kl_loss: 1.0236 (1.0236) muloss:1.0977Accu: 100.00
Test Epoch: 24
original feature:   Rank-1: 62.00% | Rank-5: 92.00% | Rank-10: 98.00%| Rank-20: 98.00%| mAP: 64.68%| mINP: 54.16%
feature after BN:   Rank-1: 68.00% | Rank-5: 92.00% | Rank-10: 94.00%| Rank-20: 98.00%| mAP: 66.76%| mINP: 55.65%
Best Epoch [22]
==> Preparing Data Loader...
Epoch: [25][0/37] Time: 0.599 (0.599) lr:0.000225 base_lr:0.000225Loss: 1.7487 (1.7487) iLoss: 0.2758 (0.2758) CLoss: 0.0913 (0.0913) mmd_loss: 0.6240 (0.6240) kl_loss: 0.5209 (0.5209) muloss:0.7359Accu: 93.75
Test Epoch: 25
original feature:   Rank-1: 72.00% | Rank-5: 96.00% | Rank-10: 98.00%| Rank-20: 98.00%| mAP: 72.65%| mINP: 63.21%
feature after BN:   Rank-1: 72.00% | Rank-5: 92.00% | Rank-10: 100.00%| Rank-20: 100.00%| mAP: 74.26%| mINP: 66.92%
Best Epoch [22]
==> Preparing Data Loader...
Epoch: [26][0/37] Time: 0.599 (0.599) lr:0.000225 base_lr:0.000225Loss: 1.3962 (1.3962) iLoss: 0.2613 (0.2613) CLoss: 0.0006 (0.0006) mmd_loss: 0.5419 (0.5419) kl_loss: 0.2677 (0.2677) muloss:0.7583Accu: 87.50
Test Epoch: 26
original feature:   Rank-1: 84.00% | Rank-5: 98.00% | Rank-10: 98.00%| Rank-20: 100.00%| mAP: 78.18%| mINP: 66.29%
feature after BN:   Rank-1: 74.00% | Rank-5: 98.00% | Rank-10: 100.00%| Rank-20: 100.00%| mAP: 75.19%| mINP: 65.21%
Best Epoch [26]
==> Preparing Data Loader...
Epoch: [27][0/37] Time: 0.605 (0.605) lr:0.000225 base_lr:0.000225Loss: 1.2331 (1.2331) iLoss: 0.0227 (0.0227) CLoss: 0.0520 (0.0520) mmd_loss: 0.4607 (0.4607) kl_loss: 0.3086 (0.3086) muloss:0.7575Accu: 100.00
Test Epoch: 27
original feature:   Rank-1: 76.00% | Rank-5: 98.00% | Rank-10: 98.00%| Rank-20: 100.00%| mAP: 77.68%| mINP: 70.61%
feature after BN:   Rank-1: 78.00% | Rank-5: 98.00% | Rank-10: 100.00%| Rank-20: 100.00%| mAP: 78.45%| mINP: 70.33%
Best Epoch [26]
==> Preparing Data Loader...
Epoch: [28][0/37] Time: 0.583 (0.583) lr:0.000225 base_lr:0.000225Loss: 0.7350 (0.7350) iLoss: 0.0636 (0.0636) CLoss: 0.0466 (0.0466) mmd_loss: 0.5729 (0.5729) kl_loss: 0.3398 (0.3398) muloss:0.1704Accu: 100.00
Test Epoch: 28
original feature:   Rank-1: 76.00% | Rank-5: 96.00% | Rank-10: 100.00%| Rank-20: 100.00%| mAP: 76.37%| mINP: 68.52%
feature after BN:   Rank-1: 76.00% | Rank-5: 96.00% | Rank-10: 100.00%| Rank-20: 100.00%| mAP: 75.17%| mINP: 66.25%
Best Epoch [26]
==> Preparing Data Loader...
Epoch: [29][0/37] Time: 0.565 (0.565) lr:0.000225 base_lr:0.000225Loss: 0.3849 (0.3849) iLoss: 0.0133 (0.0133) CLoss: 0.0001 (0.0001) mmd_loss: 0.4978 (0.4978) kl_loss: 0.1896 (0.1896) muloss:0.0823Accu: 100.00
Test Epoch: 29
original feature:   Rank-1: 72.00% | Rank-5: 98.00% | Rank-10: 98.00%| Rank-20: 100.00%| mAP: 77.01%| mINP: 70.37%
feature after BN:   Rank-1: 78.00% | Rank-5: 98.00% | Rank-10: 98.00%| Rank-20: 100.00%| mAP: 77.23%| mINP: 68.91%
Best Epoch [26]
==> Preparing Data Loader...
Epoch: [30][0/37] Time: 0.598 (0.598) lr:0.000090 base_lr:0.000090Loss: 0.7430 (0.7430) iLoss: 0.0206 (0.0206) CLoss: 0.0000 (0.0000) mmd_loss: 0.4759 (0.4759) kl_loss: 0.3069 (0.3069) muloss:0.3203Accu: 100.00
Test Epoch: 30
original feature:   Rank-1: 78.00% | Rank-5: 98.00% | Rank-10: 98.00%| Rank-20: 98.00%| mAP: 79.87%| mINP: 73.81%
feature after BN:   Rank-1: 76.00% | Rank-5: 96.00% | Rank-10: 98.00%| Rank-20: 100.00%| mAP: 77.63%| mINP: 70.31%
Best Epoch [26]
==> Preparing Data Loader...
Epoch: [31][0/37] Time: 0.642 (0.642) lr:0.000090 base_lr:0.000090Loss: 0.2648 (0.2648) iLoss: 0.0107 (0.0107) CLoss: 0.0000 (0.0000) mmd_loss: 0.4617 (0.4617) kl_loss: 0.1212 (0.1212) muloss:0.0406Accu: 100.00
Test Epoch: 31
original feature:   Rank-1: 80.00% | Rank-5: 98.00% | Rank-10: 98.00%| Rank-20: 98.00%| mAP: 81.22%| mINP: 74.35%
feature after BN:   Rank-1: 76.00% | Rank-5: 98.00% | Rank-10: 98.00%| Rank-20: 100.00%| mAP: 79.01%| mINP: 71.82%
Best Epoch [26]
==> Preparing Data Loader...
Epoch: [32][0/37] Time: 0.563 (0.563) lr:0.000090 base_lr:0.000090Loss: 0.6635 (0.6635) iLoss: 0.0806 (0.0806) CLoss: 0.0319 (0.0319) mmd_loss: 0.4793 (0.4793) kl_loss: 0.2137 (0.2137) muloss:0.2414Accu: 100.00
Test Epoch: 32
original feature:   Rank-1: 78.00% | Rank-5: 98.00% | Rank-10: 98.00%| Rank-20: 100.00%| mAP: 80.49%| mINP: 73.99%
feature after BN:   Rank-1: 78.00% | Rank-5: 98.00% | Rank-10: 100.00%| Rank-20: 100.00%| mAP: 78.51%| mINP: 70.84%
Best Epoch [26]
==> Preparing Data Loader...
Epoch: [33][0/37] Time: 0.580 (0.580) lr:0.000090 base_lr:0.000090Loss: 0.6321 (0.6321) iLoss: 0.0270 (0.0270) CLoss: 0.0000 (0.0000) mmd_loss: 0.4657 (0.4657) kl_loss: 0.1368 (0.1368) muloss:0.3752Accu: 100.00
Test Epoch: 33
original feature:   Rank-1: 80.00% | Rank-5: 98.00% | Rank-10: 98.00%| Rank-20: 100.00%| mAP: 80.67%| mINP: 73.36%
feature after BN:   Rank-1: 80.00% | Rank-5: 96.00% | Rank-10: 100.00%| Rank-20: 100.00%| mAP: 79.79%| mINP: 72.17%
Best Epoch [26]
==> Preparing Data Loader...
Epoch: [34][0/37] Time: 0.617 (0.617) lr:0.000090 base_lr:0.000090Loss: 0.5549 (0.5549) iLoss: 0.0311 (0.0311) CLoss: 0.0000 (0.0000) mmd_loss: 0.4962 (0.4962) kl_loss: 0.2340 (0.2340) muloss:0.1906Accu: 100.00
Test Epoch: 34
original feature:   Rank-1: 86.00% | Rank-5: 98.00% | Rank-10: 98.00%| Rank-20: 100.00%| mAP: 83.24%| mINP: 75.19%
feature after BN:   Rank-1: 84.00% | Rank-5: 98.00% | Rank-10: 100.00%| Rank-20: 100.00%| mAP: 81.57%| mINP: 73.58%
Best Epoch [34]
==> Preparing Data Loader...
Epoch: [35][0/37] Time: 0.592 (0.592) lr:0.000090 base_lr:0.000090Loss: 0.5247 (0.5247) iLoss: 0.0354 (0.0354) CLoss: 0.0000 (0.0000) mmd_loss: 0.4024 (0.4024) kl_loss: 0.0851 (0.0851) muloss:0.3237Accu: 100.00
Test Epoch: 35
original feature:   Rank-1: 86.00% | Rank-5: 98.00% | Rank-10: 98.00%| Rank-20: 100.00%| mAP: 83.22%| mINP: 75.10%
feature after BN:   Rank-1: 84.00% | Rank-5: 100.00% | Rank-10: 100.00%| Rank-20: 100.00%| mAP: 81.43%| mINP: 73.90%
Best Epoch [34]
==> Preparing Data Loader...
Epoch: [36][0/37] Time: 0.591 (0.591) lr:0.000090 base_lr:0.000090Loss: 0.2469 (0.2469) iLoss: 0.0106 (0.0106) CLoss: 0.0000 (0.0000) mmd_loss: 0.4121 (0.4121) kl_loss: 0.0936 (0.0936) muloss:0.0603Accu: 100.00
Test Epoch: 36
original feature:   Rank-1: 86.00% | Rank-5: 98.00% | Rank-10: 98.00%| Rank-20: 100.00%| mAP: 83.21%| mINP: 75.11%
feature after BN:   Rank-1: 82.00% | Rank-5: 98.00% | Rank-10: 100.00%| Rank-20: 100.00%| mAP: 80.79%| mINP: 72.80%
Best Epoch [34]
==> Preparing Data Loader...
Epoch: [37][0/37] Time: 0.582 (0.582) lr:0.000090 base_lr:0.000090Loss: 0.6955 (0.6955) iLoss: 0.0105 (0.0105) CLoss: 0.0000 (0.0000) mmd_loss: 0.4422 (0.4422) kl_loss: 0.2741 (0.2741) muloss:0.3224Accu: 100.00
Test Epoch: 37
original feature:   Rank-1: 84.00% | Rank-5: 98.00% | Rank-10: 98.00%| Rank-20: 100.00%| mAP: 82.70%| mINP: 75.07%
feature after BN:   Rank-1: 82.00% | Rank-5: 100.00% | Rank-10: 100.00%| Rank-20: 100.00%| mAP: 81.23%| mINP: 73.73%
Best Epoch [34]
==> Preparing Data Loader...
Epoch: [38][0/37] Time: 0.586 (0.586) lr:0.000090 base_lr:0.000090Loss: 0.3434 (0.3434) iLoss: 0.0054 (0.0054) CLoss: 0.0000 (0.0000) mmd_loss: 0.3653 (0.3653) kl_loss: 0.1176 (0.1176) muloss:0.1474Accu: 100.00
Test Epoch: 38
original feature:   Rank-1: 86.00% | Rank-5: 98.00% | Rank-10: 98.00%| Rank-20: 100.00%| mAP: 83.25%| mINP: 75.70%
feature after BN:   Rank-1: 84.00% | Rank-5: 98.00% | Rank-10: 100.00%| Rank-20: 100.00%| mAP: 82.70%| mINP: 76.02%
Best Epoch [34]
==> Preparing Data Loader...
Epoch: [39][0/37] Time: 0.676 (0.676) lr:0.000090 base_lr:0.000090Loss: 0.2824 (0.2824) iLoss: 0.0104 (0.0104) CLoss: 0.0000 (0.0000) mmd_loss: 0.3683 (0.3683) kl_loss: 0.1135 (0.1135) muloss:0.0849Accu: 100.00
Test Epoch: 39
original feature:   Rank-1: 86.00% | Rank-5: 98.00% | Rank-10: 98.00%| Rank-20: 100.00%| mAP: 82.85%| mINP: 74.40%
feature after BN:   Rank-1: 84.00% | Rank-5: 98.00% | Rank-10: 100.00%| Rank-20: 100.00%| mAP: 81.91%| mINP: 73.92%
Best Epoch [34]
==> Preparing Data Loader...
Epoch: [40][0/37] Time: 0.580 (0.580) lr:0.000090 base_lr:0.000090Loss: 0.1984 (0.1984) iLoss: 0.0070 (0.0070) CLoss: 0.0001 (0.0001) mmd_loss: 0.3866 (0.3866) kl_loss: 0.0525 (0.0525) muloss:0.0616Accu: 100.00
Test Epoch: 40
original feature:   Rank-1: 82.00% | Rank-5: 98.00% | Rank-10: 98.00%| Rank-20: 100.00%| mAP: 82.36%| mINP: 75.44%
feature after BN:   Rank-1: 82.00% | Rank-5: 98.00% | Rank-10: 100.00%| Rank-20: 100.00%| mAP: 81.44%| mINP: 73.77%
Best Epoch [34]
==> Preparing Data Loader...
Epoch: [41][0/37] Time: 0.594 (0.594) lr:0.000090 base_lr:0.000090Loss: 0.5280 (0.5280) iLoss: 0.0111 (0.0111) CLoss: 0.0000 (0.0000) mmd_loss: 0.4025 (0.4025) kl_loss: 0.1622 (0.1622) muloss:0.2743Accu: 100.00
Test Epoch: 41
original feature:   Rank-1: 88.00% | Rank-5: 98.00% | Rank-10: 98.00%| Rank-20: 100.00%| mAP: 83.91%| mINP: 75.49%
feature after BN:   Rank-1: 84.00% | Rank-5: 100.00% | Rank-10: 100.00%| Rank-20: 100.00%| mAP: 82.25%| mINP: 74.87%
Best Epoch [41]
==> Preparing Data Loader...
Epoch: [42][0/37] Time: 0.581 (0.581) lr:0.000090 base_lr:0.000090Loss: 0.2045 (0.2045) iLoss: 0.0123 (0.0123) CLoss: 0.0000 (0.0000) mmd_loss: 0.3842 (0.3842) kl_loss: 0.0522 (0.0522) muloss:0.0632Accu: 100.00
Test Epoch: 42
original feature:   Rank-1: 82.00% | Rank-5: 98.00% | Rank-10: 98.00%| Rank-20: 100.00%| mAP: 81.96%| mINP: 74.94%
feature after BN:   Rank-1: 82.00% | Rank-5: 100.00% | Rank-10: 100.00%| Rank-20: 100.00%| mAP: 81.81%| mINP: 74.96%
Best Epoch [41]
==> Preparing Data Loader...
Epoch: [43][0/37] Time: 0.570 (0.570) lr:0.000090 base_lr:0.000090Loss: 0.3159 (0.3159) iLoss: 0.0140 (0.0140) CLoss: 0.0000 (0.0000) mmd_loss: 0.4076 (0.4076) kl_loss: 0.1077 (0.1077) muloss:0.1127Accu: 100.00
Test Epoch: 43
original feature:   Rank-1: 86.00% | Rank-5: 98.00% | Rank-10: 98.00%| Rank-20: 100.00%| mAP: 83.37%| mINP: 75.40%
feature after BN:   Rank-1: 82.00% | Rank-5: 100.00% | Rank-10: 100.00%| Rank-20: 100.00%| mAP: 81.20%| mINP: 73.17%
Best Epoch [41]
==> Preparing Data Loader...
Epoch: [44][0/37] Time: 0.587 (0.587) lr:0.000090 base_lr:0.000090Loss: 0.6627 (0.6627) iLoss: 0.0164 (0.0164) CLoss: 0.0001 (0.0001) mmd_loss: 0.4136 (0.4136) kl_loss: 0.1922 (0.1922) muloss:0.3713Accu: 100.00
Test Epoch: 44
original feature:   Rank-1: 84.00% | Rank-5: 98.00% | Rank-10: 98.00%| Rank-20: 100.00%| mAP: 83.63%| mINP: 76.76%
feature after BN:   Rank-1: 82.00% | Rank-5: 100.00% | Rank-10: 100.00%| Rank-20: 100.00%| mAP: 80.27%| mINP: 71.80%
Best Epoch [41]
==> Preparing Data Loader...
Epoch: [45][0/37] Time: 0.585 (0.585) lr:0.000027 base_lr:0.000027Loss: 0.3458 (0.3458) iLoss: 0.0094 (0.0094) CLoss: 0.0000 (0.0000) mmd_loss: 0.3493 (0.3493) kl_loss: 0.1156 (0.1156) muloss:0.1508Accu: 100.00
Test Epoch: 45
original feature:   Rank-1: 84.00% | Rank-5: 98.00% | Rank-10: 98.00%| Rank-20: 100.00%| mAP: 82.59%| mINP: 74.71%
feature after BN:   Rank-1: 80.00% | Rank-5: 100.00% | Rank-10: 100.00%| Rank-20: 100.00%| mAP: 80.27%| mINP: 72.70%
Best Epoch [41]
==> Preparing Data Loader...
Epoch: [46][0/37] Time: 0.602 (0.602) lr:0.000027 base_lr:0.000027Loss: 0.3009 (0.3009) iLoss: 0.0055 (0.0055) CLoss: 0.0000 (0.0000) mmd_loss: 0.3710 (0.3710) kl_loss: 0.0928 (0.0928) muloss:0.1283Accu: 100.00
Test Epoch: 46
original feature:   Rank-1: 84.00% | Rank-5: 98.00% | Rank-10: 98.00%| Rank-20: 100.00%| mAP: 83.00%| mINP: 75.53%
feature after BN:   Rank-1: 82.00% | Rank-5: 100.00% | Rank-10: 100.00%| Rank-20: 100.00%| mAP: 81.57%| mINP: 74.23%
Best Epoch [41]
==> Preparing Data Loader...
Epoch: [47][0/37] Time: 0.600 (0.600) lr:0.000027 base_lr:0.000027Loss: 0.2855 (0.2855) iLoss: 0.0128 (0.0128) CLoss: 0.0000 (0.0000) mmd_loss: 0.3722 (0.3722) kl_loss: 0.0789 (0.0789) muloss:0.1195Accu: 100.00
Test Epoch: 47
original feature:   Rank-1: 80.00% | Rank-5: 98.00% | Rank-10: 98.00%| Rank-20: 98.00%| mAP: 80.99%| mINP: 73.22%
feature after BN:   Rank-1: 82.00% | Rank-5: 98.00% | Rank-10: 100.00%| Rank-20: 100.00%| mAP: 80.19%| mINP: 71.87%
Best Epoch [41]
==> Preparing Data Loader...
Epoch: [48][0/37] Time: 0.570 (0.570) lr:0.000027 base_lr:0.000027Loss: 0.2576 (0.2576) iLoss: 0.0081 (0.0081) CLoss: 0.0000 (0.0000) mmd_loss: 0.3448 (0.3448) kl_loss: 0.0614 (0.0614) muloss:0.1192Accu: 100.00
Test Epoch: 48
original feature:   Rank-1: 84.00% | Rank-5: 98.00% | Rank-10: 98.00%| Rank-20: 100.00%| mAP: 83.21%| mINP: 76.12%
feature after BN:   Rank-1: 84.00% | Rank-5: 100.00% | Rank-10: 100.00%| Rank-20: 100.00%| mAP: 82.12%| mINP: 73.68%
Best Epoch [41]
==> Preparing Data Loader...
Epoch: [49][0/37] Time: 0.552 (0.552) lr:0.000027 base_lr:0.000027Loss: 0.4120 (0.4120) iLoss: 0.0065 (0.0065) CLoss: 0.0000 (0.0000) mmd_loss: 0.3575 (0.3575) kl_loss: 0.1887 (0.1887) muloss:0.1453Accu: 100.00
Test Epoch: 49
original feature:   Rank-1: 84.00% | Rank-5: 98.00% | Rank-10: 98.00%| Rank-20: 100.00%| mAP: 83.00%| mINP: 75.39%
feature after BN:   Rank-1: 80.00% | Rank-5: 98.00% | Rank-10: 100.00%| Rank-20: 100.00%| mAP: 79.87%| mINP: 71.84%
Best Epoch [41]
==> Preparing Data Loader...
Epoch: [50][0/37] Time: 0.579 (0.579) lr:0.000009 base_lr:0.000009Loss: 0.1848 (0.1848) iLoss: 0.0070 (0.0070) CLoss: 0.0000 (0.0000) mmd_loss: 0.3498 (0.3498) kl_loss: 0.0467 (0.0467) muloss:0.0612Accu: 100.00
Test Epoch: 50
original feature:   Rank-1: 80.00% | Rank-5: 98.00% | Rank-10: 98.00%| Rank-20: 100.00%| mAP: 81.89%| mINP: 75.47%
feature after BN:   Rank-1: 80.00% | Rank-5: 100.00% | Rank-10: 100.00%| Rank-20: 100.00%| mAP: 80.32%| mINP: 72.65%
Best Epoch [41]
==> Preparing Data Loader...
Epoch: [51][0/37] Time: 0.569 (0.569) lr:0.000009 base_lr:0.000009Loss: 0.3849 (0.3849) iLoss: 0.0178 (0.0178) CLoss: 0.0259 (0.0259) mmd_loss: 0.4504 (0.4504) kl_loss: 0.0915 (0.0915) muloss:0.1596Accu: 100.00
Test Epoch: 51
original feature:   Rank-1: 82.00% | Rank-5: 98.00% | Rank-10: 98.00%| Rank-20: 100.00%| mAP: 82.49%| mINP: 75.68%
feature after BN:   Rank-1: 82.00% | Rank-5: 100.00% | Rank-10: 100.00%| Rank-20: 100.00%| mAP: 81.45%| mINP: 74.07%
Best Epoch [41]
==> Preparing Data Loader...
Epoch: [52][0/37] Time: 0.577 (0.577) lr:0.000009 base_lr:0.000009Loss: 0.2855 (0.2855) iLoss: 0.0097 (0.0097) CLoss: 0.0000 (0.0000) mmd_loss: 0.3198 (0.3198) kl_loss: 0.0736 (0.0736) muloss:0.1383Accu: 100.00
Test Epoch: 52
original feature:   Rank-1: 78.00% | Rank-5: 98.00% | Rank-10: 98.00%| Rank-20: 100.00%| mAP: 81.29%| mINP: 75.31%
feature after BN:   Rank-1: 80.00% | Rank-5: 100.00% | Rank-10: 100.00%| Rank-20: 100.00%| mAP: 80.43%| mINP: 72.96%
Best Epoch [41]
==> Preparing Data Loader...
Epoch: [53][0/37] Time: 0.600 (0.600) lr:0.000009 base_lr:0.000009Loss: 0.4027 (0.4027) iLoss: 0.0058 (0.0058) CLoss: 0.0000 (0.0000) mmd_loss: 0.3456 (0.3456) kl_loss: 0.1305 (0.1305) muloss:0.1973Accu: 100.00
Test Epoch: 53
original feature:   Rank-1: 84.00% | Rank-5: 98.00% | Rank-10: 98.00%| Rank-20: 100.00%| mAP: 82.65%| mINP: 74.98%
feature after BN:   Rank-1: 82.00% | Rank-5: 100.00% | Rank-10: 100.00%| Rank-20: 100.00%| mAP: 80.73%| mINP: 72.46%
Best Epoch [41]
==> Preparing Data Loader...
Epoch: [54][0/37] Time: 0.580 (0.580) lr:0.000009 base_lr:0.000009Loss: 0.2274 (0.2274) iLoss: 0.0139 (0.0139) CLoss: 0.0003 (0.0003) mmd_loss: 0.3655 (0.3655) kl_loss: 0.0641 (0.0641) muloss:0.0760Accu: 100.00
Test Epoch: 54
original feature:   Rank-1: 80.00% | Rank-5: 98.00% | Rank-10: 98.00%| Rank-20: 100.00%| mAP: 81.65%| mINP: 75.36%
feature after BN:   Rank-1: 82.00% | Rank-5: 100.00% | Rank-10: 100.00%| Rank-20: 100.00%| mAP: 80.93%| mINP: 73.47%
Best Epoch [41]
==> Preparing Data Loader...
Epoch: [55][0/37] Time: 0.575 (0.575) lr:0.000009 base_lr:0.000009Loss: 0.3138 (0.3138) iLoss: 0.0128 (0.0128) CLoss: 0.0000 (0.0000) mmd_loss: 0.3366 (0.3366) kl_loss: 0.0887 (0.0887) muloss:0.1449Accu: 100.00
Test Epoch: 55
original feature:   Rank-1: 82.00% | Rank-5: 98.00% | Rank-10: 98.00%| Rank-20: 100.00%| mAP: 81.72%| mINP: 73.85%
feature after BN:   Rank-1: 82.00% | Rank-5: 100.00% | Rank-10: 100.00%| Rank-20: 100.00%| mAP: 80.56%| mINP: 72.26%
Best Epoch [41]
==> Preparing Data Loader...
Epoch: [56][0/37] Time: 0.602 (0.602) lr:0.000009 base_lr:0.000009Loss: 0.1377 (0.1377) iLoss: 0.0046 (0.0046) CLoss: 0.0000 (0.0000) mmd_loss: 0.3208 (0.3208) kl_loss: 0.0344 (0.0344) muloss:0.0345Accu: 100.00
Test Epoch: 56
original feature:   Rank-1: 86.00% | Rank-5: 98.00% | Rank-10: 98.00%| Rank-20: 100.00%| mAP: 82.65%| mINP: 73.98%
feature after BN:   Rank-1: 82.00% | Rank-5: 100.00% | Rank-10: 100.00%| Rank-20: 100.00%| mAP: 80.90%| mINP: 72.80%
Best Epoch [41]
==> Preparing Data Loader...
Epoch: [57][0/37] Time: 0.587 (0.587) lr:0.000009 base_lr:0.000009Loss: 0.1764 (0.1764) iLoss: 0.0077 (0.0077) CLoss: 0.0000 (0.0000) mmd_loss: 0.2899 (0.2899) kl_loss: 0.0532 (0.0532) muloss:0.0575Accu: 100.00
Test Epoch: 57
original feature:   Rank-1: 84.00% | Rank-5: 98.00% | Rank-10: 98.00%| Rank-20: 100.00%| mAP: 82.25%| mINP: 74.20%
feature after BN:   Rank-1: 84.00% | Rank-5: 100.00% | Rank-10: 100.00%| Rank-20: 100.00%| mAP: 81.21%| mINP: 72.26%
Best Epoch [41]
==> Preparing Data Loader...
Epoch: [58][0/37] Time: 0.567 (0.567) lr:0.000009 base_lr:0.000009Loss: 0.1801 (0.1801) iLoss: 0.0044 (0.0044) CLoss: 0.0000 (0.0000) mmd_loss: 0.3070 (0.3070) kl_loss: 0.0548 (0.0548) muloss:0.0595Accu: 100.00
Test Epoch: 58
original feature:   Rank-1: 84.00% | Rank-5: 98.00% | Rank-10: 98.00%| Rank-20: 100.00%| mAP: 82.27%| mINP: 74.05%
feature after BN:   Rank-1: 80.00% | Rank-5: 100.00% | Rank-10: 100.00%| Rank-20: 100.00%| mAP: 80.45%| mINP: 72.90%
Best Epoch [41]
==> Preparing Data Loader...
Epoch: [59][0/37] Time: 0.586 (0.586) lr:0.000009 base_lr:0.000009Loss: 0.3151 (0.3151) iLoss: 0.0082 (0.0082) CLoss: 0.0000 (0.0000) mmd_loss: 0.3830 (0.3830) kl_loss: 0.0989 (0.0989) muloss:0.1314Accu: 100.00
Test Epoch: 59
original feature:   Rank-1: 84.00% | Rank-5: 98.00% | Rank-10: 98.00%| Rank-20: 100.00%| mAP: 82.53%| mINP: 74.79%
feature after BN:   Rank-1: 80.00% | Rank-5: 98.00% | Rank-10: 100.00%| Rank-20: 100.00%| mAP: 80.81%| mINP: 73.80%
Best Epoch [41]
==> Preparing Data Loader...
Epoch: [60][0/37] Time: 0.583 (0.583) lr:0.000009 base_lr:0.000009Loss: 0.4614 (0.4614) iLoss: 0.0067 (0.0067) CLoss: 0.0000 (0.0000) mmd_loss: 0.3054 (0.3054) kl_loss: 0.1486 (0.1486) muloss:0.2450Accu: 100.00
Test Epoch: 60
original feature:   Rank-1: 86.00% | Rank-5: 98.00% | Rank-10: 98.00%| Rank-20: 100.00%| mAP: 82.85%| mINP: 74.39%
feature after BN:   Rank-1: 82.00% | Rank-5: 100.00% | Rank-10: 100.00%| Rank-20: 100.00%| mAP: 81.43%| mINP: 73.53%
Best Epoch [41]
==> Preparing Data Loader...
Epoch: [61][0/37] Time: 0.596 (0.596) lr:0.000009 base_lr:0.000009Loss: 0.1468 (0.1468) iLoss: 0.0074 (0.0074) CLoss: 0.0000 (0.0000) mmd_loss: 0.3280 (0.3280) kl_loss: 0.0344 (0.0344) muloss:0.0394Accu: 100.00
Test Epoch: 61
original feature:   Rank-1: 84.00% | Rank-5: 98.00% | Rank-10: 98.00%| Rank-20: 100.00%| mAP: 82.12%| mINP: 73.94%
feature after BN:   Rank-1: 80.00% | Rank-5: 100.00% | Rank-10: 100.00%| Rank-20: 100.00%| mAP: 80.28%| mINP: 72.42%
Best Epoch [41]
==> Preparing Data Loader...
Epoch: [62][0/37] Time: 0.583 (0.583) lr:0.000009 base_lr:0.000009Loss: 0.3223 (0.3223) iLoss: 0.0077 (0.0077) CLoss: 0.0000 (0.0000) mmd_loss: 0.3485 (0.3485) kl_loss: 0.1050 (0.1050) muloss:0.1399Accu: 100.00
Test Epoch: 62
original feature:   Rank-1: 82.00% | Rank-5: 98.00% | Rank-10: 98.00%| Rank-20: 100.00%| mAP: 81.55%| mINP: 73.80%
feature after BN:   Rank-1: 82.00% | Rank-5: 100.00% | Rank-10: 100.00%| Rank-20: 100.00%| mAP: 81.80%| mINP: 74.10%
Best Epoch [41]
==> Preparing Data Loader...
Epoch: [63][0/37] Time: 0.564 (0.564) lr:0.000009 base_lr:0.000009Loss: 0.6426 (0.6426) iLoss: 0.0331 (0.0331) CLoss: 0.0104 (0.0104) mmd_loss: 0.3803 (0.3803) kl_loss: 0.1481 (0.1481) muloss:0.3749Accu: 100.00
Test Epoch: 63
original feature:   Rank-1: 82.00% | Rank-5: 98.00% | Rank-10: 98.00%| Rank-20: 100.00%| mAP: 81.62%| mINP: 73.95%
feature after BN:   Rank-1: 82.00% | Rank-5: 100.00% | Rank-10: 100.00%| Rank-20: 100.00%| mAP: 80.33%| mINP: 71.92%
Best Epoch [41]
==> Preparing Data Loader...
Epoch: [64][0/37] Time: 0.581 (0.581) lr:0.000009 base_lr:0.000009Loss: 0.4308 (0.4308) iLoss: 0.0084 (0.0084) CLoss: 0.0000 (0.0000) mmd_loss: 0.3887 (0.3887) kl_loss: 0.0855 (0.0855) muloss:0.2591Accu: 100.00
Test Epoch: 64
original feature:   Rank-1: 84.00% | Rank-5: 98.00% | Rank-10: 98.00%| Rank-20: 100.00%| mAP: 82.28%| mINP: 74.27%
feature after BN:   Rank-1: 82.00% | Rank-5: 98.00% | Rank-10: 100.00%| Rank-20: 100.00%| mAP: 81.21%| mINP: 73.30%
Best Epoch [41]
==> Preparing Data Loader...
Epoch: [65][0/37] Time: 0.568 (0.568) lr:0.000009 base_lr:0.000009Loss: 0.5582 (0.5582) iLoss: 0.0212 (0.0212) CLoss: 0.0000 (0.0000) mmd_loss: 0.3729 (0.3729) kl_loss: 0.1390 (0.1390) muloss:0.3235Accu: 100.00
Test Epoch: 65
original feature:   Rank-1: 84.00% | Rank-5: 98.00% | Rank-10: 98.00%| Rank-20: 100.00%| mAP: 82.28%| mINP: 73.94%
feature after BN:   Rank-1: 80.00% | Rank-5: 100.00% | Rank-10: 100.00%| Rank-20: 100.00%| mAP: 79.45%| mINP: 71.01%
Best Epoch [41]
==> Preparing Data Loader...
Epoch: [66][0/37] Time: 0.577 (0.577) lr:0.000009 base_lr:0.000009Loss: 0.2483 (0.2483) iLoss: 0.0100 (0.0100) CLoss: 0.0000 (0.0000) mmd_loss: 0.3231 (0.3231) kl_loss: 0.0643 (0.0643) muloss:0.1094Accu: 100.00
Test Epoch: 66
original feature:   Rank-1: 82.00% | Rank-5: 98.00% | Rank-10: 98.00%| Rank-20: 100.00%| mAP: 81.82%| mINP: 74.32%
feature after BN:   Rank-1: 80.00% | Rank-5: 100.00% | Rank-10: 100.00%| Rank-20: 100.00%| mAP: 80.34%| mINP: 72.00%
Best Epoch [41]
==> Preparing Data Loader...
Epoch: [67][0/37] Time: 0.569 (0.569) lr:0.000009 base_lr:0.000009Loss: 0.2096 (0.2096) iLoss: 0.0079 (0.0079) CLoss: 0.0000 (0.0000) mmd_loss: 0.3058 (0.3058) kl_loss: 0.0694 (0.0694) muloss:0.0711Accu: 100.00
Test Epoch: 67
original feature:   Rank-1: 84.00% | Rank-5: 98.00% | Rank-10: 98.00%| Rank-20: 100.00%| mAP: 82.65%| mINP: 74.97%
feature after BN:   Rank-1: 82.00% | Rank-5: 100.00% | Rank-10: 100.00%| Rank-20: 100.00%| mAP: 81.31%| mINP: 73.79%
Best Epoch [41]
==> Preparing Data Loader...
Epoch: [68][0/37] Time: 0.658 (0.658) lr:0.000009 base_lr:0.000009Loss: 0.3262 (0.3262) iLoss: 0.0074 (0.0074) CLoss: 0.0000 (0.0000) mmd_loss: 0.3667 (0.3667) kl_loss: 0.1207 (0.1207) muloss:0.1248Accu: 100.00
Test Epoch: 68
original feature:   Rank-1: 86.00% | Rank-5: 98.00% | Rank-10: 98.00%| Rank-20: 100.00%| mAP: 82.79%| mINP: 74.30%
feature after BN:   Rank-1: 82.00% | Rank-5: 100.00% | Rank-10: 100.00%| Rank-20: 100.00%| mAP: 81.72%| mINP: 74.20%
Best Epoch [41]
==> Preparing Data Loader...
Epoch: [69][0/37] Time: 0.599 (0.599) lr:0.000009 base_lr:0.000009Loss: 0.2635 (0.2635) iLoss: 0.0079 (0.0079) CLoss: 0.0000 (0.0000) mmd_loss: 0.3302 (0.3302) kl_loss: 0.0733 (0.0733) muloss:0.1162Accu: 100.00
Test Epoch: 69
original feature:   Rank-1: 82.00% | Rank-5: 98.00% | Rank-10: 98.00%| Rank-20: 100.00%| mAP: 81.90%| mINP: 74.48%
feature after BN:   Rank-1: 82.00% | Rank-5: 100.00% | Rank-10: 100.00%| Rank-20: 100.00%| mAP: 82.39%| mINP: 75.45%
Best Epoch [41]
==> Preparing Data Loader...
Epoch: [70][0/37] Time: 0.563 (0.563) lr:0.000009 base_lr:0.000009Loss: 0.2530 (0.2530) iLoss: 0.0097 (0.0097) CLoss: 0.0007 (0.0007) mmd_loss: 0.3518 (0.3518) kl_loss: 0.0726 (0.0726) muloss:0.0996Accu: 100.00
Test Epoch: 70
original feature:   Rank-1: 84.00% | Rank-5: 98.00% | Rank-10: 98.00%| Rank-20: 100.00%| mAP: 83.33%| mINP: 75.98%
feature after BN:   Rank-1: 82.00% | Rank-5: 100.00% | Rank-10: 100.00%| Rank-20: 100.00%| mAP: 81.58%| mINP: 73.66%
Best Epoch [41]
==> Preparing Data Loader...
Epoch: [71][0/37] Time: 0.595 (0.595) lr:0.000009 base_lr:0.000009Loss: 0.3435 (0.3435) iLoss: 0.0225 (0.0225) CLoss: 0.0000 (0.0000) mmd_loss: 0.3301 (0.3301) kl_loss: 0.0785 (0.0785) muloss:0.1765Accu: 100.00
Test Epoch: 71
original feature:   Rank-1: 82.00% | Rank-5: 98.00% | Rank-10: 98.00%| Rank-20: 100.00%| mAP: 81.80%| mINP: 73.93%
feature after BN:   Rank-1: 80.00% | Rank-5: 100.00% | Rank-10: 100.00%| Rank-20: 100.00%| mAP: 80.15%| mINP: 72.24%
Best Epoch [41]
==> Preparing Data Loader...
Epoch: [72][0/37] Time: 0.585 (0.585) lr:0.000009 base_lr:0.000009Loss: 0.7724 (0.7724) iLoss: 0.0458 (0.0458) CLoss: 0.0001 (0.0001) mmd_loss: 0.3894 (0.3894) kl_loss: 0.1897 (0.1897) muloss:0.4590Accu: 100.00
Test Epoch: 72
original feature:   Rank-1: 82.00% | Rank-5: 98.00% | Rank-10: 98.00%| Rank-20: 100.00%| mAP: 81.74%| mINP: 74.18%
feature after BN:   Rank-1: 82.00% | Rank-5: 100.00% | Rank-10: 100.00%| Rank-20: 100.00%| mAP: 81.43%| mINP: 73.88%
Best Epoch [41]
==> Preparing Data Loader...
Epoch: [73][0/37] Time: 0.578 (0.578) lr:0.000009 base_lr:0.000009Loss: 0.3607 (0.3607) iLoss: 0.0162 (0.0162) CLoss: 0.0000 (0.0000) mmd_loss: 0.3250 (0.3250) kl_loss: 0.1561 (0.1561) muloss:0.1233Accu: 100.00
Test Epoch: 73
original feature:   Rank-1: 80.00% | Rank-5: 98.00% | Rank-10: 98.00%| Rank-20: 100.00%| mAP: 81.07%| mINP: 74.12%
feature after BN:   Rank-1: 80.00% | Rank-5: 100.00% | Rank-10: 100.00%| Rank-20: 100.00%| mAP: 81.37%| mINP: 74.84%
Best Epoch [41]
==> Preparing Data Loader...
Epoch: [74][0/37] Time: 0.594 (0.594) lr:0.000009 base_lr:0.000009Loss: 0.3533 (0.3533) iLoss: 0.0109 (0.0109) CLoss: 0.0000 (0.0000) mmd_loss: 0.3365 (0.3365) kl_loss: 0.0731 (0.0731) muloss:0.2019Accu: 100.00
Test Epoch: 74
original feature:   Rank-1: 82.00% | Rank-5: 98.00% | Rank-10: 100.00%| Rank-20: 100.00%| mAP: 81.83%| mINP: 74.63%
feature after BN:   Rank-1: 80.00% | Rank-5: 100.00% | Rank-10: 100.00%| Rank-20: 100.00%| mAP: 80.69%| mINP: 73.72%
Best Epoch [41]
==> Preparing Data Loader...
Epoch: [75][0/37] Time: 0.573 (0.573) lr:0.000009 base_lr:0.000009Loss: 0.2849 (0.2849) iLoss: 0.0083 (0.0083) CLoss: 0.0000 (0.0000) mmd_loss: 0.3136 (0.3136) kl_loss: 0.0929 (0.0929) muloss:0.1211Accu: 100.00
Test Epoch: 75
original feature:   Rank-1: 84.00% | Rank-5: 98.00% | Rank-10: 100.00%| Rank-20: 100.00%| mAP: 82.48%| mINP: 74.59%
feature after BN:   Rank-1: 82.00% | Rank-5: 100.00% | Rank-10: 100.00%| Rank-20: 100.00%| mAP: 81.46%| mINP: 74.02%
Best Epoch [41]
==> Preparing Data Loader...
Epoch: [76][0/37] Time: 0.667 (0.667) lr:0.000009 base_lr:0.000009Loss: 0.4142 (0.4142) iLoss: 0.0080 (0.0080) CLoss: 0.0000 (0.0000) mmd_loss: 0.3149 (0.3149) kl_loss: 0.1478 (0.1478) muloss:0.1954Accu: 100.00
Test Epoch: 76
original feature:   Rank-1: 84.00% | Rank-5: 98.00% | Rank-10: 98.00%| Rank-20: 100.00%| mAP: 82.56%| mINP: 74.45%
feature after BN:   Rank-1: 82.00% | Rank-5: 100.00% | Rank-10: 100.00%| Rank-20: 100.00%| mAP: 80.67%| mINP: 71.84%
Best Epoch [41]
==> Preparing Data Loader...
Epoch: [77][0/37] Time: 0.596 (0.596) lr:0.000009 base_lr:0.000009Loss: 0.3544 (0.3544) iLoss: 0.0072 (0.0072) CLoss: 0.0000 (0.0000) mmd_loss: 0.3229 (0.3229) kl_loss: 0.1291 (0.1291) muloss:0.1535Accu: 100.00
Test Epoch: 77
original feature:   Rank-1: 82.00% | Rank-5: 98.00% | Rank-10: 100.00%| Rank-20: 100.00%| mAP: 82.15%| mINP: 74.88%
feature after BN:   Rank-1: 78.00% | Rank-5: 100.00% | Rank-10: 100.00%| Rank-20: 100.00%| mAP: 79.16%| mINP: 71.76%
Best Epoch [41]
==> Preparing Data Loader...
Epoch: [78][0/37] Time: 0.560 (0.560) lr:0.000009 base_lr:0.000009Loss: 0.2566 (0.2566) iLoss: 0.0148 (0.0148) CLoss: 0.0029 (0.0029) mmd_loss: 0.3241 (0.3241) kl_loss: 0.0501 (0.0501) muloss:0.1239Accu: 100.00
Test Epoch: 78
original feature:   Rank-1: 84.00% | Rank-5: 98.00% | Rank-10: 100.00%| Rank-20: 100.00%| mAP: 81.93%| mINP: 73.48%
feature after BN:   Rank-1: 78.00% | Rank-5: 100.00% | Rank-10: 100.00%| Rank-20: 100.00%| mAP: 80.23%| mINP: 73.47%
Best Epoch [41]
==> Preparing Data Loader...
Epoch: [79][0/37] Time: 0.591 (0.591) lr:0.000009 base_lr:0.000009Loss: 0.2262 (0.2262) iLoss: 0.0041 (0.0041) CLoss: 0.0000 (0.0000) mmd_loss: 0.2794 (0.2794) kl_loss: 0.0703 (0.0703) muloss:0.0959Accu: 100.00
Test Epoch: 79
original feature:   Rank-1: 84.00% | Rank-5: 98.00% | Rank-10: 100.00%| Rank-20: 100.00%| mAP: 82.28%| mINP: 73.84%
feature after BN:   Rank-1: 82.00% | Rank-5: 100.00% | Rank-10: 100.00%| Rank-20: 100.00%| mAP: 81.73%| mINP: 74.39%
Best Epoch [41]
==> Preparing Data Loader...
Epoch: [80][0/37] Time: 0.569 (0.569) lr:0.000001 base_lr:0.000001Loss: 0.5186 (0.5186) iLoss: 0.0077 (0.0077) CLoss: 0.0000 (0.0000) mmd_loss: 0.3415 (0.3415) kl_loss: 0.1787 (0.1787) muloss:0.2639Accu: 100.00
Test Epoch: 80
original feature:   Rank-1: 84.00% | Rank-5: 98.00% | Rank-10: 100.00%| Rank-20: 100.00%| mAP: 82.67%| mINP: 74.65%
feature after BN:   Rank-1: 82.00% | Rank-5: 100.00% | Rank-10: 100.00%| Rank-20: 100.00%| mAP: 81.18%| mINP: 73.02%
Best Epoch [41]
==> Preparing Data Loader...
Epoch: [81][0/37] Time: 0.611 (0.611) lr:0.000001 base_lr:0.000001Loss: 0.2031 (0.2031) iLoss: 0.0068 (0.0068) CLoss: 0.0000 (0.0000) mmd_loss: 0.2953 (0.2953) kl_loss: 0.0546 (0.0546) muloss:0.0826Accu: 100.00
Test Epoch: 81
original feature:   Rank-1: 84.00% | Rank-5: 98.00% | Rank-10: 98.00%| Rank-20: 100.00%| mAP: 82.13%| mINP: 73.62%
feature after BN:   Rank-1: 82.00% | Rank-5: 100.00% | Rank-10: 100.00%| Rank-20: 100.00%| mAP: 81.05%| mINP: 73.11%
Best Epoch [41]
==> Preparing Data Loader...
Epoch: [82][0/37] Time: 0.570 (0.570) lr:0.000001 base_lr:0.000001Loss: 0.3425 (0.3425) iLoss: 0.0056 (0.0056) CLoss: 0.0000 (0.0000) mmd_loss: 0.2858 (0.2858) kl_loss: 0.0744 (0.0744) muloss:0.2054Accu: 100.00
Test Epoch: 82
original feature:   Rank-1: 82.00% | Rank-5: 98.00% | Rank-10: 100.00%| Rank-20: 100.00%| mAP: 82.25%| mINP: 75.12%
feature after BN:   Rank-1: 80.00% | Rank-5: 100.00% | Rank-10: 100.00%| Rank-20: 100.00%| mAP: 80.67%| mINP: 72.68%
Best Epoch [41]
==> Preparing Data Loader...
Epoch: [83][0/37] Time: 0.577 (0.577) lr:0.000001 base_lr:0.000001Loss: 0.4759 (0.4759) iLoss: 0.0117 (0.0117) CLoss: 0.0000 (0.0000) mmd_loss: 0.3555 (0.3555) kl_loss: 0.1279 (0.1279) muloss:0.2652Accu: 100.00
Test Epoch: 83
original feature:   Rank-1: 82.00% | Rank-5: 98.00% | Rank-10: 100.00%| Rank-20: 100.00%| mAP: 82.13%| mINP: 74.87%
feature after BN:   Rank-1: 82.00% | Rank-5: 100.00% | Rank-10: 100.00%| Rank-20: 100.00%| mAP: 81.69%| mINP: 74.55%
Best Epoch [41]
==> Preparing Data Loader...
Epoch: [84][0/37] Time: 0.578 (0.578) lr:0.000001 base_lr:0.000001Loss: 0.4161 (0.4161) iLoss: 0.0161 (0.0161) CLoss: 0.0000 (0.0000) mmd_loss: 0.2847 (0.2847) kl_loss: 0.1152 (0.1152) muloss:0.2279Accu: 100.00
Test Epoch: 84
original feature:   Rank-1: 82.00% | Rank-5: 98.00% | Rank-10: 100.00%| Rank-20: 100.00%| mAP: 82.32%| mINP: 75.22%
feature after BN:   Rank-1: 82.00% | Rank-5: 100.00% | Rank-10: 100.00%| Rank-20: 100.00%| mAP: 81.69%| mINP: 74.37%
Best Epoch [41]
==> Preparing Data Loader...
Epoch: [85][0/37] Time: 0.595 (0.595) lr:0.000001 base_lr:0.000001Loss: 0.3199 (0.3199) iLoss: 0.0145 (0.0145) CLoss: 0.0000 (0.0000) mmd_loss: 0.3562 (0.3562) kl_loss: 0.0976 (0.0976) muloss:0.1365Accu: 100.00
Test Epoch: 85
original feature:   Rank-1: 82.00% | Rank-5: 98.00% | Rank-10: 100.00%| Rank-20: 100.00%| mAP: 81.60%| mINP: 73.49%
feature after BN:   Rank-1: 82.00% | Rank-5: 100.00% | Rank-10: 100.00%| Rank-20: 100.00%| mAP: 81.02%| mINP: 73.04%
Best Epoch [41]
==> Preparing Data Loader...
Epoch: [86][0/37] Time: 0.573 (0.573) lr:0.000001 base_lr:0.000001Loss: 0.3224 (0.3224) iLoss: 0.0071 (0.0071) CLoss: 0.0000 (0.0000) mmd_loss: 0.3285 (0.3285) kl_loss: 0.0887 (0.0887) muloss:0.1610Accu: 100.00
Test Epoch: 86
original feature:   Rank-1: 80.00% | Rank-5: 98.00% | Rank-10: 100.00%| Rank-20: 100.00%| mAP: 81.20%| mINP: 74.37%
feature after BN:   Rank-1: 82.00% | Rank-5: 100.00% | Rank-10: 100.00%| Rank-20: 100.00%| mAP: 80.49%| mINP: 72.14%
Best Epoch [41]
==> Preparing Data Loader...
Epoch: [87][0/37] Time: 0.588 (0.588) lr:0.000001 base_lr:0.000001Loss: 0.1615 (0.1615) iLoss: 0.0140 (0.0140) CLoss: 0.0000 (0.0000) mmd_loss: 0.3393 (0.3393) kl_loss: 0.0392 (0.0392) muloss:0.0404Accu: 100.00
Test Epoch: 87
original feature:   Rank-1: 82.00% | Rank-5: 98.00% | Rank-10: 100.00%| Rank-20: 100.00%| mAP: 81.82%| mINP: 73.94%
feature after BN:   Rank-1: 82.00% | Rank-5: 100.00% | Rank-10: 100.00%| Rank-20: 100.00%| mAP: 81.10%| mINP: 73.21%
Best Epoch [41]
==> Preparing Data Loader...
Epoch: [88][0/37] Time: 0.567 (0.567) lr:0.000001 base_lr:0.000001Loss: 0.4584 (0.4584) iLoss: 0.0077 (0.0077) CLoss: 0.0000 (0.0000) mmd_loss: 0.3719 (0.3719) kl_loss: 0.1751 (0.1751) muloss:0.2012Accu: 100.00
Test Epoch: 88
original feature:   Rank-1: 86.00% | Rank-5: 98.00% | Rank-10: 100.00%| Rank-20: 100.00%| mAP: 83.06%| mINP: 74.40%
feature after BN:   Rank-1: 84.00% | Rank-5: 100.00% | Rank-10: 100.00%| Rank-20: 100.00%| mAP: 82.23%| mINP: 73.96%
Best Epoch [41]
==> Preparing Data Loader...
Epoch: [89][0/37] Time: 0.623 (0.623) lr:0.000001 base_lr:0.000001Loss: 0.3189 (0.3189) iLoss: 0.0049 (0.0049) CLoss: 0.0000 (0.0000) mmd_loss: 0.3158 (0.3158) kl_loss: 0.1063 (0.1063) muloss:0.1446Accu: 100.00
Test Epoch: 89
original feature:   Rank-1: 88.00% | Rank-5: 98.00% | Rank-10: 100.00%| Rank-20: 100.00%| mAP: 83.76%| mINP: 74.80%
feature after BN:   Rank-1: 84.00% | Rank-5: 100.00% | Rank-10: 100.00%| Rank-20: 100.00%| mAP: 82.40%| mINP: 74.64%
Best Epoch [41]
==> Preparing Data Loader...
Epoch: [90][0/37] Time: 0.580 (0.580) lr:0.000001 base_lr:0.000001Loss: 0.3188 (0.3188) iLoss: 0.0143 (0.0143) CLoss: 0.0000 (0.0000) mmd_loss: 0.2873 (0.2873) kl_loss: 0.0717 (0.0717) muloss:0.1754Accu: 100.00
Test Epoch: 90
original feature:   Rank-1: 84.00% | Rank-5: 98.00% | Rank-10: 98.00%| Rank-20: 100.00%| mAP: 81.88%| mINP: 73.10%
feature after BN:   Rank-1: 82.00% | Rank-5: 100.00% | Rank-10: 100.00%| Rank-20: 100.00%| mAP: 82.14%| mINP: 75.04%
Best Epoch [41]
==> Preparing Data Loader...
Epoch: [91][0/37] Time: 0.736 (0.736) lr:0.000001 base_lr:0.000001Loss: 0.4340 (0.4340) iLoss: 0.0116 (0.0116) CLoss: 0.0000 (0.0000) mmd_loss: 0.3050 (0.3050) kl_loss: 0.1365 (0.1365) muloss:0.2250Accu: 100.00
Test Epoch: 91
original feature:   Rank-1: 82.00% | Rank-5: 98.00% | Rank-10: 98.00%| Rank-20: 100.00%| mAP: 81.93%| mINP: 74.53%
feature after BN:   Rank-1: 80.00% | Rank-5: 100.00% | Rank-10: 100.00%| Rank-20: 100.00%| mAP: 80.12%| mINP: 72.18%
Best Epoch [41]
==> Preparing Data Loader...
Epoch: [92][0/37] Time: 0.576 (0.576) lr:0.000001 base_lr:0.000001Loss: 0.3391 (0.3391) iLoss: 0.0153 (0.0153) CLoss: 0.0000 (0.0000) mmd_loss: 0.3487 (0.3487) kl_loss: 0.0918 (0.0918) muloss:0.1622Accu: 100.00
Test Epoch: 92
original feature:   Rank-1: 84.00% | Rank-5: 98.00% | Rank-10: 100.00%| Rank-20: 100.00%| mAP: 82.91%| mINP: 75.44%
feature after BN:   Rank-1: 82.00% | Rank-5: 100.00% | Rank-10: 100.00%| Rank-20: 100.00%| mAP: 80.72%| mINP: 72.11%
Best Epoch [41]
==> Preparing Data Loader...
Epoch: [93][0/37] Time: 0.600 (0.600) lr:0.000001 base_lr:0.000001Loss: 0.3543 (0.3543) iLoss: 0.0059 (0.0059) CLoss: 0.0000 (0.0000) mmd_loss: 0.3180 (0.3180) kl_loss: 0.0799 (0.0799) muloss:0.2049Accu: 100.00
Test Epoch: 93
original feature:   Rank-1: 86.00% | Rank-5: 98.00% | Rank-10: 100.00%| Rank-20: 100.00%| mAP: 83.21%| mINP: 75.04%
feature after BN:   Rank-1: 80.00% | Rank-5: 100.00% | Rank-10: 100.00%| Rank-20: 100.00%| mAP: 80.42%| mINP: 72.51%
Best Epoch [41]
==> Preparing Data Loader...
Epoch: [94][0/37] Time: 0.606 (0.606) lr:0.000001 base_lr:0.000001Loss: 0.4573 (0.4573) iLoss: 0.0166 (0.0166) CLoss: 0.0000 (0.0000) mmd_loss: 0.3276 (0.3276) kl_loss: 0.1190 (0.1190) muloss:0.2562Accu: 100.00
Test Epoch: 94
original feature:   Rank-1: 84.00% | Rank-5: 98.00% | Rank-10: 100.00%| Rank-20: 100.00%| mAP: 82.55%| mINP: 74.37%
feature after BN:   Rank-1: 82.00% | Rank-5: 100.00% | Rank-10: 100.00%| Rank-20: 100.00%| mAP: 81.82%| mINP: 74.14%
Best Epoch [41]
==> Preparing Data Loader...
Epoch: [95][0/37] Time: 0.572 (0.572) lr:0.000001 base_lr:0.000001Loss: 0.4581 (0.4581) iLoss: 0.0174 (0.0174) CLoss: 0.0000 (0.0000) mmd_loss: 0.3721 (0.3721) kl_loss: 0.1122 (0.1122) muloss:0.2541Accu: 100.00
Test Epoch: 95
original feature:   Rank-1: 84.00% | Rank-5: 98.00% | Rank-10: 100.00%| Rank-20: 100.00%| mAP: 82.38%| mINP: 74.06%
feature after BN:   Rank-1: 84.00% | Rank-5: 100.00% | Rank-10: 100.00%| Rank-20: 100.00%| mAP: 81.34%| mINP: 72.51%
Best Epoch [41]
==> Preparing Data Loader...
Epoch: [96][0/37] Time: 0.570 (0.570) lr:0.000001 base_lr:0.000001Loss: 0.2858 (0.2858) iLoss: 0.0056 (0.0056) CLoss: 0.0000 (0.0000) mmd_loss: 0.2936 (0.2936) kl_loss: 0.0753 (0.0753) muloss:0.1461Accu: 100.00
Test Epoch: 96
original feature:   Rank-1: 82.00% | Rank-5: 98.00% | Rank-10: 100.00%| Rank-20: 100.00%| mAP: 81.55%| mINP: 74.07%
feature after BN:   Rank-1: 80.00% | Rank-5: 100.00% | Rank-10: 100.00%| Rank-20: 100.00%| mAP: 80.89%| mINP: 73.77%
Best Epoch [41]
==> Preparing Data Loader...
Epoch: [97][0/37] Time: 0.594 (0.594) lr:0.000001 base_lr:0.000001Loss: 0.3260 (0.3260) iLoss: 0.0063 (0.0063) CLoss: 0.0000 (0.0000) mmd_loss: 0.2821 (0.2821) kl_loss: 0.0809 (0.0809) muloss:0.1824Accu: 100.00
Test Epoch: 97
original feature:   Rank-1: 84.00% | Rank-5: 98.00% | Rank-10: 100.00%| Rank-20: 100.00%| mAP: 82.98%| mINP: 75.12%
feature after BN:   Rank-1: 80.00% | Rank-5: 100.00% | Rank-10: 100.00%| Rank-20: 100.00%| mAP: 81.08%| mINP: 73.66%
Best Epoch [41]
==> Preparing Data Loader...
Epoch: [98][0/37] Time: 0.566 (0.566) lr:0.000001 base_lr:0.000001Loss: 0.1157 (0.1157) iLoss: 0.0055 (0.0055) CLoss: 0.0000 (0.0000) mmd_loss: 0.3041 (0.3041) kl_loss: 0.0241 (0.0241) muloss:0.0252Accu: 100.00
Test Epoch: 98
original feature:   Rank-1: 80.00% | Rank-5: 98.00% | Rank-10: 98.00%| Rank-20: 100.00%| mAP: 81.42%| mINP: 74.18%
feature after BN:   Rank-1: 82.00% | Rank-5: 100.00% | Rank-10: 100.00%| Rank-20: 100.00%| mAP: 82.38%| mINP: 75.44%
Best Epoch [41]
==> Preparing Data Loader...
Epoch: [99][0/37] Time: 0.576 (0.576) lr:0.000001 base_lr:0.000001Loss: 0.5081 (0.5081) iLoss: 0.0082 (0.0082) CLoss: 0.0000 (0.0000) mmd_loss: 0.3410 (0.3410) kl_loss: 0.1906 (0.1906) muloss:0.2411Accu: 100.00
Test Epoch: 99
original feature:   Rank-1: 84.00% | Rank-5: 98.00% | Rank-10: 98.00%| Rank-20: 100.00%| mAP: 82.98%| mINP: 75.29%
feature after BN:   Rank-1: 80.00% | Rank-5: 100.00% | Rank-10: 100.00%| Rank-20: 100.00%| mAP: 80.57%| mINP: 73.13%
Best Epoch [41]
