==========
Args:Namespace(augc=0, batch_size=8, dataset='pku', decay_step=16, dim=2048, gpu='0,1,2,3', img_h=288, img_w=144, log_path='log/', lr=0.009, margin=0.5, max_epoch=100, mode='all', model_path='save_model/', noticed='pku-sketchlr0009_AdamW_weightdecay002_test7', num_pos=1, pool_dim=2048, rande=0, rerank='no', save_epoch=1000, seed=23, test_batch=8, trial=1, warm_up_epoch=8, workers=4)
==========
==> Loading data..
data init success!
==> Building model..
==> Building success!..
==> Start Training...
==> Preparing Data Loader...
Epoch: [0][0/37] Time: 3.500 (3.500) lr:0.000112 base_lr:0.000011Loss: 14.4726 (14.4726) iLoss: 5.0369 (5.0369) CLoss: 3.7497 (3.7497) mmd_loss: 1.3678 (1.3678) kl_loss: 0.3419 (0.3419) muloss:5.0706Accu: 0.00
Test Epoch: 0
original feature:   Rank-1: 10.00% | Rank-5: 40.00% | Rank-10: 56.00%| Rank-20: 68.00%| mAP: 15.23%| mINP: 7.60%
feature after BN:   Rank-1: 14.00% | Rank-5: 38.00% | Rank-10: 44.00%| Rank-20: 60.00%| mAP: 19.68%| mINP: 14.09%
Best Epoch [0]
==> Preparing Data Loader...
Epoch: [1][0/37] Time: 0.590 (0.590) lr:0.000225 base_lr:0.000023Loss: 13.4746 (13.4746) iLoss: 4.9839 (4.9839) CLoss: 2.9974 (2.9974) mmd_loss: 1.1187 (1.1187) kl_loss: 0.3287 (0.3287) muloss:4.9409Accu: 0.00
Test Epoch: 1
original feature:   Rank-1: 14.00% | Rank-5: 38.00% | Rank-10: 60.00%| Rank-20: 74.00%| mAP: 19.02%| mINP: 10.59%
feature after BN:   Rank-1: 22.00% | Rank-5: 40.00% | Rank-10: 52.00%| Rank-20: 70.00%| mAP: 24.21%| mINP: 15.34%
Best Epoch [1]
==> Preparing Data Loader...
Epoch: [2][0/37] Time: 0.596 (0.596) lr:0.000338 base_lr:0.000034Loss: 12.1295 (12.1295) iLoss: 4.8894 (4.8894) CLoss: 2.1136 (2.1136) mmd_loss: 0.9136 (0.9136) kl_loss: 0.3303 (0.3303) muloss:4.6135Accu: 25.00
Test Epoch: 2
original feature:   Rank-1: 28.00% | Rank-5: 52.00% | Rank-10: 72.00%| Rank-20: 84.00%| mAP: 30.85%| mINP: 20.00%
feature after BN:   Rank-1: 22.00% | Rank-5: 52.00% | Rank-10: 64.00%| Rank-20: 88.00%| mAP: 30.06%| mINP: 23.36%
Best Epoch [2]
==> Preparing Data Loader...
Epoch: [3][0/37] Time: 0.609 (0.609) lr:0.000450 base_lr:0.000045Loss: 10.5588 (10.5588) iLoss: 4.6693 (4.6693) CLoss: 1.2845 (1.2845) mmd_loss: 0.8126 (0.8126) kl_loss: 0.3400 (0.3400) muloss:4.1025Accu: 25.00
Test Epoch: 3
original feature:   Rank-1: 36.00% | Rank-5: 62.00% | Rank-10: 80.00%| Rank-20: 94.00%| mAP: 37.96%| mINP: 28.67%
feature after BN:   Rank-1: 38.00% | Rank-5: 56.00% | Rank-10: 76.00%| Rank-20: 86.00%| mAP: 38.46%| mINP: 28.95%
Best Epoch [3]
==> Preparing Data Loader...
Epoch: [4][0/37] Time: 0.648 (0.648) lr:0.000562 base_lr:0.000056Loss: 8.7423 (8.7423) iLoss: 4.3922 (4.3922) CLoss: 0.4904 (0.4904) mmd_loss: 0.6041 (0.6041) kl_loss: 0.3704 (0.3704) muloss:3.3685Accu: 50.00
Test Epoch: 4
original feature:   Rank-1: 36.00% | Rank-5: 70.00% | Rank-10: 94.00%| Rank-20: 96.00%| mAP: 45.29%| mINP: 37.98%
feature after BN:   Rank-1: 42.00% | Rank-5: 70.00% | Rank-10: 86.00%| Rank-20: 94.00%| mAP: 45.43%| mINP: 35.98%
Best Epoch [4]
==> Preparing Data Loader...
Epoch: [5][0/37] Time: 0.674 (0.674) lr:0.000675 base_lr:0.000068Loss: 6.9367 (6.9367) iLoss: 3.8358 (3.8358) CLoss: 0.1215 (0.1215) mmd_loss: 0.4898 (0.4898) kl_loss: 0.4569 (0.4569) muloss:2.4245Accu: 12.50
Test Epoch: 5
original feature:   Rank-1: 42.00% | Rank-5: 76.00% | Rank-10: 94.00%| Rank-20: 98.00%| mAP: 47.32%| mINP: 39.34%
feature after BN:   Rank-1: 40.00% | Rank-5: 74.00% | Rank-10: 86.00%| Rank-20: 92.00%| mAP: 46.38%| mINP: 38.69%
Best Epoch [4]
==> Preparing Data Loader...
Epoch: [6][0/37] Time: 0.671 (0.671) lr:0.000788 base_lr:0.000079Loss: 6.7047 (6.7047) iLoss: 3.6279 (3.6279) CLoss: 0.0896 (0.0896) mmd_loss: 0.5446 (0.5446) kl_loss: 0.6551 (0.6551) muloss:2.2232Accu: 31.25
Test Epoch: 6
original feature:   Rank-1: 48.00% | Rank-5: 76.00% | Rank-10: 98.00%| Rank-20: 100.00%| mAP: 51.92%| mINP: 43.81%
feature after BN:   Rank-1: 44.00% | Rank-5: 76.00% | Rank-10: 94.00%| Rank-20: 96.00%| mAP: 52.40%| mINP: 44.87%
Best Epoch [6]
==> Preparing Data Loader...
Epoch: [7][0/37] Time: 0.650 (0.650) lr:0.000900 base_lr:0.000090Loss: 5.9367 (5.9367) iLoss: 3.1763 (3.1763) CLoss: 0.0780 (0.0780) mmd_loss: 0.4969 (0.4969) kl_loss: 0.5796 (0.5796) muloss:2.0035Accu: 43.75
Test Epoch: 7
original feature:   Rank-1: 52.00% | Rank-5: 80.00% | Rank-10: 96.00%| Rank-20: 100.00%| mAP: 55.92%| mINP: 46.44%
feature after BN:   Rank-1: 46.00% | Rank-5: 82.00% | Rank-10: 94.00%| Rank-20: 100.00%| mAP: 52.75%| mINP: 42.90%
Best Epoch [7]
==> Preparing Data Loader...
Epoch: [8][0/37] Time: 0.662 (0.662) lr:0.000900 base_lr:0.000090Loss: 4.3450 (4.3450) iLoss: 1.8664 (1.8664) CLoss: 0.0230 (0.0230) mmd_loss: 0.4329 (0.4329) kl_loss: 0.6947 (0.6947) muloss:1.6743Accu: 87.50
Test Epoch: 8
original feature:   Rank-1: 52.00% | Rank-5: 84.00% | Rank-10: 96.00%| Rank-20: 100.00%| mAP: 55.16%| mINP: 45.46%
feature after BN:   Rank-1: 44.00% | Rank-5: 84.00% | Rank-10: 96.00%| Rank-20: 98.00%| mAP: 52.50%| mINP: 44.35%
Best Epoch [7]
==> Preparing Data Loader...
Epoch: [9][0/37] Time: 0.680 (0.680) lr:0.000899 base_lr:0.000090Loss: 3.6869 (3.6869) iLoss: 1.7117 (1.7117) CLoss: 0.0344 (0.0344) mmd_loss: 0.4212 (0.4212) kl_loss: 0.6754 (0.6754) muloss:1.1812Accu: 87.50
Test Epoch: 9
original feature:   Rank-1: 50.00% | Rank-5: 92.00% | Rank-10: 100.00%| Rank-20: 100.00%| mAP: 58.95%| mINP: 49.61%
feature after BN:   Rank-1: 48.00% | Rank-5: 90.00% | Rank-10: 94.00%| Rank-20: 98.00%| mAP: 57.36%| mINP: 49.98%
Best Epoch [7]
==> Preparing Data Loader...
Epoch: [10][0/37] Time: 0.672 (0.672) lr:0.000898 base_lr:0.000090Loss: 3.8257 (3.8257) iLoss: 1.6862 (1.6862) CLoss: 0.0003 (0.0003) mmd_loss: 0.4206 (0.4206) kl_loss: 0.8228 (0.8228) muloss:1.2323Accu: 62.50
Test Epoch: 10
original feature:   Rank-1: 54.00% | Rank-5: 88.00% | Rank-10: 100.00%| Rank-20: 100.00%| mAP: 62.47%| mINP: 54.72%
feature after BN:   Rank-1: 56.00% | Rank-5: 92.00% | Rank-10: 94.00%| Rank-20: 98.00%| mAP: 61.82%| mINP: 53.94%
Best Epoch [10]
==> Preparing Data Loader...
Epoch: [11][0/37] Time: 0.636 (0.636) lr:0.000896 base_lr:0.000090Loss: 3.1900 (3.1900) iLoss: 1.0236 (1.0236) CLoss: 0.0000 (0.0000) mmd_loss: 0.4361 (0.4361) kl_loss: 0.7000 (0.7000) muloss:1.3792Accu: 100.00
Test Epoch: 11
original feature:   Rank-1: 52.00% | Rank-5: 92.00% | Rank-10: 100.00%| Rank-20: 100.00%| mAP: 60.63%| mINP: 52.27%
feature after BN:   Rank-1: 52.00% | Rank-5: 92.00% | Rank-10: 98.00%| Rank-20: 100.00%| mAP: 58.59%| mINP: 49.63%
Best Epoch [10]
==> Preparing Data Loader...
Epoch: [12][0/37] Time: 0.680 (0.680) lr:0.000893 base_lr:0.000089Loss: 2.9092 (2.9092) iLoss: 0.7958 (0.7958) CLoss: 0.0074 (0.0074) mmd_loss: 0.4136 (0.4136) kl_loss: 0.6033 (0.6033) muloss:1.4200Accu: 100.00
Test Epoch: 12
original feature:   Rank-1: 60.00% | Rank-5: 84.00% | Rank-10: 96.00%| Rank-20: 100.00%| mAP: 63.47%| mINP: 54.06%
feature after BN:   Rank-1: 60.00% | Rank-5: 90.00% | Rank-10: 94.00%| Rank-20: 100.00%| mAP: 63.48%| mINP: 54.78%
Best Epoch [12]
==> Preparing Data Loader...
Epoch: [13][0/37] Time: 0.790 (0.790) lr:0.000891 base_lr:0.000089Loss: 2.1691 (2.1691) iLoss: 0.4869 (0.4869) CLoss: 0.0000 (0.0000) mmd_loss: 0.3737 (0.3737) kl_loss: 0.6273 (0.6273) muloss:0.9802Accu: 100.00
Test Epoch: 13
original feature:   Rank-1: 62.00% | Rank-5: 90.00% | Rank-10: 96.00%| Rank-20: 100.00%| mAP: 65.47%| mINP: 57.55%
feature after BN:   Rank-1: 62.00% | Rank-5: 88.00% | Rank-10: 96.00%| Rank-20: 100.00%| mAP: 64.45%| mINP: 55.30%
Best Epoch [13]
==> Preparing Data Loader...
Epoch: [14][0/37] Time: 0.652 (0.652) lr:0.000887 base_lr:0.000089Loss: 1.7202 (1.7202) iLoss: 0.2670 (0.2670) CLoss: 0.0000 (0.0000) mmd_loss: 0.3534 (0.3534) kl_loss: 0.6058 (0.6058) muloss:0.7767Accu: 100.00
Test Epoch: 14
original feature:   Rank-1: 60.00% | Rank-5: 92.00% | Rank-10: 98.00%| Rank-20: 100.00%| mAP: 65.56%| mINP: 58.15%
feature after BN:   Rank-1: 58.00% | Rank-5: 90.00% | Rank-10: 96.00%| Rank-20: 100.00%| mAP: 64.82%| mINP: 58.71%
Best Epoch [13]
==> Preparing Data Loader...
Epoch: [15][0/37] Time: 0.665 (0.665) lr:0.000883 base_lr:0.000088Loss: 1.9879 (1.9879) iLoss: 0.3929 (0.3929) CLoss: 0.0001 (0.0001) mmd_loss: 0.4162 (0.4162) kl_loss: 0.5202 (0.5202) muloss:0.9915Accu: 100.00
Test Epoch: 15
original feature:   Rank-1: 58.00% | Rank-5: 92.00% | Rank-10: 100.00%| Rank-20: 100.00%| mAP: 65.28%| mINP: 58.77%
feature after BN:   Rank-1: 60.00% | Rank-5: 90.00% | Rank-10: 96.00%| Rank-20: 100.00%| mAP: 66.24%| mINP: 61.17%
Best Epoch [13]
==> Preparing Data Loader...
Epoch: [16][0/37] Time: 0.684 (0.684) lr:0.000879 base_lr:0.000088Loss: 1.8279 (1.8279) iLoss: 0.2598 (0.2598) CLoss: 0.0000 (0.0000) mmd_loss: 0.3617 (0.3617) kl_loss: 0.4976 (0.4976) muloss:0.9982Accu: 100.00
Test Epoch: 16
original feature:   Rank-1: 56.00% | Rank-5: 92.00% | Rank-10: 98.00%| Rank-20: 100.00%| mAP: 62.27%| mINP: 55.94%
feature after BN:   Rank-1: 56.00% | Rank-5: 86.00% | Rank-10: 98.00%| Rank-20: 100.00%| mAP: 62.12%| mINP: 56.17%
Best Epoch [13]
==> Preparing Data Loader...
Epoch: [17][0/37] Time: 0.655 (0.655) lr:0.000450 base_lr:0.000450Loss: 2.0015 (2.0015) iLoss: 0.3096 (0.3096) CLoss: 0.0002 (0.0002) mmd_loss: 0.3786 (0.3786) kl_loss: 0.5845 (0.5845) muloss:1.0316Accu: 100.00
Test Epoch: 17
original feature:   Rank-1: 26.00% | Rank-5: 56.00% | Rank-10: 76.00%| Rank-20: 92.00%| mAP: 33.39%| mINP: 27.10%
feature after BN:   Rank-1: 26.00% | Rank-5: 56.00% | Rank-10: 74.00%| Rank-20: 86.00%| mAP: 33.60%| mINP: 27.28%
Best Epoch [13]
==> Preparing Data Loader...
Epoch: [18][0/37] Time: 0.661 (0.661) lr:0.000450 base_lr:0.000450Loss: 5.1671 (5.1671) iLoss: 1.2827 (1.2827) CLoss: 0.6048 (0.6048) mmd_loss: 0.8011 (0.8011) kl_loss: 0.6735 (0.6735) muloss:2.4459Accu: 75.00
Test Epoch: 18
original feature:   Rank-1: 28.00% | Rank-5: 44.00% | Rank-10: 58.00%| Rank-20: 74.00%| mAP: 26.88%| mINP: 16.70%
feature after BN:   Rank-1: 24.00% | Rank-5: 46.00% | Rank-10: 62.00%| Rank-20: 78.00%| mAP: 26.66%| mINP: 16.64%
Best Epoch [13]
==> Preparing Data Loader...
Epoch: [19][0/37] Time: 0.653 (0.653) lr:0.000450 base_lr:0.000450Loss: 9.4044 (9.4044) iLoss: 3.0833 (3.0833) CLoss: 1.5785 (1.5785) mmd_loss: 1.0478 (1.0478) kl_loss: 0.5418 (0.5418) muloss:3.9912Accu: 37.50
Test Epoch: 19
original feature:   Rank-1: 44.00% | Rank-5: 84.00% | Rank-10: 96.00%| Rank-20: 100.00%| mAP: 49.77%| mINP: 40.92%
feature after BN:   Rank-1: 46.00% | Rank-5: 90.00% | Rank-10: 94.00%| Rank-20: 100.00%| mAP: 53.79%| mINP: 43.36%
Best Epoch [13]
==> Preparing Data Loader...
Epoch: [20][0/37] Time: 0.641 (0.641) lr:0.000450 base_lr:0.000450Loss: 4.6174 (4.6174) iLoss: 1.1231 (1.1231) CLoss: 0.5181 (0.5181) mmd_loss: 0.7679 (0.7679) kl_loss: 0.6947 (0.6947) muloss:2.1280Accu: 68.75
Test Epoch: 20
original feature:   Rank-1: 56.00% | Rank-5: 86.00% | Rank-10: 96.00%| Rank-20: 98.00%| mAP: 59.26%| mINP: 49.94%
feature after BN:   Rank-1: 58.00% | Rank-5: 88.00% | Rank-10: 94.00%| Rank-20: 98.00%| mAP: 62.03%| mINP: 53.19%
Best Epoch [13]
==> Preparing Data Loader...
Epoch: [21][0/37] Time: 0.606 (0.606) lr:0.000450 base_lr:0.000450Loss: 4.2169 (4.2169) iLoss: 0.6176 (0.6176) CLoss: 0.0642 (0.0642) mmd_loss: 0.6236 (0.6236) kl_loss: 0.8414 (0.8414) muloss:2.5690Accu: 75.00
Test Epoch: 21
original feature:   Rank-1: 60.00% | Rank-5: 84.00% | Rank-10: 90.00%| Rank-20: 92.00%| mAP: 57.55%| mINP: 44.60%
feature after BN:   Rank-1: 60.00% | Rank-5: 88.00% | Rank-10: 94.00%| Rank-20: 94.00%| mAP: 58.41%| mINP: 45.16%
Best Epoch [13]
==> Preparing Data Loader...
Epoch: [22][0/37] Time: 0.661 (0.661) lr:0.000450 base_lr:0.000450Loss: 3.0575 (3.0575) iLoss: 0.3000 (0.3000) CLoss: 0.1252 (0.1252) mmd_loss: 0.6411 (0.6411) kl_loss: 0.7990 (0.7990) muloss:1.7051Accu: 93.75
Test Epoch: 22
original feature:   Rank-1: 48.00% | Rank-5: 88.00% | Rank-10: 92.00%| Rank-20: 100.00%| mAP: 54.56%| mINP: 43.66%
feature after BN:   Rank-1: 62.00% | Rank-5: 88.00% | Rank-10: 96.00%| Rank-20: 98.00%| mAP: 61.13%| mINP: 49.65%
Best Epoch [13]
==> Preparing Data Loader...
Epoch: [23][0/37] Time: 0.684 (0.684) lr:0.000450 base_lr:0.000450Loss: 4.2121 (4.2121) iLoss: 0.6515 (0.6515) CLoss: 0.1440 (0.1440) mmd_loss: 0.5782 (0.5782) kl_loss: 1.4563 (1.4563) muloss:1.8447Accu: 87.50
Test Epoch: 23
original feature:   Rank-1: 62.00% | Rank-5: 90.00% | Rank-10: 92.00%| Rank-20: 100.00%| mAP: 59.69%| mINP: 45.58%
feature after BN:   Rank-1: 66.00% | Rank-5: 92.00% | Rank-10: 98.00%| Rank-20: 100.00%| mAP: 67.74%| mINP: 57.40%
Best Epoch [23]
==> Preparing Data Loader...
Epoch: [24][0/37] Time: 0.653 (0.653) lr:0.000450 base_lr:0.000450Loss: 2.1818 (2.1818) iLoss: 0.0598 (0.0598) CLoss: 0.0482 (0.0482) mmd_loss: 0.6756 (0.6756) kl_loss: 0.9433 (0.9433) muloss:0.9954Accu: 100.00
Test Epoch: 24
original feature:   Rank-1: 66.00% | Rank-5: 88.00% | Rank-10: 94.00%| Rank-20: 96.00%| mAP: 64.79%| mINP: 54.27%
feature after BN:   Rank-1: 62.00% | Rank-5: 90.00% | Rank-10: 96.00%| Rank-20: 96.00%| mAP: 65.11%| mINP: 56.47%
Best Epoch [23]
==> Preparing Data Loader...
Epoch: [25][0/37] Time: 0.629 (0.629) lr:0.000225 base_lr:0.000225Loss: 1.6606 (1.6606) iLoss: 0.1954 (0.1954) CLoss: 0.0130 (0.0130) mmd_loss: 0.5698 (0.5698) kl_loss: 0.5924 (0.5924) muloss:0.7459Accu: 93.75
Test Epoch: 25
original feature:   Rank-1: 78.00% | Rank-5: 94.00% | Rank-10: 98.00%| Rank-20: 100.00%| mAP: 74.16%| mINP: 63.83%
feature after BN:   Rank-1: 78.00% | Rank-5: 94.00% | Rank-10: 98.00%| Rank-20: 98.00%| mAP: 76.01%| mINP: 67.37%
Best Epoch [25]
==> Preparing Data Loader...
Epoch: [26][0/37] Time: 0.711 (0.711) lr:0.000225 base_lr:0.000225Loss: 1.3145 (1.3145) iLoss: 0.1606 (0.1606) CLoss: 0.0079 (0.0079) mmd_loss: 0.5138 (0.5138) kl_loss: 0.4590 (0.4590) muloss:0.5843Accu: 100.00
Test Epoch: 26
original feature:   Rank-1: 72.00% | Rank-5: 94.00% | Rank-10: 98.00%| Rank-20: 100.00%| mAP: 73.19%| mINP: 64.31%
feature after BN:   Rank-1: 82.00% | Rank-5: 94.00% | Rank-10: 96.00%| Rank-20: 100.00%| mAP: 76.34%| mINP: 65.33%
Best Epoch [26]
==> Preparing Data Loader...
Epoch: [27][0/37] Time: 0.741 (0.741) lr:0.000225 base_lr:0.000225Loss: 0.3869 (0.3869) iLoss: 0.0245 (0.0245) CLoss: 0.0000 (0.0000) mmd_loss: 0.5293 (0.5293) kl_loss: 0.1518 (0.1518) muloss:0.1047Accu: 100.00
Test Epoch: 27
original feature:   Rank-1: 72.00% | Rank-5: 94.00% | Rank-10: 98.00%| Rank-20: 100.00%| mAP: 70.93%| mINP: 59.53%
feature after BN:   Rank-1: 80.00% | Rank-5: 94.00% | Rank-10: 98.00%| Rank-20: 100.00%| mAP: 74.39%| mINP: 63.55%
Best Epoch [26]
==> Preparing Data Loader...
Epoch: [28][0/37] Time: 0.673 (0.673) lr:0.000225 base_lr:0.000225Loss: 1.5412 (1.5412) iLoss: 0.0638 (0.0638) CLoss: 0.1213 (0.1213) mmd_loss: 0.6079 (0.6079) kl_loss: 0.7087 (0.7087) muloss:0.5258Accu: 100.00
Test Epoch: 28
original feature:   Rank-1: 76.00% | Rank-5: 92.00% | Rank-10: 100.00%| Rank-20: 100.00%| mAP: 73.54%| mINP: 63.81%
feature after BN:   Rank-1: 78.00% | Rank-5: 94.00% | Rank-10: 98.00%| Rank-20: 100.00%| mAP: 76.60%| mINP: 68.47%
Best Epoch [26]
==> Preparing Data Loader...
Epoch: [29][0/37] Time: 0.676 (0.676) lr:0.000225 base_lr:0.000225Loss: 0.8777 (0.8777) iLoss: 0.0146 (0.0146) CLoss: 0.0042 (0.0042) mmd_loss: 0.5319 (0.5319) kl_loss: 0.3439 (0.3439) muloss:0.4087Accu: 100.00
Test Epoch: 29
original feature:   Rank-1: 78.00% | Rank-5: 90.00% | Rank-10: 96.00%| Rank-20: 100.00%| mAP: 72.65%| mINP: 61.27%
feature after BN:   Rank-1: 84.00% | Rank-5: 94.00% | Rank-10: 98.00%| Rank-20: 100.00%| mAP: 78.03%| mINP: 68.37%
Best Epoch [29]
==> Preparing Data Loader...
Epoch: [30][0/37] Time: 0.661 (0.661) lr:0.000090 base_lr:0.000090Loss: 0.4263 (0.4263) iLoss: 0.0166 (0.0166) CLoss: 0.0000 (0.0000) mmd_loss: 0.4162 (0.4162) kl_loss: 0.2655 (0.2655) muloss:0.0609Accu: 100.00
Test Epoch: 30
original feature:   Rank-1: 82.00% | Rank-5: 90.00% | Rank-10: 98.00%| Rank-20: 100.00%| mAP: 75.90%| mINP: 65.58%
feature after BN:   Rank-1: 84.00% | Rank-5: 96.00% | Rank-10: 98.00%| Rank-20: 100.00%| mAP: 79.27%| mINP: 69.97%
Best Epoch [29]
==> Preparing Data Loader...
Epoch: [31][0/37] Time: 0.723 (0.723) lr:0.000090 base_lr:0.000090Loss: 0.4329 (0.4329) iLoss: 0.0165 (0.0165) CLoss: 0.0000 (0.0000) mmd_loss: 0.4762 (0.4762) kl_loss: 0.2284 (0.2284) muloss:0.0928Accu: 100.00
Test Epoch: 31
original feature:   Rank-1: 80.00% | Rank-5: 92.00% | Rank-10: 98.00%| Rank-20: 100.00%| mAP: 74.92%| mINP: 64.83%
feature after BN:   Rank-1: 82.00% | Rank-5: 94.00% | Rank-10: 98.00%| Rank-20: 100.00%| mAP: 78.22%| mINP: 69.27%
Best Epoch [29]
==> Preparing Data Loader...
Epoch: [32][0/37] Time: 0.768 (0.768) lr:0.000090 base_lr:0.000090Loss: 0.6523 (0.6523) iLoss: 0.0357 (0.0357) CLoss: 0.0078 (0.0078) mmd_loss: 0.4949 (0.4949) kl_loss: 0.2631 (0.2631) muloss:0.2467Accu: 100.00
Test Epoch: 32
original feature:   Rank-1: 80.00% | Rank-5: 94.00% | Rank-10: 100.00%| Rank-20: 100.00%| mAP: 75.27%| mINP: 64.75%
feature after BN:   Rank-1: 86.00% | Rank-5: 96.00% | Rank-10: 98.00%| Rank-20: 100.00%| mAP: 80.19%| mINP: 70.79%
Best Epoch [32]
==> Preparing Data Loader...
Epoch: [33][0/37] Time: 0.664 (0.664) lr:0.000090 base_lr:0.000090Loss: 0.3217 (0.3217) iLoss: 0.0401 (0.0401) CLoss: 0.0004 (0.0004) mmd_loss: 0.4297 (0.4297) kl_loss: 0.1196 (0.1196) muloss:0.0757Accu: 100.00
Test Epoch: 33
original feature:   Rank-1: 80.00% | Rank-5: 94.00% | Rank-10: 100.00%| Rank-20: 100.00%| mAP: 75.26%| mINP: 64.85%
feature after BN:   Rank-1: 86.00% | Rank-5: 96.00% | Rank-10: 98.00%| Rank-20: 100.00%| mAP: 79.82%| mINP: 70.39%
Best Epoch [32]
==> Preparing Data Loader...
Epoch: [34][0/37] Time: 0.670 (0.670) lr:0.000090 base_lr:0.000090Loss: 0.4377 (0.4377) iLoss: 0.0332 (0.0332) CLoss: 0.0128 (0.0128) mmd_loss: 0.4304 (0.4304) kl_loss: 0.1231 (0.1231) muloss:0.1825Accu: 100.00
Test Epoch: 34
original feature:   Rank-1: 80.00% | Rank-5: 94.00% | Rank-10: 100.00%| Rank-20: 100.00%| mAP: 74.80%| mINP: 63.67%
feature after BN:   Rank-1: 82.00% | Rank-5: 94.00% | Rank-10: 98.00%| Rank-20: 100.00%| mAP: 78.45%| mINP: 69.62%
Best Epoch [32]
==> Preparing Data Loader...
Epoch: [35][0/37] Time: 0.664 (0.664) lr:0.000090 base_lr:0.000090Loss: 0.2165 (0.2165) iLoss: 0.0271 (0.0271) CLoss: 0.0000 (0.0000) mmd_loss: 0.4265 (0.4265) kl_loss: 0.0754 (0.0754) muloss:0.0287Accu: 100.00
Test Epoch: 35
original feature:   Rank-1: 80.00% | Rank-5: 94.00% | Rank-10: 100.00%| Rank-20: 100.00%| mAP: 75.47%| mINP: 64.89%
feature after BN:   Rank-1: 86.00% | Rank-5: 96.00% | Rank-10: 98.00%| Rank-20: 100.00%| mAP: 81.81%| mINP: 74.39%
Best Epoch [32]
==> Preparing Data Loader...
Epoch: [36][0/37] Time: 1.044 (1.044) lr:0.000090 base_lr:0.000090Loss: 0.3360 (0.3360) iLoss: 0.0123 (0.0123) CLoss: 0.0000 (0.0000) mmd_loss: 0.4349 (0.4349) kl_loss: 0.1027 (0.1027) muloss:0.1341Accu: 100.00
Test Epoch: 36
original feature:   Rank-1: 76.00% | Rank-5: 92.00% | Rank-10: 100.00%| Rank-20: 100.00%| mAP: 73.51%| mINP: 63.50%
feature after BN:   Rank-1: 84.00% | Rank-5: 96.00% | Rank-10: 98.00%| Rank-20: 100.00%| mAP: 79.42%| mINP: 70.57%
Best Epoch [32]
==> Preparing Data Loader...
Epoch: [37][0/37] Time: 0.880 (0.880) lr:0.000090 base_lr:0.000090Loss: 0.7122 (0.7122) iLoss: 0.0138 (0.0138) CLoss: 0.0000 (0.0000) mmd_loss: 0.4110 (0.4110) kl_loss: 0.2424 (0.2424) muloss:0.3737Accu: 100.00
Test Epoch: 37
original feature:   Rank-1: 74.00% | Rank-5: 98.00% | Rank-10: 100.00%| Rank-20: 100.00%| mAP: 73.61%| mINP: 64.19%
feature after BN:   Rank-1: 84.00% | Rank-5: 98.00% | Rank-10: 100.00%| Rank-20: 100.00%| mAP: 79.68%| mINP: 70.17%
Best Epoch [32]
==> Preparing Data Loader...
Epoch: [38][0/37] Time: 0.931 (0.931) lr:0.000090 base_lr:0.000090Loss: 0.5692 (0.5692) iLoss: 0.0093 (0.0093) CLoss: 0.0000 (0.0000) mmd_loss: 0.4081 (0.4081) kl_loss: 0.2370 (0.2370) muloss:0.2412Accu: 100.00
Test Epoch: 38
original feature:   Rank-1: 80.00% | Rank-5: 98.00% | Rank-10: 98.00%| Rank-20: 100.00%| mAP: 73.70%| mINP: 61.39%
feature after BN:   Rank-1: 88.00% | Rank-5: 98.00% | Rank-10: 98.00%| Rank-20: 100.00%| mAP: 80.76%| mINP: 70.46%
Best Epoch [38]
==> Preparing Data Loader...
Epoch: [39][0/37] Time: 0.847 (0.847) lr:0.000090 base_lr:0.000090Loss: 0.3382 (0.3382) iLoss: 0.0093 (0.0093) CLoss: 0.0000 (0.0000) mmd_loss: 0.3885 (0.3885) kl_loss: 0.1207 (0.1207) muloss:0.1305Accu: 100.00
Test Epoch: 39
original feature:   Rank-1: 74.00% | Rank-5: 98.00% | Rank-10: 100.00%| Rank-20: 100.00%| mAP: 72.61%| mINP: 61.53%
feature after BN:   Rank-1: 86.00% | Rank-5: 96.00% | Rank-10: 98.00%| Rank-20: 100.00%| mAP: 79.82%| mINP: 69.46%
Best Epoch [38]
==> Preparing Data Loader...
Epoch: [40][0/37] Time: 0.707 (0.707) lr:0.000090 base_lr:0.000090Loss: 0.4624 (0.4624) iLoss: 0.0116 (0.0116) CLoss: 0.0000 (0.0000) mmd_loss: 0.3863 (0.3863) kl_loss: 0.1352 (0.1352) muloss:0.2383Accu: 100.00
Test Epoch: 40
original feature:   Rank-1: 76.00% | Rank-5: 94.00% | Rank-10: 100.00%| Rank-20: 100.00%| mAP: 72.89%| mINP: 61.73%
feature after BN:   Rank-1: 84.00% | Rank-5: 96.00% | Rank-10: 98.00%| Rank-20: 100.00%| mAP: 79.84%| mINP: 70.61%
Best Epoch [38]
==> Preparing Data Loader...
Epoch: [41][0/37] Time: 0.940 (0.940) lr:0.000090 base_lr:0.000090Loss: 0.4103 (0.4103) iLoss: 0.0140 (0.0140) CLoss: 0.0000 (0.0000) mmd_loss: 0.3876 (0.3876) kl_loss: 0.1084 (0.1084) muloss:0.2103Accu: 100.00
Test Epoch: 41
original feature:   Rank-1: 76.00% | Rank-5: 98.00% | Rank-10: 100.00%| Rank-20: 100.00%| mAP: 73.46%| mINP: 62.47%
feature after BN:   Rank-1: 84.00% | Rank-5: 96.00% | Rank-10: 100.00%| Rank-20: 100.00%| mAP: 79.24%| mINP: 69.92%
Best Epoch [38]
==> Preparing Data Loader...
Epoch: [42][0/37] Time: 0.832 (0.832) lr:0.000090 base_lr:0.000090Loss: 0.3549 (0.3549) iLoss: 0.0136 (0.0136) CLoss: 0.0000 (0.0000) mmd_loss: 0.3566 (0.3566) kl_loss: 0.1719 (0.1719) muloss:0.0981Accu: 100.00
Test Epoch: 42
original feature:   Rank-1: 74.00% | Rank-5: 98.00% | Rank-10: 100.00%| Rank-20: 100.00%| mAP: 74.24%| mINP: 63.82%
feature after BN:   Rank-1: 86.00% | Rank-5: 98.00% | Rank-10: 100.00%| Rank-20: 100.00%| mAP: 79.37%| mINP: 68.81%
Best Epoch [38]
==> Preparing Data Loader...
Epoch: [43][0/37] Time: 0.680 (0.680) lr:0.000090 base_lr:0.000090Loss: 0.5315 (0.5315) iLoss: 0.0205 (0.0205) CLoss: 0.0000 (0.0000) mmd_loss: 0.4158 (0.4158) kl_loss: 0.1973 (0.1973) muloss:0.2306Accu: 100.00
Test Epoch: 43
original feature:   Rank-1: 78.00% | Rank-5: 96.00% | Rank-10: 98.00%| Rank-20: 100.00%| mAP: 75.53%| mINP: 65.16%
feature after BN:   Rank-1: 86.00% | Rank-5: 96.00% | Rank-10: 98.00%| Rank-20: 100.00%| mAP: 79.12%| mINP: 68.51%
Best Epoch [38]
==> Preparing Data Loader...
Epoch: [44][0/37] Time: 0.934 (0.934) lr:0.000090 base_lr:0.000090Loss: 0.5529 (0.5529) iLoss: 0.0140 (0.0140) CLoss: 0.0000 (0.0000) mmd_loss: 0.3489 (0.3489) kl_loss: 0.1568 (0.1568) muloss:0.3124Accu: 100.00
Test Epoch: 44
original feature:   Rank-1: 80.00% | Rank-5: 96.00% | Rank-10: 100.00%| Rank-20: 100.00%| mAP: 75.77%| mINP: 64.76%
feature after BN:   Rank-1: 86.00% | Rank-5: 98.00% | Rank-10: 100.00%| Rank-20: 100.00%| mAP: 80.96%| mINP: 71.97%
Best Epoch [38]
==> Preparing Data Loader...
Epoch: [45][0/37] Time: 0.718 (0.718) lr:0.000027 base_lr:0.000027Loss: 0.2328 (0.2328) iLoss: 0.0118 (0.0118) CLoss: 0.0000 (0.0000) mmd_loss: 0.3689 (0.3689) kl_loss: 0.0981 (0.0981) muloss:0.0491Accu: 100.00
Test Epoch: 45
original feature:   Rank-1: 80.00% | Rank-5: 98.00% | Rank-10: 98.00%| Rank-20: 100.00%| mAP: 76.05%| mINP: 65.36%
feature after BN:   Rank-1: 86.00% | Rank-5: 94.00% | Rank-10: 100.00%| Rank-20: 100.00%| mAP: 80.33%| mINP: 70.94%
Best Epoch [38]
==> Preparing Data Loader...
Epoch: [46][0/37] Time: 0.653 (0.653) lr:0.000027 base_lr:0.000027Loss: 0.4527 (0.4527) iLoss: 0.0090 (0.0090) CLoss: 0.0000 (0.0000) mmd_loss: 0.3770 (0.3770) kl_loss: 0.1270 (0.1270) muloss:0.2413Accu: 100.00
Test Epoch: 46
original feature:   Rank-1: 82.00% | Rank-5: 98.00% | Rank-10: 98.00%| Rank-20: 100.00%| mAP: 76.38%| mINP: 64.78%
feature after BN:   Rank-1: 86.00% | Rank-5: 98.00% | Rank-10: 98.00%| Rank-20: 100.00%| mAP: 80.00%| mINP: 70.20%
Best Epoch [38]
==> Preparing Data Loader...
Epoch: [47][0/37] Time: 0.946 (0.946) lr:0.000027 base_lr:0.000027Loss: 0.5335 (0.5335) iLoss: 0.0230 (0.0230) CLoss: 0.0002 (0.0002) mmd_loss: 0.3901 (0.3901) kl_loss: 0.1380 (0.1380) muloss:0.2942Accu: 100.00
Test Epoch: 47
original feature:   Rank-1: 80.00% | Rank-5: 96.00% | Rank-10: 100.00%| Rank-20: 100.00%| mAP: 74.81%| mINP: 63.16%
feature after BN:   Rank-1: 86.00% | Rank-5: 94.00% | Rank-10: 98.00%| Rank-20: 100.00%| mAP: 80.52%| mINP: 71.05%
Best Epoch [38]
==> Preparing Data Loader...
Epoch: [48][0/37] Time: 1.005 (1.005) lr:0.000027 base_lr:0.000027Loss: 0.4603 (0.4603) iLoss: 0.0096 (0.0096) CLoss: 0.0000 (0.0000) mmd_loss: 0.3718 (0.3718) kl_loss: 0.1592 (0.1592) muloss:0.2171Accu: 100.00
Test Epoch: 48
original feature:   Rank-1: 80.00% | Rank-5: 98.00% | Rank-10: 100.00%| Rank-20: 100.00%| mAP: 75.95%| mINP: 65.04%
feature after BN:   Rank-1: 86.00% | Rank-5: 96.00% | Rank-10: 98.00%| Rank-20: 100.00%| mAP: 80.67%| mINP: 71.16%
Best Epoch [38]
==> Preparing Data Loader...
Epoch: [49][0/37] Time: 0.824 (0.824) lr:0.000027 base_lr:0.000027Loss: 0.2233 (0.2233) iLoss: 0.0117 (0.0117) CLoss: 0.0000 (0.0000) mmd_loss: 0.3637 (0.3637) kl_loss: 0.0726 (0.0726) muloss:0.0662Accu: 100.00
Test Epoch: 49
original feature:   Rank-1: 80.00% | Rank-5: 96.00% | Rank-10: 100.00%| Rank-20: 100.00%| mAP: 75.44%| mINP: 63.85%
feature after BN:   Rank-1: 86.00% | Rank-5: 96.00% | Rank-10: 98.00%| Rank-20: 100.00%| mAP: 80.14%| mINP: 70.23%
Best Epoch [38]
==> Preparing Data Loader...
Epoch: [50][0/37] Time: 0.929 (0.929) lr:0.000009 base_lr:0.000009Loss: 0.2618 (0.2618) iLoss: 0.0128 (0.0128) CLoss: 0.0000 (0.0000) mmd_loss: 0.3828 (0.3828) kl_loss: 0.0775 (0.0775) muloss:0.0949Accu: 100.00
Test Epoch: 50
original feature:   Rank-1: 78.00% | Rank-5: 96.00% | Rank-10: 100.00%| Rank-20: 100.00%| mAP: 75.20%| mINP: 65.04%
feature after BN:   Rank-1: 84.00% | Rank-5: 96.00% | Rank-10: 98.00%| Rank-20: 100.00%| mAP: 80.20%| mINP: 72.02%
Best Epoch [38]
==> Preparing Data Loader...
Epoch: [51][0/37] Time: 0.660 (0.660) lr:0.000009 base_lr:0.000009Loss: 0.4833 (0.4833) iLoss: 0.0213 (0.0213) CLoss: 0.0000 (0.0000) mmd_loss: 0.3883 (0.3883) kl_loss: 0.1270 (0.1270) muloss:0.2573Accu: 100.00
Test Epoch: 51
original feature:   Rank-1: 82.00% | Rank-5: 98.00% | Rank-10: 100.00%| Rank-20: 100.00%| mAP: 76.25%| mINP: 64.39%
feature after BN:   Rank-1: 84.00% | Rank-5: 98.00% | Rank-10: 98.00%| Rank-20: 100.00%| mAP: 79.76%| mINP: 71.08%
Best Epoch [38]
==> Preparing Data Loader...
Epoch: [52][0/37] Time: 0.754 (0.754) lr:0.000009 base_lr:0.000009Loss: 0.2730 (0.2730) iLoss: 0.0176 (0.0176) CLoss: 0.0000 (0.0000) mmd_loss: 0.3704 (0.3704) kl_loss: 0.0486 (0.0486) muloss:0.1327Accu: 100.00
Test Epoch: 52
original feature:   Rank-1: 78.00% | Rank-5: 98.00% | Rank-10: 100.00%| Rank-20: 100.00%| mAP: 76.08%| mINP: 66.14%
feature after BN:   Rank-1: 84.00% | Rank-5: 98.00% | Rank-10: 98.00%| Rank-20: 100.00%| mAP: 80.70%| mINP: 72.92%
Best Epoch [38]
==> Preparing Data Loader...
Epoch: [53][0/37] Time: 0.653 (0.653) lr:0.000009 base_lr:0.000009Loss: 0.5707 (0.5707) iLoss: 0.0087 (0.0087) CLoss: 0.0000 (0.0000) mmd_loss: 0.3785 (0.3785) kl_loss: 0.1552 (0.1552) muloss:0.3311Accu: 100.00
Test Epoch: 53
original feature:   Rank-1: 80.00% | Rank-5: 98.00% | Rank-10: 100.00%| Rank-20: 100.00%| mAP: 75.16%| mINP: 63.77%
feature after BN:   Rank-1: 86.00% | Rank-5: 98.00% | Rank-10: 100.00%| Rank-20: 100.00%| mAP: 80.05%| mINP: 70.26%
Best Epoch [38]
==> Preparing Data Loader...
Epoch: [54][0/37] Time: 0.929 (0.929) lr:0.000009 base_lr:0.000009Loss: 0.4227 (0.4227) iLoss: 0.0133 (0.0133) CLoss: 0.0000 (0.0000) mmd_loss: 0.3458 (0.3458) kl_loss: 0.1087 (0.1087) muloss:0.2315Accu: 100.00
Test Epoch: 54
original feature:   Rank-1: 78.00% | Rank-5: 96.00% | Rank-10: 100.00%| Rank-20: 100.00%| mAP: 74.37%| mINP: 63.41%
feature after BN:   Rank-1: 84.00% | Rank-5: 96.00% | Rank-10: 98.00%| Rank-20: 100.00%| mAP: 80.33%| mINP: 72.27%
Best Epoch [38]
==> Preparing Data Loader...
Epoch: [55][0/37] Time: 0.678 (0.678) lr:0.000009 base_lr:0.000009Loss: 0.5325 (0.5325) iLoss: 0.0115 (0.0115) CLoss: 0.0000 (0.0000) mmd_loss: 0.3519 (0.3519) kl_loss: 0.1208 (0.1208) muloss:0.3298Accu: 100.00
Test Epoch: 55
original feature:   Rank-1: 78.00% | Rank-5: 98.00% | Rank-10: 98.00%| Rank-20: 100.00%| mAP: 75.16%| mINP: 64.34%
feature after BN:   Rank-1: 84.00% | Rank-5: 98.00% | Rank-10: 98.00%| Rank-20: 100.00%| mAP: 78.90%| mINP: 69.11%
Best Epoch [38]
==> Preparing Data Loader...
Epoch: [56][0/37] Time: 0.661 (0.661) lr:0.000009 base_lr:0.000009Loss: 0.2262 (0.2262) iLoss: 0.0051 (0.0051) CLoss: 0.0000 (0.0000) mmd_loss: 0.3593 (0.3593) kl_loss: 0.0631 (0.0631) muloss:0.0862Accu: 100.00
Test Epoch: 56
original feature:   Rank-1: 78.00% | Rank-5: 98.00% | Rank-10: 98.00%| Rank-20: 100.00%| mAP: 75.48%| mINP: 64.99%
feature after BN:   Rank-1: 84.00% | Rank-5: 98.00% | Rank-10: 98.00%| Rank-20: 100.00%| mAP: 79.34%| mINP: 70.00%
Best Epoch [38]
==> Preparing Data Loader...
Epoch: [57][0/37] Time: 0.657 (0.657) lr:0.000009 base_lr:0.000009Loss: 0.4228 (0.4228) iLoss: 0.0092 (0.0092) CLoss: 0.0000 (0.0000) mmd_loss: 0.3289 (0.3289) kl_loss: 0.1135 (0.1135) muloss:0.2345Accu: 100.00
Test Epoch: 57
original feature:   Rank-1: 78.00% | Rank-5: 94.00% | Rank-10: 100.00%| Rank-20: 100.00%| mAP: 74.57%| mINP: 64.05%
feature after BN:   Rank-1: 86.00% | Rank-5: 98.00% | Rank-10: 98.00%| Rank-20: 100.00%| mAP: 79.98%| mINP: 70.33%
Best Epoch [38]
==> Preparing Data Loader...
Epoch: [58][0/37] Time: 0.666 (0.666) lr:0.000009 base_lr:0.000009Loss: 0.3913 (0.3913) iLoss: 0.0052 (0.0052) CLoss: 0.0000 (0.0000) mmd_loss: 0.3418 (0.3418) kl_loss: 0.1234 (0.1234) muloss:0.1943Accu: 100.00
Test Epoch: 58
original feature:   Rank-1: 80.00% | Rank-5: 98.00% | Rank-10: 100.00%| Rank-20: 100.00%| mAP: 75.49%| mINP: 64.39%
feature after BN:   Rank-1: 88.00% | Rank-5: 98.00% | Rank-10: 98.00%| Rank-20: 100.00%| mAP: 80.78%| mINP: 70.42%
Best Epoch [38]
==> Preparing Data Loader...
Epoch: [59][0/37] Time: 0.678 (0.678) lr:0.000009 base_lr:0.000009Loss: 0.2645 (0.2645) iLoss: 0.0119 (0.0119) CLoss: 0.0000 (0.0000) mmd_loss: 0.3579 (0.3579) kl_loss: 0.0619 (0.0619) muloss:0.1191Accu: 100.00
Test Epoch: 59
original feature:   Rank-1: 80.00% | Rank-5: 98.00% | Rank-10: 100.00%| Rank-20: 100.00%| mAP: 75.84%| mINP: 64.42%
feature after BN:   Rank-1: 84.00% | Rank-5: 96.00% | Rank-10: 98.00%| Rank-20: 100.00%| mAP: 80.82%| mINP: 72.68%
Best Epoch [38]
==> Preparing Data Loader...
Epoch: [60][0/37] Time: 0.656 (0.656) lr:0.000009 base_lr:0.000009Loss: 0.5243 (0.5243) iLoss: 0.0081 (0.0081) CLoss: 0.0000 (0.0000) mmd_loss: 0.3492 (0.3492) kl_loss: 0.1541 (0.1541) muloss:0.2922Accu: 100.00
Test Epoch: 60
original feature:   Rank-1: 78.00% | Rank-5: 98.00% | Rank-10: 100.00%| Rank-20: 100.00%| mAP: 75.44%| mINP: 64.75%
feature after BN:   Rank-1: 86.00% | Rank-5: 98.00% | Rank-10: 100.00%| Rank-20: 100.00%| mAP: 79.45%| mINP: 69.47%
Best Epoch [38]
==> Preparing Data Loader...
Epoch: [61][0/37] Time: 0.703 (0.703) lr:0.000009 base_lr:0.000009Loss: 0.3387 (0.3387) iLoss: 0.0081 (0.0081) CLoss: 0.0000 (0.0000) mmd_loss: 0.3566 (0.3566) kl_loss: 0.0782 (0.0782) muloss:0.1810Accu: 100.00
Test Epoch: 61
original feature:   Rank-1: 80.00% | Rank-5: 98.00% | Rank-10: 100.00%| Rank-20: 100.00%| mAP: 75.94%| mINP: 64.61%
feature after BN:   Rank-1: 86.00% | Rank-5: 98.00% | Rank-10: 100.00%| Rank-20: 100.00%| mAP: 79.97%| mINP: 70.06%
Best Epoch [38]
==> Preparing Data Loader...
Epoch: [62][0/37] Time: 0.673 (0.673) lr:0.000009 base_lr:0.000009Loss: 0.3437 (0.3437) iLoss: 0.0061 (0.0061) CLoss: 0.0009 (0.0009) mmd_loss: 0.3543 (0.3543) kl_loss: 0.1166 (0.1166) muloss:0.1492Accu: 100.00
Test Epoch: 62
original feature:   Rank-1: 78.00% | Rank-5: 98.00% | Rank-10: 100.00%| Rank-20: 100.00%| mAP: 75.48%| mINP: 64.93%
feature after BN:   Rank-1: 86.00% | Rank-5: 98.00% | Rank-10: 98.00%| Rank-20: 100.00%| mAP: 79.74%| mINP: 69.46%
Best Epoch [38]
==> Preparing Data Loader...
Epoch: [63][0/37] Time: 0.906 (0.906) lr:0.000009 base_lr:0.000009Loss: 0.5068 (0.5068) iLoss: 0.0286 (0.0286) CLoss: 0.0000 (0.0000) mmd_loss: 0.3935 (0.3935) kl_loss: 0.1234 (0.1234) muloss:0.2760Accu: 100.00
Test Epoch: 63
original feature:   Rank-1: 78.00% | Rank-5: 98.00% | Rank-10: 100.00%| Rank-20: 100.00%| mAP: 75.36%| mINP: 65.03%
feature after BN:   Rank-1: 86.00% | Rank-5: 96.00% | Rank-10: 98.00%| Rank-20: 100.00%| mAP: 80.36%| mINP: 71.33%
Best Epoch [38]
==> Preparing Data Loader...
Epoch: [64][0/37] Time: 0.833 (0.833) lr:0.000009 base_lr:0.000009Loss: 0.2905 (0.2905) iLoss: 0.0114 (0.0114) CLoss: 0.0000 (0.0000) mmd_loss: 0.3575 (0.3575) kl_loss: 0.0674 (0.0674) muloss:0.1401Accu: 100.00
Test Epoch: 64
original feature:   Rank-1: 80.00% | Rank-5: 98.00% | Rank-10: 100.00%| Rank-20: 100.00%| mAP: 75.87%| mINP: 64.92%
feature after BN:   Rank-1: 86.00% | Rank-5: 98.00% | Rank-10: 98.00%| Rank-20: 100.00%| mAP: 81.11%| mINP: 72.07%
Best Epoch [38]
==> Preparing Data Loader...
Epoch: [65][0/37] Time: 0.747 (0.747) lr:0.000009 base_lr:0.000009Loss: 0.5703 (0.5703) iLoss: 0.0093 (0.0093) CLoss: 0.0000 (0.0000) mmd_loss: 0.3725 (0.3725) kl_loss: 0.1423 (0.1423) muloss:0.3443Accu: 100.00
Test Epoch: 65
original feature:   Rank-1: 80.00% | Rank-5: 96.00% | Rank-10: 100.00%| Rank-20: 100.00%| mAP: 75.25%| mINP: 63.81%
feature after BN:   Rank-1: 86.00% | Rank-5: 98.00% | Rank-10: 100.00%| Rank-20: 100.00%| mAP: 80.01%| mINP: 69.86%
Best Epoch [38]
==> Preparing Data Loader...
Epoch: [66][0/37] Time: 0.714 (0.714) lr:0.000009 base_lr:0.000009Loss: 0.3352 (0.3352) iLoss: 0.0080 (0.0080) CLoss: 0.0000 (0.0000) mmd_loss: 0.3370 (0.3370) kl_loss: 0.1046 (0.1046) muloss:0.1551Accu: 100.00
Test Epoch: 66
original feature:   Rank-1: 84.00% | Rank-5: 98.00% | Rank-10: 100.00%| Rank-20: 100.00%| mAP: 76.69%| mINP: 64.43%
feature after BN:   Rank-1: 86.00% | Rank-5: 96.00% | Rank-10: 98.00%| Rank-20: 100.00%| mAP: 81.42%| mINP: 73.19%
Best Epoch [38]
==> Preparing Data Loader...
Epoch: [67][0/37] Time: 0.689 (0.689) lr:0.000009 base_lr:0.000009Loss: 0.3762 (0.3762) iLoss: 0.0054 (0.0054) CLoss: 0.0000 (0.0000) mmd_loss: 0.3257 (0.3257) kl_loss: 0.1107 (0.1107) muloss:0.1950Accu: 100.00
Test Epoch: 67
original feature:   Rank-1: 82.00% | Rank-5: 98.00% | Rank-10: 98.00%| Rank-20: 100.00%| mAP: 76.52%| mINP: 64.90%
feature after BN:   Rank-1: 86.00% | Rank-5: 98.00% | Rank-10: 100.00%| Rank-20: 100.00%| mAP: 80.29%| mINP: 70.97%
Best Epoch [38]
==> Preparing Data Loader...
Epoch: [68][0/37] Time: 0.781 (0.781) lr:0.000009 base_lr:0.000009Loss: 0.3230 (0.3230) iLoss: 0.0059 (0.0059) CLoss: 0.0000 (0.0000) mmd_loss: 0.3935 (0.3935) kl_loss: 0.1264 (0.1264) muloss:0.1121Accu: 100.00
Test Epoch: 68
original feature:   Rank-1: 82.00% | Rank-5: 98.00% | Rank-10: 98.00%| Rank-20: 100.00%| mAP: 76.27%| mINP: 64.56%
feature after BN:   Rank-1: 86.00% | Rank-5: 98.00% | Rank-10: 98.00%| Rank-20: 100.00%| mAP: 80.55%| mINP: 71.76%
Best Epoch [38]
==> Preparing Data Loader...
Epoch: [69][0/37] Time: 0.685 (0.685) lr:0.000009 base_lr:0.000009Loss: 0.5070 (0.5070) iLoss: 0.0099 (0.0099) CLoss: 0.0000 (0.0000) mmd_loss: 0.3958 (0.3958) kl_loss: 0.1940 (0.1940) muloss:0.2239Accu: 100.00
Test Epoch: 69
original feature:   Rank-1: 78.00% | Rank-5: 98.00% | Rank-10: 100.00%| Rank-20: 100.00%| mAP: 75.31%| mINP: 64.75%
feature after BN:   Rank-1: 88.00% | Rank-5: 98.00% | Rank-10: 100.00%| Rank-20: 100.00%| mAP: 80.50%| mINP: 70.06%
Best Epoch [38]
==> Preparing Data Loader...
Epoch: [70][0/37] Time: 0.691 (0.691) lr:0.000009 base_lr:0.000009Loss: 0.2536 (0.2536) iLoss: 0.0068 (0.0068) CLoss: 0.0005 (0.0005) mmd_loss: 0.3854 (0.3854) kl_loss: 0.0741 (0.0741) muloss:0.0952Accu: 100.00
Test Epoch: 70
original feature:   Rank-1: 80.00% | Rank-5: 98.00% | Rank-10: 100.00%| Rank-20: 100.00%| mAP: 75.04%| mINP: 62.92%
feature after BN:   Rank-1: 88.00% | Rank-5: 98.00% | Rank-10: 98.00%| Rank-20: 100.00%| mAP: 80.53%| mINP: 70.18%
Best Epoch [38]
==> Preparing Data Loader...
Epoch: [71][0/37] Time: 0.672 (0.672) lr:0.000009 base_lr:0.000009Loss: 0.7098 (0.7098) iLoss: 0.0146 (0.0146) CLoss: 0.0000 (0.0000) mmd_loss: 0.3810 (0.3810) kl_loss: 0.1608 (0.1608) muloss:0.4582Accu: 100.00
Test Epoch: 71
original feature:   Rank-1: 82.00% | Rank-5: 98.00% | Rank-10: 98.00%| Rank-20: 100.00%| mAP: 76.81%| mINP: 65.55%
feature after BN:   Rank-1: 86.00% | Rank-5: 96.00% | Rank-10: 98.00%| Rank-20: 100.00%| mAP: 81.36%| mINP: 73.26%
Best Epoch [38]
==> Preparing Data Loader...
Epoch: [72][0/37] Time: 0.676 (0.676) lr:0.000009 base_lr:0.000009Loss: 0.7960 (0.7960) iLoss: 0.0531 (0.0531) CLoss: 0.0001 (0.0001) mmd_loss: 0.4237 (0.4237) kl_loss: 0.2348 (0.2348) muloss:0.4233Accu: 100.00
Test Epoch: 72
original feature:   Rank-1: 82.00% | Rank-5: 98.00% | Rank-10: 100.00%| Rank-20: 100.00%| mAP: 76.00%| mINP: 63.90%
feature after BN:   Rank-1: 84.00% | Rank-5: 94.00% | Rank-10: 98.00%| Rank-20: 100.00%| mAP: 80.34%| mINP: 72.38%
Best Epoch [38]
==> Preparing Data Loader...
Epoch: [73][0/37] Time: 0.830 (0.830) lr:0.000009 base_lr:0.000009Loss: 0.5195 (0.5195) iLoss: 0.0105 (0.0105) CLoss: 0.0000 (0.0000) mmd_loss: 0.3634 (0.3634) kl_loss: 0.1570 (0.1570) muloss:0.2793Accu: 100.00
Test Epoch: 73
original feature:   Rank-1: 78.00% | Rank-5: 98.00% | Rank-10: 100.00%| Rank-20: 100.00%| mAP: 75.25%| mINP: 64.41%
feature after BN:   Rank-1: 88.00% | Rank-5: 96.00% | Rank-10: 100.00%| Rank-20: 100.00%| mAP: 81.27%| mINP: 71.42%
Best Epoch [38]
==> Preparing Data Loader...
Epoch: [74][0/37] Time: 0.693 (0.693) lr:0.000009 base_lr:0.000009Loss: 0.3086 (0.3086) iLoss: 0.0092 (0.0092) CLoss: 0.0000 (0.0000) mmd_loss: 0.3815 (0.3815) kl_loss: 0.0785 (0.0785) muloss:0.1446Accu: 100.00
Test Epoch: 74
original feature:   Rank-1: 82.00% | Rank-5: 98.00% | Rank-10: 98.00%| Rank-20: 100.00%| mAP: 76.51%| mINP: 64.94%
feature after BN:   Rank-1: 88.00% | Rank-5: 96.00% | Rank-10: 98.00%| Rank-20: 100.00%| mAP: 81.78%| mINP: 72.92%
Best Epoch [38]
==> Preparing Data Loader...
Epoch: [75][0/37] Time: 0.666 (0.666) lr:0.000009 base_lr:0.000009Loss: 0.2802 (0.2802) iLoss: 0.0040 (0.0040) CLoss: 0.0000 (0.0000) mmd_loss: 0.3574 (0.3574) kl_loss: 0.0639 (0.0639) muloss:0.1408Accu: 100.00
Test Epoch: 75
original feature:   Rank-1: 82.00% | Rank-5: 98.00% | Rank-10: 98.00%| Rank-20: 100.00%| mAP: 75.98%| mINP: 64.00%
feature after BN:   Rank-1: 86.00% | Rank-5: 98.00% | Rank-10: 98.00%| Rank-20: 100.00%| mAP: 80.34%| mINP: 70.98%
Best Epoch [38]
==> Preparing Data Loader...
Epoch: [76][0/37] Time: 0.676 (0.676) lr:0.000009 base_lr:0.000009Loss: 0.3916 (0.3916) iLoss: 0.0090 (0.0090) CLoss: 0.0000 (0.0000) mmd_loss: 0.3476 (0.3476) kl_loss: 0.1242 (0.1242) muloss:0.1889Accu: 100.00
Test Epoch: 76
original feature:   Rank-1: 84.00% | Rank-5: 98.00% | Rank-10: 98.00%| Rank-20: 100.00%| mAP: 76.66%| mINP: 64.36%
feature after BN:   Rank-1: 88.00% | Rank-5: 96.00% | Rank-10: 98.00%| Rank-20: 100.00%| mAP: 80.79%| mINP: 70.49%
Best Epoch [38]
==> Preparing Data Loader...
Epoch: [77][0/37] Time: 0.685 (0.685) lr:0.000009 base_lr:0.000009Loss: 0.2857 (0.2857) iLoss: 0.0058 (0.0058) CLoss: 0.0000 (0.0000) mmd_loss: 0.3205 (0.3205) kl_loss: 0.0882 (0.0882) muloss:0.1275Accu: 100.00
Test Epoch: 77
original feature:   Rank-1: 84.00% | Rank-5: 98.00% | Rank-10: 98.00%| Rank-20: 100.00%| mAP: 78.12%| mINP: 67.01%
feature after BN:   Rank-1: 86.00% | Rank-5: 96.00% | Rank-10: 98.00%| Rank-20: 100.00%| mAP: 80.91%| mINP: 72.10%
Best Epoch [38]
==> Preparing Data Loader...
Epoch: [78][0/37] Time: 0.689 (0.689) lr:0.000009 base_lr:0.000009Loss: 0.2664 (0.2664) iLoss: 0.0098 (0.0098) CLoss: 0.0000 (0.0000) mmd_loss: 0.3288 (0.3288) kl_loss: 0.0800 (0.0800) muloss:0.1109Accu: 100.00
Test Epoch: 78
original feature:   Rank-1: 80.00% | Rank-5: 98.00% | Rank-10: 98.00%| Rank-20: 100.00%| mAP: 75.42%| mINP: 64.21%
feature after BN:   Rank-1: 84.00% | Rank-5: 96.00% | Rank-10: 98.00%| Rank-20: 100.00%| mAP: 79.90%| mINP: 71.52%
Best Epoch [38]
==> Preparing Data Loader...
Epoch: [79][0/37] Time: 0.788 (0.788) lr:0.000009 base_lr:0.000009Loss: 0.2726 (0.2726) iLoss: 0.0064 (0.0064) CLoss: 0.0000 (0.0000) mmd_loss: 0.3197 (0.3197) kl_loss: 0.0605 (0.0605) muloss:0.1417Accu: 100.00
Test Epoch: 79
original feature:   Rank-1: 80.00% | Rank-5: 96.00% | Rank-10: 98.00%| Rank-20: 100.00%| mAP: 75.52%| mINP: 64.14%
feature after BN:   Rank-1: 86.00% | Rank-5: 98.00% | Rank-10: 98.00%| Rank-20: 100.00%| mAP: 81.31%| mINP: 72.95%
Best Epoch [38]
==> Preparing Data Loader...
Epoch: [80][0/37] Time: 0.923 (0.923) lr:0.000001 base_lr:0.000001Loss: 0.2868 (0.2868) iLoss: 0.0061 (0.0061) CLoss: 0.0000 (0.0000) mmd_loss: 0.3507 (0.3507) kl_loss: 0.0781 (0.0781) muloss:0.1324Accu: 100.00
Test Epoch: 80
original feature:   Rank-1: 82.00% | Rank-5: 98.00% | Rank-10: 98.00%| Rank-20: 100.00%| mAP: 76.53%| mINP: 64.99%
feature after BN:   Rank-1: 86.00% | Rank-5: 96.00% | Rank-10: 98.00%| Rank-20: 100.00%| mAP: 80.77%| mINP: 71.51%
Best Epoch [38]
==> Preparing Data Loader...
Epoch: [81][0/37] Time: 0.640 (0.640) lr:0.000001 base_lr:0.000001Loss: 0.3457 (0.3457) iLoss: 0.0079 (0.0079) CLoss: 0.0000 (0.0000) mmd_loss: 0.3319 (0.3319) kl_loss: 0.0932 (0.0932) muloss:0.1782Accu: 100.00
Test Epoch: 81
original feature:   Rank-1: 80.00% | Rank-5: 96.00% | Rank-10: 98.00%| Rank-20: 100.00%| mAP: 76.07%| mINP: 65.33%
feature after BN:   Rank-1: 82.00% | Rank-5: 96.00% | Rank-10: 98.00%| Rank-20: 100.00%| mAP: 79.53%| mINP: 71.79%
Best Epoch [38]
==> Preparing Data Loader...
Epoch: [82][0/37] Time: 0.869 (0.869) lr:0.000001 base_lr:0.000001Loss: 0.3922 (0.3922) iLoss: 0.0080 (0.0080) CLoss: 0.0000 (0.0000) mmd_loss: 0.3242 (0.3242) kl_loss: 0.0883 (0.0883) muloss:0.2310Accu: 100.00
Test Epoch: 82
original feature:   Rank-1: 82.00% | Rank-5: 98.00% | Rank-10: 98.00%| Rank-20: 100.00%| mAP: 76.20%| mINP: 64.53%
feature after BN:   Rank-1: 86.00% | Rank-5: 98.00% | Rank-10: 98.00%| Rank-20: 100.00%| mAP: 80.77%| mINP: 71.51%
Best Epoch [38]
==> Preparing Data Loader...
Epoch: [83][0/37] Time: 0.846 (0.846) lr:0.000001 base_lr:0.000001Loss: 0.5503 (0.5503) iLoss: 0.0234 (0.0234) CLoss: 0.0000 (0.0000) mmd_loss: 0.4038 (0.4038) kl_loss: 0.1536 (0.1536) muloss:0.2926Accu: 100.00
Test Epoch: 83
original feature:   Rank-1: 84.00% | Rank-5: 96.00% | Rank-10: 98.00%| Rank-20: 100.00%| mAP: 77.18%| mINP: 65.46%
feature after BN:   Rank-1: 86.00% | Rank-5: 96.00% | Rank-10: 98.00%| Rank-20: 100.00%| mAP: 81.13%| mINP: 72.65%
Best Epoch [38]
==> Preparing Data Loader...
Epoch: [84][0/37] Time: 0.749 (0.749) lr:0.000001 base_lr:0.000001Loss: 0.4302 (0.4302) iLoss: 0.0069 (0.0069) CLoss: 0.0000 (0.0000) mmd_loss: 0.3113 (0.3113) kl_loss: 0.1492 (0.1492) muloss:0.2118Accu: 100.00
Test Epoch: 84
original feature:   Rank-1: 82.00% | Rank-5: 98.00% | Rank-10: 98.00%| Rank-20: 100.00%| mAP: 76.76%| mINP: 65.56%
feature after BN:   Rank-1: 88.00% | Rank-5: 98.00% | Rank-10: 98.00%| Rank-20: 100.00%| mAP: 81.37%| mINP: 71.94%
Best Epoch [38]
==> Preparing Data Loader...
Epoch: [85][0/37] Time: 0.689 (0.689) lr:0.000001 base_lr:0.000001Loss: 0.3637 (0.3637) iLoss: 0.0093 (0.0093) CLoss: 0.0000 (0.0000) mmd_loss: 0.3323 (0.3323) kl_loss: 0.1239 (0.1239) muloss:0.1639Accu: 100.00
Test Epoch: 85
original feature:   Rank-1: 80.00% | Rank-5: 98.00% | Rank-10: 98.00%| Rank-20: 100.00%| mAP: 76.15%| mINP: 65.39%
feature after BN:   Rank-1: 88.00% | Rank-5: 98.00% | Rank-10: 98.00%| Rank-20: 100.00%| mAP: 79.78%| mINP: 68.78%
Best Epoch [38]
==> Preparing Data Loader...
Epoch: [86][0/37] Time: 0.732 (0.732) lr:0.000001 base_lr:0.000001Loss: 0.5120 (0.5120) iLoss: 0.0098 (0.0098) CLoss: 0.0005 (0.0005) mmd_loss: 0.3771 (0.3771) kl_loss: 0.1594 (0.1594) muloss:0.2668Accu: 100.00
Test Epoch: 86
original feature:   Rank-1: 80.00% | Rank-5: 98.00% | Rank-10: 98.00%| Rank-20: 100.00%| mAP: 75.67%| mINP: 64.51%
feature after BN:   Rank-1: 84.00% | Rank-5: 96.00% | Rank-10: 98.00%| Rank-20: 100.00%| mAP: 79.75%| mINP: 70.79%
Best Epoch [38]
==> Preparing Data Loader...
Epoch: [87][0/37] Time: 0.599 (0.599) lr:0.000001 base_lr:0.000001Loss: 0.4016 (0.4016) iLoss: 0.0094 (0.0094) CLoss: 0.0000 (0.0000) mmd_loss: 0.3287 (0.3287) kl_loss: 0.1126 (0.1126) muloss:0.2138Accu: 100.00
Test Epoch: 87
original feature:   Rank-1: 80.00% | Rank-5: 98.00% | Rank-10: 98.00%| Rank-20: 100.00%| mAP: 76.05%| mINP: 65.04%
feature after BN:   Rank-1: 86.00% | Rank-5: 96.00% | Rank-10: 98.00%| Rank-20: 100.00%| mAP: 80.64%| mINP: 71.90%
Best Epoch [38]
==> Preparing Data Loader...
Epoch: [88][0/37] Time: 0.670 (0.670) lr:0.000001 base_lr:0.000001Loss: 0.3524 (0.3524) iLoss: 0.0101 (0.0101) CLoss: 0.0000 (0.0000) mmd_loss: 0.3668 (0.3668) kl_loss: 0.1121 (0.1121) muloss:0.1568Accu: 100.00
Test Epoch: 88
original feature:   Rank-1: 78.00% | Rank-5: 98.00% | Rank-10: 100.00%| Rank-20: 100.00%| mAP: 76.09%| mINP: 65.96%
feature after BN:   Rank-1: 86.00% | Rank-5: 98.00% | Rank-10: 100.00%| Rank-20: 100.00%| mAP: 80.76%| mINP: 71.56%
Best Epoch [38]
==> Preparing Data Loader...
Epoch: [89][0/37] Time: 0.571 (0.571) lr:0.000001 base_lr:0.000001Loss: 0.3062 (0.3062) iLoss: 0.0050 (0.0050) CLoss: 0.0000 (0.0000) mmd_loss: 0.3678 (0.3678) kl_loss: 0.0814 (0.0814) muloss:0.1462Accu: 100.00
Test Epoch: 89
original feature:   Rank-1: 82.00% | Rank-5: 96.00% | Rank-10: 98.00%| Rank-20: 100.00%| mAP: 76.27%| mINP: 64.57%
feature after BN:   Rank-1: 84.00% | Rank-5: 96.00% | Rank-10: 98.00%| Rank-20: 100.00%| mAP: 79.57%| mINP: 71.19%
Best Epoch [38]
==> Preparing Data Loader...
Epoch: [90][0/37] Time: 0.614 (0.614) lr:0.000001 base_lr:0.000001Loss: 0.5518 (0.5518) iLoss: 0.0144 (0.0144) CLoss: 0.0000 (0.0000) mmd_loss: 0.3113 (0.3113) kl_loss: 0.1596 (0.1596) muloss:0.3155Accu: 100.00
Test Epoch: 90
original feature:   Rank-1: 80.00% | Rank-5: 98.00% | Rank-10: 98.00%| Rank-20: 100.00%| mAP: 75.72%| mINP: 64.38%
feature after BN:   Rank-1: 88.00% | Rank-5: 96.00% | Rank-10: 98.00%| Rank-20: 100.00%| mAP: 80.83%| mINP: 70.70%
Best Epoch [38]
==> Preparing Data Loader...
Epoch: [91][0/37] Time: 0.654 (0.654) lr:0.000001 base_lr:0.000001Loss: 0.3539 (0.3539) iLoss: 0.0082 (0.0082) CLoss: 0.0000 (0.0000) mmd_loss: 0.3192 (0.3192) kl_loss: 0.1015 (0.1015) muloss:0.1804Accu: 100.00
Test Epoch: 91
original feature:   Rank-1: 80.00% | Rank-5: 98.00% | Rank-10: 98.00%| Rank-20: 100.00%| mAP: 75.61%| mINP: 64.25%
feature after BN:   Rank-1: 86.00% | Rank-5: 98.00% | Rank-10: 100.00%| Rank-20: 100.00%| mAP: 81.72%| mINP: 74.04%
Best Epoch [38]
==> Preparing Data Loader...
Epoch: [92][0/37] Time: 0.602 (0.602) lr:0.000001 base_lr:0.000001Loss: 0.3289 (0.3289) iLoss: 0.0160 (0.0160) CLoss: 0.0000 (0.0000) mmd_loss: 0.3747 (0.3747) kl_loss: 0.0907 (0.0907) muloss:0.1473Accu: 100.00
Test Epoch: 92
original feature:   Rank-1: 80.00% | Rank-5: 94.00% | Rank-10: 98.00%| Rank-20: 100.00%| mAP: 75.15%| mINP: 63.57%
feature after BN:   Rank-1: 86.00% | Rank-5: 98.00% | Rank-10: 98.00%| Rank-20: 100.00%| mAP: 80.99%| mINP: 72.13%
Best Epoch [38]
==> Preparing Data Loader...
Epoch: [93][0/37] Time: 0.927 (0.927) lr:0.000001 base_lr:0.000001Loss: 0.5315 (0.5315) iLoss: 0.0065 (0.0065) CLoss: 0.0001 (0.0001) mmd_loss: 0.4194 (0.4194) kl_loss: 0.1426 (0.1426) muloss:0.2984Accu: 100.00
Test Epoch: 93
original feature:   Rank-1: 82.00% | Rank-5: 98.00% | Rank-10: 98.00%| Rank-20: 100.00%| mAP: 76.12%| mINP: 64.17%
feature after BN:   Rank-1: 84.00% | Rank-5: 96.00% | Rank-10: 98.00%| Rank-20: 100.00%| mAP: 80.86%| mINP: 72.75%
Best Epoch [38]
==> Preparing Data Loader...
Epoch: [94][0/37] Time: 0.615 (0.615) lr:0.000001 base_lr:0.000001Loss: 0.5279 (0.5279) iLoss: 0.0221 (0.0221) CLoss: 0.0014 (0.0014) mmd_loss: 0.4168 (0.4168) kl_loss: 0.1406 (0.1406) muloss:0.2805Accu: 100.00
Test Epoch: 94
original feature:   Rank-1: 80.00% | Rank-5: 98.00% | Rank-10: 100.00%| Rank-20: 100.00%| mAP: 75.57%| mINP: 64.02%
feature after BN:   Rank-1: 86.00% | Rank-5: 94.00% | Rank-10: 98.00%| Rank-20: 100.00%| mAP: 80.95%| mINP: 72.02%
Best Epoch [38]
==> Preparing Data Loader...
Epoch: [95][0/37] Time: 0.603 (0.603) lr:0.000001 base_lr:0.000001Loss: 0.4796 (0.4796) iLoss: 0.0130 (0.0130) CLoss: 0.0005 (0.0005) mmd_loss: 0.3906 (0.3906) kl_loss: 0.1030 (0.1030) muloss:0.2850Accu: 100.00
Test Epoch: 95
original feature:   Rank-1: 84.00% | Rank-5: 98.00% | Rank-10: 98.00%| Rank-20: 100.00%| mAP: 76.56%| mINP: 64.16%
feature after BN:   Rank-1: 86.00% | Rank-5: 98.00% | Rank-10: 98.00%| Rank-20: 100.00%| mAP: 81.31%| mINP: 72.91%
Best Epoch [38]
==> Preparing Data Loader...
Epoch: [96][0/37] Time: 0.922 (0.922) lr:0.000001 base_lr:0.000001Loss: 0.1734 (0.1734) iLoss: 0.0072 (0.0072) CLoss: 0.0000 (0.0000) mmd_loss: 0.3449 (0.3449) kl_loss: 0.0448 (0.0448) muloss:0.0523Accu: 100.00
Test Epoch: 96
original feature:   Rank-1: 80.00% | Rank-5: 96.00% | Rank-10: 98.00%| Rank-20: 100.00%| mAP: 76.36%| mINP: 65.81%
feature after BN:   Rank-1: 86.00% | Rank-5: 98.00% | Rank-10: 98.00%| Rank-20: 100.00%| mAP: 80.36%| mINP: 71.37%
Best Epoch [38]
==> Preparing Data Loader...
Epoch: [97][0/37] Time: 0.820 (0.820) lr:0.000001 base_lr:0.000001Loss: 0.1609 (0.1609) iLoss: 0.0052 (0.0052) CLoss: 0.0000 (0.0000) mmd_loss: 0.3137 (0.3137) kl_loss: 0.0384 (0.0384) muloss:0.0546Accu: 100.00
Test Epoch: 97
original feature:   Rank-1: 80.00% | Rank-5: 98.00% | Rank-10: 98.00%| Rank-20: 100.00%| mAP: 76.14%| mINP: 65.20%
feature after BN:   Rank-1: 86.00% | Rank-5: 98.00% | Rank-10: 100.00%| Rank-20: 100.00%| mAP: 80.89%| mINP: 71.94%
Best Epoch [38]
==> Preparing Data Loader...
Epoch: [98][0/37] Time: 0.677 (0.677) lr:0.000001 base_lr:0.000001Loss: 0.2648 (0.2648) iLoss: 0.0067 (0.0067) CLoss: 0.0000 (0.0000) mmd_loss: 0.3500 (0.3500) kl_loss: 0.0714 (0.0714) muloss:0.1167Accu: 100.00
Test Epoch: 98
original feature:   Rank-1: 78.00% | Rank-5: 98.00% | Rank-10: 98.00%| Rank-20: 100.00%| mAP: 75.37%| mINP: 64.69%
feature after BN:   Rank-1: 86.00% | Rank-5: 94.00% | Rank-10: 98.00%| Rank-20: 100.00%| mAP: 81.33%| mINP: 72.68%
Best Epoch [38]
==> Preparing Data Loader...
Epoch: [99][0/37] Time: 0.863 (0.863) lr:0.000001 base_lr:0.000001Loss: 0.4607 (0.4607) iLoss: 0.0092 (0.0092) CLoss: 0.0000 (0.0000) mmd_loss: 0.3760 (0.3760) kl_loss: 0.1526 (0.1526) muloss:0.2237Accu: 100.00
Test Epoch: 99
original feature:   Rank-1: 80.00% | Rank-5: 96.00% | Rank-10: 98.00%| Rank-20: 100.00%| mAP: 75.49%| mINP: 64.09%
feature after BN:   Rank-1: 84.00% | Rank-5: 94.00% | Rank-10: 98.00%| Rank-20: 100.00%| mAP: 79.66%| mINP: 71.00%
Best Epoch [38]