==========
Args:Namespace(augc=0, batch_size=8, dataset='pku', decay_step=16, dim=2048, gpu='0,1,2,3', img_h=288, img_w=144, log_path='log/', lr=0.009, margin=0.5, max_epoch=100, mode='all', model_path='save_model/', noticed='pku-sketchlr0009_AdamW_weightdecay002_test3', num_pos=1, pool_dim=2048, rande=0, rerank='no', save_epoch=1000, seed=23, test_batch=8, trial=1, warm_up_epoch=8, workers=4)
==========
==> Loading data..
data init success!
==> Building model..
==> Building success!..
==> Start Training...
==> Preparing Data Loader...
Epoch: [0][0/37] Time: 3.277 (3.277) lr:0.000112 base_lr:0.000011Loss: 14.2841 (14.2841) iLoss: 5.0220 (5.0220) CLoss: 3.5933 (3.5933) mmd_loss: 1.4336 (1.4336) kl_loss: 0.3630 (0.3630) muloss:5.0191Accu: 0.00
Test Epoch: 0
original feature:   Rank-1: 6.00% | Rank-5: 28.00% | Rank-10: 56.00%| Rank-20: 70.00%| mAP: 12.54%| mINP: 6.07%
feature after BN:   Rank-1: 12.00% | Rank-5: 36.00% | Rank-10: 44.00%| Rank-20: 64.00%| mAP: 18.49%| mINP: 11.81%
Best Epoch [0]
==> Preparing Data Loader...
Epoch: [1][0/37] Time: 0.592 (0.592) lr:0.000225 base_lr:0.000023Loss: 13.7788 (13.7788) iLoss: 4.9915 (4.9915) CLoss: 3.2822 (3.2822) mmd_loss: 1.0800 (1.0800) kl_loss: 0.3485 (0.3485) muloss:4.9406Accu: 25.00
Test Epoch: 1
original feature:   Rank-1: 16.00% | Rank-5: 36.00% | Rank-10: 56.00%| Rank-20: 68.00%| mAP: 18.48%| mINP: 10.09%
feature after BN:   Rank-1: 16.00% | Rank-5: 42.00% | Rank-10: 52.00%| Rank-20: 70.00%| mAP: 21.49%| mINP: 14.15%
Best Epoch [1]
==> Preparing Data Loader...
Epoch: [2][0/37] Time: 0.582 (0.582) lr:0.000338 base_lr:0.000034Loss: 12.3688 (12.3688) iLoss: 4.8748 (4.8748) CLoss: 2.3297 (2.3297) mmd_loss: 0.9406 (0.9406) kl_loss: 0.3149 (0.3149) muloss:4.6613Accu: 50.00
Test Epoch: 2
original feature:   Rank-1: 32.00% | Rank-5: 54.00% | Rank-10: 66.00%| Rank-20: 84.00%| mAP: 31.03%| mINP: 19.30%
feature after BN:   Rank-1: 24.00% | Rank-5: 48.00% | Rank-10: 64.00%| Rank-20: 92.00%| mAP: 31.15%| mINP: 24.60%
Best Epoch [2]
==> Preparing Data Loader...
Epoch: [3][0/37] Time: 0.583 (0.583) lr:0.000450 base_lr:0.000045Loss: 11.0766 (11.0766) iLoss: 4.6910 (4.6910) CLoss: 1.7107 (1.7107) mmd_loss: 0.8374 (0.8374) kl_loss: 0.3168 (0.3168) muloss:4.1906Accu: 25.00
Test Epoch: 3
original feature:   Rank-1: 34.00% | Rank-5: 64.00% | Rank-10: 82.00%| Rank-20: 90.00%| mAP: 38.69%| mINP: 29.60%
feature after BN:   Rank-1: 30.00% | Rank-5: 60.00% | Rank-10: 76.00%| Rank-20: 86.00%| mAP: 36.33%| mINP: 27.46%
Best Epoch [3]
==> Preparing Data Loader...
Epoch: [4][0/37] Time: 0.602 (0.602) lr:0.000562 base_lr:0.000056Loss: 8.7215 (8.7215) iLoss: 4.3820 (4.3820) CLoss: 0.5811 (0.5811) mmd_loss: 0.6184 (0.6184) kl_loss: 0.3667 (0.3667) muloss:3.2681Accu: 37.50
Test Epoch: 4
original feature:   Rank-1: 38.00% | Rank-5: 74.00% | Rank-10: 88.00%| Rank-20: 96.00%| mAP: 46.17%| mINP: 38.47%
feature after BN:   Rank-1: 36.00% | Rank-5: 70.00% | Rank-10: 88.00%| Rank-20: 92.00%| mAP: 44.49%| mINP: 38.16%
Best Epoch [4]
==> Preparing Data Loader...
Epoch: [5][0/37] Time: 0.560 (0.560) lr:0.000675 base_lr:0.000068Loss: 7.0773 (7.0773) iLoss: 3.8323 (3.8323) CLoss: 0.1834 (0.1834) mmd_loss: 0.5189 (0.5189) kl_loss: 0.4526 (0.4526) muloss:2.5052Accu: 12.50
Test Epoch: 5
original feature:   Rank-1: 42.00% | Rank-5: 82.00% | Rank-10: 94.00%| Rank-20: 100.00%| mAP: 47.39%| mINP: 36.84%
feature after BN:   Rank-1: 46.00% | Rank-5: 82.00% | Rank-10: 90.00%| Rank-20: 96.00%| mAP: 51.30%| mINP: 41.14%
Best Epoch [5]
==> Preparing Data Loader...
Epoch: [6][0/37] Time: 0.569 (0.569) lr:0.000788 base_lr:0.000079Loss: 6.5248 (6.5248) iLoss: 3.6365 (3.6365) CLoss: 0.0617 (0.0617) mmd_loss: 0.4910 (0.4910) kl_loss: 0.5732 (0.5732) muloss:2.1553Accu: 43.75
Test Epoch: 6
original feature:   Rank-1: 48.00% | Rank-5: 86.00% | Rank-10: 94.00%| Rank-20: 98.00%| mAP: 54.14%| mINP: 45.13%
feature after BN:   Rank-1: 52.00% | Rank-5: 76.00% | Rank-10: 92.00%| Rank-20: 94.00%| mAP: 53.61%| mINP: 43.25%
Best Epoch [6]
==> Preparing Data Loader...
Epoch: [7][0/37] Time: 0.559 (0.559) lr:0.000900 base_lr:0.000090Loss: 6.3321 (6.3321) iLoss: 3.3141 (3.3141) CLoss: 0.1233 (0.1233) mmd_loss: 0.4913 (0.4913) kl_loss: 0.5333 (0.5333) muloss:2.2631Accu: 43.75
Test Epoch: 7
original feature:   Rank-1: 56.00% | Rank-5: 88.00% | Rank-10: 96.00%| Rank-20: 98.00%| mAP: 55.84%| mINP: 43.09%
feature after BN:   Rank-1: 60.00% | Rank-5: 92.00% | Rank-10: 98.00%| Rank-20: 100.00%| mAP: 59.85%| mINP: 46.88%
Best Epoch [7]
==> Preparing Data Loader...
Epoch: [8][0/37] Time: 0.573 (0.573) lr:0.000900 base_lr:0.000090Loss: 4.3297 (4.3297) iLoss: 1.9402 (1.9402) CLoss: 0.0184 (0.0184) mmd_loss: 0.4656 (0.4656) kl_loss: 0.5701 (0.5701) muloss:1.7078Accu: 81.25
Test Epoch: 8
original feature:   Rank-1: 54.00% | Rank-5: 92.00% | Rank-10: 96.00%| Rank-20: 100.00%| mAP: 58.64%| mINP: 48.42%
feature after BN:   Rank-1: 62.00% | Rank-5: 82.00% | Rank-10: 96.00%| Rank-20: 96.00%| mAP: 60.17%| mINP: 49.48%
Best Epoch [8]
==> Preparing Data Loader...
Epoch: [9][0/37] Time: 0.572 (0.572) lr:0.000899 base_lr:0.000090Loss: 3.5898 (3.5898) iLoss: 1.6357 (1.6357) CLoss: 0.0004 (0.0004) mmd_loss: 0.4274 (0.4274) kl_loss: 0.7045 (0.7045) muloss:1.1637Accu: 87.50
Test Epoch: 9
original feature:   Rank-1: 60.00% | Rank-5: 90.00% | Rank-10: 100.00%| Rank-20: 100.00%| mAP: 64.58%| mINP: 55.83%
feature after BN:   Rank-1: 60.00% | Rank-5: 90.00% | Rank-10: 96.00%| Rank-20: 96.00%| mAP: 65.12%| mINP: 57.84%
Best Epoch [8]
==> Preparing Data Loader...
Epoch: [10][0/37] Time: 0.584 (0.584) lr:0.000898 base_lr:0.000090Loss: 3.9291 (3.9291) iLoss: 1.7132 (1.7132) CLoss: 0.0008 (0.0008) mmd_loss: 0.4257 (0.4257) kl_loss: 0.7619 (0.7619) muloss:1.3680Accu: 62.50
Test Epoch: 10
original feature:   Rank-1: 60.00% | Rank-5: 98.00% | Rank-10: 100.00%| Rank-20: 100.00%| mAP: 63.40%| mINP: 53.42%
feature after BN:   Rank-1: 64.00% | Rank-5: 92.00% | Rank-10: 96.00%| Rank-20: 100.00%| mAP: 65.21%| mINP: 54.86%
Best Epoch [10]
==> Preparing Data Loader...
Epoch: [11][0/37] Time: 0.586 (0.586) lr:0.000896 base_lr:0.000090Loss: 3.1565 (3.1565) iLoss: 1.0343 (1.0343) CLoss: 0.0001 (0.0001) mmd_loss: 0.4366 (0.4366) kl_loss: 0.6760 (0.6760) muloss:1.3588Accu: 87.50
Test Epoch: 11
original feature:   Rank-1: 68.00% | Rank-5: 96.00% | Rank-10: 100.00%| Rank-20: 100.00%| mAP: 66.99%| mINP: 56.04%
feature after BN:   Rank-1: 64.00% | Rank-5: 90.00% | Rank-10: 96.00%| Rank-20: 100.00%| mAP: 66.88%| mINP: 57.77%
Best Epoch [11]
==> Preparing Data Loader...
Epoch: [12][0/37] Time: 0.632 (0.632) lr:0.000893 base_lr:0.000089Loss: 2.8087 (2.8087) iLoss: 0.7567 (0.7567) CLoss: 0.0001 (0.0001) mmd_loss: 0.4214 (0.4214) kl_loss: 0.7390 (0.7390) muloss:1.2287Accu: 100.00
Test Epoch: 12
original feature:   Rank-1: 70.00% | Rank-5: 94.00% | Rank-10: 100.00%| Rank-20: 100.00%| mAP: 70.29%| mINP: 61.57%
feature after BN:   Rank-1: 66.00% | Rank-5: 94.00% | Rank-10: 98.00%| Rank-20: 100.00%| mAP: 69.71%| mINP: 62.85%
Best Epoch [12]
==> Preparing Data Loader...
Epoch: [13][0/37] Time: 0.592 (0.592) lr:0.000891 base_lr:0.000089Loss: 2.0357 (2.0357) iLoss: 0.4351 (0.4351) CLoss: 0.0000 (0.0000) mmd_loss: 0.3471 (0.3471) kl_loss: 0.6029 (0.6029) muloss:0.9283Accu: 100.00
Test Epoch: 13
original feature:   Rank-1: 68.00% | Rank-5: 92.00% | Rank-10: 100.00%| Rank-20: 100.00%| mAP: 67.92%| mINP: 58.32%
feature after BN:   Rank-1: 66.00% | Rank-5: 92.00% | Rank-10: 96.00%| Rank-20: 98.00%| mAP: 67.97%| mINP: 59.41%
Best Epoch [12]
==> Preparing Data Loader...
Epoch: [14][0/37] Time: 0.589 (0.589) lr:0.000887 base_lr:0.000089Loss: 1.8074 (1.8074) iLoss: 0.3140 (0.3140) CLoss: 0.0000 (0.0000) mmd_loss: 0.3645 (0.3645) kl_loss: 0.5951 (0.5951) muloss:0.8254Accu: 100.00
Test Epoch: 14
original feature:   Rank-1: 66.00% | Rank-5: 90.00% | Rank-10: 100.00%| Rank-20: 100.00%| mAP: 68.70%| mINP: 59.70%
feature after BN:   Rank-1: 66.00% | Rank-5: 96.00% | Rank-10: 100.00%| Rank-20: 100.00%| mAP: 70.32%| mINP: 62.69%
Best Epoch [12]
==> Preparing Data Loader...
Epoch: [15][0/37] Time: 0.599 (0.599) lr:0.000883 base_lr:0.000088Loss: 2.2547 (2.2547) iLoss: 0.4333 (0.4333) CLoss: 0.0000 (0.0000) mmd_loss: 0.4061 (0.4061) kl_loss: 0.5856 (0.5856) muloss:1.1546Accu: 100.00
Test Epoch: 15
original feature:   Rank-1: 70.00% | Rank-5: 98.00% | Rank-10: 100.00%| Rank-20: 100.00%| mAP: 70.51%| mINP: 61.40%
feature after BN:   Rank-1: 68.00% | Rank-5: 92.00% | Rank-10: 96.00%| Rank-20: 100.00%| mAP: 69.88%| mINP: 61.86%
Best Epoch [12]
==> Preparing Data Loader...
Epoch: [16][0/37] Time: 0.660 (0.660) lr:0.000879 base_lr:0.000088Loss: 1.8671 (1.8671) iLoss: 0.2604 (0.2604) CLoss: 0.0000 (0.0000) mmd_loss: 0.3641 (0.3641) kl_loss: 0.5868 (0.5868) muloss:0.9471Accu: 100.00
Test Epoch: 16
original feature:   Rank-1: 66.00% | Rank-5: 94.00% | Rank-10: 100.00%| Rank-20: 100.00%| mAP: 69.79%| mINP: 62.48%
feature after BN:   Rank-1: 70.00% | Rank-5: 92.00% | Rank-10: 96.00%| Rank-20: 100.00%| mAP: 70.41%| mINP: 62.16%
Best Epoch [12]
==> Preparing Data Loader...
Epoch: [17][0/37] Time: 0.593 (0.593) lr:0.000450 base_lr:0.000450Loss: 1.9213 (1.9213) iLoss: 0.3082 (0.3082) CLoss: 0.0002 (0.0002) mmd_loss: 0.3880 (0.3880) kl_loss: 0.5618 (0.5618) muloss:0.9735Accu: 100.00
Test Epoch: 17
original feature:   Rank-1: 18.00% | Rank-5: 48.00% | Rank-10: 60.00%| Rank-20: 76.00%| mAP: 23.81%| mINP: 14.31%
feature after BN:   Rank-1: 22.00% | Rank-5: 48.00% | Rank-10: 60.00%| Rank-20: 78.00%| mAP: 25.03%| mINP: 15.16%
Best Epoch [12]
==> Preparing Data Loader...
Epoch: [18][0/37] Time: 0.585 (0.585) lr:0.000450 base_lr:0.000450Loss: 6.3012 (6.3012) iLoss: 1.8643 (1.8643) CLoss: 0.6962 (0.6962) mmd_loss: 0.8626 (0.8626) kl_loss: 0.6302 (0.6302) muloss:2.9380Accu: 56.25
Test Epoch: 18
original feature:   Rank-1: 24.00% | Rank-5: 50.00% | Rank-10: 70.00%| Rank-20: 82.00%| mAP: 28.83%| mINP: 18.77%
feature after BN:   Rank-1: 30.00% | Rank-5: 60.00% | Rank-10: 72.00%| Rank-20: 88.00%| mAP: 32.10%| mINP: 20.07%
Best Epoch [12]
==> Preparing Data Loader...
Epoch: [19][0/37] Time: 0.574 (0.574) lr:0.000450 base_lr:0.000450Loss: 8.5583 (8.5583) iLoss: 2.8363 (2.8363) CLoss: 1.1852 (1.1852) mmd_loss: 1.0229 (1.0229) kl_loss: 0.5101 (0.5101) muloss:3.8221Accu: 31.25
Test Epoch: 19
original feature:   Rank-1: 68.00% | Rank-5: 94.00% | Rank-10: 94.00%| Rank-20: 96.00%| mAP: 65.96%| mINP: 54.06%
feature after BN:   Rank-1: 76.00% | Rank-5: 88.00% | Rank-10: 94.00%| Rank-20: 100.00%| mAP: 68.48%| mINP: 54.85%
Best Epoch [19]
==> Preparing Data Loader...
Epoch: [20][0/37] Time: 0.579 (0.579) lr:0.000450 base_lr:0.000450Loss: 4.2416 (4.2416) iLoss: 1.0746 (1.0746) CLoss: 0.2627 (0.2627) mmd_loss: 0.6777 (0.6777) kl_loss: 0.5929 (0.5929) muloss:2.1759Accu: 56.25
Test Epoch: 20
original feature:   Rank-1: 70.00% | Rank-5: 90.00% | Rank-10: 96.00%| Rank-20: 100.00%| mAP: 64.94%| mINP: 50.05%
feature after BN:   Rank-1: 70.00% | Rank-5: 88.00% | Rank-10: 98.00%| Rank-20: 100.00%| mAP: 66.73%| mINP: 54.36%
Best Epoch [19]
==> Preparing Data Loader...
Epoch: [21][0/37] Time: 0.645 (0.645) lr:0.000450 base_lr:0.000450Loss: 3.4688 (3.4688) iLoss: 0.6613 (0.6613) CLoss: 0.0773 (0.0773) mmd_loss: 0.6346 (0.6346) kl_loss: 0.8616 (0.8616) muloss:1.7417Accu: 87.50
Test Epoch: 21
original feature:   Rank-1: 66.00% | Rank-5: 96.00% | Rank-10: 96.00%| Rank-20: 98.00%| mAP: 65.36%| mINP: 52.36%
feature after BN:   Rank-1: 70.00% | Rank-5: 96.00% | Rank-10: 96.00%| Rank-20: 96.00%| mAP: 66.33%| mINP: 52.12%
Best Epoch [19]
==> Preparing Data Loader...
Epoch: [22][0/37] Time: 0.657 (0.657) lr:0.000450 base_lr:0.000450Loss: 3.2486 (3.2486) iLoss: 0.4703 (0.4703) CLoss: 0.0065 (0.0065) mmd_loss: 0.5638 (0.5638) kl_loss: 0.8038 (0.8038) muloss:1.8552Accu: 93.75
Test Epoch: 22
original feature:   Rank-1: 60.00% | Rank-5: 84.00% | Rank-10: 94.00%| Rank-20: 98.00%| mAP: 62.33%| mINP: 52.65%
feature after BN:   Rank-1: 70.00% | Rank-5: 86.00% | Rank-10: 94.00%| Rank-20: 98.00%| mAP: 67.35%| mINP: 56.99%
Best Epoch [19]
==> Preparing Data Loader...
Epoch: [23][0/37] Time: 0.615 (0.615) lr:0.000450 base_lr:0.000450Loss: 3.6319 (3.6319) iLoss: 0.6278 (0.6278) CLoss: 0.1832 (0.1832) mmd_loss: 0.7094 (0.7094) kl_loss: 0.9629 (0.9629) muloss:1.7162Accu: 87.50
Test Epoch: 23
original feature:   Rank-1: 66.00% | Rank-5: 94.00% | Rank-10: 98.00%| Rank-20: 100.00%| mAP: 67.31%| mINP: 56.65%
feature after BN:   Rank-1: 76.00% | Rank-5: 94.00% | Rank-10: 98.00%| Rank-20: 98.00%| mAP: 72.71%| mINP: 61.80%
Best Epoch [19]
==> Preparing Data Loader...
Epoch: [24][0/37] Time: 0.592 (0.592) lr:0.000450 base_lr:0.000450Loss: 1.6017 (1.6017) iLoss: 0.0251 (0.0251) CLoss: 0.0304 (0.0304) mmd_loss: 0.5805 (0.5805) kl_loss: 0.8600 (0.8600) muloss:0.5702Accu: 100.00
Test Epoch: 24
original feature:   Rank-1: 68.00% | Rank-5: 94.00% | Rank-10: 98.00%| Rank-20: 100.00%| mAP: 70.98%| mINP: 63.41%
feature after BN:   Rank-1: 72.00% | Rank-5: 92.00% | Rank-10: 100.00%| Rank-20: 100.00%| mAP: 71.36%| mINP: 61.55%
Best Epoch [19]
==> Preparing Data Loader...
Epoch: [25][0/37] Time: 0.581 (0.581) lr:0.000225 base_lr:0.000225Loss: 1.9609 (1.9609) iLoss: 0.1424 (0.1424) CLoss: 0.0001 (0.0001) mmd_loss: 0.6012 (0.6012) kl_loss: 0.8802 (0.8802) muloss:0.8180Accu: 100.00
Test Epoch: 25
original feature:   Rank-1: 82.00% | Rank-5: 94.00% | Rank-10: 100.00%| Rank-20: 100.00%| mAP: 80.01%| mINP: 71.91%
feature after BN:   Rank-1: 80.00% | Rank-5: 98.00% | Rank-10: 100.00%| Rank-20: 100.00%| mAP: 79.70%| mINP: 71.18%
Best Epoch [25]
==> Preparing Data Loader...
Epoch: [26][0/37] Time: 0.576 (0.576) lr:0.000225 base_lr:0.000225Loss: 0.7940 (0.7940) iLoss: 0.0776 (0.0776) CLoss: 0.0201 (0.0201) mmd_loss: 0.4956 (0.4956) kl_loss: 0.2631 (0.2631) muloss:0.3340Accu: 100.00
Test Epoch: 26
original feature:   Rank-1: 84.00% | Rank-5: 96.00% | Rank-10: 100.00%| Rank-20: 100.00%| mAP: 80.74%| mINP: 72.32%
feature after BN:   Rank-1: 80.00% | Rank-5: 96.00% | Rank-10: 100.00%| Rank-20: 100.00%| mAP: 80.77%| mINP: 75.20%
Best Epoch [26]
==> Preparing Data Loader...
Epoch: [27][0/37] Time: 0.625 (0.625) lr:0.000225 base_lr:0.000225Loss: 0.5598 (0.5598) iLoss: 0.0162 (0.0162) CLoss: 0.0000 (0.0000) mmd_loss: 0.4565 (0.4565) kl_loss: 0.2706 (0.2706) muloss:0.1817Accu: 100.00
Test Epoch: 27
original feature:   Rank-1: 86.00% | Rank-5: 98.00% | Rank-10: 100.00%| Rank-20: 100.00%| mAP: 81.02%| mINP: 71.95%
feature after BN:   Rank-1: 84.00% | Rank-5: 98.00% | Rank-10: 100.00%| Rank-20: 100.00%| mAP: 83.17%| mINP: 76.45%
Best Epoch [27]
==> Preparing Data Loader...
Epoch: [28][0/37] Time: 0.638 (0.638) lr:0.000225 base_lr:0.000225Loss: 1.2560 (1.2560) iLoss: 0.0318 (0.0318) CLoss: 0.0005 (0.0005) mmd_loss: 0.5223 (0.5223) kl_loss: 0.5928 (0.5928) muloss:0.5264Accu: 100.00
Test Epoch: 28
original feature:   Rank-1: 78.00% | Rank-5: 100.00% | Rank-10: 100.00%| Rank-20: 100.00%| mAP: 81.42%| mINP: 76.44%
feature after BN:   Rank-1: 84.00% | Rank-5: 98.00% | Rank-10: 100.00%| Rank-20: 100.00%| mAP: 84.22%| mINP: 78.72%
Best Epoch [27]
==> Preparing Data Loader...
Epoch: [29][0/37] Time: 0.630 (0.630) lr:0.000225 base_lr:0.000225Loss: 0.9882 (0.9882) iLoss: 0.0252 (0.0252) CLoss: 0.0000 (0.0000) mmd_loss: 0.5003 (0.5003) kl_loss: 0.4280 (0.4280) muloss:0.4349Accu: 100.00
Test Epoch: 29
original feature:   Rank-1: 80.00% | Rank-5: 98.00% | Rank-10: 100.00%| Rank-20: 100.00%| mAP: 80.18%| mINP: 73.46%
feature after BN:   Rank-1: 88.00% | Rank-5: 98.00% | Rank-10: 100.00%| Rank-20: 100.00%| mAP: 84.50%| mINP: 76.45%
Best Epoch [29]
==> Preparing Data Loader...
Epoch: [30][0/37] Time: 0.645 (0.645) lr:0.000090 base_lr:0.000090Loss: 0.3260 (0.3260) iLoss: 0.0322 (0.0322) CLoss: 0.0000 (0.0000) mmd_loss: 0.4398 (0.4398) kl_loss: 0.1077 (0.1077) muloss:0.0980Accu: 100.00
Test Epoch: 30
original feature:   Rank-1: 84.00% | Rank-5: 100.00% | Rank-10: 100.00%| Rank-20: 100.00%| mAP: 81.19%| mINP: 73.25%
feature after BN:   Rank-1: 82.00% | Rank-5: 98.00% | Rank-10: 100.00%| Rank-20: 100.00%| mAP: 84.42%| mINP: 79.61%
Best Epoch [29]
==> Preparing Data Loader...
Epoch: [31][0/37] Time: 0.672 (0.672) lr:0.000090 base_lr:0.000090Loss: 0.6308 (0.6308) iLoss: 0.0281 (0.0281) CLoss: 0.0086 (0.0086) mmd_loss: 0.5186 (0.5186) kl_loss: 0.3027 (0.3027) muloss:0.1878Accu: 100.00
Test Epoch: 31
original feature:   Rank-1: 86.00% | Rank-5: 98.00% | Rank-10: 100.00%| Rank-20: 100.00%| mAP: 82.07%| mINP: 74.25%
feature after BN:   Rank-1: 82.00% | Rank-5: 98.00% | Rank-10: 100.00%| Rank-20: 100.00%| mAP: 84.19%| mINP: 79.17%
Best Epoch [29]
==> Preparing Data Loader...
Epoch: [32][0/37] Time: 0.646 (0.646) lr:0.000090 base_lr:0.000090Loss: 0.8792 (0.8792) iLoss: 0.0258 (0.0258) CLoss: 0.0000 (0.0000) mmd_loss: 0.4682 (0.4682) kl_loss: 0.2467 (0.2467) muloss:0.5131Accu: 100.00
Test Epoch: 32
original feature:   Rank-1: 80.00% | Rank-5: 98.00% | Rank-10: 100.00%| Rank-20: 100.00%| mAP: 81.07%| mINP: 75.79%
feature after BN:   Rank-1: 84.00% | Rank-5: 98.00% | Rank-10: 100.00%| Rank-20: 100.00%| mAP: 84.02%| mINP: 77.50%
Best Epoch [29]
==> Preparing Data Loader...
Epoch: [33][0/37] Time: 0.606 (0.606) lr:0.000090 base_lr:0.000090Loss: 0.3413 (0.3413) iLoss: 0.0145 (0.0145) CLoss: 0.0000 (0.0000) mmd_loss: 0.4053 (0.4053) kl_loss: 0.1394 (0.1394) muloss:0.1064Accu: 100.00
Test Epoch: 33
original feature:   Rank-1: 82.00% | Rank-5: 100.00% | Rank-10: 100.00%| Rank-20: 100.00%| mAP: 80.79%| mINP: 73.45%
feature after BN:   Rank-1: 82.00% | Rank-5: 98.00% | Rank-10: 100.00%| Rank-20: 100.00%| mAP: 83.56%| mINP: 78.22%
Best Epoch [29]
==> Preparing Data Loader...
Epoch: [34][0/37] Time: 0.580 (0.580) lr:0.000090 base_lr:0.000090Loss: 0.3044 (0.3044) iLoss: 0.0268 (0.0268) CLoss: 0.0000 (0.0000) mmd_loss: 0.4711 (0.4711) kl_loss: 0.0981 (0.0981) muloss:0.0852Accu: 100.00
Test Epoch: 34
original feature:   Rank-1: 84.00% | Rank-5: 96.00% | Rank-10: 100.00%| Rank-20: 100.00%| mAP: 81.03%| mINP: 73.43%
feature after BN:   Rank-1: 84.00% | Rank-5: 98.00% | Rank-10: 100.00%| Rank-20: 100.00%| mAP: 83.73%| mINP: 77.24%
Best Epoch [29]
==> Preparing Data Loader...
Epoch: [35][0/37] Time: 0.825 (0.825) lr:0.000090 base_lr:0.000090Loss: 0.5586 (0.5586) iLoss: 0.0265 (0.0265) CLoss: 0.0000 (0.0000) mmd_loss: 0.4558 (0.4558) kl_loss: 0.1808 (0.1808) muloss:0.2601Accu: 100.00
Test Epoch: 35
original feature:   Rank-1: 78.00% | Rank-5: 98.00% | Rank-10: 100.00%| Rank-20: 100.00%| mAP: 78.76%| mINP: 71.62%
feature after BN:   Rank-1: 82.00% | Rank-5: 98.00% | Rank-10: 100.00%| Rank-20: 100.00%| mAP: 84.33%| mINP: 79.95%
Best Epoch [29]
==> Preparing Data Loader...
Epoch: [36][0/37] Time: 0.603 (0.603) lr:0.000090 base_lr:0.000090Loss: 0.3868 (0.3868) iLoss: 0.0130 (0.0130) CLoss: 0.0001 (0.0001) mmd_loss: 0.4600 (0.4600) kl_loss: 0.1110 (0.1110) muloss:0.1707Accu: 100.00
Test Epoch: 36
original feature:   Rank-1: 80.00% | Rank-5: 98.00% | Rank-10: 100.00%| Rank-20: 100.00%| mAP: 79.12%| mINP: 71.33%
feature after BN:   Rank-1: 84.00% | Rank-5: 98.00% | Rank-10: 100.00%| Rank-20: 100.00%| mAP: 83.71%| mINP: 77.53%
Best Epoch [29]
==> Preparing Data Loader...
Epoch: [37][0/37] Time: 0.629 (0.629) lr:0.000090 base_lr:0.000090Loss: 0.5710 (0.5710) iLoss: 0.0081 (0.0081) CLoss: 0.0007 (0.0007) mmd_loss: 0.4404 (0.4404) kl_loss: 0.2263 (0.2263) muloss:0.2477Accu: 100.00
Test Epoch: 37
original feature:   Rank-1: 82.00% | Rank-5: 98.00% | Rank-10: 100.00%| Rank-20: 100.00%| mAP: 79.55%| mINP: 71.02%
feature after BN:   Rank-1: 82.00% | Rank-5: 98.00% | Rank-10: 100.00%| Rank-20: 100.00%| mAP: 83.79%| mINP: 78.36%
Best Epoch [29]
==> Preparing Data Loader...
Epoch: [38][0/37] Time: 0.612 (0.612) lr:0.000090 base_lr:0.000090Loss: 0.5964 (0.5964) iLoss: 0.0085 (0.0085) CLoss: 0.0000 (0.0000) mmd_loss: 0.3927 (0.3927) kl_loss: 0.2112 (0.2112) muloss:0.2982Accu: 100.00
Test Epoch: 38
original feature:   Rank-1: 78.00% | Rank-5: 98.00% | Rank-10: 100.00%| Rank-20: 100.00%| mAP: 78.57%| mINP: 71.52%
feature after BN:   Rank-1: 82.00% | Rank-5: 98.00% | Rank-10: 100.00%| Rank-20: 100.00%| mAP: 82.92%| mINP: 76.62%
Best Epoch [29]
==> Preparing Data Loader...
Epoch: [39][0/37] Time: 0.692 (0.692) lr:0.000090 base_lr:0.000090Loss: 0.4113 (0.4113) iLoss: 0.0114 (0.0114) CLoss: 0.0000 (0.0000) mmd_loss: 0.3881 (0.3881) kl_loss: 0.1779 (0.1779) muloss:0.1443Accu: 100.00
Test Epoch: 39
original feature:   Rank-1: 80.00% | Rank-5: 96.00% | Rank-10: 100.00%| Rank-20: 100.00%| mAP: 78.12%| mINP: 69.67%
feature after BN:   Rank-1: 82.00% | Rank-5: 98.00% | Rank-10: 100.00%| Rank-20: 100.00%| mAP: 83.14%| mINP: 77.31%
Best Epoch [29]
==> Preparing Data Loader...
Epoch: [40][0/37] Time: 0.599 (0.599) lr:0.000090 base_lr:0.000090Loss: 0.2833 (0.2833) iLoss: 0.0098 (0.0098) CLoss: 0.0001 (0.0001) mmd_loss: 0.4027 (0.4027) kl_loss: 0.1232 (0.1232) muloss:0.0697Accu: 100.00
Test Epoch: 40
original feature:   Rank-1: 76.00% | Rank-5: 96.00% | Rank-10: 100.00%| Rank-20: 100.00%| mAP: 78.42%| mINP: 72.43%
feature after BN:   Rank-1: 82.00% | Rank-5: 98.00% | Rank-10: 100.00%| Rank-20: 100.00%| mAP: 83.30%| mINP: 77.32%
Best Epoch [29]
==> Preparing Data Loader...
Epoch: [41][0/37] Time: 0.578 (0.578) lr:0.000090 base_lr:0.000090Loss: 0.4635 (0.4635) iLoss: 0.0109 (0.0109) CLoss: 0.0000 (0.0000) mmd_loss: 0.4057 (0.4057) kl_loss: 0.1486 (0.1486) muloss:0.2228Accu: 100.00
Test Epoch: 41
original feature:   Rank-1: 80.00% | Rank-5: 98.00% | Rank-10: 100.00%| Rank-20: 100.00%| mAP: 80.05%| mINP: 73.70%
feature after BN:   Rank-1: 82.00% | Rank-5: 98.00% | Rank-10: 100.00%| Rank-20: 100.00%| mAP: 83.48%| mINP: 77.73%
Best Epoch [29]
==> Preparing Data Loader...
Epoch: [42][0/37] Time: 0.584 (0.584) lr:0.000090 base_lr:0.000090Loss: 0.2059 (0.2059) iLoss: 0.0079 (0.0079) CLoss: 0.0000 (0.0000) mmd_loss: 0.3780 (0.3780) kl_loss: 0.0765 (0.0765) muloss:0.0460Accu: 100.00
Test Epoch: 42
original feature:   Rank-1: 80.00% | Rank-5: 100.00% | Rank-10: 100.00%| Rank-20: 100.00%| mAP: 80.03%| mINP: 73.60%
feature after BN:   Rank-1: 82.00% | Rank-5: 98.00% | Rank-10: 100.00%| Rank-20: 100.00%| mAP: 84.22%| mINP: 79.21%
Best Epoch [29]
==> Preparing Data Loader...
Epoch: [43][0/37] Time: 0.811 (0.811) lr:0.000090 base_lr:0.000090Loss: 0.3329 (0.3329) iLoss: 0.0133 (0.0133) CLoss: 0.0021 (0.0021) mmd_loss: 0.4086 (0.4086) kl_loss: 0.0891 (0.0891) muloss:0.1467Accu: 100.00
Test Epoch: 43
original feature:   Rank-1: 78.00% | Rank-5: 96.00% | Rank-10: 100.00%| Rank-20: 100.00%| mAP: 80.04%| mINP: 74.17%
feature after BN:   Rank-1: 84.00% | Rank-5: 98.00% | Rank-10: 100.00%| Rank-20: 100.00%| mAP: 84.81%| mINP: 79.73%
Best Epoch [29]
==> Preparing Data Loader...
Epoch: [44][0/37] Time: 0.595 (0.595) lr:0.000090 base_lr:0.000090Loss: 0.4860 (0.4860) iLoss: 0.0115 (0.0115) CLoss: 0.0000 (0.0000) mmd_loss: 0.4143 (0.4143) kl_loss: 0.1696 (0.1696) muloss:0.2221Accu: 100.00
Test Epoch: 44
original feature:   Rank-1: 80.00% | Rank-5: 96.00% | Rank-10: 100.00%| Rank-20: 100.00%| mAP: 80.56%| mINP: 74.09%
feature after BN:   Rank-1: 86.00% | Rank-5: 98.00% | Rank-10: 100.00%| Rank-20: 100.00%| mAP: 84.10%| mINP: 77.65%
Best Epoch [29]
==> Preparing Data Loader...
Epoch: [45][0/37] Time: 0.612 (0.612) lr:0.000027 base_lr:0.000027Loss: 0.4598 (0.4598) iLoss: 0.0078 (0.0078) CLoss: 0.0000 (0.0000) mmd_loss: 0.3778 (0.3778) kl_loss: 0.2400 (0.2400) muloss:0.1364Accu: 100.00
Test Epoch: 45
original feature:   Rank-1: 78.00% | Rank-5: 98.00% | Rank-10: 100.00%| Rank-20: 100.00%| mAP: 79.42%| mINP: 72.70%
feature after BN:   Rank-1: 86.00% | Rank-5: 98.00% | Rank-10: 100.00%| Rank-20: 100.00%| mAP: 84.20%| mINP: 77.52%
Best Epoch [29]
==> Preparing Data Loader...
Epoch: [46][0/37] Time: 0.587 (0.587) lr:0.000027 base_lr:0.000027Loss: 0.2178 (0.2178) iLoss: 0.0081 (0.0081) CLoss: 0.0000 (0.0000) mmd_loss: 0.3491 (0.3491) kl_loss: 0.0766 (0.0766) muloss:0.0633Accu: 100.00
Test Epoch: 46
original feature:   Rank-1: 80.00% | Rank-5: 98.00% | Rank-10: 100.00%| Rank-20: 100.00%| mAP: 80.07%| mINP: 73.35%
feature after BN:   Rank-1: 86.00% | Rank-5: 98.00% | Rank-10: 100.00%| Rank-20: 100.00%| mAP: 85.22%| mINP: 79.48%
Best Epoch [29]
==> Preparing Data Loader...
Epoch: [47][0/37] Time: 0.595 (0.595) lr:0.000027 base_lr:0.000027Loss: 0.5301 (0.5301) iLoss: 0.0141 (0.0141) CLoss: 0.0000 (0.0000) mmd_loss: 0.3639 (0.3639) kl_loss: 0.2019 (0.2019) muloss:0.2413Accu: 100.00
Test Epoch: 47
original feature:   Rank-1: 78.00% | Rank-5: 96.00% | Rank-10: 100.00%| Rank-20: 100.00%| mAP: 79.63%| mINP: 74.06%
feature after BN:   Rank-1: 82.00% | Rank-5: 98.00% | Rank-10: 100.00%| Rank-20: 100.00%| mAP: 83.73%| mINP: 78.39%
Best Epoch [29]
==> Preparing Data Loader...
Epoch: [48][0/37] Time: 0.623 (0.623) lr:0.000027 base_lr:0.000027Loss: 0.3510 (0.3510) iLoss: 0.0089 (0.0089) CLoss: 0.0000 (0.0000) mmd_loss: 0.3566 (0.3566) kl_loss: 0.1115 (0.1115) muloss:0.1592Accu: 100.00
Test Epoch: 48
original feature:   Rank-1: 82.00% | Rank-5: 98.00% | Rank-10: 100.00%| Rank-20: 100.00%| mAP: 80.85%| mINP: 74.57%
feature after BN:   Rank-1: 86.00% | Rank-5: 98.00% | Rank-10: 100.00%| Rank-20: 100.00%| mAP: 84.69%| mINP: 78.49%
Best Epoch [29]
==> Preparing Data Loader...
Epoch: [49][0/37] Time: 0.836 (0.836) lr:0.000027 base_lr:0.000027Loss: 0.1603 (0.1603) iLoss: 0.0118 (0.0118) CLoss: 0.0000 (0.0000) mmd_loss: 0.3510 (0.3510) kl_loss: 0.0434 (0.0434) muloss:0.0349Accu: 100.00
Test Epoch: 49
original feature:   Rank-1: 78.00% | Rank-5: 94.00% | Rank-10: 100.00%| Rank-20: 100.00%| mAP: 78.78%| mINP: 72.37%
feature after BN:   Rank-1: 84.00% | Rank-5: 98.00% | Rank-10: 100.00%| Rank-20: 100.00%| mAP: 83.54%| mINP: 77.19%
Best Epoch [29]
==> Preparing Data Loader...
Epoch: [50][0/37] Time: 0.662 (0.662) lr:0.000009 base_lr:0.000009Loss: 0.4282 (0.4282) iLoss: 0.0165 (0.0165) CLoss: 0.0000 (0.0000) mmd_loss: 0.3471 (0.3471) kl_loss: 0.1205 (0.1205) muloss:0.2218Accu: 100.00
Test Epoch: 50
original feature:   Rank-1: 80.00% | Rank-5: 96.00% | Rank-10: 100.00%| Rank-20: 100.00%| mAP: 80.06%| mINP: 73.39%
feature after BN:   Rank-1: 86.00% | Rank-5: 98.00% | Rank-10: 100.00%| Rank-20: 100.00%| mAP: 84.71%| mINP: 78.46%
Best Epoch [29]
==> Preparing Data Loader...
Epoch: [51][0/37] Time: 0.569 (0.569) lr:0.000009 base_lr:0.000009Loss: 0.3722 (0.3722) iLoss: 0.0385 (0.0385) CLoss: 0.0002 (0.0002) mmd_loss: 0.4104 (0.4104) kl_loss: 0.1110 (0.1110) muloss:0.1404Accu: 100.00
Test Epoch: 51
original feature:   Rank-1: 80.00% | Rank-5: 100.00% | Rank-10: 100.00%| Rank-20: 100.00%| mAP: 80.63%| mINP: 74.23%
feature after BN:   Rank-1: 86.00% | Rank-5: 98.00% | Rank-10: 100.00%| Rank-20: 100.00%| mAP: 85.03%| mINP: 79.01%
Best Epoch [29]
==> Preparing Data Loader...
Epoch: [52][0/37] Time: 0.664 (0.664) lr:0.000009 base_lr:0.000009Loss: 0.3973 (0.3973) iLoss: 0.0145 (0.0145) CLoss: 0.0000 (0.0000) mmd_loss: 0.3655 (0.3655) kl_loss: 0.1401 (0.1401) muloss:0.1696Accu: 100.00
Test Epoch: 52
original feature:   Rank-1: 80.00% | Rank-5: 98.00% | Rank-10: 100.00%| Rank-20: 100.00%| mAP: 80.88%| mINP: 74.70%
feature after BN:   Rank-1: 86.00% | Rank-5: 98.00% | Rank-10: 100.00%| Rank-20: 100.00%| mAP: 85.33%| mINP: 79.70%
Best Epoch [29]
==> Preparing Data Loader...
Epoch: [53][0/37] Time: 0.599 (0.599) lr:0.000009 base_lr:0.000009Loss: 0.7073 (0.7073) iLoss: 0.0072 (0.0072) CLoss: 0.0000 (0.0000) mmd_loss: 0.3825 (0.3825) kl_loss: 0.2774 (0.2774) muloss:0.3461Accu: 100.00
Test Epoch: 53
original feature:   Rank-1: 78.00% | Rank-5: 98.00% | Rank-10: 100.00%| Rank-20: 100.00%| mAP: 79.48%| mINP: 73.36%
feature after BN:   Rank-1: 82.00% | Rank-5: 98.00% | Rank-10: 100.00%| Rank-20: 100.00%| mAP: 83.94%| mINP: 78.82%
Best Epoch [29]
==> Preparing Data Loader...
Epoch: [54][0/37] Time: 0.577 (0.577) lr:0.000009 base_lr:0.000009Loss: 0.2409 (0.2409) iLoss: 0.0143 (0.0143) CLoss: 0.0000 (0.0000) mmd_loss: 0.3373 (0.3373) kl_loss: 0.0570 (0.0570) muloss:0.1021Accu: 100.00
Test Epoch: 54
original feature:   Rank-1: 80.00% | Rank-5: 96.00% | Rank-10: 100.00%| Rank-20: 100.00%| mAP: 80.19%| mINP: 73.48%
feature after BN:   Rank-1: 84.00% | Rank-5: 98.00% | Rank-10: 100.00%| Rank-20: 100.00%| mAP: 84.94%| mINP: 79.93%
Best Epoch [29]
==> Preparing Data Loader...
Epoch: [55][0/37] Time: 0.592 (0.592) lr:0.000009 base_lr:0.000009Loss: 0.4764 (0.4764) iLoss: 0.0106 (0.0106) CLoss: 0.0000 (0.0000) mmd_loss: 0.3408 (0.3408) kl_loss: 0.1304 (0.1304) muloss:0.2671Accu: 100.00
Test Epoch: 55
original feature:   Rank-1: 78.00% | Rank-5: 96.00% | Rank-10: 100.00%| Rank-20: 100.00%| mAP: 79.77%| mINP: 73.85%
feature after BN:   Rank-1: 86.00% | Rank-5: 98.00% | Rank-10: 100.00%| Rank-20: 100.00%| mAP: 84.64%| mINP: 78.39%
Best Epoch [29]
==> Preparing Data Loader...
Epoch: [56][0/37] Time: 0.632 (0.632) lr:0.000009 base_lr:0.000009Loss: 0.2198 (0.2198) iLoss: 0.0051 (0.0051) CLoss: 0.0000 (0.0000) mmd_loss: 0.3321 (0.3321) kl_loss: 0.0735 (0.0735) muloss:0.0748Accu: 100.00
Test Epoch: 56
original feature:   Rank-1: 80.00% | Rank-5: 98.00% | Rank-10: 100.00%| Rank-20: 100.00%| mAP: 80.59%| mINP: 74.38%
feature after BN:   Rank-1: 84.00% | Rank-5: 98.00% | Rank-10: 100.00%| Rank-20: 100.00%| mAP: 84.66%| mINP: 79.27%
Best Epoch [29]
==> Preparing Data Loader...
Epoch: [57][0/37] Time: 0.581 (0.581) lr:0.000009 base_lr:0.000009Loss: 0.3787 (0.3787) iLoss: 0.0118 (0.0118) CLoss: 0.0000 (0.0000) mmd_loss: 0.3433 (0.3433) kl_loss: 0.1044 (0.1044) muloss:0.1939Accu: 100.00
Test Epoch: 57
original feature:   Rank-1: 78.00% | Rank-5: 96.00% | Rank-10: 100.00%| Rank-20: 100.00%| mAP: 80.02%| mINP: 74.58%
feature after BN:   Rank-1: 82.00% | Rank-5: 98.00% | Rank-10: 100.00%| Rank-20: 100.00%| mAP: 84.03%| mINP: 78.84%
Best Epoch [29]
==> Preparing Data Loader...
Epoch: [58][0/37] Time: 0.580 (0.580) lr:0.000009 base_lr:0.000009Loss: 0.2879 (0.2879) iLoss: 0.0082 (0.0082) CLoss: 0.0000 (0.0000) mmd_loss: 0.3101 (0.3101) kl_loss: 0.1097 (0.1097) muloss:0.1080Accu: 100.00
Test Epoch: 58
original feature:   Rank-1: 78.00% | Rank-5: 98.00% | Rank-10: 100.00%| Rank-20: 100.00%| mAP: 80.11%| mINP: 74.17%
feature after BN:   Rank-1: 84.00% | Rank-5: 98.00% | Rank-10: 100.00%| Rank-20: 100.00%| mAP: 84.27%| mINP: 78.49%
Best Epoch [29]
==> Preparing Data Loader...
Epoch: [59][0/37] Time: 0.605 (0.605) lr:0.000009 base_lr:0.000009Loss: 0.2553 (0.2553) iLoss: 0.0104 (0.0104) CLoss: 0.0000 (0.0000) mmd_loss: 0.3633 (0.3633) kl_loss: 0.0923 (0.0923) muloss:0.0799Accu: 100.00
Test Epoch: 59
original feature:   Rank-1: 78.00% | Rank-5: 96.00% | Rank-10: 100.00%| Rank-20: 100.00%| mAP: 79.97%| mINP: 74.25%
feature after BN:   Rank-1: 84.00% | Rank-5: 98.00% | Rank-10: 100.00%| Rank-20: 100.00%| mAP: 84.96%| mINP: 79.70%
Best Epoch [29]
==> Preparing Data Loader...
Epoch: [60][0/37] Time: 0.675 (0.675) lr:0.000009 base_lr:0.000009Loss: 0.4066 (0.4066) iLoss: 0.0089 (0.0089) CLoss: 0.0000 (0.0000) mmd_loss: 0.3280 (0.3280) kl_loss: 0.0987 (0.0987) muloss:0.2334Accu: 100.00
Test Epoch: 60
original feature:   Rank-1: 80.00% | Rank-5: 96.00% | Rank-10: 100.00%| Rank-20: 100.00%| mAP: 80.49%| mINP: 73.92%
feature after BN:   Rank-1: 84.00% | Rank-5: 98.00% | Rank-10: 100.00%| Rank-20: 100.00%| mAP: 84.65%| mINP: 79.24%
Best Epoch [29]
==> Preparing Data Loader...
Epoch: [61][0/37] Time: 0.658 (0.658) lr:0.000009 base_lr:0.000009Loss: 0.3666 (0.3666) iLoss: 0.0083 (0.0083) CLoss: 0.0000 (0.0000) mmd_loss: 0.3284 (0.3284) kl_loss: 0.0431 (0.0431) muloss:0.2495Accu: 100.00
Test Epoch: 61
original feature:   Rank-1: 78.00% | Rank-5: 96.00% | Rank-10: 100.00%| Rank-20: 100.00%| mAP: 79.64%| mINP: 73.25%
feature after BN:   Rank-1: 82.00% | Rank-5: 98.00% | Rank-10: 100.00%| Rank-20: 100.00%| mAP: 83.05%| mINP: 77.32%
Best Epoch [29]
==> Preparing Data Loader...
Epoch: [62][0/37] Time: 0.765 (0.765) lr:0.000009 base_lr:0.000009Loss: 0.3307 (0.3307) iLoss: 0.0083 (0.0083) CLoss: 0.0000 (0.0000) mmd_loss: 0.3328 (0.3328) kl_loss: 0.1223 (0.1223) muloss:0.1334Accu: 100.00
Test Epoch: 62
original feature:   Rank-1: 80.00% | Rank-5: 98.00% | Rank-10: 100.00%| Rank-20: 100.00%| mAP: 80.51%| mINP: 74.09%
feature after BN:   Rank-1: 82.00% | Rank-5: 98.00% | Rank-10: 100.00%| Rank-20: 100.00%| mAP: 84.28%| mINP: 79.00%
Best Epoch [29]
==> Preparing Data Loader...
Epoch: [63][0/37] Time: 0.684 (0.684) lr:0.000009 base_lr:0.000009Loss: 0.5580 (0.5580) iLoss: 0.0337 (0.0337) CLoss: 0.0013 (0.0013) mmd_loss: 0.4067 (0.4067) kl_loss: 0.1504 (0.1504) muloss:0.2913Accu: 100.00
Test Epoch: 63
original feature:   Rank-1: 78.00% | Rank-5: 96.00% | Rank-10: 100.00%| Rank-20: 100.00%| mAP: 79.51%| mINP: 73.70%
feature after BN:   Rank-1: 82.00% | Rank-5: 98.00% | Rank-10: 100.00%| Rank-20: 100.00%| mAP: 83.57%| mINP: 78.18%
Best Epoch [29]
==> Preparing Data Loader...
Epoch: [64][0/37] Time: 0.588 (0.588) lr:0.000009 base_lr:0.000009Loss: 0.3079 (0.3079) iLoss: 0.0104 (0.0104) CLoss: 0.0000 (0.0000) mmd_loss: 0.3399 (0.3399) kl_loss: 0.0549 (0.0549) muloss:0.1746Accu: 100.00
Test Epoch: 64
original feature:   Rank-1: 80.00% | Rank-5: 98.00% | Rank-10: 100.00%| Rank-20: 100.00%| mAP: 80.07%| mINP: 73.34%
feature after BN:   Rank-1: 82.00% | Rank-5: 98.00% | Rank-10: 100.00%| Rank-20: 100.00%| mAP: 83.99%| mINP: 78.75%
Best Epoch [29]
==> Preparing Data Loader...
Epoch: [65][0/37] Time: 0.642 (0.642) lr:0.000009 base_lr:0.000009Loss: 0.8294 (0.8294) iLoss: 0.0248 (0.0248) CLoss: 0.0000 (0.0000) mmd_loss: 0.3517 (0.3517) kl_loss: 0.1721 (0.1721) muloss:0.5621Accu: 100.00
Test Epoch: 65
original feature:   Rank-1: 80.00% | Rank-5: 94.00% | Rank-10: 100.00%| Rank-20: 100.00%| mAP: 80.33%| mINP: 74.07%
feature after BN:   Rank-1: 82.00% | Rank-5: 98.00% | Rank-10: 100.00%| Rank-20: 100.00%| mAP: 83.77%| mINP: 78.49%
Best Epoch [29]
==> Preparing Data Loader...
Epoch: [66][0/37] Time: 0.663 (0.663) lr:0.000009 base_lr:0.000009Loss: 0.3821 (0.3821) iLoss: 0.0089 (0.0089) CLoss: 0.0000 (0.0000) mmd_loss: 0.3238 (0.3238) kl_loss: 0.1436 (0.1436) muloss:0.1648Accu: 100.00
Test Epoch: 66
original feature:   Rank-1: 80.00% | Rank-5: 96.00% | Rank-10: 100.00%| Rank-20: 100.00%| mAP: 79.94%| mINP: 73.15%
feature after BN:   Rank-1: 82.00% | Rank-5: 98.00% | Rank-10: 100.00%| Rank-20: 100.00%| mAP: 84.36%| mINP: 79.49%
Best Epoch [29]
==> Preparing Data Loader...
Epoch: [67][0/37] Time: 0.826 (0.826) lr:0.000009 base_lr:0.000009Loss: 0.2181 (0.2181) iLoss: 0.0071 (0.0071) CLoss: 0.0000 (0.0000) mmd_loss: 0.3117 (0.3117) kl_loss: 0.0605 (0.0605) muloss:0.0881Accu: 100.00
Test Epoch: 67
original feature:   Rank-1: 80.00% | Rank-5: 98.00% | Rank-10: 100.00%| Rank-20: 100.00%| mAP: 80.51%| mINP: 74.00%
feature after BN:   Rank-1: 84.00% | Rank-5: 98.00% | Rank-10: 100.00%| Rank-20: 100.00%| mAP: 84.73%| mINP: 79.24%
Best Epoch [29]
==> Preparing Data Loader...
Epoch: [68][0/37] Time: 0.622 (0.622) lr:0.000009 base_lr:0.000009Loss: 0.3612 (0.3612) iLoss: 0.0070 (0.0070) CLoss: 0.0000 (0.0000) mmd_loss: 0.3842 (0.3842) kl_loss: 0.1207 (0.1207) muloss:0.1566Accu: 100.00
Test Epoch: 68
original feature:   Rank-1: 80.00% | Rank-5: 96.00% | Rank-10: 100.00%| Rank-20: 100.00%| mAP: 80.75%| mINP: 74.11%
feature after BN:   Rank-1: 84.00% | Rank-5: 98.00% | Rank-10: 100.00%| Rank-20: 100.00%| mAP: 85.17%| mINP: 80.12%
Best Epoch [29]
==> Preparing Data Loader...
Epoch: [69][0/37] Time: 0.672 (0.672) lr:0.000009 base_lr:0.000009Loss: 0.3737 (0.3737) iLoss: 0.0128 (0.0128) CLoss: 0.0000 (0.0000) mmd_loss: 0.3322 (0.3322) kl_loss: 0.1050 (0.1050) muloss:0.1895Accu: 100.00
Test Epoch: 69
original feature:   Rank-1: 78.00% | Rank-5: 100.00% | Rank-10: 100.00%| Rank-20: 100.00%| mAP: 79.98%| mINP: 74.37%
feature after BN:   Rank-1: 82.00% | Rank-5: 98.00% | Rank-10: 100.00%| Rank-20: 100.00%| mAP: 85.08%| mINP: 80.93%
Best Epoch [29]
==> Preparing Data Loader...
Epoch: [70][0/37] Time: 0.611 (0.611) lr:0.000009 base_lr:0.000009Loss: 0.3091 (0.3091) iLoss: 0.0059 (0.0059) CLoss: 0.0000 (0.0000) mmd_loss: 0.3552 (0.3552) kl_loss: 0.1035 (0.1035) muloss:0.1286Accu: 100.00
Test Epoch: 70
original feature:   Rank-1: 82.00% | Rank-5: 96.00% | Rank-10: 100.00%| Rank-20: 100.00%| mAP: 80.90%| mINP: 73.82%
feature after BN:   Rank-1: 82.00% | Rank-5: 98.00% | Rank-10: 100.00%| Rank-20: 100.00%| mAP: 83.78%| mINP: 78.50%
Best Epoch [29]
==> Preparing Data Loader...
Epoch: [71][0/37] Time: 0.583 (0.583) lr:0.000009 base_lr:0.000009Loss: 0.7108 (0.7108) iLoss: 0.0363 (0.0363) CLoss: 0.0000 (0.0000) mmd_loss: 0.3636 (0.3636) kl_loss: 0.2013 (0.2013) muloss:0.4005Accu: 100.00
Test Epoch: 71
original feature:   Rank-1: 78.00% | Rank-5: 94.00% | Rank-10: 100.00%| Rank-20: 100.00%| mAP: 80.19%| mINP: 74.46%
feature after BN:   Rank-1: 86.00% | Rank-5: 98.00% | Rank-10: 100.00%| Rank-20: 100.00%| mAP: 85.05%| mINP: 79.31%
Best Epoch [29]
==> Preparing Data Loader...
Epoch: [72][0/37] Time: 0.578 (0.578) lr:0.000009 base_lr:0.000009Loss: 0.6547 (0.6547) iLoss: 0.1207 (0.1207) CLoss: 0.0047 (0.0047) mmd_loss: 0.4231 (0.4231) kl_loss: 0.1286 (0.1286) muloss:0.3160Accu: 93.75
Test Epoch: 72
original feature:   Rank-1: 78.00% | Rank-5: 94.00% | Rank-10: 100.00%| Rank-20: 100.00%| mAP: 79.56%| mINP: 73.99%
feature after BN:   Rank-1: 82.00% | Rank-5: 98.00% | Rank-10: 100.00%| Rank-20: 100.00%| mAP: 84.26%| mINP: 79.46%
Best Epoch [29]
==> Preparing Data Loader...
Epoch: [73][0/37] Time: 0.672 (0.672) lr:0.000009 base_lr:0.000009Loss: 0.3278 (0.3278) iLoss: 0.0072 (0.0072) CLoss: 0.0003 (0.0003) mmd_loss: 0.3375 (0.3375) kl_loss: 0.1192 (0.1192) muloss:0.1337Accu: 100.00
Test Epoch: 73
original feature:   Rank-1: 80.00% | Rank-5: 96.00% | Rank-10: 100.00%| Rank-20: 100.00%| mAP: 80.10%| mINP: 73.73%
feature after BN:   Rank-1: 84.00% | Rank-5: 98.00% | Rank-10: 100.00%| Rank-20: 100.00%| mAP: 85.15%| mINP: 80.57%
Best Epoch [29]
==> Preparing Data Loader...
Epoch: [74][0/37] Time: 0.622 (0.622) lr:0.000009 base_lr:0.000009Loss: 0.3524 (0.3524) iLoss: 0.0090 (0.0090) CLoss: 0.0008 (0.0008) mmd_loss: 0.3706 (0.3706) kl_loss: 0.0916 (0.0916) muloss:0.1769Accu: 100.00
Test Epoch: 74
original feature:   Rank-1: 76.00% | Rank-5: 98.00% | Rank-10: 100.00%| Rank-20: 100.00%| mAP: 79.49%| mINP: 74.00%
feature after BN:   Rank-1: 84.00% | Rank-5: 98.00% | Rank-10: 100.00%| Rank-20: 100.00%| mAP: 84.85%| mINP: 79.14%
Best Epoch [29]
==> Preparing Data Loader...
Epoch: [75][0/37] Time: 0.619 (0.619) lr:0.000009 base_lr:0.000009Loss: 0.2339 (0.2339) iLoss: 0.0053 (0.0053) CLoss: 0.0000 (0.0000) mmd_loss: 0.3015 (0.3015) kl_loss: 0.0673 (0.0673) muloss:0.1010Accu: 100.00
Test Epoch: 75
original feature:   Rank-1: 80.00% | Rank-5: 96.00% | Rank-10: 100.00%| Rank-20: 100.00%| mAP: 79.89%| mINP: 73.29%
feature after BN:   Rank-1: 82.00% | Rank-5: 98.00% | Rank-10: 100.00%| Rank-20: 100.00%| mAP: 84.12%| mINP: 79.18%
Best Epoch [29]
==> Preparing Data Loader...
Epoch: [76][0/37] Time: 0.646 (0.646) lr:0.000009 base_lr:0.000009Loss: 0.2561 (0.2561) iLoss: 0.0056 (0.0056) CLoss: 0.0000 (0.0000) mmd_loss: 0.3305 (0.3305) kl_loss: 0.0978 (0.0978) muloss:0.0866Accu: 100.00
Test Epoch: 76
original feature:   Rank-1: 80.00% | Rank-5: 98.00% | Rank-10: 100.00%| Rank-20: 100.00%| mAP: 80.38%| mINP: 74.12%
feature after BN:   Rank-1: 82.00% | Rank-5: 98.00% | Rank-10: 100.00%| Rank-20: 100.00%| mAP: 83.89%| mINP: 78.56%
Best Epoch [29]
==> Preparing Data Loader...
Epoch: [77][0/37] Time: 0.595 (0.595) lr:0.000009 base_lr:0.000009Loss: 0.3389 (0.3389) iLoss: 0.0078 (0.0078) CLoss: 0.0000 (0.0000) mmd_loss: 0.3126 (0.3126) kl_loss: 0.1052 (0.1052) muloss:0.1634Accu: 100.00
Test Epoch: 77
original feature:   Rank-1: 78.00% | Rank-5: 96.00% | Rank-10: 100.00%| Rank-20: 100.00%| mAP: 80.22%| mINP: 74.25%
feature after BN:   Rank-1: 84.00% | Rank-5: 98.00% | Rank-10: 100.00%| Rank-20: 100.00%| mAP: 84.27%| mINP: 78.49%
Best Epoch [29]
==> Preparing Data Loader...
Epoch: [78][0/37] Time: 0.577 (0.577) lr:0.000009 base_lr:0.000009Loss: 0.3586 (0.3586) iLoss: 0.0202 (0.0202) CLoss: 0.0004 (0.0004) mmd_loss: 0.3303 (0.3303) kl_loss: 0.0932 (0.0932) muloss:0.1788Accu: 100.00
Test Epoch: 78
original feature:   Rank-1: 80.00% | Rank-5: 98.00% | Rank-10: 100.00%| Rank-20: 100.00%| mAP: 80.83%| mINP: 74.54%
feature after BN:   Rank-1: 88.00% | Rank-5: 98.00% | Rank-10: 100.00%| Rank-20: 100.00%| mAP: 86.24%| mINP: 80.25%
Best Epoch [29]
==> Preparing Data Loader...
Epoch: [79][0/37] Time: 0.670 (0.670) lr:0.000009 base_lr:0.000009Loss: 0.2270 (0.2270) iLoss: 0.0046 (0.0046) CLoss: 0.0000 (0.0000) mmd_loss: 0.3043 (0.3043) kl_loss: 0.0822 (0.0822) muloss:0.0794Accu: 100.00
Test Epoch: 79
original feature:   Rank-1: 80.00% | Rank-5: 96.00% | Rank-10: 100.00%| Rank-20: 100.00%| mAP: 80.22%| mINP: 73.58%
feature after BN:   Rank-1: 84.00% | Rank-5: 98.00% | Rank-10: 100.00%| Rank-20: 100.00%| mAP: 85.32%| mINP: 80.68%
Best Epoch [29]
==> Preparing Data Loader...
Epoch: [80][0/37] Time: 0.582 (0.582) lr:0.000001 base_lr:0.000001Loss: 0.3353 (0.3353) iLoss: 0.0063 (0.0063) CLoss: 0.0000 (0.0000) mmd_loss: 0.3459 (0.3459) kl_loss: 0.1013 (0.1013) muloss:0.1585Accu: 100.00
Test Epoch: 80
original feature:   Rank-1: 80.00% | Rank-5: 98.00% | Rank-10: 100.00%| Rank-20: 100.00%| mAP: 80.44%| mINP: 73.91%
feature after BN:   Rank-1: 82.00% | Rank-5: 98.00% | Rank-10: 100.00%| Rank-20: 100.00%| mAP: 84.20%| mINP: 79.35%
Best Epoch [29]
==> Preparing Data Loader...
Epoch: [81][0/37] Time: 0.660 (0.660) lr:0.000001 base_lr:0.000001Loss: 0.3791 (0.3791) iLoss: 0.0064 (0.0064) CLoss: 0.0000 (0.0000) mmd_loss: 0.3038 (0.3038) kl_loss: 0.1273 (0.1273) muloss:0.1847Accu: 100.00
Test Epoch: 81
original feature:   Rank-1: 80.00% | Rank-5: 98.00% | Rank-10: 100.00%| Rank-20: 100.00%| mAP: 80.53%| mINP: 74.31%
feature after BN:   Rank-1: 84.00% | Rank-5: 98.00% | Rank-10: 100.00%| Rank-20: 100.00%| mAP: 84.30%| mINP: 78.65%
Best Epoch [29]
==> Preparing Data Loader...
Epoch: [82][0/37] Time: 0.640 (0.640) lr:0.000001 base_lr:0.000001Loss: 0.2643 (0.2643) iLoss: 0.0064 (0.0064) CLoss: 0.0000 (0.0000) mmd_loss: 0.3465 (0.3465) kl_loss: 0.0549 (0.0549) muloss:0.1337Accu: 100.00
Test Epoch: 82
original feature:   Rank-1: 82.00% | Rank-5: 96.00% | Rank-10: 100.00%| Rank-20: 100.00%| mAP: 81.58%| mINP: 74.98%
feature after BN:   Rank-1: 82.00% | Rank-5: 98.00% | Rank-10: 100.00%| Rank-20: 100.00%| mAP: 84.82%| mINP: 80.42%
Best Epoch [29]
==> Preparing Data Loader...
Epoch: [83][0/37] Time: 0.595 (0.595) lr:0.000001 base_lr:0.000001Loss: 0.4640 (0.4640) iLoss: 0.0232 (0.0232) CLoss: 0.0000 (0.0000) mmd_loss: 0.3466 (0.3466) kl_loss: 0.1438 (0.1438) muloss:0.2277Accu: 100.00
Test Epoch: 83
original feature:   Rank-1: 80.00% | Rank-5: 96.00% | Rank-10: 100.00%| Rank-20: 100.00%| mAP: 80.78%| mINP: 74.87%
feature after BN:   Rank-1: 86.00% | Rank-5: 98.00% | Rank-10: 100.00%| Rank-20: 100.00%| mAP: 85.25%| mINP: 79.71%
Best Epoch [29]
==> Preparing Data Loader...
Epoch: [84][0/37] Time: 0.654 (0.654) lr:0.000001 base_lr:0.000001Loss: 0.4237 (0.4237) iLoss: 0.0085 (0.0085) CLoss: 0.0000 (0.0000) mmd_loss: 0.2752 (0.2752) kl_loss: 0.1314 (0.1314) muloss:0.2288Accu: 100.00
Test Epoch: 84
original feature:   Rank-1: 80.00% | Rank-5: 96.00% | Rank-10: 100.00%| Rank-20: 100.00%| mAP: 80.71%| mINP: 74.72%
feature after BN:   Rank-1: 84.00% | Rank-5: 98.00% | Rank-10: 100.00%| Rank-20: 100.00%| mAP: 84.68%| mINP: 79.41%
Best Epoch [29]
==> Preparing Data Loader...
Epoch: [85][0/37] Time: 0.682 (0.682) lr:0.000001 base_lr:0.000001Loss: 0.3731 (0.3731) iLoss: 0.0164 (0.0164) CLoss: 0.0000 (0.0000) mmd_loss: 0.3168 (0.3168) kl_loss: 0.1180 (0.1180) muloss:0.1754Accu: 100.00
Test Epoch: 85
original feature:   Rank-1: 78.00% | Rank-5: 100.00% | Rank-10: 100.00%| Rank-20: 100.00%| mAP: 80.48%| mINP: 74.42%
feature after BN:   Rank-1: 84.00% | Rank-5: 98.00% | Rank-10: 100.00%| Rank-20: 100.00%| mAP: 84.65%| mINP: 79.25%
Best Epoch [29]
==> Preparing Data Loader...
Epoch: [86][0/37] Time: 0.630 (0.630) lr:0.000001 base_lr:0.000001Loss: 0.4194 (0.4194) iLoss: 0.0205 (0.0205) CLoss: 0.0000 (0.0000) mmd_loss: 0.3613 (0.3613) kl_loss: 0.0613 (0.0613) muloss:0.2653Accu: 100.00
Test Epoch: 86
original feature:   Rank-1: 80.00% | Rank-5: 98.00% | Rank-10: 100.00%| Rank-20: 100.00%| mAP: 80.93%| mINP: 74.55%
feature after BN:   Rank-1: 82.00% | Rank-5: 98.00% | Rank-10: 100.00%| Rank-20: 100.00%| mAP: 83.33%| mINP: 77.71%
Best Epoch [29]
==> Preparing Data Loader...
Epoch: [87][0/37] Time: 0.681 (0.681) lr:0.000001 base_lr:0.000001Loss: 0.3386 (0.3386) iLoss: 0.0142 (0.0142) CLoss: 0.0000 (0.0000) mmd_loss: 0.3821 (0.3821) kl_loss: 0.0951 (0.0951) muloss:0.1528Accu: 100.00
Test Epoch: 87
original feature:   Rank-1: 80.00% | Rank-5: 98.00% | Rank-10: 100.00%| Rank-20: 100.00%| mAP: 80.76%| mINP: 74.73%
feature after BN:   Rank-1: 84.00% | Rank-5: 98.00% | Rank-10: 100.00%| Rank-20: 100.00%| mAP: 83.69%| mINP: 77.42%
Best Epoch [29]
==> Preparing Data Loader...
Epoch: [88][0/37] Time: 0.573 (0.573) lr:0.000001 base_lr:0.000001Loss: 0.3985 (0.3985) iLoss: 0.0089 (0.0089) CLoss: 0.0000 (0.0000) mmd_loss: 0.3718 (0.3718) kl_loss: 0.1343 (0.1343) muloss:0.1809Accu: 100.00
Test Epoch: 88
original feature:   Rank-1: 78.00% | Rank-5: 96.00% | Rank-10: 100.00%| Rank-20: 100.00%| mAP: 80.01%| mINP: 74.16%
feature after BN:   Rank-1: 82.00% | Rank-5: 98.00% | Rank-10: 100.00%| Rank-20: 100.00%| mAP: 84.32%| mINP: 79.42%
Best Epoch [29]
==> Preparing Data Loader...
Epoch: [89][0/37] Time: 0.598 (0.598) lr:0.000001 base_lr:0.000001Loss: 0.2739 (0.2739) iLoss: 0.0039 (0.0039) CLoss: 0.0000 (0.0000) mmd_loss: 0.3363 (0.3363) kl_loss: 0.0831 (0.0831) muloss:0.1196Accu: 100.00
Test Epoch: 89
original feature:   Rank-1: 80.00% | Rank-5: 100.00% | Rank-10: 100.00%| Rank-20: 100.00%| mAP: 80.67%| mINP: 74.46%
feature after BN:   Rank-1: 84.00% | Rank-5: 98.00% | Rank-10: 100.00%| Rank-20: 100.00%| mAP: 85.32%| mINP: 80.09%
Best Epoch [29]
==> Preparing Data Loader...
Epoch: [90][0/37] Time: 0.566 (0.566) lr:0.000001 base_lr:0.000001Loss: 0.4038 (0.4038) iLoss: 0.0235 (0.0235) CLoss: 0.0000 (0.0000) mmd_loss: 0.3016 (0.3016) kl_loss: 0.1116 (0.1116) muloss:0.2084Accu: 100.00
Test Epoch: 90
original feature:   Rank-1: 80.00% | Rank-5: 96.00% | Rank-10: 100.00%| Rank-20: 100.00%| mAP: 80.55%| mINP: 74.54%
feature after BN:   Rank-1: 84.00% | Rank-5: 98.00% | Rank-10: 100.00%| Rank-20: 100.00%| mAP: 84.96%| mINP: 80.14%
Best Epoch [29]
==> Preparing Data Loader...
Epoch: [91][0/37] Time: 0.574 (0.574) lr:0.000001 base_lr:0.000001Loss: 0.4970 (0.4970) iLoss: 0.0094 (0.0094) CLoss: 0.0000 (0.0000) mmd_loss: 0.3746 (0.3746) kl_loss: 0.1306 (0.1306) muloss:0.2821Accu: 100.00
Test Epoch: 91
original feature:   Rank-1: 78.00% | Rank-5: 96.00% | Rank-10: 100.00%| Rank-20: 100.00%| mAP: 80.61%| mINP: 75.41%
feature after BN:   Rank-1: 84.00% | Rank-5: 98.00% | Rank-10: 100.00%| Rank-20: 100.00%| mAP: 85.47%| mINP: 80.99%
Best Epoch [29]
==> Preparing Data Loader...
Epoch: [92][0/37] Time: 0.577 (0.577) lr:0.000001 base_lr:0.000001Loss: 0.3971 (0.3971) iLoss: 0.0140 (0.0140) CLoss: 0.0000 (0.0000) mmd_loss: 0.3367 (0.3367) kl_loss: 0.0660 (0.0660) muloss:0.2497Accu: 100.00
Test Epoch: 92
original feature:   Rank-1: 82.00% | Rank-5: 96.00% | Rank-10: 100.00%| Rank-20: 100.00%| mAP: 81.42%| mINP: 74.91%
feature after BN:   Rank-1: 82.00% | Rank-5: 98.00% | Rank-10: 100.00%| Rank-20: 100.00%| mAP: 83.98%| mINP: 78.75%
Best Epoch [29]
==> Preparing Data Loader...
Epoch: [93][0/37] Time: 0.575 (0.575) lr:0.000001 base_lr:0.000001Loss: 0.4762 (0.4762) iLoss: 0.0072 (0.0072) CLoss: 0.0000 (0.0000) mmd_loss: 0.3570 (0.3570) kl_loss: 0.1339 (0.1339) muloss:0.2637Accu: 100.00
Test Epoch: 93
original feature:   Rank-1: 78.00% | Rank-5: 96.00% | Rank-10: 100.00%| Rank-20: 100.00%| mAP: 80.14%| mINP: 74.09%
feature after BN:   Rank-1: 82.00% | Rank-5: 98.00% | Rank-10: 100.00%| Rank-20: 100.00%| mAP: 84.64%| mINP: 80.32%
Best Epoch [29]
==> Preparing Data Loader...
Epoch: [94][0/37] Time: 0.636 (0.636) lr:0.000001 base_lr:0.000001Loss: 0.5780 (0.5780) iLoss: 0.0147 (0.0147) CLoss: 0.0001 (0.0001) mmd_loss: 0.3789 (0.3789) kl_loss: 0.1867 (0.1867) muloss:0.3008Accu: 100.00
Test Epoch: 94
original feature:   Rank-1: 80.00% | Rank-5: 98.00% | Rank-10: 100.00%| Rank-20: 100.00%| mAP: 80.75%| mINP: 74.63%
feature after BN:   Rank-1: 82.00% | Rank-5: 98.00% | Rank-10: 100.00%| Rank-20: 100.00%| mAP: 84.50%| mINP: 79.95%
Best Epoch [29]
==> Preparing Data Loader...
Epoch: [95][0/37] Time: 0.668 (0.668) lr:0.000001 base_lr:0.000001Loss: 0.5092 (0.5092) iLoss: 0.0141 (0.0141) CLoss: 0.0000 (0.0000) mmd_loss: 0.3709 (0.3709) kl_loss: 0.0964 (0.0964) muloss:0.3245Accu: 100.00
Test Epoch: 95
original feature:   Rank-1: 80.00% | Rank-5: 96.00% | Rank-10: 100.00%| Rank-20: 100.00%| mAP: 80.87%| mINP: 74.39%
feature after BN:   Rank-1: 84.00% | Rank-5: 98.00% | Rank-10: 100.00%| Rank-20: 100.00%| mAP: 85.08%| mINP: 79.95%
Best Epoch [29]
==> Preparing Data Loader...
Epoch: [96][0/37] Time: 0.651 (0.651) lr:0.000001 base_lr:0.000001Loss: 0.2283 (0.2283) iLoss: 0.0052 (0.0052) CLoss: 0.0000 (0.0000) mmd_loss: 0.3273 (0.3273) kl_loss: 0.0759 (0.0759) muloss:0.0817Accu: 100.00
Test Epoch: 96
original feature:   Rank-1: 80.00% | Rank-5: 96.00% | Rank-10: 100.00%| Rank-20: 100.00%| mAP: 80.79%| mINP: 74.39%
feature after BN:   Rank-1: 82.00% | Rank-5: 98.00% | Rank-10: 100.00%| Rank-20: 100.00%| mAP: 84.57%| mINP: 80.08%
Best Epoch [29]
==> Preparing Data Loader...
Epoch: [97][0/37] Time: 0.665 (0.665) lr:0.000001 base_lr:0.000001Loss: 0.3051 (0.3051) iLoss: 0.0059 (0.0059) CLoss: 0.0000 (0.0000) mmd_loss: 0.3258 (0.3258) kl_loss: 0.0625 (0.0625) muloss:0.1715Accu: 100.00
Test Epoch: 97
original feature:   Rank-1: 80.00% | Rank-5: 98.00% | Rank-10: 100.00%| Rank-20: 100.00%| mAP: 80.98%| mINP: 74.88%
feature after BN:   Rank-1: 82.00% | Rank-5: 98.00% | Rank-10: 100.00%| Rank-20: 100.00%| mAP: 84.89%| mINP: 80.23%
Best Epoch [29]
==> Preparing Data Loader...
Epoch: [98][0/37] Time: 0.613 (0.613) lr:0.000001 base_lr:0.000001Loss: 0.2479 (0.2479) iLoss: 0.0073 (0.0073) CLoss: 0.0000 (0.0000) mmd_loss: 0.3314 (0.3314) kl_loss: 0.0966 (0.0966) muloss:0.0776Accu: 100.00
Test Epoch: 98
original feature:   Rank-1: 80.00% | Rank-5: 96.00% | Rank-10: 100.00%| Rank-20: 100.00%| mAP: 80.48%| mINP: 74.07%
feature after BN:   Rank-1: 84.00% | Rank-5: 98.00% | Rank-10: 100.00%| Rank-20: 100.00%| mAP: 84.95%| mINP: 79.84%
Best Epoch [29]
==> Preparing Data Loader...
Epoch: [99][0/37] Time: 0.773 (0.773) lr:0.000001 base_lr:0.000001Loss: 0.5087 (0.5087) iLoss: 0.0092 (0.0092) CLoss: 0.0001 (0.0001) mmd_loss: 0.3767 (0.3767) kl_loss: 0.1549 (0.1549) muloss:0.2692Accu: 100.00
Test Epoch: 99
original feature:   Rank-1: 78.00% | Rank-5: 94.00% | Rank-10: 100.00%| Rank-20: 100.00%| mAP: 80.21%| mINP: 74.53%
feature after BN:   Rank-1: 84.00% | Rank-5: 98.00% | Rank-10: 100.00%| Rank-20: 100.00%| mAP: 83.85%| mINP: 77.82%
Best Epoch [29]
