==========
Args:Namespace(batch_size=6, dataset='regdb', decay_step=16, dim=2048, gpu='0,1,2,3', img_h=288, img_w=144, log_path='log/', lr=0.1, lr_multipliers=[0.1, 0.1, 0.1, 1.0, 1.0, 1.0], margin=0.5, max_epoch=100, mode='all', model_path='save_model/', noticed='RegDB', num_pos=4, pool_dim=2048, rerank='no', save_epoch=1000, seed=0, test_batch=64, trial=7, tta=False, warm_up_epoch=8, workers=4)
==========
==> Loading data..
data init success!
==> Building model..
==> Building success!..
==> Start Training...
==> Preparing Data Loader...
Epoch: [0][0/85] Time: 4.842 (4.842) lr:0.006186 base_lr:0.000619Loss: 12.4483 (12.4483) iLoss: 5.3223 (5.3223) CLoss: 1.2048 (1.2048) da_loss: 0.7643 (0.7643) dd_loss: 5.7684 (5.7684) Accu: 0.00
Test Epoch: 0
original feature:   Rank-1: 2.18% | Rank-5: 5.87% | Rank-10: 9.56%| Rank-20: 15.10%| mAP: 2.46%| mINP: 1.11%
feature after BN:   Rank-1: 2.09% | Rank-5: 7.14% | Rank-10: 11.50%| Rank-20: 17.91%| mAP: 2.98%| mINP: 1.48%
Best Epoch [0]
==> Preparing Data Loader...
Epoch: [1][0/85] Time: 0.470 (0.470) lr:0.012435 base_lr:0.001244Loss: 9.2160 (9.2160) iLoss: 3.2234 (3.2234) CLoss: 1.0204 (1.0204) da_loss: 0.5962 (0.5962) dd_loss: 4.8530 (4.8530) Accu: 25.00
Test Epoch: 1
original feature:   Rank-1: 8.16% | Rank-5: 20.92% | Rank-10: 27.48%| Rank-20: 37.28%| mAP: 7.82%| mINP: 3.05%
feature after BN:   Rank-1: 10.53% | Rank-5: 21.36% | Rank-10: 28.30%| Rank-20: 36.94%| mAP: 9.86%| mINP: 4.40%
Best Epoch [1]
==> Preparing Data Loader...
Epoch: [2][0/85] Time: 0.511 (0.511) lr:0.018685 base_lr:0.001868Loss: 6.5915 (6.5915) iLoss: 1.0923 (1.0923) CLoss: 0.8857 (0.8857) da_loss: 0.6058 (0.6058) dd_loss: 4.4924 (4.4924) Accu: 64.58
Test Epoch: 2
original feature:   Rank-1: 14.17% | Rank-5: 27.82% | Rank-10: 33.98%| Rank-20: 43.50%| mAP: 12.24%| mINP: 4.57%
feature after BN:   Rank-1: 17.77% | Rank-5: 31.17% | Rank-10: 38.64%| Rank-20: 48.50%| mAP: 15.12%| mINP: 6.52%
Best Epoch [2]
==> Preparing Data Loader...
Epoch: [3][0/85] Time: 0.487 (0.487) lr:0.024934 base_lr:0.002493Loss: 6.7247 (6.7247) iLoss: 1.3309 (1.3309) CLoss: 0.8690 (0.8690) da_loss: 0.5959 (0.5959) dd_loss: 4.4056 (4.4056) Accu: 66.67
Test Epoch: 3
original feature:   Rank-1: 10.73% | Rank-5: 21.46% | Rank-10: 30.00%| Rank-20: 39.32%| mAP: 10.50%| mINP: 4.44%
feature after BN:   Rank-1: 11.60% | Rank-5: 20.44% | Rank-10: 26.55%| Rank-20: 37.48%| mAP: 12.01%| mINP: 5.83%
Best Epoch [2]
==> Preparing Data Loader...
Epoch: [4][0/85] Time: 0.484 (0.484) lr:0.031183 base_lr:0.003118Loss: 6.3954 (6.3954) iLoss: 1.3134 (1.3134) CLoss: 0.8100 (0.8100) da_loss: 0.7023 (0.7023) dd_loss: 4.1315 (4.1315) Accu: 60.42
Test Epoch: 4
original feature:   Rank-1: 18.83% | Rank-5: 31.07% | Rank-10: 38.59%| Rank-20: 48.16%| mAP: 16.62%| mINP: 8.77%
feature after BN:   Rank-1: 18.79% | Rank-5: 31.41% | Rank-10: 39.90%| Rank-20: 49.81%| mAP: 17.78%| mINP: 9.95%
Best Epoch [4]
==> Preparing Data Loader...
Epoch: [5][0/85] Time: 0.511 (0.511) lr:0.037433 base_lr:0.003743Loss: 8.3526 (8.3526) iLoss: 2.2446 (2.2446) CLoss: 0.9824 (0.9824) da_loss: 0.6959 (0.6959) dd_loss: 4.9864 (4.9864) Accu: 64.58
Test Epoch: 5
original feature:   Rank-1: 18.01% | Rank-5: 30.97% | Rank-10: 37.48%| Rank-20: 43.98%| mAP: 15.93%| mINP: 8.63%
feature after BN:   Rank-1: 23.20% | Rank-5: 35.15% | Rank-10: 42.18%| Rank-20: 50.97%| mAP: 20.10%| mINP: 10.89%
Best Epoch [5]
==> Preparing Data Loader...
Epoch: [6][0/85] Time: 0.492 (0.492) lr:0.043682 base_lr:0.004368Loss: 5.5894 (5.5894) iLoss: 1.2425 (1.2425) CLoss: 0.8268 (0.8268) da_loss: 0.7890 (0.7890) dd_loss: 3.3622 (3.3622) Accu: 72.92
Test Epoch: 6
original feature:   Rank-1: 18.20% | Rank-5: 30.58% | Rank-10: 38.11%| Rank-20: 46.89%| mAP: 16.16%| mINP: 8.66%
feature after BN:   Rank-1: 23.40% | Rank-5: 34.37% | Rank-10: 43.06%| Rank-20: 52.43%| mAP: 20.66%| mINP: 11.50%
Best Epoch [6]
==> Preparing Data Loader...
Epoch: [7][0/85] Time: 0.528 (0.528) lr:0.049931 base_lr:0.004993Loss: 8.2895 (8.2895) iLoss: 2.1298 (2.1298) CLoss: 0.8272 (0.8272) da_loss: 0.7591 (0.7591) dd_loss: 5.1806 (5.1806) Accu: 47.92
Test Epoch: 7
original feature:   Rank-1: 19.08% | Rank-5: 31.55% | Rank-10: 40.58%| Rank-20: 50.87%| mAP: 17.35%| mINP: 9.29%
feature after BN:   Rank-1: 24.32% | Rank-5: 39.17% | Rank-10: 48.30%| Rank-20: 58.59%| mAP: 21.80%| mINP: 12.40%
Best Epoch [7]
==> Preparing Data Loader...
Epoch: [8][0/85] Time: 0.507 (0.507) lr:0.056181 base_lr:0.005618Loss: 5.0436 (5.0436) iLoss: 0.6422 (0.6422) CLoss: 0.6352 (0.6352) da_loss: 0.7775 (0.7775) dd_loss: 3.6106 (3.6106) Accu: 85.42
Test Epoch: 8
original feature:   Rank-1: 28.20% | Rank-5: 43.06% | Rank-10: 49.22%| Rank-20: 59.13%| mAP: 24.09%| mINP: 11.81%
feature after BN:   Rank-1: 36.26% | Rank-5: 51.99% | Rank-10: 59.81%| Rank-20: 68.54%| mAP: 31.35%| mINP: 17.58%
Best Epoch [8]
==> Preparing Data Loader...
Epoch: [9][0/85] Time: 0.502 (0.502) lr:0.062430 base_lr:0.006243Loss: 6.4711 (6.4711) iLoss: 1.0540 (1.0540) CLoss: 0.8715 (0.8715) da_loss: 0.8180 (0.8180) dd_loss: 4.3819 (4.3819) Accu: 75.00
Test Epoch: 9
original feature:   Rank-1: 34.51% | Rank-5: 47.91% | Rank-10: 56.84%| Rank-20: 66.50%| mAP: 30.28%| mINP: 16.83%
feature after BN:   Rank-1: 48.83% | Rank-5: 64.13% | Rank-10: 72.23%| Rank-20: 80.63%| mAP: 41.38%| mINP: 24.85%
Best Epoch [9]
==> Preparing Data Loader...
Epoch: [10][0/85] Time: 0.494 (0.494) lr:0.068680 base_lr:0.006868Loss: 3.9072 (3.9072) iLoss: 0.2767 (0.2767) CLoss: 0.5125 (0.5125) da_loss: 0.7115 (0.7115) dd_loss: 2.9757 (2.9757) Accu: 87.50
Test Epoch: 10
original feature:   Rank-1: 51.46% | Rank-5: 65.53% | Rank-10: 73.50%| Rank-20: 80.63%| mAP: 43.49%| mINP: 25.58%
feature after BN:   Rank-1: 60.39% | Rank-5: 75.15% | Rank-10: 83.01%| Rank-20: 88.30%| mAP: 52.60%| mINP: 34.60%
Best Epoch [10]
==> Preparing Data Loader...
Epoch: [11][0/85] Time: 0.508 (0.508) lr:0.074929 base_lr:0.007493Loss: 3.6614 (3.6614) iLoss: 0.2453 (0.2453) CLoss: 0.4814 (0.4814) da_loss: 0.6647 (0.6647) dd_loss: 2.8017 (2.8017) Accu: 91.67
Test Epoch: 11
original feature:   Rank-1: 65.00% | Rank-5: 77.04% | Rank-10: 83.01%| Rank-20: 87.86%| mAP: 57.52%| mINP: 39.88%
feature after BN:   Rank-1: 71.60% | Rank-5: 82.86% | Rank-10: 87.38%| Rank-20: 91.84%| mAP: 63.99%| mINP: 46.65%
Best Epoch [11]
==> Preparing Data Loader...
Epoch: [12][0/85] Time: 0.532 (0.532) lr:0.081178 base_lr:0.008118Loss: 1.9293 (1.9293) iLoss: 0.1338 (0.1338) CLoss: 0.2782 (0.2782) da_loss: 0.5735 (0.5735) dd_loss: 1.4026 (1.4026) Accu: 97.92
Test Epoch: 12
original feature:   Rank-1: 67.82% | Rank-5: 78.74% | Rank-10: 84.85%| Rank-20: 89.13%| mAP: 60.77%| mINP: 42.51%
feature after BN:   Rank-1: 73.16% | Rank-5: 83.16% | Rank-10: 87.67%| Rank-20: 91.60%| mAP: 65.75%| mINP: 48.36%
Best Epoch [12]
==> Preparing Data Loader...
Epoch: [13][0/85] Time: 0.492 (0.492) lr:0.087428 base_lr:0.008743Loss: 2.9196 (2.9196) iLoss: 0.1006 (0.1006) CLoss: 0.1798 (0.1798) da_loss: 0.5769 (0.5769) dd_loss: 2.5238 (2.5238) Accu: 100.00
Test Epoch: 13
original feature:   Rank-1: 73.83% | Rank-5: 84.85% | Rank-10: 89.76%| Rank-20: 92.52%| mAP: 66.43%| mINP: 46.95%
feature after BN:   Rank-1: 80.73% | Rank-5: 88.83% | Rank-10: 91.60%| Rank-20: 94.51%| mAP: 72.24%| mINP: 54.79%
Best Epoch [13]
==> Preparing Data Loader...
Epoch: [14][0/85] Time: 0.549 (0.549) lr:0.093677 base_lr:0.009368Loss: 2.3746 (2.3746) iLoss: 0.2023 (0.2023) CLoss: 0.1518 (0.1518) da_loss: 0.5400 (0.5400) dd_loss: 1.9124 (1.9124) Accu: 93.75
Test Epoch: 14
original feature:   Rank-1: 72.96% | Rank-5: 82.77% | Rank-10: 86.99%| Rank-20: 90.68%| mAP: 64.95%| mINP: 47.39%
feature after BN:   Rank-1: 77.48% | Rank-5: 86.65% | Rank-10: 90.87%| Rank-20: 93.79%| mAP: 70.34%| mINP: 53.27%
Best Epoch [13]
==> Preparing Data Loader...
Epoch: [15][0/85] Time: 0.488 (0.488) lr:0.099926 base_lr:0.009993Loss: 1.9888 (1.9888) iLoss: 0.2015 (0.2015) CLoss: 0.2028 (0.2028) da_loss: 0.5697 (0.5697) dd_loss: 1.4705 (1.4705) Accu: 97.92
Test Epoch: 15
original feature:   Rank-1: 77.14% | Rank-5: 86.41% | Rank-10: 90.19%| Rank-20: 93.45%| mAP: 69.76%| mINP: 50.36%
feature after BN:   Rank-1: 82.43% | Rank-5: 89.81% | Rank-10: 92.82%| Rank-20: 95.10%| mAP: 74.57%| mINP: 57.19%
Best Epoch [15]
==> Preparing Data Loader...
Epoch: [16][0/85] Time: 0.500 (0.500) lr:0.098824 base_lr:0.009882Loss: 1.3587 (1.3587) iLoss: 0.0681 (0.0681) CLoss: 0.0232 (0.0232) da_loss: 0.5179 (0.5179) dd_loss: 1.1638 (1.1638) Accu: 100.00
Test Epoch: 16
original feature:   Rank-1: 74.17% | Rank-5: 84.03% | Rank-10: 87.96%| Rank-20: 91.99%| mAP: 66.60%| mINP: 48.02%
feature after BN:   Rank-1: 79.27% | Rank-5: 87.96% | Rank-10: 91.55%| Rank-20: 94.85%| mAP: 72.36%| mINP: 55.73%
Best Epoch [15]
==> Preparing Data Loader...
Epoch: [17][0/85] Time: 0.479 (0.479) lr:0.097633 base_lr:0.009763Loss: 1.0265 (1.0265) iLoss: 0.0177 (0.0177) CLoss: 0.0242 (0.0242) da_loss: 0.5175 (0.5175) dd_loss: 0.8810 (0.8810) Accu: 100.00
Test Epoch: 17
original feature:   Rank-1: 78.40% | Rank-5: 87.43% | Rank-10: 90.78%| Rank-20: 94.37%| mAP: 70.23%| mINP: 51.02%
feature after BN:   Rank-1: 84.85% | Rank-5: 91.75% | Rank-10: 94.08%| Rank-20: 96.02%| mAP: 75.95%| mINP: 57.97%
Best Epoch [17]
==> Preparing Data Loader...
Epoch: [18][0/85] Time: 0.481 (0.481) lr:0.096443 base_lr:0.009644Loss: 1.9154 (1.9154) iLoss: 0.0512 (0.0512) CLoss: 0.0790 (0.0790) da_loss: 0.5465 (0.5465) dd_loss: 1.6759 (1.6759) Accu: 100.00
Test Epoch: 18
original feature:   Rank-1: 78.83% | Rank-5: 86.99% | Rank-10: 90.34%| Rank-20: 93.69%| mAP: 70.37%| mINP: 52.30%
feature after BN:   Rank-1: 85.05% | Rank-5: 91.31% | Rank-10: 93.30%| Rank-20: 96.02%| mAP: 77.16%| mINP: 60.39%
Best Epoch [18]
==> Preparing Data Loader...
Epoch: [19][0/85] Time: 0.535 (0.535) lr:0.095252 base_lr:0.009525Loss: 2.4802 (2.4802) iLoss: 0.1796 (0.1796) CLoss: 0.2044 (0.2044) da_loss: 0.5217 (0.5217) dd_loss: 1.9919 (1.9919) Accu: 97.92
Test Epoch: 19
original feature:   Rank-1: 78.11% | Rank-5: 86.70% | Rank-10: 90.92%| Rank-20: 94.17%| mAP: 70.72%| mINP: 53.70%
feature after BN:   Rank-1: 82.23% | Rank-5: 89.61% | Rank-10: 92.86%| Rank-20: 95.68%| mAP: 75.57%| mINP: 59.38%
Best Epoch [18]
==> Preparing Data Loader...
Epoch: [20][0/85] Time: 0.467 (0.467) lr:0.094062 base_lr:0.009406Loss: 1.1098 (1.1098) iLoss: 0.0326 (0.0326) CLoss: 0.0105 (0.0105) da_loss: 0.4935 (0.4935) dd_loss: 0.9680 (0.9680) Accu: 100.00
Test Epoch: 20
original feature:   Rank-1: 73.54% | Rank-5: 86.12% | Rank-10: 91.02%| Rank-20: 94.51%| mAP: 66.97%| mINP: 47.90%
feature after BN:   Rank-1: 81.60% | Rank-5: 89.32% | Rank-10: 93.16%| Rank-20: 96.21%| mAP: 73.67%| mINP: 56.56%
Best Epoch [18]
==> Preparing Data Loader...
Epoch: [21][0/85] Time: 0.444 (0.444) lr:0.092871 base_lr:0.009287Loss: 1.6236 (1.6236) iLoss: 0.0309 (0.0309) CLoss: 0.0174 (0.0174) da_loss: 0.5643 (0.5643) dd_loss: 1.4624 (1.4624) Accu: 100.00
Test Epoch: 21
original feature:   Rank-1: 79.27% | Rank-5: 88.35% | Rank-10: 92.48%| Rank-20: 95.19%| mAP: 70.81%| mINP: 50.72%
feature after BN:   Rank-1: 84.85% | Rank-5: 92.57% | Rank-10: 94.66%| Rank-20: 97.14%| mAP: 77.25%| mINP: 59.88%
Best Epoch [18]
==> Preparing Data Loader...
Epoch: [22][0/85] Time: 0.551 (0.551) lr:0.091681 base_lr:0.009168Loss: 1.8519 (1.8519) iLoss: 0.2718 (0.2718) CLoss: 0.1478 (0.1478) da_loss: 0.5320 (0.5320) dd_loss: 1.3259 (1.3259) Accu: 97.92
Test Epoch: 22
original feature:   Rank-1: 79.85% | Rank-5: 89.13% | Rank-10: 92.43%| Rank-20: 95.29%| mAP: 71.54%| mINP: 51.98%
feature after BN:   Rank-1: 85.92% | Rank-5: 92.48% | Rank-10: 94.37%| Rank-20: 97.09%| mAP: 77.83%| mINP: 60.87%
Best Epoch [22]
==> Preparing Data Loader...
Epoch: [23][0/85] Time: 0.496 (0.496) lr:0.090490 base_lr:0.009049Loss: 2.0143 (2.0143) iLoss: 0.0725 (0.0725) CLoss: 0.0655 (0.0655) da_loss: 0.4755 (0.4755) dd_loss: 1.7812 (1.7812) Accu: 97.92
Test Epoch: 23
original feature:   Rank-1: 79.71% | Rank-5: 89.81% | Rank-10: 93.50%| Rank-20: 96.12%| mAP: 71.66%| mINP: 52.76%
feature after BN:   Rank-1: 86.60% | Rank-5: 93.79% | Rank-10: 95.83%| Rank-20: 96.84%| mAP: 78.57%| mINP: 60.84%
Best Epoch [23]
==> Preparing Data Loader...
Epoch: [24][0/85] Time: 0.469 (0.469) lr:0.089300 base_lr:0.008930Loss: 1.1576 (1.1576) iLoss: 0.0406 (0.0406) CLoss: 0.0152 (0.0152) da_loss: 0.4987 (0.4987) dd_loss: 1.0021 (1.0021) Accu: 100.00
Test Epoch: 24
original feature:   Rank-1: 80.10% | Rank-5: 88.83% | Rank-10: 93.06%| Rank-20: 95.83%| mAP: 72.47%| mINP: 54.99%
feature after BN:   Rank-1: 83.30% | Rank-5: 90.83% | Rank-10: 94.42%| Rank-20: 96.70%| mAP: 76.59%| mINP: 60.94%
Best Epoch [23]
==> Preparing Data Loader...
Epoch: [25][0/85] Time: 0.486 (0.486) lr:0.088109 base_lr:0.008811Loss: 1.0315 (1.0315) iLoss: 0.0775 (0.0775) CLoss: 0.0326 (0.0326) da_loss: 0.4765 (0.4765) dd_loss: 0.8261 (0.8261) Accu: 100.00
Test Epoch: 25
original feature:   Rank-1: 79.13% | Rank-5: 89.47% | Rank-10: 93.45%| Rank-20: 96.50%| mAP: 71.26%| mINP: 52.91%
feature after BN:   Rank-1: 83.79% | Rank-5: 91.60% | Rank-10: 94.47%| Rank-20: 97.52%| mAP: 76.62%| mINP: 60.42%
Best Epoch [23]
==> Preparing Data Loader...
Epoch: [26][0/85] Time: 0.480 (0.480) lr:0.086919 base_lr:0.008692Loss: 1.4068 (1.4068) iLoss: 0.0877 (0.0877) CLoss: 0.0453 (0.0453) da_loss: 0.5253 (0.5253) dd_loss: 1.1688 (1.1688) Accu: 97.92
Test Epoch: 26
original feature:   Rank-1: 80.29% | Rank-5: 88.54% | Rank-10: 91.84%| Rank-20: 95.05%| mAP: 72.45%| mINP: 53.95%
feature after BN:   Rank-1: 85.24% | Rank-5: 91.65% | Rank-10: 94.32%| Rank-20: 96.94%| mAP: 77.59%| mINP: 61.61%
Best Epoch [23]
==> Preparing Data Loader...
Epoch: [27][0/85] Time: 0.454 (0.454) lr:0.085728 base_lr:0.008573Loss: 1.0431 (1.0431) iLoss: 0.0413 (0.0413) CLoss: 0.0459 (0.0459) da_loss: 0.4747 (0.4747) dd_loss: 0.8610 (0.8610) Accu: 100.00
Test Epoch: 27
original feature:   Rank-1: 81.07% | Rank-5: 90.44% | Rank-10: 93.59%| Rank-20: 95.63%| mAP: 72.22%| mINP: 52.63%
feature after BN:   Rank-1: 86.46% | Rank-5: 92.48% | Rank-10: 94.71%| Rank-20: 96.94%| mAP: 78.96%| mINP: 61.17%
Best Epoch [23]
==> Preparing Data Loader...
Epoch: [28][0/85] Time: 0.444 (0.444) lr:0.084538 base_lr:0.008454Loss: 0.7832 (0.7832) iLoss: 0.0240 (0.0240) CLoss: 0.0012 (0.0012) da_loss: 0.4808 (0.4808) dd_loss: 0.6619 (0.6619) Accu: 100.00
Test Epoch: 28
original feature:   Rank-1: 83.54% | Rank-5: 90.24% | Rank-10: 93.11%| Rank-20: 95.78%| mAP: 73.88%| mINP: 55.65%
feature after BN:   Rank-1: 85.83% | Rank-5: 92.62% | Rank-10: 94.27%| Rank-20: 97.43%| mAP: 78.28%| mINP: 61.65%
Best Epoch [23]
==> Preparing Data Loader...
Epoch: [29][0/85] Time: 0.515 (0.515) lr:0.083347 base_lr:0.008335Loss: 0.8003 (0.8003) iLoss: 0.0292 (0.0292) CLoss: 0.0122 (0.0122) da_loss: 0.4625 (0.4625) dd_loss: 0.6664 (0.6664) Accu: 100.00
Test Epoch: 29
original feature:   Rank-1: 84.51% | Rank-5: 91.70% | Rank-10: 94.51%| Rank-20: 96.21%| mAP: 75.76%| mINP: 57.08%
feature after BN:   Rank-1: 88.25% | Rank-5: 93.93% | Rank-10: 95.58%| Rank-20: 97.38%| mAP: 80.43%| mINP: 63.46%
Best Epoch [29]
==> Preparing Data Loader...
Epoch: [30][0/85] Time: 0.486 (0.486) lr:0.082157 base_lr:0.008216Loss: 1.1736 (1.1736) iLoss: 0.0524 (0.0524) CLoss: 0.0703 (0.0703) da_loss: 0.4613 (0.4613) dd_loss: 0.9586 (0.9586) Accu: 100.00
Test Epoch: 30
original feature:   Rank-1: 82.28% | Rank-5: 91.60% | Rank-10: 94.56%| Rank-20: 96.55%| mAP: 74.01%| mINP: 55.72%
feature after BN:   Rank-1: 86.70% | Rank-5: 92.62% | Rank-10: 94.95%| Rank-20: 97.91%| mAP: 79.19%| mINP: 62.72%
Best Epoch [29]
==> Preparing Data Loader...
Epoch: [31][0/85] Time: 0.479 (0.479) lr:0.080966 base_lr:0.008097Loss: 0.9488 (0.9488) iLoss: 0.0407 (0.0407) CLoss: 0.0260 (0.0260) da_loss: 0.4486 (0.4486) dd_loss: 0.7924 (0.7924) Accu: 100.00
Test Epoch: 31
original feature:   Rank-1: 79.81% | Rank-5: 88.01% | Rank-10: 91.17%| Rank-20: 94.27%| mAP: 69.81%| mINP: 50.46%
feature after BN:   Rank-1: 86.17% | Rank-5: 93.01% | Rank-10: 94.66%| Rank-20: 97.04%| mAP: 76.93%| mINP: 59.84%
Best Epoch [29]
==> Preparing Data Loader...
Epoch: [32][0/85] Time: 0.448 (0.448) lr:0.079776 base_lr:0.007978Loss: 1.0309 (1.0309) iLoss: 0.0650 (0.0650) CLoss: 0.0890 (0.0890) da_loss: 0.5156 (0.5156) dd_loss: 0.7737 (0.7737) Accu: 100.00
Test Epoch: 32
original feature:   Rank-1: 80.24% | Rank-5: 90.10% | Rank-10: 93.11%| Rank-20: 95.87%| mAP: 71.32%| mINP: 51.22%
feature after BN:   Rank-1: 84.90% | Rank-5: 91.80% | Rank-10: 94.22%| Rank-20: 97.14%| mAP: 77.29%| mINP: 60.13%
Best Epoch [29]
==> Preparing Data Loader...
Epoch: [33][0/85] Time: 0.455 (0.455) lr:0.078585 base_lr:0.007859Loss: 1.1373 (1.1373) iLoss: 0.0362 (0.0362) CLoss: 0.0287 (0.0287) da_loss: 0.5305 (0.5305) dd_loss: 0.9664 (0.9664) Accu: 100.00
Test Epoch: 33
original feature:   Rank-1: 80.05% | Rank-5: 88.20% | Rank-10: 91.94%| Rank-20: 94.71%| mAP: 71.24%| mINP: 52.06%
feature after BN:   Rank-1: 85.83% | Rank-5: 93.11% | Rank-10: 95.24%| Rank-20: 97.18%| mAP: 77.77%| mINP: 61.24%
Best Epoch [29]
==> Preparing Data Loader...
Epoch: [34][0/85] Time: 0.474 (0.474) lr:0.077395 base_lr:0.007739Loss: 0.5077 (0.5077) iLoss: 0.0195 (0.0195) CLoss: 0.0159 (0.0159) da_loss: 0.4763 (0.4763) dd_loss: 0.3771 (0.3771) Accu: 100.00
Test Epoch: 34
original feature:   Rank-1: 82.48% | Rank-5: 89.51% | Rank-10: 91.89%| Rank-20: 95.15%| mAP: 73.49%| mINP: 55.25%
feature after BN:   Rank-1: 85.87% | Rank-5: 91.80% | Rank-10: 94.37%| Rank-20: 96.70%| mAP: 79.17%| mINP: 63.62%
Best Epoch [29]
==> Preparing Data Loader...
Epoch: [35][0/85] Time: 0.480 (0.480) lr:0.076204 base_lr:0.007620Loss: 0.7220 (0.7220) iLoss: 0.0222 (0.0222) CLoss: 0.0196 (0.0196) da_loss: 0.4933 (0.4933) dd_loss: 0.5815 (0.5815) Accu: 100.00
Test Epoch: 35
original feature:   Rank-1: 81.60% | Rank-5: 90.29% | Rank-10: 93.01%| Rank-20: 96.36%| mAP: 71.62%| mINP: 52.28%
feature after BN:   Rank-1: 85.87% | Rank-5: 93.64% | Rank-10: 95.58%| Rank-20: 97.82%| mAP: 78.73%| mINP: 62.39%
Best Epoch [29]
==> Preparing Data Loader...
Epoch: [36][0/85] Time: 0.459 (0.459) lr:0.075014 base_lr:0.007501Loss: 1.3629 (1.3629) iLoss: 0.0437 (0.0437) CLoss: 0.0336 (0.0336) da_loss: 0.5050 (0.5050) dd_loss: 1.1846 (1.1846) Accu: 100.00
Test Epoch: 36
original feature:   Rank-1: 82.43% | Rank-5: 90.68% | Rank-10: 93.93%| Rank-20: 96.84%| mAP: 74.23%| mINP: 55.94%
feature after BN:   Rank-1: 87.62% | Rank-5: 93.69% | Rank-10: 95.24%| Rank-20: 97.09%| mAP: 80.93%| mINP: 65.36%
Best Epoch [29]
==> Preparing Data Loader...
Epoch: [37][0/85] Time: 0.503 (0.503) lr:0.073824 base_lr:0.007382Loss: 0.8908 (0.8908) iLoss: 0.0743 (0.0743) CLoss: 0.0147 (0.0147) da_loss: 0.4357 (0.4357) dd_loss: 0.7147 (0.7147) Accu: 97.92
Test Epoch: 37
original feature:   Rank-1: 83.11% | Rank-5: 91.02% | Rank-10: 93.88%| Rank-20: 96.65%| mAP: 74.99%| mINP: 56.22%
feature after BN:   Rank-1: 87.38% | Rank-5: 93.69% | Rank-10: 95.87%| Rank-20: 97.33%| mAP: 79.92%| mINP: 63.48%
Best Epoch [29]
==> Preparing Data Loader...
Epoch: [38][0/85] Time: 0.418 (0.418) lr:0.072633 base_lr:0.007263Loss: 1.0057 (1.0057) iLoss: 0.0399 (0.0399) CLoss: 0.0191 (0.0191) da_loss: 0.4319 (0.4319) dd_loss: 0.8603 (0.8603) Accu: 100.00
Test Epoch: 38
original feature:   Rank-1: 84.47% | Rank-5: 91.07% | Rank-10: 94.42%| Rank-20: 96.70%| mAP: 76.59%| mINP: 58.59%
feature after BN:   Rank-1: 88.01% | Rank-5: 93.98% | Rank-10: 96.17%| Rank-20: 97.72%| mAP: 81.73%| mINP: 66.58%
Best Epoch [29]
==> Preparing Data Loader...
Epoch: [39][0/85] Time: 0.442 (0.442) lr:0.071443 base_lr:0.007144Loss: 0.9646 (0.9646) iLoss: 0.0094 (0.0094) CLoss: 0.0049 (0.0049) da_loss: 0.4517 (0.4517) dd_loss: 0.8600 (0.8600) Accu: 100.00
Test Epoch: 39
original feature:   Rank-1: 83.74% | Rank-5: 91.26% | Rank-10: 94.85%| Rank-20: 96.60%| mAP: 76.02%| mINP: 58.72%
feature after BN:   Rank-1: 87.18% | Rank-5: 94.27% | Rank-10: 96.21%| Rank-20: 98.06%| mAP: 81.50%| mINP: 65.87%
Best Epoch [29]
==> Preparing Data Loader...
Epoch: [40][0/85] Time: 0.451 (0.451) lr:0.070252 base_lr:0.007025Loss: 0.7350 (0.7350) iLoss: 0.0236 (0.0236) CLoss: 0.0255 (0.0255) da_loss: 0.4534 (0.4534) dd_loss: 0.5953 (0.5953) Accu: 100.00
Test Epoch: 40
original feature:   Rank-1: 83.30% | Rank-5: 90.19% | Rank-10: 93.30%| Rank-20: 96.02%| mAP: 75.86%| mINP: 59.09%
feature after BN:   Rank-1: 87.04% | Rank-5: 93.11% | Rank-10: 95.00%| Rank-20: 96.80%| mAP: 81.00%| mINP: 65.73%
Best Epoch [29]
==> Preparing Data Loader...
Epoch: [41][0/85] Time: 0.500 (0.500) lr:0.069062 base_lr:0.006906Loss: 0.6562 (0.6562) iLoss: 0.0414 (0.0414) CLoss: 0.0136 (0.0136) da_loss: 0.4059 (0.4059) dd_loss: 0.5200 (0.5200) Accu: 100.00
Test Epoch: 41
original feature:   Rank-1: 84.32% | Rank-5: 90.49% | Rank-10: 93.69%| Rank-20: 96.31%| mAP: 76.96%| mINP: 58.41%
feature after BN:   Rank-1: 85.58% | Rank-5: 92.14% | Rank-10: 94.85%| Rank-20: 96.80%| mAP: 79.27%| mINP: 62.97%
Best Epoch [29]
==> Preparing Data Loader...
Epoch: [42][0/85] Time: 0.505 (0.505) lr:0.067871 base_lr:0.006787Loss: 0.5183 (0.5183) iLoss: 0.0238 (0.0238) CLoss: 0.0074 (0.0074) da_loss: 0.4510 (0.4510) dd_loss: 0.3969 (0.3969) Accu: 100.00
Test Epoch: 42
original feature:   Rank-1: 81.31% | Rank-5: 88.98% | Rank-10: 92.91%| Rank-20: 96.02%| mAP: 72.89%| mINP: 54.56%
feature after BN:   Rank-1: 85.24% | Rank-5: 91.84% | Rank-10: 94.27%| Rank-20: 96.55%| mAP: 77.75%| mINP: 61.85%
Best Epoch [29]
==> Preparing Data Loader...
Epoch: [43][0/85] Time: 0.503 (0.503) lr:0.066681 base_lr:0.006668Loss: 1.2518 (1.2518) iLoss: 0.0430 (0.0430) CLoss: 0.0243 (0.0243) da_loss: 0.4680 (0.4680) dd_loss: 1.0909 (1.0909) Accu: 100.00
Test Epoch: 43
original feature:   Rank-1: 80.87% | Rank-5: 90.24% | Rank-10: 93.45%| Rank-20: 95.87%| mAP: 73.81%| mINP: 55.53%
feature after BN:   Rank-1: 86.70% | Rank-5: 92.96% | Rank-10: 95.58%| Rank-20: 97.67%| mAP: 80.37%| mINP: 64.86%
Best Epoch [29]
==> Preparing Data Loader...
Epoch: [44][0/85] Time: 0.484 (0.484) lr:0.065490 base_lr:0.006549Loss: 0.8304 (0.8304) iLoss: 0.0382 (0.0382) CLoss: 0.0423 (0.0423) da_loss: 0.4827 (0.4827) dd_loss: 0.6534 (0.6534) Accu: 100.00
Test Epoch: 44
original feature:   Rank-1: 81.70% | Rank-5: 90.53% | Rank-10: 93.50%| Rank-20: 96.41%| mAP: 74.26%| mINP: 57.09%
feature after BN:   Rank-1: 85.68% | Rank-5: 92.23% | Rank-10: 95.00%| Rank-20: 97.14%| mAP: 79.11%| mINP: 63.78%
Best Epoch [29]
==> Preparing Data Loader...
Epoch: [45][0/85] Time: 0.466 (0.466) lr:0.064300 base_lr:0.006430Loss: 0.5863 (0.5863) iLoss: 0.0202 (0.0202) CLoss: 0.0063 (0.0063) da_loss: 0.4227 (0.4227) dd_loss: 0.4752 (0.4752) Accu: 100.00
Test Epoch: 45
original feature:   Rank-1: 83.59% | Rank-5: 91.75% | Rank-10: 94.47%| Rank-20: 96.26%| mAP: 74.99%| mINP: 56.11%
feature after BN:   Rank-1: 87.72% | Rank-5: 94.03% | Rank-10: 95.68%| Rank-20: 97.72%| mAP: 80.95%| mINP: 64.90%
Best Epoch [29]
==> Preparing Data Loader...
Epoch: [46][0/85] Time: 0.460 (0.460) lr:0.063109 base_lr:0.006311Loss: 1.0446 (1.0446) iLoss: 0.0325 (0.0325) CLoss: 0.0130 (0.0130) da_loss: 0.4454 (0.4454) dd_loss: 0.9099 (0.9099) Accu: 100.00
Test Epoch: 46
original feature:   Rank-1: 84.56% | Rank-5: 90.87% | Rank-10: 93.50%| Rank-20: 96.41%| mAP: 75.03%| mINP: 56.10%
feature after BN:   Rank-1: 87.48% | Rank-5: 92.28% | Rank-10: 95.34%| Rank-20: 97.38%| mAP: 80.06%| mINP: 64.08%
Best Epoch [29]
==> Preparing Data Loader...
Epoch: [47][0/85] Time: 0.474 (0.474) lr:0.061919 base_lr:0.006192Loss: 0.8818 (0.8818) iLoss: 0.0365 (0.0365) CLoss: 0.0439 (0.0439) da_loss: 0.4414 (0.4414) dd_loss: 0.7132 (0.7132) Accu: 100.00
Test Epoch: 47
original feature:   Rank-1: 85.29% | Rank-5: 91.46% | Rank-10: 93.93%| Rank-20: 96.70%| mAP: 76.37%| mINP: 57.83%
feature after BN:   Rank-1: 88.79% | Rank-5: 93.16% | Rank-10: 95.44%| Rank-20: 97.48%| mAP: 81.66%| mINP: 66.24%
Best Epoch [47]
==> Preparing Data Loader...
Epoch: [48][0/85] Time: 0.509 (0.509) lr:0.060728 base_lr:0.006073Loss: 0.3378 (0.3378) iLoss: 0.0219 (0.0219) CLoss: 0.0070 (0.0070) da_loss: 0.4050 (0.4050) dd_loss: 0.2279 (0.2279) Accu: 100.00
Test Epoch: 48
original feature:   Rank-1: 84.76% | Rank-5: 92.23% | Rank-10: 94.42%| Rank-20: 96.80%| mAP: 76.67%| mINP: 58.29%
feature after BN:   Rank-1: 88.35% | Rank-5: 93.64% | Rank-10: 95.49%| Rank-20: 97.52%| mAP: 82.03%| mINP: 67.25%
Best Epoch [47]
==> Preparing Data Loader...
Epoch: [49][0/85] Time: 0.498 (0.498) lr:0.059538 base_lr:0.005954Loss: 0.4764 (0.4764) iLoss: 0.0314 (0.0314) CLoss: 0.0193 (0.0193) da_loss: 0.4055 (0.4055) dd_loss: 0.3446 (0.3446) Accu: 100.00
Test Epoch: 49
original feature:   Rank-1: 85.05% | Rank-5: 92.28% | Rank-10: 94.81%| Rank-20: 96.80%| mAP: 76.03%| mINP: 56.28%
feature after BN:   Rank-1: 89.42% | Rank-5: 93.74% | Rank-10: 96.12%| Rank-20: 97.67%| mAP: 82.25%| mINP: 66.93%
Best Epoch [49]
==> Preparing Data Loader...
Epoch: [50][0/85] Time: 0.469 (0.469) lr:0.058347 base_lr:0.005835Loss: 0.4042 (0.4042) iLoss: 0.0142 (0.0142) CLoss: 0.0040 (0.0040) da_loss: 0.4003 (0.4003) dd_loss: 0.3059 (0.3059) Accu: 100.00
Test Epoch: 50
original feature:   Rank-1: 85.63% | Rank-5: 91.60% | Rank-10: 94.08%| Rank-20: 96.31%| mAP: 76.87%| mINP: 57.89%
feature after BN:   Rank-1: 88.45% | Rank-5: 93.35% | Rank-10: 95.44%| Rank-20: 97.43%| mAP: 82.29%| mINP: 67.47%
Best Epoch [49]
==> Preparing Data Loader...
Epoch: [51][0/85] Time: 0.466 (0.466) lr:0.057157 base_lr:0.005716Loss: 0.5987 (0.5987) iLoss: 0.0333 (0.0333) CLoss: 0.0030 (0.0030) da_loss: 0.3858 (0.3858) dd_loss: 0.4852 (0.4852) Accu: 100.00
Test Epoch: 51
original feature:   Rank-1: 85.63% | Rank-5: 91.65% | Rank-10: 94.17%| Rank-20: 96.50%| mAP: 77.27%| mINP: 59.12%
feature after BN:   Rank-1: 87.91% | Rank-5: 93.45% | Rank-10: 95.49%| Rank-20: 97.52%| mAP: 82.42%| mINP: 67.92%
Best Epoch [49]
==> Preparing Data Loader...
Epoch: [52][0/85] Time: 0.484 (0.484) lr:0.055966 base_lr:0.005597Loss: 0.4606 (0.4606) iLoss: 0.0099 (0.0099) CLoss: 0.0039 (0.0039) da_loss: 0.3726 (0.3726) dd_loss: 0.3723 (0.3723) Accu: 100.00
Test Epoch: 52
original feature:   Rank-1: 85.15% | Rank-5: 91.36% | Rank-10: 94.03%| Rank-20: 96.26%| mAP: 76.36%| mINP: 57.80%
feature after BN:   Rank-1: 87.23% | Rank-5: 92.57% | Rank-10: 94.56%| Rank-20: 96.75%| mAP: 81.49%| mINP: 66.76%
Best Epoch [49]
==> Preparing Data Loader...
Epoch: [53][0/85] Time: 0.473 (0.473) lr:0.054776 base_lr:0.005478Loss: 0.5236 (0.5236) iLoss: 0.0210 (0.0210) CLoss: 0.0252 (0.0252) da_loss: 0.3888 (0.3888) dd_loss: 0.3997 (0.3997) Accu: 100.00
Test Epoch: 53
original feature:   Rank-1: 85.68% | Rank-5: 92.43% | Rank-10: 95.19%| Rank-20: 96.99%| mAP: 77.84%| mINP: 60.00%
feature after BN:   Rank-1: 88.88% | Rank-5: 93.98% | Rank-10: 95.58%| Rank-20: 97.77%| mAP: 83.29%| mINP: 69.04%
Best Epoch [49]
==> Preparing Data Loader...
Epoch: [54][0/85] Time: 0.460 (0.460) lr:0.053585 base_lr:0.005359Loss: 0.8239 (0.8239) iLoss: 0.0144 (0.0144) CLoss: 0.0017 (0.0017) da_loss: 0.3622 (0.3622) dd_loss: 0.7353 (0.7353) Accu: 100.00
Test Epoch: 54
original feature:   Rank-1: 83.74% | Rank-5: 90.83% | Rank-10: 94.17%| Rank-20: 96.55%| mAP: 75.70%| mINP: 58.20%
feature after BN:   Rank-1: 87.48% | Rank-5: 93.35% | Rank-10: 95.58%| Rank-20: 97.33%| mAP: 81.78%| mINP: 66.88%
Best Epoch [49]
==> Preparing Data Loader...
Epoch: [55][0/85] Time: 0.462 (0.462) lr:0.052395 base_lr:0.005239Loss: 0.8854 (0.8854) iLoss: 0.0408 (0.0408) CLoss: 0.0693 (0.0693) da_loss: 0.4268 (0.4268) dd_loss: 0.6900 (0.6900) Accu: 100.00
Test Epoch: 55
original feature:   Rank-1: 83.69% | Rank-5: 91.36% | Rank-10: 94.61%| Rank-20: 96.65%| mAP: 76.52%| mINP: 58.87%
feature after BN:   Rank-1: 86.94% | Rank-5: 93.98% | Rank-10: 96.12%| Rank-20: 97.43%| mAP: 81.48%| mINP: 67.54%
Best Epoch [49]
==> Preparing Data Loader...
Epoch: [56][0/85] Time: 0.427 (0.427) lr:0.051204 base_lr:0.005120Loss: 0.4025 (0.4025) iLoss: 0.0200 (0.0200) CLoss: 0.0107 (0.0107) da_loss: 0.4034 (0.4034) dd_loss: 0.2912 (0.2912) Accu: 100.00
Test Epoch: 56
original feature:   Rank-1: 85.15% | Rank-5: 92.67% | Rank-10: 94.76%| Rank-20: 97.18%| mAP: 77.77%| mINP: 59.84%
feature after BN:   Rank-1: 90.10% | Rank-5: 94.27% | Rank-10: 96.02%| Rank-20: 97.82%| mAP: 83.66%| mINP: 68.97%
Best Epoch [56]
==> Preparing Data Loader...
Epoch: [57][0/85] Time: 0.520 (0.520) lr:0.050014 base_lr:0.005001Loss: 0.6659 (0.6659) iLoss: 0.0335 (0.0335) CLoss: 0.0184 (0.0184) da_loss: 0.4328 (0.4328) dd_loss: 0.5274 (0.5274) Accu: 100.00
Test Epoch: 57
original feature:   Rank-1: 86.07% | Rank-5: 92.14% | Rank-10: 95.05%| Rank-20: 97.18%| mAP: 78.71%| mINP: 61.47%
feature after BN:   Rank-1: 89.42% | Rank-5: 93.88% | Rank-10: 96.02%| Rank-20: 97.82%| mAP: 83.64%| mINP: 69.24%
Best Epoch [56]
==> Preparing Data Loader...
Epoch: [58][0/85] Time: 0.476 (0.476) lr:0.048824 base_lr:0.004882Loss: 0.3096 (0.3096) iLoss: 0.0309 (0.0309) CLoss: 0.0112 (0.0112) da_loss: 0.3525 (0.3525) dd_loss: 0.1969 (0.1969) Accu: 100.00
Test Epoch: 58
original feature:   Rank-1: 87.09% | Rank-5: 93.20% | Rank-10: 96.12%| Rank-20: 97.82%| mAP: 79.43%| mINP: 62.32%
feature after BN:   Rank-1: 89.66% | Rank-5: 94.51% | Rank-10: 96.46%| Rank-20: 98.25%| mAP: 84.26%| mINP: 70.57%
Best Epoch [56]
==> Preparing Data Loader...
Epoch: [59][0/85] Time: 0.456 (0.456) lr:0.047633 base_lr:0.004763Loss: 0.6311 (0.6311) iLoss: 0.0891 (0.0891) CLoss: 0.0323 (0.0323) da_loss: 0.3669 (0.3669) dd_loss: 0.4362 (0.4362) Accu: 97.92
Test Epoch: 59
original feature:   Rank-1: 85.10% | Rank-5: 92.23% | Rank-10: 94.85%| Rank-20: 96.94%| mAP: 77.71%| mINP: 59.96%
feature after BN:   Rank-1: 86.07% | Rank-5: 92.23% | Rank-10: 94.13%| Rank-20: 96.55%| mAP: 80.40%| mINP: 65.77%
Best Epoch [56]
==> Preparing Data Loader...
Epoch: [60][0/85] Time: 0.446 (0.446) lr:0.046443 base_lr:0.004644Loss: 0.4130 (0.4130) iLoss: 0.0229 (0.0229) CLoss: 0.0028 (0.0028) da_loss: 0.4306 (0.4306) dd_loss: 0.3012 (0.3012) Accu: 100.00
Test Epoch: 60
original feature:   Rank-1: 83.45% | Rank-5: 89.95% | Rank-10: 93.40%| Rank-20: 96.31%| mAP: 76.38%| mINP: 59.56%
feature after BN:   Rank-1: 87.14% | Rank-5: 92.33% | Rank-10: 94.81%| Rank-20: 97.52%| mAP: 81.27%| mINP: 66.31%
Best Epoch [56]
==> Preparing Data Loader...
Epoch: [61][0/85] Time: 0.448 (0.448) lr:0.045252 base_lr:0.004525Loss: 0.4375 (0.4375) iLoss: 0.0177 (0.0177) CLoss: 0.0027 (0.0027) da_loss: 0.4006 (0.4006) dd_loss: 0.3370 (0.3370) Accu: 100.00
Test Epoch: 61
original feature:   Rank-1: 84.66% | Rank-5: 90.87% | Rank-10: 93.79%| Rank-20: 95.87%| mAP: 77.33%| mINP: 59.49%
feature after BN:   Rank-1: 87.82% | Rank-5: 92.72% | Rank-10: 95.10%| Rank-20: 97.09%| mAP: 82.74%| mINP: 68.02%
Best Epoch [56]
==> Preparing Data Loader...
Epoch: [62][0/85] Time: 0.479 (0.479) lr:0.044062 base_lr:0.004406Loss: 0.4203 (0.4203) iLoss: 0.0197 (0.0197) CLoss: 0.0040 (0.0040) da_loss: 0.3926 (0.3926) dd_loss: 0.3181 (0.3181) Accu: 100.00
Test Epoch: 62
original feature:   Rank-1: 86.70% | Rank-5: 93.01% | Rank-10: 95.63%| Rank-20: 97.14%| mAP: 79.27%| mINP: 61.49%
feature after BN:   Rank-1: 89.22% | Rank-5: 94.32% | Rank-10: 96.21%| Rank-20: 97.57%| mAP: 84.26%| mINP: 70.41%
Best Epoch [56]
==> Preparing Data Loader...
Epoch: [63][0/85] Time: 0.451 (0.451) lr:0.042871 base_lr:0.004287Loss: 0.3172 (0.3172) iLoss: 0.0295 (0.0295) CLoss: 0.0114 (0.0114) da_loss: 0.3445 (0.3445) dd_loss: 0.2073 (0.2073) Accu: 100.00
Test Epoch: 63
original feature:   Rank-1: 87.18% | Rank-5: 92.57% | Rank-10: 95.29%| Rank-20: 97.77%| mAP: 79.57%| mINP: 62.17%
feature after BN:   Rank-1: 90.05% | Rank-5: 93.79% | Rank-10: 95.87%| Rank-20: 97.72%| mAP: 84.48%| mINP: 70.37%
Best Epoch [56]
==> Preparing Data Loader...
Epoch: [64][0/85] Time: 0.473 (0.473) lr:0.041681 base_lr:0.004168Loss: 0.3925 (0.3925) iLoss: 0.0370 (0.0370) CLoss: 0.0145 (0.0145) da_loss: 0.3373 (0.3373) dd_loss: 0.2735 (0.2735) Accu: 100.00
Test Epoch: 64
original feature:   Rank-1: 87.96% | Rank-5: 93.64% | Rank-10: 95.83%| Rank-20: 97.43%| mAP: 80.10%| mINP: 62.51%
feature after BN:   Rank-1: 90.63% | Rank-5: 94.03% | Rank-10: 96.07%| Rank-20: 97.91%| mAP: 84.65%| mINP: 70.66%
Best Epoch [64]
==> Preparing Data Loader...
Epoch: [65][0/85] Time: 0.482 (0.482) lr:0.040490 base_lr:0.004049Loss: 0.4398 (0.4398) iLoss: 0.0370 (0.0370) CLoss: 0.0149 (0.0149) da_loss: 0.3280 (0.3280) dd_loss: 0.3223 (0.3223) Accu: 100.00
Test Epoch: 65
original feature:   Rank-1: 87.18% | Rank-5: 92.91% | Rank-10: 95.15%| Rank-20: 97.48%| mAP: 79.27%| mINP: 61.87%
feature after BN:   Rank-1: 89.56% | Rank-5: 93.83% | Rank-10: 95.05%| Rank-20: 97.57%| mAP: 83.89%| mINP: 70.05%
Best Epoch [64]
==> Preparing Data Loader...
Epoch: [66][0/85] Time: 0.464 (0.464) lr:0.039300 base_lr:0.003930Loss: 0.3408 (0.3408) iLoss: 0.0154 (0.0154) CLoss: 0.0155 (0.0155) da_loss: 0.3099 (0.3099) dd_loss: 0.2479 (0.2479) Accu: 100.00
Test Epoch: 66
original feature:   Rank-1: 87.43% | Rank-5: 93.01% | Rank-10: 95.58%| Rank-20: 97.48%| mAP: 79.73%| mINP: 62.29%
feature after BN:   Rank-1: 90.00% | Rank-5: 93.93% | Rank-10: 95.68%| Rank-20: 97.28%| mAP: 84.32%| mINP: 70.42%
Best Epoch [64]
==> Preparing Data Loader...
Epoch: [67][0/85] Time: 0.474 (0.474) lr:0.038109 base_lr:0.003811Loss: 0.3427 (0.3427) iLoss: 0.0226 (0.0226) CLoss: 0.0133 (0.0133) da_loss: 0.3267 (0.3267) dd_loss: 0.2415 (0.2415) Accu: 100.00
Test Epoch: 67
original feature:   Rank-1: 87.48% | Rank-5: 92.91% | Rank-10: 95.15%| Rank-20: 97.09%| mAP: 79.67%| mINP: 62.05%
feature after BN:   Rank-1: 90.44% | Rank-5: 93.93% | Rank-10: 95.49%| Rank-20: 97.28%| mAP: 84.75%| mINP: 70.87%
Best Epoch [64]
==> Preparing Data Loader...
Epoch: [68][0/85] Time: 0.461 (0.461) lr:0.036919 base_lr:0.003692Loss: 0.3881 (0.3881) iLoss: 0.0115 (0.0115) CLoss: 0.0004 (0.0004) da_loss: 0.3263 (0.3263) dd_loss: 0.3110 (0.3110) Accu: 100.00
Test Epoch: 68
original feature:   Rank-1: 87.72% | Rank-5: 93.69% | Rank-10: 95.73%| Rank-20: 97.57%| mAP: 79.85%| mINP: 62.16%
feature after BN:   Rank-1: 90.00% | Rank-5: 94.56% | Rank-10: 96.26%| Rank-20: 97.77%| mAP: 84.72%| mINP: 70.72%
Best Epoch [64]
==> Preparing Data Loader...
Epoch: [69][0/85] Time: 0.439 (0.439) lr:0.035728 base_lr:0.003573Loss: 0.3576 (0.3576) iLoss: 0.0128 (0.0128) CLoss: 0.0086 (0.0086) da_loss: 0.2910 (0.2910) dd_loss: 0.2780 (0.2780) Accu: 100.00
Test Epoch: 69
original feature:   Rank-1: 88.06% | Rank-5: 93.35% | Rank-10: 95.68%| Rank-20: 97.09%| mAP: 80.23%| mINP: 62.58%
feature after BN:   Rank-1: 89.85% | Rank-5: 94.13% | Rank-10: 95.92%| Rank-20: 97.62%| mAP: 84.73%| mINP: 70.61%
Best Epoch [64]
==> Preparing Data Loader...
Epoch: [70][0/85] Time: 0.480 (0.480) lr:0.034538 base_lr:0.003454Loss: 0.4209 (0.4209) iLoss: 0.0226 (0.0226) CLoss: 0.0204 (0.0204) da_loss: 0.3046 (0.3046) dd_loss: 0.3170 (0.3170) Accu: 100.00
Test Epoch: 70
original feature:   Rank-1: 87.38% | Rank-5: 92.91% | Rank-10: 95.10%| Rank-20: 96.75%| mAP: 79.07%| mINP: 60.92%
feature after BN:   Rank-1: 88.74% | Rank-5: 93.79% | Rank-10: 95.53%| Rank-20: 97.28%| mAP: 83.05%| mINP: 68.41%
Best Epoch [64]
==> Preparing Data Loader...
Epoch: [71][0/85] Time: 0.443 (0.443) lr:0.033347 base_lr:0.003335Loss: 0.5132 (0.5132) iLoss: 0.0128 (0.0128) CLoss: 0.0028 (0.0028) da_loss: 0.3265 (0.3265) dd_loss: 0.4323 (0.4323) Accu: 100.00
Test Epoch: 71
original feature:   Rank-1: 87.72% | Rank-5: 93.64% | Rank-10: 95.58%| Rank-20: 97.23%| mAP: 79.00%| mINP: 60.02%
feature after BN:   Rank-1: 89.03% | Rank-5: 94.61% | Rank-10: 96.41%| Rank-20: 97.67%| mAP: 83.68%| mINP: 68.93%
Best Epoch [64]
==> Preparing Data Loader...
Epoch: [72][0/85] Time: 0.433 (0.433) lr:0.032157 base_lr:0.003216Loss: 0.4517 (0.4517) iLoss: 0.0119 (0.0119) CLoss: 0.0104 (0.0104) da_loss: 0.3421 (0.3421) dd_loss: 0.3610 (0.3610) Accu: 100.00
Test Epoch: 72
original feature:   Rank-1: 86.89% | Rank-5: 92.86% | Rank-10: 95.10%| Rank-20: 97.14%| mAP: 78.37%| mINP: 59.97%
feature after BN:   Rank-1: 88.35% | Rank-5: 93.59% | Rank-10: 95.73%| Rank-20: 97.67%| mAP: 82.57%| mINP: 67.55%
Best Epoch [64]
==> Preparing Data Loader...
Epoch: [73][0/85] Time: 0.462 (0.462) lr:0.030966 base_lr:0.003097Loss: 0.4059 (0.4059) iLoss: 0.0146 (0.0146) CLoss: 0.0009 (0.0009) da_loss: 0.3295 (0.3295) dd_loss: 0.3245 (0.3245) Accu: 100.00
Test Epoch: 73
original feature:   Rank-1: 87.52% | Rank-5: 93.25% | Rank-10: 95.49%| Rank-20: 97.18%| mAP: 79.64%| mINP: 62.07%
feature after BN:   Rank-1: 89.61% | Rank-5: 93.64% | Rank-10: 95.97%| Rank-20: 97.57%| mAP: 84.01%| mINP: 69.66%
Best Epoch [64]
==> Preparing Data Loader...
Epoch: [74][0/85] Time: 0.480 (0.480) lr:0.029776 base_lr:0.002978Loss: 0.3227 (0.3227) iLoss: 0.0207 (0.0207) CLoss: 0.0003 (0.0003) da_loss: 0.3192 (0.3192) dd_loss: 0.2379 (0.2379) Accu: 100.00
Test Epoch: 74
original feature:   Rank-1: 87.96% | Rank-5: 93.54% | Rank-10: 95.53%| Rank-20: 97.28%| mAP: 79.97%| mINP: 62.27%
feature after BN:   Rank-1: 89.37% | Rank-5: 93.88% | Rank-10: 95.87%| Rank-20: 97.82%| mAP: 84.18%| mINP: 70.03%
Best Epoch [64]
==> Preparing Data Loader...
Epoch: [75][0/85] Time: 0.463 (0.463) lr:0.028585 base_lr:0.002859Loss: 0.3926 (0.3926) iLoss: 0.0100 (0.0100) CLoss: 0.0023 (0.0023) da_loss: 0.3039 (0.3039) dd_loss: 0.3195 (0.3195) Accu: 100.00
Test Epoch: 75
original feature:   Rank-1: 87.09% | Rank-5: 92.96% | Rank-10: 95.44%| Rank-20: 97.09%| mAP: 79.43%| mINP: 61.58%
feature after BN:   Rank-1: 89.32% | Rank-5: 93.69% | Rank-10: 95.68%| Rank-20: 97.67%| mAP: 84.18%| mINP: 69.88%
Best Epoch [64]
==> Preparing Data Loader...
Epoch: [76][0/85] Time: 0.471 (0.471) lr:0.027395 base_lr:0.002739Loss: 0.3515 (0.3515) iLoss: 0.0140 (0.0140) CLoss: 0.0003 (0.0003) da_loss: 0.2968 (0.2968) dd_loss: 0.2778 (0.2778) Accu: 100.00
Test Epoch: 76
original feature:   Rank-1: 87.04% | Rank-5: 92.86% | Rank-10: 95.24%| Rank-20: 96.94%| mAP: 79.36%| mINP: 61.80%
feature after BN:   Rank-1: 89.08% | Rank-5: 93.64% | Rank-10: 96.07%| Rank-20: 97.82%| mAP: 84.35%| mINP: 70.80%
Best Epoch [64]
==> Preparing Data Loader...
Epoch: [77][0/85] Time: 0.447 (0.447) lr:0.026204 base_lr:0.002620Loss: 0.2504 (0.2504) iLoss: 0.0050 (0.0050) CLoss: 0.0001 (0.0001) da_loss: 0.2842 (0.2842) dd_loss: 0.1884 (0.1884) Accu: 100.00
Test Epoch: 77
original feature:   Rank-1: 87.18% | Rank-5: 93.30% | Rank-10: 95.92%| Rank-20: 97.04%| mAP: 79.37%| mINP: 61.73%
feature after BN:   Rank-1: 89.81% | Rank-5: 93.98% | Rank-10: 95.97%| Rank-20: 97.72%| mAP: 84.46%| mINP: 70.63%
Best Epoch [64]
==> Preparing Data Loader...
Epoch: [78][0/85] Time: 0.448 (0.448) lr:0.025014 base_lr:0.002501Loss: 0.2202 (0.2202) iLoss: 0.0085 (0.0085) CLoss: 0.0010 (0.0010) da_loss: 0.2594 (0.2594) dd_loss: 0.1589 (0.1589) Accu: 100.00
Test Epoch: 78
original feature:   Rank-1: 87.86% | Rank-5: 93.06% | Rank-10: 95.73%| Rank-20: 97.18%| mAP: 79.73%| mINP: 62.26%
feature after BN:   Rank-1: 89.66% | Rank-5: 93.45% | Rank-10: 95.73%| Rank-20: 97.57%| mAP: 84.51%| mINP: 71.01%
Best Epoch [64]
==> Preparing Data Loader...
Epoch: [79][0/85] Time: 0.526 (0.526) lr:0.023824 base_lr:0.002382Loss: 0.4112 (0.4112) iLoss: 0.0118 (0.0118) CLoss: 0.0188 (0.0188) da_loss: 0.2782 (0.2782) dd_loss: 0.3250 (0.3250) Accu: 100.00
Test Epoch: 79
original feature:   Rank-1: 87.28% | Rank-5: 93.50% | Rank-10: 95.97%| Rank-20: 97.14%| mAP: 79.58%| mINP: 61.98%
feature after BN:   Rank-1: 89.90% | Rank-5: 94.37% | Rank-10: 96.46%| Rank-20: 97.67%| mAP: 84.42%| mINP: 70.63%
Best Epoch [64]
==> Preparing Data Loader...
Epoch: [80][0/85] Time: 0.497 (0.497) lr:0.022633 base_lr:0.002263Loss: 0.2687 (0.2687) iLoss: 0.0104 (0.0104) CLoss: 0.0055 (0.0055) da_loss: 0.2723 (0.2723) dd_loss: 0.1984 (0.1984) Accu: 100.00
Test Epoch: 80
original feature:   Rank-1: 87.91% | Rank-5: 93.74% | Rank-10: 95.92%| Rank-20: 97.52%| mAP: 79.97%| mINP: 62.23%
feature after BN:   Rank-1: 90.00% | Rank-5: 94.32% | Rank-10: 96.50%| Rank-20: 98.06%| mAP: 84.77%| mINP: 71.04%
Best Epoch [64]
==> Preparing Data Loader...
Epoch: [81][0/85] Time: 0.463 (0.463) lr:0.021443 base_lr:0.002144Loss: 0.3278 (0.3278) iLoss: 0.0110 (0.0110) CLoss: 0.0106 (0.0106) da_loss: 0.2453 (0.2453) dd_loss: 0.2571 (0.2571) Accu: 100.00
Test Epoch: 81
original feature:   Rank-1: 87.38% | Rank-5: 93.16% | Rank-10: 95.49%| Rank-20: 97.33%| mAP: 79.32%| mINP: 61.70%
feature after BN:   Rank-1: 90.10% | Rank-5: 94.03% | Rank-10: 96.36%| Rank-20: 98.01%| mAP: 84.73%| mINP: 70.92%
Best Epoch [64]
==> Preparing Data Loader...
Epoch: [82][0/85] Time: 0.422 (0.422) lr:0.020252 base_lr:0.002025Loss: 0.3141 (0.3141) iLoss: 0.0180 (0.0180) CLoss: 0.0125 (0.0125) da_loss: 0.2601 (0.2601) dd_loss: 0.2316 (0.2316) Accu: 100.00
Test Epoch: 82
original feature:   Rank-1: 87.86% | Rank-5: 93.11% | Rank-10: 95.78%| Rank-20: 97.23%| mAP: 79.64%| mINP: 62.05%
feature after BN:   Rank-1: 89.81% | Rank-5: 93.83% | Rank-10: 96.36%| Rank-20: 97.91%| mAP: 84.65%| mINP: 71.25%
Best Epoch [64]
==> Preparing Data Loader...
Epoch: [83][0/85] Time: 0.472 (0.472) lr:0.019062 base_lr:0.001906Loss: 0.1877 (0.1877) iLoss: 0.0131 (0.0131) CLoss: 0.0006 (0.0006) da_loss: 0.2277 (0.2277) dd_loss: 0.1285 (0.1285) Accu: 100.00
Test Epoch: 83
original feature:   Rank-1: 87.77% | Rank-5: 92.96% | Rank-10: 95.73%| Rank-20: 97.14%| mAP: 80.04%| mINP: 62.68%
feature after BN:   Rank-1: 90.00% | Rank-5: 93.93% | Rank-10: 96.07%| Rank-20: 97.91%| mAP: 84.84%| mINP: 71.61%
Best Epoch [64]
==> Preparing Data Loader...
Epoch: [84][0/85] Time: 0.494 (0.494) lr:0.017871 base_lr:0.001787Loss: 0.2290 (0.2290) iLoss: 0.0119 (0.0119) CLoss: 0.0027 (0.0027) da_loss: 0.2422 (0.2422) dd_loss: 0.1659 (0.1659) Accu: 100.00
Test Epoch: 84
original feature:   Rank-1: 87.38% | Rank-5: 93.25% | Rank-10: 96.07%| Rank-20: 97.38%| mAP: 79.91%| mINP: 62.53%
feature after BN:   Rank-1: 89.85% | Rank-5: 94.13% | Rank-10: 96.46%| Rank-20: 97.77%| mAP: 84.67%| mINP: 71.20%
Best Epoch [64]
==> Preparing Data Loader...
Epoch: [85][0/85] Time: 0.426 (0.426) lr:0.016681 base_lr:0.001668Loss: 0.3858 (0.3858) iLoss: 0.0274 (0.0274) CLoss: 0.0561 (0.0561) da_loss: 0.2377 (0.2377) dd_loss: 0.2547 (0.2547) Accu: 100.00
Test Epoch: 85
original feature:   Rank-1: 88.45% | Rank-5: 93.64% | Rank-10: 96.02%| Rank-20: 97.23%| mAP: 80.61%| mINP: 63.26%
feature after BN:   Rank-1: 90.34% | Rank-5: 94.51% | Rank-10: 96.65%| Rank-20: 97.91%| mAP: 85.13%| mINP: 71.63%
Best Epoch [64]
==> Preparing Data Loader...
Epoch: [86][0/85] Time: 0.452 (0.452) lr:0.015490 base_lr:0.001549Loss: 0.2842 (0.2842) iLoss: 0.0094 (0.0094) CLoss: 0.0113 (0.0113) da_loss: 0.2384 (0.2384) dd_loss: 0.2158 (0.2158) Accu: 100.00
Test Epoch: 86
original feature:   Rank-1: 88.20% | Rank-5: 93.25% | Rank-10: 95.87%| Rank-20: 97.52%| mAP: 80.12%| mINP: 62.77%
feature after BN:   Rank-1: 90.19% | Rank-5: 94.27% | Rank-10: 96.46%| Rank-20: 98.01%| mAP: 84.89%| mINP: 70.99%
Best Epoch [64]
==> Preparing Data Loader...
Epoch: [87][0/85] Time: 0.455 (0.455) lr:0.014300 base_lr:0.001430Loss: 0.3648 (0.3648) iLoss: 0.0128 (0.0128) CLoss: 0.0012 (0.0012) da_loss: 0.2503 (0.2503) dd_loss: 0.3008 (0.3008) Accu: 100.00
Test Epoch: 87
original feature:   Rank-1: 87.52% | Rank-5: 93.20% | Rank-10: 95.87%| Rank-20: 97.72%| mAP: 80.29%| mINP: 63.12%
feature after BN:   Rank-1: 89.81% | Rank-5: 94.32% | Rank-10: 96.46%| Rank-20: 97.77%| mAP: 84.83%| mINP: 71.40%
Best Epoch [64]
==> Preparing Data Loader...
Epoch: [88][0/85] Time: 0.517 (0.517) lr:0.013109 base_lr:0.001311Loss: 0.4375 (0.4375) iLoss: 0.0131 (0.0131) CLoss: 0.0078 (0.0078) da_loss: 0.2463 (0.2463) dd_loss: 0.3674 (0.3674) Accu: 100.00
Test Epoch: 88
original feature:   Rank-1: 87.57% | Rank-5: 93.20% | Rank-10: 95.92%| Rank-20: 97.67%| mAP: 79.90%| mINP: 62.67%
feature after BN:   Rank-1: 90.15% | Rank-5: 94.47% | Rank-10: 96.55%| Rank-20: 98.06%| mAP: 84.81%| mINP: 71.36%
Best Epoch [64]
==> Preparing Data Loader...
Epoch: [89][0/85] Time: 0.440 (0.440) lr:0.011919 base_lr:0.001192Loss: 0.3330 (0.3330) iLoss: 0.0236 (0.0236) CLoss: 0.0019 (0.0019) da_loss: 0.2393 (0.2393) dd_loss: 0.2597 (0.2597) Accu: 100.00
Test Epoch: 89
original feature:   Rank-1: 87.96% | Rank-5: 93.11% | Rank-10: 95.87%| Rank-20: 97.52%| mAP: 80.16%| mINP: 62.92%
feature after BN:   Rank-1: 90.24% | Rank-5: 94.27% | Rank-10: 96.70%| Rank-20: 97.82%| mAP: 85.14%| mINP: 71.56%
Best Epoch [64]
==> Preparing Data Loader...
Epoch: [90][0/85] Time: 0.440 (0.440) lr:0.010728 base_lr:0.001073Loss: 0.4004 (0.4004) iLoss: 0.0160 (0.0160) CLoss: 0.0016 (0.0016) da_loss: 0.2360 (0.2360) dd_loss: 0.3356 (0.3356) Accu: 100.00
Test Epoch: 90
original feature:   Rank-1: 87.96% | Rank-5: 93.01% | Rank-10: 95.63%| Rank-20: 97.67%| mAP: 80.13%| mINP: 62.87%
feature after BN:   Rank-1: 90.15% | Rank-5: 94.17% | Rank-10: 96.41%| Rank-20: 97.77%| mAP: 84.82%| mINP: 71.40%
Best Epoch [64]
==> Preparing Data Loader...
Epoch: [91][0/85] Time: 0.453 (0.453) lr:0.009538 base_lr:0.000954Loss: 0.3725 (0.3725) iLoss: 0.0118 (0.0118) CLoss: 0.0128 (0.0128) da_loss: 0.2360 (0.2360) dd_loss: 0.3007 (0.3007) Accu: 100.00
Test Epoch: 91
original feature:   Rank-1: 87.77% | Rank-5: 93.50% | Rank-10: 95.97%| Rank-20: 97.52%| mAP: 80.19%| mINP: 62.97%
feature after BN:   Rank-1: 90.00% | Rank-5: 94.17% | Rank-10: 96.31%| Rank-20: 97.96%| mAP: 84.95%| mINP: 71.48%
Best Epoch [64]
==> Preparing Data Loader...
Epoch: [92][0/85] Time: 0.463 (0.463) lr:0.008347 base_lr:0.000835Loss: 0.3963 (0.3963) iLoss: 0.0204 (0.0204) CLoss: 0.0108 (0.0108) da_loss: 0.2240 (0.2240) dd_loss: 0.3203 (0.3203) Accu: 100.00
Test Epoch: 92
original feature:   Rank-1: 88.16% | Rank-5: 93.25% | Rank-10: 95.68%| Rank-20: 97.52%| mAP: 80.25%| mINP: 63.15%
feature after BN:   Rank-1: 90.19% | Rank-5: 94.27% | Rank-10: 96.46%| Rank-20: 97.91%| mAP: 85.20%| mINP: 72.12%
Best Epoch [64]
==> Preparing Data Loader...
Epoch: [93][0/85] Time: 0.470 (0.470) lr:0.007157 base_lr:0.000716Loss: 0.2555 (0.2555) iLoss: 0.0099 (0.0099) CLoss: 0.0006 (0.0006) da_loss: 0.2053 (0.2053) dd_loss: 0.2039 (0.2039) Accu: 100.00
Test Epoch: 93
original feature:   Rank-1: 88.20% | Rank-5: 93.16% | Rank-10: 95.68%| Rank-20: 97.52%| mAP: 80.26%| mINP: 63.08%
feature after BN:   Rank-1: 89.95% | Rank-5: 93.69% | Rank-10: 95.97%| Rank-20: 97.86%| mAP: 84.58%| mINP: 70.91%
Best Epoch [64]
==> Preparing Data Loader...
Epoch: [94][0/85] Time: 0.456 (0.456) lr:0.005966 base_lr:0.000597Loss: 0.2998 (0.2998) iLoss: 0.0154 (0.0154) CLoss: 0.0045 (0.0045) da_loss: 0.2122 (0.2122) dd_loss: 0.2374 (0.2374) Accu: 100.00
Test Epoch: 94
original feature:   Rank-1: 87.82% | Rank-5: 92.96% | Rank-10: 95.53%| Rank-20: 97.43%| mAP: 80.29%| mINP: 63.20%
feature after BN:   Rank-1: 90.29% | Rank-5: 93.69% | Rank-10: 96.41%| Rank-20: 97.82%| mAP: 84.85%| mINP: 71.20%
Best Epoch [64]
==> Preparing Data Loader...
Epoch: [95][0/85] Time: 0.497 (0.497) lr:0.004776 base_lr:0.000478Loss: 0.3457 (0.3457) iLoss: 0.0243 (0.0243) CLoss: 0.0023 (0.0023) da_loss: 0.2410 (0.2410) dd_loss: 0.2709 (0.2709) Accu: 100.00
Test Epoch: 95
original feature:   Rank-1: 88.45% | Rank-5: 93.01% | Rank-10: 95.73%| Rank-20: 97.57%| mAP: 80.25%| mINP: 63.14%
feature after BN:   Rank-1: 90.05% | Rank-5: 93.98% | Rank-10: 96.60%| Rank-20: 97.91%| mAP: 84.76%| mINP: 71.42%
Best Epoch [64]
==> Preparing Data Loader...
Epoch: [96][0/85] Time: 0.483 (0.483) lr:0.003585 base_lr:0.000359Loss: 0.2386 (0.2386) iLoss: 0.0127 (0.0127) CLoss: 0.0003 (0.0003) da_loss: 0.2029 (0.2029) dd_loss: 0.1851 (0.1851) Accu: 100.00
Test Epoch: 96
original feature:   Rank-1: 88.69% | Rank-5: 93.25% | Rank-10: 95.73%| Rank-20: 97.67%| mAP: 80.63%| mINP: 63.46%
feature after BN:   Rank-1: 90.19% | Rank-5: 94.17% | Rank-10: 96.65%| Rank-20: 98.01%| mAP: 85.11%| mINP: 71.72%
Best Epoch [64]
==> Preparing Data Loader...
Epoch: [97][0/85] Time: 0.474 (0.474) lr:0.002395 base_lr:0.000239Loss: 0.3595 (0.3595) iLoss: 0.0183 (0.0183) CLoss: 0.0052 (0.0052) da_loss: 0.2273 (0.2273) dd_loss: 0.2905 (0.2905) Accu: 100.00
Test Epoch: 97
original feature:   Rank-1: 88.59% | Rank-5: 93.54% | Rank-10: 95.87%| Rank-20: 97.62%| mAP: 80.62%| mINP: 63.49%
feature after BN:   Rank-1: 90.15% | Rank-5: 94.32% | Rank-10: 96.65%| Rank-20: 97.91%| mAP: 84.84%| mINP: 71.37%
Best Epoch [64]
==> Preparing Data Loader...
Epoch: [98][0/85] Time: 0.445 (0.445) lr:0.001204 base_lr:0.000120Loss: 0.1560 (0.1560) iLoss: 0.0110 (0.0110) CLoss: 0.0015 (0.0015) da_loss: 0.1809 (0.1809) dd_loss: 0.1073 (0.1073) Accu: 100.00
Test Epoch: 98
original feature:   Rank-1: 88.88% | Rank-5: 93.35% | Rank-10: 95.97%| Rank-20: 97.57%| mAP: 80.80%| mINP: 63.62%
feature after BN:   Rank-1: 90.24% | Rank-5: 94.32% | Rank-10: 96.55%| Rank-20: 98.01%| mAP: 85.06%| mINP: 71.62%
Best Epoch [64]
==> Preparing Data Loader...
Epoch: [99][0/85] Time: 0.479 (0.479) lr:0.000014 base_lr:0.000001Loss: 0.4053 (0.4053) iLoss: 0.0118 (0.0118) CLoss: 0.0052 (0.0052) da_loss: 0.2203 (0.2203) dd_loss: 0.3442 (0.3442) Accu: 100.00
Test Epoch: 99
original feature:   Rank-1: 88.88% | Rank-5: 93.45% | Rank-10: 95.97%| Rank-20: 97.62%| mAP: 80.81%| mINP: 63.71%
feature after BN:   Rank-1: 90.10% | Rank-5: 94.17% | Rank-10: 96.12%| Rank-20: 97.86%| mAP: 84.97%| mINP: 71.72%
Best Epoch [64]
==========
Args:Namespace(batch_size=6, dataset='regdb', decay_step=16, dim=2048, gpu='0,1,2,3', img_h=288, img_w=144, log_path='log/', lr=0.1, lr_multipliers=[0.1, 0.2, 0.25, 1.0, 1.0, 1.0], margin=0.5, max_epoch=100, mode='all', model_path='save_model/', noticed='RegDB', num_pos=4, pool_dim=2048, rerank='no', save_epoch=1000, seed=0, test_batch=64, trial=7, tta=False, warm_up_epoch=8, workers=4)
==========
==> Loading data..
data init success!
==> Building model..
==> Building success!..
==> Start Training...
==> Preparing Data Loader...
Epoch: [0][0/85] Time: 4.848 (4.848) lr:0.006186 base_lr:0.000619Loss: 12.4483 (12.4483) iLoss: 5.3223 (5.3223) CLoss: 1.2048 (1.2048) da_loss: 0.7643 (0.7643) dd_loss: 5.7684 (5.7684) Accu: 0.00
Test Epoch: 0
original feature:   Rank-1: 5.68% | Rank-5: 13.93% | Rank-10: 20.73%| Rank-20: 30.44%| mAP: 5.18%| mINP: 2.04%
feature after BN:   Rank-1: 6.41% | Rank-5: 13.74% | Rank-10: 19.66%| Rank-20: 28.30%| mAP: 5.56%| mINP: 2.48%
Best Epoch [0]
==> Preparing Data Loader...
Epoch: [1][0/85] Time: 0.532 (0.532) lr:0.012435 base_lr:0.001244Loss: 9.1594 (9.1594) iLoss: 3.3365 (3.3365) CLoss: 0.9409 (0.9409) da_loss: 0.5828 (0.5828) dd_loss: 4.7655 (4.7655) Accu: 25.00
Test Epoch: 1
original feature:   Rank-1: 11.75% | Rank-5: 23.64% | Rank-10: 30.92%| Rank-20: 40.73%| mAP: 9.91%| mINP: 3.63%
feature after BN:   Rank-1: 10.00% | Rank-5: 20.19% | Rank-10: 27.57%| Rank-20: 37.57%| mAP: 9.60%| mINP: 4.69%
Best Epoch [1]
==> Preparing Data Loader...
Epoch: [2][0/85] Time: 0.539 (0.539) lr:0.018685 base_lr:0.001868Loss: 6.3121 (6.3121) iLoss: 1.0456 (1.0456) CLoss: 0.8139 (0.8139) da_loss: 0.6262 (0.6262) dd_loss: 4.3274 (4.3274) Accu: 70.83
Test Epoch: 2
original feature:   Rank-1: 15.73% | Rank-5: 28.79% | Rank-10: 36.50%| Rank-20: 46.65%| mAP: 13.88%| mINP: 5.97%
feature after BN:   Rank-1: 18.01% | Rank-5: 30.24% | Rank-10: 36.99%| Rank-20: 45.29%| mAP: 15.71%| mINP: 7.73%
Best Epoch [2]
==> Preparing Data Loader...
Epoch: [3][0/85] Time: 0.502 (0.502) lr:0.024934 base_lr:0.002493Loss: 6.4818 (6.4818) iLoss: 1.4791 (1.4791) CLoss: 0.7707 (0.7707) da_loss: 0.6051 (0.6051) dd_loss: 4.1110 (4.1110) Accu: 58.33
Test Epoch: 3
original feature:   Rank-1: 20.68% | Rank-5: 36.46% | Rank-10: 45.10%| Rank-20: 55.73%| mAP: 19.64%| mINP: 10.41%
feature after BN:   Rank-1: 24.76% | Rank-5: 40.29% | Rank-10: 49.37%| Rank-20: 60.87%| mAP: 22.86%| mINP: 12.64%
Best Epoch [3]
==> Preparing Data Loader...
Epoch: [4][0/85] Time: 0.530 (0.530) lr:0.031183 base_lr:0.003118Loss: 7.5785 (7.5785) iLoss: 2.2913 (2.2913) CLoss: 0.7902 (0.7902) da_loss: 0.7504 (0.7504) dd_loss: 4.3470 (4.3470) Accu: 54.17
Test Epoch: 4
original feature:   Rank-1: 18.30% | Rank-5: 27.91% | Rank-10: 33.25%| Rank-20: 40.92%| mAP: 16.65%| mINP: 10.03%
feature after BN:   Rank-1: 23.11% | Rank-5: 35.15% | Rank-10: 41.80%| Rank-20: 50.63%| mAP: 20.64%| mINP: 12.19%
Best Epoch [3]
==> Preparing Data Loader...
Epoch: [5][0/85] Time: 0.512 (0.512) lr:0.037433 base_lr:0.003743Loss: 10.2637 (10.2637) iLoss: 3.7238 (3.7238) CLoss: 0.9286 (0.9286) da_loss: 0.8793 (0.8793) dd_loss: 5.4354 (5.4354) Accu: 43.75
Test Epoch: 5
original feature:   Rank-1: 18.25% | Rank-5: 30.53% | Rank-10: 37.82%| Rank-20: 48.16%| mAP: 15.42%| mINP: 7.81%
feature after BN:   Rank-1: 19.76% | Rank-5: 32.86% | Rank-10: 40.97%| Rank-20: 50.53%| mAP: 17.20%| mINP: 9.42%
Best Epoch [3]
==> Preparing Data Loader...
Epoch: [6][0/85] Time: 0.482 (0.482) lr:0.043682 base_lr:0.004368Loss: 6.3797 (6.3797) iLoss: 2.1366 (2.1366) CLoss: 0.8081 (0.8081) da_loss: 0.7964 (0.7964) dd_loss: 3.2757 (3.2757) Accu: 62.50
Test Epoch: 6
original feature:   Rank-1: 25.05% | Rank-5: 38.11% | Rank-10: 43.69%| Rank-20: 52.18%| mAP: 20.49%| mINP: 10.38%
feature after BN:   Rank-1: 30.97% | Rank-5: 47.23% | Rank-10: 56.36%| Rank-20: 66.75%| mAP: 27.12%| mINP: 14.69%
Best Epoch [6]
==> Preparing Data Loader...
Epoch: [7][0/85] Time: 0.540 (0.540) lr:0.049931 base_lr:0.004993Loss: 7.0227 (7.0227) iLoss: 1.3564 (1.3564) CLoss: 0.7373 (0.7373) da_loss: 0.7688 (0.7688) dd_loss: 4.7752 (4.7752) Accu: 72.92
Test Epoch: 7
original feature:   Rank-1: 27.52% | Rank-5: 38.69% | Rank-10: 46.89%| Rank-20: 55.63%| mAP: 22.19%| mINP: 12.05%
feature after BN:   Rank-1: 34.13% | Rank-5: 48.20% | Rank-10: 55.92%| Rank-20: 65.10%| mAP: 29.17%| mINP: 16.28%
Best Epoch [7]
==> Preparing Data Loader...
Epoch: [8][0/85] Time: 0.535 (0.535) lr:0.056181 base_lr:0.005618Loss: 4.8359 (4.8359) iLoss: 0.7855 (0.7855) CLoss: 0.5178 (0.5178) da_loss: 0.6775 (0.6775) dd_loss: 3.3971 (3.3971) Accu: 83.33
Test Epoch: 8
original feature:   Rank-1: 43.69% | Rank-5: 58.54% | Rank-10: 66.46%| Rank-20: 73.30%| mAP: 36.25%| mINP: 19.36%
feature after BN:   Rank-1: 51.12% | Rank-5: 64.51% | Rank-10: 71.36%| Rank-20: 78.50%| mAP: 42.30%| mINP: 25.19%
Best Epoch [8]
==> Preparing Data Loader...
Epoch: [9][0/85] Time: 0.523 (0.523) lr:0.062430 base_lr:0.006243Loss: 5.4348 (5.4348) iLoss: 0.2651 (0.2651) CLoss: 0.7412 (0.7412) da_loss: 0.8017 (0.8017) dd_loss: 4.2681 (4.2681) Accu: 93.75
Test Epoch: 9
original feature:   Rank-1: 53.11% | Rank-5: 65.97% | Rank-10: 73.11%| Rank-20: 80.05%| mAP: 45.04%| mINP: 28.25%
feature after BN:   Rank-1: 61.84% | Rank-5: 74.61% | Rank-10: 81.21%| Rank-20: 87.91%| mAP: 54.77%| mINP: 38.49%
Best Epoch [9]
==> Preparing Data Loader...
Epoch: [10][0/85] Time: 0.539 (0.539) lr:0.068680 base_lr:0.006868Loss: 4.4998 (4.4998) iLoss: 0.5485 (0.5485) CLoss: 0.4252 (0.4252) da_loss: 0.6593 (0.6593) dd_loss: 3.3942 (3.3942) Accu: 91.67
Test Epoch: 10
original feature:   Rank-1: 61.46% | Rank-5: 76.89% | Rank-10: 82.91%| Rank-20: 86.99%| mAP: 53.38%| mINP: 33.46%
feature after BN:   Rank-1: 72.33% | Rank-5: 83.54% | Rank-10: 87.48%| Rank-20: 91.55%| mAP: 63.09%| mINP: 43.26%
Best Epoch [10]
==> Preparing Data Loader...
Epoch: [11][0/85] Time: 0.520 (0.520) lr:0.074929 base_lr:0.007493Loss: 2.8901 (2.8901) iLoss: 0.2361 (0.2361) CLoss: 0.4894 (0.4894) da_loss: 0.6967 (0.6967) dd_loss: 2.0253 (2.0253) Accu: 93.75
Test Epoch: 11
original feature:   Rank-1: 68.98% | Rank-5: 79.56% | Rank-10: 84.66%| Rank-20: 89.03%| mAP: 59.25%| mINP: 39.25%
feature after BN:   Rank-1: 75.44% | Rank-5: 85.83% | Rank-10: 89.56%| Rank-20: 92.62%| mAP: 66.33%| mINP: 47.70%
Best Epoch [11]
==> Preparing Data Loader...
Epoch: [12][0/85] Time: 0.502 (0.502) lr:0.081178 base_lr:0.008118Loss: 1.6822 (1.6822) iLoss: 0.0815 (0.0815) CLoss: 0.3063 (0.3063) da_loss: 0.5791 (0.5791) dd_loss: 1.1785 (1.1785) Accu: 97.92
Test Epoch: 12
original feature:   Rank-1: 74.71% | Rank-5: 85.63% | Rank-10: 89.27%| Rank-20: 92.96%| mAP: 67.19%| mINP: 47.12%
feature after BN:   Rank-1: 81.75% | Rank-5: 89.85% | Rank-10: 93.50%| Rank-20: 95.97%| mAP: 74.27%| mINP: 56.11%
Best Epoch [12]
==> Preparing Data Loader...
Epoch: [13][0/85] Time: 0.486 (0.486) lr:0.087428 base_lr:0.008743Loss: 1.9999 (1.9999) iLoss: 0.0571 (0.0571) CLoss: 0.1517 (0.1517) da_loss: 0.5778 (0.5778) dd_loss: 1.6755 (1.6755) Accu: 100.00
Test Epoch: 13
original feature:   Rank-1: 72.09% | Rank-5: 83.69% | Rank-10: 88.74%| Rank-20: 93.69%| mAP: 64.00%| mINP: 43.91%
feature after BN:   Rank-1: 80.68% | Rank-5: 88.93% | Rank-10: 92.09%| Rank-20: 94.51%| mAP: 72.70%| mINP: 55.16%
Best Epoch [12]
==> Preparing Data Loader...
Epoch: [14][0/85] Time: 0.471 (0.471) lr:0.093677 base_lr:0.009368Loss: 1.8142 (1.8142) iLoss: 0.1770 (0.1770) CLoss: 0.1196 (0.1196) da_loss: 0.5963 (0.5963) dd_loss: 1.3983 (1.3983) Accu: 95.83
Test Epoch: 14
original feature:   Rank-1: 74.61% | Rank-5: 84.85% | Rank-10: 89.42%| Rank-20: 92.43%| mAP: 66.47%| mINP: 46.23%
feature after BN:   Rank-1: 79.22% | Rank-5: 86.75% | Rank-10: 91.02%| Rank-20: 94.27%| mAP: 71.36%| mINP: 53.07%
Best Epoch [12]
==> Preparing Data Loader...
Epoch: [15][0/85] Time: 0.493 (0.493) lr:0.099926 base_lr:0.009993Loss: 1.7304 (1.7304) iLoss: 0.2858 (0.2858) CLoss: 0.2530 (0.2530) da_loss: 0.5728 (0.5728) dd_loss: 1.0770 (1.0770) Accu: 95.83
Test Epoch: 15
original feature:   Rank-1: 74.90% | Rank-5: 86.41% | Rank-10: 90.97%| Rank-20: 94.22%| mAP: 66.89%| mINP: 46.70%
feature after BN:   Rank-1: 81.07% | Rank-5: 89.81% | Rank-10: 93.30%| Rank-20: 96.84%| mAP: 74.07%| mINP: 56.10%
Best Epoch [12]
==> Preparing Data Loader...
Epoch: [16][0/85] Time: 0.496 (0.496) lr:0.098824 base_lr:0.009882Loss: 1.4427 (1.4427) iLoss: 0.1174 (0.1174) CLoss: 0.0366 (0.0366) da_loss: 0.5494 (0.5494) dd_loss: 1.1788 (1.1788) Accu: 97.92
Test Epoch: 16
original feature:   Rank-1: 78.88% | Rank-5: 90.24% | Rank-10: 94.61%| Rank-20: 97.09%| mAP: 70.47%| mINP: 51.12%
feature after BN:   Rank-1: 85.87% | Rank-5: 93.45% | Rank-10: 95.44%| Rank-20: 97.67%| mAP: 78.54%| mINP: 61.66%
Best Epoch [16]
==> Preparing Data Loader...
Epoch: [17][0/85] Time: 0.530 (0.530) lr:0.097633 base_lr:0.009763Loss: 1.3999 (1.3999) iLoss: 0.0217 (0.0217) CLoss: 0.0109 (0.0109) da_loss: 0.5160 (0.5160) dd_loss: 1.2641 (1.2641) Accu: 100.00
Test Epoch: 17
original feature:   Rank-1: 80.44% | Rank-5: 91.17% | Rank-10: 94.37%| Rank-20: 96.36%| mAP: 72.06%| mINP: 52.30%
feature after BN:   Rank-1: 85.49% | Rank-5: 93.59% | Rank-10: 95.97%| Rank-20: 97.57%| mAP: 78.76%| mINP: 61.65%
Best Epoch [16]
==> Preparing Data Loader...
Epoch: [18][0/85] Time: 0.479 (0.479) lr:0.096443 base_lr:0.009644Loss: 1.0182 (1.0182) iLoss: 0.0586 (0.0586) CLoss: 0.0747 (0.0747) da_loss: 0.5430 (0.5430) dd_loss: 0.7763 (0.7763) Accu: 97.92
Test Epoch: 18
original feature:   Rank-1: 79.37% | Rank-5: 88.74% | Rank-10: 93.35%| Rank-20: 96.55%| mAP: 72.11%| mINP: 52.80%
feature after BN:   Rank-1: 85.39% | Rank-5: 92.96% | Rank-10: 95.92%| Rank-20: 98.25%| mAP: 78.80%| mINP: 62.38%
Best Epoch [16]
==> Preparing Data Loader...
Epoch: [19][0/85] Time: 0.468 (0.468) lr:0.095252 base_lr:0.009525Loss: 2.5349 (2.5349) iLoss: 0.1719 (0.1719) CLoss: 0.2041 (0.2041) da_loss: 0.5636 (0.5636) dd_loss: 2.0462 (2.0462) Accu: 100.00
Test Epoch: 19
original feature:   Rank-1: 78.93% | Rank-5: 89.61% | Rank-10: 93.59%| Rank-20: 95.49%| mAP: 71.23%| mINP: 52.28%
feature after BN:   Rank-1: 84.66% | Rank-5: 91.65% | Rank-10: 94.17%| Rank-20: 96.99%| mAP: 77.80%| mINP: 61.38%
Best Epoch [16]
==> Preparing Data Loader...
Epoch: [20][0/85] Time: 0.500 (0.500) lr:0.094062 base_lr:0.009406Loss: 0.5518 (0.5518) iLoss: 0.0261 (0.0261) CLoss: 0.0107 (0.0107) da_loss: 0.5309 (0.5309) dd_loss: 0.4088 (0.4088) Accu: 100.00
Test Epoch: 20
original feature:   Rank-1: 80.00% | Rank-5: 89.81% | Rank-10: 93.35%| Rank-20: 95.92%| mAP: 71.42%| mINP: 51.55%
feature after BN:   Rank-1: 86.46% | Rank-5: 91.84% | Rank-10: 94.81%| Rank-20: 96.80%| mAP: 78.38%| mINP: 60.66%
Best Epoch [20]
==> Preparing Data Loader...
Epoch: [21][0/85] Time: 0.514 (0.514) lr:0.092871 base_lr:0.009287Loss: 1.2446 (1.2446) iLoss: 0.0443 (0.0443) CLoss: 0.0115 (0.0115) da_loss: 0.5211 (0.5211) dd_loss: 1.0845 (1.0845) Accu: 100.00
Test Epoch: 21
original feature:   Rank-1: 77.18% | Rank-5: 89.61% | Rank-10: 93.16%| Rank-20: 96.07%| mAP: 68.92%| mINP: 50.10%
feature after BN:   Rank-1: 84.22% | Rank-5: 91.55% | Rank-10: 95.10%| Rank-20: 97.28%| mAP: 78.15%| mINP: 62.08%
Best Epoch [20]
==> Preparing Data Loader...
Epoch: [22][0/85] Time: 0.516 (0.516) lr:0.091681 base_lr:0.009168Loss: 2.1824 (2.1824) iLoss: 0.3940 (0.3940) CLoss: 0.1799 (0.1799) da_loss: 0.5295 (0.5295) dd_loss: 1.5025 (1.5025) Accu: 87.50
Test Epoch: 22
original feature:   Rank-1: 79.47% | Rank-5: 89.81% | Rank-10: 93.45%| Rank-20: 96.41%| mAP: 70.93%| mINP: 50.95%
feature after BN:   Rank-1: 84.81% | Rank-5: 92.18% | Rank-10: 95.63%| Rank-20: 97.43%| mAP: 77.53%| mINP: 60.45%
Best Epoch [20]
==> Preparing Data Loader...
Epoch: [23][0/85] Time: 0.502 (0.502) lr:0.090490 base_lr:0.009049Loss: 1.9522 (1.9522) iLoss: 0.0950 (0.0950) CLoss: 0.0849 (0.0849) da_loss: 0.5395 (0.5395) dd_loss: 1.6645 (1.6645) Accu: 100.00
Test Epoch: 23
original feature:   Rank-1: 81.94% | Rank-5: 91.36% | Rank-10: 94.66%| Rank-20: 96.80%| mAP: 73.57%| mINP: 52.96%
feature after BN:   Rank-1: 85.87% | Rank-5: 92.67% | Rank-10: 95.58%| Rank-20: 97.38%| mAP: 79.08%| mINP: 62.82%
Best Epoch [20]
==> Preparing Data Loader...
Epoch: [24][0/85] Time: 0.474 (0.474) lr:0.089300 base_lr:0.008930Loss: 1.1406 (1.1406) iLoss: 0.0387 (0.0387) CLoss: 0.0084 (0.0084) da_loss: 0.4546 (0.4546) dd_loss: 1.0026 (1.0026) Accu: 100.00
Test Epoch: 24
original feature:   Rank-1: 81.26% | Rank-5: 90.34% | Rank-10: 93.64%| Rank-20: 97.14%| mAP: 72.88%| mINP: 53.92%
feature after BN:   Rank-1: 87.91% | Rank-5: 93.45% | Rank-10: 95.68%| Rank-20: 98.11%| mAP: 80.90%| mINP: 65.40%
Best Epoch [24]
==> Preparing Data Loader...
Epoch: [25][0/85] Time: 0.523 (0.523) lr:0.088109 base_lr:0.008811Loss: 1.2194 (1.2194) iLoss: 0.0492 (0.0492) CLoss: 0.0367 (0.0367) da_loss: 0.5034 (0.5034) dd_loss: 1.0328 (1.0328) Accu: 100.00
Test Epoch: 25
original feature:   Rank-1: 80.97% | Rank-5: 89.71% | Rank-10: 92.57%| Rank-20: 95.29%| mAP: 72.04%| mINP: 52.00%
feature after BN:   Rank-1: 83.59% | Rank-5: 90.63% | Rank-10: 93.64%| Rank-20: 95.58%| mAP: 77.40%| mINP: 62.04%
Best Epoch [24]
==> Preparing Data Loader...
Epoch: [26][0/85] Time: 0.503 (0.503) lr:0.086919 base_lr:0.008692Loss: 1.5780 (1.5780) iLoss: 0.0889 (0.0889) CLoss: 0.0757 (0.0757) da_loss: 0.5225 (0.5225) dd_loss: 1.3088 (1.3088) Accu: 100.00
Test Epoch: 26
original feature:   Rank-1: 79.85% | Rank-5: 88.54% | Rank-10: 92.28%| Rank-20: 94.90%| mAP: 71.43%| mINP: 52.79%
feature after BN:   Rank-1: 86.02% | Rank-5: 91.50% | Rank-10: 94.13%| Rank-20: 96.50%| mAP: 79.13%| mINP: 63.01%
Best Epoch [24]
==> Preparing Data Loader...
Epoch: [27][0/85] Time: 0.504 (0.504) lr:0.085728 base_lr:0.008573Loss: 1.5252 (1.5252) iLoss: 0.0477 (0.0477) CLoss: 0.0917 (0.0917) da_loss: 0.5168 (0.5168) dd_loss: 1.2825 (1.2825) Accu: 100.00
Test Epoch: 27
original feature:   Rank-1: 80.78% | Rank-5: 90.44% | Rank-10: 94.81%| Rank-20: 96.84%| mAP: 70.37%| mINP: 48.37%
feature after BN:   Rank-1: 85.87% | Rank-5: 93.01% | Rank-10: 95.73%| Rank-20: 97.77%| mAP: 78.67%| mINP: 63.00%
Best Epoch [24]
==> Preparing Data Loader...
Epoch: [28][0/85] Time: 0.524 (0.524) lr:0.084538 base_lr:0.008454Loss: 1.1851 (1.1851) iLoss: 0.0408 (0.0408) CLoss: 0.0116 (0.0116) da_loss: 0.5346 (0.5346) dd_loss: 1.0258 (1.0258) Accu: 100.00
Test Epoch: 28
original feature:   Rank-1: 82.14% | Rank-5: 90.63% | Rank-10: 93.79%| Rank-20: 96.55%| mAP: 71.55%| mINP: 50.43%
feature after BN:   Rank-1: 86.21% | Rank-5: 91.99% | Rank-10: 95.05%| Rank-20: 97.82%| mAP: 78.32%| mINP: 60.28%
Best Epoch [24]
==> Preparing Data Loader...
Epoch: [29][0/85] Time: 0.521 (0.521) lr:0.083347 base_lr:0.008335Loss: 0.7443 (0.7443) iLoss: 0.0305 (0.0305) CLoss: 0.0292 (0.0292) da_loss: 0.5151 (0.5151) dd_loss: 0.5815 (0.5815) Accu: 100.00
Test Epoch: 29
original feature:   Rank-1: 81.46% | Rank-5: 90.58% | Rank-10: 94.08%| Rank-20: 96.80%| mAP: 71.76%| mINP: 49.42%
feature after BN:   Rank-1: 87.86% | Rank-5: 94.56% | Rank-10: 96.55%| Rank-20: 98.45%| mAP: 81.24%| mINP: 63.51%
Best Epoch [24]
==> Preparing Data Loader...
Epoch: [30][0/85] Time: 0.478 (0.478) lr:0.082157 base_lr:0.008216Loss: 1.6291 (1.6291) iLoss: 0.0774 (0.0774) CLoss: 0.1254 (0.1254) da_loss: 0.5604 (0.5604) dd_loss: 1.3142 (1.3142) Accu: 100.00
Test Epoch: 30
original feature:   Rank-1: 80.78% | Rank-5: 89.37% | Rank-10: 92.18%| Rank-20: 95.19%| mAP: 70.85%| mINP: 49.86%
feature after BN:   Rank-1: 85.97% | Rank-5: 92.62% | Rank-10: 94.95%| Rank-20: 97.09%| mAP: 79.68%| mINP: 63.52%
Best Epoch [24]
==> Preparing Data Loader...
Epoch: [31][0/85] Time: 0.481 (0.481) lr:0.080966 base_lr:0.008097Loss: 0.9783 (0.9783) iLoss: 0.0479 (0.0479) CLoss: 0.0332 (0.0332) da_loss: 0.5450 (0.5450) dd_loss: 0.7881 (0.7881) Accu: 100.00
Test Epoch: 31
original feature:   Rank-1: 82.82% | Rank-5: 91.65% | Rank-10: 95.24%| Rank-20: 97.04%| mAP: 72.65%| mINP: 52.13%
feature after BN:   Rank-1: 86.99% | Rank-5: 94.22% | Rank-10: 96.55%| Rank-20: 98.06%| mAP: 79.57%| mINP: 62.85%
Best Epoch [24]
==> Preparing Data Loader...
Epoch: [32][0/85] Time: 0.485 (0.485) lr:0.079776 base_lr:0.007978Loss: 0.8196 (0.8196) iLoss: 0.0478 (0.0478) CLoss: 0.0798 (0.0798) da_loss: 0.5389 (0.5389) dd_loss: 0.5843 (0.5843) Accu: 100.00
Test Epoch: 32
original feature:   Rank-1: 80.34% | Rank-5: 90.49% | Rank-10: 93.69%| Rank-20: 96.12%| mAP: 72.36%| mINP: 52.44%
feature after BN:   Rank-1: 87.38% | Rank-5: 94.27% | Rank-10: 96.70%| Rank-20: 97.91%| mAP: 80.72%| mINP: 64.38%
Best Epoch [24]
==> Preparing Data Loader...
Epoch: [33][0/85] Time: 0.490 (0.490) lr:0.078585 base_lr:0.007859Loss: 1.7691 (1.7691) iLoss: 0.0773 (0.0773) CLoss: 0.0052 (0.0052) da_loss: 0.5167 (0.5167) dd_loss: 1.5833 (1.5833) Accu: 100.00
Test Epoch: 33
original feature:   Rank-1: 79.47% | Rank-5: 89.27% | Rank-10: 93.69%| Rank-20: 96.31%| mAP: 70.38%| mINP: 50.84%
feature after BN:   Rank-1: 86.60% | Rank-5: 92.62% | Rank-10: 95.34%| Rank-20: 97.28%| mAP: 79.65%| mINP: 63.73%
Best Epoch [24]
==> Preparing Data Loader...
Epoch: [34][0/85] Time: 0.468 (0.468) lr:0.077395 base_lr:0.007739Loss: 0.4569 (0.4569) iLoss: 0.0243 (0.0243) CLoss: 0.0283 (0.0283) da_loss: 0.5265 (0.5265) dd_loss: 0.2990 (0.2990) Accu: 100.00
Test Epoch: 34
original feature:   Rank-1: 82.18% | Rank-5: 90.83% | Rank-10: 93.64%| Rank-20: 95.73%| mAP: 71.86%| mINP: 51.28%
feature after BN:   Rank-1: 86.84% | Rank-5: 92.82% | Rank-10: 94.66%| Rank-20: 96.46%| mAP: 79.02%| mINP: 62.56%
Best Epoch [24]
==> Preparing Data Loader...
Epoch: [35][0/85] Time: 0.509 (0.509) lr:0.076204 base_lr:0.007620Loss: 0.9891 (0.9891) iLoss: 0.0227 (0.0227) CLoss: 0.0230 (0.0230) da_loss: 0.5139 (0.5139) dd_loss: 0.8407 (0.8407) Accu: 100.00
Test Epoch: 35
original feature:   Rank-1: 79.61% | Rank-5: 88.79% | Rank-10: 92.48%| Rank-20: 95.29%| mAP: 70.13%| mINP: 50.17%
feature after BN:   Rank-1: 81.46% | Rank-5: 89.47% | Rank-10: 92.72%| Rank-20: 95.44%| mAP: 74.90%| mINP: 58.70%
Best Epoch [24]
==> Preparing Data Loader...
Epoch: [36][0/85] Time: 0.484 (0.484) lr:0.075014 base_lr:0.007501Loss: 1.0616 (1.0616) iLoss: 0.0424 (0.0424) CLoss: 0.0408 (0.0408) da_loss: 0.5689 (0.5689) dd_loss: 0.8646 (0.8646) Accu: 100.00
Test Epoch: 36
original feature:   Rank-1: 81.89% | Rank-5: 90.34% | Rank-10: 94.51%| Rank-20: 97.28%| mAP: 72.88%| mINP: 52.50%
feature after BN:   Rank-1: 88.54% | Rank-5: 94.37% | Rank-10: 96.50%| Rank-20: 97.96%| mAP: 81.19%| mINP: 65.39%
Best Epoch [36]
==> Preparing Data Loader...
Epoch: [37][0/85] Time: 0.518 (0.518) lr:0.073824 base_lr:0.007382Loss: 1.0425 (1.0425) iLoss: 0.0882 (0.0882) CLoss: 0.0159 (0.0159) da_loss: 0.5022 (0.5022) dd_loss: 0.8379 (0.8379) Accu: 97.92
Test Epoch: 37
original feature:   Rank-1: 84.51% | Rank-5: 92.28% | Rank-10: 95.78%| Rank-20: 97.33%| mAP: 75.87%| mINP: 56.81%
feature after BN:   Rank-1: 86.70% | Rank-5: 92.43% | Rank-10: 95.53%| Rank-20: 97.43%| mAP: 80.89%| mINP: 66.45%
Best Epoch [36]
==> Preparing Data Loader...
Epoch: [38][0/85] Time: 0.479 (0.479) lr:0.072633 base_lr:0.007263Loss: 0.5392 (0.5392) iLoss: 0.0368 (0.0368) CLoss: 0.0274 (0.0274) da_loss: 0.4648 (0.4648) dd_loss: 0.3820 (0.3820) Accu: 100.00
Test Epoch: 38
original feature:   Rank-1: 81.50% | Rank-5: 90.53% | Rank-10: 94.08%| Rank-20: 96.31%| mAP: 71.62%| mINP: 49.98%
feature after BN:   Rank-1: 86.94% | Rank-5: 92.18% | Rank-10: 95.63%| Rank-20: 97.62%| mAP: 79.97%| mINP: 62.58%
Best Epoch [36]
==> Preparing Data Loader...
Epoch: [39][0/85] Time: 0.515 (0.515) lr:0.071443 base_lr:0.007144Loss: 0.9444 (0.9444) iLoss: 0.0156 (0.0156) CLoss: 0.0119 (0.0119) da_loss: 0.5625 (0.5625) dd_loss: 0.8044 (0.8044) Accu: 100.00
Test Epoch: 39
original feature:   Rank-1: 81.89% | Rank-5: 91.80% | Rank-10: 95.19%| Rank-20: 96.99%| mAP: 72.83%| mINP: 52.49%
feature after BN:   Rank-1: 87.04% | Rank-5: 93.40% | Rank-10: 95.44%| Rank-20: 97.48%| mAP: 80.71%| mINP: 64.58%
Best Epoch [36]
==> Preparing Data Loader...
Epoch: [40][0/85] Time: 0.512 (0.512) lr:0.070252 base_lr:0.007025Loss: 1.0792 (1.0792) iLoss: 0.0525 (0.0525) CLoss: 0.0401 (0.0401) da_loss: 0.5748 (0.5748) dd_loss: 0.8716 (0.8716) Accu: 97.92
Test Epoch: 40
original feature:   Rank-1: 84.47% | Rank-5: 92.43% | Rank-10: 94.66%| Rank-20: 96.60%| mAP: 75.62%| mINP: 55.47%
feature after BN:   Rank-1: 89.08% | Rank-5: 94.08% | Rank-10: 96.21%| Rank-20: 97.77%| mAP: 82.72%| mINP: 67.01%
Best Epoch [40]
==> Preparing Data Loader...
Epoch: [41][0/85] Time: 0.520 (0.520) lr:0.069062 base_lr:0.006906Loss: 0.6974 (0.6974) iLoss: 0.0300 (0.0300) CLoss: 0.0219 (0.0219) da_loss: 0.4401 (0.4401) dd_loss: 0.5574 (0.5574) Accu: 100.00
Test Epoch: 41
original feature:   Rank-1: 84.08% | Rank-5: 92.72% | Rank-10: 94.71%| Rank-20: 97.09%| mAP: 75.62%| mINP: 55.89%
feature after BN:   Rank-1: 88.59% | Rank-5: 93.40% | Rank-10: 95.34%| Rank-20: 97.72%| mAP: 82.55%| mINP: 67.18%
Best Epoch [40]
==> Preparing Data Loader...
Epoch: [42][0/85] Time: 0.480 (0.480) lr:0.067871 base_lr:0.006787Loss: 0.3411 (0.3411) iLoss: 0.0138 (0.0138) CLoss: 0.0050 (0.0050) da_loss: 0.4499 (0.4499) dd_loss: 0.2323 (0.2323) Accu: 100.00
Test Epoch: 42
original feature:   Rank-1: 84.85% | Rank-5: 93.11% | Rank-10: 95.05%| Rank-20: 96.84%| mAP: 76.36%| mINP: 56.17%
feature after BN:   Rank-1: 88.79% | Rank-5: 93.69% | Rank-10: 95.73%| Rank-20: 97.43%| mAP: 83.91%| mINP: 69.18%
Best Epoch [40]
==> Preparing Data Loader...
Epoch: [43][0/85] Time: 0.488 (0.488) lr:0.066681 base_lr:0.006668Loss: 1.1931 (1.1931) iLoss: 0.0435 (0.0435) CLoss: 0.0250 (0.0250) da_loss: 0.4508 (0.4508) dd_loss: 1.0344 (1.0344) Accu: 100.00
Test Epoch: 43
original feature:   Rank-1: 83.35% | Rank-5: 91.94% | Rank-10: 95.44%| Rank-20: 97.28%| mAP: 74.59%| mINP: 53.31%
feature after BN:   Rank-1: 87.18% | Rank-5: 93.45% | Rank-10: 96.17%| Rank-20: 98.20%| mAP: 81.46%| mINP: 65.68%
Best Epoch [40]
==> Preparing Data Loader...
Epoch: [44][0/85] Time: 0.496 (0.496) lr:0.065490 base_lr:0.006549Loss: 0.7339 (0.7339) iLoss: 0.0528 (0.0528) CLoss: 0.0441 (0.0441) da_loss: 0.4886 (0.4886) dd_loss: 0.5393 (0.5393) Accu: 100.00
Test Epoch: 44
original feature:   Rank-1: 84.03% | Rank-5: 92.62% | Rank-10: 95.10%| Rank-20: 96.94%| mAP: 75.09%| mINP: 53.68%
feature after BN:   Rank-1: 90.10% | Rank-5: 95.05% | Rank-10: 96.75%| Rank-20: 97.91%| mAP: 83.79%| mINP: 67.55%
Best Epoch [44]
==> Preparing Data Loader...
Epoch: [45][0/85] Time: 0.531 (0.531) lr:0.064300 base_lr:0.006430Loss: 0.4032 (0.4032) iLoss: 0.0200 (0.0200) CLoss: 0.0049 (0.0049) da_loss: 0.4346 (0.4346) dd_loss: 0.2913 (0.2913) Accu: 100.00
Test Epoch: 45
original feature:   Rank-1: 84.08% | Rank-5: 93.06% | Rank-10: 95.83%| Rank-20: 97.67%| mAP: 76.33%| mINP: 55.76%
feature after BN:   Rank-1: 89.47% | Rank-5: 93.88% | Rank-10: 96.50%| Rank-20: 98.06%| mAP: 84.38%| mINP: 69.23%
Best Epoch [44]
==> Preparing Data Loader...
Epoch: [46][0/85] Time: 0.487 (0.487) lr:0.063109 base_lr:0.006311Loss: 1.3934 (1.3934) iLoss: 0.0479 (0.0479) CLoss: 0.0175 (0.0175) da_loss: 0.4659 (0.4659) dd_loss: 1.2348 (1.2348) Accu: 97.92
Test Epoch: 46
original feature:   Rank-1: 83.30% | Rank-5: 92.57% | Rank-10: 95.00%| Rank-20: 97.09%| mAP: 73.48%| mINP: 51.38%
feature after BN:   Rank-1: 87.72% | Rank-5: 93.45% | Rank-10: 95.68%| Rank-20: 97.62%| mAP: 82.19%| mINP: 66.54%
Best Epoch [44]
==> Preparing Data Loader...
Epoch: [47][0/85] Time: 0.501 (0.501) lr:0.061919 base_lr:0.006192Loss: 0.7260 (0.7260) iLoss: 0.0538 (0.0538) CLoss: 0.0578 (0.0578) da_loss: 0.4486 (0.4486) dd_loss: 0.5247 (0.5247) Accu: 100.00
Test Epoch: 47
original feature:   Rank-1: 86.65% | Rank-5: 94.37% | Rank-10: 96.41%| Rank-20: 97.57%| mAP: 76.16%| mINP: 54.14%
feature after BN:   Rank-1: 90.10% | Rank-5: 95.68% | Rank-10: 97.33%| Rank-20: 98.16%| mAP: 84.50%| mINP: 68.26%
Best Epoch [44]
==> Preparing Data Loader...
Epoch: [48][0/85] Time: 0.489 (0.489) lr:0.060728 base_lr:0.006073Loss: 0.8447 (0.8447) iLoss: 0.0459 (0.0459) CLoss: 0.0233 (0.0233) da_loss: 0.4232 (0.4232) dd_loss: 0.6908 (0.6908) Accu: 100.00
Test Epoch: 48
original feature:   Rank-1: 83.69% | Rank-5: 93.69% | Rank-10: 95.87%| Rank-20: 97.62%| mAP: 75.46%| mINP: 54.19%
feature after BN:   Rank-1: 88.93% | Rank-5: 94.71% | Rank-10: 96.31%| Rank-20: 98.20%| mAP: 83.21%| mINP: 66.31%
Best Epoch [44]
==> Preparing Data Loader...
Epoch: [49][0/85] Time: 0.461 (0.461) lr:0.059538 base_lr:0.005954Loss: 0.5391 (0.5391) iLoss: 0.0261 (0.0261) CLoss: 0.0395 (0.0395) da_loss: 0.4477 (0.4477) dd_loss: 0.3840 (0.3840) Accu: 100.00
Test Epoch: 49
original feature:   Rank-1: 86.41% | Rank-5: 93.16% | Rank-10: 95.29%| Rank-20: 96.99%| mAP: 76.37%| mINP: 55.53%
feature after BN:   Rank-1: 90.15% | Rank-5: 94.76% | Rank-10: 96.99%| Rank-20: 98.11%| mAP: 83.92%| mINP: 67.64%
Best Epoch [49]
==> Preparing Data Loader...
Epoch: [50][0/85] Time: 0.558 (0.558) lr:0.058347 base_lr:0.005835Loss: 0.3358 (0.3358) iLoss: 0.0111 (0.0111) CLoss: 0.0032 (0.0032) da_loss: 0.4275 (0.4275) dd_loss: 0.2360 (0.2360) Accu: 100.00
Test Epoch: 50
original feature:   Rank-1: 85.05% | Rank-5: 93.01% | Rank-10: 95.58%| Rank-20: 97.14%| mAP: 75.33%| mINP: 55.34%
feature after BN:   Rank-1: 88.93% | Rank-5: 93.64% | Rank-10: 96.07%| Rank-20: 97.62%| mAP: 83.25%| mINP: 68.49%
Best Epoch [49]
==> Preparing Data Loader...
Epoch: [51][0/85] Time: 0.478 (0.478) lr:0.057157 base_lr:0.005716Loss: 0.5825 (0.5825) iLoss: 0.0401 (0.0401) CLoss: 0.0050 (0.0050) da_loss: 0.4112 (0.4112) dd_loss: 0.4551 (0.4551) Accu: 100.00
Test Epoch: 51
original feature:   Rank-1: 84.17% | Rank-5: 92.52% | Rank-10: 94.90%| Rank-20: 96.36%| mAP: 75.29%| mINP: 55.78%
feature after BN:   Rank-1: 89.85% | Rank-5: 93.98% | Rank-10: 95.92%| Rank-20: 97.33%| mAP: 82.37%| mINP: 66.88%
Best Epoch [49]
==> Preparing Data Loader...
Epoch: [52][0/85] Time: 0.473 (0.473) lr:0.055966 base_lr:0.005597Loss: 0.3922 (0.3922) iLoss: 0.0102 (0.0102) CLoss: 0.0026 (0.0026) da_loss: 0.4391 (0.4391) dd_loss: 0.2917 (0.2917) Accu: 100.00
Test Epoch: 52
original feature:   Rank-1: 85.87% | Rank-5: 93.98% | Rank-10: 96.12%| Rank-20: 97.77%| mAP: 77.58%| mINP: 58.44%
feature after BN:   Rank-1: 89.47% | Rank-5: 94.32% | Rank-10: 96.41%| Rank-20: 97.91%| mAP: 83.68%| mINP: 68.10%
Best Epoch [49]
==> Preparing Data Loader...
Epoch: [53][0/85] Time: 0.491 (0.491) lr:0.054776 base_lr:0.005478Loss: 0.5467 (0.5467) iLoss: 0.0204 (0.0204) CLoss: 0.0395 (0.0395) da_loss: 0.4494 (0.4494) dd_loss: 0.3970 (0.3970) Accu: 100.00
Test Epoch: 53
original feature:   Rank-1: 87.09% | Rank-5: 94.13% | Rank-10: 96.02%| Rank-20: 97.48%| mAP: 78.51%| mINP: 59.75%
feature after BN:   Rank-1: 90.58% | Rank-5: 94.85% | Rank-10: 96.84%| Rank-20: 98.20%| mAP: 85.10%| mINP: 71.29%
Best Epoch [53]
==> Preparing Data Loader...
Epoch: [54][0/85] Time: 0.521 (0.521) lr:0.053585 base_lr:0.005359Loss: 0.7053 (0.7053) iLoss: 0.0303 (0.0303) CLoss: 0.0041 (0.0041) da_loss: 0.4206 (0.4206) dd_loss: 0.5867 (0.5867) Accu: 100.00
Test Epoch: 54
original feature:   Rank-1: 87.48% | Rank-5: 94.22% | Rank-10: 96.12%| Rank-20: 98.01%| mAP: 79.01%| mINP: 59.91%
feature after BN:   Rank-1: 90.29% | Rank-5: 95.05% | Rank-10: 96.89%| Rank-20: 98.50%| mAP: 85.11%| mINP: 70.58%
Best Epoch [53]
==> Preparing Data Loader...
Epoch: [55][0/85] Time: 0.469 (0.469) lr:0.052395 base_lr:0.005239Loss: 0.7096 (0.7096) iLoss: 0.0518 (0.0518) CLoss: 0.0761 (0.0761) da_loss: 0.3741 (0.3741) dd_loss: 0.5068 (0.5068) Accu: 100.00
Test Epoch: 55
original feature:   Rank-1: 86.80% | Rank-5: 93.83% | Rank-10: 96.17%| Rank-20: 97.38%| mAP: 78.86%| mINP: 59.24%
feature after BN:   Rank-1: 90.34% | Rank-5: 94.51% | Rank-10: 96.65%| Rank-20: 98.01%| mAP: 85.17%| mINP: 70.80%
Best Epoch [53]
==> Preparing Data Loader...
Epoch: [56][0/85] Time: 0.515 (0.515) lr:0.051204 base_lr:0.005120Loss: 0.4588 (0.4588) iLoss: 0.0186 (0.0186) CLoss: 0.0049 (0.0049) da_loss: 0.3533 (0.3533) dd_loss: 0.3646 (0.3646) Accu: 100.00
Test Epoch: 56
original feature:   Rank-1: 84.95% | Rank-5: 92.43% | Rank-10: 95.49%| Rank-20: 96.99%| mAP: 75.96%| mINP: 55.96%
feature after BN:   Rank-1: 89.56% | Rank-5: 94.27% | Rank-10: 95.92%| Rank-20: 97.43%| mAP: 83.23%| mINP: 67.23%
Best Epoch [53]
==> Preparing Data Loader...
Epoch: [57][0/85] Time: 0.470 (0.470) lr:0.050014 base_lr:0.005001Loss: 0.6142 (0.6142) iLoss: 0.0262 (0.0262) CLoss: 0.0177 (0.0177) da_loss: 0.4188 (0.4188) dd_loss: 0.4865 (0.4865) Accu: 100.00
Test Epoch: 57
original feature:   Rank-1: 86.17% | Rank-5: 93.64% | Rank-10: 95.87%| Rank-20: 97.28%| mAP: 78.25%| mINP: 59.15%
feature after BN:   Rank-1: 90.00% | Rank-5: 94.47% | Rank-10: 96.26%| Rank-20: 97.62%| mAP: 85.27%| mINP: 71.05%
Best Epoch [53]
==> Preparing Data Loader...
Epoch: [58][0/85] Time: 0.471 (0.471) lr:0.048824 base_lr:0.004882Loss: 0.3040 (0.3040) iLoss: 0.0173 (0.0173) CLoss: 0.0008 (0.0008) da_loss: 0.3503 (0.3503) dd_loss: 0.2159 (0.2159) Accu: 100.00
Test Epoch: 58
original feature:   Rank-1: 86.75% | Rank-5: 94.03% | Rank-10: 96.55%| Rank-20: 97.72%| mAP: 78.84%| mINP: 60.13%
feature after BN:   Rank-1: 90.34% | Rank-5: 94.47% | Rank-10: 96.55%| Rank-20: 98.06%| mAP: 85.17%| mINP: 71.53%
Best Epoch [53]
==> Preparing Data Loader...
Epoch: [59][0/85] Time: 0.491 (0.491) lr:0.047633 base_lr:0.004763Loss: 0.7851 (0.7851) iLoss: 0.0430 (0.0430) CLoss: 0.0156 (0.0156) da_loss: 0.3769 (0.3769) dd_loss: 0.6511 (0.6511) Accu: 100.00
Test Epoch: 59
original feature:   Rank-1: 83.20% | Rank-5: 91.65% | Rank-10: 94.22%| Rank-20: 96.26%| mAP: 73.78%| mINP: 54.03%
feature after BN:   Rank-1: 88.16% | Rank-5: 92.57% | Rank-10: 95.05%| Rank-20: 96.80%| mAP: 81.54%| mINP: 66.78%
Best Epoch [53]
==> Preparing Data Loader...
Epoch: [60][0/85] Time: 0.474 (0.474) lr:0.046443 base_lr:0.004644Loss: 0.3862 (0.3862) iLoss: 0.0244 (0.0244) CLoss: 0.0076 (0.0076) da_loss: 0.4857 (0.4857) dd_loss: 0.2570 (0.2570) Accu: 100.00
Test Epoch: 60
original feature:   Rank-1: 84.42% | Rank-5: 91.12% | Rank-10: 93.93%| Rank-20: 95.97%| mAP: 73.62%| mINP: 53.26%
feature after BN:   Rank-1: 86.89% | Rank-5: 92.14% | Rank-10: 94.47%| Rank-20: 96.41%| mAP: 80.98%| mINP: 65.93%
Best Epoch [53]
==> Preparing Data Loader...
Epoch: [61][0/85] Time: 0.474 (0.474) lr:0.045252 base_lr:0.004525Loss: 0.8547 (0.8547) iLoss: 0.0275 (0.0275) CLoss: 0.0104 (0.0104) da_loss: 0.4624 (0.4624) dd_loss: 0.7242 (0.7242) Accu: 100.00
Test Epoch: 61
original feature:   Rank-1: 84.51% | Rank-5: 92.18% | Rank-10: 94.42%| Rank-20: 96.46%| mAP: 75.24%| mINP: 55.56%
feature after BN:   Rank-1: 87.77% | Rank-5: 92.96% | Rank-10: 95.15%| Rank-20: 96.70%| mAP: 81.33%| mINP: 65.95%
Best Epoch [53]
==> Preparing Data Loader...
Epoch: [62][0/85] Time: 0.479 (0.479) lr:0.044062 base_lr:0.004406Loss: 0.4688 (0.4688) iLoss: 0.0264 (0.0264) CLoss: 0.0043 (0.0043) da_loss: 0.5033 (0.5033) dd_loss: 0.3374 (0.3374) Accu: 100.00
Test Epoch: 62
original feature:   Rank-1: 83.74% | Rank-5: 90.44% | Rank-10: 93.45%| Rank-20: 95.97%| mAP: 73.72%| mINP: 54.28%
feature after BN:   Rank-1: 85.87% | Rank-5: 91.17% | Rank-10: 93.64%| Rank-20: 96.55%| mAP: 79.49%| mINP: 64.10%
Best Epoch [53]
==> Preparing Data Loader...
Epoch: [63][0/85] Time: 0.503 (0.503) lr:0.042871 base_lr:0.004287Loss: 0.4703 (0.4703) iLoss: 0.0333 (0.0333) CLoss: 0.0214 (0.0214) da_loss: 0.4554 (0.4554) dd_loss: 0.3245 (0.3245) Accu: 100.00
Test Epoch: 63
original feature:   Rank-1: 84.61% | Rank-5: 92.96% | Rank-10: 95.10%| Rank-20: 96.60%| mAP: 76.17%| mINP: 55.91%
feature after BN:   Rank-1: 89.27% | Rank-5: 93.79% | Rank-10: 96.02%| Rank-20: 97.43%| mAP: 83.58%| mINP: 67.65%
Best Epoch [53]
==> Preparing Data Loader...
Epoch: [64][0/85] Time: 0.513 (0.513) lr:0.041681 base_lr:0.004168Loss: 0.4009 (0.4009) iLoss: 0.0227 (0.0227) CLoss: 0.0075 (0.0075) da_loss: 0.4073 (0.4073) dd_loss: 0.2893 (0.2893) Accu: 100.00
Test Epoch: 64
original feature:   Rank-1: 86.60% | Rank-5: 93.06% | Rank-10: 95.39%| Rank-20: 97.33%| mAP: 77.55%| mINP: 58.01%
feature after BN:   Rank-1: 89.71% | Rank-5: 94.22% | Rank-10: 96.12%| Rank-20: 97.57%| mAP: 84.36%| mINP: 70.22%
Best Epoch [53]
==> Preparing Data Loader...
Epoch: [65][0/85] Time: 0.477 (0.477) lr:0.040490 base_lr:0.004049Loss: 0.3666 (0.3666) iLoss: 0.0392 (0.0392) CLoss: 0.0070 (0.0070) da_loss: 0.3967 (0.3967) dd_loss: 0.2410 (0.2410) Accu: 100.00
Test Epoch: 65
original feature:   Rank-1: 87.23% | Rank-5: 93.45% | Rank-10: 96.26%| Rank-20: 97.96%| mAP: 78.14%| mINP: 58.96%
feature after BN:   Rank-1: 90.15% | Rank-5: 94.32% | Rank-10: 96.41%| Rank-20: 98.11%| mAP: 84.81%| mINP: 70.69%
Best Epoch [53]
==> Preparing Data Loader...
Epoch: [66][0/85] Time: 0.474 (0.474) lr:0.039300 base_lr:0.003930Loss: 0.4133 (0.4133) iLoss: 0.0274 (0.0274) CLoss: 0.0273 (0.0273) da_loss: 0.3520 (0.3520) dd_loss: 0.2881 (0.2881) Accu: 100.00
Test Epoch: 66
original feature:   Rank-1: 86.65% | Rank-5: 93.74% | Rank-10: 95.83%| Rank-20: 97.57%| mAP: 77.58%| mINP: 58.32%
feature after BN:   Rank-1: 90.34% | Rank-5: 94.22% | Rank-10: 96.07%| Rank-20: 97.72%| mAP: 84.75%| mINP: 70.45%
Best Epoch [53]
==> Preparing Data Loader...
Epoch: [67][0/85] Time: 0.447 (0.447) lr:0.038109 base_lr:0.003811Loss: 0.3948 (0.3948) iLoss: 0.0206 (0.0206) CLoss: 0.0091 (0.0091) da_loss: 0.3654 (0.3654) dd_loss: 0.2920 (0.2920) Accu: 100.00
Test Epoch: 67
original feature:   Rank-1: 86.46% | Rank-5: 93.88% | Rank-10: 95.97%| Rank-20: 97.38%| mAP: 77.91%| mINP: 59.20%
feature after BN:   Rank-1: 90.68% | Rank-5: 94.66% | Rank-10: 96.50%| Rank-20: 97.67%| mAP: 85.46%| mINP: 71.81%
Best Epoch [67]
==> Preparing Data Loader...
Epoch: [68][0/85] Time: 0.493 (0.493) lr:0.036919 base_lr:0.003692Loss: 0.4042 (0.4042) iLoss: 0.0149 (0.0149) CLoss: 0.0011 (0.0011) da_loss: 0.3635 (0.3635) dd_loss: 0.3155 (0.3155) Accu: 100.00
Test Epoch: 68
original feature:   Rank-1: 86.89% | Rank-5: 93.83% | Rank-10: 95.92%| Rank-20: 97.62%| mAP: 77.95%| mINP: 58.93%
feature after BN:   Rank-1: 90.63% | Rank-5: 94.81% | Rank-10: 96.60%| Rank-20: 98.06%| mAP: 85.53%| mINP: 71.70%
Best Epoch [67]
==> Preparing Data Loader...
Epoch: [69][0/85] Time: 0.484 (0.484) lr:0.035728 base_lr:0.003573Loss: 0.5067 (0.5067) iLoss: 0.0119 (0.0119) CLoss: 0.0093 (0.0093) da_loss: 0.3304 (0.3304) dd_loss: 0.4195 (0.4195) Accu: 100.00
Test Epoch: 69
original feature:   Rank-1: 87.04% | Rank-5: 94.03% | Rank-10: 96.07%| Rank-20: 97.57%| mAP: 78.63%| mINP: 59.76%
feature after BN:   Rank-1: 90.63% | Rank-5: 95.10% | Rank-10: 96.46%| Rank-20: 98.01%| mAP: 85.69%| mINP: 71.89%
Best Epoch [67]
==> Preparing Data Loader...
Epoch: [70][0/85] Time: 0.465 (0.465) lr:0.034538 base_lr:0.003454Loss: 0.3686 (0.3686) iLoss: 0.0225 (0.0225) CLoss: 0.0107 (0.0107) da_loss: 0.3195 (0.3195) dd_loss: 0.2715 (0.2715) Accu: 100.00
Test Epoch: 70
original feature:   Rank-1: 86.07% | Rank-5: 93.40% | Rank-10: 95.78%| Rank-20: 97.33%| mAP: 77.54%| mINP: 58.48%
feature after BN:   Rank-1: 90.92% | Rank-5: 94.51% | Rank-10: 96.46%| Rank-20: 97.82%| mAP: 85.57%| mINP: 71.35%
Best Epoch [70]
==> Preparing Data Loader...
Epoch: [71][0/85] Time: 0.505 (0.505) lr:0.033347 base_lr:0.003335Loss: 0.3037 (0.3037) iLoss: 0.0123 (0.0123) CLoss: 0.0007 (0.0007) da_loss: 0.3061 (0.3061) dd_loss: 0.2295 (0.2295) Accu: 100.00
Test Epoch: 71
original feature:   Rank-1: 85.24% | Rank-5: 92.62% | Rank-10: 95.39%| Rank-20: 97.09%| mAP: 77.01%| mINP: 57.51%
feature after BN:   Rank-1: 90.53% | Rank-5: 94.51% | Rank-10: 96.26%| Rank-20: 97.96%| mAP: 85.52%| mINP: 71.08%
Best Epoch [70]
==> Preparing Data Loader...
Epoch: [72][0/85] Time: 0.478 (0.478) lr:0.032157 base_lr:0.003216Loss: 0.5079 (0.5079) iLoss: 0.0107 (0.0107) CLoss: 0.0140 (0.0140) da_loss: 0.3239 (0.3239) dd_loss: 0.4185 (0.4185) Accu: 100.00
Test Epoch: 72
original feature:   Rank-1: 84.85% | Rank-5: 93.45% | Rank-10: 95.68%| Rank-20: 97.28%| mAP: 77.30%| mINP: 58.31%
feature after BN:   Rank-1: 90.78% | Rank-5: 94.76% | Rank-10: 96.31%| Rank-20: 97.86%| mAP: 85.83%| mINP: 71.92%
Best Epoch [70]
==> Preparing Data Loader...
Epoch: [73][0/85] Time: 0.538 (0.538) lr:0.030966 base_lr:0.003097Loss: 0.2436 (0.2436) iLoss: 0.0113 (0.0113) CLoss: 0.0010 (0.0010) da_loss: 0.2733 (0.2733) dd_loss: 0.1768 (0.1768) Accu: 100.00
Test Epoch: 73
original feature:   Rank-1: 85.73% | Rank-5: 93.25% | Rank-10: 96.26%| Rank-20: 97.57%| mAP: 78.04%| mINP: 59.65%
feature after BN:   Rank-1: 90.53% | Rank-5: 95.29% | Rank-10: 96.55%| Rank-20: 97.96%| mAP: 86.14%| mINP: 72.49%
Best Epoch [70]
==> Preparing Data Loader...
Epoch: [74][0/85] Time: 0.492 (0.492) lr:0.029776 base_lr:0.002978Loss: 0.2723 (0.2723) iLoss: 0.0211 (0.0211) CLoss: 0.0001 (0.0001) da_loss: 0.2538 (0.2538) dd_loss: 0.2004 (0.2004) Accu: 100.00
Test Epoch: 74
original feature:   Rank-1: 86.94% | Rank-5: 93.50% | Rank-10: 96.41%| Rank-20: 97.62%| mAP: 78.56%| mINP: 60.61%
feature after BN:   Rank-1: 90.29% | Rank-5: 94.66% | Rank-10: 96.36%| Rank-20: 98.20%| mAP: 85.67%| mINP: 72.75%
Best Epoch [70]
==> Preparing Data Loader...
Epoch: [75][0/85] Time: 0.520 (0.520) lr:0.028585 base_lr:0.002859Loss: 0.2970 (0.2970) iLoss: 0.0109 (0.0109) CLoss: 0.0024 (0.0024) da_loss: 0.2976 (0.2976) dd_loss: 0.2242 (0.2242) Accu: 100.00
Test Epoch: 75
original feature:   Rank-1: 86.89% | Rank-5: 93.98% | Rank-10: 96.17%| Rank-20: 98.06%| mAP: 78.31%| mINP: 59.28%
feature after BN:   Rank-1: 90.15% | Rank-5: 94.37% | Rank-10: 96.41%| Rank-20: 97.91%| mAP: 85.69%| mINP: 72.31%
Best Epoch [70]
==> Preparing Data Loader...
Epoch: [76][0/85] Time: 0.492 (0.492) lr:0.027395 base_lr:0.002739Loss: 0.3025 (0.3025) iLoss: 0.0078 (0.0078) CLoss: 0.0010 (0.0010) da_loss: 0.2922 (0.2922) dd_loss: 0.2353 (0.2353) Accu: 100.00
Test Epoch: 76
original feature:   Rank-1: 87.82% | Rank-5: 94.61% | Rank-10: 96.26%| Rank-20: 97.91%| mAP: 78.81%| mINP: 59.91%
feature after BN:   Rank-1: 90.92% | Rank-5: 94.95% | Rank-10: 96.50%| Rank-20: 98.01%| mAP: 85.99%| mINP: 72.50%
Best Epoch [70]
==> Preparing Data Loader...
Epoch: [77][0/85] Time: 0.486 (0.486) lr:0.026204 base_lr:0.002620Loss: 0.1835 (0.1835) iLoss: 0.0082 (0.0082) CLoss: 0.0005 (0.0005) da_loss: 0.3569 (0.3569) dd_loss: 0.1035 (0.1035) Accu: 100.00
Test Epoch: 77
original feature:   Rank-1: 87.28% | Rank-5: 93.93% | Rank-10: 96.60%| Rank-20: 98.11%| mAP: 78.89%| mINP: 60.55%
feature after BN:   Rank-1: 90.83% | Rank-5: 95.10% | Rank-10: 96.99%| Rank-20: 98.20%| mAP: 86.04%| mINP: 72.50%
Best Epoch [70]
==> Preparing Data Loader...
Epoch: [78][0/85] Time: 0.477 (0.477) lr:0.025014 base_lr:0.002501Loss: 0.2353 (0.2353) iLoss: 0.0111 (0.0111) CLoss: 0.0006 (0.0006) da_loss: 0.3009 (0.3009) dd_loss: 0.1633 (0.1633) Accu: 100.00
Test Epoch: 78
original feature:   Rank-1: 87.09% | Rank-5: 94.56% | Rank-10: 96.70%| Rank-20: 97.91%| mAP: 78.81%| mINP: 59.45%
feature after BN:   Rank-1: 90.53% | Rank-5: 95.15% | Rank-10: 96.75%| Rank-20: 97.96%| mAP: 86.16%| mINP: 72.86%
Best Epoch [70]
==> Preparing Data Loader...
Epoch: [79][0/85] Time: 0.480 (0.480) lr:0.023824 base_lr:0.002382Loss: 0.5275 (0.5275) iLoss: 0.0200 (0.0200) CLoss: 0.0360 (0.0360) da_loss: 0.3466 (0.3466) dd_loss: 0.4023 (0.4023) Accu: 100.00
Test Epoch: 79
original feature:   Rank-1: 86.50% | Rank-5: 94.42% | Rank-10: 96.80%| Rank-20: 97.82%| mAP: 78.47%| mINP: 59.63%
feature after BN:   Rank-1: 90.53% | Rank-5: 95.10% | Rank-10: 96.80%| Rank-20: 98.01%| mAP: 85.95%| mINP: 72.42%
Best Epoch [70]
==> Preparing Data Loader...
Epoch: [80][0/85] Time: 0.503 (0.503) lr:0.022633 base_lr:0.002263Loss: 0.2084 (0.2084) iLoss: 0.0112 (0.0112) CLoss: 0.0003 (0.0003) da_loss: 0.2946 (0.2946) dd_loss: 0.1380 (0.1380) Accu: 100.00
Test Epoch: 80
original feature:   Rank-1: 87.09% | Rank-5: 94.66% | Rank-10: 96.94%| Rank-20: 98.11%| mAP: 78.72%| mINP: 59.62%
feature after BN:   Rank-1: 90.78% | Rank-5: 95.15% | Rank-10: 96.55%| Rank-20: 97.86%| mAP: 86.00%| mINP: 72.62%
Best Epoch [70]
==> Preparing Data Loader...
Epoch: [81][0/85] Time: 0.491 (0.491) lr:0.021443 base_lr:0.002144Loss: 0.3795 (0.3795) iLoss: 0.0132 (0.0132) CLoss: 0.0181 (0.0181) da_loss: 0.3159 (0.3159) dd_loss: 0.2850 (0.2850) Accu: 100.00
Test Epoch: 81
original feature:   Rank-1: 87.28% | Rank-5: 94.32% | Rank-10: 96.80%| Rank-20: 98.06%| mAP: 78.68%| mINP: 59.65%
feature after BN:   Rank-1: 91.31% | Rank-5: 95.29% | Rank-10: 96.70%| Rank-20: 98.06%| mAP: 86.55%| mINP: 73.00%
Best Epoch [81]
==> Preparing Data Loader...
Epoch: [82][0/85] Time: 0.503 (0.503) lr:0.020252 base_lr:0.002025Loss: 0.2162 (0.2162) iLoss: 0.0160 (0.0160) CLoss: 0.0045 (0.0045) da_loss: 0.2833 (0.2833) dd_loss: 0.1391 (0.1391) Accu: 100.00
Test Epoch: 82
original feature:   Rank-1: 87.72% | Rank-5: 94.90% | Rank-10: 96.94%| Rank-20: 98.01%| mAP: 79.01%| mINP: 60.30%
feature after BN:   Rank-1: 90.83% | Rank-5: 95.29% | Rank-10: 96.60%| Rank-20: 98.06%| mAP: 86.27%| mINP: 72.96%
Best Epoch [81]
==> Preparing Data Loader...
Epoch: [83][0/85] Time: 0.512 (0.512) lr:0.019062 base_lr:0.001906Loss: 0.1930 (0.1930) iLoss: 0.0129 (0.0129) CLoss: 0.0013 (0.0013) da_loss: 0.2398 (0.2398) dd_loss: 0.1308 (0.1308) Accu: 100.00
Test Epoch: 83
original feature:   Rank-1: 87.96% | Rank-5: 94.61% | Rank-10: 96.94%| Rank-20: 98.06%| mAP: 79.67%| mINP: 61.48%
feature after BN:   Rank-1: 90.92% | Rank-5: 95.34% | Rank-10: 96.50%| Rank-20: 98.11%| mAP: 86.59%| mINP: 73.62%
Best Epoch [81]
==> Preparing Data Loader...
Epoch: [84][0/85] Time: 0.455 (0.455) lr:0.017871 base_lr:0.001787Loss: 0.2584 (0.2584) iLoss: 0.0126 (0.0126) CLoss: 0.0031 (0.0031) da_loss: 0.2585 (0.2585) dd_loss: 0.1909 (0.1909) Accu: 100.00
Test Epoch: 84
original feature:   Rank-1: 87.67% | Rank-5: 94.66% | Rank-10: 97.04%| Rank-20: 98.20%| mAP: 79.67%| mINP: 61.06%
feature after BN:   Rank-1: 91.17% | Rank-5: 95.44% | Rank-10: 96.89%| Rank-20: 98.20%| mAP: 86.79%| mINP: 73.56%
Best Epoch [81]
==> Preparing Data Loader...
Epoch: [85][0/85] Time: 0.488 (0.488) lr:0.016681 base_lr:0.001668Loss: 0.4532 (0.4532) iLoss: 0.0251 (0.0251) CLoss: 0.0557 (0.0557) da_loss: 0.2433 (0.2433) dd_loss: 0.3238 (0.3238) Accu: 100.00
Test Epoch: 85
original feature:   Rank-1: 88.06% | Rank-5: 95.05% | Rank-10: 97.18%| Rank-20: 98.16%| mAP: 80.33%| mINP: 61.91%
feature after BN:   Rank-1: 91.17% | Rank-5: 95.83% | Rank-10: 97.09%| Rank-20: 98.30%| mAP: 86.92%| mINP: 73.89%
Best Epoch [81]
==> Preparing Data Loader...
Epoch: [86][0/85] Time: 0.507 (0.507) lr:0.015490 base_lr:0.001549Loss: 0.2217 (0.2217) iLoss: 0.0129 (0.0129) CLoss: 0.0046 (0.0046) da_loss: 0.2405 (0.2405) dd_loss: 0.1561 (0.1561) Accu: 100.00
Test Epoch: 86
original feature:   Rank-1: 87.67% | Rank-5: 94.61% | Rank-10: 96.70%| Rank-20: 98.16%| mAP: 79.68%| mINP: 61.65%
feature after BN:   Rank-1: 90.68% | Rank-5: 95.58% | Rank-10: 96.84%| Rank-20: 98.25%| mAP: 86.53%| mINP: 73.50%
Best Epoch [81]
==> Preparing Data Loader...
Epoch: [87][0/85] Time: 0.509 (0.509) lr:0.014300 base_lr:0.001430Loss: 0.2663 (0.2663) iLoss: 0.0077 (0.0077) CLoss: 0.0006 (0.0006) da_loss: 0.2364 (0.2364) dd_loss: 0.2106 (0.2106) Accu: 100.00
Test Epoch: 87
original feature:   Rank-1: 88.06% | Rank-5: 94.42% | Rank-10: 96.84%| Rank-20: 98.30%| mAP: 79.95%| mINP: 62.16%
feature after BN:   Rank-1: 90.97% | Rank-5: 95.10% | Rank-10: 96.89%| Rank-20: 98.11%| mAP: 86.58%| mINP: 73.90%
Best Epoch [81]
==> Preparing Data Loader...
Epoch: [88][0/85] Time: 0.452 (0.452) lr:0.013109 base_lr:0.001311Loss: 0.4439 (0.4439) iLoss: 0.0138 (0.0138) CLoss: 0.0074 (0.0074) da_loss: 0.2311 (0.2311) dd_loss: 0.3764 (0.3764) Accu: 100.00
Test Epoch: 88
original feature:   Rank-1: 88.54% | Rank-5: 95.00% | Rank-10: 97.04%| Rank-20: 98.25%| mAP: 80.13%| mINP: 61.98%
feature after BN:   Rank-1: 91.50% | Rank-5: 95.83% | Rank-10: 96.99%| Rank-20: 98.30%| mAP: 86.90%| mINP: 73.86%
Best Epoch [88]
==> Preparing Data Loader...
Epoch: [89][0/85] Time: 0.524 (0.524) lr:0.011919 base_lr:0.001192Loss: 0.2567 (0.2567) iLoss: 0.0207 (0.0207) CLoss: 0.0001 (0.0001) da_loss: 0.2302 (0.2302) dd_loss: 0.1899 (0.1899) Accu: 100.00
Test Epoch: 89
original feature:   Rank-1: 88.45% | Rank-5: 94.76% | Rank-10: 96.94%| Rank-20: 98.50%| mAP: 80.46%| mINP: 62.78%
feature after BN:   Rank-1: 91.36% | Rank-5: 95.87% | Rank-10: 96.94%| Rank-20: 98.25%| mAP: 87.09%| mINP: 74.42%
Best Epoch [88]
==> Preparing Data Loader...
Epoch: [90][0/85] Time: 0.504 (0.504) lr:0.010728 base_lr:0.001073Loss: 0.2974 (0.2974) iLoss: 0.0125 (0.0125) CLoss: 0.0004 (0.0004) da_loss: 0.2354 (0.2354) dd_loss: 0.2374 (0.2374) Accu: 100.00
Test Epoch: 90
original feature:   Rank-1: 88.69% | Rank-5: 94.85% | Rank-10: 96.89%| Rank-20: 98.20%| mAP: 80.55%| mINP: 62.75%
feature after BN:   Rank-1: 90.92% | Rank-5: 95.49% | Rank-10: 96.89%| Rank-20: 98.30%| mAP: 86.94%| mINP: 74.31%
Best Epoch [88]
==> Preparing Data Loader...
Epoch: [91][0/85] Time: 0.485 (0.485) lr:0.009538 base_lr:0.000954Loss: 0.3091 (0.3091) iLoss: 0.0137 (0.0137) CLoss: 0.0080 (0.0080) da_loss: 0.2273 (0.2273) dd_loss: 0.2420 (0.2420) Accu: 100.00
Test Epoch: 91
original feature:   Rank-1: 88.40% | Rank-5: 94.85% | Rank-10: 97.04%| Rank-20: 98.40%| mAP: 80.64%| mINP: 62.97%
feature after BN:   Rank-1: 91.26% | Rank-5: 95.53% | Rank-10: 97.14%| Rank-20: 98.25%| mAP: 86.92%| mINP: 74.13%
Best Epoch [88]
==> Preparing Data Loader...
Epoch: [92][0/85] Time: 0.482 (0.482) lr:0.008347 base_lr:0.000835Loss: 0.3665 (0.3665) iLoss: 0.0215 (0.0215) CLoss: 0.0034 (0.0034) da_loss: 0.2070 (0.2070) dd_loss: 0.3001 (0.3001) Accu: 100.00
Test Epoch: 92
original feature:   Rank-1: 88.54% | Rank-5: 94.95% | Rank-10: 96.99%| Rank-20: 98.45%| mAP: 80.69%| mINP: 63.08%
feature after BN:   Rank-1: 90.83% | Rank-5: 95.49% | Rank-10: 97.28%| Rank-20: 98.20%| mAP: 87.06%| mINP: 74.43%
Best Epoch [88]
==> Preparing Data Loader...
Epoch: [93][0/85] Time: 0.467 (0.467) lr:0.007157 base_lr:0.000716Loss: 0.2772 (0.2772) iLoss: 0.0101 (0.0101) CLoss: 0.0005 (0.0005) da_loss: 0.1975 (0.1975) dd_loss: 0.2270 (0.2270) Accu: 100.00
Test Epoch: 93
original feature:   Rank-1: 88.69% | Rank-5: 95.19% | Rank-10: 97.04%| Rank-20: 98.45%| mAP: 80.86%| mINP: 63.33%
feature after BN:   Rank-1: 91.26% | Rank-5: 95.34% | Rank-10: 96.84%| Rank-20: 98.30%| mAP: 86.75%| mINP: 73.81%
Best Epoch [88]
==> Preparing Data Loader...
Epoch: [94][0/85] Time: 0.488 (0.488) lr:0.005966 base_lr:0.000597Loss: 0.2917 (0.2917) iLoss: 0.0170 (0.0170) CLoss: 0.0012 (0.0012) da_loss: 0.2023 (0.2023) dd_loss: 0.2330 (0.2330) Accu: 100.00
Test Epoch: 94
original feature:   Rank-1: 88.69% | Rank-5: 95.00% | Rank-10: 97.04%| Rank-20: 98.01%| mAP: 81.10%| mINP: 63.50%
feature after BN:   Rank-1: 91.26% | Rank-5: 95.63% | Rank-10: 96.65%| Rank-20: 98.30%| mAP: 87.05%| mINP: 74.20%
Best Epoch [88]
==> Preparing Data Loader...
Epoch: [95][0/85] Time: 0.473 (0.473) lr:0.004776 base_lr:0.000478Loss: 0.3313 (0.3313) iLoss: 0.0217 (0.0217) CLoss: 0.0025 (0.0025) da_loss: 0.2263 (0.2263) dd_loss: 0.2619 (0.2619) Accu: 100.00
Test Epoch: 95
original feature:   Rank-1: 88.79% | Rank-5: 95.00% | Rank-10: 97.28%| Rank-20: 98.25%| mAP: 80.98%| mINP: 63.40%
feature after BN:   Rank-1: 91.07% | Rank-5: 95.63% | Rank-10: 96.75%| Rank-20: 98.30%| mAP: 86.88%| mINP: 73.96%
Best Epoch [88]
==> Preparing Data Loader...
Epoch: [96][0/85] Time: 0.491 (0.491) lr:0.003585 base_lr:0.000359Loss: 0.2372 (0.2372) iLoss: 0.0114 (0.0114) CLoss: 0.0003 (0.0003) da_loss: 0.1948 (0.1948) dd_loss: 0.1865 (0.1865) Accu: 100.00
Test Epoch: 96
original feature:   Rank-1: 88.74% | Rank-5: 95.05% | Rank-10: 97.09%| Rank-20: 98.30%| mAP: 80.99%| mINP: 63.45%
feature after BN:   Rank-1: 91.41% | Rank-5: 95.68% | Rank-10: 96.94%| Rank-20: 98.11%| mAP: 87.09%| mINP: 74.32%
Best Epoch [88]
==> Preparing Data Loader...
Epoch: [97][0/85] Time: 0.494 (0.494) lr:0.002395 base_lr:0.000239Loss: 0.2636 (0.2636) iLoss: 0.0175 (0.0175) CLoss: 0.0047 (0.0047) da_loss: 0.2044 (0.2044) dd_loss: 0.2005 (0.2005) Accu: 100.00
Test Epoch: 97
original feature:   Rank-1: 88.98% | Rank-5: 95.10% | Rank-10: 97.38%| Rank-20: 98.54%| mAP: 81.40%| mINP: 64.02%
feature after BN:   Rank-1: 91.36% | Rank-5: 95.63% | Rank-10: 96.80%| Rank-20: 98.25%| mAP: 87.17%| mINP: 74.38%
Best Epoch [88]
==> Preparing Data Loader...
Epoch: [98][0/85] Time: 0.460 (0.460) lr:0.001204 base_lr:0.000120Loss: 0.1584 (0.1584) iLoss: 0.0106 (0.0106) CLoss: 0.0004 (0.0004) da_loss: 0.1727 (0.1727) dd_loss: 0.1129 (0.1129) Accu: 100.00
Test Epoch: 98
original feature:   Rank-1: 88.74% | Rank-5: 94.95% | Rank-10: 97.18%| Rank-20: 98.45%| mAP: 81.42%| mINP: 64.11%
feature after BN:   Rank-1: 91.21% | Rank-5: 95.73% | Rank-10: 97.04%| Rank-20: 98.25%| mAP: 87.22%| mINP: 74.55%
Best Epoch [88]
==> Preparing Data Loader...
Epoch: [99][0/85] Time: 0.493 (0.493) lr:0.000014 base_lr:0.000001Loss: 0.3222 (0.3222) iLoss: 0.0116 (0.0116) CLoss: 0.0031 (0.0031) da_loss: 0.2150 (0.2150) dd_loss: 0.2646 (0.2646) Accu: 100.00
Test Epoch: 99
original feature:   Rank-1: 88.98% | Rank-5: 95.05% | Rank-10: 97.04%| Rank-20: 98.54%| mAP: 81.36%| mINP: 63.94%
feature after BN:   Rank-1: 91.21% | Rank-5: 95.29% | Rank-10: 96.89%| Rank-20: 98.25%| mAP: 86.99%| mINP: 74.34%
Best Epoch [88]
