==========
Args:Namespace(batch_size=6, dataset='regdb', decay_step=16, dim=2048, gpu='0,1,2,3', img_h=288, img_w=144, log_path='log/', lr=0.1, lr_multipliers=[0.1, 0.1, 0.1, 1.0, 1.0, 1.0], margin=0.5, max_epoch=100, mode='all', model_path='save_model/', noticed='RegDB', num_pos=4, pool_dim=2048, rerank='no', save_epoch=1000, seed=0, test_batch=64, trial=3, tta=False, warm_up_epoch=8, workers=4)
==========
==> Loading data..
data init success!
==> Building model..
==> Building success!..
==> Start Training...
==> Preparing Data Loader...
Epoch: [0][0/85] Time: 4.896 (4.896) lr:0.006186 base_lr:0.000619Loss: 12.4346 (12.4346) iLoss: 5.3382 (5.3382) CLoss: 1.1760 (1.1760) da_loss: 0.7499 (0.7499) dd_loss: 5.7705 (5.7705) Accu: 4.17
Test Epoch: 0
original feature:   Rank-1: 2.52% | Rank-5: 9.08% | Rank-10: 14.47%| Rank-20: 23.88%| mAP: 3.58%| mINP: 1.46%
feature after BN:   Rank-1: 3.16% | Rank-5: 10.87% | Rank-10: 16.36%| Rank-20: 25.00%| mAP: 4.32%| mINP: 1.92%
Best Epoch [0]
==> Preparing Data Loader...
Epoch: [1][0/85] Time: 0.459 (0.459) lr:0.012435 base_lr:0.001244Loss: 9.2932 (9.2932) iLoss: 3.1554 (3.1554) CLoss: 1.0132 (1.0132) da_loss: 0.5841 (0.5841) dd_loss: 5.0078 (5.0078) Accu: 45.83
Test Epoch: 1
original feature:   Rank-1: 10.29% | Rank-5: 19.61% | Rank-10: 25.34%| Rank-20: 33.88%| mAP: 8.84%| mINP: 3.25%
feature after BN:   Rank-1: 11.55% | Rank-5: 21.26% | Rank-10: 29.03%| Rank-20: 38.74%| mAP: 9.85%| mINP: 4.31%
Best Epoch [1]
==> Preparing Data Loader...
Epoch: [2][0/85] Time: 0.504 (0.504) lr:0.018685 base_lr:0.001868Loss: 6.7472 (6.7472) iLoss: 1.2585 (1.2585) CLoss: 0.8896 (0.8896) da_loss: 0.5957 (0.5957) dd_loss: 4.4799 (4.4799) Accu: 72.92
Test Epoch: 2
original feature:   Rank-1: 13.93% | Rank-5: 27.28% | Rank-10: 35.10%| Rank-20: 45.78%| mAP: 12.38%| mINP: 5.23%
feature after BN:   Rank-1: 14.42% | Rank-5: 27.09% | Rank-10: 36.80%| Rank-20: 48.69%| mAP: 13.76%| mINP: 6.69%
Best Epoch [2]
==> Preparing Data Loader...
Epoch: [3][0/85] Time: 0.500 (0.500) lr:0.024934 base_lr:0.002493Loss: 7.4104 (7.4104) iLoss: 1.8033 (1.8033) CLoss: 0.9572 (0.9572) da_loss: 0.5909 (0.5909) dd_loss: 4.5317 (4.5317) Accu: 45.83
Test Epoch: 3
original feature:   Rank-1: 18.06% | Rank-5: 31.26% | Rank-10: 39.42%| Rank-20: 49.85%| mAP: 15.05%| mINP: 6.21%
feature after BN:   Rank-1: 21.60% | Rank-5: 37.43% | Rank-10: 45.29%| Rank-20: 54.81%| mAP: 18.39%| mINP: 8.75%
Best Epoch [3]
==> Preparing Data Loader...
Epoch: [4][0/85] Time: 0.550 (0.550) lr:0.031183 base_lr:0.003118Loss: 5.7446 (5.7446) iLoss: 0.9221 (0.9221) CLoss: 0.8159 (0.8159) da_loss: 0.6789 (0.6789) dd_loss: 3.8708 (3.8708) Accu: 72.92
Test Epoch: 4
original feature:   Rank-1: 20.00% | Rank-5: 33.01% | Rank-10: 41.12%| Rank-20: 50.63%| mAP: 17.49%| mINP: 8.99%
feature after BN:   Rank-1: 23.20% | Rank-5: 38.54% | Rank-10: 46.50%| Rank-20: 56.50%| mAP: 20.22%| mINP: 10.75%
Best Epoch [4]
==> Preparing Data Loader...
Epoch: [5][0/85] Time: 0.484 (0.484) lr:0.037433 base_lr:0.003743Loss: 7.0785 (7.0785) iLoss: 1.9076 (1.9076) CLoss: 0.8412 (0.8412) da_loss: 0.6873 (0.6873) dd_loss: 4.1923 (4.1923) Accu: 64.58
Test Epoch: 5
original feature:   Rank-1: 18.40% | Rank-5: 30.44% | Rank-10: 38.64%| Rank-20: 48.45%| mAP: 14.55%| mINP: 6.53%
feature after BN:   Rank-1: 22.48% | Rank-5: 34.47% | Rank-10: 41.94%| Rank-20: 52.04%| mAP: 18.41%| mINP: 9.22%
Best Epoch [4]
==> Preparing Data Loader...
Epoch: [6][0/85] Time: 0.459 (0.459) lr:0.043682 base_lr:0.004368Loss: 7.1073 (7.1073) iLoss: 2.3494 (2.3494) CLoss: 0.8021 (0.8021) da_loss: 0.7659 (0.7659) dd_loss: 3.8026 (3.8026) Accu: 64.58
Test Epoch: 6
original feature:   Rank-1: 17.86% | Rank-5: 25.39% | Rank-10: 31.50%| Rank-20: 38.01%| mAP: 14.51%| mINP: 6.98%
feature after BN:   Rank-1: 20.44% | Rank-5: 29.56% | Rank-10: 36.60%| Rank-20: 45.39%| mAP: 17.75%| mINP: 9.38%
Best Epoch [4]
==> Preparing Data Loader...
Epoch: [7][0/85] Time: 0.464 (0.464) lr:0.049931 base_lr:0.004993Loss: 10.9447 (10.9447) iLoss: 3.3587 (3.3587) CLoss: 0.9159 (0.9159) da_loss: 0.9013 (0.9013) dd_loss: 6.4898 (6.4898) Accu: 60.42
Test Epoch: 7
original feature:   Rank-1: 14.32% | Rank-5: 26.02% | Rank-10: 33.01%| Rank-20: 42.14%| mAP: 13.48%| mINP: 6.96%
feature after BN:   Rank-1: 22.48% | Rank-5: 35.39% | Rank-10: 43.50%| Rank-20: 52.72%| mAP: 20.17%| mINP: 11.22%
Best Epoch [4]
==> Preparing Data Loader...
Epoch: [8][0/85] Time: 0.442 (0.442) lr:0.056181 base_lr:0.005618Loss: 7.4726 (7.4726) iLoss: 1.1055 (1.1055) CLoss: 0.8822 (0.8822) da_loss: 0.8629 (0.8629) dd_loss: 5.3123 (5.3123) Accu: 75.00
Test Epoch: 8
original feature:   Rank-1: 37.82% | Rank-5: 51.36% | Rank-10: 59.37%| Rank-20: 67.72%| mAP: 30.29%| mINP: 16.44%
feature after BN:   Rank-1: 44.03% | Rank-5: 56.07% | Rank-10: 64.22%| Rank-20: 73.45%| mAP: 37.00%| mINP: 22.12%
Best Epoch [8]
==> Preparing Data Loader...
Epoch: [9][0/85] Time: 0.504 (0.504) lr:0.062430 base_lr:0.006243Loss: 5.2253 (5.2253) iLoss: 0.3623 (0.3623) CLoss: 0.6853 (0.6853) da_loss: 0.7244 (0.7244) dd_loss: 4.0328 (4.0328) Accu: 91.67
Test Epoch: 9
original feature:   Rank-1: 53.35% | Rank-5: 68.20% | Rank-10: 75.97%| Rank-20: 82.28%| mAP: 43.48%| mINP: 25.48%
feature after BN:   Rank-1: 58.93% | Rank-5: 71.60% | Rank-10: 78.25%| Rank-20: 85.39%| mAP: 49.11%| mINP: 30.72%
Best Epoch [9]
==> Preparing Data Loader...
Epoch: [10][0/85] Time: 0.500 (0.500) lr:0.068680 base_lr:0.006868Loss: 4.1835 (4.1835) iLoss: 0.3878 (0.3878) CLoss: 0.5298 (0.5298) da_loss: 0.6669 (0.6669) dd_loss: 3.1325 (3.1325) Accu: 89.58
Test Epoch: 10
original feature:   Rank-1: 64.56% | Rank-5: 74.90% | Rank-10: 80.83%| Rank-20: 86.65%| mAP: 53.67%| mINP: 33.96%
feature after BN:   Rank-1: 69.03% | Rank-5: 80.63% | Rank-10: 85.83%| Rank-20: 90.63%| mAP: 58.47%| mINP: 38.65%
Best Epoch [10]
==> Preparing Data Loader...
Epoch: [11][0/85] Time: 0.482 (0.482) lr:0.074929 base_lr:0.007493Loss: 2.7752 (2.7752) iLoss: 0.2816 (0.2816) CLoss: 0.3111 (0.3111) da_loss: 0.5598 (0.5598) dd_loss: 2.0706 (2.0706) Accu: 93.75
Test Epoch: 11
original feature:   Rank-1: 72.33% | Rank-5: 83.50% | Rank-10: 87.67%| Rank-20: 91.46%| mAP: 61.88%| mINP: 42.29%
feature after BN:   Rank-1: 76.80% | Rank-5: 85.97% | Rank-10: 90.39%| Rank-20: 94.22%| mAP: 67.10%| mINP: 47.60%
Best Epoch [11]
==> Preparing Data Loader...
Epoch: [12][0/85] Time: 0.505 (0.505) lr:0.081178 base_lr:0.008118Loss: 2.1188 (2.1188) iLoss: 0.0390 (0.0390) CLoss: 0.2124 (0.2124) da_loss: 0.5911 (0.5911) dd_loss: 1.7492 (1.7492) Accu: 97.92
Test Epoch: 12
original feature:   Rank-1: 75.10% | Rank-5: 85.24% | Rank-10: 89.17%| Rank-20: 92.62%| mAP: 66.69%| mINP: 47.34%
feature after BN:   Rank-1: 78.64% | Rank-5: 87.77% | Rank-10: 91.84%| Rank-20: 94.56%| mAP: 70.32%| mINP: 51.21%
Best Epoch [12]
==> Preparing Data Loader...
Epoch: [13][0/85] Time: 0.496 (0.496) lr:0.087428 base_lr:0.008743Loss: 2.1194 (2.1194) iLoss: 0.2437 (0.2437) CLoss: 0.1866 (0.1866) da_loss: 0.5464 (0.5464) dd_loss: 1.5799 (1.5799) Accu: 95.83
Test Epoch: 13
original feature:   Rank-1: 74.17% | Rank-5: 85.58% | Rank-10: 89.42%| Rank-20: 92.43%| mAP: 64.99%| mINP: 45.24%
feature after BN:   Rank-1: 77.09% | Rank-5: 86.99% | Rank-10: 91.21%| Rank-20: 94.32%| mAP: 68.24%| mINP: 50.29%
Best Epoch [12]
==> Preparing Data Loader...
Epoch: [14][0/85] Time: 0.477 (0.477) lr:0.093677 base_lr:0.009368Loss: 1.7722 (1.7722) iLoss: 0.1509 (0.1509) CLoss: 0.0745 (0.0745) da_loss: 0.5446 (0.5446) dd_loss: 1.4379 (1.4379) Accu: 95.83
Test Epoch: 14
original feature:   Rank-1: 77.43% | Rank-5: 87.48% | Rank-10: 91.55%| Rank-20: 93.98%| mAP: 69.34%| mINP: 49.60%
feature after BN:   Rank-1: 80.15% | Rank-5: 89.08% | Rank-10: 93.25%| Rank-20: 96.12%| mAP: 72.94%| mINP: 54.30%
Best Epoch [14]
==> Preparing Data Loader...
Epoch: [15][0/85] Time: 0.483 (0.483) lr:0.099926 base_lr:0.009993Loss: 1.3704 (1.3704) iLoss: 0.0290 (0.0290) CLoss: 0.0787 (0.0787) da_loss: 0.5493 (0.5493) dd_loss: 1.1528 (1.1528) Accu: 100.00
Test Epoch: 15
original feature:   Rank-1: 77.04% | Rank-5: 87.18% | Rank-10: 91.17%| Rank-20: 94.51%| mAP: 67.28%| mINP: 47.50%
feature after BN:   Rank-1: 79.37% | Rank-5: 89.56% | Rank-10: 93.83%| Rank-20: 96.36%| mAP: 69.87%| mINP: 50.93%
Best Epoch [14]
==> Preparing Data Loader...
Epoch: [16][0/85] Time: 0.490 (0.490) lr:0.098824 base_lr:0.009882Loss: 1.6533 (1.6533) iLoss: 0.0175 (0.0175) CLoss: 0.0738 (0.0738) da_loss: 0.5749 (0.5749) dd_loss: 1.4470 (1.4470) Accu: 100.00
Test Epoch: 16
original feature:   Rank-1: 78.25% | Rank-5: 89.03% | Rank-10: 92.91%| Rank-20: 96.07%| mAP: 70.23%| mINP: 50.77%
feature after BN:   Rank-1: 81.12% | Rank-5: 91.21% | Rank-10: 94.42%| Rank-20: 97.04%| mAP: 73.24%| mINP: 55.98%
Best Epoch [16]
==> Preparing Data Loader...
Epoch: [17][0/85] Time: 0.486 (0.486) lr:0.097633 base_lr:0.009763Loss: 2.0260 (2.0260) iLoss: 0.1106 (0.1106) CLoss: 0.0759 (0.0759) da_loss: 0.5409 (0.5409) dd_loss: 1.7314 (1.7314) Accu: 97.92
Test Epoch: 17
original feature:   Rank-1: 79.90% | Rank-5: 89.03% | Rank-10: 92.04%| Rank-20: 94.85%| mAP: 71.69%| mINP: 52.32%
feature after BN:   Rank-1: 82.04% | Rank-5: 90.19% | Rank-10: 93.69%| Rank-20: 96.60%| mAP: 74.50%| mINP: 57.27%
Best Epoch [17]
==> Preparing Data Loader...
Epoch: [18][0/85] Time: 0.484 (0.484) lr:0.096443 base_lr:0.009644Loss: 1.4452 (1.4452) iLoss: 0.0218 (0.0218) CLoss: 0.0155 (0.0155) da_loss: 0.4995 (0.4995) dd_loss: 1.3080 (1.3080) Accu: 100.00
Test Epoch: 18
original feature:   Rank-1: 76.80% | Rank-5: 86.36% | Rank-10: 90.97%| Rank-20: 93.64%| mAP: 69.35%| mINP: 52.01%
feature after BN:   Rank-1: 78.54% | Rank-5: 89.51% | Rank-10: 93.16%| Rank-20: 95.73%| mAP: 71.75%| mINP: 54.39%
Best Epoch [17]
==> Preparing Data Loader...
Epoch: [19][0/85] Time: 0.480 (0.480) lr:0.095252 base_lr:0.009525Loss: 1.2004 (1.2004) iLoss: 0.0495 (0.0495) CLoss: 0.0726 (0.0726) da_loss: 0.4770 (0.4770) dd_loss: 0.9829 (0.9829) Accu: 100.00
Test Epoch: 19
original feature:   Rank-1: 79.76% | Rank-5: 87.86% | Rank-10: 91.07%| Rank-20: 94.76%| mAP: 70.32%| mINP: 50.99%
feature after BN:   Rank-1: 81.84% | Rank-5: 91.70% | Rank-10: 94.32%| Rank-20: 96.46%| mAP: 74.45%| mINP: 56.02%
Best Epoch [17]
==> Preparing Data Loader...
Epoch: [20][0/85] Time: 0.500 (0.500) lr:0.094062 base_lr:0.009406Loss: 1.3065 (1.3065) iLoss: 0.0283 (0.0283) CLoss: 0.0789 (0.0789) da_loss: 0.5280 (0.5280) dd_loss: 1.0937 (1.0937) Accu: 100.00
Test Epoch: 20
original feature:   Rank-1: 78.50% | Rank-5: 88.54% | Rank-10: 92.23%| Rank-20: 95.44%| mAP: 69.17%| mINP: 49.46%
feature after BN:   Rank-1: 81.55% | Rank-5: 90.19% | Rank-10: 93.25%| Rank-20: 96.99%| mAP: 73.74%| mINP: 56.43%
Best Epoch [17]
==> Preparing Data Loader...
Epoch: [21][0/85] Time: 0.511 (0.511) lr:0.092871 base_lr:0.009287Loss: 2.2914 (2.2914) iLoss: 0.1317 (0.1317) CLoss: 0.0288 (0.0288) da_loss: 0.5456 (0.5456) dd_loss: 2.0217 (2.0217) Accu: 97.92
Test Epoch: 21
original feature:   Rank-1: 82.72% | Rank-5: 90.39% | Rank-10: 93.93%| Rank-20: 96.46%| mAP: 73.76%| mINP: 55.29%
feature after BN:   Rank-1: 87.14% | Rank-5: 93.06% | Rank-10: 95.19%| Rank-20: 98.01%| mAP: 78.07%| mINP: 61.07%
Best Epoch [21]
==> Preparing Data Loader...
Epoch: [22][0/85] Time: 0.505 (0.505) lr:0.091681 base_lr:0.009168Loss: 1.2264 (1.2264) iLoss: 0.0451 (0.0451) CLoss: 0.0232 (0.0232) da_loss: 0.4629 (0.4629) dd_loss: 1.0656 (1.0656) Accu: 100.00
Test Epoch: 22
original feature:   Rank-1: 80.58% | Rank-5: 89.22% | Rank-10: 93.06%| Rank-20: 96.75%| mAP: 72.56%| mINP: 54.22%
feature after BN:   Rank-1: 84.37% | Rank-5: 91.26% | Rank-10: 93.83%| Rank-20: 97.43%| mAP: 77.01%| mINP: 60.25%
Best Epoch [21]
==> Preparing Data Loader...
Epoch: [23][0/85] Time: 0.462 (0.462) lr:0.090490 base_lr:0.009049Loss: 0.6670 (0.6670) iLoss: 0.0426 (0.0426) CLoss: 0.0186 (0.0186) da_loss: 0.4790 (0.4790) dd_loss: 0.5101 (0.5101) Accu: 100.00
Test Epoch: 23
original feature:   Rank-1: 83.54% | Rank-5: 91.36% | Rank-10: 94.51%| Rank-20: 96.75%| mAP: 74.37%| mINP: 55.18%
feature after BN:   Rank-1: 86.21% | Rank-5: 93.11% | Rank-10: 95.29%| Rank-20: 97.67%| mAP: 78.52%| mINP: 61.09%
Best Epoch [21]
==> Preparing Data Loader...
Epoch: [24][0/85] Time: 0.454 (0.454) lr:0.089300 base_lr:0.008930Loss: 1.0631 (1.0631) iLoss: 0.0205 (0.0205) CLoss: 0.0420 (0.0420) da_loss: 0.5159 (0.5159) dd_loss: 0.8975 (0.8975) Accu: 100.00
Test Epoch: 24
original feature:   Rank-1: 82.72% | Rank-5: 89.90% | Rank-10: 92.43%| Rank-20: 94.90%| mAP: 73.28%| mINP: 54.16%
feature after BN:   Rank-1: 86.02% | Rank-5: 93.11% | Rank-10: 94.90%| Rank-20: 97.04%| mAP: 77.89%| mINP: 61.23%
Best Epoch [21]
==> Preparing Data Loader...
Epoch: [25][0/85] Time: 0.457 (0.457) lr:0.088109 base_lr:0.008811Loss: 0.7086 (0.7086) iLoss: 0.0324 (0.0324) CLoss: 0.0315 (0.0315) da_loss: 0.4668 (0.4668) dd_loss: 0.5513 (0.5513) Accu: 100.00
Test Epoch: 25
original feature:   Rank-1: 83.20% | Rank-5: 91.02% | Rank-10: 93.74%| Rank-20: 96.21%| mAP: 74.80%| mINP: 56.66%
feature after BN:   Rank-1: 86.80% | Rank-5: 93.45% | Rank-10: 95.53%| Rank-20: 97.38%| mAP: 78.78%| mINP: 63.03%
Best Epoch [21]
==> Preparing Data Loader...
Epoch: [26][0/85] Time: 0.464 (0.464) lr:0.086919 base_lr:0.008692Loss: 1.1461 (1.1461) iLoss: 0.0243 (0.0243) CLoss: 0.0368 (0.0368) da_loss: 0.4706 (0.4706) dd_loss: 0.9909 (0.9909) Accu: 100.00
Test Epoch: 26
original feature:   Rank-1: 83.01% | Rank-5: 91.65% | Rank-10: 95.10%| Rank-20: 97.38%| mAP: 74.64%| mINP: 56.11%
feature after BN:   Rank-1: 86.65% | Rank-5: 94.03% | Rank-10: 95.92%| Rank-20: 98.25%| mAP: 79.17%| mINP: 63.37%
Best Epoch [21]
==> Preparing Data Loader...
Epoch: [27][0/85] Time: 0.467 (0.467) lr:0.085728 base_lr:0.008573Loss: 1.0394 (1.0394) iLoss: 0.0766 (0.0766) CLoss: 0.0041 (0.0041) da_loss: 0.4563 (0.4563) dd_loss: 0.8675 (0.8675) Accu: 97.92
Test Epoch: 27
original feature:   Rank-1: 84.08% | Rank-5: 91.89% | Rank-10: 94.95%| Rank-20: 97.09%| mAP: 74.14%| mINP: 54.04%
feature after BN:   Rank-1: 86.21% | Rank-5: 93.69% | Rank-10: 95.58%| Rank-20: 97.77%| mAP: 78.45%| mINP: 62.12%
Best Epoch [21]
==> Preparing Data Loader...
Epoch: [28][0/85] Time: 0.454 (0.454) lr:0.084538 base_lr:0.008454Loss: 1.3516 (1.3516) iLoss: 0.1051 (0.1051) CLoss: 0.0149 (0.0149) da_loss: 0.4697 (0.4697) dd_loss: 1.1377 (1.1377) Accu: 97.92
Test Epoch: 28
original feature:   Rank-1: 82.86% | Rank-5: 90.44% | Rank-10: 92.82%| Rank-20: 95.53%| mAP: 74.16%| mINP: 54.34%
feature after BN:   Rank-1: 84.90% | Rank-5: 93.59% | Rank-10: 95.49%| Rank-20: 97.28%| mAP: 79.21%| mINP: 63.02%
Best Epoch [21]
==> Preparing Data Loader...
Epoch: [29][0/85] Time: 0.450 (0.450) lr:0.083347 base_lr:0.008335Loss: 0.8072 (0.8072) iLoss: 0.0308 (0.0308) CLoss: 0.0321 (0.0321) da_loss: 0.4435 (0.4435) dd_loss: 0.6555 (0.6555) Accu: 100.00
Test Epoch: 29
original feature:   Rank-1: 81.12% | Rank-5: 91.75% | Rank-10: 95.19%| Rank-20: 96.94%| mAP: 73.12%| mINP: 53.75%
feature after BN:   Rank-1: 85.58% | Rank-5: 94.37% | Rank-10: 96.12%| Rank-20: 98.06%| mAP: 78.96%| mINP: 63.65%
Best Epoch [21]
==> Preparing Data Loader...
Epoch: [30][0/85] Time: 0.433 (0.433) lr:0.082157 base_lr:0.008216Loss: 0.8684 (0.8684) iLoss: 0.0224 (0.0224) CLoss: 0.0077 (0.0077) da_loss: 0.4571 (0.4571) dd_loss: 0.7469 (0.7469) Accu: 100.00
Test Epoch: 30
original feature:   Rank-1: 80.19% | Rank-5: 88.50% | Rank-10: 92.33%| Rank-20: 95.10%| mAP: 72.00%| mINP: 53.77%
feature after BN:   Rank-1: 82.91% | Rank-5: 92.77% | Rank-10: 95.73%| Rank-20: 98.16%| mAP: 75.65%| mINP: 59.16%
Best Epoch [21]
==> Preparing Data Loader...
Epoch: [31][0/85] Time: 0.485 (0.485) lr:0.080966 base_lr:0.008097Loss: 0.9499 (0.9499) iLoss: 0.0307 (0.0307) CLoss: 0.0299 (0.0299) da_loss: 0.4762 (0.4762) dd_loss: 0.7941 (0.7941) Accu: 100.00
Test Epoch: 31
original feature:   Rank-1: 78.83% | Rank-5: 87.96% | Rank-10: 92.28%| Rank-20: 95.34%| mAP: 70.38%| mINP: 51.30%
feature after BN:   Rank-1: 83.11% | Rank-5: 92.48% | Rank-10: 96.07%| Rank-20: 98.20%| mAP: 76.44%| mINP: 60.89%
Best Epoch [21]
==> Preparing Data Loader...
Epoch: [32][0/85] Time: 0.492 (0.492) lr:0.079776 base_lr:0.007978Loss: 1.0226 (1.0226) iLoss: 0.0453 (0.0453) CLoss: 0.0566 (0.0566) da_loss: 0.4864 (0.4864) dd_loss: 0.8234 (0.8234) Accu: 100.00
Test Epoch: 32
original feature:   Rank-1: 82.18% | Rank-5: 90.97% | Rank-10: 94.08%| Rank-20: 96.70%| mAP: 73.94%| mINP: 55.66%
feature after BN:   Rank-1: 83.30% | Rank-5: 93.11% | Rank-10: 95.58%| Rank-20: 98.01%| mAP: 77.76%| mINP: 61.98%
Best Epoch [21]
==> Preparing Data Loader...
Epoch: [33][0/85] Time: 0.445 (0.445) lr:0.078585 base_lr:0.007859Loss: 0.6831 (0.6831) iLoss: 0.0294 (0.0294) CLoss: 0.0127 (0.0127) da_loss: 0.4816 (0.4816) dd_loss: 0.5447 (0.5447) Accu: 100.00
Test Epoch: 33
original feature:   Rank-1: 81.65% | Rank-5: 91.12% | Rank-10: 94.47%| Rank-20: 96.75%| mAP: 74.15%| mINP: 55.42%
feature after BN:   Rank-1: 85.87% | Rank-5: 93.98% | Rank-10: 96.12%| Rank-20: 98.25%| mAP: 79.78%| mINP: 64.00%
Best Epoch [21]
==> Preparing Data Loader...
Epoch: [34][0/85] Time: 0.465 (0.465) lr:0.077395 base_lr:0.007739Loss: 1.1498 (1.1498) iLoss: 0.0278 (0.0278) CLoss: 0.0143 (0.0143) da_loss: 0.4574 (0.4574) dd_loss: 1.0163 (1.0163) Accu: 100.00
Test Epoch: 34
original feature:   Rank-1: 81.84% | Rank-5: 90.05% | Rank-10: 94.13%| Rank-20: 96.50%| mAP: 73.97%| mINP: 56.10%
feature after BN:   Rank-1: 87.23% | Rank-5: 93.79% | Rank-10: 96.26%| Rank-20: 97.96%| mAP: 80.54%| mINP: 65.09%
Best Epoch [34]
==> Preparing Data Loader...
Epoch: [35][0/85] Time: 0.517 (0.517) lr:0.076204 base_lr:0.007620Loss: 0.4530 (0.4530) iLoss: 0.0183 (0.0183) CLoss: 0.0005 (0.0005) da_loss: 0.4182 (0.4182) dd_loss: 0.3505 (0.3505) Accu: 100.00
Test Epoch: 35
original feature:   Rank-1: 83.20% | Rank-5: 92.33% | Rank-10: 95.44%| Rank-20: 97.09%| mAP: 75.54%| mINP: 56.61%
feature after BN:   Rank-1: 85.87% | Rank-5: 94.17% | Rank-10: 96.70%| Rank-20: 98.25%| mAP: 79.18%| mINP: 62.80%
Best Epoch [34]
==> Preparing Data Loader...
Epoch: [36][0/85] Time: 0.506 (0.506) lr:0.075014 base_lr:0.007501Loss: 0.8228 (0.8228) iLoss: 0.0274 (0.0274) CLoss: 0.0059 (0.0059) da_loss: 0.4952 (0.4952) dd_loss: 0.6905 (0.6905) Accu: 100.00
Test Epoch: 36
original feature:   Rank-1: 83.16% | Rank-5: 90.49% | Rank-10: 93.30%| Rank-20: 95.78%| mAP: 74.32%| mINP: 55.34%
feature after BN:   Rank-1: 86.99% | Rank-5: 92.67% | Rank-10: 94.56%| Rank-20: 96.84%| mAP: 79.61%| mINP: 63.34%
Best Epoch [34]
==> Preparing Data Loader...
Epoch: [37][0/85] Time: 0.462 (0.462) lr:0.073824 base_lr:0.007382Loss: 1.2171 (1.2171) iLoss: 0.0609 (0.0609) CLoss: 0.0469 (0.0469) da_loss: 0.4444 (0.4444) dd_loss: 1.0204 (1.0204) Accu: 100.00
Test Epoch: 37
original feature:   Rank-1: 83.59% | Rank-5: 91.80% | Rank-10: 94.76%| Rank-20: 96.60%| mAP: 75.75%| mINP: 57.63%
feature after BN:   Rank-1: 87.96% | Rank-5: 94.03% | Rank-10: 96.21%| Rank-20: 97.96%| mAP: 81.30%| mINP: 65.56%
Best Epoch [37]
==> Preparing Data Loader...
Epoch: [38][0/85] Time: 0.472 (0.472) lr:0.072633 base_lr:0.007263Loss: 0.7425 (0.7425) iLoss: 0.0223 (0.0223) CLoss: 0.0230 (0.0230) da_loss: 0.4034 (0.4034) dd_loss: 0.6166 (0.6166) Accu: 100.00
Test Epoch: 38
original feature:   Rank-1: 82.23% | Rank-5: 89.56% | Rank-10: 92.43%| Rank-20: 95.24%| mAP: 72.53%| mINP: 52.31%
feature after BN:   Rank-1: 84.47% | Rank-5: 91.12% | Rank-10: 93.93%| Rank-20: 96.36%| mAP: 76.83%| mINP: 60.20%
Best Epoch [37]
==> Preparing Data Loader...
Epoch: [39][0/85] Time: 0.469 (0.469) lr:0.071443 base_lr:0.007144Loss: 0.7006 (0.7006) iLoss: 0.0217 (0.0217) CLoss: 0.0085 (0.0085) da_loss: 0.4660 (0.4660) dd_loss: 0.5772 (0.5772) Accu: 100.00
Test Epoch: 39
original feature:   Rank-1: 82.62% | Rank-5: 91.94% | Rank-10: 94.37%| Rank-20: 97.09%| mAP: 74.94%| mINP: 56.91%
feature after BN:   Rank-1: 85.19% | Rank-5: 92.57% | Rank-10: 95.68%| Rank-20: 98.06%| mAP: 79.31%| mINP: 64.11%
Best Epoch [37]
==> Preparing Data Loader...
Epoch: [40][0/85] Time: 0.476 (0.476) lr:0.070252 base_lr:0.007025Loss: 0.6659 (0.6659) iLoss: 0.0384 (0.0384) CLoss: 0.0141 (0.0141) da_loss: 0.4739 (0.4739) dd_loss: 0.5185 (0.5185) Accu: 100.00
Test Epoch: 40
original feature:   Rank-1: 81.26% | Rank-5: 90.78% | Rank-10: 94.47%| Rank-20: 96.60%| mAP: 73.19%| mINP: 53.58%
feature after BN:   Rank-1: 83.64% | Rank-5: 92.23% | Rank-10: 95.49%| Rank-20: 97.52%| mAP: 77.76%| mINP: 61.94%
Best Epoch [37]
==> Preparing Data Loader...
Epoch: [41][0/85] Time: 0.493 (0.493) lr:0.069062 base_lr:0.006906Loss: 0.4449 (0.4449) iLoss: 0.0396 (0.0396) CLoss: 0.0330 (0.0330) da_loss: 0.4629 (0.4629) dd_loss: 0.2796 (0.2796) Accu: 100.00
Test Epoch: 41
original feature:   Rank-1: 82.04% | Rank-5: 91.12% | Rank-10: 94.81%| Rank-20: 97.48%| mAP: 74.12%| mINP: 56.62%
feature after BN:   Rank-1: 84.22% | Rank-5: 92.72% | Rank-10: 95.58%| Rank-20: 97.86%| mAP: 79.05%| mINP: 64.20%
Best Epoch [37]
==> Preparing Data Loader...
Epoch: [42][0/85] Time: 0.445 (0.445) lr:0.067871 base_lr:0.006787Loss: 0.7837 (0.7837) iLoss: 0.0486 (0.0486) CLoss: 0.0135 (0.0135) da_loss: 0.4281 (0.4281) dd_loss: 0.6360 (0.6360) Accu: 97.92
Test Epoch: 42
original feature:   Rank-1: 77.18% | Rank-5: 86.60% | Rank-10: 91.31%| Rank-20: 94.76%| mAP: 70.22%| mINP: 52.86%
feature after BN:   Rank-1: 80.29% | Rank-5: 89.32% | Rank-10: 93.88%| Rank-20: 97.18%| mAP: 74.94%| mINP: 60.10%
Best Epoch [37]
==> Preparing Data Loader...
Epoch: [43][0/85] Time: 0.462 (0.462) lr:0.066681 base_lr:0.006668Loss: 0.8213 (0.8213) iLoss: 0.0243 (0.0243) CLoss: 0.0163 (0.0163) da_loss: 0.4585 (0.4585) dd_loss: 0.6890 (0.6890) Accu: 100.00
Test Epoch: 43
original feature:   Rank-1: 81.80% | Rank-5: 91.07% | Rank-10: 93.93%| Rank-20: 96.36%| mAP: 73.86%| mINP: 55.20%
feature after BN:   Rank-1: 84.61% | Rank-5: 91.46% | Rank-10: 95.34%| Rank-20: 97.57%| mAP: 78.17%| mINP: 63.24%
Best Epoch [37]
==> Preparing Data Loader...
Epoch: [44][0/85] Time: 0.464 (0.464) lr:0.065490 base_lr:0.006549Loss: 0.7151 (0.7151) iLoss: 0.0350 (0.0350) CLoss: 0.0133 (0.0133) da_loss: 0.4468 (0.4468) dd_loss: 0.5775 (0.5775) Accu: 100.00
Test Epoch: 44
original feature:   Rank-1: 83.06% | Rank-5: 90.78% | Rank-10: 94.42%| Rank-20: 96.70%| mAP: 75.32%| mINP: 57.27%
feature after BN:   Rank-1: 86.21% | Rank-5: 92.77% | Rank-10: 95.53%| Rank-20: 97.28%| mAP: 79.67%| mINP: 64.40%
Best Epoch [37]
==> Preparing Data Loader...
Epoch: [45][0/85] Time: 0.440 (0.440) lr:0.064300 base_lr:0.006430Loss: 0.6924 (0.6924) iLoss: 0.0304 (0.0304) CLoss: 0.0135 (0.0135) da_loss: 0.4181 (0.4181) dd_loss: 0.5649 (0.5649) Accu: 100.00
Test Epoch: 45
original feature:   Rank-1: 83.16% | Rank-5: 90.97% | Rank-10: 94.37%| Rank-20: 97.04%| mAP: 74.96%| mINP: 57.08%
feature after BN:   Rank-1: 87.67% | Rank-5: 93.83% | Rank-10: 95.44%| Rank-20: 97.33%| mAP: 80.80%| mINP: 65.74%
Best Epoch [37]
==> Preparing Data Loader...
Epoch: [46][0/85] Time: 0.502 (0.502) lr:0.063109 base_lr:0.006311Loss: 0.5633 (0.5633) iLoss: 0.0268 (0.0268) CLoss: 0.0082 (0.0082) da_loss: 0.4559 (0.4559) dd_loss: 0.4371 (0.4371) Accu: 100.00
Test Epoch: 46
original feature:   Rank-1: 85.92% | Rank-5: 92.62% | Rank-10: 94.66%| Rank-20: 96.36%| mAP: 76.53%| mINP: 57.69%
feature after BN:   Rank-1: 87.04% | Rank-5: 93.93% | Rank-10: 96.07%| Rank-20: 97.38%| mAP: 81.13%| mINP: 66.27%
Best Epoch [37]
==> Preparing Data Loader...
Epoch: [47][0/85] Time: 0.470 (0.470) lr:0.061919 base_lr:0.006192Loss: 0.5004 (0.5004) iLoss: 0.0166 (0.0166) CLoss: 0.0145 (0.0145) da_loss: 0.3787 (0.3787) dd_loss: 0.3935 (0.3935) Accu: 100.00
Test Epoch: 47
original feature:   Rank-1: 86.31% | Rank-5: 92.86% | Rank-10: 95.15%| Rank-20: 97.04%| mAP: 77.69%| mINP: 59.81%
feature after BN:   Rank-1: 88.35% | Rank-5: 94.95% | Rank-10: 96.60%| Rank-20: 98.11%| mAP: 81.64%| mINP: 66.21%
Best Epoch [47]
==> Preparing Data Loader...
Epoch: [48][0/85] Time: 0.505 (0.505) lr:0.060728 base_lr:0.006073Loss: 0.7347 (0.7347) iLoss: 0.0129 (0.0129) CLoss: 0.0061 (0.0061) da_loss: 0.3643 (0.3643) dd_loss: 0.6429 (0.6429) Accu: 100.00
Test Epoch: 48
original feature:   Rank-1: 84.76% | Rank-5: 92.38% | Rank-10: 95.83%| Rank-20: 97.72%| mAP: 76.72%| mINP: 58.91%
feature after BN:   Rank-1: 87.82% | Rank-5: 94.66% | Rank-10: 96.55%| Rank-20: 98.06%| mAP: 81.47%| mINP: 66.42%
Best Epoch [47]
==> Preparing Data Loader...
Epoch: [49][0/85] Time: 0.467 (0.467) lr:0.059538 base_lr:0.005954Loss: 0.4975 (0.4975) iLoss: 0.0310 (0.0310) CLoss: 0.0171 (0.0171) da_loss: 0.3386 (0.3386) dd_loss: 0.3816 (0.3816) Accu: 100.00
Test Epoch: 49
original feature:   Rank-1: 85.97% | Rank-5: 92.82% | Rank-10: 95.24%| Rank-20: 97.14%| mAP: 77.55%| mINP: 59.24%
feature after BN:   Rank-1: 88.50% | Rank-5: 94.56% | Rank-10: 96.65%| Rank-20: 98.20%| mAP: 82.24%| mINP: 67.56%
Best Epoch [49]
==> Preparing Data Loader...
Epoch: [50][0/85] Time: 0.496 (0.496) lr:0.058347 base_lr:0.005835Loss: 0.6526 (0.6526) iLoss: 0.0270 (0.0270) CLoss: 0.0147 (0.0147) da_loss: 0.3433 (0.3433) dd_loss: 0.5423 (0.5423) Accu: 100.00
Test Epoch: 50
original feature:   Rank-1: 84.42% | Rank-5: 92.86% | Rank-10: 95.24%| Rank-20: 97.14%| mAP: 77.03%| mINP: 59.12%
feature after BN:   Rank-1: 87.23% | Rank-5: 94.51% | Rank-10: 96.50%| Rank-20: 98.06%| mAP: 81.28%| mINP: 66.35%
Best Epoch [49]
==> Preparing Data Loader...
Epoch: [51][0/85] Time: 0.468 (0.468) lr:0.057157 base_lr:0.005716Loss: 0.6046 (0.6046) iLoss: 0.0213 (0.0213) CLoss: 0.0020 (0.0020) da_loss: 0.3490 (0.3490) dd_loss: 0.5115 (0.5115) Accu: 100.00
Test Epoch: 51
original feature:   Rank-1: 85.24% | Rank-5: 93.01% | Rank-10: 95.83%| Rank-20: 97.48%| mAP: 77.01%| mINP: 58.85%
feature after BN:   Rank-1: 87.77% | Rank-5: 94.22% | Rank-10: 96.65%| Rank-20: 98.45%| mAP: 81.64%| mINP: 67.23%
Best Epoch [49]
==> Preparing Data Loader...
Epoch: [52][0/85] Time: 0.478 (0.478) lr:0.055966 base_lr:0.005597Loss: 0.3560 (0.3560) iLoss: 0.0128 (0.0128) CLoss: 0.0051 (0.0051) da_loss: 0.3816 (0.3816) dd_loss: 0.2618 (0.2618) Accu: 100.00
Test Epoch: 52
original feature:   Rank-1: 82.18% | Rank-5: 91.65% | Rank-10: 94.37%| Rank-20: 96.46%| mAP: 75.03%| mINP: 57.21%
feature after BN:   Rank-1: 86.31% | Rank-5: 93.54% | Rank-10: 96.26%| Rank-20: 98.40%| mAP: 80.36%| mINP: 65.39%
Best Epoch [49]
==> Preparing Data Loader...
Epoch: [53][0/85] Time: 0.508 (0.508) lr:0.054776 base_lr:0.005478Loss: 0.7086 (0.7086) iLoss: 0.0319 (0.0319) CLoss: 0.0298 (0.0298) da_loss: 0.3645 (0.3645) dd_loss: 0.5740 (0.5740) Accu: 100.00
Test Epoch: 53
original feature:   Rank-1: 82.48% | Rank-5: 91.80% | Rank-10: 94.37%| Rank-20: 96.70%| mAP: 73.62%| mINP: 54.59%
feature after BN:   Rank-1: 85.39% | Rank-5: 94.27% | Rank-10: 96.50%| Rank-20: 98.40%| mAP: 78.66%| mINP: 62.71%
Best Epoch [49]
==> Preparing Data Loader...
Epoch: [54][0/85] Time: 0.471 (0.471) lr:0.053585 base_lr:0.005359Loss: 0.6710 (0.6710) iLoss: 0.0297 (0.0297) CLoss: 0.0221 (0.0221) da_loss: 0.4628 (0.4628) dd_loss: 0.5266 (0.5266) Accu: 100.00
Test Epoch: 54
original feature:   Rank-1: 80.05% | Rank-5: 89.27% | Rank-10: 93.06%| Rank-20: 96.26%| mAP: 73.25%| mINP: 56.24%
feature after BN:   Rank-1: 83.64% | Rank-5: 92.23% | Rank-10: 95.97%| Rank-20: 97.67%| mAP: 78.06%| mINP: 63.90%
Best Epoch [49]
==> Preparing Data Loader...
Epoch: [55][0/85] Time: 0.507 (0.507) lr:0.052395 base_lr:0.005239Loss: 0.7639 (0.7639) iLoss: 0.0839 (0.0839) CLoss: 0.0535 (0.0535) da_loss: 0.4200 (0.4200) dd_loss: 0.5425 (0.5425) Accu: 100.00
Test Epoch: 55
original feature:   Rank-1: 81.99% | Rank-5: 90.19% | Rank-10: 94.32%| Rank-20: 96.70%| mAP: 74.58%| mINP: 57.01%
feature after BN:   Rank-1: 83.50% | Rank-5: 91.46% | Rank-10: 95.05%| Rank-20: 97.96%| mAP: 77.51%| mINP: 62.20%
Best Epoch [49]
==> Preparing Data Loader...
Epoch: [56][0/85] Time: 0.466 (0.466) lr:0.051204 base_lr:0.005120Loss: 0.6880 (0.6880) iLoss: 0.0265 (0.0265) CLoss: 0.0045 (0.0045) da_loss: 0.4487 (0.4487) dd_loss: 0.5673 (0.5673) Accu: 100.00
Test Epoch: 56
original feature:   Rank-1: 84.81% | Rank-5: 92.62% | Rank-10: 95.24%| Rank-20: 97.23%| mAP: 76.96%| mINP: 59.44%
feature after BN:   Rank-1: 87.23% | Rank-5: 93.64% | Rank-10: 96.31%| Rank-20: 98.45%| mAP: 80.81%| mINP: 65.57%
Best Epoch [49]
==> Preparing Data Loader...
Epoch: [57][0/85] Time: 0.462 (0.462) lr:0.050014 base_lr:0.005001Loss: 0.7990 (0.7990) iLoss: 0.0683 (0.0683) CLoss: 0.0340 (0.0340) da_loss: 0.4351 (0.4351) dd_loss: 0.6096 (0.6096) Accu: 97.92
Test Epoch: 57
original feature:   Rank-1: 83.25% | Rank-5: 91.36% | Rank-10: 94.56%| Rank-20: 97.28%| mAP: 75.78%| mINP: 58.46%
feature after BN:   Rank-1: 86.84% | Rank-5: 93.79% | Rank-10: 95.97%| Rank-20: 97.28%| mAP: 80.82%| mINP: 66.08%
Best Epoch [49]
==> Preparing Data Loader...
Epoch: [58][0/85] Time: 0.468 (0.468) lr:0.048824 base_lr:0.004882Loss: 0.3502 (0.3502) iLoss: 0.0148 (0.0148) CLoss: 0.0076 (0.0076) da_loss: 0.4072 (0.4072) dd_loss: 0.2463 (0.2463) Accu: 100.00
Test Epoch: 58
original feature:   Rank-1: 85.24% | Rank-5: 92.96% | Rank-10: 95.10%| Rank-20: 97.43%| mAP: 77.02%| mINP: 59.72%
feature after BN:   Rank-1: 87.86% | Rank-5: 93.45% | Rank-10: 96.17%| Rank-20: 97.72%| mAP: 82.00%| mINP: 68.43%
Best Epoch [49]
==> Preparing Data Loader...
Epoch: [59][0/85] Time: 0.486 (0.486) lr:0.047633 base_lr:0.004763Loss: 0.6601 (0.6601) iLoss: 0.0208 (0.0208) CLoss: 0.0162 (0.0162) da_loss: 0.3942 (0.3942) dd_loss: 0.5442 (0.5442) Accu: 100.00
Test Epoch: 59
original feature:   Rank-1: 85.58% | Rank-5: 92.72% | Rank-10: 95.24%| Rank-20: 97.28%| mAP: 77.75%| mINP: 61.11%
feature after BN:   Rank-1: 88.01% | Rank-5: 93.79% | Rank-10: 96.26%| Rank-20: 97.57%| mAP: 82.20%| mINP: 68.77%
Best Epoch [49]
==> Preparing Data Loader...
Epoch: [60][0/85] Time: 0.483 (0.483) lr:0.046443 base_lr:0.004644Loss: 0.4605 (0.4605) iLoss: 0.0101 (0.0101) CLoss: 0.0001 (0.0001) da_loss: 0.4102 (0.4102) dd_loss: 0.3682 (0.3682) Accu: 100.00
Test Epoch: 60
original feature:   Rank-1: 84.56% | Rank-5: 92.57% | Rank-10: 95.05%| Rank-20: 97.33%| mAP: 77.42%| mINP: 60.39%
feature after BN:   Rank-1: 87.82% | Rank-5: 93.59% | Rank-10: 95.97%| Rank-20: 97.43%| mAP: 82.04%| mINP: 68.62%
Best Epoch [49]
==> Preparing Data Loader...
Epoch: [61][0/85] Time: 0.487 (0.487) lr:0.045252 base_lr:0.004525Loss: 0.9150 (0.9150) iLoss: 0.0153 (0.0153) CLoss: 0.0012 (0.0012) da_loss: 0.3551 (0.3551) dd_loss: 0.8275 (0.8275) Accu: 100.00
Test Epoch: 61
original feature:   Rank-1: 85.19% | Rank-5: 93.25% | Rank-10: 95.83%| Rank-20: 97.62%| mAP: 77.96%| mINP: 61.20%
feature after BN:   Rank-1: 88.11% | Rank-5: 94.22% | Rank-10: 96.41%| Rank-20: 97.52%| mAP: 82.61%| mINP: 69.36%
Best Epoch [49]
==> Preparing Data Loader...
Epoch: [62][0/85] Time: 0.482 (0.482) lr:0.044062 base_lr:0.004406Loss: 0.6933 (0.6933) iLoss: 0.0266 (0.0266) CLoss: 0.0327 (0.0327) da_loss: 0.3588 (0.3588) dd_loss: 0.5622 (0.5622) Accu: 100.00
Test Epoch: 62
original feature:   Rank-1: 86.41% | Rank-5: 93.50% | Rank-10: 96.07%| Rank-20: 97.82%| mAP: 78.49%| mINP: 61.61%
feature after BN:   Rank-1: 88.93% | Rank-5: 94.66% | Rank-10: 96.84%| Rank-20: 98.01%| mAP: 83.28%| mINP: 69.99%
Best Epoch [62]
==> Preparing Data Loader...
Epoch: [63][0/85] Time: 0.516 (0.516) lr:0.042871 base_lr:0.004287Loss: 0.5754 (0.5754) iLoss: 0.0411 (0.0411) CLoss: 0.0238 (0.0238) da_loss: 0.3146 (0.3146) dd_loss: 0.4476 (0.4476) Accu: 100.00
Test Epoch: 63
original feature:   Rank-1: 84.61% | Rank-5: 92.72% | Rank-10: 95.44%| Rank-20: 97.04%| mAP: 77.71%| mINP: 61.56%
feature after BN:   Rank-1: 86.80% | Rank-5: 93.40% | Rank-10: 95.73%| Rank-20: 97.77%| mAP: 82.38%| mINP: 69.68%
Best Epoch [62]
==> Preparing Data Loader...
Epoch: [64][0/85] Time: 0.503 (0.503) lr:0.041681 base_lr:0.004168Loss: 0.4310 (0.4310) iLoss: 0.0138 (0.0138) CLoss: 0.0242 (0.0242) da_loss: 0.3453 (0.3453) dd_loss: 0.3240 (0.3240) Accu: 100.00
Test Epoch: 64
original feature:   Rank-1: 84.95% | Rank-5: 92.96% | Rank-10: 95.53%| Rank-20: 97.48%| mAP: 77.66%| mINP: 61.07%
feature after BN:   Rank-1: 88.30% | Rank-5: 94.22% | Rank-10: 96.80%| Rank-20: 98.06%| mAP: 83.04%| mINP: 69.86%
Best Epoch [62]
==> Preparing Data Loader...
Epoch: [65][0/85] Time: 0.493 (0.493) lr:0.040490 base_lr:0.004049Loss: 0.6557 (0.6557) iLoss: 0.0272 (0.0272) CLoss: 0.0069 (0.0069) da_loss: 0.3685 (0.3685) dd_loss: 0.5479 (0.5479) Accu: 100.00
Test Epoch: 65
original feature:   Rank-1: 85.68% | Rank-5: 93.06% | Rank-10: 95.68%| Rank-20: 98.01%| mAP: 78.60%| mINP: 62.17%
feature after BN:   Rank-1: 88.20% | Rank-5: 94.37% | Rank-10: 96.46%| Rank-20: 98.59%| mAP: 83.11%| mINP: 69.61%
Best Epoch [62]
==> Preparing Data Loader...
Epoch: [66][0/85] Time: 0.448 (0.448) lr:0.039300 base_lr:0.003930Loss: 0.4755 (0.4755) iLoss: 0.0371 (0.0371) CLoss: 0.0031 (0.0031) da_loss: 0.3674 (0.3674) dd_loss: 0.3618 (0.3618) Accu: 100.00
Test Epoch: 66
original feature:   Rank-1: 85.15% | Rank-5: 93.30% | Rank-10: 95.49%| Rank-20: 97.67%| mAP: 77.97%| mINP: 61.29%
feature after BN:   Rank-1: 88.54% | Rank-5: 94.56% | Rank-10: 96.26%| Rank-20: 97.72%| mAP: 83.18%| mINP: 69.66%
Best Epoch [62]
==> Preparing Data Loader...
Epoch: [67][0/85] Time: 0.436 (0.436) lr:0.038109 base_lr:0.003811Loss: 0.4203 (0.4203) iLoss: 0.0383 (0.0383) CLoss: 0.0035 (0.0035) da_loss: 0.3323 (0.3323) dd_loss: 0.3120 (0.3120) Accu: 100.00
Test Epoch: 67
original feature:   Rank-1: 86.02% | Rank-5: 93.25% | Rank-10: 95.97%| Rank-20: 97.82%| mAP: 78.40%| mINP: 61.09%
feature after BN:   Rank-1: 88.45% | Rank-5: 94.85% | Rank-10: 96.60%| Rank-20: 98.16%| mAP: 83.19%| mINP: 69.71%
Best Epoch [62]
==> Preparing Data Loader...
Epoch: [68][0/85] Time: 0.459 (0.459) lr:0.036919 base_lr:0.003692Loss: 0.3120 (0.3120) iLoss: 0.0145 (0.0145) CLoss: 0.0001 (0.0001) da_loss: 0.3282 (0.3282) dd_loss: 0.2318 (0.2318) Accu: 100.00
Test Epoch: 68
original feature:   Rank-1: 85.53% | Rank-5: 93.54% | Rank-10: 95.83%| Rank-20: 97.91%| mAP: 78.09%| mINP: 61.10%
feature after BN:   Rank-1: 88.98% | Rank-5: 94.71% | Rank-10: 96.94%| Rank-20: 98.50%| mAP: 83.35%| mINP: 69.79%
Best Epoch [68]
==> Preparing Data Loader...
Epoch: [69][0/85] Time: 0.486 (0.486) lr:0.035728 base_lr:0.003573Loss: 0.4729 (0.4729) iLoss: 0.0111 (0.0111) CLoss: 0.0008 (0.0008) da_loss: 0.3164 (0.3164) dd_loss: 0.3976 (0.3976) Accu: 100.00
Test Epoch: 69
original feature:   Rank-1: 86.41% | Rank-5: 93.88% | Rank-10: 96.17%| Rank-20: 98.01%| mAP: 79.04%| mINP: 62.24%
feature after BN:   Rank-1: 89.51% | Rank-5: 95.05% | Rank-10: 96.89%| Rank-20: 98.16%| mAP: 83.55%| mINP: 70.04%
Best Epoch [69]
==> Preparing Data Loader...
Epoch: [70][0/85] Time: 0.506 (0.506) lr:0.034538 base_lr:0.003454Loss: 0.3587 (0.3587) iLoss: 0.0177 (0.0177) CLoss: 0.0014 (0.0014) da_loss: 0.3099 (0.3099) dd_loss: 0.2777 (0.2777) Accu: 100.00
Test Epoch: 70
original feature:   Rank-1: 86.17% | Rank-5: 93.54% | Rank-10: 96.17%| Rank-20: 97.96%| mAP: 79.09%| mINP: 62.74%
feature after BN:   Rank-1: 88.83% | Rank-5: 94.90% | Rank-10: 96.80%| Rank-20: 97.96%| mAP: 83.51%| mINP: 70.38%
Best Epoch [69]
==> Preparing Data Loader...
Epoch: [71][0/85] Time: 0.455 (0.455) lr:0.033347 base_lr:0.003335Loss: 0.7167 (0.7167) iLoss: 0.0585 (0.0585) CLoss: 0.0382 (0.0382) da_loss: 0.3189 (0.3189) dd_loss: 0.5561 (0.5561) Accu: 100.00
Test Epoch: 71
original feature:   Rank-1: 85.83% | Rank-5: 93.54% | Rank-10: 96.02%| Rank-20: 97.86%| mAP: 79.22%| mINP: 63.15%
feature after BN:   Rank-1: 89.32% | Rank-5: 95.10% | Rank-10: 96.94%| Rank-20: 98.16%| mAP: 83.94%| mINP: 70.95%
Best Epoch [69]
==> Preparing Data Loader...
Epoch: [72][0/85] Time: 0.487 (0.487) lr:0.032157 base_lr:0.003216Loss: 0.3346 (0.3346) iLoss: 0.0196 (0.0196) CLoss: 0.0103 (0.0103) da_loss: 0.2653 (0.2653) dd_loss: 0.2516 (0.2516) Accu: 100.00
Test Epoch: 72
original feature:   Rank-1: 86.80% | Rank-5: 93.93% | Rank-10: 96.41%| Rank-20: 98.01%| mAP: 79.53%| mINP: 63.00%
feature after BN:   Rank-1: 89.61% | Rank-5: 95.05% | Rank-10: 96.89%| Rank-20: 98.45%| mAP: 83.97%| mINP: 71.01%
Best Epoch [72]
==> Preparing Data Loader...
Epoch: [73][0/85] Time: 0.498 (0.498) lr:0.030966 base_lr:0.003097Loss: 0.3315 (0.3315) iLoss: 0.0252 (0.0252) CLoss: 0.0001 (0.0001) da_loss: 0.2664 (0.2664) dd_loss: 0.2530 (0.2530) Accu: 100.00
Test Epoch: 73
original feature:   Rank-1: 86.46% | Rank-5: 93.35% | Rank-10: 95.87%| Rank-20: 97.77%| mAP: 78.88%| mINP: 62.38%
feature after BN:   Rank-1: 88.83% | Rank-5: 94.56% | Rank-10: 96.99%| Rank-20: 98.20%| mAP: 83.21%| mINP: 70.11%
Best Epoch [72]
==> Preparing Data Loader...
Epoch: [74][0/85] Time: 0.444 (0.444) lr:0.029776 base_lr:0.002978Loss: 0.2919 (0.2919) iLoss: 0.0227 (0.0227) CLoss: 0.0130 (0.0130) da_loss: 0.2729 (0.2729) dd_loss: 0.2016 (0.2016) Accu: 100.00
Test Epoch: 74
original feature:   Rank-1: 86.46% | Rank-5: 93.40% | Rank-10: 95.83%| Rank-20: 97.48%| mAP: 78.68%| mINP: 61.49%
feature after BN:   Rank-1: 89.32% | Rank-5: 95.34% | Rank-10: 97.14%| Rank-20: 98.40%| mAP: 83.43%| mINP: 69.42%
Best Epoch [72]
==> Preparing Data Loader...
Epoch: [75][0/85] Time: 0.500 (0.500) lr:0.028585 base_lr:0.002859Loss: 0.4691 (0.4691) iLoss: 0.0518 (0.0518) CLoss: 0.0247 (0.0247) da_loss: 0.2847 (0.2847) dd_loss: 0.3357 (0.3357) Accu: 97.92
Test Epoch: 75
original feature:   Rank-1: 86.31% | Rank-5: 93.20% | Rank-10: 96.17%| Rank-20: 97.67%| mAP: 78.97%| mINP: 62.06%
feature after BN:   Rank-1: 89.81% | Rank-5: 94.71% | Rank-10: 97.14%| Rank-20: 98.30%| mAP: 83.60%| mINP: 69.99%
Best Epoch [75]
==> Preparing Data Loader...
Epoch: [76][0/85] Time: 0.516 (0.516) lr:0.027395 base_lr:0.002739Loss: 0.3478 (0.3478) iLoss: 0.0161 (0.0161) CLoss: 0.0031 (0.0031) da_loss: 0.2797 (0.2797) dd_loss: 0.2727 (0.2727) Accu: 100.00
Test Epoch: 76
original feature:   Rank-1: 86.07% | Rank-5: 93.64% | Rank-10: 96.41%| Rank-20: 97.72%| mAP: 78.86%| mINP: 61.97%
feature after BN:   Rank-1: 89.56% | Rank-5: 95.15% | Rank-10: 97.14%| Rank-20: 98.59%| mAP: 84.19%| mINP: 70.70%
Best Epoch [75]
==> Preparing Data Loader...
Epoch: [77][0/85] Time: 0.471 (0.471) lr:0.026204 base_lr:0.002620Loss: 0.6873 (0.6873) iLoss: 0.0077 (0.0077) CLoss: 0.0046 (0.0046) da_loss: 0.2763 (0.2763) dd_loss: 0.6197 (0.6197) Accu: 100.00
Test Epoch: 77
original feature:   Rank-1: 86.31% | Rank-5: 93.79% | Rank-10: 96.31%| Rank-20: 97.96%| mAP: 79.24%| mINP: 62.60%
feature after BN:   Rank-1: 89.51% | Rank-5: 95.29% | Rank-10: 97.09%| Rank-20: 98.50%| mAP: 84.15%| mINP: 71.00%
Best Epoch [75]
==> Preparing Data Loader...
Epoch: [78][0/85] Time: 0.469 (0.469) lr:0.025014 base_lr:0.002501Loss: 0.1973 (0.1973) iLoss: 0.0071 (0.0071) CLoss: 0.0000 (0.0000) da_loss: 0.2197 (0.2197) dd_loss: 0.1462 (0.1462) Accu: 100.00
Test Epoch: 78
original feature:   Rank-1: 87.23% | Rank-5: 93.88% | Rank-10: 96.26%| Rank-20: 97.82%| mAP: 79.36%| mINP: 62.65%
feature after BN:   Rank-1: 90.29% | Rank-5: 95.19% | Rank-10: 97.28%| Rank-20: 98.54%| mAP: 84.05%| mINP: 70.48%
Best Epoch [78]
==> Preparing Data Loader...
Epoch: [79][0/85] Time: 0.493 (0.493) lr:0.023824 base_lr:0.002382Loss: 0.2699 (0.2699) iLoss: 0.0204 (0.0204) CLoss: 0.0074 (0.0074) da_loss: 0.2411 (0.2411) dd_loss: 0.1939 (0.1939) Accu: 100.00
Test Epoch: 79
original feature:   Rank-1: 83.93% | Rank-5: 92.28% | Rank-10: 95.10%| Rank-20: 97.72%| mAP: 76.85%| mINP: 60.32%
feature after BN:   Rank-1: 87.72% | Rank-5: 93.93% | Rank-10: 95.97%| Rank-20: 97.91%| mAP: 82.11%| mINP: 68.80%
Best Epoch [78]
==> Preparing Data Loader...
Epoch: [80][0/85] Time: 0.439 (0.439) lr:0.022633 base_lr:0.002263Loss: 0.4016 (0.4016) iLoss: 0.0175 (0.0175) CLoss: 0.0067 (0.0067) da_loss: 0.4687 (0.4687) dd_loss: 0.2837 (0.2837) Accu: 100.00
Test Epoch: 80
original feature:   Rank-1: 85.00% | Rank-5: 92.67% | Rank-10: 95.44%| Rank-20: 98.11%| mAP: 79.30%| mINP: 64.30%
feature after BN:   Rank-1: 89.22% | Rank-5: 95.10% | Rank-10: 97.04%| Rank-20: 98.45%| mAP: 83.60%| mINP: 70.19%
Best Epoch [78]
==> Preparing Data Loader...
Epoch: [81][0/85] Time: 0.466 (0.466) lr:0.021443 base_lr:0.002144Loss: 0.4059 (0.4059) iLoss: 0.0125 (0.0125) CLoss: 0.0076 (0.0076) da_loss: 0.3683 (0.3683) dd_loss: 0.3122 (0.3122) Accu: 100.00
Test Epoch: 81
original feature:   Rank-1: 85.19% | Rank-5: 93.11% | Rank-10: 95.78%| Rank-20: 97.91%| mAP: 79.13%| mINP: 64.02%
feature after BN:   Rank-1: 89.61% | Rank-5: 94.81% | Rank-10: 96.80%| Rank-20: 98.40%| mAP: 83.95%| mINP: 70.63%
Best Epoch [78]
==> Preparing Data Loader...
Epoch: [82][0/85] Time: 0.502 (0.502) lr:0.020252 base_lr:0.002025Loss: 0.3405 (0.3405) iLoss: 0.0204 (0.0204) CLoss: 0.0419 (0.0419) da_loss: 0.3458 (0.3458) dd_loss: 0.2091 (0.2091) Accu: 100.00
Test Epoch: 82
original feature:   Rank-1: 86.36% | Rank-5: 93.74% | Rank-10: 96.46%| Rank-20: 98.11%| mAP: 80.09%| mINP: 64.70%
feature after BN:   Rank-1: 89.90% | Rank-5: 94.95% | Rank-10: 96.80%| Rank-20: 98.54%| mAP: 84.21%| mINP: 70.79%
Best Epoch [78]
==> Preparing Data Loader...
Epoch: [83][0/85] Time: 0.462 (0.462) lr:0.019062 base_lr:0.001906Loss: 0.3201 (0.3201) iLoss: 0.0190 (0.0190) CLoss: 0.0292 (0.0292) da_loss: 0.2973 (0.2973) dd_loss: 0.2124 (0.2124) Accu: 100.00
Test Epoch: 83
original feature:   Rank-1: 86.31% | Rank-5: 93.64% | Rank-10: 96.75%| Rank-20: 98.16%| mAP: 80.20%| mINP: 64.69%
feature after BN:   Rank-1: 89.71% | Rank-5: 95.19% | Rank-10: 97.04%| Rank-20: 98.50%| mAP: 84.38%| mINP: 71.05%
Best Epoch [78]
==> Preparing Data Loader...
Epoch: [84][0/85] Time: 0.463 (0.463) lr:0.017871 base_lr:0.001787Loss: 0.4474 (0.4474) iLoss: 0.0205 (0.0205) CLoss: 0.0114 (0.0114) da_loss: 0.3410 (0.3410) dd_loss: 0.3473 (0.3473) Accu: 100.00
Test Epoch: 84
original feature:   Rank-1: 86.84% | Rank-5: 93.59% | Rank-10: 96.55%| Rank-20: 98.06%| mAP: 80.12%| mINP: 64.59%
feature after BN:   Rank-1: 89.95% | Rank-5: 95.10% | Rank-10: 96.84%| Rank-20: 98.35%| mAP: 84.12%| mINP: 70.72%
Best Epoch [78]
==> Preparing Data Loader...
Epoch: [85][0/85] Time: 0.475 (0.475) lr:0.016681 base_lr:0.001668Loss: 0.4257 (0.4257) iLoss: 0.0111 (0.0111) CLoss: 0.0009 (0.0009) da_loss: 0.3160 (0.3160) dd_loss: 0.3504 (0.3504) Accu: 100.00
Test Epoch: 85
original feature:   Rank-1: 87.04% | Rank-5: 93.83% | Rank-10: 96.46%| Rank-20: 98.16%| mAP: 80.28%| mINP: 64.65%
feature after BN:   Rank-1: 90.10% | Rank-5: 95.34% | Rank-10: 97.09%| Rank-20: 98.40%| mAP: 84.28%| mINP: 70.86%
Best Epoch [78]
==> Preparing Data Loader...
Epoch: [86][0/85] Time: 0.464 (0.464) lr:0.015490 base_lr:0.001549Loss: 0.3160 (0.3160) iLoss: 0.0208 (0.0208) CLoss: 0.0178 (0.0178) da_loss: 0.2834 (0.2834) dd_loss: 0.2207 (0.2207) Accu: 100.00
Test Epoch: 86
original feature:   Rank-1: 87.23% | Rank-5: 93.79% | Rank-10: 96.65%| Rank-20: 98.16%| mAP: 80.09%| mINP: 64.36%
feature after BN:   Rank-1: 90.10% | Rank-5: 95.24% | Rank-10: 97.18%| Rank-20: 98.59%| mAP: 84.44%| mINP: 70.98%
Best Epoch [78]
==> Preparing Data Loader...
Epoch: [87][0/85] Time: 0.486 (0.486) lr:0.014300 base_lr:0.001430Loss: 0.3504 (0.3504) iLoss: 0.0081 (0.0081) CLoss: 0.0001 (0.0001) da_loss: 0.2930 (0.2930) dd_loss: 0.2836 (0.2836) Accu: 100.00
Test Epoch: 87
original feature:   Rank-1: 86.84% | Rank-5: 93.83% | Rank-10: 96.75%| Rank-20: 98.16%| mAP: 80.42%| mINP: 64.83%
feature after BN:   Rank-1: 90.34% | Rank-5: 95.58% | Rank-10: 97.14%| Rank-20: 98.35%| mAP: 84.42%| mINP: 70.92%
Best Epoch [87]
==> Preparing Data Loader...
Epoch: [88][0/85] Time: 0.538 (0.538) lr:0.013109 base_lr:0.001311Loss: 0.3599 (0.3599) iLoss: 0.0141 (0.0141) CLoss: 0.0076 (0.0076) da_loss: 0.3125 (0.3125) dd_loss: 0.2757 (0.2757) Accu: 100.00
Test Epoch: 88
original feature:   Rank-1: 87.48% | Rank-5: 93.98% | Rank-10: 96.60%| Rank-20: 98.25%| mAP: 80.34%| mINP: 64.66%
feature after BN:   Rank-1: 90.05% | Rank-5: 95.15% | Rank-10: 97.04%| Rank-20: 98.35%| mAP: 84.49%| mINP: 70.95%
Best Epoch [87]
==> Preparing Data Loader...
Epoch: [89][0/85] Time: 0.473 (0.473) lr:0.011919 base_lr:0.001192Loss: 0.2664 (0.2664) iLoss: 0.0133 (0.0133) CLoss: 0.0001 (0.0001) da_loss: 0.2608 (0.2608) dd_loss: 0.2009 (0.2009) Accu: 100.00
Test Epoch: 89
original feature:   Rank-1: 87.14% | Rank-5: 93.79% | Rank-10: 96.31%| Rank-20: 98.20%| mAP: 80.29%| mINP: 64.65%
feature after BN:   Rank-1: 90.58% | Rank-5: 94.95% | Rank-10: 97.14%| Rank-20: 98.40%| mAP: 84.74%| mINP: 71.33%
Best Epoch [89]
==> Preparing Data Loader...
Epoch: [90][0/85] Time: 0.548 (0.548) lr:0.010728 base_lr:0.001073Loss: 0.3677 (0.3677) iLoss: 0.0180 (0.0180) CLoss: 0.0046 (0.0046) da_loss: 0.2565 (0.2565) dd_loss: 0.2938 (0.2938) Accu: 100.00
Test Epoch: 90
original feature:   Rank-1: 87.23% | Rank-5: 93.69% | Rank-10: 96.60%| Rank-20: 98.16%| mAP: 80.16%| mINP: 64.35%
feature after BN:   Rank-1: 90.00% | Rank-5: 95.10% | Rank-10: 97.14%| Rank-20: 98.54%| mAP: 84.62%| mINP: 71.36%
Best Epoch [89]
==> Preparing Data Loader...
Epoch: [91][0/85] Time: 0.441 (0.441) lr:0.009538 base_lr:0.000954Loss: 0.3760 (0.3760) iLoss: 0.0091 (0.0091) CLoss: 0.0002 (0.0002) da_loss: 0.2814 (0.2814) dd_loss: 0.3105 (0.3105) Accu: 100.00
Test Epoch: 91
original feature:   Rank-1: 87.48% | Rank-5: 93.88% | Rank-10: 96.41%| Rank-20: 98.20%| mAP: 80.07%| mINP: 64.27%
feature after BN:   Rank-1: 90.63% | Rank-5: 95.44% | Rank-10: 97.43%| Rank-20: 98.59%| mAP: 84.59%| mINP: 71.10%
Best Epoch [91]
==> Preparing Data Loader...
Epoch: [92][0/85] Time: 0.489 (0.489) lr:0.008347 base_lr:0.000835Loss: 0.6636 (0.6636) iLoss: 0.0227 (0.0227) CLoss: 0.0321 (0.0321) da_loss: 0.2854 (0.2854) dd_loss: 0.5518 (0.5518) Accu: 100.00
Test Epoch: 92
original feature:   Rank-1: 87.43% | Rank-5: 93.83% | Rank-10: 96.65%| Rank-20: 98.16%| mAP: 80.09%| mINP: 64.23%
feature after BN:   Rank-1: 90.19% | Rank-5: 95.29% | Rank-10: 97.18%| Rank-20: 98.54%| mAP: 84.76%| mINP: 71.74%
Best Epoch [91]
==> Preparing Data Loader...
Epoch: [93][0/85] Time: 0.460 (0.460) lr:0.007157 base_lr:0.000716Loss: 0.3031 (0.3031) iLoss: 0.0161 (0.0161) CLoss: 0.0029 (0.0029) da_loss: 0.2560 (0.2560) dd_loss: 0.2329 (0.2329) Accu: 100.00
Test Epoch: 93
original feature:   Rank-1: 87.43% | Rank-5: 93.98% | Rank-10: 96.55%| Rank-20: 98.45%| mAP: 80.43%| mINP: 64.87%
feature after BN:   Rank-1: 89.85% | Rank-5: 95.44% | Rank-10: 97.23%| Rank-20: 98.40%| mAP: 84.45%| mINP: 71.29%
Best Epoch [91]
==> Preparing Data Loader...
Epoch: [94][0/85] Time: 0.460 (0.460) lr:0.005966 base_lr:0.000597Loss: 0.2465 (0.2465) iLoss: 0.0122 (0.0122) CLoss: 0.0035 (0.0035) da_loss: 0.2335 (0.2335) dd_loss: 0.1840 (0.1840) Accu: 100.00
Test Epoch: 94
original feature:   Rank-1: 87.28% | Rank-5: 93.83% | Rank-10: 96.70%| Rank-20: 98.25%| mAP: 80.38%| mINP: 64.77%
feature after BN:   Rank-1: 90.63% | Rank-5: 95.53% | Rank-10: 97.33%| Rank-20: 98.54%| mAP: 84.94%| mINP: 71.69%
Best Epoch [91]
==> Preparing Data Loader...
Epoch: [95][0/85] Time: 0.480 (0.480) lr:0.004776 base_lr:0.000478Loss: 0.3801 (0.3801) iLoss: 0.0210 (0.0210) CLoss: 0.0054 (0.0054) da_loss: 0.2666 (0.2666) dd_loss: 0.3004 (0.3004) Accu: 100.00
Test Epoch: 95
original feature:   Rank-1: 87.09% | Rank-5: 93.79% | Rank-10: 96.65%| Rank-20: 98.25%| mAP: 80.32%| mINP: 64.58%
feature after BN:   Rank-1: 90.19% | Rank-5: 95.68% | Rank-10: 97.33%| Rank-20: 98.16%| mAP: 84.52%| mINP: 71.21%
Best Epoch [91]
==> Preparing Data Loader...
Epoch: [96][0/85] Time: 0.494 (0.494) lr:0.003585 base_lr:0.000359Loss: 0.3124 (0.3124) iLoss: 0.0055 (0.0055) CLoss: 0.0000 (0.0000) da_loss: 0.2470 (0.2470) dd_loss: 0.2576 (0.2576) Accu: 100.00
Test Epoch: 96
original feature:   Rank-1: 86.99% | Rank-5: 93.93% | Rank-10: 96.65%| Rank-20: 98.30%| mAP: 80.38%| mINP: 64.74%
feature after BN:   Rank-1: 90.49% | Rank-5: 95.24% | Rank-10: 97.18%| Rank-20: 98.45%| mAP: 85.04%| mINP: 71.93%
Best Epoch [91]
==> Preparing Data Loader...
Epoch: [97][0/85] Time: 0.472 (0.472) lr:0.002395 base_lr:0.000239Loss: 0.2227 (0.2227) iLoss: 0.0134 (0.0134) CLoss: 0.0004 (0.0004) da_loss: 0.2514 (0.2514) dd_loss: 0.1587 (0.1587) Accu: 100.00
Test Epoch: 97
original feature:   Rank-1: 87.33% | Rank-5: 93.79% | Rank-10: 96.75%| Rank-20: 98.30%| mAP: 80.37%| mINP: 64.73%
feature after BN:   Rank-1: 90.44% | Rank-5: 95.34% | Rank-10: 97.04%| Rank-20: 98.50%| mAP: 84.70%| mINP: 71.76%
Best Epoch [91]
==> Preparing Data Loader...
Epoch: [98][0/85] Time: 0.480 (0.480) lr:0.001204 base_lr:0.000120Loss: 0.3616 (0.3616) iLoss: 0.0289 (0.0289) CLoss: 0.0167 (0.0167) da_loss: 0.2510 (0.2510) dd_loss: 0.2657 (0.2657) Accu: 100.00
Test Epoch: 98
original feature:   Rank-1: 87.52% | Rank-5: 93.69% | Rank-10: 96.46%| Rank-20: 98.30%| mAP: 80.35%| mINP: 64.55%
feature after BN:   Rank-1: 89.95% | Rank-5: 95.29% | Rank-10: 97.14%| Rank-20: 98.45%| mAP: 84.68%| mINP: 71.58%
Best Epoch [91]
==> Preparing Data Loader...
Epoch: [99][0/85] Time: 0.492 (0.492) lr:0.000014 base_lr:0.000001Loss: 0.2410 (0.2410) iLoss: 0.0085 (0.0085) CLoss: 0.0057 (0.0057) da_loss: 0.2341 (0.2341) dd_loss: 0.1799 (0.1799) Accu: 100.00
Test Epoch: 99
original feature:   Rank-1: 86.99% | Rank-5: 93.79% | Rank-10: 96.36%| Rank-20: 98.11%| mAP: 80.09%| mINP: 64.10%
feature after BN:   Rank-1: 90.24% | Rank-5: 95.73% | Rank-10: 97.38%| Rank-20: 98.45%| mAP: 84.65%| mINP: 70.90%
Best Epoch [91]
==========
Args:Namespace(batch_size=6, dataset='regdb', decay_step=16, dim=2048, gpu='0,1,2,3', img_h=288, img_w=144, log_path='log/', lr=0.1, lr_multipliers=[0.1, 0.2, 0.25, 1.0, 1.0, 1.0], margin=0.5, max_epoch=100, mode='all', model_path='save_model/', noticed='RegDB', num_pos=4, pool_dim=2048, rerank='no', save_epoch=1000, seed=0, test_batch=64, trial=3, tta=False, warm_up_epoch=8, workers=4)
==========
==> Loading data..
data init success!
==> Building model..
==> Building success!..
==> Start Training...
==> Preparing Data Loader...
Epoch: [0][0/85] Time: 4.920 (4.920) lr:0.006186 base_lr:0.000619Loss: 12.4346 (12.4346) iLoss: 5.3382 (5.3382) CLoss: 1.1760 (1.1760) da_loss: 0.7499 (0.7499) dd_loss: 5.7705 (5.7705) Accu: 4.17
Test Epoch: 0
original feature:   Rank-1: 2.72% | Rank-5: 8.45% | Rank-10: 13.11%| Rank-20: 19.76%| mAP: 3.63%| mINP: 1.75%
feature after BN:   Rank-1: 3.20% | Rank-5: 7.72% | Rank-10: 11.50%| Rank-20: 16.17%| mAP: 3.63%| mINP: 1.89%
Best Epoch [0]
==> Preparing Data Loader...
Epoch: [1][0/85] Time: 0.485 (0.485) lr:0.012435 base_lr:0.001244Loss: 9.1334 (9.1334) iLoss: 3.1017 (3.1017) CLoss: 0.9730 (0.9730) da_loss: 0.6022 (0.6022) dd_loss: 4.9383 (4.9383) Accu: 37.50
Test Epoch: 1
original feature:   Rank-1: 10.97% | Rank-5: 22.91% | Rank-10: 31.55%| Rank-20: 41.02%| mAP: 10.49%| mINP: 4.75%
feature after BN:   Rank-1: 10.24% | Rank-5: 20.53% | Rank-10: 28.25%| Rank-20: 41.12%| mAP: 10.52%| mINP: 5.10%
Best Epoch [1]
==> Preparing Data Loader...
Epoch: [2][0/85] Time: 0.463 (0.463) lr:0.018685 base_lr:0.001868Loss: 6.8554 (6.8554) iLoss: 1.4482 (1.4482) CLoss: 0.8893 (0.8893) da_loss: 0.6133 (0.6133) dd_loss: 4.3953 (4.3953) Accu: 64.58
Test Epoch: 2
original feature:   Rank-1: 16.75% | Rank-5: 31.60% | Rank-10: 41.21%| Rank-20: 51.60%| mAP: 14.98%| mINP: 6.06%
feature after BN:   Rank-1: 19.13% | Rank-5: 33.83% | Rank-10: 43.20%| Rank-20: 54.22%| mAP: 17.15%| mINP: 7.76%
Best Epoch [2]
==> Preparing Data Loader...
Epoch: [3][0/85] Time: 0.498 (0.498) lr:0.024934 base_lr:0.002493Loss: 7.8328 (7.8328) iLoss: 2.5487 (2.5487) CLoss: 0.7971 (0.7971) da_loss: 0.5344 (0.5344) dd_loss: 4.3802 (4.3802) Accu: 43.75
Test Epoch: 3
original feature:   Rank-1: 14.13% | Rank-5: 26.46% | Rank-10: 35.29%| Rank-20: 43.20%| mAP: 12.98%| mINP: 6.30%
feature after BN:   Rank-1: 15.63% | Rank-5: 26.99% | Rank-10: 36.80%| Rank-20: 45.78%| mAP: 13.81%| mINP: 6.94%
Best Epoch [2]
==> Preparing Data Loader...
Epoch: [4][0/85] Time: 0.465 (0.465) lr:0.031183 base_lr:0.003118Loss: 6.1892 (6.1892) iLoss: 1.1783 (1.1783) CLoss: 0.7815 (0.7815) da_loss: 0.6687 (0.6687) dd_loss: 4.0957 (4.0957) Accu: 68.75
Test Epoch: 4
original feature:   Rank-1: 17.72% | Rank-5: 30.68% | Rank-10: 37.43%| Rank-20: 46.99%| mAP: 16.43%| mINP: 8.66%
feature after BN:   Rank-1: 22.91% | Rank-5: 36.12% | Rank-10: 43.79%| Rank-20: 52.62%| mAP: 20.88%| mINP: 11.47%
Best Epoch [4]
==> Preparing Data Loader...
Epoch: [5][0/85] Time: 0.541 (0.541) lr:0.037433 base_lr:0.003743Loss: 7.5948 (7.5948) iLoss: 2.5573 (2.5573) CLoss: 0.7353 (0.7353) da_loss: 0.6379 (0.6379) dd_loss: 4.1746 (4.1746) Accu: 54.17
Test Epoch: 5
original feature:   Rank-1: 16.75% | Rank-5: 30.05% | Rank-10: 38.59%| Rank-20: 50.63%| mAP: 14.65%| mINP: 6.40%
feature after BN:   Rank-1: 18.35% | Rank-5: 32.57% | Rank-10: 42.77%| Rank-20: 53.74%| mAP: 16.38%| mINP: 7.64%
Best Epoch [4]
==> Preparing Data Loader...
Epoch: [6][0/85] Time: 0.466 (0.466) lr:0.043682 base_lr:0.004368Loss: 7.3539 (7.3539) iLoss: 2.8117 (2.8117) CLoss: 0.7574 (0.7574) da_loss: 0.7501 (0.7501) dd_loss: 3.6348 (3.6348) Accu: 56.25
Test Epoch: 6
original feature:   Rank-1: 24.13% | Rank-5: 39.95% | Rank-10: 48.69%| Rank-20: 58.16%| mAP: 18.56%| mINP: 7.84%
feature after BN:   Rank-1: 33.01% | Rank-5: 48.40% | Rank-10: 58.79%| Rank-20: 67.82%| mAP: 26.12%| mINP: 12.46%
Best Epoch [6]
==> Preparing Data Loader...
Epoch: [7][0/85] Time: 0.484 (0.484) lr:0.049931 base_lr:0.004993Loss: 7.7150 (7.7150) iLoss: 1.9583 (1.9583) CLoss: 0.7686 (0.7686) da_loss: 0.7624 (0.7624) dd_loss: 4.8357 (4.8357) Accu: 64.58
Test Epoch: 7
original feature:   Rank-1: 32.09% | Rank-5: 45.39% | Rank-10: 53.69%| Rank-20: 62.09%| mAP: 23.11%| mINP: 9.26%
feature after BN:   Rank-1: 45.19% | Rank-5: 59.81% | Rank-10: 67.48%| Rank-20: 75.39%| mAP: 37.40%| mINP: 21.46%
Best Epoch [7]
==> Preparing Data Loader...
Epoch: [8][0/85] Time: 0.486 (0.486) lr:0.056181 base_lr:0.005618Loss: 7.1863 (7.1863) iLoss: 0.7323 (0.7323) CLoss: 0.7546 (0.7546) da_loss: 0.7073 (0.7073) dd_loss: 5.5579 (5.5579) Accu: 77.08
Test Epoch: 8
original feature:   Rank-1: 31.99% | Rank-5: 45.39% | Rank-10: 53.54%| Rank-20: 60.39%| mAP: 25.56%| mINP: 12.96%
feature after BN:   Rank-1: 40.00% | Rank-5: 51.80% | Rank-10: 59.85%| Rank-20: 68.88%| mAP: 33.37%| mINP: 18.20%
Best Epoch [7]
==> Preparing Data Loader...
Epoch: [9][0/85] Time: 0.498 (0.498) lr:0.062430 base_lr:0.006243Loss: 6.2478 (6.2478) iLoss: 0.7736 (0.7736) CLoss: 0.7919 (0.7919) da_loss: 0.8018 (0.8018) dd_loss: 4.5220 (4.5220) Accu: 81.25
Test Epoch: 9
original feature:   Rank-1: 53.98% | Rank-5: 67.82% | Rank-10: 74.56%| Rank-20: 79.56%| mAP: 43.42%| mINP: 22.79%
feature after BN:   Rank-1: 58.01% | Rank-5: 73.16% | Rank-10: 79.08%| Rank-20: 83.98%| mAP: 47.98%| mINP: 27.76%
Best Epoch [9]
==> Preparing Data Loader...
Epoch: [10][0/85] Time: 0.502 (0.502) lr:0.068680 base_lr:0.006868Loss: 5.4796 (5.4796) iLoss: 0.5452 (0.5452) CLoss: 0.5174 (0.5174) da_loss: 0.6913 (0.6913) dd_loss: 4.2787 (4.2787) Accu: 87.50
Test Epoch: 10
original feature:   Rank-1: 61.12% | Rank-5: 72.38% | Rank-10: 78.59%| Rank-20: 83.93%| mAP: 51.48%| mINP: 32.93%
feature after BN:   Rank-1: 65.15% | Rank-5: 75.19% | Rank-10: 80.97%| Rank-20: 86.84%| mAP: 55.55%| mINP: 36.64%
Best Epoch [10]
==> Preparing Data Loader...
Epoch: [11][0/85] Time: 0.501 (0.501) lr:0.074929 base_lr:0.007493Loss: 2.5397 (2.5397) iLoss: 0.1608 (0.1608) CLoss: 0.3661 (0.3661) da_loss: 0.6145 (0.6145) dd_loss: 1.8898 (1.8898) Accu: 95.83
Test Epoch: 11
original feature:   Rank-1: 69.61% | Rank-5: 82.82% | Rank-10: 87.04%| Rank-20: 91.80%| mAP: 60.37%| mINP: 39.76%
feature after BN:   Rank-1: 76.07% | Rank-5: 87.04% | Rank-10: 90.78%| Rank-20: 95.10%| mAP: 66.84%| mINP: 46.45%
Best Epoch [11]
==> Preparing Data Loader...
Epoch: [12][0/85] Time: 0.525 (0.525) lr:0.081178 base_lr:0.008118Loss: 2.0264 (2.0264) iLoss: 0.0635 (0.0635) CLoss: 0.1902 (0.1902) da_loss: 0.6143 (0.6143) dd_loss: 1.6499 (1.6499) Accu: 100.00
Test Epoch: 12
original feature:   Rank-1: 75.29% | Rank-5: 86.84% | Rank-10: 90.53%| Rank-20: 94.51%| mAP: 67.03%| mINP: 46.67%
feature after BN:   Rank-1: 78.64% | Rank-5: 88.79% | Rank-10: 92.82%| Rank-20: 96.26%| mAP: 70.69%| mINP: 52.15%
Best Epoch [12]
==> Preparing Data Loader...
Epoch: [13][0/85] Time: 0.518 (0.518) lr:0.087428 base_lr:0.008743Loss: 2.0126 (2.0126) iLoss: 0.3028 (0.3028) CLoss: 0.1890 (0.1890) da_loss: 0.5972 (0.5972) dd_loss: 1.4013 (1.4013) Accu: 91.67
Test Epoch: 13
original feature:   Rank-1: 77.14% | Rank-5: 87.67% | Rank-10: 92.28%| Rank-20: 95.24%| mAP: 67.34%| mINP: 46.95%
feature after BN:   Rank-1: 81.26% | Rank-5: 90.78% | Rank-10: 94.56%| Rank-20: 97.62%| mAP: 72.58%| mINP: 53.84%
Best Epoch [13]
==> Preparing Data Loader...
Epoch: [14][0/85] Time: 0.547 (0.547) lr:0.093677 base_lr:0.009368Loss: 2.1833 (2.1833) iLoss: 0.2531 (0.2531) CLoss: 0.0862 (0.0862) da_loss: 0.5860 (0.5860) dd_loss: 1.7268 (1.7268) Accu: 91.67
Test Epoch: 14
original feature:   Rank-1: 77.67% | Rank-5: 85.49% | Rank-10: 89.47%| Rank-20: 93.50%| mAP: 68.52%| mINP: 49.03%
feature after BN:   Rank-1: 79.56% | Rank-5: 88.74% | Rank-10: 92.77%| Rank-20: 95.78%| mAP: 71.86%| mINP: 53.79%
Best Epoch [13]
==> Preparing Data Loader...
Epoch: [15][0/85] Time: 0.480 (0.480) lr:0.099926 base_lr:0.009993Loss: 1.4380 (1.4380) iLoss: 0.0235 (0.0235) CLoss: 0.1010 (0.1010) da_loss: 0.6054 (0.6054) dd_loss: 1.1924 (1.1924) Accu: 100.00
Test Epoch: 15
original feature:   Rank-1: 78.83% | Rank-5: 88.83% | Rank-10: 92.38%| Rank-20: 95.63%| mAP: 68.51%| mINP: 47.49%
feature after BN:   Rank-1: 81.70% | Rank-5: 91.07% | Rank-10: 95.39%| Rank-20: 98.01%| mAP: 73.78%| mINP: 54.78%
Best Epoch [15]
==> Preparing Data Loader...
Epoch: [16][0/85] Time: 0.518 (0.518) lr:0.098824 base_lr:0.009882Loss: 2.0886 (2.0886) iLoss: 0.0178 (0.0178) CLoss: 0.0406 (0.0406) da_loss: 0.5972 (0.5972) dd_loss: 1.9107 (1.9107) Accu: 100.00
Test Epoch: 16
original feature:   Rank-1: 77.28% | Rank-5: 88.20% | Rank-10: 91.60%| Rank-20: 94.90%| mAP: 67.82%| mINP: 46.50%
feature after BN:   Rank-1: 80.00% | Rank-5: 89.08% | Rank-10: 93.25%| Rank-20: 96.12%| mAP: 72.60%| mINP: 53.55%
Best Epoch [15]
==> Preparing Data Loader...
Epoch: [17][0/85] Time: 0.450 (0.450) lr:0.097633 base_lr:0.009763Loss: 2.0070 (2.0070) iLoss: 0.1419 (0.1419) CLoss: 0.0945 (0.0945) da_loss: 0.5857 (0.5857) dd_loss: 1.6534 (1.6534) Accu: 97.92
Test Epoch: 17
original feature:   Rank-1: 76.80% | Rank-5: 86.55% | Rank-10: 90.39%| Rank-20: 93.74%| mAP: 67.71%| mINP: 47.56%
feature after BN:   Rank-1: 82.57% | Rank-5: 88.83% | Rank-10: 93.25%| Rank-20: 96.21%| mAP: 74.27%| mINP: 56.38%
Best Epoch [17]
==> Preparing Data Loader...
Epoch: [18][0/85] Time: 0.528 (0.528) lr:0.096443 base_lr:0.009644Loss: 0.8935 (0.8935) iLoss: 0.0351 (0.0351) CLoss: 0.0083 (0.0083) da_loss: 0.5065 (0.5065) dd_loss: 0.7488 (0.7488) Accu: 97.92
Test Epoch: 18
original feature:   Rank-1: 74.66% | Rank-5: 85.83% | Rank-10: 90.39%| Rank-20: 92.91%| mAP: 64.47%| mINP: 43.23%
feature after BN:   Rank-1: 80.63% | Rank-5: 89.32% | Rank-10: 92.96%| Rank-20: 96.50%| mAP: 72.91%| mINP: 54.11%
Best Epoch [17]
==> Preparing Data Loader...
Epoch: [19][0/85] Time: 0.435 (0.435) lr:0.095252 base_lr:0.009525Loss: 0.9354 (0.9354) iLoss: 0.0698 (0.0698) CLoss: 0.0672 (0.0672) da_loss: 0.5308 (0.5308) dd_loss: 0.6921 (0.6921) Accu: 100.00
Test Epoch: 19
original feature:   Rank-1: 79.51% | Rank-5: 89.27% | Rank-10: 93.45%| Rank-20: 95.68%| mAP: 69.83%| mINP: 49.20%
feature after BN:   Rank-1: 84.22% | Rank-5: 91.94% | Rank-10: 95.10%| Rank-20: 98.06%| mAP: 76.73%| mINP: 58.69%
Best Epoch [19]
==> Preparing Data Loader...
Epoch: [20][0/85] Time: 0.479 (0.479) lr:0.094062 base_lr:0.009406Loss: 1.5076 (1.5076) iLoss: 0.0270 (0.0270) CLoss: 0.0699 (0.0699) da_loss: 0.5593 (0.5593) dd_loss: 1.2989 (1.2989) Accu: 100.00
Test Epoch: 20
original feature:   Rank-1: 79.76% | Rank-5: 89.13% | Rank-10: 91.89%| Rank-20: 95.44%| mAP: 69.72%| mINP: 48.99%
feature after BN:   Rank-1: 84.85% | Rank-5: 93.25% | Rank-10: 95.87%| Rank-20: 98.01%| mAP: 77.74%| mINP: 59.82%
Best Epoch [20]
==> Preparing Data Loader...
Epoch: [21][0/85] Time: 0.525 (0.525) lr:0.092871 base_lr:0.009287Loss: 2.1284 (2.1284) iLoss: 0.1068 (0.1068) CLoss: 0.0194 (0.0194) da_loss: 0.5203 (0.5203) dd_loss: 1.8981 (1.8981) Accu: 97.92
Test Epoch: 21
original feature:   Rank-1: 80.39% | Rank-5: 89.51% | Rank-10: 92.33%| Rank-20: 95.63%| mAP: 70.56%| mINP: 48.68%
feature after BN:   Rank-1: 83.74% | Rank-5: 91.89% | Rank-10: 95.34%| Rank-20: 97.86%| mAP: 76.31%| mINP: 59.10%
Best Epoch [20]
==> Preparing Data Loader...
Epoch: [22][0/85] Time: 0.466 (0.466) lr:0.091681 base_lr:0.009168Loss: 0.9768 (0.9768) iLoss: 0.0528 (0.0528) CLoss: 0.0260 (0.0260) da_loss: 0.5061 (0.5061) dd_loss: 0.7968 (0.7968) Accu: 100.00
Test Epoch: 22
original feature:   Rank-1: 78.64% | Rank-5: 88.06% | Rank-10: 92.62%| Rank-20: 95.49%| mAP: 69.34%| mINP: 49.32%
feature after BN:   Rank-1: 83.25% | Rank-5: 92.14% | Rank-10: 94.85%| Rank-20: 97.77%| mAP: 75.68%| mINP: 58.22%
Best Epoch [20]
==> Preparing Data Loader...
Epoch: [23][0/85] Time: 0.456 (0.456) lr:0.090490 base_lr:0.009049Loss: 1.1295 (1.1295) iLoss: 0.0553 (0.0553) CLoss: 0.0107 (0.0107) da_loss: 0.4905 (0.4905) dd_loss: 0.9655 (0.9655) Accu: 100.00
Test Epoch: 23
original feature:   Rank-1: 73.93% | Rank-5: 85.29% | Rank-10: 89.37%| Rank-20: 93.40%| mAP: 63.96%| mINP: 43.91%
feature after BN:   Rank-1: 77.33% | Rank-5: 87.96% | Rank-10: 92.43%| Rank-20: 95.92%| mAP: 70.68%| mINP: 53.59%
Best Epoch [20]
==> Preparing Data Loader...
Epoch: [24][0/85] Time: 0.540 (0.540) lr:0.089300 base_lr:0.008930Loss: 1.9886 (1.9886) iLoss: 0.0452 (0.0452) CLoss: 0.0586 (0.0586) da_loss: 0.6166 (0.6166) dd_loss: 1.7615 (1.7615) Accu: 100.00
Test Epoch: 24
original feature:   Rank-1: 75.83% | Rank-5: 86.07% | Rank-10: 90.00%| Rank-20: 93.54%| mAP: 65.71%| mINP: 44.01%
feature after BN:   Rank-1: 80.05% | Rank-5: 90.68% | Rank-10: 94.61%| Rank-20: 97.28%| mAP: 73.36%| mINP: 55.23%
Best Epoch [20]
==> Preparing Data Loader...
Epoch: [25][0/85] Time: 0.503 (0.503) lr:0.088109 base_lr:0.008811Loss: 1.0704 (1.0704) iLoss: 0.0525 (0.0525) CLoss: 0.0315 (0.0315) da_loss: 0.5403 (0.5403) dd_loss: 0.8783 (0.8783) Accu: 100.00
Test Epoch: 25
original feature:   Rank-1: 77.57% | Rank-5: 88.98% | Rank-10: 92.57%| Rank-20: 94.81%| mAP: 68.04%| mINP: 47.52%
feature after BN:   Rank-1: 81.70% | Rank-5: 90.87% | Rank-10: 94.61%| Rank-20: 97.67%| mAP: 74.12%| mINP: 56.45%
Best Epoch [20]
==> Preparing Data Loader...
Epoch: [26][0/85] Time: 0.456 (0.456) lr:0.086919 base_lr:0.008692Loss: 0.7300 (0.7300) iLoss: 0.0276 (0.0276) CLoss: 0.0346 (0.0346) da_loss: 0.5192 (0.5192) dd_loss: 0.5640 (0.5640) Accu: 100.00
Test Epoch: 26
original feature:   Rank-1: 79.13% | Rank-5: 89.66% | Rank-10: 92.72%| Rank-20: 96.17%| mAP: 70.62%| mINP: 49.47%
feature after BN:   Rank-1: 82.18% | Rank-5: 90.44% | Rank-10: 94.32%| Rank-20: 96.94%| mAP: 76.29%| mINP: 59.32%
Best Epoch [20]
==> Preparing Data Loader...
Epoch: [27][0/85] Time: 0.513 (0.513) lr:0.085728 base_lr:0.008573Loss: 1.1557 (1.1557) iLoss: 0.0483 (0.0483) CLoss: 0.0235 (0.0235) da_loss: 0.5230 (0.5230) dd_loss: 0.9793 (0.9793) Accu: 100.00
Test Epoch: 27
original feature:   Rank-1: 74.66% | Rank-5: 87.14% | Rank-10: 90.97%| Rank-20: 94.27%| mAP: 67.22%| mINP: 48.03%
feature after BN:   Rank-1: 79.61% | Rank-5: 88.69% | Rank-10: 92.48%| Rank-20: 96.26%| mAP: 72.63%| mINP: 55.56%
Best Epoch [20]
==> Preparing Data Loader...
Epoch: [28][0/85] Time: 0.464 (0.464) lr:0.084538 base_lr:0.008454Loss: 1.1434 (1.1434) iLoss: 0.1152 (0.1152) CLoss: 0.0290 (0.0290) da_loss: 0.6089 (0.6089) dd_loss: 0.8773 (0.8773) Accu: 97.92
Test Epoch: 28
original feature:   Rank-1: 81.07% | Rank-5: 89.85% | Rank-10: 93.88%| Rank-20: 96.41%| mAP: 70.95%| mINP: 50.92%
feature after BN:   Rank-1: 83.88% | Rank-5: 92.18% | Rank-10: 95.05%| Rank-20: 97.62%| mAP: 75.63%| mINP: 57.69%
Best Epoch [20]
==> Preparing Data Loader...
Epoch: [29][0/85] Time: 0.450 (0.450) lr:0.083347 base_lr:0.008335Loss: 0.8790 (0.8790) iLoss: 0.0433 (0.0433) CLoss: 0.0785 (0.0785) da_loss: 0.5186 (0.5186) dd_loss: 0.6535 (0.6535) Accu: 100.00
Test Epoch: 29
original feature:   Rank-1: 80.78% | Rank-5: 90.49% | Rank-10: 93.16%| Rank-20: 95.24%| mAP: 71.49%| mINP: 52.33%
feature after BN:   Rank-1: 84.90% | Rank-5: 92.28% | Rank-10: 95.19%| Rank-20: 96.80%| mAP: 77.90%| mINP: 61.47%
Best Epoch [29]
==> Preparing Data Loader...
Epoch: [30][0/85] Time: 0.512 (0.512) lr:0.082157 base_lr:0.008216Loss: 0.6720 (0.6720) iLoss: 0.0380 (0.0380) CLoss: 0.0464 (0.0464) da_loss: 0.5012 (0.5012) dd_loss: 0.4873 (0.4873) Accu: 100.00
Test Epoch: 30
original feature:   Rank-1: 78.16% | Rank-5: 89.32% | Rank-10: 93.06%| Rank-20: 95.39%| mAP: 69.52%| mINP: 49.97%
feature after BN:   Rank-1: 84.08% | Rank-5: 92.28% | Rank-10: 95.44%| Rank-20: 97.82%| mAP: 76.94%| mINP: 60.61%
Best Epoch [29]
==> Preparing Data Loader...
Epoch: [31][0/85] Time: 0.481 (0.481) lr:0.080966 base_lr:0.008097Loss: 1.1706 (1.1706) iLoss: 0.0520 (0.0520) CLoss: 0.0327 (0.0327) da_loss: 0.5339 (0.5339) dd_loss: 0.9791 (0.9791) Accu: 100.00
Test Epoch: 31
original feature:   Rank-1: 80.44% | Rank-5: 90.19% | Rank-10: 94.13%| Rank-20: 97.09%| mAP: 72.71%| mINP: 54.64%
feature after BN:   Rank-1: 83.54% | Rank-5: 91.65% | Rank-10: 94.76%| Rank-20: 97.43%| mAP: 78.43%| mINP: 63.20%
Best Epoch [29]
==> Preparing Data Loader...
Epoch: [32][0/85] Time: 0.483 (0.483) lr:0.079776 base_lr:0.007978Loss: 0.8699 (0.8699) iLoss: 0.0672 (0.0672) CLoss: 0.0404 (0.0404) da_loss: 0.5096 (0.5096) dd_loss: 0.6604 (0.6604) Accu: 100.00
Test Epoch: 32
original feature:   Rank-1: 81.26% | Rank-5: 91.12% | Rank-10: 94.22%| Rank-20: 96.65%| mAP: 72.57%| mINP: 52.03%
feature after BN:   Rank-1: 86.17% | Rank-5: 94.08% | Rank-10: 96.36%| Rank-20: 97.62%| mAP: 79.62%| mINP: 63.21%
Best Epoch [32]
==> Preparing Data Loader...
Epoch: [33][0/85] Time: 0.466 (0.466) lr:0.078585 base_lr:0.007859Loss: 0.6361 (0.6361) iLoss: 0.0311 (0.0311) CLoss: 0.0186 (0.0186) da_loss: 0.4767 (0.4767) dd_loss: 0.4911 (0.4911) Accu: 100.00
Test Epoch: 33
original feature:   Rank-1: 79.71% | Rank-5: 90.05% | Rank-10: 94.17%| Rank-20: 96.31%| mAP: 71.94%| mINP: 52.23%
feature after BN:   Rank-1: 85.34% | Rank-5: 92.77% | Rank-10: 95.83%| Rank-20: 97.86%| mAP: 78.34%| mINP: 62.18%
Best Epoch [32]
==> Preparing Data Loader...
Epoch: [34][0/85] Time: 0.485 (0.485) lr:0.077395 base_lr:0.007739Loss: 0.3927 (0.3927) iLoss: 0.0232 (0.0232) CLoss: 0.0123 (0.0123) da_loss: 0.4906 (0.4906) dd_loss: 0.2591 (0.2591) Accu: 100.00
Test Epoch: 34
original feature:   Rank-1: 81.99% | Rank-5: 91.70% | Rank-10: 94.90%| Rank-20: 96.94%| mAP: 73.35%| mINP: 52.53%
feature after BN:   Rank-1: 86.07% | Rank-5: 93.06% | Rank-10: 96.26%| Rank-20: 98.11%| mAP: 80.11%| mINP: 63.86%
Best Epoch [32]
==> Preparing Data Loader...
Epoch: [35][0/85] Time: 0.473 (0.473) lr:0.076204 base_lr:0.007620Loss: 0.5319 (0.5319) iLoss: 0.0342 (0.0342) CLoss: 0.0034 (0.0034) da_loss: 0.4297 (0.4297) dd_loss: 0.4083 (0.4083) Accu: 100.00
Test Epoch: 35
original feature:   Rank-1: 83.11% | Rank-5: 91.94% | Rank-10: 94.42%| Rank-20: 96.99%| mAP: 73.01%| mINP: 51.59%
feature after BN:   Rank-1: 85.49% | Rank-5: 93.45% | Rank-10: 96.12%| Rank-20: 97.96%| mAP: 78.81%| mINP: 61.72%
Best Epoch [32]
==> Preparing Data Loader...
Epoch: [36][0/85] Time: 0.436 (0.436) lr:0.075014 base_lr:0.007501Loss: 1.0096 (1.0096) iLoss: 0.0376 (0.0376) CLoss: 0.0204 (0.0204) da_loss: 0.4596 (0.4596) dd_loss: 0.8597 (0.8597) Accu: 100.00
Test Epoch: 36
original feature:   Rank-1: 79.61% | Rank-5: 90.10% | Rank-10: 93.16%| Rank-20: 95.63%| mAP: 68.34%| mINP: 45.81%
feature after BN:   Rank-1: 85.39% | Rank-5: 91.36% | Rank-10: 94.13%| Rank-20: 96.80%| mAP: 77.29%| mINP: 59.52%
Best Epoch [32]
==> Preparing Data Loader...
Epoch: [37][0/85] Time: 0.481 (0.481) lr:0.073824 base_lr:0.007382Loss: 1.2679 (1.2679) iLoss: 0.0601 (0.0601) CLoss: 0.0418 (0.0418) da_loss: 0.5250 (0.5250) dd_loss: 1.0611 (1.0611) Accu: 100.00
Test Epoch: 37
original feature:   Rank-1: 84.61% | Rank-5: 94.22% | Rank-10: 96.02%| Rank-20: 97.96%| mAP: 74.42%| mINP: 54.04%
feature after BN:   Rank-1: 88.06% | Rank-5: 94.51% | Rank-10: 96.89%| Rank-20: 98.69%| mAP: 81.20%| mINP: 65.33%
Best Epoch [37]
==> Preparing Data Loader...
Epoch: [38][0/85] Time: 0.500 (0.500) lr:0.072633 base_lr:0.007263Loss: 0.5337 (0.5337) iLoss: 0.0399 (0.0399) CLoss: 0.0162 (0.0162) da_loss: 0.4413 (0.4413) dd_loss: 0.3893 (0.3893) Accu: 100.00
Test Epoch: 38
original feature:   Rank-1: 84.47% | Rank-5: 92.09% | Rank-10: 95.24%| Rank-20: 96.99%| mAP: 74.12%| mINP: 52.96%
feature after BN:   Rank-1: 84.95% | Rank-5: 92.28% | Rank-10: 95.63%| Rank-20: 97.67%| mAP: 78.01%| mINP: 61.78%
Best Epoch [37]
==> Preparing Data Loader...
Epoch: [39][0/85] Time: 0.483 (0.483) lr:0.071443 base_lr:0.007144Loss: 0.6912 (0.6912) iLoss: 0.0223 (0.0223) CLoss: 0.0110 (0.0110) da_loss: 0.4687 (0.4687) dd_loss: 0.5641 (0.5641) Accu: 100.00
Test Epoch: 39
original feature:   Rank-1: 80.63% | Rank-5: 90.15% | Rank-10: 94.08%| Rank-20: 96.31%| mAP: 70.58%| mINP: 50.05%
feature after BN:   Rank-1: 84.22% | Rank-5: 91.89% | Rank-10: 95.44%| Rank-20: 98.01%| mAP: 78.00%| mINP: 61.09%
Best Epoch [37]
==> Preparing Data Loader...
Epoch: [40][0/85] Time: 0.492 (0.492) lr:0.070252 base_lr:0.007025Loss: 0.7980 (0.7980) iLoss: 0.0280 (0.0280) CLoss: 0.0235 (0.0235) da_loss: 0.4858 (0.4858) dd_loss: 0.6493 (0.6493) Accu: 100.00
Test Epoch: 40
original feature:   Rank-1: 80.05% | Rank-5: 89.61% | Rank-10: 94.22%| Rank-20: 96.94%| mAP: 69.69%| mINP: 47.53%
feature after BN:   Rank-1: 86.60% | Rank-5: 94.42% | Rank-10: 97.09%| Rank-20: 98.88%| mAP: 79.55%| mINP: 62.27%
Best Epoch [37]
==> Preparing Data Loader...
Epoch: [41][0/85] Time: 0.485 (0.485) lr:0.069062 base_lr:0.006906Loss: 0.5178 (0.5178) iLoss: 0.0231 (0.0231) CLoss: 0.0409 (0.0409) da_loss: 0.5227 (0.5227) dd_loss: 0.3493 (0.3493) Accu: 100.00
Test Epoch: 41
original feature:   Rank-1: 82.52% | Rank-5: 91.12% | Rank-10: 94.42%| Rank-20: 96.31%| mAP: 70.77%| mINP: 49.80%
feature after BN:   Rank-1: 83.45% | Rank-5: 92.04% | Rank-10: 95.53%| Rank-20: 97.62%| mAP: 77.25%| mINP: 60.35%
Best Epoch [37]
==> Preparing Data Loader...
Epoch: [42][0/85] Time: 0.454 (0.454) lr:0.067871 base_lr:0.006787Loss: 0.8933 (0.8933) iLoss: 0.0992 (0.0992) CLoss: 0.0297 (0.0297) da_loss: 0.4955 (0.4955) dd_loss: 0.6653 (0.6653) Accu: 97.92
Test Epoch: 42
original feature:   Rank-1: 78.79% | Rank-5: 88.30% | Rank-10: 93.16%| Rank-20: 96.75%| mAP: 68.03%| mINP: 45.63%
feature after BN:   Rank-1: 84.27% | Rank-5: 92.67% | Rank-10: 96.12%| Rank-20: 98.25%| mAP: 77.74%| mINP: 60.08%
Best Epoch [37]
==> Preparing Data Loader...
Epoch: [43][0/85] Time: 0.463 (0.463) lr:0.066681 base_lr:0.006668Loss: 1.4512 (1.4512) iLoss: 0.0488 (0.0488) CLoss: 0.0411 (0.0411) da_loss: 0.4876 (0.4876) dd_loss: 1.2638 (1.2638) Accu: 100.00
Test Epoch: 43
original feature:   Rank-1: 83.59% | Rank-5: 92.62% | Rank-10: 95.58%| Rank-20: 96.94%| mAP: 73.67%| mINP: 52.10%
feature after BN:   Rank-1: 86.41% | Rank-5: 94.42% | Rank-10: 96.31%| Rank-20: 98.40%| mAP: 79.81%| mINP: 63.10%
Best Epoch [37]
==> Preparing Data Loader...
Epoch: [44][0/85] Time: 0.533 (0.533) lr:0.065490 base_lr:0.006549Loss: 1.1919 (1.1919) iLoss: 0.0990 (0.0990) CLoss: 0.0132 (0.0132) da_loss: 0.4751 (0.4751) dd_loss: 0.9846 (0.9846) Accu: 97.92
Test Epoch: 44
original feature:   Rank-1: 79.56% | Rank-5: 88.69% | Rank-10: 91.65%| Rank-20: 94.42%| mAP: 69.89%| mINP: 51.28%
feature after BN:   Rank-1: 85.53% | Rank-5: 91.89% | Rank-10: 94.22%| Rank-20: 96.94%| mAP: 78.55%| mINP: 62.59%
Best Epoch [37]
==> Preparing Data Loader...
Epoch: [45][0/85] Time: 0.484 (0.484) lr:0.064300 base_lr:0.006430Loss: 0.6736 (0.6736) iLoss: 0.0589 (0.0589) CLoss: 0.0367 (0.0367) da_loss: 0.4672 (0.4672) dd_loss: 0.4845 (0.4845) Accu: 100.00
Test Epoch: 45
original feature:   Rank-1: 83.98% | Rank-5: 92.28% | Rank-10: 94.61%| Rank-20: 96.70%| mAP: 73.33%| mINP: 52.09%
feature after BN:   Rank-1: 86.80% | Rank-5: 94.27% | Rank-10: 96.31%| Rank-20: 98.30%| mAP: 79.66%| mINP: 63.23%
Best Epoch [37]
==> Preparing Data Loader...
Epoch: [46][0/85] Time: 0.449 (0.449) lr:0.063109 base_lr:0.006311Loss: 0.8504 (0.8504) iLoss: 0.0302 (0.0302) CLoss: 0.0183 (0.0183) da_loss: 0.5072 (0.5072) dd_loss: 0.7004 (0.7004) Accu: 100.00
Test Epoch: 46
original feature:   Rank-1: 85.73% | Rank-5: 93.45% | Rank-10: 95.78%| Rank-20: 97.91%| mAP: 75.37%| mINP: 55.04%
feature after BN:   Rank-1: 88.40% | Rank-5: 95.15% | Rank-10: 96.94%| Rank-20: 98.59%| mAP: 81.74%| mINP: 66.12%
Best Epoch [46]
==> Preparing Data Loader...
Epoch: [47][0/85] Time: 0.514 (0.514) lr:0.061919 base_lr:0.006192Loss: 0.6296 (0.6296) iLoss: 0.0236 (0.0236) CLoss: 0.0240 (0.0240) da_loss: 0.4719 (0.4719) dd_loss: 0.4876 (0.4876) Accu: 100.00
Test Epoch: 47
original feature:   Rank-1: 84.51% | Rank-5: 92.91% | Rank-10: 95.49%| Rank-20: 97.86%| mAP: 76.07%| mINP: 56.26%
feature after BN:   Rank-1: 87.82% | Rank-5: 94.81% | Rank-10: 96.89%| Rank-20: 98.69%| mAP: 81.69%| mINP: 66.20%
Best Epoch [46]
==> Preparing Data Loader...
Epoch: [48][0/85] Time: 0.469 (0.469) lr:0.060728 base_lr:0.006073Loss: 0.7599 (0.7599) iLoss: 0.0248 (0.0248) CLoss: 0.0161 (0.0161) da_loss: 0.4514 (0.4514) dd_loss: 0.6286 (0.6286) Accu: 100.00
Test Epoch: 48
original feature:   Rank-1: 86.02% | Rank-5: 93.98% | Rank-10: 96.36%| Rank-20: 97.77%| mAP: 75.60%| mINP: 55.65%
feature after BN:   Rank-1: 89.85% | Rank-5: 96.02% | Rank-10: 97.82%| Rank-20: 98.83%| mAP: 82.37%| mINP: 66.80%
Best Epoch [48]
==> Preparing Data Loader...
Epoch: [49][0/85] Time: 0.499 (0.499) lr:0.059538 base_lr:0.005954Loss: 0.3762 (0.3762) iLoss: 0.0305 (0.0305) CLoss: 0.0146 (0.0146) da_loss: 0.3974 (0.3974) dd_loss: 0.2516 (0.2516) Accu: 100.00
Test Epoch: 49
original feature:   Rank-1: 84.71% | Rank-5: 93.64% | Rank-10: 96.60%| Rank-20: 97.86%| mAP: 76.24%| mINP: 56.52%
feature after BN:   Rank-1: 87.23% | Rank-5: 94.27% | Rank-10: 96.84%| Rank-20: 98.79%| mAP: 81.09%| mINP: 65.64%
Best Epoch [48]
==> Preparing Data Loader...
Epoch: [50][0/85] Time: 0.484 (0.484) lr:0.058347 base_lr:0.005835Loss: 0.4864 (0.4864) iLoss: 0.0201 (0.0201) CLoss: 0.0023 (0.0023) da_loss: 0.3804 (0.3804) dd_loss: 0.3879 (0.3879) Accu: 100.00
Test Epoch: 50
original feature:   Rank-1: 85.00% | Rank-5: 93.40% | Rank-10: 95.92%| Rank-20: 98.06%| mAP: 76.47%| mINP: 57.33%
feature after BN:   Rank-1: 87.43% | Rank-5: 95.10% | Rank-10: 96.70%| Rank-20: 98.59%| mAP: 82.03%| mINP: 67.67%
Best Epoch [48]
==> Preparing Data Loader...
Epoch: [51][0/85] Time: 0.495 (0.495) lr:0.057157 base_lr:0.005716Loss: 0.7188 (0.7188) iLoss: 0.0208 (0.0208) CLoss: 0.0017 (0.0017) da_loss: 0.3647 (0.3647) dd_loss: 0.6233 (0.6233) Accu: 100.00
Test Epoch: 51
original feature:   Rank-1: 83.54% | Rank-5: 92.33% | Rank-10: 95.39%| Rank-20: 96.99%| mAP: 75.30%| mINP: 55.95%
feature after BN:   Rank-1: 87.38% | Rank-5: 94.51% | Rank-10: 96.80%| Rank-20: 98.79%| mAP: 81.10%| mINP: 66.54%
Best Epoch [48]
==> Preparing Data Loader...
Epoch: [52][0/85] Time: 0.471 (0.471) lr:0.055966 base_lr:0.005597Loss: 0.2897 (0.2897) iLoss: 0.0118 (0.0118) CLoss: 0.0022 (0.0022) da_loss: 0.3985 (0.3985) dd_loss: 0.1961 (0.1961) Accu: 100.00
Test Epoch: 52
original feature:   Rank-1: 83.25% | Rank-5: 91.46% | Rank-10: 95.29%| Rank-20: 97.43%| mAP: 75.03%| mINP: 55.81%
feature after BN:   Rank-1: 86.60% | Rank-5: 94.08% | Rank-10: 96.46%| Rank-20: 99.13%| mAP: 80.38%| mINP: 64.26%
Best Epoch [48]
==> Preparing Data Loader...
Epoch: [53][0/85] Time: 0.448 (0.448) lr:0.054776 base_lr:0.005478Loss: 0.6981 (0.6981) iLoss: 0.0347 (0.0347) CLoss: 0.0563 (0.0563) da_loss: 0.4336 (0.4336) dd_loss: 0.5204 (0.5204) Accu: 100.00
Test Epoch: 53
original feature:   Rank-1: 82.23% | Rank-5: 90.73% | Rank-10: 93.88%| Rank-20: 97.09%| mAP: 73.23%| mINP: 53.36%
feature after BN:   Rank-1: 86.84% | Rank-5: 93.50% | Rank-10: 95.58%| Rank-20: 97.96%| mAP: 80.66%| mINP: 65.11%
Best Epoch [48]
==> Preparing Data Loader...
Epoch: [54][0/85] Time: 0.482 (0.482) lr:0.053585 base_lr:0.005359Loss: 0.5047 (0.5047) iLoss: 0.0206 (0.0206) CLoss: 0.0246 (0.0246) da_loss: 0.4784 (0.4784) dd_loss: 0.3638 (0.3638) Accu: 100.00
Test Epoch: 54
original feature:   Rank-1: 83.01% | Rank-5: 91.60% | Rank-10: 95.58%| Rank-20: 98.01%| mAP: 74.61%| mINP: 55.70%
feature after BN:   Rank-1: 86.94% | Rank-5: 94.17% | Rank-10: 97.14%| Rank-20: 98.64%| mAP: 81.35%| mINP: 66.19%
Best Epoch [48]
==> Preparing Data Loader...
Epoch: [55][0/85] Time: 0.472 (0.472) lr:0.052395 base_lr:0.005239Loss: 0.7553 (0.7553) iLoss: 0.1229 (0.1229) CLoss: 0.0724 (0.0724) da_loss: 0.4467 (0.4467) dd_loss: 0.4706 (0.4706) Accu: 97.92
Test Epoch: 55
original feature:   Rank-1: 84.37% | Rank-5: 92.62% | Rank-10: 95.05%| Rank-20: 97.04%| mAP: 75.61%| mINP: 57.00%
feature after BN:   Rank-1: 86.80% | Rank-5: 93.45% | Rank-10: 95.83%| Rank-20: 98.30%| mAP: 81.02%| mINP: 66.50%
Best Epoch [48]
==> Preparing Data Loader...
Epoch: [56][0/85] Time: 0.477 (0.477) lr:0.051204 base_lr:0.005120Loss: 0.4843 (0.4843) iLoss: 0.0250 (0.0250) CLoss: 0.0147 (0.0147) da_loss: 0.4952 (0.4952) dd_loss: 0.3455 (0.3455) Accu: 100.00
Test Epoch: 56
original feature:   Rank-1: 82.62% | Rank-5: 91.31% | Rank-10: 94.22%| Rank-20: 96.21%| mAP: 73.70%| mINP: 54.11%
feature after BN:   Rank-1: 88.64% | Rank-5: 94.08% | Rank-10: 96.55%| Rank-20: 98.20%| mAP: 81.03%| mINP: 64.01%
Best Epoch [48]
==> Preparing Data Loader...
Epoch: [57][0/85] Time: 0.477 (0.477) lr:0.050014 base_lr:0.005001Loss: 0.6813 (0.6813) iLoss: 0.0343 (0.0343) CLoss: 0.0410 (0.0410) da_loss: 0.4435 (0.4435) dd_loss: 0.5172 (0.5172) Accu: 100.00
Test Epoch: 57
original feature:   Rank-1: 85.24% | Rank-5: 93.64% | Rank-10: 95.63%| Rank-20: 97.62%| mAP: 76.59%| mINP: 56.78%
feature after BN:   Rank-1: 90.58% | Rank-5: 96.12% | Rank-10: 97.38%| Rank-20: 98.74%| mAP: 83.68%| mINP: 68.09%
Best Epoch [57]
==> Preparing Data Loader...
Epoch: [58][0/85] Time: 0.499 (0.499) lr:0.048824 base_lr:0.004882Loss: 0.3719 (0.3719) iLoss: 0.0202 (0.0202) CLoss: 0.0022 (0.0022) da_loss: 0.3715 (0.3715) dd_loss: 0.2752 (0.2752) Accu: 100.00
Test Epoch: 58
original feature:   Rank-1: 86.12% | Rank-5: 94.51% | Rank-10: 96.89%| Rank-20: 98.59%| mAP: 77.96%| mINP: 58.00%
feature after BN:   Rank-1: 91.07% | Rank-5: 96.31% | Rank-10: 98.30%| Rank-20: 99.27%| mAP: 84.84%| mINP: 69.94%
Best Epoch [58]
==> Preparing Data Loader...
Epoch: [59][0/85] Time: 0.504 (0.504) lr:0.047633 base_lr:0.004763Loss: 0.4719 (0.4719) iLoss: 0.0123 (0.0123) CLoss: 0.0036 (0.0036) da_loss: 0.3456 (0.3456) dd_loss: 0.3869 (0.3869) Accu: 100.00
Test Epoch: 59
original feature:   Rank-1: 85.29% | Rank-5: 94.22% | Rank-10: 96.70%| Rank-20: 98.79%| mAP: 77.24%| mINP: 57.92%
feature after BN:   Rank-1: 90.58% | Rank-5: 95.92% | Rank-10: 98.16%| Rank-20: 99.27%| mAP: 84.77%| mINP: 70.05%
Best Epoch [58]
==> Preparing Data Loader...
Epoch: [60][0/85] Time: 0.466 (0.466) lr:0.046443 base_lr:0.004644Loss: 0.3051 (0.3051) iLoss: 0.0083 (0.0083) CLoss: 0.0004 (0.0004) da_loss: 0.3565 (0.3565) dd_loss: 0.2251 (0.2251) Accu: 100.00
Test Epoch: 60
original feature:   Rank-1: 86.55% | Rank-5: 94.71% | Rank-10: 97.09%| Rank-20: 98.74%| mAP: 78.02%| mINP: 58.50%
feature after BN:   Rank-1: 91.07% | Rank-5: 96.17% | Rank-10: 98.01%| Rank-20: 99.42%| mAP: 85.00%| mINP: 70.28%
Best Epoch [58]
==> Preparing Data Loader...
Epoch: [61][0/85] Time: 0.448 (0.448) lr:0.045252 base_lr:0.004525Loss: 0.5469 (0.5469) iLoss: 0.0165 (0.0165) CLoss: 0.0017 (0.0017) da_loss: 0.3462 (0.3462) dd_loss: 0.4595 (0.4595) Accu: 100.00
Test Epoch: 61
original feature:   Rank-1: 86.84% | Rank-5: 94.71% | Rank-10: 97.38%| Rank-20: 98.83%| mAP: 78.52%| mINP: 58.62%
feature after BN:   Rank-1: 90.92% | Rank-5: 96.36% | Rank-10: 97.96%| Rank-20: 99.37%| mAP: 84.90%| mINP: 70.62%
Best Epoch [58]
==> Preparing Data Loader...
Epoch: [62][0/85] Time: 0.452 (0.452) lr:0.044062 base_lr:0.004406Loss: 0.5728 (0.5728) iLoss: 0.0237 (0.0237) CLoss: 0.0247 (0.0247) da_loss: 0.2920 (0.2920) dd_loss: 0.4659 (0.4659) Accu: 100.00
Test Epoch: 62
original feature:   Rank-1: 87.43% | Rank-5: 95.00% | Rank-10: 97.77%| Rank-20: 98.64%| mAP: 77.95%| mINP: 57.94%
feature after BN:   Rank-1: 90.63% | Rank-5: 96.60% | Rank-10: 98.50%| Rank-20: 99.42%| mAP: 84.96%| mINP: 70.67%
Best Epoch [58]
==> Preparing Data Loader...
Epoch: [63][0/85] Time: 0.458 (0.458) lr:0.042871 base_lr:0.004287Loss: 0.4184 (0.4184) iLoss: 0.0209 (0.0209) CLoss: 0.0021 (0.0021) da_loss: 0.3006 (0.3006) dd_loss: 0.3352 (0.3352) Accu: 100.00
Test Epoch: 63
original feature:   Rank-1: 84.95% | Rank-5: 93.54% | Rank-10: 96.21%| Rank-20: 98.11%| mAP: 76.00%| mINP: 56.18%
feature after BN:   Rank-1: 89.61% | Rank-5: 95.58% | Rank-10: 97.86%| Rank-20: 99.08%| mAP: 83.55%| mINP: 69.30%
Best Epoch [58]
==> Preparing Data Loader...
Epoch: [64][0/85] Time: 0.508 (0.508) lr:0.041681 base_lr:0.004168Loss: 0.4925 (0.4925) iLoss: 0.0155 (0.0155) CLoss: 0.0134 (0.0134) da_loss: 0.3506 (0.3506) dd_loss: 0.3934 (0.3934) Accu: 100.00
Test Epoch: 64
original feature:   Rank-1: 85.73% | Rank-5: 94.47% | Rank-10: 96.70%| Rank-20: 98.64%| mAP: 77.51%| mINP: 57.88%
feature after BN:   Rank-1: 90.24% | Rank-5: 95.78% | Rank-10: 97.96%| Rank-20: 99.27%| mAP: 84.77%| mINP: 70.85%
Best Epoch [58]
==> Preparing Data Loader...
Epoch: [65][0/85] Time: 0.484 (0.484) lr:0.040490 base_lr:0.004049Loss: 1.1505 (1.1505) iLoss: 0.0331 (0.0331) CLoss: 0.0086 (0.0086) da_loss: 0.3284 (0.3284) dd_loss: 1.0432 (1.0432) Accu: 100.00
Test Epoch: 65
original feature:   Rank-1: 86.26% | Rank-5: 94.71% | Rank-10: 97.09%| Rank-20: 98.64%| mAP: 77.02%| mINP: 57.17%
feature after BN:   Rank-1: 87.91% | Rank-5: 95.34% | Rank-10: 97.52%| Rank-20: 98.98%| mAP: 82.79%| mINP: 67.74%
Best Epoch [58]
==> Preparing Data Loader...
Epoch: [66][0/85] Time: 0.486 (0.486) lr:0.039300 base_lr:0.003930Loss: 0.4759 (0.4759) iLoss: 0.0319 (0.0319) CLoss: 0.0003 (0.0003) da_loss: 0.3618 (0.3618) dd_loss: 0.3714 (0.3714) Accu: 100.00
Test Epoch: 66
original feature:   Rank-1: 83.30% | Rank-5: 92.09% | Rank-10: 95.73%| Rank-20: 97.86%| mAP: 72.61%| mINP: 51.58%
feature after BN:   Rank-1: 89.47% | Rank-5: 95.68% | Rank-10: 97.67%| Rank-20: 98.79%| mAP: 82.86%| mINP: 67.99%
Best Epoch [58]
==> Preparing Data Loader...
Epoch: [67][0/85] Time: 0.522 (0.522) lr:0.038109 base_lr:0.003811Loss: 0.6410 (0.6410) iLoss: 0.0723 (0.0723) CLoss: 0.0132 (0.0132) da_loss: 0.4082 (0.4082) dd_loss: 0.4738 (0.4738) Accu: 100.00
Test Epoch: 67
original feature:   Rank-1: 83.69% | Rank-5: 93.20% | Rank-10: 96.55%| Rank-20: 98.30%| mAP: 74.29%| mINP: 53.77%
feature after BN:   Rank-1: 90.44% | Rank-5: 95.49% | Rank-10: 97.77%| Rank-20: 99.03%| mAP: 83.97%| mINP: 69.11%
Best Epoch [58]
==> Preparing Data Loader...
Epoch: [68][0/85] Time: 0.496 (0.496) lr:0.036919 base_lr:0.003692Loss: 0.8548 (0.8548) iLoss: 0.1068 (0.1068) CLoss: 0.0010 (0.0010) da_loss: 0.4285 (0.4285) dd_loss: 0.6613 (0.6613) Accu: 97.92
Test Epoch: 68
original feature:   Rank-1: 85.49% | Rank-5: 94.22% | Rank-10: 97.09%| Rank-20: 98.54%| mAP: 76.18%| mINP: 56.31%
feature after BN:   Rank-1: 90.15% | Rank-5: 95.68% | Rank-10: 98.06%| Rank-20: 98.98%| mAP: 84.90%| mINP: 70.58%
Best Epoch [58]
==> Preparing Data Loader...
Epoch: [69][0/85] Time: 0.487 (0.487) lr:0.035728 base_lr:0.003573Loss: 0.4879 (0.4879) iLoss: 0.0123 (0.0123) CLoss: 0.0015 (0.0015) da_loss: 0.3382 (0.3382) dd_loss: 0.4065 (0.4065) Accu: 100.00
Test Epoch: 69
original feature:   Rank-1: 86.80% | Rank-5: 95.24% | Rank-10: 97.38%| Rank-20: 98.98%| mAP: 76.95%| mINP: 56.83%
feature after BN:   Rank-1: 91.60% | Rank-5: 95.83% | Rank-10: 98.01%| Rank-20: 99.42%| mAP: 85.35%| mINP: 71.31%
Best Epoch [69]
==> Preparing Data Loader...
Epoch: [70][0/85] Time: 0.517 (0.517) lr:0.034538 base_lr:0.003454Loss: 0.3550 (0.3550) iLoss: 0.0186 (0.0186) CLoss: 0.0081 (0.0081) da_loss: 0.3354 (0.3354) dd_loss: 0.2611 (0.2611) Accu: 100.00
Test Epoch: 70
original feature:   Rank-1: 87.52% | Rank-5: 95.15% | Rank-10: 96.99%| Rank-20: 98.64%| mAP: 77.66%| mINP: 57.56%
feature after BN:   Rank-1: 91.60% | Rank-5: 96.26% | Rank-10: 98.40%| Rank-20: 99.17%| mAP: 85.76%| mINP: 71.91%
Best Epoch [69]
==> Preparing Data Loader...
Epoch: [71][0/85] Time: 0.501 (0.501) lr:0.033347 base_lr:0.003335Loss: 0.7581 (0.7581) iLoss: 0.0665 (0.0665) CLoss: 0.0348 (0.0348) da_loss: 0.3420 (0.3420) dd_loss: 0.5884 (0.5884) Accu: 97.92
Test Epoch: 71
original feature:   Rank-1: 87.33% | Rank-5: 94.76% | Rank-10: 96.84%| Rank-20: 98.45%| mAP: 77.80%| mINP: 57.82%
feature after BN:   Rank-1: 91.75% | Rank-5: 96.36% | Rank-10: 98.35%| Rank-20: 99.47%| mAP: 86.24%| mINP: 72.48%
Best Epoch [71]
==> Preparing Data Loader...
Epoch: [72][0/85] Time: 0.494 (0.494) lr:0.032157 base_lr:0.003216Loss: 0.4265 (0.4265) iLoss: 0.0230 (0.0230) CLoss: 0.0098 (0.0098) da_loss: 0.2722 (0.2722) dd_loss: 0.3393 (0.3393) Accu: 100.00
Test Epoch: 72
original feature:   Rank-1: 86.80% | Rank-5: 94.42% | Rank-10: 96.94%| Rank-20: 98.40%| mAP: 76.98%| mINP: 56.89%
feature after BN:   Rank-1: 91.70% | Rank-5: 95.73% | Rank-10: 98.16%| Rank-20: 99.37%| mAP: 86.01%| mINP: 72.52%
Best Epoch [71]
==> Preparing Data Loader...
Epoch: [73][0/85] Time: 0.482 (0.482) lr:0.030966 base_lr:0.003097Loss: 0.4188 (0.4188) iLoss: 0.0308 (0.0308) CLoss: 0.0013 (0.0013) da_loss: 0.2444 (0.2444) dd_loss: 0.3379 (0.3379) Accu: 100.00
Test Epoch: 73
original feature:   Rank-1: 86.65% | Rank-5: 94.32% | Rank-10: 97.09%| Rank-20: 98.54%| mAP: 76.87%| mINP: 56.66%
feature after BN:   Rank-1: 91.41% | Rank-5: 96.02% | Rank-10: 97.86%| Rank-20: 99.32%| mAP: 85.78%| mINP: 72.22%
Best Epoch [71]
==> Preparing Data Loader...
Epoch: [74][0/85] Time: 0.494 (0.494) lr:0.029776 base_lr:0.002978Loss: 0.3372 (0.3372) iLoss: 0.0235 (0.0235) CLoss: 0.0212 (0.0212) da_loss: 0.2318 (0.2318) dd_loss: 0.2460 (0.2460) Accu: 100.00
Test Epoch: 74
original feature:   Rank-1: 87.43% | Rank-5: 94.85% | Rank-10: 96.94%| Rank-20: 98.74%| mAP: 77.85%| mINP: 58.08%
feature after BN:   Rank-1: 91.99% | Rank-5: 95.87% | Rank-10: 98.40%| Rank-20: 99.37%| mAP: 86.20%| mINP: 72.56%
Best Epoch [74]
==> Preparing Data Loader...
Epoch: [75][0/85] Time: 0.515 (0.515) lr:0.028585 base_lr:0.002859Loss: 0.3880 (0.3880) iLoss: 0.0592 (0.0592) CLoss: 0.0049 (0.0049) da_loss: 0.2444 (0.2444) dd_loss: 0.2750 (0.2750) Accu: 97.92
Test Epoch: 75
original feature:   Rank-1: 86.31% | Rank-5: 94.32% | Rank-10: 96.46%| Rank-20: 98.69%| mAP: 76.36%| mINP: 55.91%
feature after BN:   Rank-1: 90.49% | Rank-5: 95.83% | Rank-10: 98.16%| Rank-20: 99.27%| mAP: 84.98%| mINP: 70.72%
Best Epoch [74]
==> Preparing Data Loader...
Epoch: [76][0/85] Time: 0.456 (0.456) lr:0.027395 base_lr:0.002739Loss: 0.2744 (0.2744) iLoss: 0.0171 (0.0171) CLoss: 0.0024 (0.0024) da_loss: 0.3124 (0.3124) dd_loss: 0.1925 (0.1925) Accu: 100.00
Test Epoch: 76
original feature:   Rank-1: 85.92% | Rank-5: 94.32% | Rank-10: 97.14%| Rank-20: 98.54%| mAP: 76.81%| mINP: 56.56%
feature after BN:   Rank-1: 91.70% | Rank-5: 96.21% | Rank-10: 98.50%| Rank-20: 99.27%| mAP: 86.01%| mINP: 72.19%
Best Epoch [74]
==> Preparing Data Loader...
Epoch: [77][0/85] Time: 0.471 (0.471) lr:0.026204 base_lr:0.002620Loss: 0.4000 (0.4000) iLoss: 0.0102 (0.0102) CLoss: 0.0013 (0.0013) da_loss: 0.2992 (0.2992) dd_loss: 0.3286 (0.3286) Accu: 100.00
Test Epoch: 77
original feature:   Rank-1: 86.07% | Rank-5: 94.76% | Rank-10: 97.52%| Rank-20: 98.59%| mAP: 77.52%| mINP: 57.90%
feature after BN:   Rank-1: 90.83% | Rank-5: 95.68% | Rank-10: 98.11%| Rank-20: 99.27%| mAP: 85.69%| mINP: 72.52%
Best Epoch [74]
==> Preparing Data Loader...
Epoch: [78][0/85] Time: 0.450 (0.450) lr:0.025014 base_lr:0.002501Loss: 0.2044 (0.2044) iLoss: 0.0089 (0.0089) CLoss: 0.0000 (0.0000) da_loss: 0.2392 (0.2392) dd_loss: 0.1476 (0.1476) Accu: 100.00
Test Epoch: 78
original feature:   Rank-1: 86.21% | Rank-5: 95.00% | Rank-10: 97.52%| Rank-20: 98.74%| mAP: 77.16%| mINP: 56.82%
feature after BN:   Rank-1: 91.21% | Rank-5: 96.31% | Rank-10: 98.30%| Rank-20: 99.37%| mAP: 85.83%| mINP: 72.10%
Best Epoch [74]
==> Preparing Data Loader...
Epoch: [79][0/85] Time: 0.512 (0.512) lr:0.023824 base_lr:0.002382Loss: 0.2723 (0.2723) iLoss: 0.0182 (0.0182) CLoss: 0.0084 (0.0084) da_loss: 0.2522 (0.2522) dd_loss: 0.1953 (0.1953) Accu: 100.00
Test Epoch: 79
original feature:   Rank-1: 86.41% | Rank-5: 94.32% | Rank-10: 97.28%| Rank-20: 98.74%| mAP: 77.08%| mINP: 56.40%
feature after BN:   Rank-1: 91.89% | Rank-5: 95.78% | Rank-10: 97.82%| Rank-20: 99.27%| mAP: 86.16%| mINP: 72.88%
Best Epoch [74]
==> Preparing Data Loader...
Epoch: [80][0/85] Time: 0.501 (0.501) lr:0.022633 base_lr:0.002263Loss: 0.2298 (0.2298) iLoss: 0.0130 (0.0130) CLoss: 0.0024 (0.0024) da_loss: 0.2301 (0.2301) dd_loss: 0.1684 (0.1684) Accu: 100.00
Test Epoch: 80
original feature:   Rank-1: 86.26% | Rank-5: 94.37% | Rank-10: 96.60%| Rank-20: 98.40%| mAP: 77.00%| mINP: 57.17%
feature after BN:   Rank-1: 91.50% | Rank-5: 96.12% | Rank-10: 97.82%| Rank-20: 99.32%| mAP: 85.74%| mINP: 72.16%
Best Epoch [74]
==> Preparing Data Loader...
Epoch: [81][0/85] Time: 0.449 (0.449) lr:0.021443 base_lr:0.002144Loss: 0.3463 (0.3463) iLoss: 0.0092 (0.0092) CLoss: 0.0035 (0.0035) da_loss: 0.2857 (0.2857) dd_loss: 0.2765 (0.2765) Accu: 100.00
Test Epoch: 81
original feature:   Rank-1: 86.36% | Rank-5: 94.37% | Rank-10: 96.94%| Rank-20: 98.40%| mAP: 76.59%| mINP: 56.40%
feature after BN:   Rank-1: 90.97% | Rank-5: 95.58% | Rank-10: 97.86%| Rank-20: 99.37%| mAP: 85.62%| mINP: 72.21%
Best Epoch [74]
==> Preparing Data Loader...
Epoch: [82][0/85] Time: 0.484 (0.484) lr:0.020252 base_lr:0.002025Loss: 0.3093 (0.3093) iLoss: 0.0153 (0.0153) CLoss: 0.0209 (0.0209) da_loss: 0.2702 (0.2702) dd_loss: 0.2191 (0.2191) Accu: 100.00
Test Epoch: 82
original feature:   Rank-1: 86.55% | Rank-5: 94.13% | Rank-10: 96.84%| Rank-20: 98.50%| mAP: 76.84%| mINP: 56.44%
feature after BN:   Rank-1: 90.44% | Rank-5: 95.44% | Rank-10: 98.11%| Rank-20: 99.32%| mAP: 85.65%| mINP: 72.47%
Best Epoch [74]
==> Preparing Data Loader...
Epoch: [83][0/85] Time: 0.466 (0.466) lr:0.019062 base_lr:0.001906Loss: 0.3290 (0.3290) iLoss: 0.0155 (0.0155) CLoss: 0.0279 (0.0279) da_loss: 0.2295 (0.2295) dd_loss: 0.2396 (0.2396) Accu: 100.00
Test Epoch: 83
original feature:   Rank-1: 86.36% | Rank-5: 94.13% | Rank-10: 97.28%| Rank-20: 98.74%| mAP: 76.45%| mINP: 56.15%
feature after BN:   Rank-1: 91.12% | Rank-5: 95.92% | Rank-10: 97.82%| Rank-20: 99.37%| mAP: 85.75%| mINP: 72.98%
Best Epoch [74]
==> Preparing Data Loader...
Epoch: [84][0/85] Time: 0.431 (0.431) lr:0.017871 base_lr:0.001787Loss: 0.4474 (0.4474) iLoss: 0.0173 (0.0173) CLoss: 0.0133 (0.0133) da_loss: 0.2616 (0.2616) dd_loss: 0.3645 (0.3645) Accu: 100.00
Test Epoch: 84
original feature:   Rank-1: 87.38% | Rank-5: 94.51% | Rank-10: 97.57%| Rank-20: 98.69%| mAP: 77.97%| mINP: 58.47%
feature after BN:   Rank-1: 90.97% | Rank-5: 95.83% | Rank-10: 97.82%| Rank-20: 99.32%| mAP: 85.92%| mINP: 73.12%
Best Epoch [74]
==> Preparing Data Loader...
Epoch: [85][0/85] Time: 0.550 (0.550) lr:0.016681 base_lr:0.001668Loss: 0.3832 (0.3832) iLoss: 0.0122 (0.0122) CLoss: 0.0017 (0.0017) da_loss: 0.2306 (0.2306) dd_loss: 0.3232 (0.3232) Accu: 100.00
Test Epoch: 85
original feature:   Rank-1: 86.70% | Rank-5: 94.32% | Rank-10: 97.52%| Rank-20: 98.69%| mAP: 77.20%| mINP: 57.40%
feature after BN:   Rank-1: 91.12% | Rank-5: 95.92% | Rank-10: 97.96%| Rank-20: 99.42%| mAP: 85.90%| mINP: 73.21%
Best Epoch [74]
==> Preparing Data Loader...
Epoch: [86][0/85] Time: 0.480 (0.480) lr:0.015490 base_lr:0.001549Loss: 0.2323 (0.2323) iLoss: 0.0145 (0.0145) CLoss: 0.0159 (0.0159) da_loss: 0.2177 (0.2177) dd_loss: 0.1584 (0.1584) Accu: 100.00
Test Epoch: 86
original feature:   Rank-1: 85.97% | Rank-5: 94.66% | Rank-10: 97.57%| Rank-20: 98.79%| mAP: 76.45%| mINP: 56.06%
feature after BN:   Rank-1: 91.80% | Rank-5: 95.87% | Rank-10: 98.01%| Rank-20: 99.37%| mAP: 86.26%| mINP: 73.32%
Best Epoch [74]
==> Preparing Data Loader...
Epoch: [87][0/85] Time: 0.462 (0.462) lr:0.014300 base_lr:0.001430Loss: 0.2571 (0.2571) iLoss: 0.0066 (0.0066) CLoss: 0.0000 (0.0000) da_loss: 0.2227 (0.2227) dd_loss: 0.2060 (0.2060) Accu: 100.00
Test Epoch: 87
original feature:   Rank-1: 86.50% | Rank-5: 94.56% | Rank-10: 97.43%| Rank-20: 98.83%| mAP: 77.29%| mINP: 57.29%
feature after BN:   Rank-1: 92.18% | Rank-5: 95.92% | Rank-10: 97.86%| Rank-20: 99.32%| mAP: 86.43%| mINP: 73.40%
Best Epoch [87]
==> Preparing Data Loader...
Epoch: [88][0/85] Time: 0.481 (0.481) lr:0.013109 base_lr:0.001311Loss: 0.3921 (0.3921) iLoss: 0.0176 (0.0176) CLoss: 0.0054 (0.0054) da_loss: 0.2377 (0.2377) dd_loss: 0.3215 (0.3215) Accu: 100.00
Test Epoch: 88
original feature:   Rank-1: 86.50% | Rank-5: 94.56% | Rank-10: 97.67%| Rank-20: 98.74%| mAP: 77.24%| mINP: 57.26%
feature after BN:   Rank-1: 91.70% | Rank-5: 95.92% | Rank-10: 98.11%| Rank-20: 99.37%| mAP: 86.24%| mINP: 73.26%
Best Epoch [87]
==> Preparing Data Loader...
Epoch: [89][0/85] Time: 0.470 (0.470) lr:0.011919 base_lr:0.001192Loss: 0.2285 (0.2285) iLoss: 0.0146 (0.0146) CLoss: 0.0000 (0.0000) da_loss: 0.1964 (0.1964) dd_loss: 0.1747 (0.1747) Accu: 100.00
Test Epoch: 89
original feature:   Rank-1: 86.84% | Rank-5: 94.95% | Rank-10: 97.57%| Rank-20: 98.88%| mAP: 77.74%| mINP: 58.04%
feature after BN:   Rank-1: 92.09% | Rank-5: 96.21% | Rank-10: 98.30%| Rank-20: 99.51%| mAP: 86.43%| mINP: 73.75%
Best Epoch [87]
==> Preparing Data Loader...
Epoch: [90][0/85] Time: 0.500 (0.500) lr:0.010728 base_lr:0.001073Loss: 0.3107 (0.3107) iLoss: 0.0198 (0.0198) CLoss: 0.0091 (0.0091) da_loss: 0.1999 (0.1999) dd_loss: 0.2417 (0.2417) Accu: 100.00
Test Epoch: 90
original feature:   Rank-1: 86.99% | Rank-5: 95.00% | Rank-10: 97.72%| Rank-20: 98.83%| mAP: 77.71%| mINP: 57.64%
feature after BN:   Rank-1: 91.94% | Rank-5: 96.50% | Rank-10: 98.35%| Rank-20: 99.37%| mAP: 86.55%| mINP: 73.94%
Best Epoch [87]
==> Preparing Data Loader...
Epoch: [91][0/85] Time: 0.440 (0.440) lr:0.009538 base_lr:0.000954Loss: 0.3283 (0.3283) iLoss: 0.0099 (0.0099) CLoss: 0.0001 (0.0001) da_loss: 0.2367 (0.2367) dd_loss: 0.2709 (0.2709) Accu: 100.00
Test Epoch: 91
original feature:   Rank-1: 86.99% | Rank-5: 95.19% | Rank-10: 97.96%| Rank-20: 98.98%| mAP: 78.02%| mINP: 58.22%
feature after BN:   Rank-1: 92.28% | Rank-5: 96.55% | Rank-10: 98.45%| Rank-20: 99.51%| mAP: 86.65%| mINP: 73.80%
Best Epoch [91]
==> Preparing Data Loader...
Epoch: [92][0/85] Time: 0.502 (0.502) lr:0.008347 base_lr:0.000835Loss: 0.5801 (0.5801) iLoss: 0.0209 (0.0209) CLoss: 0.0252 (0.0252) da_loss: 0.2335 (0.2335) dd_loss: 0.4873 (0.4873) Accu: 100.00
Test Epoch: 92
original feature:   Rank-1: 87.62% | Rank-5: 95.58% | Rank-10: 97.91%| Rank-20: 98.98%| mAP: 78.42%| mINP: 58.79%
feature after BN:   Rank-1: 91.94% | Rank-5: 96.65% | Rank-10: 98.45%| Rank-20: 99.51%| mAP: 86.70%| mINP: 74.17%
Best Epoch [91]
==> Preparing Data Loader...
Epoch: [93][0/85] Time: 0.479 (0.479) lr:0.007157 base_lr:0.000716Loss: 0.1781 (0.1781) iLoss: 0.0140 (0.0140) CLoss: 0.0000 (0.0000) da_loss: 0.1958 (0.1958) dd_loss: 0.1250 (0.1250) Accu: 100.00
Test Epoch: 93
original feature:   Rank-1: 87.86% | Rank-5: 94.95% | Rank-10: 97.91%| Rank-20: 98.93%| mAP: 78.31%| mINP: 58.68%
feature after BN:   Rank-1: 91.70% | Rank-5: 96.41% | Rank-10: 98.25%| Rank-20: 99.37%| mAP: 86.36%| mINP: 73.77%
Best Epoch [91]
==> Preparing Data Loader...
Epoch: [94][0/85] Time: 0.538 (0.538) lr:0.005966 base_lr:0.000597Loss: 0.2156 (0.2156) iLoss: 0.0099 (0.0099) CLoss: 0.0061 (0.0061) da_loss: 0.1847 (0.1847) dd_loss: 0.1628 (0.1628) Accu: 100.00
Test Epoch: 94
original feature:   Rank-1: 87.57% | Rank-5: 95.34% | Rank-10: 97.96%| Rank-20: 98.98%| mAP: 78.36%| mINP: 58.64%
feature after BN:   Rank-1: 91.94% | Rank-5: 96.94% | Rank-10: 98.50%| Rank-20: 99.56%| mAP: 86.86%| mINP: 74.02%
Best Epoch [91]
==> Preparing Data Loader...
Epoch: [95][0/85] Time: 0.479 (0.479) lr:0.004776 base_lr:0.000478Loss: 0.3396 (0.3396) iLoss: 0.0159 (0.0159) CLoss: 0.0069 (0.0069) da_loss: 0.2244 (0.2244) dd_loss: 0.2719 (0.2719) Accu: 100.00
Test Epoch: 95
original feature:   Rank-1: 87.72% | Rank-5: 95.34% | Rank-10: 98.01%| Rank-20: 98.93%| mAP: 78.39%| mINP: 58.90%
feature after BN:   Rank-1: 91.50% | Rank-5: 96.21% | Rank-10: 97.96%| Rank-20: 99.37%| mAP: 86.30%| mINP: 73.54%
Best Epoch [91]
==> Preparing Data Loader...
Epoch: [96][0/85] Time: 0.465 (0.465) lr:0.003585 base_lr:0.000359Loss: 0.2633 (0.2633) iLoss: 0.0052 (0.0052) CLoss: 0.0001 (0.0001) da_loss: 0.1977 (0.1977) dd_loss: 0.2185 (0.2185) Accu: 100.00
Test Epoch: 96
original feature:   Rank-1: 87.86% | Rank-5: 95.68% | Rank-10: 98.01%| Rank-20: 98.98%| mAP: 78.98%| mINP: 59.78%
feature after BN:   Rank-1: 92.18% | Rank-5: 96.75% | Rank-10: 98.54%| Rank-20: 99.51%| mAP: 86.79%| mINP: 73.85%
Best Epoch [91]
==> Preparing Data Loader...
Epoch: [97][0/85] Time: 0.464 (0.464) lr:0.002395 base_lr:0.000239Loss: 0.2190 (0.2190) iLoss: 0.0123 (0.0123) CLoss: 0.0025 (0.0025) da_loss: 0.1965 (0.1965) dd_loss: 0.1649 (0.1649) Accu: 100.00
Test Epoch: 97
original feature:   Rank-1: 88.16% | Rank-5: 95.68% | Rank-10: 98.06%| Rank-20: 99.03%| mAP: 79.03%| mINP: 59.79%
feature after BN:   Rank-1: 92.38% | Rank-5: 96.65% | Rank-10: 98.40%| Rank-20: 99.51%| mAP: 86.76%| mINP: 74.28%
Best Epoch [97]
==> Preparing Data Loader...
Epoch: [98][0/85] Time: 0.520 (0.520) lr:0.001204 base_lr:0.000120Loss: 0.2733 (0.2733) iLoss: 0.0252 (0.0252) CLoss: 0.0183 (0.0183) da_loss: 0.2096 (0.2096) dd_loss: 0.1879 (0.1879) Accu: 100.00
Test Epoch: 98
original feature:   Rank-1: 87.62% | Rank-5: 95.24% | Rank-10: 97.86%| Rank-20: 98.98%| mAP: 78.67%| mINP: 59.58%
feature after BN:   Rank-1: 91.70% | Rank-5: 96.31% | Rank-10: 98.25%| Rank-20: 99.42%| mAP: 86.40%| mINP: 73.79%
Best Epoch [97]
==> Preparing Data Loader...
Epoch: [99][0/85] Time: 0.490 (0.490) lr:0.000014 base_lr:0.000001Loss: 0.2401 (0.2401) iLoss: 0.0084 (0.0084) CLoss: 0.0042 (0.0042) da_loss: 0.1958 (0.1958) dd_loss: 0.1883 (0.1883) Accu: 100.00
Test Epoch: 99
original feature:   Rank-1: 87.91% | Rank-5: 95.44% | Rank-10: 97.91%| Rank-20: 99.13%| mAP: 78.63%| mINP: 59.22%
feature after BN:   Rank-1: 92.18% | Rank-5: 96.50% | Rank-10: 98.40%| Rank-20: 99.42%| mAP: 86.59%| mINP: 73.35%
Best Epoch [97]
