==========
Args:Namespace(batch_size=6, dataset='mask1k', decay_step=16, dim=2048, gpu='0,1,2,3', img_h=288, img_w=144, log_path='log/', lr=0.1, lr_multipliers=[0.1, 0.2, 0.25, 1.0, 1.0, 1.0], margin=0.45, max_epoch=100, mode='all', model_path='save_model/', num_pos=4, pool_dim=2048, rerank='no', save_epoch=1000, seed=0, test_batch=64, test_style='A', train_style='A', trial=1, tta=False, warm_up_epoch=8, workers=4)
==========
==> Loading data..
data init success!
==> Building model..
==> Building success!..
==> Start Training...
==> Preparing Data Loader...
Epoch: [0][0/41] Time: 2.504 (2.504) lr:0.006107 base_lr:0.000611Loss: 14.5271 (14.5271) iLoss: 6.2210 (6.2210) CLoss: 1.3736 (1.3736) da_loss: 0.9777 (0.9777) dd_loss: 6.7369 (6.7369) Accu: 0.00
Test Epoch: 0
original feature:   Rank-1: 0.40% | Rank-5: 2.61% | Rank-10: 5.42%| Rank-20: 9.24%| mAP: 1.53%| mINP: 0.76%
feature after BN:   Rank-1: 0.40% | Rank-5: 2.61% | Rank-10: 5.42%| Rank-20: 10.44%| mAP: 1.71%| mINP: 0.82%
Best Epoch [0]
==> Preparing Data Loader...
Epoch: [1][0/41] Time: 0.532 (0.532) lr:0.012356 base_lr:0.001236Loss: 13.6414 (13.6414) iLoss: 5.9161 (5.9161) CLoss: 1.1950 (1.1950) da_loss: 0.6413 (0.6413) dd_loss: 6.4020 (6.4020) Accu: 2.08
Test Epoch: 1
original feature:   Rank-1: 1.20% | Rank-5: 5.82% | Rank-10: 7.43%| Rank-20: 10.84%| mAP: 2.51%| mINP: 1.00%
feature after BN:   Rank-1: 1.00% | Rank-5: 5.82% | Rank-10: 7.83%| Rank-20: 12.25%| mAP: 2.45%| mINP: 1.06%
Best Epoch [1]
==> Preparing Data Loader...
Epoch: [2][0/41] Time: 0.545 (0.545) lr:0.018606 base_lr:0.001861Loss: 12.5400 (12.5400) iLoss: 5.1506 (5.1506) CLoss: 1.0969 (1.0969) da_loss: 0.6585 (0.6585) dd_loss: 6.1608 (6.1608) Accu: 12.50
Test Epoch: 2
original feature:   Rank-1: 0.80% | Rank-5: 3.21% | Rank-10: 6.63%| Rank-20: 11.04%| mAP: 1.95%| mINP: 0.73%
feature after BN:   Rank-1: 0.80% | Rank-5: 4.22% | Rank-10: 9.44%| Rank-20: 14.46%| mAP: 2.21%| mINP: 0.77%
Best Epoch [1]
==> Preparing Data Loader...
Epoch: [3][0/41] Time: 0.509 (0.509) lr:0.024855 base_lr:0.002486Loss: 12.5465 (12.5465) iLoss: 5.1339 (5.1339) CLoss: 1.2060 (1.2060) da_loss: 0.7243 (0.7243) dd_loss: 6.0617 (6.0617) Accu: 20.83
Test Epoch: 3
original feature:   Rank-1: 2.01% | Rank-5: 7.03% | Rank-10: 11.45%| Rank-20: 16.47%| mAP: 3.13%| mINP: 0.96%
feature after BN:   Rank-1: 1.81% | Rank-5: 6.43% | Rank-10: 10.64%| Rank-20: 15.26%| mAP: 3.10%| mINP: 1.06%
Best Epoch [3]
==> Preparing Data Loader...
Epoch: [4][0/41] Time: 0.508 (0.508) lr:0.031104 base_lr:0.003110Loss: 12.1996 (12.1996) iLoss: 4.7864 (4.7864) CLoss: 1.1200 (1.1200) da_loss: 0.7153 (0.7153) dd_loss: 6.1502 (6.1502) Accu: 18.75
Test Epoch: 4
original feature:   Rank-1: 1.61% | Rank-5: 3.82% | Rank-10: 6.43%| Rank-20: 11.24%| mAP: 2.10%| mINP: 0.64%
feature after BN:   Rank-1: 1.61% | Rank-5: 4.22% | Rank-10: 5.82%| Rank-20: 12.65%| mAP: 2.28%| mINP: 0.73%
Best Epoch [3]
==> Preparing Data Loader...
Epoch: [5][0/41] Time: 0.432 (0.432) lr:0.037354 base_lr:0.003735Loss: 15.8519 (15.8519) iLoss: 7.8742 (7.8742) CLoss: 1.1343 (1.1343) da_loss: 0.7780 (0.7780) dd_loss: 6.6878 (6.6878) Accu: 6.25
Test Epoch: 5
original feature:   Rank-1: 0.20% | Rank-5: 1.61% | Rank-10: 2.41%| Rank-20: 5.82%| mAP: 1.15%| mINP: 0.53%
feature after BN:   Rank-1: 0.60% | Rank-5: 2.21% | Rank-10: 4.42%| Rank-20: 9.24%| mAP: 1.55%| mINP: 0.69%
Best Epoch [3]
==> Preparing Data Loader...
Epoch: [6][0/41] Time: 0.439 (0.439) lr:0.043603 base_lr:0.004360Loss: 13.0834 (13.0834) iLoss: 5.6540 (5.6540) CLoss: 1.1111 (1.1111) da_loss: 0.9286 (0.9286) dd_loss: 6.1325 (6.1325) Accu: 18.75
Test Epoch: 6
original feature:   Rank-1: 1.20% | Rank-5: 3.01% | Rank-10: 6.43%| Rank-20: 9.24%| mAP: 1.95%| mINP: 0.68%
feature after BN:   Rank-1: 1.41% | Rank-5: 5.42% | Rank-10: 6.43%| Rank-20: 11.04%| mAP: 2.42%| mINP: 0.99%
Best Epoch [3]
==> Preparing Data Loader...
Epoch: [7][0/41] Time: 0.405 (0.405) lr:0.049853 base_lr:0.004985Loss: 14.0538 (14.0538) iLoss: 5.9517 (5.9517) CLoss: 1.3552 (1.3552) da_loss: 0.9300 (0.9300) dd_loss: 6.5609 (6.5609) Accu: 16.67
Test Epoch: 7
original feature:   Rank-1: 1.41% | Rank-5: 5.02% | Rank-10: 7.83%| Rank-20: 10.24%| mAP: 2.62%| mINP: 1.13%
feature after BN:   Rank-1: 0.80% | Rank-5: 5.02% | Rank-10: 7.43%| Rank-20: 10.64%| mAP: 2.28%| mINP: 1.07%
Best Epoch [3]
==> Preparing Data Loader...
Epoch: [8][0/41] Time: 0.456 (0.456) lr:0.056102 base_lr:0.005610Loss: 15.7218 (15.7218) iLoss: 7.4900 (7.4900) CLoss: 1.3324 (1.3324) da_loss: 1.0078 (1.0078) dd_loss: 6.6978 (6.6978) Accu: 8.33
Test Epoch: 8
original feature:   Rank-1: 1.00% | Rank-5: 1.81% | Rank-10: 2.41%| Rank-20: 4.82%| mAP: 1.27%| mINP: 0.47%
feature after BN:   Rank-1: 1.20% | Rank-5: 2.41% | Rank-10: 3.61%| Rank-20: 7.23%| mAP: 1.58%| mINP: 0.57%
Best Epoch [3]
==> Preparing Data Loader...
Epoch: [9][0/41] Time: 0.456 (0.456) lr:0.062351 base_lr:0.006235Loss: 14.0469 (14.0469) iLoss: 6.4552 (6.4552) CLoss: 1.1707 (1.1707) da_loss: 0.9142 (0.9142) dd_loss: 6.2382 (6.2382) Accu: 8.33
Test Epoch: 9
original feature:   Rank-1: 0.80% | Rank-5: 2.41% | Rank-10: 4.22%| Rank-20: 8.23%| mAP: 1.53%| mINP: 0.68%
feature after BN:   Rank-1: 1.61% | Rank-5: 5.22% | Rank-10: 8.43%| Rank-20: 14.46%| mAP: 2.62%| mINP: 0.96%
Best Epoch [3]
==> Preparing Data Loader...
Epoch: [10][0/41] Time: 0.431 (0.431) lr:0.068601 base_lr:0.006860Loss: 10.7031 (10.7031) iLoss: 3.6158 (3.6158) CLoss: 1.1286 (1.1286) da_loss: 0.8893 (0.8893) dd_loss: 5.7809 (5.7809) Accu: 31.25
Test Epoch: 10
original feature:   Rank-1: 3.41% | Rank-5: 11.04% | Rank-10: 15.26%| Rank-20: 20.48%| mAP: 4.89%| mINP: 2.14%
feature after BN:   Rank-1: 4.42% | Rank-5: 11.24% | Rank-10: 17.07%| Rank-20: 25.70%| mAP: 5.74%| mINP: 2.50%
Best Epoch [10]
==> Preparing Data Loader...
Epoch: [11][0/41] Time: 0.506 (0.506) lr:0.074850 base_lr:0.007485Loss: 9.6758 (9.6758) iLoss: 3.0421 (3.0421) CLoss: 1.0540 (1.0540) da_loss: 0.7850 (0.7850) dd_loss: 5.4227 (5.4227) Accu: 39.58
Test Epoch: 11
original feature:   Rank-1: 3.61% | Rank-5: 8.63% | Rank-10: 13.25%| Rank-20: 20.68%| mAP: 4.74%| mINP: 2.12%
feature after BN:   Rank-1: 4.62% | Rank-5: 11.24% | Rank-10: 16.27%| Rank-20: 24.90%| mAP: 5.81%| mINP: 2.48%
Best Epoch [11]
==> Preparing Data Loader...
Epoch: [12][0/41] Time: 0.528 (0.528) lr:0.081099 base_lr:0.008110Loss: 9.4749 (9.4749) iLoss: 2.8417 (2.8417) CLoss: 0.8267 (0.8267) da_loss: 0.7551 (0.7551) dd_loss: 5.6554 (5.6554) Accu: 50.00
Test Epoch: 12
original feature:   Rank-1: 5.02% | Rank-5: 13.65% | Rank-10: 20.28%| Rank-20: 30.52%| mAP: 6.30%| mINP: 2.24%
feature after BN:   Rank-1: 7.43% | Rank-5: 18.67% | Rank-10: 27.31%| Rank-20: 37.75%| mAP: 8.81%| mINP: 3.65%
Best Epoch [12]
==> Preparing Data Loader...
Epoch: [13][0/41] Time: 0.438 (0.438) lr:0.087349 base_lr:0.008735Loss: 9.3474 (9.3474) iLoss: 2.9702 (2.9702) CLoss: 1.0421 (1.0421) da_loss: 0.8825 (0.8825) dd_loss: 5.1586 (5.1586) Accu: 27.08
Test Epoch: 13
original feature:   Rank-1: 4.02% | Rank-5: 13.05% | Rank-10: 20.68%| Rank-20: 27.51%| mAP: 5.79%| mINP: 1.86%
feature after BN:   Rank-1: 6.63% | Rank-5: 16.67% | Rank-10: 23.49%| Rank-20: 35.34%| mAP: 8.02%| mINP: 3.15%
Best Epoch [12]
==> Preparing Data Loader...
Epoch: [14][0/41] Time: 0.448 (0.448) lr:0.093598 base_lr:0.009360Loss: 7.0283 (7.0283) iLoss: 1.2769 (1.2769) CLoss: 0.7768 (0.7768) da_loss: 0.7808 (0.7808) dd_loss: 4.8185 (4.8185) Accu: 75.00
Test Epoch: 14
original feature:   Rank-1: 6.22% | Rank-5: 14.06% | Rank-10: 19.68%| Rank-20: 26.91%| mAP: 6.72%| mINP: 2.35%
feature after BN:   Rank-1: 8.43% | Rank-5: 20.08% | Rank-10: 28.51%| Rank-20: 39.76%| mAP: 10.10%| mINP: 4.51%
Best Epoch [14]
==> Preparing Data Loader...
Epoch: [15][0/41] Time: 0.462 (0.462) lr:0.099848 base_lr:0.009985Loss: 7.6778 (7.6778) iLoss: 1.7912 (1.7912) CLoss: 0.9419 (0.9419) da_loss: 0.7949 (0.7949) dd_loss: 4.7857 (4.7857) Accu: 70.83
Test Epoch: 15
original feature:   Rank-1: 5.62% | Rank-5: 14.66% | Rank-10: 21.29%| Rank-20: 30.92%| mAP: 6.93%| mINP: 2.83%
feature after BN:   Rank-1: 8.84% | Rank-5: 23.69% | Rank-10: 34.54%| Rank-20: 46.39%| mAP: 11.08%| mINP: 4.79%
Best Epoch [15]
==> Preparing Data Loader...
Epoch: [16][0/41] Time: 0.515 (0.515) lr:0.098839 base_lr:0.009884Loss: 6.1938 (6.1938) iLoss: 1.0057 (1.0057) CLoss: 0.7657 (0.7657) da_loss: 0.7923 (0.7923) dd_loss: 4.2639 (4.2639) Accu: 75.00
Test Epoch: 16
original feature:   Rank-1: 8.43% | Rank-5: 18.27% | Rank-10: 25.30%| Rank-20: 32.73%| mAP: 8.88%| mINP: 3.56%
feature after BN:   Rank-1: 11.04% | Rank-5: 26.91% | Rank-10: 36.14%| Rank-20: 45.18%| mAP: 12.50%| mINP: 5.73%
Best Epoch [16]
==> Preparing Data Loader...
Epoch: [17][0/41] Time: 0.450 (0.450) lr:0.097648 base_lr:0.009765Loss: 7.9231 (7.9231) iLoss: 1.9509 (1.9509) CLoss: 0.8278 (0.8278) da_loss: 0.7639 (0.7639) dd_loss: 4.9916 (4.9916) Accu: 58.33
Test Epoch: 17
original feature:   Rank-1: 7.23% | Rank-5: 20.48% | Rank-10: 27.31%| Rank-20: 36.55%| mAP: 8.92%| mINP: 3.62%
feature after BN:   Rank-1: 11.24% | Rank-5: 25.90% | Rank-10: 38.35%| Rank-20: 51.00%| mAP: 13.56%| mINP: 7.60%
Best Epoch [17]
==> Preparing Data Loader...
Epoch: [18][0/41] Time: 0.545 (0.545) lr:0.096458 base_lr:0.009646Loss: 6.3815 (6.3815) iLoss: 0.9544 (0.9544) CLoss: 0.6824 (0.6824) da_loss: 0.7133 (0.7133) dd_loss: 4.6020 (4.6020) Accu: 87.50
