==========
Args:Namespace(batch_size=6, dataset='mask1k', decay_step=16, dim=2048, gpu='0,1,2,3', img_h=288, img_w=144, log_path='log/', lr=0.1, lr_multipliers=[0.1, 0.2, 0.25, 1.0, 1.0, 1.0], margin=0.45, max_epoch=100, mode='all', model_path='save_model/', num_pos=4, pool_dim=2048, rerank='no', save_epoch=1000, seed=0, test_batch=64, test_style='ABCDEF', train_style='ABCDEF', trial=1, tta=False, warm_up_epoch=8, workers=4)
==========
==> Loading data..
tag: XResolution (282) - type: rational (5) Tag Location: 22 - Data Location: 62 - value: b'H\x00\x00\x00\x01\x00\x00\x00'
tag: YResolution (283) - type: rational (5) Tag Location: 34 - Data Location: 70 - value: b'H\x00\x00\x00\x01\x00\x00\x00'
tag: ResolutionUnit (296) - type: short (3) - value: b'\x02\x00'
tag: ExifIFD (34665) - type: long (4) - value: b'N\x00\x00\x00'
data init success!
==> Building model..
==> Building success!..
==> Start Training...
==> Preparing Data Loader...
Epoch: [0][0/97] Time: 2.510 (2.510) lr:0.006195 base_lr:0.000619Loss: 14.4128 (14.4128) iLoss: 6.2219 (6.2219) CLoss: 1.3144 (1.3144) da_loss: 0.9738 (0.9738) dd_loss: 6.6816 (6.6816) Accu: 0.00
Test Epoch: 0
original feature:   Rank-1: 0.42% | Rank-5: 2.03% | Rank-10: 3.71%| Rank-20: 7.34%| mAP: 1.37%| mINP: 0.55%
feature after BN:   Rank-1: 0.59% | Rank-5: 1.98% | Rank-10: 4.18%| Rank-20: 8.06%| mAP: 1.42%| mINP: 0.62%
Best Epoch [0]
==> Preparing Data Loader...
Epoch: [1][0/97] Time: 0.534 (0.534) lr:0.012444 base_lr:0.001244Loss: 13.6066 (13.6066) iLoss: 5.8270 (5.8270) CLoss: 1.1430 (1.1430) da_loss: 0.6032 (0.6032) dd_loss: 6.5160 (6.5160) Accu: 6.25
Test Epoch: 1
original feature:   Rank-1: 1.35% | Rank-5: 4.85% | Rank-10: 8.73%| Rank-20: 13.46%| mAP: 2.54%| mINP: 0.97%
feature after BN:   Rank-1: 1.22% | Rank-5: 4.64% | Rank-10: 8.35%| Rank-20: 12.91%| mAP: 2.54%| mINP: 1.11%
Best Epoch [1]
==> Preparing Data Loader...
Epoch: [2][0/97] Time: 0.540 (0.540) lr:0.018694 base_lr:0.001869Loss: 11.7994 (11.7994) iLoss: 4.5528 (4.5528) CLoss: 1.0924 (1.0924) da_loss: 0.6083 (0.6083) dd_loss: 6.0326 (6.0326) Accu: 22.92
Test Epoch: 2
original feature:   Rank-1: 2.07% | Rank-5: 6.79% | Rank-10: 10.21%| Rank-20: 15.91%| mAP: 3.23%| mINP: 1.15%
feature after BN:   Rank-1: 2.62% | Rank-5: 8.10% | Rank-10: 11.98%| Rank-20: 17.34%| mAP: 3.82%| mINP: 1.52%
Best Epoch [2]
==> Preparing Data Loader...
Epoch: [3][0/97] Time: 0.527 (0.527) lr:0.024943 base_lr:0.002494Loss: 10.6688 (10.6688) iLoss: 3.7916 (3.7916) CLoss: 1.0815 (1.0815) da_loss: 0.6013 (0.6013) dd_loss: 5.6754 (5.6754) Accu: 29.17
Test Epoch: 3
original feature:   Rank-1: 2.15% | Rank-5: 7.09% | Rank-10: 11.69%| Rank-20: 17.30%| mAP: 3.35%| mINP: 1.10%
feature after BN:   Rank-1: 2.87% | Rank-5: 7.59% | Rank-10: 12.87%| Rank-20: 19.32%| mAP: 3.93%| mINP: 1.49%
Best Epoch [3]
==> Preparing Data Loader...
Epoch: [4][0/97] Time: 0.545 (0.545) lr:0.031192 base_lr:0.003119Loss: 10.6121 (10.6121) iLoss: 3.6676 (3.6676) CLoss: 1.0360 (1.0360) da_loss: 0.6221 (0.6221) dd_loss: 5.7841 (5.7841) Accu: 39.58
Test Epoch: 4
original feature:   Rank-1: 2.19% | Rank-5: 5.86% | Rank-10: 8.90%| Rank-20: 14.09%| mAP: 3.05%| mINP: 1.11%
feature after BN:   Rank-1: 2.74% | Rank-5: 6.92% | Rank-10: 11.35%| Rank-20: 18.06%| mAP: 3.70%| mINP: 1.41%
Best Epoch [3]
==> Preparing Data Loader...
Epoch: [5][0/97] Time: 0.525 (0.525) lr:0.037442 base_lr:0.003744Loss: 12.9484 (12.9484) iLoss: 5.0873 (5.0873) CLoss: 1.1444 (1.1444) da_loss: 0.7774 (0.7774) dd_loss: 6.5613 (6.5613) Accu: 16.67
Test Epoch: 5
original feature:   Rank-1: 1.73% | Rank-5: 4.56% | Rank-10: 7.43%| Rank-20: 12.28%| mAP: 2.43%| mINP: 0.75%
feature after BN:   Rank-1: 3.25% | Rank-5: 8.31% | Rank-10: 11.69%| Rank-20: 17.30%| mAP: 3.84%| mINP: 1.13%
Best Epoch [5]
==> Preparing Data Loader...
Epoch: [6][0/97] Time: 0.516 (0.516) lr:0.043691 base_lr:0.004369Loss: 11.3617 (11.3617) iLoss: 4.1155 (4.1155) CLoss: 1.1243 (1.1243) da_loss: 0.8385 (0.8385) dd_loss: 5.9541 (5.9541) Accu: 31.25
Test Epoch: 6
original feature:   Rank-1: 1.98% | Rank-5: 5.91% | Rank-10: 9.32%| Rank-20: 14.18%| mAP: 2.91%| mINP: 0.92%
feature after BN:   Rank-1: 2.78% | Rank-5: 7.64% | Rank-10: 11.31%| Rank-20: 18.73%| mAP: 3.93%| mINP: 1.59%
Best Epoch [5]
==> Preparing Data Loader...
Epoch: [7][0/97] Time: 0.471 (0.471) lr:0.049941 base_lr:0.004994Loss: 11.5776 (11.5776) iLoss: 4.1952 (4.1952) CLoss: 1.0676 (1.0676) da_loss: 0.7866 (0.7866) dd_loss: 6.1574 (6.1574) Accu: 16.67
Test Epoch: 7
original feature:   Rank-1: 2.03% | Rank-5: 6.33% | Rank-10: 10.80%| Rank-20: 17.17%| mAP: 3.22%| mINP: 1.16%
feature after BN:   Rank-1: 3.71% | Rank-5: 11.81% | Rank-10: 17.43%| Rank-20: 25.11%| mAP: 5.39%| mINP: 2.23%
Best Epoch [7]
==> Preparing Data Loader...
Epoch: [8][0/97] Time: 0.528 (0.528) lr:0.056190 base_lr:0.005619Loss: 10.7995 (10.7995) iLoss: 3.9275 (3.9275) CLoss: 1.0501 (1.0501) da_loss: 0.7265 (0.7265) dd_loss: 5.6765 (5.6765) Accu: 35.42
Test Epoch: 8
original feature:   Rank-1: 3.97% | Rank-5: 10.51% | Rank-10: 14.73%| Rank-20: 21.10%| mAP: 4.77%| mINP: 1.49%
feature after BN:   Rank-1: 5.57% | Rank-5: 13.92% | Rank-10: 20.17%| Rank-20: 28.23%| mAP: 6.65%| mINP: 2.53%
Best Epoch [8]
==> Preparing Data Loader...
Epoch: [9][0/97] Time: 0.524 (0.524) lr:0.062439 base_lr:0.006244Loss: 9.2955 (9.2955) iLoss: 2.8341 (2.8341) CLoss: 1.0465 (1.0465) da_loss: 0.7327 (0.7327) dd_loss: 5.2684 (5.2684) Accu: 50.00
Test Epoch: 9
original feature:   Rank-1: 4.01% | Rank-5: 10.38% | Rank-10: 16.24%| Rank-20: 23.04%| mAP: 4.94%| mINP: 1.73%
feature after BN:   Rank-1: 6.92% | Rank-5: 16.67% | Rank-10: 23.88%| Rank-20: 33.46%| mAP: 8.05%| mINP: 3.24%
Best Epoch [9]
==> Preparing Data Loader...
Epoch: [10][0/97] Time: 0.533 (0.533) lr:0.068689 base_lr:0.006869Loss: 7.6916 (7.6916) iLoss: 1.7475 (1.7475) CLoss: 0.8683 (0.8683) da_loss: 0.6417 (0.6417) dd_loss: 4.9475 (4.9475) Accu: 50.00
Test Epoch: 10
original feature:   Rank-1: 4.85% | Rank-5: 12.49% | Rank-10: 17.30%| Rank-20: 24.68%| mAP: 5.59%| mINP: 1.74%
feature after BN:   Rank-1: 7.68% | Rank-5: 20.17% | Rank-10: 26.96%| Rank-20: 37.47%| mAP: 9.06%| mINP: 3.61%
Best Epoch [10]
==> Preparing Data Loader...
Epoch: [11][0/97] Time: 0.506 (0.506) lr:0.074938 base_lr:0.007494Loss: 6.8806 (6.8806) iLoss: 1.3016 (1.3016) CLoss: 0.8979 (0.8979) da_loss: 0.6441 (0.6441) dd_loss: 4.5523 (4.5523) Accu: 75.00
Test Epoch: 11
original feature:   Rank-1: 6.03% | Rank-5: 15.11% | Rank-10: 21.05%| Rank-20: 28.95%| mAP: 6.93%| mINP: 2.55%
feature after BN:   Rank-1: 8.23% | Rank-5: 21.65% | Rank-10: 29.49%| Rank-20: 38.73%| mAP: 9.56%| mINP: 3.94%
Best Epoch [11]
==> Preparing Data Loader...
Epoch: [12][0/97] Time: 0.515 (0.515) lr:0.081187 base_lr:0.008119Loss: 6.4056 (6.4056) iLoss: 0.9866 (0.9866) CLoss: 0.8619 (0.8619) da_loss: 0.6995 (0.6995) dd_loss: 4.4172 (4.4172) Accu: 81.25
Test Epoch: 12
original feature:   Rank-1: 6.54% | Rank-5: 15.40% | Rank-10: 21.56%| Rank-20: 30.21%| mAP: 7.12%| mINP: 2.36%
feature after BN:   Rank-1: 9.87% | Rank-5: 23.38% | Rank-10: 31.60%| Rank-20: 41.94%| mAP: 10.83%| mINP: 4.45%
Best Epoch [12]
==> Preparing Data Loader...
Epoch: [13][0/97] Time: 0.518 (0.518) lr:0.087437 base_lr:0.008744Loss: 5.6643 (5.6643) iLoss: 0.5687 (0.5687) CLoss: 0.7664 (0.7664) da_loss: 0.6637 (0.6637) dd_loss: 4.1966 (4.1966) Accu: 85.42
Test Epoch: 13
original feature:   Rank-1: 7.47% | Rank-5: 18.48% | Rank-10: 25.78%| Rank-20: 33.92%| mAP: 8.44%| mINP: 3.29%
feature after BN:   Rank-1: 10.93% | Rank-5: 25.74% | Rank-10: 34.56%| Rank-20: 45.06%| mAP: 12.29%| mINP: 5.54%
Best Epoch [13]
==> Preparing Data Loader...
Epoch: [14][0/97] Time: 0.546 (0.546) lr:0.093686 base_lr:0.009369Loss: 6.3295 (6.3295) iLoss: 0.9476 (0.9476) CLoss: 0.7619 (0.7619) da_loss: 0.6656 (0.6656) dd_loss: 4.4869 (4.4869) Accu: 72.92
Test Epoch: 14
original feature:   Rank-1: 8.31% | Rank-5: 19.32% | Rank-10: 26.54%| Rank-20: 36.08%| mAP: 9.06%| mINP: 3.29%
feature after BN:   Rank-1: 10.59% | Rank-5: 25.02% | Rank-10: 34.68%| Rank-20: 45.57%| mAP: 12.13%| mINP: 5.56%
Best Epoch [13]
==> Preparing Data Loader...
Epoch: [15][0/97] Time: 0.553 (0.553) lr:0.099936 base_lr:0.009994Loss: 6.1023 (6.1023) iLoss: 0.9292 (0.9292) CLoss: 0.8262 (0.8262) da_loss: 0.6029 (0.6029) dd_loss: 4.2264 (4.2264) Accu: 81.25
Test Epoch: 15
original feature:   Rank-1: 9.79% | Rank-5: 22.95% | Rank-10: 30.84%| Rank-20: 39.70%| mAP: 10.30%| mINP: 3.79%
feature after BN:   Rank-1: 13.38% | Rank-5: 27.85% | Rank-10: 37.17%| Rank-20: 48.86%| mAP: 13.78%| mINP: 6.24%
Best Epoch [15]
==> Preparing Data Loader...
Epoch: [16][0/97] Time: 0.573 (0.573) lr:0.098822 base_lr:0.009882Loss: 5.6219 (5.6219) iLoss: 0.5334 (0.5334) CLoss: 0.6488 (0.6488) da_loss: 0.6958 (0.6958) dd_loss: 4.3005 (4.3005) Accu: 87.50
Test Epoch: 16
original feature:   Rank-1: 8.14% | Rank-5: 20.04% | Rank-10: 27.51%| Rank-20: 36.50%| mAP: 9.01%| mINP: 3.37%
feature after BN:   Rank-1: 10.25% | Rank-5: 25.57% | Rank-10: 33.50%| Rank-20: 43.84%| mAP: 11.78%| mINP: 5.30%
Best Epoch [15]
==> Preparing Data Loader...
Epoch: [17][0/97] Time: 0.531 (0.531) lr:0.097631 base_lr:0.009763Loss: 6.0707 (6.0707) iLoss: 0.7085 (0.7085) CLoss: 0.7457 (0.7457) da_loss: 0.6516 (0.6516) dd_loss: 4.4861 (4.4861) Accu: 87.50
Test Epoch: 17
original feature:   Rank-1: 7.47% | Rank-5: 19.16% | Rank-10: 27.09%| Rank-20: 35.44%| mAP: 8.59%| mINP: 3.19%
feature after BN:   Rank-1: 11.69% | Rank-5: 27.05% | Rank-10: 36.29%| Rank-20: 46.79%| mAP: 12.82%| mINP: 5.87%
Best Epoch [15]
==> Preparing Data Loader...
Epoch: [18][0/97] Time: 0.556 (0.556) lr:0.096441 base_lr:0.009644Loss: 6.0238 (6.0238) iLoss: 0.5955 (0.5955) CLoss: 0.6862 (0.6862) da_loss: 0.6628 (0.6628) dd_loss: 4.6096 (4.6096) Accu: 89.58
Test Epoch: 18
original feature:   Rank-1: 10.30% | Rank-5: 22.24% | Rank-10: 30.93%| Rank-20: 40.34%| mAP: 10.51%| mINP: 3.92%
feature after BN:   Rank-1: 14.94% | Rank-5: 31.27% | Rank-10: 40.55%| Rank-20: 51.69%| mAP: 15.14%| mINP: 6.97%
Best Epoch [18]
==> Preparing Data Loader...
Epoch: [19][0/97] Time: 0.561 (0.561) lr:0.095250 base_lr:0.009525Loss: 5.2242 (5.2242) iLoss: 0.3997 (0.3997) CLoss: 0.6868 (0.6868) da_loss: 0.6828 (0.6828) dd_loss: 4.0012 (4.0012) Accu: 93.75
Test Epoch: 19
original feature:   Rank-1: 10.00% | Rank-5: 24.05% | Rank-10: 31.77%| Rank-20: 40.89%| mAP: 11.00%| mINP: 4.64%
feature after BN:   Rank-1: 14.18% | Rank-5: 32.78% | Rank-10: 42.78%| Rank-20: 54.94%| mAP: 15.36%| mINP: 7.08%
Best Epoch [18]
==> Preparing Data Loader...
Epoch: [20][0/97] Time: 0.515 (0.515) lr:0.094060 base_lr:0.009406Loss: 5.1505 (5.1505) iLoss: 0.4275 (0.4275) CLoss: 0.6100 (0.6100) da_loss: 0.6597 (0.6597) dd_loss: 3.9810 (3.9810) Accu: 89.58
Test Epoch: 20
original feature:   Rank-1: 10.72% | Rank-5: 23.76% | Rank-10: 32.15%| Rank-20: 43.04%| mAP: 11.06%| mINP: 4.21%
feature after BN:   Rank-1: 15.74% | Rank-5: 34.35% | Rank-10: 44.26%| Rank-20: 56.20%| mAP: 16.45%| mINP: 7.81%
Best Epoch [20]
==> Preparing Data Loader...
Epoch: [21][0/97] Time: 0.556 (0.556) lr:0.092869 base_lr:0.009287Loss: 4.4776 (4.4776) iLoss: 0.2249 (0.2249) CLoss: 0.5402 (0.5402) da_loss: 0.6324 (0.6324) dd_loss: 3.5859 (3.5859) Accu: 95.83
Test Epoch: 21
original feature:   Rank-1: 10.97% | Rank-5: 24.56% | Rank-10: 33.67%| Rank-20: 43.63%| mAP: 11.58%| mINP: 4.88%
feature after BN:   Rank-1: 15.99% | Rank-5: 34.43% | Rank-10: 45.65%| Rank-20: 56.75%| mAP: 16.74%| mINP: 8.21%
Best Epoch [21]
==> Preparing Data Loader...
Epoch: [22][0/97] Time: 0.555 (0.555) lr:0.091679 base_lr:0.009168Loss: 4.6915 (4.6915) iLoss: 0.0757 (0.0757) CLoss: 0.4350 (0.4350) da_loss: 0.5994 (0.5994) dd_loss: 4.0609 (4.0609) Accu: 100.00
Test Epoch: 22
original feature:   Rank-1: 12.74% | Rank-5: 29.32% | Rank-10: 39.07%| Rank-20: 49.49%| mAP: 13.80%| mINP: 6.05%
feature after BN:   Rank-1: 17.30% | Rank-5: 35.95% | Rank-10: 46.92%| Rank-20: 58.57%| mAP: 18.33%| mINP: 9.60%
Best Epoch [22]
==> Preparing Data Loader...
Epoch: [23][0/97] Time: 0.552 (0.552) lr:0.090488 base_lr:0.009049Loss: 4.8977 (4.8977) iLoss: 0.3513 (0.3513) CLoss: 0.4710 (0.4710) da_loss: 0.6346 (0.6346) dd_loss: 3.9486 (3.9486) Accu: 93.75
Test Epoch: 23
original feature:   Rank-1: 11.43% | Rank-5: 27.34% | Rank-10: 35.36%| Rank-20: 45.44%| mAP: 12.39%| mINP: 5.23%
feature after BN:   Rank-1: 16.67% | Rank-5: 36.03% | Rank-10: 46.58%| Rank-20: 57.51%| mAP: 17.60%| mINP: 8.69%
Best Epoch [22]
==> Preparing Data Loader...
Epoch: [24][0/97] Time: 0.558 (0.558) lr:0.089298 base_lr:0.008930Loss: 4.1696 (4.1696) iLoss: 0.1262 (0.1262) CLoss: 0.4701 (0.4701) da_loss: 0.6377 (0.6377) dd_loss: 3.4458 (3.4458) Accu: 97.92
Test Epoch: 24
original feature:   Rank-1: 11.77% | Rank-5: 28.06% | Rank-10: 36.67%| Rank-20: 47.76%| mAP: 12.78%| mINP: 5.21%
feature after BN:   Rank-1: 15.78% | Rank-5: 35.61% | Rank-10: 47.47%| Rank-20: 59.92%| mAP: 17.26%| mINP: 8.42%
Best Epoch [22]
==> Preparing Data Loader...
Epoch: [25][0/97] Time: 0.542 (0.542) lr:0.088108 base_lr:0.008811Loss: 4.3595 (4.3595) iLoss: 0.2245 (0.2245) CLoss: 0.4819 (0.4819) da_loss: 0.5735 (0.5735) dd_loss: 3.5384 (3.5384) Accu: 95.83
Test Epoch: 25
original feature:   Rank-1: 12.45% | Rank-5: 27.93% | Rank-10: 36.20%| Rank-20: 46.33%| mAP: 13.16%| mINP: 5.80%
feature after BN:   Rank-1: 16.92% | Rank-5: 37.05% | Rank-10: 47.85%| Rank-20: 59.87%| mAP: 18.15%| mINP: 9.34%
Best Epoch [22]
==> Preparing Data Loader...
Epoch: [26][0/97] Time: 0.529 (0.529) lr:0.086917 base_lr:0.008692Loss: 4.5109 (4.5109) iLoss: 0.0990 (0.0990) CLoss: 0.4140 (0.4140) da_loss: 0.6062 (0.6062) dd_loss: 3.8767 (3.8767) Accu: 97.92
Test Epoch: 26
original feature:   Rank-1: 11.14% | Rank-5: 26.54% | Rank-10: 34.60%| Rank-20: 45.86%| mAP: 12.36%| mINP: 5.60%
feature after BN:   Rank-1: 17.22% | Rank-5: 36.79% | Rank-10: 48.31%| Rank-20: 59.32%| mAP: 18.47%| mINP: 9.79%
Best Epoch [22]
==> Preparing Data Loader...
Epoch: [27][0/97] Time: 0.555 (0.555) lr:0.085727 base_lr:0.008573Loss: 4.6693 (4.6693) iLoss: 0.3429 (0.3429) CLoss: 0.3800 (0.3800) da_loss: 0.5895 (0.5895) dd_loss: 3.8285 (3.8285) Accu: 93.75
Test Epoch: 27
original feature:   Rank-1: 14.81% | Rank-5: 30.80% | Rank-10: 40.76%| Rank-20: 51.69%| mAP: 14.97%| mINP: 6.69%
feature after BN:   Rank-1: 17.00% | Rank-5: 37.59% | Rank-10: 48.23%| Rank-20: 60.63%| mAP: 18.34%| mINP: 9.60%
Best Epoch [22]
==> Preparing Data Loader...
Epoch: [28][0/97] Time: 0.518 (0.518) lr:0.084536 base_lr:0.008454Loss: 4.4745 (4.4745) iLoss: 0.2402 (0.2402) CLoss: 0.2703 (0.2703) da_loss: 0.5759 (0.5759) dd_loss: 3.8488 (3.8488) Accu: 93.75
Test Epoch: 28
original feature:   Rank-1: 13.97% | Rank-5: 31.01% | Rank-10: 41.43%| Rank-20: 52.45%| mAP: 14.58%| mINP: 6.29%
feature after BN:   Rank-1: 17.17% | Rank-5: 39.07% | Rank-10: 49.37%| Rank-20: 62.03%| mAP: 19.15%| mINP: 10.24%
Best Epoch [22]
==> Preparing Data Loader...
Epoch: [29][0/97] Time: 0.474 (0.474) lr:0.083346 base_lr:0.008335Loss: 4.2611 (4.2611) iLoss: 0.1438 (0.1438) CLoss: 0.2893 (0.2893) da_loss: 0.5723 (0.5723) dd_loss: 3.7135 (3.7135) Accu: 97.92
Test Epoch: 29
original feature:   Rank-1: 12.87% | Rank-5: 29.87% | Rank-10: 38.73%| Rank-20: 49.49%| mAP: 13.90%| mINP: 6.13%
feature after BN:   Rank-1: 18.02% | Rank-5: 38.19% | Rank-10: 47.93%| Rank-20: 59.49%| mAP: 18.95%| mINP: 9.75%
Best Epoch [29]
==> Preparing Data Loader...
Epoch: [30][0/97] Time: 0.572 (0.572) lr:0.082155 base_lr:0.008216Loss: 4.1843 (4.1843) iLoss: 0.1949 (0.1949) CLoss: 0.2912 (0.2912) da_loss: 0.5820 (0.5820) dd_loss: 3.5818 (3.5818) Accu: 97.92
Test Epoch: 30
original feature:   Rank-1: 13.29% | Rank-5: 29.16% | Rank-10: 38.02%| Rank-20: 48.86%| mAP: 13.81%| mINP: 6.05%
feature after BN:   Rank-1: 18.35% | Rank-5: 38.73% | Rank-10: 50.00%| Rank-20: 62.53%| mAP: 19.41%| mINP: 10.13%
Best Epoch [30]
==> Preparing Data Loader...
Epoch: [31][0/97] Time: 0.596 (0.596) lr:0.080965 base_lr:0.008096Loss: 4.4364 (4.4364) iLoss: 0.4015 (0.4015) CLoss: 0.2694 (0.2694) da_loss: 0.5588 (0.5588) dd_loss: 3.6538 (3.6538) Accu: 89.58
Test Epoch: 31
original feature:   Rank-1: 12.03% | Rank-5: 26.54% | Rank-10: 35.91%| Rank-20: 46.12%| mAP: 12.83%| mINP: 5.81%
feature after BN:   Rank-1: 17.85% | Rank-5: 37.13% | Rank-10: 47.72%| Rank-20: 60.04%| mAP: 18.85%| mINP: 9.92%
Best Epoch [30]
==> Preparing Data Loader...
Epoch: [32][0/97] Time: 0.529 (0.529) lr:0.079774 base_lr:0.007977Loss: 4.5740 (4.5740) iLoss: 0.4612 (0.4612) CLoss: 0.2945 (0.2945) da_loss: 0.6030 (0.6030) dd_loss: 3.6977 (3.6977) Accu: 87.50
Test Epoch: 32
original feature:   Rank-1: 14.39% | Rank-5: 32.07% | Rank-10: 41.69%| Rank-20: 52.91%| mAP: 14.83%| mINP: 6.38%
feature after BN:   Rank-1: 19.03% | Rank-5: 40.68% | Rank-10: 51.65%| Rank-20: 64.47%| mAP: 20.27%| mINP: 10.74%
Best Epoch [32]
==> Preparing Data Loader...
Epoch: [33][0/97] Time: 0.548 (0.548) lr:0.078584 base_lr:0.007858Loss: 4.2235 (4.2235) iLoss: 0.1686 (0.1686) CLoss: 0.2860 (0.2860) da_loss: 0.6130 (0.6130) dd_loss: 3.6464 (3.6464) Accu: 95.83
Test Epoch: 33
original feature:   Rank-1: 13.80% | Rank-5: 30.93% | Rank-10: 40.59%| Rank-20: 51.27%| mAP: 14.39%| mINP: 6.20%
feature after BN:   Rank-1: 19.58% | Rank-5: 40.08% | Rank-10: 51.90%| Rank-20: 64.22%| mAP: 20.47%| mINP: 10.73%
Best Epoch [33]
==> Preparing Data Loader...
Epoch: [34][0/97] Time: 0.551 (0.551) lr:0.077393 base_lr:0.007739Loss: 4.3512 (4.3512) iLoss: 0.3295 (0.3295) CLoss: 0.3072 (0.3072) da_loss: 0.6180 (0.6180) dd_loss: 3.5909 (3.5909) Accu: 91.67
Test Epoch: 34
original feature:   Rank-1: 13.29% | Rank-5: 30.21% | Rank-10: 39.32%| Rank-20: 49.87%| mAP: 14.29%| mINP: 6.47%
feature after BN:   Rank-1: 18.99% | Rank-5: 40.21% | Rank-10: 52.41%| Rank-20: 64.01%| mAP: 20.49%| mINP: 11.10%
Best Epoch [33]
==> Preparing Data Loader...
Epoch: [35][0/97] Time: 0.571 (0.571) lr:0.076203 base_lr:0.007620Loss: 4.3519 (4.3519) iLoss: 0.2059 (0.2059) CLoss: 0.1888 (0.1888) da_loss: 0.6007 (0.6007) dd_loss: 3.8371 (3.8371) Accu: 97.92
Test Epoch: 35
original feature:   Rank-1: 14.47% | Rank-5: 31.14% | Rank-10: 40.25%| Rank-20: 52.36%| mAP: 14.93%| mINP: 6.65%
feature after BN:   Rank-1: 19.92% | Rank-5: 40.30% | Rank-10: 51.90%| Rank-20: 64.60%| mAP: 20.59%| mINP: 10.81%
Best Epoch [35]
==> Preparing Data Loader...
Epoch: [36][0/97] Time: 0.518 (0.518) lr:0.075012 base_lr:0.007501Loss: 4.4174 (4.4174) iLoss: 0.2875 (0.2875) CLoss: 0.2621 (0.2621) da_loss: 0.5665 (0.5665) dd_loss: 3.7545 (3.7545) Accu: 95.83
Test Epoch: 36
original feature:   Rank-1: 14.14% | Rank-5: 31.22% | Rank-10: 41.31%| Rank-20: 52.07%| mAP: 14.93%| mINP: 6.78%
feature after BN:   Rank-1: 19.83% | Rank-5: 40.46% | Rank-10: 51.98%| Rank-20: 65.02%| mAP: 20.87%| mINP: 11.25%
Best Epoch [35]
==> Preparing Data Loader...
Epoch: [37][0/97] Time: 0.502 (0.502) lr:0.073822 base_lr:0.007382Loss: 3.7662 (3.7662) iLoss: 0.0731 (0.0731) CLoss: 0.2027 (0.2027) da_loss: 0.5264 (0.5264) dd_loss: 3.3852 (3.3852) Accu: 100.00
Test Epoch: 37
original feature:   Rank-1: 16.33% | Rank-5: 33.63% | Rank-10: 43.46%| Rank-20: 55.44%| mAP: 16.38%| mINP: 7.34%
feature after BN:   Rank-1: 20.42% | Rank-5: 42.32% | Rank-10: 52.83%| Rank-20: 64.35%| mAP: 21.09%| mINP: 11.15%
Best Epoch [37]
==> Preparing Data Loader...
Epoch: [38][0/97] Time: 0.525 (0.525) lr:0.072631 base_lr:0.007263Loss: 3.9446 (3.9446) iLoss: 0.1150 (0.1150) CLoss: 0.1930 (0.1930) da_loss: 0.5591 (0.5591) dd_loss: 3.5249 (3.5249) Accu: 100.00
Test Epoch: 38
original feature:   Rank-1: 14.60% | Rank-5: 31.18% | Rank-10: 40.72%| Rank-20: 52.83%| mAP: 14.97%| mINP: 6.66%
feature after BN:   Rank-1: 20.04% | Rank-5: 42.07% | Rank-10: 54.22%| Rank-20: 65.53%| mAP: 21.15%| mINP: 11.50%
Best Epoch [37]
==> Preparing Data Loader...
Epoch: [39][0/97] Time: 0.565 (0.565) lr:0.071441 base_lr:0.007144Loss: 3.9804 (3.9804) iLoss: 0.1827 (0.1827) CLoss: 0.2036 (0.2036) da_loss: 0.5503 (0.5503) dd_loss: 3.4841 (3.4841) Accu: 97.92
Test Epoch: 39
original feature:   Rank-1: 15.65% | Rank-5: 32.83% | Rank-10: 42.57%| Rank-20: 53.46%| mAP: 15.99%| mINP: 7.40%
feature after BN:   Rank-1: 21.18% | Rank-5: 41.27% | Rank-10: 52.74%| Rank-20: 64.98%| mAP: 21.65%| mINP: 11.87%
Best Epoch [39]
==> Preparing Data Loader...
Epoch: [40][0/97] Time: 0.560 (0.560) lr:0.070250 base_lr:0.007025Loss: 4.0013 (4.0013) iLoss: 0.1145 (0.1145) CLoss: 0.1191 (0.1191) da_loss: 0.5961 (0.5961) dd_loss: 3.6485 (3.6485) Accu: 100.00
Test Epoch: 40
original feature:   Rank-1: 14.35% | Rank-5: 31.10% | Rank-10: 40.93%| Rank-20: 52.49%| mAP: 15.06%| mINP: 6.87%
feature after BN:   Rank-1: 20.34% | Rank-5: 40.08% | Rank-10: 52.24%| Rank-20: 64.47%| mAP: 20.97%| mINP: 11.57%
Best Epoch [39]
==> Preparing Data Loader...
Epoch: [41][0/97] Time: 0.479 (0.479) lr:0.069060 base_lr:0.006906Loss: 3.6805 (3.6805) iLoss: 0.0603 (0.0603) CLoss: 0.0872 (0.0872) da_loss: 0.5488 (0.5488) dd_loss: 3.4232 (3.4232) Accu: 100.00
Test Epoch: 41
original feature:   Rank-1: 14.77% | Rank-5: 31.90% | Rank-10: 41.65%| Rank-20: 53.71%| mAP: 15.47%| mINP: 7.47%
feature after BN:   Rank-1: 19.49% | Rank-5: 39.87% | Rank-10: 52.62%| Rank-20: 64.47%| mAP: 21.23%| mINP: 12.33%
Best Epoch [39]
==> Preparing Data Loader...
Epoch: [42][0/97] Time: 0.510 (0.510) lr:0.067869 base_lr:0.006787Loss: 3.5559 (3.5559) iLoss: 0.0910 (0.0910) CLoss: 0.0876 (0.0876) da_loss: 0.5238 (0.5238) dd_loss: 3.2726 (3.2726) Accu: 97.92
Test Epoch: 42
original feature:   Rank-1: 15.82% | Rank-5: 33.04% | Rank-10: 43.38%| Rank-20: 54.43%| mAP: 16.29%| mINP: 7.65%
feature after BN:   Rank-1: 19.45% | Rank-5: 39.83% | Rank-10: 52.70%| Rank-20: 65.15%| mAP: 21.12%| mINP: 12.13%
Best Epoch [39]
==> Preparing Data Loader...
Epoch: [43][0/97] Time: 0.521 (0.521) lr:0.066679 base_lr:0.006668Loss: 4.1495 (4.1495) iLoss: 0.1249 (0.1249) CLoss: 0.1023 (0.1023) da_loss: 0.5089 (0.5089) dd_loss: 3.8205 (3.8205) Accu: 97.92
Test Epoch: 43
original feature:   Rank-1: 16.67% | Rank-5: 33.84% | Rank-10: 43.59%| Rank-20: 54.05%| mAP: 16.60%| mINP: 7.57%
feature after BN:   Rank-1: 20.97% | Rank-5: 41.52% | Rank-10: 53.42%| Rank-20: 66.03%| mAP: 21.71%| mINP: 11.91%
Best Epoch [39]
==> Preparing Data Loader...
Epoch: [44][0/97] Time: 0.544 (0.544) lr:0.065488 base_lr:0.006549Loss: 3.8392 (3.8392) iLoss: 0.1150 (0.1150) CLoss: 0.1697 (0.1697) da_loss: 0.5155 (0.5155) dd_loss: 3.4514 (3.4514) Accu: 97.92
Test Epoch: 44
original feature:   Rank-1: 15.32% | Rank-5: 33.54% | Rank-10: 42.78%| Rank-20: 53.33%| mAP: 15.91%| mINP: 7.28%
feature after BN:   Rank-1: 20.34% | Rank-5: 41.98% | Rank-10: 53.59%| Rank-20: 65.74%| mAP: 21.65%| mINP: 12.13%
Best Epoch [39]
==> Preparing Data Loader...
Epoch: [45][0/97] Time: 0.558 (0.558) lr:0.064298 base_lr:0.006430Loss: 3.5131 (3.5131) iLoss: 0.0422 (0.0422) CLoss: 0.1321 (0.1321) da_loss: 0.5466 (0.5466) dd_loss: 3.2295 (3.2295) Accu: 100.00
Test Epoch: 45
original feature:   Rank-1: 15.49% | Rank-5: 35.06% | Rank-10: 44.94%| Rank-20: 55.99%| mAP: 16.68%| mINP: 7.96%
feature after BN:   Rank-1: 21.27% | Rank-5: 42.95% | Rank-10: 53.46%| Rank-20: 67.09%| mAP: 22.36%| mINP: 12.48%
Best Epoch [45]
==> Preparing Data Loader...
Epoch: [46][0/97] Time: 0.525 (0.525) lr:0.063108 base_lr:0.006311Loss: 3.6190 (3.6190) iLoss: 0.0707 (0.0707) CLoss: 0.0853 (0.0853) da_loss: 0.5844 (0.5844) dd_loss: 3.3462 (3.3462) Accu: 100.00
Test Epoch: 46
original feature:   Rank-1: 18.44% | Rank-5: 36.96% | Rank-10: 48.19%| Rank-20: 58.73%| mAP: 18.56%| mINP: 9.20%
feature after BN:   Rank-1: 21.60% | Rank-5: 43.00% | Rank-10: 53.42%| Rank-20: 65.19%| mAP: 22.22%| mINP: 12.46%
Best Epoch [46]
==> Preparing Data Loader...
Epoch: [47][0/97] Time: 0.520 (0.520) lr:0.061917 base_lr:0.006192Loss: 4.0189 (4.0189) iLoss: 0.0754 (0.0754) CLoss: 0.1095 (0.1095) da_loss: 0.5268 (0.5268) dd_loss: 3.7287 (3.7287) Accu: 100.00
Test Epoch: 47
original feature:   Rank-1: 15.95% | Rank-5: 34.89% | Rank-10: 43.50%| Rank-20: 54.01%| mAP: 16.38%| mINP: 7.57%
feature after BN:   Rank-1: 20.93% | Rank-5: 41.81% | Rank-10: 53.67%| Rank-20: 66.41%| mAP: 21.84%| mINP: 12.07%
Best Epoch [46]
==> Preparing Data Loader...
Epoch: [48][0/97] Time: 0.527 (0.527) lr:0.060727 base_lr:0.006073Loss: 3.7607 (3.7607) iLoss: 0.1093 (0.1093) CLoss: 0.1502 (0.1502) da_loss: 0.5059 (0.5059) dd_loss: 3.4001 (3.4001) Accu: 100.00
Test Epoch: 48
original feature:   Rank-1: 16.33% | Rank-5: 33.67% | Rank-10: 44.43%| Rank-20: 55.32%| mAP: 16.67%| mINP: 7.81%
feature after BN:   Rank-1: 20.68% | Rank-5: 40.93% | Rank-10: 52.78%| Rank-20: 65.44%| mAP: 21.69%| mINP: 12.09%
Best Epoch [46]
==> Preparing Data Loader...
Epoch: [49][0/97] Time: 0.569 (0.569) lr:0.059536 base_lr:0.005954Loss: 3.8107 (3.8107) iLoss: 0.1742 (0.1742) CLoss: 0.1275 (0.1275) da_loss: 0.5319 (0.5319) dd_loss: 3.4027 (3.4027) Accu: 95.83
Test Epoch: 49
original feature:   Rank-1: 15.49% | Rank-5: 33.80% | Rank-10: 43.59%| Rank-20: 53.63%| mAP: 16.00%| mINP: 7.39%
feature after BN:   Rank-1: 20.46% | Rank-5: 42.24% | Rank-10: 53.71%| Rank-20: 65.82%| mAP: 21.68%| mINP: 12.18%
Best Epoch [46]
==> Preparing Data Loader...
Epoch: [50][0/97] Time: 0.496 (0.496) lr:0.058346 base_lr:0.005835Loss: 3.4987 (3.4987) iLoss: 0.0336 (0.0336) CLoss: 0.1106 (0.1106) da_loss: 0.5204 (0.5204) dd_loss: 3.2504 (3.2504) Accu: 100.00
Test Epoch: 50
original feature:   Rank-1: 15.44% | Rank-5: 33.84% | Rank-10: 44.51%| Rank-20: 56.88%| mAP: 16.32%| mINP: 7.75%
feature after BN:   Rank-1: 20.21% | Rank-5: 42.62% | Rank-10: 54.60%| Rank-20: 66.58%| mAP: 21.61%| mINP: 12.13%
Best Epoch [46]
==> Preparing Data Loader...
Epoch: [51][0/97] Time: 0.525 (0.525) lr:0.057155 base_lr:0.005716Loss: 3.5363 (3.5363) iLoss: 0.0421 (0.0421) CLoss: 0.0988 (0.0988) da_loss: 0.5139 (0.5139) dd_loss: 3.2927 (3.2927) Accu: 100.00
Test Epoch: 51
original feature:   Rank-1: 16.75% | Rank-5: 35.44% | Rank-10: 45.95%| Rank-20: 57.00%| mAP: 17.10%| mINP: 7.98%
feature after BN:   Rank-1: 21.01% | Rank-5: 42.83% | Rank-10: 54.85%| Rank-20: 67.00%| mAP: 22.18%| mINP: 12.65%
Best Epoch [46]
==> Preparing Data Loader...
Epoch: [52][0/97] Time: 0.557 (0.557) lr:0.055965 base_lr:0.005596Loss: 3.7808 (3.7808) iLoss: 0.1244 (0.1244) CLoss: 0.1612 (0.1612) da_loss: 0.5225 (0.5225) dd_loss: 3.3907 (3.3907) Accu: 100.00
Test Epoch: 52
original feature:   Rank-1: 17.05% | Rank-5: 34.85% | Rank-10: 45.11%| Rank-20: 57.22%| mAP: 17.36%| mINP: 8.33%
feature after BN:   Rank-1: 21.27% | Rank-5: 42.45% | Rank-10: 54.73%| Rank-20: 66.62%| mAP: 22.12%| mINP: 12.33%
Best Epoch [46]
==> Preparing Data Loader...
Epoch: [53][0/97] Time: 0.500 (0.500) lr:0.054774 base_lr:0.005477Loss: 3.7293 (3.7293) iLoss: 0.1331 (0.1331) CLoss: 0.1100 (0.1100) da_loss: 0.5214 (0.5214) dd_loss: 3.3819 (3.3819) Accu: 100.00
Test Epoch: 53
original feature:   Rank-1: 15.91% | Rank-5: 34.05% | Rank-10: 44.22%| Rank-20: 55.40%| mAP: 16.46%| mINP: 7.67%
feature after BN:   Rank-1: 20.08% | Rank-5: 42.91% | Rank-10: 54.89%| Rank-20: 67.26%| mAP: 21.87%| mINP: 12.24%
Best Epoch [46]
==> Preparing Data Loader...
Epoch: [54][0/97] Time: 0.478 (0.478) lr:0.053584 base_lr:0.005358Loss: 3.5849 (3.5849) iLoss: 0.0699 (0.0699) CLoss: 0.1101 (0.1101) da_loss: 0.5030 (0.5030) dd_loss: 3.3042 (3.3042) Accu: 100.00
Test Epoch: 54
original feature:   Rank-1: 18.27% | Rank-5: 35.82% | Rank-10: 46.67%| Rank-20: 58.44%| mAP: 18.15%| mINP: 8.73%
feature after BN:   Rank-1: 22.49% | Rank-5: 43.97% | Rank-10: 56.24%| Rank-20: 68.02%| mAP: 23.08%| mINP: 12.96%
Best Epoch [54]
==> Preparing Data Loader...
Epoch: [55][0/97] Time: 0.519 (0.519) lr:0.052393 base_lr:0.005239Loss: 3.7919 (3.7919) iLoss: 0.2473 (0.2473) CLoss: 0.0892 (0.0892) da_loss: 0.4673 (0.4673) dd_loss: 3.3618 (3.3618) Accu: 95.83
Test Epoch: 55
original feature:   Rank-1: 16.62% | Rank-5: 34.56% | Rank-10: 44.47%| Rank-20: 56.54%| mAP: 16.95%| mINP: 8.17%
feature after BN:   Rank-1: 21.31% | Rank-5: 42.24% | Rank-10: 54.09%| Rank-20: 67.64%| mAP: 22.58%| mINP: 13.03%
Best Epoch [54]
==> Preparing Data Loader...
Epoch: [56][0/97] Time: 0.533 (0.533) lr:0.051203 base_lr:0.005120Loss: 3.7565 (3.7565) iLoss: 0.1513 (0.1513) CLoss: 0.1371 (0.1371) da_loss: 0.4899 (0.4899) dd_loss: 3.3701 (3.3701) Accu: 97.92
Test Epoch: 56
original feature:   Rank-1: 18.19% | Rank-5: 36.46% | Rank-10: 46.71%| Rank-20: 57.22%| mAP: 18.28%| mINP: 9.05%
feature after BN:   Rank-1: 21.27% | Rank-5: 43.46% | Rank-10: 55.44%| Rank-20: 67.34%| mAP: 22.76%| mINP: 13.15%
Best Epoch [54]
==> Preparing Data Loader...
Epoch: [57][0/97] Time: 0.556 (0.556) lr:0.050012 base_lr:0.005001Loss: 3.4654 (3.4654) iLoss: 0.0576 (0.0576) CLoss: 0.0875 (0.0875) da_loss: 0.4756 (0.4756) dd_loss: 3.2251 (3.2251) Accu: 100.00
Test Epoch: 57
original feature:   Rank-1: 17.17% | Rank-5: 35.95% | Rank-10: 46.24%| Rank-20: 57.76%| mAP: 17.61%| mINP: 8.47%
feature after BN:   Rank-1: 21.98% | Rank-5: 44.39% | Rank-10: 55.57%| Rank-20: 66.75%| mAP: 22.95%| mINP: 12.99%
Best Epoch [54]
==> Preparing Data Loader...
Epoch: [58][0/97] Time: 0.496 (0.496) lr:0.048822 base_lr:0.004882Loss: 3.7092 (3.7092) iLoss: 0.0905 (0.0905) CLoss: 0.0919 (0.0919) da_loss: 0.5163 (0.5163) dd_loss: 3.4235 (3.4235) Accu: 100.00
Test Epoch: 58
original feature:   Rank-1: 17.43% | Rank-5: 35.74% | Rank-10: 45.86%| Rank-20: 55.78%| mAP: 17.53%| mINP: 8.34%
feature after BN:   Rank-1: 22.11% | Rank-5: 43.97% | Rank-10: 55.36%| Rank-20: 66.96%| mAP: 23.07%| mINP: 13.23%
Best Epoch [54]
==> Preparing Data Loader...
Epoch: [59][0/97] Time: 0.475 (0.475) lr:0.047631 base_lr:0.004763Loss: 3.6168 (3.6168) iLoss: 0.0354 (0.0354) CLoss: 0.0668 (0.0668) da_loss: 0.5398 (0.5398) dd_loss: 3.4067 (3.4067) Accu: 100.00
Test Epoch: 59
original feature:   Rank-1: 16.08% | Rank-5: 35.19% | Rank-10: 44.77%| Rank-20: 55.53%| mAP: 16.76%| mINP: 7.90%
feature after BN:   Rank-1: 20.80% | Rank-5: 43.12% | Rank-10: 54.64%| Rank-20: 66.88%| mAP: 22.11%| mINP: 12.51%
Best Epoch [54]
==> Preparing Data Loader...
Epoch: [60][0/97] Time: 0.467 (0.467) lr:0.046441 base_lr:0.004644Loss: 3.6806 (3.6806) iLoss: 0.1679 (0.1679) CLoss: 0.0752 (0.0752) da_loss: 0.4706 (0.4706) dd_loss: 3.3433 (3.3433) Accu: 97.92
Test Epoch: 60
original feature:   Rank-1: 17.76% | Rank-5: 35.82% | Rank-10: 45.95%| Rank-20: 57.13%| mAP: 17.73%| mINP: 8.41%
feature after BN:   Rank-1: 21.60% | Rank-5: 43.42% | Rank-10: 55.44%| Rank-20: 67.76%| mAP: 22.63%| mINP: 12.72%
Best Epoch [54]
==> Preparing Data Loader...
Epoch: [61][0/97] Time: 0.469 (0.469) lr:0.045250 base_lr:0.004525Loss: 3.6267 (3.6267) iLoss: 0.0598 (0.0598) CLoss: 0.0560 (0.0560) da_loss: 0.4949 (0.4949) dd_loss: 3.4119 (3.4119) Accu: 100.00
Test Epoch: 61
original feature:   Rank-1: 16.20% | Rank-5: 34.94% | Rank-10: 46.03%| Rank-20: 56.50%| mAP: 17.19%| mINP: 8.47%
feature after BN:   Rank-1: 21.18% | Rank-5: 43.54% | Rank-10: 54.77%| Rank-20: 66.37%| mAP: 22.55%| mINP: 12.87%
Best Epoch [54]
==> Preparing Data Loader...
Epoch: [62][0/97] Time: 0.502 (0.502) lr:0.044060 base_lr:0.004406Loss: 3.3888 (3.3888) iLoss: 0.0593 (0.0593) CLoss: 0.0702 (0.0702) da_loss: 0.4410 (0.4410) dd_loss: 3.1711 (3.1711) Accu: 100.00
Test Epoch: 62
original feature:   Rank-1: 18.06% | Rank-5: 36.12% | Rank-10: 46.62%| Rank-20: 57.72%| mAP: 18.04%| mINP: 8.70%
feature after BN:   Rank-1: 21.22% | Rank-5: 43.97% | Rank-10: 54.94%| Rank-20: 66.96%| mAP: 22.77%| mINP: 13.19%
Best Epoch [54]
==> Preparing Data Loader...
Epoch: [63][0/97] Time: 0.512 (0.512) lr:0.042869 base_lr:0.004287Loss: 3.3299 (3.3299) iLoss: 0.0386 (0.0386) CLoss: 0.0569 (0.0569) da_loss: 0.4620 (0.4620) dd_loss: 3.1420 (3.1420) Accu: 100.00
Test Epoch: 63
original feature:   Rank-1: 17.43% | Rank-5: 36.46% | Rank-10: 45.65%| Rank-20: 57.55%| mAP: 17.73%| mINP: 8.40%
feature after BN:   Rank-1: 21.10% | Rank-5: 43.63% | Rank-10: 55.27%| Rank-20: 66.37%| mAP: 22.60%| mINP: 13.04%
Best Epoch [54]
==> Preparing Data Loader...
Epoch: [64][0/97] Time: 0.496 (0.496) lr:0.041679 base_lr:0.004168Loss: 3.4006 (3.4006) iLoss: 0.0691 (0.0691) CLoss: 0.0512 (0.0512) da_loss: 0.4629 (0.4629) dd_loss: 3.1877 (3.1877) Accu: 100.00
Test Epoch: 64
original feature:   Rank-1: 16.84% | Rank-5: 36.84% | Rank-10: 46.71%| Rank-20: 57.97%| mAP: 17.59%| mINP: 8.56%
feature after BN:   Rank-1: 21.43% | Rank-5: 43.25% | Rank-10: 54.85%| Rank-20: 67.47%| mAP: 22.72%| mINP: 13.15%
Best Epoch [54]
==> Preparing Data Loader...
Epoch: [65][0/97] Time: 0.624 (0.624) lr:0.040488 base_lr:0.004049Loss: 3.2184 (3.2184) iLoss: 0.0212 (0.0212) CLoss: 0.0181 (0.0181) da_loss: 0.4420 (0.4420) dd_loss: 3.0907 (3.0907) Accu: 100.00
Test Epoch: 65
original feature:   Rank-1: 16.12% | Rank-5: 34.60% | Rank-10: 45.57%| Rank-20: 57.13%| mAP: 17.06%| mINP: 8.35%
feature after BN:   Rank-1: 21.39% | Rank-5: 43.08% | Rank-10: 55.11%| Rank-20: 66.41%| mAP: 22.99%| mINP: 13.56%
Best Epoch [54]
==> Preparing Data Loader...
Epoch: [66][0/97] Time: 0.586 (0.586) lr:0.039298 base_lr:0.003930Loss: 3.4984 (3.4984) iLoss: 0.0822 (0.0822) CLoss: 0.0376 (0.0376) da_loss: 0.4422 (0.4422) dd_loss: 3.2902 (3.2902) Accu: 100.00
Test Epoch: 66
original feature:   Rank-1: 17.85% | Rank-5: 36.08% | Rank-10: 46.33%| Rank-20: 57.85%| mAP: 18.08%| mINP: 8.64%
feature after BN:   Rank-1: 21.86% | Rank-5: 43.16% | Rank-10: 54.64%| Rank-20: 66.79%| mAP: 23.10%| mINP: 13.45%
Best Epoch [54]
==> Preparing Data Loader...
Epoch: [67][0/97] Time: 0.559 (0.559) lr:0.038108 base_lr:0.003811Loss: 3.3040 (3.3040) iLoss: 0.0222 (0.0222) CLoss: 0.0273 (0.0273) da_loss: 0.4723 (0.4723) dd_loss: 3.1600 (3.1600) Accu: 100.00
Test Epoch: 67
original feature:   Rank-1: 17.00% | Rank-5: 35.82% | Rank-10: 46.75%| Rank-20: 57.93%| mAP: 17.54%| mINP: 8.42%
feature after BN:   Rank-1: 20.51% | Rank-5: 43.80% | Rank-10: 54.73%| Rank-20: 66.92%| mAP: 22.49%| mINP: 13.05%
Best Epoch [54]
==> Preparing Data Loader...
Epoch: [68][0/97] Time: 0.571 (0.571) lr:0.036917 base_lr:0.003692Loss: 3.3875 (3.3875) iLoss: 0.0595 (0.0595) CLoss: 0.0260 (0.0260) da_loss: 0.4272 (0.4272) dd_loss: 3.2165 (3.2165) Accu: 100.00
Test Epoch: 68
original feature:   Rank-1: 17.97% | Rank-5: 37.13% | Rank-10: 48.06%| Rank-20: 59.49%| mAP: 18.46%| mINP: 9.04%
feature after BN:   Rank-1: 21.10% | Rank-5: 42.24% | Rank-10: 54.94%| Rank-20: 66.96%| mAP: 22.53%| mINP: 13.14%
Best Epoch [54]
==> Preparing Data Loader...
Epoch: [69][0/97] Time: 0.560 (0.560) lr:0.035727 base_lr:0.003573Loss: 3.3667 (3.3667) iLoss: 0.0420 (0.0420) CLoss: 0.0857 (0.0857) da_loss: 0.4257 (0.4257) dd_loss: 3.1538 (3.1538) Accu: 100.00
Test Epoch: 69
original feature:   Rank-1: 16.88% | Rank-5: 36.03% | Rank-10: 46.20%| Rank-20: 57.76%| mAP: 17.71%| mINP: 8.75%
feature after BN:   Rank-1: 21.22% | Rank-5: 43.33% | Rank-10: 54.85%| Rank-20: 66.96%| mAP: 22.71%| mINP: 13.21%
Best Epoch [54]
==> Preparing Data Loader...
Epoch: [70][0/97] Time: 0.544 (0.544) lr:0.034536 base_lr:0.003454Loss: 3.2439 (3.2439) iLoss: 0.0641 (0.0641) CLoss: 0.0131 (0.0131) da_loss: 0.4422 (0.4422) dd_loss: 3.0782 (3.0782) Accu: 97.92
Test Epoch: 70
original feature:   Rank-1: 17.55% | Rank-5: 37.43% | Rank-10: 47.38%| Rank-20: 58.61%| mAP: 18.35%| mINP: 9.07%
feature after BN:   Rank-1: 22.41% | Rank-5: 43.59% | Rank-10: 54.89%| Rank-20: 66.29%| mAP: 23.23%| mINP: 13.21%
Best Epoch [54]
==> Preparing Data Loader...
Epoch: [71][0/97] Time: 0.545 (0.545) lr:0.033346 base_lr:0.003335Loss: 3.5125 (3.5125) iLoss: 0.2189 (0.2189) CLoss: 0.0552 (0.0552) da_loss: 0.4194 (0.4194) dd_loss: 3.1545 (3.1545) Accu: 95.83
Test Epoch: 71
original feature:   Rank-1: 17.59% | Rank-5: 37.26% | Rank-10: 47.43%| Rank-20: 58.78%| mAP: 18.16%| mINP: 9.01%
feature after BN:   Rank-1: 21.98% | Rank-5: 43.76% | Rank-10: 54.47%| Rank-20: 66.88%| mAP: 23.12%| mINP: 13.58%
Best Epoch [54]
==> Preparing Data Loader...
Epoch: [72][0/97] Time: 0.534 (0.534) lr:0.032155 base_lr:0.003216Loss: 3.2744 (3.2744) iLoss: 0.0279 (0.0279) CLoss: 0.0718 (0.0718) da_loss: 0.4009 (0.4009) dd_loss: 3.0945 (3.0945) Accu: 100.00
Test Epoch: 72
original feature:   Rank-1: 16.03% | Rank-5: 35.86% | Rank-10: 46.20%| Rank-20: 57.64%| mAP: 17.40%| mINP: 8.68%
feature after BN:   Rank-1: 22.11% | Rank-5: 43.46% | Rank-10: 54.94%| Rank-20: 67.05%| mAP: 22.99%| mINP: 13.18%
Best Epoch [54]
==> Preparing Data Loader...
Epoch: [73][0/97] Time: 0.536 (0.536) lr:0.030965 base_lr:0.003096Loss: 3.2369 (3.2369) iLoss: 0.0327 (0.0327) CLoss: 0.0360 (0.0360) da_loss: 0.4019 (0.4019) dd_loss: 3.0878 (3.0878) Accu: 100.00
Test Epoch: 73
original feature:   Rank-1: 17.47% | Rank-5: 36.88% | Rank-10: 47.34%| Rank-20: 58.69%| mAP: 18.19%| mINP: 9.05%
feature after BN:   Rank-1: 21.60% | Rank-5: 43.76% | Rank-10: 55.36%| Rank-20: 66.41%| mAP: 23.02%| mINP: 13.37%
Best Epoch [54]
==> Preparing Data Loader...
Epoch: [74][0/97] Time: 0.563 (0.563) lr:0.029774 base_lr:0.002977Loss: 3.1989 (3.1989) iLoss: 0.0399 (0.0399) CLoss: 0.0176 (0.0176) da_loss: 0.4450 (0.4450) dd_loss: 3.0523 (3.0523) Accu: 100.00
Test Epoch: 74
original feature:   Rank-1: 17.34% | Rank-5: 36.24% | Rank-10: 47.09%| Rank-20: 58.78%| mAP: 17.83%| mINP: 8.69%
feature after BN:   Rank-1: 21.10% | Rank-5: 44.56% | Rank-10: 54.73%| Rank-20: 66.79%| mAP: 22.93%| mINP: 13.42%
Best Epoch [54]
==> Preparing Data Loader...
Epoch: [75][0/97] Time: 0.519 (0.519) lr:0.028584 base_lr:0.002858Loss: 3.2068 (3.2068) iLoss: 0.0194 (0.0194) CLoss: 0.0148 (0.0148) da_loss: 0.4082 (0.4082) dd_loss: 3.0910 (3.0910) Accu: 100.00
Test Epoch: 75
original feature:   Rank-1: 18.48% | Rank-5: 37.97% | Rank-10: 48.14%| Rank-20: 59.66%| mAP: 18.72%| mINP: 9.26%
feature after BN:   Rank-1: 21.48% | Rank-5: 44.26% | Rank-10: 55.27%| Rank-20: 66.84%| mAP: 23.00%| mINP: 13.41%
Best Epoch [54]
==> Preparing Data Loader...
Epoch: [76][0/97] Time: 0.505 (0.505) lr:0.027393 base_lr:0.002739Loss: 3.1561 (3.1561) iLoss: 0.0154 (0.0154) CLoss: 0.0118 (0.0118) da_loss: 0.3681 (0.3681) dd_loss: 3.0553 (3.0553) Accu: 100.00
Test Epoch: 76
original feature:   Rank-1: 18.69% | Rank-5: 37.85% | Rank-10: 47.64%| Rank-20: 59.32%| mAP: 18.84%| mINP: 9.42%
feature after BN:   Rank-1: 22.19% | Rank-5: 44.47% | Rank-10: 54.43%| Rank-20: 66.50%| mAP: 23.29%| mINP: 13.44%
Best Epoch [54]
==> Preparing Data Loader...
Epoch: [77][0/97] Time: 0.581 (0.581) lr:0.026203 base_lr:0.002620Loss: 3.1998 (3.1998) iLoss: 0.0255 (0.0255) CLoss: 0.0259 (0.0259) da_loss: 0.3670 (0.3670) dd_loss: 3.0751 (3.0751) Accu: 100.00
Test Epoch: 77
original feature:   Rank-1: 17.64% | Rank-5: 37.55% | Rank-10: 48.35%| Rank-20: 59.96%| mAP: 18.53%| mINP: 9.23%
feature after BN:   Rank-1: 21.98% | Rank-5: 44.56% | Rank-10: 55.57%| Rank-20: 67.51%| mAP: 23.45%| mINP: 13.55%
Best Epoch [54]
==> Preparing Data Loader...
Epoch: [78][0/97] Time: 0.517 (0.517) lr:0.025012 base_lr:0.002501Loss: 3.1548 (3.1548) iLoss: 0.0298 (0.0298) CLoss: 0.0229 (0.0229) da_loss: 0.3921 (0.3921) dd_loss: 3.0236 (3.0236) Accu: 100.00
Test Epoch: 78
original feature:   Rank-1: 17.64% | Rank-5: 37.51% | Rank-10: 47.97%| Rank-20: 59.54%| mAP: 18.44%| mINP: 9.17%
feature after BN:   Rank-1: 22.62% | Rank-5: 43.92% | Rank-10: 55.23%| Rank-20: 67.55%| mAP: 23.51%| mINP: 13.76%
Best Epoch [78]
==> Preparing Data Loader...
Epoch: [79][0/97] Time: 0.549 (0.549) lr:0.023822 base_lr:0.002382Loss: 3.2816 (3.2816) iLoss: 0.0395 (0.0395) CLoss: 0.0839 (0.0839) da_loss: 0.3935 (0.3935) dd_loss: 3.0794 (3.0794) Accu: 100.00
Test Epoch: 79
original feature:   Rank-1: 17.97% | Rank-5: 36.96% | Rank-10: 48.10%| Rank-20: 59.70%| mAP: 18.62%| mINP: 9.44%
feature after BN:   Rank-1: 23.00% | Rank-5: 43.29% | Rank-10: 55.23%| Rank-20: 67.43%| mAP: 23.48%| mINP: 13.49%
Best Epoch [79]
==> Preparing Data Loader...
Epoch: [80][0/97] Time: 0.561 (0.561) lr:0.022631 base_lr:0.002263Loss: 3.1812 (3.1812) iLoss: 0.0371 (0.0371) CLoss: 0.0245 (0.0245) da_loss: 0.3558 (0.3558) dd_loss: 3.0485 (3.0485) Accu: 100.00
Test Epoch: 80
original feature:   Rank-1: 18.48% | Rank-5: 37.93% | Rank-10: 47.85%| Rank-20: 59.54%| mAP: 18.91%| mINP: 9.48%
feature after BN:   Rank-1: 22.41% | Rank-5: 43.76% | Rank-10: 54.64%| Rank-20: 66.88%| mAP: 23.18%| mINP: 13.31%
Best Epoch [79]
==> Preparing Data Loader...
Epoch: [81][0/97] Time: 0.547 (0.547) lr:0.021441 base_lr:0.002144Loss: 3.2788 (3.2788) iLoss: 0.0358 (0.0358) CLoss: 0.0340 (0.0340) da_loss: 0.3903 (0.3903) dd_loss: 3.1310 (3.1310) Accu: 100.00
Test Epoch: 81
original feature:   Rank-1: 18.19% | Rank-5: 37.72% | Rank-10: 48.82%| Rank-20: 60.21%| mAP: 18.76%| mINP: 9.39%
feature after BN:   Rank-1: 22.83% | Rank-5: 44.14% | Rank-10: 55.06%| Rank-20: 67.38%| mAP: 23.53%| mINP: 13.62%
Best Epoch [79]
==> Preparing Data Loader...
Epoch: [82][0/97] Time: 0.569 (0.569) lr:0.020250 base_lr:0.002025Loss: 3.1156 (3.1156) iLoss: 0.0181 (0.0181) CLoss: 0.0109 (0.0109) da_loss: 0.3690 (0.3690) dd_loss: 3.0127 (3.0127) Accu: 100.00
Test Epoch: 82
original feature:   Rank-1: 17.47% | Rank-5: 37.93% | Rank-10: 47.68%| Rank-20: 59.41%| mAP: 18.42%| mINP: 9.25%
feature after BN:   Rank-1: 22.87% | Rank-5: 44.01% | Rank-10: 55.27%| Rank-20: 67.26%| mAP: 23.42%| mINP: 13.44%
Best Epoch [79]
==> Preparing Data Loader...
Epoch: [83][0/97] Time: 0.542 (0.542) lr:0.019060 base_lr:0.001906Loss: 3.1529 (3.1529) iLoss: 0.0165 (0.0165) CLoss: 0.0477 (0.0477) da_loss: 0.3811 (0.3811) dd_loss: 3.0126 (3.0126) Accu: 100.00
Test Epoch: 83
original feature:   Rank-1: 18.44% | Rank-5: 38.31% | Rank-10: 47.64%| Rank-20: 58.82%| mAP: 18.75%| mINP: 9.28%
feature after BN:   Rank-1: 22.11% | Rank-5: 43.84% | Rank-10: 55.23%| Rank-20: 67.17%| mAP: 23.24%| mINP: 13.55%
Best Epoch [79]
==> Preparing Data Loader...
Epoch: [84][0/97] Time: 0.529 (0.529) lr:0.017869 base_lr:0.001787Loss: 3.0889 (3.0889) iLoss: 0.0133 (0.0133) CLoss: 0.0056 (0.0056) da_loss: 0.3679 (0.3679) dd_loss: 2.9964 (2.9964) Accu: 100.00
Test Epoch: 84
original feature:   Rank-1: 17.85% | Rank-5: 37.89% | Rank-10: 48.23%| Rank-20: 59.41%| mAP: 18.81%| mINP: 9.47%
feature after BN:   Rank-1: 22.32% | Rank-5: 43.33% | Rank-10: 54.98%| Rank-20: 67.22%| mAP: 23.26%| mINP: 13.58%
Best Epoch [79]
==> Preparing Data Loader...
Epoch: [85][0/97] Time: 0.611 (0.611) lr:0.016679 base_lr:0.001668Loss: 3.1422 (3.1422) iLoss: 0.0396 (0.0396) CLoss: 0.0250 (0.0250) da_loss: 0.3503 (0.3503) dd_loss: 3.0075 (3.0075) Accu: 100.00
Test Epoch: 85
original feature:   Rank-1: 18.35% | Rank-5: 38.95% | Rank-10: 48.48%| Rank-20: 59.87%| mAP: 18.94%| mINP: 9.47%
feature after BN:   Rank-1: 22.07% | Rank-5: 43.33% | Rank-10: 55.32%| Rank-20: 67.34%| mAP: 23.14%| mINP: 13.44%
Best Epoch [79]
==> Preparing Data Loader...
Epoch: [86][0/97] Time: 0.544 (0.544) lr:0.015488 base_lr:0.001549Loss: 3.0592 (3.0592) iLoss: 0.0142 (0.0142) CLoss: 0.0049 (0.0049) da_loss: 0.3344 (0.3344) dd_loss: 2.9732 (2.9732) Accu: 100.00
Test Epoch: 86
original feature:   Rank-1: 18.31% | Rank-5: 38.35% | Rank-10: 48.73%| Rank-20: 59.54%| mAP: 18.89%| mINP: 9.43%
feature after BN:   Rank-1: 21.77% | Rank-5: 43.38% | Rank-10: 55.19%| Rank-20: 67.51%| mAP: 23.21%| mINP: 13.59%
Best Epoch [79]
==> Preparing Data Loader...
Epoch: [87][0/97] Time: 0.578 (0.578) lr:0.014298 base_lr:0.001430Loss: 3.1049 (3.1049) iLoss: 0.0205 (0.0205) CLoss: 0.0242 (0.0242) da_loss: 0.3282 (0.3282) dd_loss: 2.9945 (2.9945) Accu: 100.00
Test Epoch: 87
original feature:   Rank-1: 17.93% | Rank-5: 37.76% | Rank-10: 47.93%| Rank-20: 58.82%| mAP: 18.56%| mINP: 9.22%
feature after BN:   Rank-1: 21.86% | Rank-5: 43.46% | Rank-10: 54.89%| Rank-20: 66.67%| mAP: 23.05%| mINP: 13.44%
Best Epoch [79]
==> Preparing Data Loader...
Epoch: [88][0/97] Time: 0.553 (0.553) lr:0.013108 base_lr:0.001311Loss: 3.0737 (3.0737) iLoss: 0.0127 (0.0127) CLoss: 0.0095 (0.0095) da_loss: 0.3778 (0.3778) dd_loss: 2.9759 (2.9759) Accu: 100.00
Test Epoch: 88
original feature:   Rank-1: 18.31% | Rank-5: 37.43% | Rank-10: 47.68%| Rank-20: 59.83%| mAP: 18.64%| mINP: 9.29%
feature after BN:   Rank-1: 21.86% | Rank-5: 43.67% | Rank-10: 55.06%| Rank-20: 67.51%| mAP: 23.11%| mINP: 13.49%
Best Epoch [79]
==> Preparing Data Loader...
Epoch: [89][0/97] Time: 0.610 (0.610) lr:0.011917 base_lr:0.001192Loss: 3.0524 (3.0524) iLoss: 0.0124 (0.0124) CLoss: 0.0008 (0.0008) da_loss: 0.3613 (0.3613) dd_loss: 2.9670 (2.9670) Accu: 100.00
Test Epoch: 89
original feature:   Rank-1: 18.19% | Rank-5: 37.26% | Rank-10: 48.23%| Rank-20: 59.83%| mAP: 18.77%| mINP: 9.51%
feature after BN:   Rank-1: 22.03% | Rank-5: 43.76% | Rank-10: 55.82%| Rank-20: 67.30%| mAP: 23.27%| mINP: 13.65%
Best Epoch [79]
==> Preparing Data Loader...
Epoch: [90][0/97] Time: 0.567 (0.567) lr:0.010727 base_lr:0.001073Loss: 3.1906 (3.1906) iLoss: 0.0466 (0.0466) CLoss: 0.0257 (0.0257) da_loss: 0.3376 (0.3376) dd_loss: 3.0509 (3.0509) Accu: 100.00
Test Epoch: 90
original feature:   Rank-1: 18.27% | Rank-5: 37.30% | Rank-10: 47.81%| Rank-20: 60.00%| mAP: 18.73%| mINP: 9.48%
feature after BN:   Rank-1: 22.19% | Rank-5: 42.66% | Rank-10: 55.15%| Rank-20: 66.79%| mAP: 23.14%| mINP: 13.48%
Best Epoch [79]
==> Preparing Data Loader...
Epoch: [91][0/97] Time: 0.608 (0.608) lr:0.009536 base_lr:0.000954Loss: 3.0977 (3.0977) iLoss: 0.0146 (0.0146) CLoss: 0.0204 (0.0204) da_loss: 0.3556 (0.3556) dd_loss: 2.9916 (2.9916) Accu: 100.00
Test Epoch: 91
original feature:   Rank-1: 18.10% | Rank-5: 37.05% | Rank-10: 47.89%| Rank-20: 59.58%| mAP: 18.64%| mINP: 9.33%
feature after BN:   Rank-1: 22.62% | Rank-5: 43.97% | Rank-10: 54.81%| Rank-20: 67.05%| mAP: 23.30%| mINP: 13.38%
Best Epoch [79]
==> Preparing Data Loader...
Epoch: [92][0/97] Time: 0.523 (0.523) lr:0.008346 base_lr:0.000835Loss: 3.0816 (3.0816) iLoss: 0.0208 (0.0208) CLoss: 0.0112 (0.0112) da_loss: 0.3510 (0.3510) dd_loss: 2.9795 (2.9795) Accu: 100.00
Test Epoch: 92
original feature:   Rank-1: 18.27% | Rank-5: 37.38% | Rank-10: 48.82%| Rank-20: 59.92%| mAP: 18.77%| mINP: 9.46%
feature after BN:   Rank-1: 22.32% | Rank-5: 43.00% | Rank-10: 56.16%| Rank-20: 67.89%| mAP: 23.30%| mINP: 13.48%
Best Epoch [79]
==> Preparing Data Loader...
Epoch: [93][0/97] Time: 0.568 (0.568) lr:0.007155 base_lr:0.000716Loss: 3.0960 (3.0960) iLoss: 0.0221 (0.0221) CLoss: 0.0202 (0.0202) da_loss: 0.3224 (0.3224) dd_loss: 2.9892 (2.9892) Accu: 100.00
Test Epoch: 93
original feature:   Rank-1: 18.44% | Rank-5: 37.55% | Rank-10: 48.31%| Rank-20: 60.17%| mAP: 18.84%| mINP: 9.47%
feature after BN:   Rank-1: 22.24% | Rank-5: 43.71% | Rank-10: 55.91%| Rank-20: 67.38%| mAP: 23.38%| mINP: 13.62%
Best Epoch [79]
==> Preparing Data Loader...
Epoch: [94][0/97] Time: 0.532 (0.532) lr:0.005965 base_lr:0.000596Loss: 3.0828 (3.0828) iLoss: 0.0215 (0.0215) CLoss: 0.0170 (0.0170) da_loss: 0.3311 (0.3311) dd_loss: 2.9781 (2.9781) Accu: 100.00
Test Epoch: 94
original feature:   Rank-1: 18.19% | Rank-5: 37.64% | Rank-10: 49.03%| Rank-20: 60.42%| mAP: 18.88%| mINP: 9.65%
feature after BN:   Rank-1: 22.53% | Rank-5: 43.04% | Rank-10: 55.44%| Rank-20: 67.68%| mAP: 23.29%| mINP: 13.49%
Best Epoch [79]
==> Preparing Data Loader...
Epoch: [95][0/97] Time: 0.552 (0.552) lr:0.004774 base_lr:0.000477Loss: 3.1386 (3.1386) iLoss: 0.0335 (0.0335) CLoss: 0.0278 (0.0278) da_loss: 0.3286 (0.3286) dd_loss: 3.0117 (3.0117) Accu: 100.00
Test Epoch: 95
original feature:   Rank-1: 18.23% | Rank-5: 37.26% | Rank-10: 48.61%| Rank-20: 60.13%| mAP: 18.81%| mINP: 9.57%
feature after BN:   Rank-1: 22.11% | Rank-5: 42.95% | Rank-10: 55.27%| Rank-20: 67.26%| mAP: 23.10%| mINP: 13.39%
Best Epoch [79]
==> Preparing Data Loader...
Epoch: [96][0/97] Time: 0.520 (0.520) lr:0.003584 base_lr:0.000358Loss: 3.1129 (3.1129) iLoss: 0.0275 (0.0275) CLoss: 0.0187 (0.0187) da_loss: 0.3392 (0.3392) dd_loss: 2.9989 (2.9989) Accu: 100.00
Test Epoch: 96
original feature:   Rank-1: 17.85% | Rank-5: 37.26% | Rank-10: 48.82%| Rank-20: 59.66%| mAP: 18.64%| mINP: 9.44%
feature after BN:   Rank-1: 22.41% | Rank-5: 43.21% | Rank-10: 54.98%| Rank-20: 67.26%| mAP: 23.41%| mINP: 13.72%
Best Epoch [79]
==> Preparing Data Loader...
Epoch: [97][0/97] Time: 0.567 (0.567) lr:0.002393 base_lr:0.000239Loss: 3.0755 (3.0755) iLoss: 0.0177 (0.0177) CLoss: 0.0043 (0.0043) da_loss: 0.3351 (0.3351) dd_loss: 2.9865 (2.9865) Accu: 100.00
Test Epoch: 97
original feature:   Rank-1: 18.06% | Rank-5: 37.55% | Rank-10: 48.90%| Rank-20: 59.79%| mAP: 18.73%| mINP: 9.39%
feature after BN:   Rank-1: 22.49% | Rank-5: 43.84% | Rank-10: 55.40%| Rank-20: 66.67%| mAP: 23.41%| mINP: 13.70%
Best Epoch [79]
==> Preparing Data Loader...
Epoch: [98][0/97] Time: 0.518 (0.518) lr:0.001203 base_lr:0.000120Loss: 3.0978 (3.0978) iLoss: 0.0230 (0.0230) CLoss: 0.0155 (0.0155) da_loss: 0.3134 (0.3134) dd_loss: 2.9966 (2.9966) Accu: 100.00
Test Epoch: 98
original feature:   Rank-1: 18.23% | Rank-5: 37.97% | Rank-10: 48.90%| Rank-20: 60.63%| mAP: 18.86%| mINP: 9.54%
feature after BN:   Rank-1: 22.32% | Rank-5: 44.09% | Rank-10: 55.53%| Rank-20: 67.34%| mAP: 23.39%| mINP: 13.71%
Best Epoch [79]
==> Preparing Data Loader...
Epoch: [99][0/97] Time: 0.546 (0.546) lr:0.000012 base_lr:0.000001Loss: 3.1731 (3.1731) iLoss: 0.0436 (0.0436) CLoss: 0.0683 (0.0683) da_loss: 0.3199 (0.3199) dd_loss: 2.9972 (2.9972) Accu: 100.00
Test Epoch: 99
original feature:   Rank-1: 18.19% | Rank-5: 37.68% | Rank-10: 48.86%| Rank-20: 59.96%| mAP: 18.87%| mINP: 9.53%
feature after BN:   Rank-1: 22.57% | Rank-5: 43.67% | Rank-10: 55.95%| Rank-20: 67.51%| mAP: 23.41%| mINP: 13.65%
Best Epoch [79]
