==========
Args:Namespace(batch_size=6, dataset='mask1k', decay_step=16, dim=2048, gpu='0,1,2,3', img_h=288, img_w=144, log_path='log/', lr=0.0009, lr_multipliers=[0.1, 0.2, 0.25, 1.0, 1.0, 1.0], margin=0.45, max_epoch=100, mode='all', model_path='save_model/', num_pos=4, pool_dim=2048, rerank='no', save_epoch=1000, seed=0, test_batch=64, test_style='ABCDEF', train_style='ABCDEF', trial=1, tta=False, warm_up_epoch=8, workers=4)
==========
==> Loading data..
tag: XResolution (282) - type: rational (5) Tag Location: 22 - Data Location: 62 - value: b'H\x00\x00\x00\x01\x00\x00\x00'
tag: YResolution (283) - type: rational (5) Tag Location: 34 - Data Location: 70 - value: b'H\x00\x00\x00\x01\x00\x00\x00'
tag: ResolutionUnit (296) - type: short (3) - value: b'\x02\x00'
tag: ExifIFD (34665) - type: long (4) - value: b'N\x00\x00\x00'
data init success!
==> Building model..
==> Building success!..
==> Start Training...
==> Preparing Data Loader...
Epoch: [0][0/97] Time: 2.541 (2.541) lr:0.000056 base_lr:0.000006Loss: 14.4126 (14.4126) iLoss: 6.2218 (6.2218) CLoss: 1.3145 (1.3145) da_loss: 0.9738 (0.9738) dd_loss: 6.6816 (6.6816) Accu: 0.00
Test Epoch: 0
original feature:   Rank-1: 0.51% | Rank-5: 1.90% | Rank-10: 3.29%| Rank-20: 6.03%| mAP: 1.21%| mINP: 0.47%
feature after BN:   Rank-1: 0.46% | Rank-5: 1.52% | Rank-10: 2.91%| Rank-20: 5.19%| mAP: 1.20%| mINP: 0.60%
Best Epoch [0]
==> Preparing Data Loader...
Epoch: [1][0/97] Time: 0.515 (0.515) lr:0.000112 base_lr:0.000011Loss: 14.0055 (14.0055) iLoss: 6.1717 (6.1717) CLoss: 1.1808 (1.1808) da_loss: 0.6046 (0.6046) dd_loss: 6.5321 (6.5321) Accu: 0.00
Test Epoch: 1
original feature:   Rank-1: 0.63% | Rank-5: 2.78% | Rank-10: 5.32%| Rank-20: 8.44%| mAP: 1.61%| mINP: 0.67%
feature after BN:   Rank-1: 0.72% | Rank-5: 2.62% | Rank-10: 4.47%| Rank-20: 7.85%| mAP: 1.62%| mINP: 0.74%
Best Epoch [1]
==> Preparing Data Loader...
Epoch: [2][0/97] Time: 0.550 (0.550) lr:0.000168 base_lr:0.000017Loss: 13.5827 (13.5827) iLoss: 6.0238 (6.0238) CLoss: 1.1148 (1.1148) da_loss: 0.5167 (0.5167) dd_loss: 6.3408 (6.3408) Accu: 6.25
Test Epoch: 2
original feature:   Rank-1: 1.98% | Rank-5: 7.05% | Rank-10: 11.18%| Rank-20: 17.68%| mAP: 3.42%| mINP: 1.37%
feature after BN:   Rank-1: 1.43% | Rank-5: 6.54% | Rank-10: 11.22%| Rank-20: 16.79%| mAP: 3.33%| mINP: 1.70%
Best Epoch [2]
==> Preparing Data Loader...
Epoch: [3][0/97] Time: 0.554 (0.554) lr:0.000224 base_lr:0.000022Loss: 12.0473 (12.0473) iLoss: 5.2370 (5.2370) CLoss: 0.9748 (0.9748) da_loss: 0.4898 (0.4898) dd_loss: 5.7375 (5.7375) Accu: 12.50
Test Epoch: 3
original feature:   Rank-1: 3.80% | Rank-5: 11.56% | Rank-10: 17.68%| Rank-20: 27.81%| mAP: 5.59%| mINP: 2.36%
feature after BN:   Rank-1: 3.97% | Rank-5: 11.60% | Rank-10: 17.05%| Rank-20: 26.79%| mAP: 5.82%| mINP: 2.79%
Best Epoch [3]
==> Preparing Data Loader...
Epoch: [4][0/97] Time: 0.541 (0.541) lr:0.000281 base_lr:0.000028Loss: 11.2891 (11.2891) iLoss: 4.7789 (4.7789) CLoss: 0.8684 (0.8684) da_loss: 0.4660 (0.4660) dd_loss: 5.5486 (5.5486) Accu: 10.42
Test Epoch: 4
original feature:   Rank-1: 5.23% | Rank-5: 13.76% | Rank-10: 21.90%| Rank-20: 32.62%| mAP: 7.00%| mINP: 3.07%
feature after BN:   Rank-1: 4.85% | Rank-5: 15.02% | Rank-10: 22.41%| Rank-20: 33.00%| mAP: 7.16%| mINP: 3.44%
Best Epoch [4]
==> Preparing Data Loader...
Epoch: [5][0/97] Time: 0.538 (0.538) lr:0.000337 base_lr:0.000034Loss: 10.2185 (10.2185) iLoss: 4.0617 (4.0617) CLoss: 0.8239 (0.8239) da_loss: 0.4909 (0.4909) dd_loss: 5.2348 (5.2348) Accu: 22.92
Test Epoch: 5
original feature:   Rank-1: 5.40% | Rank-5: 16.08% | Rank-10: 23.54%| Rank-20: 33.46%| mAP: 7.53%| mINP: 3.36%
feature after BN:   Rank-1: 6.75% | Rank-5: 18.40% | Rank-10: 26.50%| Rank-20: 35.82%| mAP: 8.71%| mINP: 4.12%
Best Epoch [5]
==> Preparing Data Loader...
Epoch: [6][0/97] Time: 0.556 (0.556) lr:0.000393 base_lr:0.000039Loss: 10.2173 (10.2173) iLoss: 4.0046 (4.0046) CLoss: 0.8923 (0.8923) da_loss: 0.6407 (0.6407) dd_loss: 5.1923 (5.1923) Accu: 41.67
Test Epoch: 6
original feature:   Rank-1: 7.38% | Rank-5: 19.79% | Rank-10: 26.92%| Rank-20: 37.97%| mAP: 9.32%| mINP: 4.33%
feature after BN:   Rank-1: 6.88% | Rank-5: 19.87% | Rank-10: 28.69%| Rank-20: 39.58%| mAP: 9.53%| mINP: 4.79%
Best Epoch [6]
==> Preparing Data Loader...
Epoch: [7][0/97] Time: 0.534 (0.534) lr:0.000449 base_lr:0.000045Loss: 9.7178 (9.7178) iLoss: 3.5423 (3.5423) CLoss: 0.7809 (0.7809) da_loss: 0.5540 (0.5540) dd_loss: 5.2838 (5.2838) Accu: 29.17
Test Epoch: 7
original feature:   Rank-1: 6.84% | Rank-5: 17.76% | Rank-10: 25.74%| Rank-20: 36.46%| mAP: 8.59%| mINP: 3.83%
feature after BN:   Rank-1: 7.38% | Rank-5: 18.82% | Rank-10: 27.64%| Rank-20: 38.65%| mAP: 9.31%| mINP: 4.47%
Best Epoch [7]
==> Preparing Data Loader...
Epoch: [8][0/97] Time: 0.544 (0.544) lr:0.000506 base_lr:0.000051Loss: 8.7522 (8.7522) iLoss: 2.8184 (2.8184) CLoss: 0.8666 (0.8666) da_loss: 0.6188 (0.6188) dd_loss: 4.9435 (4.9435) Accu: 43.75
Test Epoch: 8
original feature:   Rank-1: 6.16% | Rank-5: 15.82% | Rank-10: 24.77%| Rank-20: 34.43%| mAP: 7.88%| mINP: 3.51%
feature after BN:   Rank-1: 6.46% | Rank-5: 17.17% | Rank-10: 26.03%| Rank-20: 35.91%| mAP: 8.47%| mINP: 4.04%
Best Epoch [7]
==> Preparing Data Loader...
Epoch: [9][0/97] Time: 0.510 (0.510) lr:0.000562 base_lr:0.000056Loss: 8.8600 (8.8600) iLoss: 2.4322 (2.4322) CLoss: 0.8155 (0.8155) da_loss: 0.5608 (0.5608) dd_loss: 5.5001 (5.5001) Accu: 50.00
Test Epoch: 9
original feature:   Rank-1: 8.78% | Rank-5: 20.72% | Rank-10: 29.62%| Rank-20: 39.66%| mAP: 9.92%| mINP: 4.19%
feature after BN:   Rank-1: 8.78% | Rank-5: 21.14% | Rank-10: 30.30%| Rank-20: 40.93%| mAP: 10.26%| mINP: 4.74%
Best Epoch [9]
==> Preparing Data Loader...
Epoch: [10][0/97] Time: 0.552 (0.552) lr:0.000618 base_lr:0.000062Loss: 8.2253 (8.2253) iLoss: 2.3163 (2.3163) CLoss: 0.7364 (0.7364) da_loss: 0.5487 (0.5487) dd_loss: 5.0628 (5.0628) Accu: 56.25
Test Epoch: 10
original feature:   Rank-1: 8.31% | Rank-5: 20.34% | Rank-10: 28.73%| Rank-20: 39.11%| mAP: 9.83%| mINP: 4.37%
feature after BN:   Rank-1: 8.90% | Rank-5: 21.90% | Rank-10: 31.48%| Rank-20: 42.11%| mAP: 10.78%| mINP: 5.20%
Best Epoch [10]
==> Preparing Data Loader...
Epoch: [11][0/97] Time: 0.487 (0.487) lr:0.000674 base_lr:0.000067Loss: 7.5702 (7.5702) iLoss: 1.6444 (1.6444) CLoss: 0.8460 (0.8460) da_loss: 0.5898 (0.5898) dd_loss: 4.9619 (4.9619) Accu: 68.75
Test Epoch: 11
original feature:   Rank-1: 7.76% | Rank-5: 20.13% | Rank-10: 28.06%| Rank-20: 37.89%| mAP: 9.56%| mINP: 4.47%
feature after BN:   Rank-1: 7.89% | Rank-5: 21.31% | Rank-10: 29.75%| Rank-20: 39.96%| mAP: 10.12%| mINP: 4.99%
Best Epoch [10]
==> Preparing Data Loader...
Epoch: [12][0/97] Time: 0.529 (0.529) lr:0.000731 base_lr:0.000073Loss: 7.4916 (7.4916) iLoss: 1.6986 (1.6986) CLoss: 0.7552 (0.7552) da_loss: 0.6650 (0.6650) dd_loss: 4.9048 (4.9048) Accu: 60.42
Test Epoch: 12
original feature:   Rank-1: 8.65% | Rank-5: 21.77% | Rank-10: 29.32%| Rank-20: 39.28%| mAP: 9.80%| mINP: 3.95%
feature after BN:   Rank-1: 8.35% | Rank-5: 23.16% | Rank-10: 32.28%| Rank-20: 41.56%| mAP: 10.43%| mINP: 4.53%
Best Epoch [10]
==> Preparing Data Loader...
Epoch: [13][0/97] Time: 0.537 (0.537) lr:0.000787 base_lr:0.000079Loss: 7.3835 (7.3835) iLoss: 1.0755 (1.0755) CLoss: 0.6444 (0.6444) da_loss: 0.5846 (0.5846) dd_loss: 5.5467 (5.5467) Accu: 68.75
Test Epoch: 13
original feature:   Rank-1: 8.02% | Rank-5: 19.32% | Rank-10: 27.13%| Rank-20: 37.55%| mAP: 9.26%| mINP: 4.11%
feature after BN:   Rank-1: 8.57% | Rank-5: 20.55% | Rank-10: 29.37%| Rank-20: 40.21%| mAP: 9.91%| mINP: 4.52%
Best Epoch [10]
==> Preparing Data Loader...
Epoch: [14][0/97] Time: 0.521 (0.521) lr:0.000843 base_lr:0.000084Loss: 7.2637 (7.2637) iLoss: 1.4932 (1.4932) CLoss: 0.7244 (0.7244) da_loss: 0.6085 (0.6085) dd_loss: 4.9245 (4.9245) Accu: 64.58
Test Epoch: 14
original feature:   Rank-1: 7.97% | Rank-5: 20.21% | Rank-10: 29.16%| Rank-20: 39.28%| mAP: 9.29%| mINP: 3.72%
feature after BN:   Rank-1: 8.65% | Rank-5: 21.27% | Rank-10: 30.17%| Rank-20: 42.03%| mAP: 10.29%| mINP: 4.59%
Best Epoch [10]
==> Preparing Data Loader...
Epoch: [15][0/97] Time: 0.543 (0.543) lr:0.000899 base_lr:0.000090Loss: 6.6728 (6.6728) iLoss: 0.9594 (0.9594) CLoss: 0.8208 (0.8208) da_loss: 0.5567 (0.5567) dd_loss: 4.7812 (4.7812) Accu: 70.83
Test Epoch: 15
original feature:   Rank-1: 8.90% | Rank-5: 20.97% | Rank-10: 28.65%| Rank-20: 39.41%| mAP: 10.08%| mINP: 4.51%
feature after BN:   Rank-1: 9.28% | Rank-5: 22.15% | Rank-10: 30.63%| Rank-20: 41.81%| mAP: 10.91%| mINP: 5.27%
Best Epoch [15]
==> Preparing Data Loader...
Epoch: [16][0/97] Time: 0.551 (0.551) lr:0.000889 base_lr:0.000089Loss: 6.4745 (6.4745) iLoss: 0.5241 (0.5241) CLoss: 0.6536 (0.6536) da_loss: 0.6244 (0.6244) dd_loss: 5.1719 (5.1719) Accu: 89.58
Test Epoch: 16
original feature:   Rank-1: 9.37% | Rank-5: 23.04% | Rank-10: 31.48%| Rank-20: 41.73%| mAP: 10.74%| mINP: 4.82%
feature after BN:   Rank-1: 10.84% | Rank-5: 25.32% | Rank-10: 33.84%| Rank-20: 44.68%| mAP: 12.07%| mINP: 5.62%
Best Epoch [16]
==> Preparing Data Loader...
Epoch: [17][0/97] Time: 0.551 (0.551) lr:0.000879 base_lr:0.000088Loss: 7.2740 (7.2740) iLoss: 0.9024 (0.9024) CLoss: 0.6988 (0.6988) da_loss: 0.5920 (0.5920) dd_loss: 5.5544 (5.5544) Accu: 77.08
Test Epoch: 17
original feature:   Rank-1: 10.30% | Rank-5: 24.85% | Rank-10: 32.95%| Rank-20: 43.88%| mAP: 11.59%| mINP: 5.18%
feature after BN:   Rank-1: 11.27% | Rank-5: 25.86% | Rank-10: 34.73%| Rank-20: 45.99%| mAP: 12.57%| mINP: 5.95%
Best Epoch [17]
==> Preparing Data Loader...
Epoch: [18][0/97] Time: 0.565 (0.565) lr:0.000868 base_lr:0.000087Loss: 6.4556 (6.4556) iLoss: 0.7006 (0.7006) CLoss: 0.6562 (0.6562) da_loss: 0.5930 (0.5930) dd_loss: 4.9801 (4.9801) Accu: 87.50
Test Epoch: 18
original feature:   Rank-1: 9.24% | Rank-5: 23.71% | Rank-10: 32.11%| Rank-20: 42.19%| mAP: 10.77%| mINP: 4.51%
feature after BN:   Rank-1: 10.89% | Rank-5: 25.32% | Rank-10: 34.39%| Rank-20: 45.70%| mAP: 12.07%| mINP: 5.45%
Best Epoch [17]
==> Preparing Data Loader...
Epoch: [19][0/97] Time: 0.489 (0.489) lr:0.000857 base_lr:0.000086Loss: 6.2082 (6.2082) iLoss: 0.3662 (0.3662) CLoss: 0.7929 (0.7929) da_loss: 0.6321 (0.6321) dd_loss: 4.9226 (4.9226) Accu: 89.58
Test Epoch: 19
original feature:   Rank-1: 10.42% | Rank-5: 25.27% | Rank-10: 34.64%| Rank-20: 44.43%| mAP: 11.77%| mINP: 5.12%
feature after BN:   Rank-1: 11.73% | Rank-5: 26.96% | Rank-10: 37.68%| Rank-20: 49.41%| mAP: 12.99%| mINP: 6.06%
Best Epoch [19]
==> Preparing Data Loader...
Epoch: [20][0/97] Time: 0.539 (0.539) lr:0.000847 base_lr:0.000085Loss: 6.3211 (6.3211) iLoss: 0.5983 (0.5983) CLoss: 0.7534 (0.7534) da_loss: 0.6422 (0.6422) dd_loss: 4.8411 (4.8411) Accu: 87.50
Test Epoch: 20
original feature:   Rank-1: 10.38% | Rank-5: 24.22% | Rank-10: 33.33%| Rank-20: 44.30%| mAP: 11.49%| mINP: 5.04%
feature after BN:   Rank-1: 11.77% | Rank-5: 26.37% | Rank-10: 35.49%| Rank-20: 47.22%| mAP: 12.96%| mINP: 6.08%
Best Epoch [20]
==> Preparing Data Loader...
Epoch: [21][0/97] Time: 0.535 (0.535) lr:0.000836 base_lr:0.000084Loss: 5.1037 (5.1037) iLoss: 0.2628 (0.2628) CLoss: 0.5924 (0.5924) da_loss: 0.5789 (0.5789) dd_loss: 4.1327 (4.1327) Accu: 91.67
Test Epoch: 21
original feature:   Rank-1: 12.15% | Rank-5: 27.17% | Rank-10: 35.91%| Rank-20: 48.10%| mAP: 13.17%| mINP: 6.00%
feature after BN:   Rank-1: 12.24% | Rank-5: 28.82% | Rank-10: 39.66%| Rank-20: 51.39%| mAP: 14.14%| mINP: 6.96%
Best Epoch [21]
==> Preparing Data Loader...
Epoch: [22][0/97] Time: 0.543 (0.543) lr:0.000825 base_lr:0.000083Loss: 4.9182 (4.9182) iLoss: 0.0962 (0.0962) CLoss: 0.5252 (0.5252) da_loss: 0.5701 (0.5701) dd_loss: 4.1828 (4.1828) Accu: 97.92
Test Epoch: 22
original feature:   Rank-1: 13.50% | Rank-5: 30.25% | Rank-10: 39.87%| Rank-20: 51.60%| mAP: 14.78%| mINP: 7.51%
feature after BN:   Rank-1: 14.35% | Rank-5: 31.77% | Rank-10: 42.36%| Rank-20: 54.05%| mAP: 15.80%| mINP: 8.17%
Best Epoch [22]
==> Preparing Data Loader...
Epoch: [23][0/97] Time: 0.549 (0.549) lr:0.000814 base_lr:0.000081Loss: 5.8585 (5.8585) iLoss: 0.3479 (0.3479) CLoss: 0.5541 (0.5541) da_loss: 0.5690 (0.5690) dd_loss: 4.8426 (4.8426) Accu: 91.67
Test Epoch: 23
original feature:   Rank-1: 12.45% | Rank-5: 29.83% | Rank-10: 38.95%| Rank-20: 50.63%| mAP: 14.12%| mINP: 6.80%
feature after BN:   Rank-1: 14.05% | Rank-5: 32.53% | Rank-10: 42.28%| Rank-20: 53.97%| mAP: 15.51%| mINP: 7.67%
Best Epoch [22]
==> Preparing Data Loader...
Epoch: [24][0/97] Time: 0.547 (0.547) lr:0.000804 base_lr:0.000080Loss: 5.1110 (5.1110) iLoss: 0.2751 (0.2751) CLoss: 0.5714 (0.5714) da_loss: 0.5941 (0.5941) dd_loss: 4.1457 (4.1457) Accu: 93.75
Test Epoch: 24
original feature:   Rank-1: 13.92% | Rank-5: 31.94% | Rank-10: 42.66%| Rank-20: 54.51%| mAP: 15.51%| mINP: 7.74%
feature after BN:   Rank-1: 15.23% | Rank-5: 34.73% | Rank-10: 44.51%| Rank-20: 56.33%| mAP: 16.62%| mINP: 8.39%
Best Epoch [24]
==> Preparing Data Loader...
Epoch: [25][0/97] Time: 0.510 (0.510) lr:0.000793 base_lr:0.000079Loss: 5.1462 (5.1462) iLoss: 0.2967 (0.2967) CLoss: 0.6886 (0.6886) da_loss: 0.5495 (0.5495) dd_loss: 4.0511 (4.0511) Accu: 91.67
Test Epoch: 25
original feature:   Rank-1: 14.77% | Rank-5: 30.42% | Rank-10: 40.17%| Rank-20: 53.63%| mAP: 15.32%| mINP: 7.32%
feature after BN:   Rank-1: 15.74% | Rank-5: 31.77% | Rank-10: 41.73%| Rank-20: 55.61%| mAP: 16.27%| mINP: 8.04%
Best Epoch [25]
==> Preparing Data Loader...
Epoch: [26][0/97] Time: 0.586 (0.586) lr:0.000782 base_lr:0.000078Loss: 5.2196 (5.2196) iLoss: 0.1308 (0.1308) CLoss: 0.4418 (0.4418) da_loss: 0.5556 (0.5556) dd_loss: 4.5359 (4.5359) Accu: 97.92
Test Epoch: 26
original feature:   Rank-1: 15.15% | Rank-5: 32.24% | Rank-10: 42.24%| Rank-20: 54.14%| mAP: 15.86%| mINP: 7.54%
feature after BN:   Rank-1: 14.89% | Rank-5: 33.25% | Rank-10: 43.08%| Rank-20: 55.53%| mAP: 16.45%| mINP: 8.38%
Best Epoch [25]
==> Preparing Data Loader...
Epoch: [27][0/97] Time: 0.515 (0.515) lr:0.000772 base_lr:0.000077Loss: 5.1137 (5.1137) iLoss: 0.1895 (0.1895) CLoss: 0.4953 (0.4953) da_loss: 0.5525 (0.5525) dd_loss: 4.3184 (4.3184) Accu: 97.92
Test Epoch: 27
original feature:   Rank-1: 15.86% | Rank-5: 33.12% | Rank-10: 44.14%| Rank-20: 55.82%| mAP: 16.48%| mINP: 7.99%
feature after BN:   Rank-1: 16.92% | Rank-5: 34.26% | Rank-10: 44.43%| Rank-20: 57.97%| mAP: 17.43%| mINP: 8.69%
Best Epoch [27]
==> Preparing Data Loader...
Epoch: [28][0/97] Time: 0.551 (0.551) lr:0.000761 base_lr:0.000076Loss: 4.7731 (4.7731) iLoss: 0.0990 (0.0990) CLoss: 0.3836 (0.3836) da_loss: 0.5520 (0.5520) dd_loss: 4.1801 (4.1801) Accu: 97.92
Test Epoch: 28
original feature:   Rank-1: 17.22% | Rank-5: 36.08% | Rank-10: 47.38%| Rank-20: 58.99%| mAP: 18.06%| mINP: 9.10%
feature after BN:   Rank-1: 16.92% | Rank-5: 35.99% | Rank-10: 46.96%| Rank-20: 59.41%| mAP: 18.04%| mINP: 9.33%
Best Epoch [27]
==> Preparing Data Loader...
Epoch: [29][0/97] Time: 0.517 (0.517) lr:0.000750 base_lr:0.000075Loss: 4.5186 (4.5186) iLoss: 0.1978 (0.1978) CLoss: 0.2955 (0.2955) da_loss: 0.4949 (0.4949) dd_loss: 3.9264 (3.9264) Accu: 95.83
Test Epoch: 29
original feature:   Rank-1: 15.27% | Rank-5: 34.94% | Rank-10: 44.68%| Rank-20: 57.38%| mAP: 16.78%| mINP: 8.48%
feature after BN:   Rank-1: 16.20% | Rank-5: 34.77% | Rank-10: 46.41%| Rank-20: 59.41%| mAP: 17.53%| mINP: 9.08%
Best Epoch [27]
==> Preparing Data Loader...
Epoch: [30][0/97] Time: 0.536 (0.536) lr:0.000739 base_lr:0.000074Loss: 4.4874 (4.4874) iLoss: 0.1651 (0.1651) CLoss: 0.4337 (0.4337) da_loss: 0.5480 (0.5480) dd_loss: 3.7790 (3.7790) Accu: 95.83
Test Epoch: 30
original feature:   Rank-1: 14.43% | Rank-5: 33.76% | Rank-10: 44.39%| Rank-20: 57.55%| mAP: 16.55%| mINP: 8.71%
feature after BN:   Rank-1: 15.78% | Rank-5: 34.98% | Rank-10: 46.46%| Rank-20: 59.79%| mAP: 17.52%| mINP: 9.40%
Best Epoch [27]
==> Preparing Data Loader...
Epoch: [31][0/97] Time: 0.542 (0.542) lr:0.000729 base_lr:0.000073Loss: 4.4722 (4.4722) iLoss: 0.2204 (0.2204) CLoss: 0.3479 (0.3479) da_loss: 0.5123 (0.5123) dd_loss: 3.8015 (3.8015) Accu: 93.75
Test Epoch: 31
original feature:   Rank-1: 14.85% | Rank-5: 31.90% | Rank-10: 43.04%| Rank-20: 54.73%| mAP: 16.11%| mINP: 8.14%
feature after BN:   Rank-1: 15.27% | Rank-5: 33.08% | Rank-10: 43.92%| Rank-20: 56.37%| mAP: 16.76%| mINP: 8.85%
Best Epoch [27]
==> Preparing Data Loader...
Epoch: [32][0/97] Time: 0.545 (0.545) lr:0.000718 base_lr:0.000072Loss: 4.7248 (4.7248) iLoss: 0.2692 (0.2692) CLoss: 0.4214 (0.4214) da_loss: 0.5407 (0.5407) dd_loss: 3.9260 (3.9260) Accu: 93.75
Test Epoch: 32
original feature:   Rank-1: 17.05% | Rank-5: 35.57% | Rank-10: 46.62%| Rank-20: 59.11%| mAP: 18.04%| mINP: 9.32%
feature after BN:   Rank-1: 17.59% | Rank-5: 37.13% | Rank-10: 47.97%| Rank-20: 60.25%| mAP: 18.62%| mINP: 9.68%
Best Epoch [32]
==> Preparing Data Loader...
Epoch: [33][0/97] Time: 0.502 (0.502) lr:0.000707 base_lr:0.000071Loss: 4.5954 (4.5954) iLoss: 0.1649 (0.1649) CLoss: 0.3596 (0.3596) da_loss: 0.5649 (0.5649) dd_loss: 3.9579 (3.9579) Accu: 97.92
Test Epoch: 33
original feature:   Rank-1: 15.11% | Rank-5: 34.85% | Rank-10: 46.08%| Rank-20: 57.97%| mAP: 17.02%| mINP: 9.01%
feature after BN:   Rank-1: 16.92% | Rank-5: 35.19% | Rank-10: 46.84%| Rank-20: 60.34%| mAP: 17.80%| mINP: 9.08%
Best Epoch [32]
==> Preparing Data Loader...
Epoch: [34][0/97] Time: 0.519 (0.519) lr:0.000697 base_lr:0.000070Loss: 4.2848 (4.2848) iLoss: 0.1845 (0.1845) CLoss: 0.3648 (0.3648) da_loss: 0.5842 (0.5842) dd_loss: 3.6187 (3.6187) Accu: 93.75
Test Epoch: 34
original feature:   Rank-1: 18.02% | Rank-5: 37.17% | Rank-10: 48.65%| Rank-20: 61.18%| mAP: 19.13%| mINP: 10.25%
feature after BN:   Rank-1: 17.59% | Rank-5: 37.64% | Rank-10: 49.41%| Rank-20: 60.72%| mAP: 19.19%| mINP: 10.64%
Best Epoch [32]
==> Preparing Data Loader...
Epoch: [35][0/97] Time: 0.533 (0.533) lr:0.000686 base_lr:0.000069Loss: 4.5910 (4.5910) iLoss: 0.1974 (0.1974) CLoss: 0.2858 (0.2858) da_loss: 0.5480 (0.5480) dd_loss: 3.9982 (3.9982) Accu: 95.83
Test Epoch: 35
original feature:   Rank-1: 16.58% | Rank-5: 34.43% | Rank-10: 47.38%| Rank-20: 59.75%| mAP: 17.69%| mINP: 9.20%
feature after BN:   Rank-1: 16.88% | Rank-5: 35.70% | Rank-10: 45.95%| Rank-20: 59.58%| mAP: 18.14%| mINP: 9.70%
Best Epoch [32]
==> Preparing Data Loader...
Epoch: [36][0/97] Time: 0.556 (0.556) lr:0.000675 base_lr:0.000068Loss: 4.6524 (4.6524) iLoss: 0.1922 (0.1922) CLoss: 0.4292 (0.4292) da_loss: 0.5779 (0.5779) dd_loss: 3.9154 (3.9154) Accu: 93.75
Test Epoch: 36
original feature:   Rank-1: 16.67% | Rank-5: 35.86% | Rank-10: 47.93%| Rank-20: 60.68%| mAP: 18.24%| mINP: 9.73%
feature after BN:   Rank-1: 16.24% | Rank-5: 36.33% | Rank-10: 47.55%| Rank-20: 59.54%| mAP: 18.26%| mINP: 10.08%
Best Epoch [32]
==> Preparing Data Loader...
Epoch: [37][0/97] Time: 0.506 (0.506) lr:0.000664 base_lr:0.000066Loss: 4.0838 (4.0838) iLoss: 0.1104 (0.1104) CLoss: 0.3203 (0.3203) da_loss: 0.5363 (0.5363) dd_loss: 3.5459 (3.5459) Accu: 95.83
Test Epoch: 37
original feature:   Rank-1: 16.46% | Rank-5: 34.43% | Rank-10: 46.67%| Rank-20: 59.83%| mAP: 17.91%| mINP: 9.70%
feature after BN:   Rank-1: 16.67% | Rank-5: 35.61% | Rank-10: 47.59%| Rank-20: 60.34%| mAP: 18.42%| mINP: 10.19%
Best Epoch [32]
==> Preparing Data Loader...
Epoch: [38][0/97] Time: 0.604 (0.604) lr:0.000654 base_lr:0.000065Loss: 4.3032 (4.3032) iLoss: 0.1065 (0.1065) CLoss: 0.3085 (0.3085) da_loss: 0.5087 (0.5087) dd_loss: 3.7865 (3.7865) Accu: 97.92
Test Epoch: 38
original feature:   Rank-1: 17.72% | Rank-5: 37.97% | Rank-10: 49.92%| Rank-20: 61.48%| mAP: 18.97%| mINP: 9.86%
feature after BN:   Rank-1: 17.47% | Rank-5: 37.85% | Rank-10: 49.28%| Rank-20: 61.05%| mAP: 19.04%| mINP: 10.45%
Best Epoch [32]
==> Preparing Data Loader...
Epoch: [39][0/97] Time: 0.548 (0.548) lr:0.000643 base_lr:0.000064Loss: 4.3085 (4.3085) iLoss: 0.2481 (0.2481) CLoss: 0.3858 (0.3858) da_loss: 0.5229 (0.5229) dd_loss: 3.5701 (3.5701) Accu: 95.83
Test Epoch: 39
original feature:   Rank-1: 16.75% | Rank-5: 37.34% | Rank-10: 49.16%| Rank-20: 61.77%| mAP: 18.50%| mINP: 9.70%
feature after BN:   Rank-1: 16.54% | Rank-5: 37.38% | Rank-10: 48.99%| Rank-20: 60.08%| mAP: 18.40%| mINP: 10.02%
Best Epoch [32]
==> Preparing Data Loader...
Epoch: [40][0/97] Time: 0.510 (0.510) lr:0.000632 base_lr:0.000063Loss: 3.8425 (3.8425) iLoss: 0.0910 (0.0910) CLoss: 0.1707 (0.1707) da_loss: 0.5527 (0.5527) dd_loss: 3.4702 (3.4702) Accu: 100.00
Test Epoch: 40
original feature:   Rank-1: 17.26% | Rank-5: 38.14% | Rank-10: 50.21%| Rank-20: 62.24%| mAP: 18.97%| mINP: 10.05%
feature after BN:   Rank-1: 17.17% | Rank-5: 37.38% | Rank-10: 49.24%| Rank-20: 61.69%| mAP: 18.92%| mINP: 10.17%
Best Epoch [32]
==> Preparing Data Loader...
Epoch: [41][0/97] Time: 0.506 (0.506) lr:0.000622 base_lr:0.000062Loss: 4.1266 (4.1266) iLoss: 0.0860 (0.0860) CLoss: 0.1361 (0.1361) da_loss: 0.5357 (0.5357) dd_loss: 3.7974 (3.7974) Accu: 97.92
Test Epoch: 41
original feature:   Rank-1: 17.17% | Rank-5: 36.46% | Rank-10: 48.73%| Rank-20: 62.19%| mAP: 18.83%| mINP: 10.33%
feature after BN:   Rank-1: 16.46% | Rank-5: 36.84% | Rank-10: 48.19%| Rank-20: 60.42%| mAP: 18.70%| mINP: 10.60%
Best Epoch [32]
==> Preparing Data Loader...
Epoch: [42][0/97] Time: 0.555 (0.555) lr:0.000611 base_lr:0.000061Loss: 3.8102 (3.8102) iLoss: 0.0276 (0.0276) CLoss: 0.1992 (0.1992) da_loss: 0.4943 (0.4943) dd_loss: 3.4846 (3.4846) Accu: 100.00
Test Epoch: 42
original feature:   Rank-1: 16.88% | Rank-5: 38.27% | Rank-10: 50.89%| Rank-20: 62.74%| mAP: 19.13%| mINP: 10.54%
feature after BN:   Rank-1: 17.09% | Rank-5: 38.02% | Rank-10: 49.45%| Rank-20: 62.41%| mAP: 19.32%| mINP: 10.81%
Best Epoch [32]
==> Preparing Data Loader...
Epoch: [43][0/97] Time: 0.524 (0.524) lr:0.000600 base_lr:0.000060Loss: 3.9058 (3.9058) iLoss: 0.0887 (0.0887) CLoss: 0.2037 (0.2037) da_loss: 0.5081 (0.5081) dd_loss: 3.5119 (3.5119) Accu: 97.92
Test Epoch: 43
original feature:   Rank-1: 16.41% | Rank-5: 36.71% | Rank-10: 47.81%| Rank-20: 60.72%| mAP: 18.23%| mINP: 9.85%
feature after BN:   Rank-1: 16.41% | Rank-5: 36.67% | Rank-10: 47.43%| Rank-20: 60.55%| mAP: 18.48%| mINP: 10.26%
Best Epoch [32]
==> Preparing Data Loader...
Epoch: [44][0/97] Time: 0.531 (0.531) lr:0.000589 base_lr:0.000059Loss: 4.5436 (4.5436) iLoss: 0.1425 (0.1425) CLoss: 0.2951 (0.2951) da_loss: 0.4832 (0.4832) dd_loss: 4.0093 (4.0093) Accu: 95.83
Test Epoch: 44
original feature:   Rank-1: 17.89% | Rank-5: 37.85% | Rank-10: 49.75%| Rank-20: 62.07%| mAP: 19.41%| mINP: 10.56%
feature after BN:   Rank-1: 17.17% | Rank-5: 37.09% | Rank-10: 48.82%| Rank-20: 61.86%| mAP: 19.02%| mINP: 10.60%
Best Epoch [32]
==> Preparing Data Loader...
Epoch: [45][0/97] Time: 0.511 (0.511) lr:0.000579 base_lr:0.000058Loss: 3.8399 (3.8399) iLoss: 0.0749 (0.0749) CLoss: 0.2252 (0.2252) da_loss: 0.5498 (0.5498) dd_loss: 3.4299 (3.4299) Accu: 97.92
Test Epoch: 45
original feature:   Rank-1: 16.88% | Rank-5: 37.34% | Rank-10: 48.14%| Rank-20: 60.55%| mAP: 18.66%| mINP: 10.28%
feature after BN:   Rank-1: 16.54% | Rank-5: 37.26% | Rank-10: 47.89%| Rank-20: 60.84%| mAP: 18.73%| mINP: 10.55%
Best Epoch [32]
==> Preparing Data Loader...
Epoch: [46][0/97] Time: 0.532 (0.532) lr:0.000568 base_lr:0.000057Loss: 3.8763 (3.8763) iLoss: 0.0483 (0.0483) CLoss: 0.1358 (0.1358) da_loss: 0.5305 (0.5305) dd_loss: 3.5861 (3.5861) Accu: 100.00
Test Epoch: 46
original feature:   Rank-1: 17.30% | Rank-5: 38.19% | Rank-10: 50.46%| Rank-20: 63.59%| mAP: 19.41%| mINP: 10.79%
feature after BN:   Rank-1: 16.75% | Rank-5: 37.64% | Rank-10: 48.82%| Rank-20: 62.32%| mAP: 18.99%| mINP: 10.72%
Best Epoch [32]
==> Preparing Data Loader...
Epoch: [47][0/97] Time: 0.531 (0.531) lr:0.000557 base_lr:0.000056Loss: 4.1525 (4.1525) iLoss: 0.1087 (0.1087) CLoss: 0.1863 (0.1863) da_loss: 0.4962 (0.4962) dd_loss: 3.7583 (3.7583) Accu: 95.83
Test Epoch: 47
original feature:   Rank-1: 17.26% | Rank-5: 38.86% | Rank-10: 49.92%| Rank-20: 61.98%| mAP: 19.27%| mINP: 10.67%
feature after BN:   Rank-1: 17.34% | Rank-5: 38.40% | Rank-10: 49.37%| Rank-20: 61.69%| mAP: 19.51%| mINP: 11.13%
Best Epoch [32]
==> Preparing Data Loader...
Epoch: [48][0/97] Time: 0.491 (0.491) lr:0.000547 base_lr:0.000055Loss: 4.0371 (4.0371) iLoss: 0.0734 (0.0734) CLoss: 0.1936 (0.1936) da_loss: 0.4886 (0.4886) dd_loss: 3.6724 (3.6724) Accu: 100.00
Test Epoch: 48
original feature:   Rank-1: 16.16% | Rank-5: 37.85% | Rank-10: 48.95%| Rank-20: 61.56%| mAP: 18.54%| mINP: 10.26%
feature after BN:   Rank-1: 15.95% | Rank-5: 36.20% | Rank-10: 48.48%| Rank-20: 60.51%| mAP: 18.23%| mINP: 10.33%
Best Epoch [32]
==> Preparing Data Loader...
Epoch: [49][0/97] Time: 0.530 (0.530) lr:0.000536 base_lr:0.000054Loss: 4.0399 (4.0399) iLoss: 0.1073 (0.1073) CLoss: 0.1899 (0.1899) da_loss: 0.4884 (0.4884) dd_loss: 3.6450 (3.6450) Accu: 97.92
Test Epoch: 49
original feature:   Rank-1: 16.75% | Rank-5: 39.45% | Rank-10: 49.62%| Rank-20: 62.32%| mAP: 19.20%| mINP: 10.64%
feature after BN:   Rank-1: 16.29% | Rank-5: 37.76% | Rank-10: 49.16%| Rank-20: 62.57%| mAP: 18.94%| mINP: 10.87%
Best Epoch [32]
==> Preparing Data Loader...
Epoch: [50][0/97] Time: 0.521 (0.521) lr:0.000525 base_lr:0.000053Loss: 3.7640 (3.7640) iLoss: 0.0194 (0.0194) CLoss: 0.1863 (0.1863) da_loss: 0.4828 (0.4828) dd_loss: 3.4618 (3.4618) Accu: 100.00
Test Epoch: 50
original feature:   Rank-1: 17.00% | Rank-5: 39.16% | Rank-10: 51.73%| Rank-20: 63.42%| mAP: 19.57%| mINP: 11.16%
feature after BN:   Rank-1: 15.82% | Rank-5: 36.33% | Rank-10: 49.24%| Rank-20: 61.81%| mAP: 18.62%| mINP: 10.82%
Best Epoch [32]
==> Preparing Data Loader...
Epoch: [51][0/97] Time: 0.515 (0.515) lr:0.000514 base_lr:0.000051Loss: 3.9736 (3.9736) iLoss: 0.0341 (0.0341) CLoss: 0.1828 (0.1828) da_loss: 0.4948 (0.4948) dd_loss: 3.6578 (3.6578) Accu: 100.00
Test Epoch: 51
original feature:   Rank-1: 16.92% | Rank-5: 39.54% | Rank-10: 51.65%| Rank-20: 63.54%| mAP: 19.63%| mINP: 11.03%
feature after BN:   Rank-1: 16.71% | Rank-5: 38.61% | Rank-10: 49.62%| Rank-20: 62.32%| mAP: 19.24%| mINP: 11.07%
Best Epoch [32]
==> Preparing Data Loader...
Epoch: [52][0/97] Time: 0.550 (0.550) lr:0.000504 base_lr:0.000050Loss: 4.0769 (4.0769) iLoss: 0.1514 (0.1514) CLoss: 0.2658 (0.2658) da_loss: 0.5076 (0.5076) dd_loss: 3.5582 (3.5582) Accu: 97.92
Test Epoch: 52
original feature:   Rank-1: 17.38% | Rank-5: 39.92% | Rank-10: 51.86%| Rank-20: 63.04%| mAP: 19.80%| mINP: 11.02%
feature after BN:   Rank-1: 16.58% | Rank-5: 37.72% | Rank-10: 50.25%| Rank-20: 61.73%| mAP: 19.07%| mINP: 10.88%
Best Epoch [32]
==> Preparing Data Loader...
Epoch: [53][0/97] Time: 0.494 (0.494) lr:0.000493 base_lr:0.000049Loss: 3.7078 (3.7078) iLoss: 0.1081 (0.1081) CLoss: 0.0950 (0.0950) da_loss: 0.5115 (0.5115) dd_loss: 3.4024 (3.4024) Accu: 97.92
Test Epoch: 53
original feature:   Rank-1: 17.09% | Rank-5: 38.23% | Rank-10: 51.39%| Rank-20: 62.95%| mAP: 19.38%| mINP: 10.71%
feature after BN:   Rank-1: 16.88% | Rank-5: 38.23% | Rank-10: 48.86%| Rank-20: 61.94%| mAP: 19.16%| mINP: 10.79%
Best Epoch [32]
==> Preparing Data Loader...
Epoch: [54][0/97] Time: 0.515 (0.515) lr:0.000482 base_lr:0.000048Loss: 3.7155 (3.7155) iLoss: 0.0347 (0.0347) CLoss: 0.1713 (0.1713) da_loss: 0.4976 (0.4976) dd_loss: 3.4100 (3.4100) Accu: 100.00
Test Epoch: 54
original feature:   Rank-1: 18.65% | Rank-5: 40.08% | Rank-10: 51.73%| Rank-20: 64.64%| mAP: 20.18%| mINP: 10.97%
feature after BN:   Rank-1: 17.93% | Rank-5: 40.34% | Rank-10: 51.65%| Rank-20: 63.71%| mAP: 20.09%| mINP: 11.38%
Best Epoch [54]
==> Preparing Data Loader...
Epoch: [55][0/97] Time: 0.520 (0.520) lr:0.000472 base_lr:0.000047Loss: 4.1452 (4.1452) iLoss: 0.2598 (0.2598) CLoss: 0.0860 (0.0860) da_loss: 0.4529 (0.4529) dd_loss: 3.7088 (3.7088) Accu: 97.92
Test Epoch: 55
original feature:   Rank-1: 17.38% | Rank-5: 38.44% | Rank-10: 51.69%| Rank-20: 64.18%| mAP: 19.85%| mINP: 11.33%
feature after BN:   Rank-1: 17.00% | Rank-5: 38.82% | Rank-10: 51.10%| Rank-20: 63.50%| mAP: 19.50%| mINP: 11.10%
Best Epoch [54]
==> Preparing Data Loader...
Epoch: [56][0/97] Time: 0.514 (0.514) lr:0.000461 base_lr:0.000046Loss: 4.0218 (4.0218) iLoss: 0.1790 (0.1790) CLoss: 0.2534 (0.2534) da_loss: 0.5026 (0.5026) dd_loss: 3.4889 (3.4889) Accu: 95.83
Test Epoch: 56
original feature:   Rank-1: 17.09% | Rank-5: 39.45% | Rank-10: 51.94%| Rank-20: 63.71%| mAP: 19.80%| mINP: 11.31%
feature after BN:   Rank-1: 16.75% | Rank-5: 38.40% | Rank-10: 50.55%| Rank-20: 62.70%| mAP: 19.32%| mINP: 11.12%
Best Epoch [54]
==> Preparing Data Loader...
Epoch: [57][0/97] Time: 0.618 (0.618) lr:0.000450 base_lr:0.000045Loss: 3.7891 (3.7891) iLoss: 0.0251 (0.0251) CLoss: 0.1373 (0.1373) da_loss: 0.4979 (0.4979) dd_loss: 3.5271 (3.5271) Accu: 100.00
Test Epoch: 57
original feature:   Rank-1: 17.43% | Rank-5: 40.04% | Rank-10: 51.86%| Rank-20: 64.73%| mAP: 19.72%| mINP: 10.84%
feature after BN:   Rank-1: 17.05% | Rank-5: 38.82% | Rank-10: 50.89%| Rank-20: 62.87%| mAP: 19.34%| mINP: 10.77%
Best Epoch [54]
==> Preparing Data Loader...
Epoch: [58][0/97] Time: 0.619 (0.619) lr:0.000439 base_lr:0.000044Loss: 3.7110 (3.7110) iLoss: 0.0381 (0.0381) CLoss: 0.1145 (0.1145) da_loss: 0.5188 (0.5188) dd_loss: 3.4547 (3.4547) Accu: 100.00
Test Epoch: 58
original feature:   Rank-1: 18.44% | Rank-5: 41.43% | Rank-10: 53.25%| Rank-20: 64.98%| mAP: 20.50%| mINP: 11.38%
feature after BN:   Rank-1: 17.26% | Rank-5: 38.02% | Rank-10: 50.17%| Rank-20: 64.14%| mAP: 19.60%| mINP: 11.18%
Best Epoch [54]
==> Preparing Data Loader...
Epoch: [59][0/97] Time: 0.637 (0.637) lr:0.000429 base_lr:0.000043Loss: 3.7763 (3.7763) iLoss: 0.0263 (0.0263) CLoss: 0.1066 (0.1066) da_loss: 0.5421 (0.5421) dd_loss: 3.5350 (3.5350) Accu: 100.00
Test Epoch: 59
original feature:   Rank-1: 17.76% | Rank-5: 37.97% | Rank-10: 50.13%| Rank-20: 62.70%| mAP: 19.40%| mINP: 10.68%
feature after BN:   Rank-1: 15.78% | Rank-5: 36.96% | Rank-10: 48.31%| Rank-20: 61.73%| mAP: 18.51%| mINP: 10.57%
Best Epoch [54]
==> Preparing Data Loader...
Epoch: [60][0/97] Time: 0.577 (0.577) lr:0.000418 base_lr:0.000042Loss: 3.8978 (3.8978) iLoss: 0.1990 (0.1990) CLoss: 0.1246 (0.1246) da_loss: 0.4722 (0.4722) dd_loss: 3.4798 (3.4798) Accu: 95.83
Test Epoch: 60
original feature:   Rank-1: 17.38% | Rank-5: 39.79% | Rank-10: 51.90%| Rank-20: 64.22%| mAP: 19.77%| mINP: 11.01%
feature after BN:   Rank-1: 17.30% | Rank-5: 37.97% | Rank-10: 50.00%| Rank-20: 63.54%| mAP: 19.49%| mINP: 11.11%
Best Epoch [54]
==> Preparing Data Loader...
Epoch: [61][0/97] Time: 0.614 (0.614) lr:0.000407 base_lr:0.000041Loss: 3.5974 (3.5974) iLoss: 0.0220 (0.0220) CLoss: 0.0695 (0.0695) da_loss: 0.4962 (0.4962) dd_loss: 3.4066 (3.4066) Accu: 100.00
Test Epoch: 61
original feature:   Rank-1: 17.59% | Rank-5: 39.92% | Rank-10: 52.66%| Rank-20: 64.39%| mAP: 19.98%| mINP: 11.21%
feature after BN:   Rank-1: 16.88% | Rank-5: 38.61% | Rank-10: 50.00%| Rank-20: 63.71%| mAP: 19.47%| mINP: 11.14%
Best Epoch [54]
==> Preparing Data Loader...
Epoch: [62][0/97] Time: 0.620 (0.620) lr:0.000397 base_lr:0.000040Loss: 3.5789 (3.5789) iLoss: 0.0331 (0.0331) CLoss: 0.1478 (0.1478) da_loss: 0.4544 (0.4544) dd_loss: 3.3071 (3.3071) Accu: 100.00
Test Epoch: 62
original feature:   Rank-1: 18.19% | Rank-5: 39.96% | Rank-10: 52.15%| Rank-20: 64.22%| mAP: 20.15%| mINP: 11.23%
feature after BN:   Rank-1: 17.26% | Rank-5: 37.85% | Rank-10: 50.51%| Rank-20: 63.21%| mAP: 19.54%| mINP: 11.21%
Best Epoch [54]
==> Preparing Data Loader...
Epoch: [63][0/97] Time: 0.608 (0.608) lr:0.000386 base_lr:0.000039Loss: 3.3118 (3.3118) iLoss: 0.0286 (0.0286) CLoss: 0.0743 (0.0743) da_loss: 0.4868 (0.4868) dd_loss: 3.1115 (3.1115) Accu: 100.00
Test Epoch: 63
original feature:   Rank-1: 18.95% | Rank-5: 40.80% | Rank-10: 52.19%| Rank-20: 65.27%| mAP: 20.58%| mINP: 11.43%
feature after BN:   Rank-1: 17.17% | Rank-5: 38.02% | Rank-10: 50.89%| Rank-20: 64.01%| mAP: 19.69%| mINP: 11.39%
Best Epoch [54]
==> Preparing Data Loader...
Epoch: [64][0/97] Time: 0.547 (0.547) lr:0.000375 base_lr:0.000038Loss: 3.5271 (3.5271) iLoss: 0.1206 (0.1206) CLoss: 0.0634 (0.0634) da_loss: 0.4782 (0.4782) dd_loss: 3.2475 (3.2475) Accu: 97.92
Test Epoch: 64
original feature:   Rank-1: 17.64% | Rank-5: 41.31% | Rank-10: 52.95%| Rank-20: 64.01%| mAP: 20.29%| mINP: 11.38%
feature after BN:   Rank-1: 17.09% | Rank-5: 38.99% | Rank-10: 51.81%| Rank-20: 63.16%| mAP: 19.58%| mINP: 11.24%
Best Epoch [54]
==> Preparing Data Loader...
Epoch: [65][0/97] Time: 0.584 (0.584) lr:0.000364 base_lr:0.000036Loss: 3.2897 (3.2897) iLoss: 0.0094 (0.0094) CLoss: 0.0426 (0.0426) da_loss: 0.4515 (0.4515) dd_loss: 3.1473 (3.1473) Accu: 100.00
Test Epoch: 65
original feature:   Rank-1: 18.44% | Rank-5: 41.05% | Rank-10: 52.74%| Rank-20: 64.81%| mAP: 20.72%| mINP: 11.81%
feature after BN:   Rank-1: 16.96% | Rank-5: 38.69% | Rank-10: 51.48%| Rank-20: 63.71%| mAP: 19.82%| mINP: 11.71%
Best Epoch [54]
==> Preparing Data Loader...
Epoch: [66][0/97] Time: 0.543 (0.543) lr:0.000354 base_lr:0.000035Loss: 3.4504 (3.4504) iLoss: 0.0635 (0.0635) CLoss: 0.0659 (0.0659) da_loss: 0.4288 (0.4288) dd_loss: 3.2353 (3.2353) Accu: 97.92
Test Epoch: 66
original feature:   Rank-1: 18.82% | Rank-5: 40.84% | Rank-10: 53.71%| Rank-20: 65.11%| mAP: 20.55%| mINP: 11.45%
feature after BN:   Rank-1: 16.92% | Rank-5: 38.48% | Rank-10: 51.31%| Rank-20: 64.09%| mAP: 19.62%| mINP: 11.43%
Best Epoch [54]
==> Preparing Data Loader...
Epoch: [67][0/97] Time: 0.533 (0.533) lr:0.000343 base_lr:0.000034Loss: 3.4882 (3.4882) iLoss: 0.0399 (0.0399) CLoss: 0.0874 (0.0874) da_loss: 0.4876 (0.4876) dd_loss: 3.2634 (3.2634) Accu: 100.00
Test Epoch: 67
original feature:   Rank-1: 17.85% | Rank-5: 39.62% | Rank-10: 51.48%| Rank-20: 63.67%| mAP: 20.10%| mINP: 11.39%
feature after BN:   Rank-1: 16.20% | Rank-5: 37.26% | Rank-10: 48.52%| Rank-20: 61.81%| mAP: 19.06%| mINP: 11.16%
Best Epoch [54]
==> Preparing Data Loader...
Epoch: [68][0/97] Time: 0.553 (0.553) lr:0.000332 base_lr:0.000033Loss: 3.4385 (3.4385) iLoss: 0.0587 (0.0587) CLoss: 0.0266 (0.0266) da_loss: 0.4121 (0.4121) dd_loss: 3.2707 (3.2707) Accu: 100.00
Test Epoch: 68
original feature:   Rank-1: 17.93% | Rank-5: 41.05% | Rank-10: 53.46%| Rank-20: 65.61%| mAP: 20.64%| mINP: 12.09%
feature after BN:   Rank-1: 16.08% | Rank-5: 39.62% | Rank-10: 51.14%| Rank-20: 63.88%| mAP: 19.69%| mINP: 11.91%
Best Epoch [54]
==> Preparing Data Loader...
Epoch: [69][0/97] Time: 0.563 (0.563) lr:0.000322 base_lr:0.000032Loss: 3.3692 (3.3692) iLoss: 0.0094 (0.0094) CLoss: 0.1249 (0.1249) da_loss: 0.4313 (0.4313) dd_loss: 3.1487 (3.1487) Accu: 100.00
Test Epoch: 69
original feature:   Rank-1: 17.97% | Rank-5: 40.68% | Rank-10: 52.32%| Rank-20: 65.40%| mAP: 20.43%| mINP: 11.63%
feature after BN:   Rank-1: 16.58% | Rank-5: 37.51% | Rank-10: 50.89%| Rank-20: 63.67%| mAP: 19.42%| mINP: 11.40%
Best Epoch [54]
==> Preparing Data Loader...
Epoch: [70][0/97] Time: 0.553 (0.553) lr:0.000311 base_lr:0.000031Loss: 3.2482 (3.2482) iLoss: 0.0513 (0.0513) CLoss: 0.0280 (0.0280) da_loss: 0.4501 (0.4501) dd_loss: 3.0789 (3.0789) Accu: 97.92
Test Epoch: 70
original feature:   Rank-1: 18.57% | Rank-5: 41.94% | Rank-10: 53.88%| Rank-20: 65.82%| mAP: 21.00%| mINP: 12.06%
feature after BN:   Rank-1: 16.33% | Rank-5: 38.95% | Rank-10: 50.72%| Rank-20: 63.04%| mAP: 19.51%| mINP: 11.40%
Best Epoch [54]
==> Preparing Data Loader...
Epoch: [71][0/97] Time: 0.590 (0.590) lr:0.000300 base_lr:0.000030Loss: 3.5361 (3.5361) iLoss: 0.1723 (0.1723) CLoss: 0.0302 (0.0302) da_loss: 0.4210 (0.4210) dd_loss: 3.2495 (3.2495) Accu: 95.83
Test Epoch: 71
original feature:   Rank-1: 17.59% | Rank-5: 39.75% | Rank-10: 51.10%| Rank-20: 64.09%| mAP: 20.29%| mINP: 11.79%
feature after BN:   Rank-1: 17.59% | Rank-5: 38.14% | Rank-10: 50.17%| Rank-20: 63.04%| mAP: 19.82%| mINP: 11.42%
Best Epoch [54]
==> Preparing Data Loader...
Epoch: [72][0/97] Time: 0.629 (0.629) lr:0.000289 base_lr:0.000029Loss: 3.4334 (3.4334) iLoss: 0.0167 (0.0167) CLoss: 0.0967 (0.0967) da_loss: 0.4293 (0.4293) dd_loss: 3.2341 (3.2341) Accu: 100.00
Test Epoch: 72
original feature:   Rank-1: 18.69% | Rank-5: 41.31% | Rank-10: 52.74%| Rank-20: 65.65%| mAP: 20.86%| mINP: 11.89%
feature after BN:   Rank-1: 18.23% | Rank-5: 39.49% | Rank-10: 51.48%| Rank-20: 64.47%| mAP: 20.41%| mINP: 11.73%
Best Epoch [72]
==> Preparing Data Loader...
Epoch: [73][0/97] Time: 0.592 (0.592) lr:0.000279 base_lr:0.000028Loss: 3.3234 (3.3234) iLoss: 0.0211 (0.0211) CLoss: 0.0600 (0.0600) da_loss: 0.3894 (0.3894) dd_loss: 3.1644 (3.1644) Accu: 100.00
Test Epoch: 73
original feature:   Rank-1: 17.64% | Rank-5: 40.55% | Rank-10: 52.45%| Rank-20: 64.05%| mAP: 20.33%| mINP: 11.71%
feature after BN:   Rank-1: 16.75% | Rank-5: 38.44% | Rank-10: 50.38%| Rank-20: 63.50%| mAP: 19.67%| mINP: 11.57%
Best Epoch [72]
==> Preparing Data Loader...
Epoch: [74][0/97] Time: 0.599 (0.599) lr:0.000268 base_lr:0.000027Loss: 3.1748 (3.1748) iLoss: 0.0270 (0.0270) CLoss: 0.0031 (0.0031) da_loss: 0.4606 (0.4606) dd_loss: 3.0525 (3.0525) Accu: 97.92
Test Epoch: 74
original feature:   Rank-1: 18.23% | Rank-5: 39.92% | Rank-10: 52.32%| Rank-20: 65.32%| mAP: 20.36%| mINP: 11.68%
feature after BN:   Rank-1: 16.88% | Rank-5: 39.07% | Rank-10: 50.84%| Rank-20: 62.66%| mAP: 19.87%| mINP: 11.65%
Best Epoch [72]
==> Preparing Data Loader...
Epoch: [75][0/97] Time: 0.606 (0.606) lr:0.000257 base_lr:0.000026Loss: 3.2062 (3.2062) iLoss: 0.0231 (0.0231) CLoss: 0.0284 (0.0284) da_loss: 0.4224 (0.4224) dd_loss: 3.0702 (3.0702) Accu: 100.00
Test Epoch: 75
original feature:   Rank-1: 17.76% | Rank-5: 40.89% | Rank-10: 52.07%| Rank-20: 64.43%| mAP: 20.48%| mINP: 11.96%
feature after BN:   Rank-1: 17.05% | Rank-5: 38.61% | Rank-10: 51.35%| Rank-20: 63.50%| mAP: 19.84%| mINP: 11.74%
Best Epoch [72]
==> Preparing Data Loader...
Epoch: [76][0/97] Time: 0.540 (0.540) lr:0.000247 base_lr:0.000025Loss: 3.1798 (3.1798) iLoss: 0.0083 (0.0083) CLoss: 0.0227 (0.0227) da_loss: 0.3841 (0.3841) dd_loss: 3.0720 (3.0720) Accu: 100.00
Test Epoch: 76
original feature:   Rank-1: 18.90% | Rank-5: 41.05% | Rank-10: 52.15%| Rank-20: 65.61%| mAP: 20.95%| mINP: 12.11%
feature after BN:   Rank-1: 17.81% | Rank-5: 39.20% | Rank-10: 51.73%| Rank-20: 62.49%| mAP: 20.41%| mINP: 12.17%
Best Epoch [72]
==> Preparing Data Loader...
Epoch: [77][0/97] Time: 0.588 (0.588) lr:0.000236 base_lr:0.000024Loss: 3.1988 (3.1988) iLoss: 0.0117 (0.0117) CLoss: 0.0378 (0.0378) da_loss: 0.3764 (0.3764) dd_loss: 3.0740 (3.0740) Accu: 100.00
Test Epoch: 77
original feature:   Rank-1: 18.35% | Rank-5: 40.72% | Rank-10: 52.78%| Rank-20: 64.64%| mAP: 20.73%| mINP: 12.03%
feature after BN:   Rank-1: 17.30% | Rank-5: 39.41% | Rank-10: 52.03%| Rank-20: 63.71%| mAP: 20.16%| mINP: 11.91%
Best Epoch [72]
==> Preparing Data Loader...
Epoch: [78][0/97] Time: 0.654 (0.654) lr:0.000225 base_lr:0.000023Loss: 3.1769 (3.1769) iLoss: 0.0204 (0.0204) CLoss: 0.0510 (0.0510) da_loss: 0.4090 (0.4090) dd_loss: 3.0237 (3.0237) Accu: 100.00
Test Epoch: 78
original feature:   Rank-1: 17.81% | Rank-5: 40.76% | Rank-10: 51.69%| Rank-20: 64.39%| mAP: 20.43%| mINP: 11.74%
feature after BN:   Rank-1: 17.30% | Rank-5: 40.00% | Rank-10: 51.31%| Rank-20: 63.38%| mAP: 20.33%| mINP: 12.12%
Best Epoch [72]
==> Preparing Data Loader...
Epoch: [79][0/97] Time: 0.602 (0.602) lr:0.000214 base_lr:0.000021Loss: 3.2261 (3.2261) iLoss: 0.0124 (0.0124) CLoss: 0.0919 (0.0919) da_loss: 0.4167 (0.4167) dd_loss: 3.0385 (3.0385) Accu: 100.00
Test Epoch: 79
original feature:   Rank-1: 18.82% | Rank-5: 41.18% | Rank-10: 52.66%| Rank-20: 64.73%| mAP: 20.92%| mINP: 12.08%
feature after BN:   Rank-1: 18.10% | Rank-5: 39.75% | Rank-10: 51.27%| Rank-20: 63.84%| mAP: 20.43%| mINP: 12.01%
Best Epoch [72]
==> Preparing Data Loader...
Epoch: [80][0/97] Time: 0.626 (0.626) lr:0.000204 base_lr:0.000020Loss: 3.0794 (3.0794) iLoss: 0.0110 (0.0110) CLoss: 0.0064 (0.0064) da_loss: 0.3699 (0.3699) dd_loss: 2.9880 (2.9880) Accu: 100.00
Test Epoch: 80
original feature:   Rank-1: 17.51% | Rank-5: 41.01% | Rank-10: 52.07%| Rank-20: 65.49%| mAP: 20.30%| mINP: 11.56%
feature after BN:   Rank-1: 17.47% | Rank-5: 39.66% | Rank-10: 51.73%| Rank-20: 64.39%| mAP: 20.11%| mINP: 11.57%
Best Epoch [72]
==> Preparing Data Loader...
Epoch: [81][0/97] Time: 0.592 (0.592) lr:0.000193 base_lr:0.000019Loss: 3.3485 (3.3485) iLoss: 0.0168 (0.0168) CLoss: 0.0754 (0.0754) da_loss: 0.4182 (0.4182) dd_loss: 3.1726 (3.1726) Accu: 100.00
Test Epoch: 81
original feature:   Rank-1: 18.44% | Rank-5: 40.63% | Rank-10: 52.70%| Rank-20: 64.94%| mAP: 21.05%| mINP: 12.29%
feature after BN:   Rank-1: 17.76% | Rank-5: 40.21% | Rank-10: 51.43%| Rank-20: 64.05%| mAP: 20.46%| mINP: 12.07%
Best Epoch [72]
==> Preparing Data Loader...
Epoch: [82][0/97] Time: 0.594 (0.594) lr:0.000182 base_lr:0.000018Loss: 3.0988 (3.0988) iLoss: 0.0059 (0.0059) CLoss: 0.0211 (0.0211) da_loss: 0.3879 (0.3879) dd_loss: 2.9942 (2.9942) Accu: 100.00
Test Epoch: 82
original feature:   Rank-1: 18.44% | Rank-5: 40.08% | Rank-10: 51.43%| Rank-20: 64.68%| mAP: 20.55%| mINP: 11.78%
feature after BN:   Rank-1: 17.59% | Rank-5: 40.63% | Rank-10: 52.19%| Rank-20: 63.29%| mAP: 20.21%| mINP: 11.69%
Best Epoch [72]
==> Preparing Data Loader...
Epoch: [83][0/97] Time: 0.605 (0.605) lr:0.000172 base_lr:0.000017Loss: 3.1282 (3.1282) iLoss: 0.0038 (0.0038) CLoss: 0.0406 (0.0406) da_loss: 0.3860 (0.3860) dd_loss: 3.0067 (3.0067) Accu: 100.00
Test Epoch: 83
original feature:   Rank-1: 18.35% | Rank-5: 39.70% | Rank-10: 51.65%| Rank-20: 64.56%| mAP: 20.35%| mINP: 11.64%
feature after BN:   Rank-1: 17.72% | Rank-5: 39.87% | Rank-10: 51.60%| Rank-20: 63.21%| mAP: 20.23%| mINP: 11.71%
Best Epoch [72]
==> Preparing Data Loader...
Epoch: [84][0/97] Time: 0.567 (0.567) lr:0.000161 base_lr:0.000016Loss: 3.1223 (3.1223) iLoss: 0.0059 (0.0059) CLoss: 0.0138 (0.0138) da_loss: 0.3734 (0.3734) dd_loss: 3.0280 (3.0280) Accu: 100.00
Test Epoch: 84
original feature:   Rank-1: 18.82% | Rank-5: 39.92% | Rank-10: 51.94%| Rank-20: 64.05%| mAP: 20.59%| mINP: 11.67%
feature after BN:   Rank-1: 17.68% | Rank-5: 39.87% | Rank-10: 51.22%| Rank-20: 63.50%| mAP: 20.18%| mINP: 11.69%
Best Epoch [72]
==> Preparing Data Loader...
Epoch: [85][0/97] Time: 0.556 (0.556) lr:0.000150 base_lr:0.000015Loss: 3.1549 (3.1549) iLoss: 0.0148 (0.0148) CLoss: 0.0360 (0.0360) da_loss: 0.3431 (0.3431) dd_loss: 3.0355 (3.0355) Accu: 100.00
Test Epoch: 85
original feature:   Rank-1: 18.86% | Rank-5: 41.31% | Rank-10: 53.12%| Rank-20: 66.08%| mAP: 21.05%| mINP: 12.10%
feature after BN:   Rank-1: 17.68% | Rank-5: 40.13% | Rank-10: 50.84%| Rank-20: 63.04%| mAP: 20.26%| mINP: 11.80%
Best Epoch [72]
==> Preparing Data Loader...
Epoch: [86][0/97] Time: 0.594 (0.594) lr:0.000139 base_lr:0.000014Loss: 3.1121 (3.1121) iLoss: 0.0060 (0.0060) CLoss: 0.0084 (0.0084) da_loss: 0.3285 (0.3285) dd_loss: 3.0320 (3.0320) Accu: 100.00
Test Epoch: 86
original feature:   Rank-1: 18.82% | Rank-5: 40.63% | Rank-10: 52.95%| Rank-20: 65.78%| mAP: 20.98%| mINP: 12.12%
feature after BN:   Rank-1: 17.26% | Rank-5: 39.79% | Rank-10: 51.60%| Rank-20: 64.56%| mAP: 20.29%| mINP: 11.88%
Best Epoch [72]
==> Preparing Data Loader...
Epoch: [87][0/97] Time: 0.615 (0.615) lr:0.000129 base_lr:0.000013Loss: 3.1151 (3.1151) iLoss: 0.0106 (0.0106) CLoss: 0.0365 (0.0365) da_loss: 0.3459 (0.3459) dd_loss: 2.9989 (2.9989) Accu: 100.00
Test Epoch: 87
original feature:   Rank-1: 18.99% | Rank-5: 40.72% | Rank-10: 52.78%| Rank-20: 65.82%| mAP: 21.03%| mINP: 12.26%
feature after BN:   Rank-1: 17.38% | Rank-5: 40.42% | Rank-10: 51.27%| Rank-20: 63.63%| mAP: 20.26%| mINP: 11.88%
Best Epoch [72]
==> Preparing Data Loader...
Epoch: [88][0/97] Time: 0.573 (0.573) lr:0.000118 base_lr:0.000012Loss: 3.0354 (3.0354) iLoss: 0.0046 (0.0046) CLoss: 0.0114 (0.0114) da_loss: 0.3587 (0.3587) dd_loss: 2.9476 (2.9476) Accu: 100.00
Test Epoch: 88
original feature:   Rank-1: 18.52% | Rank-5: 39.92% | Rank-10: 52.15%| Rank-20: 65.57%| mAP: 20.69%| mINP: 11.97%
feature after BN:   Rank-1: 17.43% | Rank-5: 39.49% | Rank-10: 50.89%| Rank-20: 62.95%| mAP: 20.08%| mINP: 11.82%
Best Epoch [72]
==> Preparing Data Loader...
Epoch: [89][0/97] Time: 0.580 (0.580) lr:0.000107 base_lr:0.000011Loss: 3.0313 (3.0313) iLoss: 0.0054 (0.0054) CLoss: 0.0034 (0.0034) da_loss: 0.3416 (0.3416) dd_loss: 2.9541 (2.9541) Accu: 100.00
Test Epoch: 89
original feature:   Rank-1: 18.73% | Rank-5: 40.72% | Rank-10: 51.73%| Rank-20: 65.36%| mAP: 20.77%| mINP: 11.82%
feature after BN:   Rank-1: 17.22% | Rank-5: 39.41% | Rank-10: 51.18%| Rank-20: 63.50%| mAP: 19.99%| mINP: 11.77%
Best Epoch [72]
==> Preparing Data Loader...
Epoch: [90][0/97] Time: 0.582 (0.582) lr:0.000097 base_lr:0.000010Loss: 3.0974 (3.0974) iLoss: 0.0440 (0.0440) CLoss: 0.0341 (0.0341) da_loss: 0.3328 (0.3328) dd_loss: 2.9527 (2.9527) Accu: 100.00
Test Epoch: 90
original feature:   Rank-1: 18.82% | Rank-5: 40.68% | Rank-10: 52.11%| Rank-20: 65.06%| mAP: 20.89%| mINP: 12.00%
feature after BN:   Rank-1: 17.38% | Rank-5: 39.70% | Rank-10: 50.72%| Rank-20: 64.30%| mAP: 20.01%| mINP: 11.56%
Best Epoch [72]
==> Preparing Data Loader...
Epoch: [91][0/97] Time: 0.607 (0.607) lr:0.000086 base_lr:0.000009Loss: 3.0951 (3.0951) iLoss: 0.0058 (0.0058) CLoss: 0.0382 (0.0382) da_loss: 0.3714 (0.3714) dd_loss: 2.9767 (2.9767) Accu: 100.00
Test Epoch: 91
original feature:   Rank-1: 19.03% | Rank-5: 40.93% | Rank-10: 53.08%| Rank-20: 65.74%| mAP: 21.11%| mINP: 12.21%
feature after BN:   Rank-1: 17.43% | Rank-5: 40.55% | Rank-10: 51.81%| Rank-20: 64.56%| mAP: 20.31%| mINP: 11.86%
Best Epoch [72]
==> Preparing Data Loader...
Epoch: [92][0/97] Time: 0.618 (0.618) lr:0.000075 base_lr:0.000008Loss: 3.0583 (3.0583) iLoss: 0.0131 (0.0131) CLoss: 0.0316 (0.0316) da_loss: 0.3605 (0.3605) dd_loss: 2.9415 (2.9415) Accu: 100.00
Test Epoch: 92
original feature:   Rank-1: 19.03% | Rank-5: 41.52% | Rank-10: 53.04%| Rank-20: 65.86%| mAP: 21.08%| mINP: 12.10%
feature after BN:   Rank-1: 17.81% | Rank-5: 40.63% | Rank-10: 52.07%| Rank-20: 64.26%| mAP: 20.33%| mINP: 11.73%
Best Epoch [72]
==> Preparing Data Loader...
Epoch: [93][0/97] Time: 0.582 (0.582) lr:0.000064 base_lr:0.000006Loss: 3.0844 (3.0844) iLoss: 0.0043 (0.0043) CLoss: 0.0770 (0.0770) da_loss: 0.3067 (0.3067) dd_loss: 2.9418 (2.9418) Accu: 100.00
Test Epoch: 93
original feature:   Rank-1: 19.20% | Rank-5: 41.39% | Rank-10: 53.59%| Rank-20: 66.29%| mAP: 21.28%| mINP: 12.35%
feature after BN:   Rank-1: 17.72% | Rank-5: 39.70% | Rank-10: 52.28%| Rank-20: 64.14%| mAP: 20.31%| mINP: 11.86%
Best Epoch [72]
==> Preparing Data Loader...
Epoch: [94][0/97] Time: 0.547 (0.547) lr:0.000054 base_lr:0.000005Loss: 3.0558 (3.0558) iLoss: 0.0058 (0.0058) CLoss: 0.0242 (0.0242) da_loss: 0.3167 (0.3167) dd_loss: 2.9626 (2.9626) Accu: 100.00
Test Epoch: 94
original feature:   Rank-1: 19.20% | Rank-5: 41.48% | Rank-10: 53.59%| Rank-20: 65.74%| mAP: 21.24%| mINP: 12.32%
feature after BN:   Rank-1: 17.05% | Rank-5: 39.24% | Rank-10: 51.73%| Rank-20: 63.97%| mAP: 20.10%| mINP: 11.83%
Best Epoch [72]
==> Preparing Data Loader...
Epoch: [95][0/97] Time: 0.581 (0.581) lr:0.000043 base_lr:0.000004Loss: 3.1192 (3.1192) iLoss: 0.0123 (0.0123) CLoss: 0.0297 (0.0297) da_loss: 0.3094 (0.3094) dd_loss: 3.0154 (3.0154) Accu: 100.00
Test Epoch: 95
original feature:   Rank-1: 19.03% | Rank-5: 41.31% | Rank-10: 53.50%| Rank-20: 65.82%| mAP: 21.22%| mINP: 12.39%
feature after BN:   Rank-1: 17.59% | Rank-5: 39.70% | Rank-10: 51.90%| Rank-20: 64.05%| mAP: 20.31%| mINP: 11.95%
Best Epoch [72]
==> Preparing Data Loader...
Epoch: [96][0/97] Time: 0.557 (0.557) lr:0.000032 base_lr:0.000003Loss: 3.0725 (3.0725) iLoss: 0.0084 (0.0084) CLoss: 0.0392 (0.0392) da_loss: 0.3349 (0.3349) dd_loss: 2.9580 (2.9580) Accu: 100.00
Test Epoch: 96
original feature:   Rank-1: 18.99% | Rank-5: 41.05% | Rank-10: 53.00%| Rank-20: 66.29%| mAP: 21.25%| mINP: 12.49%
feature after BN:   Rank-1: 17.34% | Rank-5: 40.38% | Rank-10: 51.98%| Rank-20: 63.54%| mAP: 20.38%| mINP: 12.04%
Best Epoch [72]
==> Preparing Data Loader...
Epoch: [97][0/97] Time: 0.495 (0.495) lr:0.000022 base_lr:0.000002Loss: 3.0091 (3.0091) iLoss: 0.0039 (0.0039) CLoss: 0.0143 (0.0143) da_loss: 0.3108 (0.3108) dd_loss: 2.9288 (2.9288) Accu: 100.00
Test Epoch: 97
original feature:   Rank-1: 18.73% | Rank-5: 41.35% | Rank-10: 53.33%| Rank-20: 66.16%| mAP: 21.03%| mINP: 12.26%
feature after BN:   Rank-1: 17.13% | Rank-5: 40.34% | Rank-10: 52.41%| Rank-20: 63.92%| mAP: 20.31%| mINP: 12.02%
Best Epoch [72]
==> Preparing Data Loader...
Epoch: [98][0/97] Time: 0.536 (0.536) lr:0.000011 base_lr:0.000001Loss: 3.0488 (3.0488) iLoss: 0.0059 (0.0059) CLoss: 0.0294 (0.0294) da_loss: 0.3161 (0.3161) dd_loss: 2.9503 (2.9503) Accu: 100.00
Test Epoch: 98
original feature:   Rank-1: 18.99% | Rank-5: 41.10% | Rank-10: 53.42%| Rank-20: 66.20%| mAP: 21.13%| mINP: 12.35%
feature after BN:   Rank-1: 16.92% | Rank-5: 39.83% | Rank-10: 51.65%| Rank-20: 64.51%| mAP: 20.09%| mINP: 11.94%
Best Epoch [72]
==> Preparing Data Loader...
Epoch: [99][0/97] Time: 0.550 (0.550) lr:0.000000 base_lr:0.000000Loss: 3.2518 (3.2518) iLoss: 0.0397 (0.0397) CLoss: 0.1831 (0.1831) da_loss: 0.3296 (0.3296) dd_loss: 2.9631 (2.9631) Accu: 100.00
Test Epoch: 99
original feature:   Rank-1: 18.90% | Rank-5: 41.81% | Rank-10: 53.67%| Rank-20: 65.91%| mAP: 21.12%| mINP: 12.24%
feature after BN:   Rank-1: 17.47% | Rank-5: 40.17% | Rank-10: 52.41%| Rank-20: 63.97%| mAP: 20.40%| mINP: 11.96%
Best Epoch [72]
==========
Args:Namespace(batch_size=6, dataset='mask1k', decay_step=16, dim=2048, gpu='0,1,2,3', img_h=288, img_w=144, log_path='log/', lr=0.0009, lr_multipliers=[0.1, 0.5, 0.5, 1.0, 1.0, 1.0], margin=0.45, max_epoch=100, mode='all', model_path='save_model/', num_pos=4, pool_dim=2048, rerank='no', save_epoch=1000, seed=0, test_batch=64, test_style='ABCDEF', train_style='ABCDEF', trial=1, tta=False, warm_up_epoch=8, workers=4)
==========
==> Loading data..
tag: XResolution (282) - type: rational (5) Tag Location: 22 - Data Location: 62 - value: b'H\x00\x00\x00\x01\x00\x00\x00'
tag: YResolution (283) - type: rational (5) Tag Location: 34 - Data Location: 70 - value: b'H\x00\x00\x00\x01\x00\x00\x00'
tag: ResolutionUnit (296) - type: short (3) - value: b'\x02\x00'
tag: ExifIFD (34665) - type: long (4) - value: b'N\x00\x00\x00'
data init success!
==> Building model..
==> Building success!..
==> Start Training...
==> Preparing Data Loader...
Epoch: [0][0/97] Time: 2.482 (2.482) lr:0.000056 base_lr:0.000006Loss: 14.4126 (14.4126) iLoss: 6.2218 (6.2218) CLoss: 1.3145 (1.3145) da_loss: 0.9738 (0.9738) dd_loss: 6.6816 (6.6816) Accu: 0.00
Test Epoch: 0
original feature:   Rank-1: 0.38% | Rank-5: 1.77% | Rank-10: 3.33%| Rank-20: 6.33%| mAP: 1.19%| mINP: 0.49%
feature after BN:   Rank-1: 0.42% | Rank-5: 1.31% | Rank-10: 2.32%| Rank-20: 5.19%| mAP: 1.15%| mINP: 0.61%
Best Epoch [0]
==> Preparing Data Loader...
Epoch: [1][0/97] Time: 0.506 (0.506) lr:0.000112 base_lr:0.000011Loss: 13.9787 (13.9787) iLoss: 6.1713 (6.1713) CLoss: 1.1597 (1.1597) da_loss: 0.5914 (0.5914) dd_loss: 6.5295 (6.5295) Accu: 0.00
Test Epoch: 1
original feature:   Rank-1: 1.31% | Rank-5: 4.05% | Rank-10: 6.62%| Rank-20: 10.97%| mAP: 2.27%| mINP: 0.90%
feature after BN:   Rank-1: 1.05% | Rank-5: 3.63% | Rank-10: 5.74%| Rank-20: 9.96%| mAP: 2.18%| mINP: 1.04%
Best Epoch [1]
==> Preparing Data Loader...
Epoch: [2][0/97] Time: 0.464 (0.464) lr:0.000168 base_lr:0.000017Loss: 13.3845 (13.3845) iLoss: 5.9682 (5.9682) CLoss: 1.0585 (1.0585) da_loss: 0.5133 (0.5133) dd_loss: 6.2551 (6.2551) Accu: 8.33
Test Epoch: 2
original feature:   Rank-1: 3.92% | Rank-5: 11.56% | Rank-10: 17.64%| Rank-20: 26.71%| mAP: 5.76%| mINP: 2.66%
feature after BN:   Rank-1: 3.29% | Rank-5: 11.10% | Rank-10: 17.43%| Rank-20: 26.03%| mAP: 5.62%| mINP: 2.96%
Best Epoch [2]
==> Preparing Data Loader...
Epoch: [3][0/97] Time: 0.564 (0.564) lr:0.000224 base_lr:0.000022Loss: 11.7977 (11.7977) iLoss: 5.1760 (5.1760) CLoss: 0.9095 (0.9095) da_loss: 0.4943 (0.4943) dd_loss: 5.6133 (5.6133) Accu: 10.42
Test Epoch: 3
original feature:   Rank-1: 6.20% | Rank-5: 18.14% | Rank-10: 25.91%| Rank-20: 36.84%| mAP: 8.40%| mINP: 3.72%
feature after BN:   Rank-1: 5.36% | Rank-5: 17.17% | Rank-10: 25.70%| Rank-20: 35.27%| mAP: 8.02%| mINP: 3.83%
Best Epoch [3]
==> Preparing Data Loader...
Epoch: [4][0/97] Time: 0.529 (0.529) lr:0.000281 base_lr:0.000028Loss: 11.0547 (11.0547) iLoss: 4.6928 (4.6928) CLoss: 0.7393 (0.7393) da_loss: 0.4899 (0.4899) dd_loss: 5.5246 (5.5246) Accu: 12.50
Test Epoch: 4
original feature:   Rank-1: 6.75% | Rank-5: 19.45% | Rank-10: 27.72%| Rank-20: 37.47%| mAP: 9.02%| mINP: 4.19%
feature after BN:   Rank-1: 6.71% | Rank-5: 18.14% | Rank-10: 26.92%| Rank-20: 38.19%| mAP: 8.82%| mINP: 4.17%
Best Epoch [4]
==> Preparing Data Loader...
Epoch: [5][0/97] Time: 0.543 (0.543) lr:0.000337 base_lr:0.000034Loss: 10.2485 (10.2485) iLoss: 4.1206 (4.1206) CLoss: 0.6963 (0.6963) da_loss: 0.4996 (0.4996) dd_loss: 5.3317 (5.3317) Accu: 25.00
Test Epoch: 5
original feature:   Rank-1: 8.19% | Rank-5: 21.35% | Rank-10: 30.00%| Rank-20: 41.18%| mAP: 10.10%| mINP: 4.60%
feature after BN:   Rank-1: 8.14% | Rank-5: 22.78% | Rank-10: 31.90%| Rank-20: 42.49%| mAP: 10.61%| mINP: 5.21%
Best Epoch [5]
==> Preparing Data Loader...
Epoch: [6][0/97] Time: 0.562 (0.562) lr:0.000393 base_lr:0.000039Loss: 10.4123 (10.4123) iLoss: 3.9636 (3.9636) CLoss: 0.7581 (0.7581) da_loss: 0.6573 (0.6573) dd_loss: 5.5592 (5.5592) Accu: 39.58
Test Epoch: 6
original feature:   Rank-1: 9.58% | Rank-5: 23.84% | Rank-10: 32.45%| Rank-20: 44.22%| mAP: 11.30%| mINP: 5.13%
feature after BN:   Rank-1: 9.32% | Rank-5: 23.25% | Rank-10: 33.50%| Rank-20: 45.86%| mAP: 11.42%| mINP: 5.56%
Best Epoch [6]
==> Preparing Data Loader...
Epoch: [7][0/97] Time: 0.467 (0.467) lr:0.000449 base_lr:0.000045Loss: 10.0516 (10.0516) iLoss: 3.7713 (3.7713) CLoss: 0.7164 (0.7164) da_loss: 0.5590 (0.5590) dd_loss: 5.4521 (5.4521) Accu: 18.75
Test Epoch: 7
original feature:   Rank-1: 7.34% | Rank-5: 20.04% | Rank-10: 28.99%| Rank-20: 39.79%| mAP: 9.64%| mINP: 4.60%
feature after BN:   Rank-1: 8.35% | Rank-5: 21.98% | Rank-10: 30.17%| Rank-20: 41.73%| mAP: 10.50%| mINP: 5.20%
Best Epoch [6]
==> Preparing Data Loader...
Epoch: [8][0/97] Time: 0.480 (0.480) lr:0.000506 base_lr:0.000051Loss: 9.0858 (9.0858) iLoss: 3.0454 (3.0454) CLoss: 0.8123 (0.8123) da_loss: 0.6104 (0.6104) dd_loss: 5.1060 (5.1060) Accu: 37.50
Test Epoch: 8
original feature:   Rank-1: 8.90% | Rank-5: 20.72% | Rank-10: 28.19%| Rank-20: 38.48%| mAP: 10.16%| mINP: 4.68%
feature after BN:   Rank-1: 8.31% | Rank-5: 20.59% | Rank-10: 29.54%| Rank-20: 39.87%| mAP: 10.25%| mINP: 5.20%
Best Epoch [6]
==> Preparing Data Loader...
Epoch: [9][0/97] Time: 0.498 (0.498) lr:0.000562 base_lr:0.000056Loss: 8.6674 (8.6674) iLoss: 2.5505 (2.5505) CLoss: 0.8011 (0.8011) da_loss: 0.5968 (0.5968) dd_loss: 5.1965 (5.1965) Accu: 47.92
Test Epoch: 9
original feature:   Rank-1: 9.62% | Rank-5: 22.28% | Rank-10: 30.38%| Rank-20: 41.98%| mAP: 10.55%| mINP: 4.40%
feature after BN:   Rank-1: 8.52% | Rank-5: 21.81% | Rank-10: 30.55%| Rank-20: 41.52%| mAP: 10.47%| mINP: 5.05%
Best Epoch [6]
==> Preparing Data Loader...
Epoch: [10][0/97] Time: 0.473 (0.473) lr:0.000618 base_lr:0.000062Loss: 8.7907 (8.7907) iLoss: 2.6387 (2.6387) CLoss: 0.7220 (0.7220) da_loss: 0.5556 (0.5556) dd_loss: 5.3189 (5.3189) Accu: 43.75
Test Epoch: 10
original feature:   Rank-1: 9.87% | Rank-5: 23.71% | Rank-10: 32.41%| Rank-20: 42.32%| mAP: 10.99%| mINP: 4.69%
feature after BN:   Rank-1: 10.80% | Rank-5: 24.73% | Rank-10: 34.30%| Rank-20: 45.15%| mAP: 12.10%| mINP: 5.70%
Best Epoch [10]
==> Preparing Data Loader...
Epoch: [11][0/97] Time: 0.492 (0.492) lr:0.000674 base_lr:0.000067Loss: 7.6522 (7.6522) iLoss: 1.7944 (1.7944) CLoss: 0.7746 (0.7746) da_loss: 0.6096 (0.6096) dd_loss: 4.9614 (4.9614) Accu: 64.58
Test Epoch: 11
original feature:   Rank-1: 10.51% | Rank-5: 24.73% | Rank-10: 33.54%| Rank-20: 44.51%| mAP: 11.62%| mINP: 5.00%
feature after BN:   Rank-1: 10.25% | Rank-5: 24.60% | Rank-10: 34.47%| Rank-20: 44.22%| mAP: 11.79%| mINP: 5.40%
Best Epoch [10]
==> Preparing Data Loader...
Epoch: [12][0/97] Time: 0.500 (0.500) lr:0.000731 base_lr:0.000073Loss: 7.8317 (7.8317) iLoss: 2.0993 (2.0993) CLoss: 0.6836 (0.6836) da_loss: 0.6578 (0.6578) dd_loss: 4.9172 (4.9172) Accu: 47.92
Test Epoch: 12
original feature:   Rank-1: 8.78% | Rank-5: 22.03% | Rank-10: 29.66%| Rank-20: 39.49%| mAP: 10.18%| mINP: 4.18%
feature after BN:   Rank-1: 10.13% | Rank-5: 22.32% | Rank-10: 31.05%| Rank-20: 41.94%| mAP: 10.97%| mINP: 4.67%
Best Epoch [10]
==> Preparing Data Loader...
Epoch: [13][0/97] Time: 0.501 (0.501) lr:0.000787 base_lr:0.000079Loss: 6.8014 (6.8014) iLoss: 1.1465 (1.1465) CLoss: 0.6462 (0.6462) da_loss: 0.5980 (0.5980) dd_loss: 4.8891 (4.8891) Accu: 66.67
Test Epoch: 13
original feature:   Rank-1: 8.95% | Rank-5: 21.52% | Rank-10: 30.04%| Rank-20: 40.68%| mAP: 10.10%| mINP: 4.12%
feature after BN:   Rank-1: 9.87% | Rank-5: 23.16% | Rank-10: 32.87%| Rank-20: 42.45%| mAP: 11.13%| mINP: 4.93%
Best Epoch [10]
==> Preparing Data Loader...
Epoch: [14][0/97] Time: 0.456 (0.456) lr:0.000843 base_lr:0.000084Loss: 7.5786 (7.5786) iLoss: 1.6901 (1.6901) CLoss: 0.7299 (0.7299) da_loss: 0.5916 (0.5916) dd_loss: 5.0403 (5.0403) Accu: 64.58
Test Epoch: 14
original feature:   Rank-1: 11.14% | Rank-5: 27.05% | Rank-10: 37.76%| Rank-20: 48.10%| mAP: 12.67%| mINP: 5.72%
feature after BN:   Rank-1: 12.15% | Rank-5: 27.81% | Rank-10: 37.89%| Rank-20: 49.32%| mAP: 13.45%| mINP: 6.37%
Best Epoch [14]
==> Preparing Data Loader...
Epoch: [15][0/97] Time: 0.520 (0.520) lr:0.000899 base_lr:0.000090Loss: 7.1139 (7.1139) iLoss: 1.3112 (1.3112) CLoss: 0.8443 (0.8443) da_loss: 0.6048 (0.6048) dd_loss: 4.8374 (4.8374) Accu: 66.67
Test Epoch: 15
original feature:   Rank-1: 10.93% | Rank-5: 24.14% | Rank-10: 34.05%| Rank-20: 44.60%| mAP: 11.68%| mINP: 5.04%
feature after BN:   Rank-1: 12.53% | Rank-5: 26.79% | Rank-10: 36.71%| Rank-20: 47.89%| mAP: 13.23%| mINP: 6.10%
Best Epoch [15]
==> Preparing Data Loader...
Epoch: [16][0/97] Time: 0.561 (0.561) lr:0.000889 base_lr:0.000089Loss: 6.1230 (6.1230) iLoss: 0.5984 (0.5984) CLoss: 0.6198 (0.6198) da_loss: 0.6870 (0.6870) dd_loss: 4.7674 (4.7674) Accu: 89.58
Test Epoch: 16
original feature:   Rank-1: 11.35% | Rank-5: 26.54% | Rank-10: 35.65%| Rank-20: 46.37%| mAP: 12.41%| mINP: 5.38%
feature after BN:   Rank-1: 11.94% | Rank-5: 27.93% | Rank-10: 37.05%| Rank-20: 48.02%| mAP: 13.26%| mINP: 6.25%
Best Epoch [15]
==> Preparing Data Loader...
Epoch: [17][0/97] Time: 0.550 (0.550) lr:0.000879 base_lr:0.000088Loss: 7.4620 (7.4620) iLoss: 1.3179 (1.3179) CLoss: 0.7776 (0.7776) da_loss: 0.6739 (0.6739) dd_loss: 5.2318 (5.2318) Accu: 68.75
Test Epoch: 17
original feature:   Rank-1: 12.62% | Rank-5: 27.76% | Rank-10: 36.24%| Rank-20: 46.71%| mAP: 13.18%| mINP: 5.77%
feature after BN:   Rank-1: 13.46% | Rank-5: 28.90% | Rank-10: 38.61%| Rank-20: 50.21%| mAP: 14.22%| mINP: 6.54%
Best Epoch [17]
==> Preparing Data Loader...
Epoch: [18][0/97] Time: 0.511 (0.511) lr:0.000868 base_lr:0.000087Loss: 6.5633 (6.5633) iLoss: 0.9117 (0.9117) CLoss: 0.6904 (0.6904) da_loss: 0.6103 (0.6103) dd_loss: 4.8391 (4.8391) Accu: 75.00
Test Epoch: 18
original feature:   Rank-1: 10.93% | Rank-5: 26.62% | Rank-10: 36.58%| Rank-20: 46.92%| mAP: 12.44%| mINP: 5.59%
feature after BN:   Rank-1: 12.36% | Rank-5: 29.32% | Rank-10: 39.37%| Rank-20: 51.22%| mAP: 14.12%| mINP: 6.92%
Best Epoch [17]
==> Preparing Data Loader...
Epoch: [19][0/97] Time: 0.534 (0.534) lr:0.000857 base_lr:0.000086Loss: 6.5615 (6.5615) iLoss: 0.4948 (0.4948) CLoss: 0.7514 (0.7514) da_loss: 0.6517 (0.6517) dd_loss: 5.1850 (5.1850) Accu: 87.50
Test Epoch: 19
original feature:   Rank-1: 12.49% | Rank-5: 29.49% | Rank-10: 38.99%| Rank-20: 51.18%| mAP: 13.80%| mINP: 6.28%
feature after BN:   Rank-1: 13.80% | Rank-5: 30.97% | Rank-10: 41.52%| Rank-20: 53.16%| mAP: 15.16%| mINP: 7.31%
Best Epoch [19]
==> Preparing Data Loader...
Epoch: [20][0/97] Time: 0.476 (0.476) lr:0.000847 base_lr:0.000085Loss: 6.3848 (6.3848) iLoss: 0.6407 (0.6407) CLoss: 0.7173 (0.7173) da_loss: 0.6924 (0.6924) dd_loss: 4.8884 (4.8884) Accu: 87.50
Test Epoch: 20
original feature:   Rank-1: 12.36% | Rank-5: 28.95% | Rank-10: 38.40%| Rank-20: 49.37%| mAP: 13.95%| mINP: 6.82%
feature after BN:   Rank-1: 13.97% | Rank-5: 30.51% | Rank-10: 40.17%| Rank-20: 53.42%| mAP: 15.32%| mINP: 7.69%
Best Epoch [20]
==> Preparing Data Loader...
Epoch: [21][0/97] Time: 0.554 (0.554) lr:0.000836 base_lr:0.000084Loss: 5.4507 (5.4507) iLoss: 0.3163 (0.3163) CLoss: 0.5875 (0.5875) da_loss: 0.6071 (0.6071) dd_loss: 4.4255 (4.4255) Accu: 93.75
Test Epoch: 21
original feature:   Rank-1: 12.83% | Rank-5: 29.92% | Rank-10: 40.30%| Rank-20: 52.24%| mAP: 14.46%| mINP: 7.06%
feature after BN:   Rank-1: 14.73% | Rank-5: 32.83% | Rank-10: 42.78%| Rank-20: 54.81%| mAP: 16.06%| mINP: 8.09%
Best Epoch [21]
==> Preparing Data Loader...
Epoch: [22][0/97] Time: 0.486 (0.486) lr:0.000825 base_lr:0.000083Loss: 4.8860 (4.8860) iLoss: 0.1015 (0.1015) CLoss: 0.4871 (0.4871) da_loss: 0.5988 (0.5988) dd_loss: 4.1777 (4.1777) Accu: 100.00
Test Epoch: 22
original feature:   Rank-1: 15.82% | Rank-5: 34.98% | Rank-10: 46.92%| Rank-20: 59.45%| mAP: 17.26%| mINP: 8.68%
feature after BN:   Rank-1: 15.99% | Rank-5: 37.09% | Rank-10: 48.48%| Rank-20: 60.38%| mAP: 18.10%| mINP: 9.69%
Best Epoch [22]
==> Preparing Data Loader...
Epoch: [23][0/97] Time: 0.491 (0.491) lr:0.000814 base_lr:0.000081Loss: 5.6879 (5.6879) iLoss: 0.4263 (0.4263) CLoss: 0.5511 (0.5511) da_loss: 0.6139 (0.6139) dd_loss: 4.5877 (4.5877) Accu: 91.67
Test Epoch: 23
original feature:   Rank-1: 15.36% | Rank-5: 32.66% | Rank-10: 42.83%| Rank-20: 53.71%| mAP: 16.14%| mINP: 7.94%
feature after BN:   Rank-1: 16.41% | Rank-5: 36.16% | Rank-10: 46.24%| Rank-20: 58.23%| mAP: 17.82%| mINP: 9.41%
Best Epoch [23]
==> Preparing Data Loader...
Epoch: [24][0/97] Time: 0.554 (0.554) lr:0.000804 base_lr:0.000080Loss: 5.6049 (5.6049) iLoss: 0.2619 (0.2619) CLoss: 0.5670 (0.5670) da_loss: 0.6184 (0.6184) dd_loss: 4.6523 (4.6523) Accu: 95.83
Test Epoch: 24
original feature:   Rank-1: 15.44% | Rank-5: 32.36% | Rank-10: 43.88%| Rank-20: 56.50%| mAP: 16.77%| mINP: 8.81%
feature after BN:   Rank-1: 15.99% | Rank-5: 33.71% | Rank-10: 45.36%| Rank-20: 57.51%| mAP: 17.39%| mINP: 9.39%
Best Epoch [23]
==> Preparing Data Loader...
Epoch: [25][0/97] Time: 0.538 (0.538) lr:0.000793 base_lr:0.000079Loss: 4.9493 (4.9493) iLoss: 0.3574 (0.3574) CLoss: 0.6226 (0.6226) da_loss: 0.5675 (0.5675) dd_loss: 3.8558 (3.8558) Accu: 91.67
Test Epoch: 25
original feature:   Rank-1: 16.24% | Rank-5: 34.47% | Rank-10: 44.98%| Rank-20: 56.20%| mAP: 17.01%| mINP: 8.33%
feature after BN:   Rank-1: 16.50% | Rank-5: 35.36% | Rank-10: 45.91%| Rank-20: 59.03%| mAP: 17.74%| mINP: 9.17%
Best Epoch [25]
==> Preparing Data Loader...
Epoch: [26][0/97] Time: 0.543 (0.543) lr:0.000782 base_lr:0.000078Loss: 4.9003 (4.9003) iLoss: 0.0903 (0.0903) CLoss: 0.4148 (0.4148) da_loss: 0.5474 (0.5474) dd_loss: 4.2857 (4.2857) Accu: 100.00
Test Epoch: 26
original feature:   Rank-1: 16.24% | Rank-5: 34.56% | Rank-10: 45.06%| Rank-20: 57.89%| mAP: 17.45%| mINP: 9.05%
feature after BN:   Rank-1: 17.00% | Rank-5: 35.61% | Rank-10: 46.24%| Rank-20: 58.52%| mAP: 18.08%| mINP: 9.64%
Best Epoch [26]
==> Preparing Data Loader...
Epoch: [27][0/97] Time: 0.474 (0.474) lr:0.000772 base_lr:0.000077Loss: 5.5779 (5.5779) iLoss: 0.3079 (0.3079) CLoss: 0.5346 (0.5346) da_loss: 0.5766 (0.5766) dd_loss: 4.6201 (4.6201) Accu: 93.75
Test Epoch: 27
original feature:   Rank-1: 17.30% | Rank-5: 37.76% | Rank-10: 49.66%| Rank-20: 61.81%| mAP: 18.64%| mINP: 9.73%
feature after BN:   Rank-1: 18.57% | Rank-5: 39.79% | Rank-10: 50.34%| Rank-20: 62.24%| mAP: 19.96%| mINP: 10.75%
Best Epoch [27]
==> Preparing Data Loader...
Epoch: [28][0/97] Time: 0.521 (0.521) lr:0.000761 base_lr:0.000076Loss: 4.8372 (4.8372) iLoss: 0.1703 (0.1703) CLoss: 0.4625 (0.4625) da_loss: 0.5684 (0.5684) dd_loss: 4.0907 (4.0907) Accu: 95.83
Test Epoch: 28
original feature:   Rank-1: 18.99% | Rank-5: 39.83% | Rank-10: 50.55%| Rank-20: 63.16%| mAP: 19.96%| mINP: 10.44%
feature after BN:   Rank-1: 19.41% | Rank-5: 39.45% | Rank-10: 51.22%| Rank-20: 63.04%| mAP: 20.57%| mINP: 11.28%
Best Epoch [28]
==> Preparing Data Loader...
Epoch: [29][0/97] Time: 0.491 (0.491) lr:0.000750 base_lr:0.000075Loss: 4.8374 (4.8374) iLoss: 0.2492 (0.2492) CLoss: 0.3505 (0.3505) da_loss: 0.5360 (0.5360) dd_loss: 4.1305 (4.1305) Accu: 95.83
Test Epoch: 29
original feature:   Rank-1: 16.46% | Rank-5: 36.50% | Rank-10: 47.38%| Rank-20: 59.79%| mAP: 18.23%| mINP: 9.91%
feature after BN:   Rank-1: 17.55% | Rank-5: 36.96% | Rank-10: 48.48%| Rank-20: 60.63%| mAP: 18.97%| mINP: 10.38%
Best Epoch [28]
==> Preparing Data Loader...
Epoch: [30][0/97] Time: 0.533 (0.533) lr:0.000739 base_lr:0.000074Loss: 4.7785 (4.7785) iLoss: 0.2610 (0.2610) CLoss: 0.4639 (0.4639) da_loss: 0.5928 (0.5928) dd_loss: 3.9350 (3.9350) Accu: 97.92
Test Epoch: 30
original feature:   Rank-1: 16.12% | Rank-5: 34.14% | Rank-10: 44.64%| Rank-20: 57.64%| mAP: 17.22%| mINP: 8.82%
feature after BN:   Rank-1: 16.67% | Rank-5: 35.57% | Rank-10: 46.24%| Rank-20: 58.35%| mAP: 18.21%| mINP: 9.80%
Best Epoch [28]
==> Preparing Data Loader...
Epoch: [31][0/97] Time: 0.501 (0.501) lr:0.000729 base_lr:0.000073Loss: 4.4851 (4.4851) iLoss: 0.2262 (0.2262) CLoss: 0.3874 (0.3874) da_loss: 0.5153 (0.5153) dd_loss: 3.7685 (3.7685) Accu: 97.92
Test Epoch: 31
original feature:   Rank-1: 17.30% | Rank-5: 37.09% | Rank-10: 47.30%| Rank-20: 59.54%| mAP: 19.00%| mINP: 10.64%
feature after BN:   Rank-1: 19.03% | Rank-5: 38.23% | Rank-10: 48.90%| Rank-20: 60.76%| mAP: 20.01%| mINP: 11.02%
Best Epoch [28]
==> Preparing Data Loader...
Epoch: [32][0/97] Time: 0.526 (0.526) lr:0.000718 base_lr:0.000072Loss: 4.8105 (4.8105) iLoss: 0.4238 (0.4238) CLoss: 0.3682 (0.3682) da_loss: 0.5546 (0.5546) dd_loss: 3.9076 (3.9076) Accu: 91.67
Test Epoch: 32
original feature:   Rank-1: 17.26% | Rank-5: 36.71% | Rank-10: 48.10%| Rank-20: 60.63%| mAP: 18.87%| mINP: 10.40%
feature after BN:   Rank-1: 18.10% | Rank-5: 38.10% | Rank-10: 49.20%| Rank-20: 61.43%| mAP: 19.75%| mINP: 11.05%
Best Epoch [28]
==> Preparing Data Loader...
Epoch: [33][0/97] Time: 0.574 (0.574) lr:0.000707 base_lr:0.000071Loss: 4.7335 (4.7335) iLoss: 0.1756 (0.1756) CLoss: 0.3945 (0.3945) da_loss: 0.5897 (0.5897) dd_loss: 4.0455 (4.0455) Accu: 100.00
Test Epoch: 33
original feature:   Rank-1: 18.69% | Rank-5: 38.90% | Rank-10: 50.30%| Rank-20: 62.62%| mAP: 20.03%| mINP: 10.98%
feature after BN:   Rank-1: 19.58% | Rank-5: 38.52% | Rank-10: 51.10%| Rank-20: 64.30%| mAP: 20.47%| mINP: 11.30%
Best Epoch [33]
==> Preparing Data Loader...
Epoch: [34][0/97] Time: 0.519 (0.519) lr:0.000697 base_lr:0.000070Loss: 4.3734 (4.3734) iLoss: 0.1584 (0.1584) CLoss: 0.3922 (0.3922) da_loss: 0.5953 (0.5953) dd_loss: 3.7038 (3.7038) Accu: 100.00
Test Epoch: 34
original feature:   Rank-1: 19.32% | Rank-5: 39.03% | Rank-10: 50.42%| Rank-20: 63.76%| mAP: 20.46%| mINP: 11.33%
feature after BN:   Rank-1: 20.00% | Rank-5: 39.83% | Rank-10: 51.94%| Rank-20: 64.68%| mAP: 21.01%| mINP: 11.61%
Best Epoch [34]
==> Preparing Data Loader...
Epoch: [35][0/97] Time: 0.513 (0.513) lr:0.000686 base_lr:0.000069Loss: 4.6563 (4.6563) iLoss: 0.2019 (0.2019) CLoss: 0.3012 (0.3012) da_loss: 0.5555 (0.5555) dd_loss: 4.0420 (4.0420) Accu: 95.83
Test Epoch: 35
original feature:   Rank-1: 18.65% | Rank-5: 39.87% | Rank-10: 51.52%| Rank-20: 63.92%| mAP: 20.17%| mINP: 11.08%
feature after BN:   Rank-1: 20.59% | Rank-5: 40.97% | Rank-10: 52.78%| Rank-20: 65.70%| mAP: 21.16%| mINP: 11.43%
Best Epoch [35]
==> Preparing Data Loader...
Epoch: [36][0/97] Time: 0.470 (0.470) lr:0.000675 base_lr:0.000068Loss: 5.1702 (5.1702) iLoss: 0.3522 (0.3522) CLoss: 0.4257 (0.4257) da_loss: 0.5720 (0.5720) dd_loss: 4.2779 (4.2779) Accu: 85.42
Test Epoch: 36
original feature:   Rank-1: 18.02% | Rank-5: 38.69% | Rank-10: 49.54%| Rank-20: 62.91%| mAP: 19.59%| mINP: 10.70%
feature after BN:   Rank-1: 19.66% | Rank-5: 39.83% | Rank-10: 50.72%| Rank-20: 63.84%| mAP: 20.53%| mINP: 11.30%
Best Epoch [35]
==> Preparing Data Loader...
Epoch: [37][0/97] Time: 0.546 (0.546) lr:0.000664 base_lr:0.000066Loss: 4.0451 (4.0451) iLoss: 0.0795 (0.0795) CLoss: 0.3332 (0.3332) da_loss: 0.5446 (0.5446) dd_loss: 3.5235 (3.5235) Accu: 100.00
Test Epoch: 37
original feature:   Rank-1: 17.76% | Rank-5: 39.45% | Rank-10: 50.38%| Rank-20: 62.07%| mAP: 19.72%| mINP: 10.89%
feature after BN:   Rank-1: 18.90% | Rank-5: 38.78% | Rank-10: 51.10%| Rank-20: 63.80%| mAP: 20.37%| mINP: 11.41%
Best Epoch [35]
==> Preparing Data Loader...
Epoch: [38][0/97] Time: 0.497 (0.497) lr:0.000654 base_lr:0.000065Loss: 4.5862 (4.5862) iLoss: 0.1584 (0.1584) CLoss: 0.3577 (0.3577) da_loss: 0.5521 (0.5521) dd_loss: 3.9597 (3.9597) Accu: 97.92
Test Epoch: 38
original feature:   Rank-1: 17.22% | Rank-5: 38.69% | Rank-10: 49.16%| Rank-20: 62.41%| mAP: 19.30%| mINP: 10.90%
feature after BN:   Rank-1: 18.78% | Rank-5: 38.35% | Rank-10: 51.01%| Rank-20: 63.50%| mAP: 20.54%| mINP: 11.91%
Best Epoch [35]
==> Preparing Data Loader...
Epoch: [39][0/97] Time: 0.562 (0.562) lr:0.000643 base_lr:0.000064Loss: 4.1840 (4.1840) iLoss: 0.1760 (0.1760) CLoss: 0.3613 (0.3613) da_loss: 0.5138 (0.5138) dd_loss: 3.5440 (3.5440) Accu: 97.92
Test Epoch: 39
original feature:   Rank-1: 18.14% | Rank-5: 39.24% | Rank-10: 51.60%| Rank-20: 64.68%| mAP: 20.18%| mINP: 11.43%
feature after BN:   Rank-1: 18.90% | Rank-5: 38.40% | Rank-10: 51.14%| Rank-20: 64.30%| mAP: 20.44%| mINP: 11.72%
Best Epoch [35]
==> Preparing Data Loader...
Epoch: [40][0/97] Time: 0.522 (0.522) lr:0.000632 base_lr:0.000063Loss: 4.4766 (4.4766) iLoss: 0.1792 (0.1792) CLoss: 0.2161 (0.2161) da_loss: 0.5643 (0.5643) dd_loss: 3.9684 (3.9684) Accu: 93.75
Test Epoch: 40
original feature:   Rank-1: 18.52% | Rank-5: 39.32% | Rank-10: 51.39%| Rank-20: 64.51%| mAP: 20.16%| mINP: 10.95%
feature after BN:   Rank-1: 20.38% | Rank-5: 40.72% | Rank-10: 52.66%| Rank-20: 64.60%| mAP: 21.25%| mINP: 11.56%
Best Epoch [35]
==> Preparing Data Loader...
Epoch: [41][0/97] Time: 0.529 (0.529) lr:0.000622 base_lr:0.000062Loss: 4.1201 (4.1201) iLoss: 0.0863 (0.0863) CLoss: 0.1273 (0.1273) da_loss: 0.5393 (0.5393) dd_loss: 3.7986 (3.7986) Accu: 97.92
Test Epoch: 41
original feature:   Rank-1: 17.72% | Rank-5: 39.58% | Rank-10: 50.84%| Rank-20: 63.76%| mAP: 19.97%| mINP: 11.14%
feature after BN:   Rank-1: 19.03% | Rank-5: 40.04% | Rank-10: 51.10%| Rank-20: 62.03%| mAP: 20.66%| mINP: 11.80%
Best Epoch [35]
==> Preparing Data Loader...
Epoch: [42][0/97] Time: 0.536 (0.536) lr:0.000611 base_lr:0.000061Loss: 3.9137 (3.9137) iLoss: 0.0852 (0.0852) CLoss: 0.1862 (0.1862) da_loss: 0.5127 (0.5127) dd_loss: 3.5398 (3.5398) Accu: 97.92
Test Epoch: 42
original feature:   Rank-1: 18.99% | Rank-5: 40.13% | Rank-10: 51.94%| Rank-20: 64.09%| mAP: 20.62%| mINP: 11.57%
feature after BN:   Rank-1: 19.66% | Rank-5: 41.18% | Rank-10: 52.57%| Rank-20: 64.98%| mAP: 21.32%| mINP: 12.35%
Best Epoch [35]
==> Preparing Data Loader...
Epoch: [43][0/97] Time: 0.516 (0.516) lr:0.000600 base_lr:0.000060Loss: 4.1360 (4.1360) iLoss: 0.1520 (0.1520) CLoss: 0.1730 (0.1730) da_loss: 0.5078 (0.5078) dd_loss: 3.7093 (3.7093) Accu: 95.83
Test Epoch: 43
original feature:   Rank-1: 18.95% | Rank-5: 39.66% | Rank-10: 51.73%| Rank-20: 63.63%| mAP: 20.22%| mINP: 11.10%
feature after BN:   Rank-1: 19.37% | Rank-5: 39.49% | Rank-10: 51.56%| Rank-20: 62.62%| mAP: 20.40%| mINP: 11.33%
Best Epoch [35]
==> Preparing Data Loader...
Epoch: [44][0/97] Time: 0.518 (0.518) lr:0.000589 base_lr:0.000059Loss: 4.4801 (4.4801) iLoss: 0.0959 (0.0959) CLoss: 0.3095 (0.3095) da_loss: 0.4994 (0.4994) dd_loss: 3.9748 (3.9748) Accu: 97.92
Test Epoch: 44
original feature:   Rank-1: 18.19% | Rank-5: 38.10% | Rank-10: 49.75%| Rank-20: 62.07%| mAP: 19.73%| mINP: 10.98%
feature after BN:   Rank-1: 18.44% | Rank-5: 38.73% | Rank-10: 50.25%| Rank-20: 63.71%| mAP: 20.15%| mINP: 11.27%
Best Epoch [35]
==> Preparing Data Loader...
Epoch: [45][0/97] Time: 0.533 (0.533) lr:0.000579 base_lr:0.000058Loss: 3.9517 (3.9517) iLoss: 0.0483 (0.0483) CLoss: 0.2402 (0.2402) da_loss: 0.5257 (0.5257) dd_loss: 3.5579 (3.5579) Accu: 100.00
Test Epoch: 45
original feature:   Rank-1: 20.55% | Rank-5: 41.39% | Rank-10: 52.83%| Rank-20: 64.81%| mAP: 21.88%| mINP: 12.58%
feature after BN:   Rank-1: 19.37% | Rank-5: 41.52% | Rank-10: 53.29%| Rank-20: 65.61%| mAP: 21.63%| mINP: 12.71%
Best Epoch [35]
==> Preparing Data Loader...
Epoch: [46][0/97] Time: 0.466 (0.466) lr:0.000568 base_lr:0.000057Loss: 3.8625 (3.8625) iLoss: 0.0535 (0.0535) CLoss: 0.1652 (0.1652) da_loss: 0.5734 (0.5734) dd_loss: 3.5291 (3.5291) Accu: 100.00
Test Epoch: 46
original feature:   Rank-1: 19.79% | Rank-5: 40.89% | Rank-10: 53.71%| Rank-20: 65.36%| mAP: 21.26%| mINP: 11.81%
feature after BN:   Rank-1: 19.41% | Rank-5: 42.11% | Rank-10: 53.50%| Rank-20: 66.16%| mAP: 21.39%| mINP: 12.18%
Best Epoch [35]
==> Preparing Data Loader...
Epoch: [47][0/97] Time: 0.520 (0.520) lr:0.000557 base_lr:0.000056Loss: 4.5211 (4.5211) iLoss: 0.0727 (0.0727) CLoss: 0.1888 (0.1888) da_loss: 0.5103 (0.5103) dd_loss: 4.1576 (4.1576) Accu: 100.00
Test Epoch: 47
original feature:   Rank-1: 19.70% | Rank-5: 39.75% | Rank-10: 51.05%| Rank-20: 64.30%| mAP: 20.72%| mINP: 11.57%
feature after BN:   Rank-1: 18.99% | Rank-5: 41.14% | Rank-10: 52.57%| Rank-20: 65.32%| mAP: 21.13%| mINP: 12.28%
Best Epoch [35]
==> Preparing Data Loader...
Epoch: [48][0/97] Time: 0.475 (0.475) lr:0.000547 base_lr:0.000055Loss: 4.1347 (4.1347) iLoss: 0.1009 (0.1009) CLoss: 0.2375 (0.2375) da_loss: 0.5021 (0.5021) dd_loss: 3.6958 (3.6958) Accu: 100.00
Test Epoch: 48
original feature:   Rank-1: 18.27% | Rank-5: 39.96% | Rank-10: 51.56%| Rank-20: 64.05%| mAP: 20.20%| mINP: 11.25%
feature after BN:   Rank-1: 19.20% | Rank-5: 40.30% | Rank-10: 51.73%| Rank-20: 62.74%| mAP: 20.63%| mINP: 11.57%
Best Epoch [35]
==> Preparing Data Loader...
Epoch: [49][0/97] Time: 0.520 (0.520) lr:0.000536 base_lr:0.000054Loss: 4.2004 (4.2004) iLoss: 0.1982 (0.1982) CLoss: 0.2375 (0.2375) da_loss: 0.5063 (0.5063) dd_loss: 3.6634 (3.6634) Accu: 95.83
Test Epoch: 49
original feature:   Rank-1: 19.83% | Rank-5: 41.52% | Rank-10: 53.42%| Rank-20: 64.94%| mAP: 21.02%| mINP: 11.47%
feature after BN:   Rank-1: 20.59% | Rank-5: 40.21% | Rank-10: 52.53%| Rank-20: 65.27%| mAP: 21.22%| mINP: 11.54%
Best Epoch [35]
==> Preparing Data Loader...
Epoch: [50][0/97] Time: 0.499 (0.499) lr:0.000525 base_lr:0.000053Loss: 4.1561 (4.1561) iLoss: 0.0545 (0.0545) CLoss: 0.2817 (0.2817) da_loss: 0.4752 (0.4752) dd_loss: 3.7248 (3.7248) Accu: 100.00
Test Epoch: 50
original feature:   Rank-1: 20.00% | Rank-5: 41.48% | Rank-10: 53.92%| Rank-20: 66.16%| mAP: 21.83%| mINP: 12.66%
feature after BN:   Rank-1: 19.37% | Rank-5: 41.48% | Rank-10: 53.84%| Rank-20: 66.29%| mAP: 21.63%| mINP: 12.72%
Best Epoch [35]
==> Preparing Data Loader...
Epoch: [51][0/97] Time: 0.488 (0.488) lr:0.000514 base_lr:0.000051Loss: 3.9782 (3.9782) iLoss: 0.0323 (0.0323) CLoss: 0.1899 (0.1899) da_loss: 0.4993 (0.4993) dd_loss: 3.6561 (3.6561) Accu: 100.00
Test Epoch: 51
original feature:   Rank-1: 19.41% | Rank-5: 40.08% | Rank-10: 52.41%| Rank-20: 65.53%| mAP: 21.16%| mINP: 12.18%
feature after BN:   Rank-1: 19.54% | Rank-5: 40.08% | Rank-10: 52.57%| Rank-20: 65.70%| mAP: 21.27%| mINP: 12.50%
Best Epoch [35]
==> Preparing Data Loader...
Epoch: [52][0/97] Time: 0.489 (0.489) lr:0.000504 base_lr:0.000050Loss: 4.0797 (4.0797) iLoss: 0.1837 (0.1837) CLoss: 0.2223 (0.2223) da_loss: 0.5178 (0.5178) dd_loss: 3.5701 (3.5701) Accu: 97.92
Test Epoch: 52
original feature:   Rank-1: 20.25% | Rank-5: 42.07% | Rank-10: 53.71%| Rank-20: 66.50%| mAP: 22.00%| mINP: 12.93%
feature after BN:   Rank-1: 20.68% | Rank-5: 42.57% | Rank-10: 53.38%| Rank-20: 66.41%| mAP: 22.12%| mINP: 12.76%
Best Epoch [52]
==> Preparing Data Loader...
Epoch: [53][0/97] Time: 0.549 (0.549) lr:0.000493 base_lr:0.000049Loss: 3.9055 (3.9055) iLoss: 0.1059 (0.1059) CLoss: 0.1205 (0.1205) da_loss: 0.5183 (0.5183) dd_loss: 3.5755 (3.5755) Accu: 97.92
Test Epoch: 53
original feature:   Rank-1: 20.59% | Rank-5: 41.94% | Rank-10: 52.87%| Rank-20: 65.86%| mAP: 21.87%| mINP: 12.47%
feature after BN:   Rank-1: 20.42% | Rank-5: 42.74% | Rank-10: 53.97%| Rank-20: 67.38%| mAP: 21.98%| mINP: 12.43%
Best Epoch [52]
==> Preparing Data Loader...
Epoch: [54][0/97] Time: 0.474 (0.474) lr:0.000482 base_lr:0.000048Loss: 3.8810 (3.8810) iLoss: 0.0427 (0.0427) CLoss: 0.1429 (0.1429) da_loss: 0.4791 (0.4791) dd_loss: 3.5997 (3.5997) Accu: 100.00
Test Epoch: 54
original feature:   Rank-1: 20.25% | Rank-5: 41.52% | Rank-10: 53.21%| Rank-20: 65.82%| mAP: 21.56%| mINP: 12.27%
feature after BN:   Rank-1: 20.63% | Rank-5: 42.11% | Rank-10: 53.97%| Rank-20: 66.62%| mAP: 22.02%| mINP: 12.64%
Best Epoch [52]
==> Preparing Data Loader...
Epoch: [55][0/97] Time: 0.511 (0.511) lr:0.000472 base_lr:0.000047Loss: 3.9923 (3.9923) iLoss: 0.2608 (0.2608) CLoss: 0.1036 (0.1036) da_loss: 0.4516 (0.4516) dd_loss: 3.5376 (3.5376) Accu: 95.83
Test Epoch: 55
original feature:   Rank-1: 19.11% | Rank-5: 39.37% | Rank-10: 51.65%| Rank-20: 65.15%| mAP: 20.99%| mINP: 12.30%
feature after BN:   Rank-1: 18.95% | Rank-5: 41.18% | Rank-10: 53.16%| Rank-20: 64.98%| mAP: 21.23%| mINP: 12.37%
Best Epoch [52]
==> Preparing Data Loader...
Epoch: [56][0/97] Time: 0.532 (0.532) lr:0.000461 base_lr:0.000046Loss: 4.1355 (4.1355) iLoss: 0.1650 (0.1650) CLoss: 0.2902 (0.2902) da_loss: 0.4890 (0.4890) dd_loss: 3.5825 (3.5825) Accu: 95.83
Test Epoch: 56
original feature:   Rank-1: 19.79% | Rank-5: 41.69% | Rank-10: 52.83%| Rank-20: 65.49%| mAP: 21.52%| mINP: 12.40%
feature after BN:   Rank-1: 19.87% | Rank-5: 41.94% | Rank-10: 53.92%| Rank-20: 66.46%| mAP: 21.93%| mINP: 12.84%
Best Epoch [52]
==> Preparing Data Loader...
Epoch: [57][0/97] Time: 0.489 (0.489) lr:0.000450 base_lr:0.000045Loss: 3.7079 (3.7079) iLoss: 0.0495 (0.0495) CLoss: 0.1742 (0.1742) da_loss: 0.5071 (0.5071) dd_loss: 3.3828 (3.3828) Accu: 100.00
Test Epoch: 57
original feature:   Rank-1: 20.51% | Rank-5: 42.03% | Rank-10: 53.16%| Rank-20: 65.82%| mAP: 21.66%| mINP: 12.14%
feature after BN:   Rank-1: 20.08% | Rank-5: 41.98% | Rank-10: 53.42%| Rank-20: 65.32%| mAP: 21.58%| mINP: 12.25%
Best Epoch [52]
==> Preparing Data Loader...
Epoch: [58][0/97] Time: 0.497 (0.497) lr:0.000439 base_lr:0.000044Loss: 3.7664 (3.7664) iLoss: 0.0588 (0.0588) CLoss: 0.1019 (0.1019) da_loss: 0.5252 (0.5252) dd_loss: 3.5007 (3.5007) Accu: 100.00
Test Epoch: 58
original feature:   Rank-1: 20.00% | Rank-5: 41.77% | Rank-10: 54.05%| Rank-20: 66.79%| mAP: 21.79%| mINP: 12.43%
feature after BN:   Rank-1: 20.38% | Rank-5: 40.17% | Rank-10: 53.50%| Rank-20: 67.05%| mAP: 21.57%| mINP: 12.22%
Best Epoch [52]
==> Preparing Data Loader...
Epoch: [59][0/97] Time: 0.547 (0.547) lr:0.000429 base_lr:0.000043Loss: 3.8994 (3.8994) iLoss: 0.0439 (0.0439) CLoss: 0.1679 (0.1679) da_loss: 0.5425 (0.5425) dd_loss: 3.5792 (3.5792) Accu: 100.00
Test Epoch: 59
original feature:   Rank-1: 21.14% | Rank-5: 41.65% | Rank-10: 52.49%| Rank-20: 66.12%| mAP: 21.76%| mINP: 11.96%
feature after BN:   Rank-1: 20.04% | Rank-5: 41.90% | Rank-10: 52.32%| Rank-20: 65.78%| mAP: 21.31%| mINP: 11.83%
Best Epoch [52]
==> Preparing Data Loader...
Epoch: [60][0/97] Time: 0.529 (0.529) lr:0.000418 base_lr:0.000042Loss: 3.8542 (3.8542) iLoss: 0.1815 (0.1815) CLoss: 0.1217 (0.1217) da_loss: 0.4786 (0.4786) dd_loss: 3.4553 (3.4553) Accu: 97.92
Test Epoch: 60
original feature:   Rank-1: 20.13% | Rank-5: 43.04% | Rank-10: 55.06%| Rank-20: 67.47%| mAP: 22.04%| mINP: 12.48%
feature after BN:   Rank-1: 19.96% | Rank-5: 41.94% | Rank-10: 54.01%| Rank-20: 66.58%| mAP: 21.74%| mINP: 12.36%
Best Epoch [52]
==> Preparing Data Loader...
Epoch: [61][0/97] Time: 0.467 (0.467) lr:0.000407 base_lr:0.000041Loss: 3.4677 (3.4677) iLoss: 0.0387 (0.0387) CLoss: 0.0732 (0.0732) da_loss: 0.4921 (0.4921) dd_loss: 3.2573 (3.2573) Accu: 100.00
Test Epoch: 61
original feature:   Rank-1: 20.04% | Rank-5: 42.32% | Rank-10: 53.38%| Rank-20: 66.79%| mAP: 21.64%| mINP: 12.40%
feature after BN:   Rank-1: 20.55% | Rank-5: 42.03% | Rank-10: 54.14%| Rank-20: 66.08%| mAP: 22.07%| mINP: 12.69%
Best Epoch [52]
==> Preparing Data Loader...
Epoch: [62][0/97] Time: 0.543 (0.543) lr:0.000397 base_lr:0.000040Loss: 3.6222 (3.6222) iLoss: 0.0599 (0.0599) CLoss: 0.1877 (0.1877) da_loss: 0.4622 (0.4622) dd_loss: 3.2822 (3.2822) Accu: 100.00
Test Epoch: 62
original feature:   Rank-1: 20.21% | Rank-5: 41.69% | Rank-10: 53.63%| Rank-20: 66.16%| mAP: 21.78%| mINP: 12.37%
feature after BN:   Rank-1: 20.76% | Rank-5: 42.28% | Rank-10: 53.63%| Rank-20: 65.82%| mAP: 21.78%| mINP: 12.22%
Best Epoch [62]
==> Preparing Data Loader...
Epoch: [63][0/97] Time: 0.555 (0.555) lr:0.000386 base_lr:0.000039Loss: 3.4321 (3.4321) iLoss: 0.0591 (0.0591) CLoss: 0.1206 (0.1206) da_loss: 0.4889 (0.4889) dd_loss: 3.1547 (3.1547) Accu: 100.00
Test Epoch: 63
original feature:   Rank-1: 20.93% | Rank-5: 43.21% | Rank-10: 54.77%| Rank-20: 66.75%| mAP: 22.28%| mINP: 12.68%
feature after BN:   Rank-1: 20.93% | Rank-5: 42.78% | Rank-10: 54.51%| Rank-20: 66.96%| mAP: 22.27%| mINP: 12.64%
Best Epoch [63]
==> Preparing Data Loader...
Epoch: [64][0/97] Time: 0.474 (0.474) lr:0.000375 base_lr:0.000038Loss: 3.5386 (3.5386) iLoss: 0.1173 (0.1173) CLoss: 0.0895 (0.0895) da_loss: 0.4872 (0.4872) dd_loss: 3.2343 (3.2343) Accu: 97.92
Test Epoch: 64
original feature:   Rank-1: 20.00% | Rank-5: 42.19% | Rank-10: 53.97%| Rank-20: 66.96%| mAP: 21.99%| mINP: 12.90%
feature after BN:   Rank-1: 20.46% | Rank-5: 41.65% | Rank-10: 53.63%| Rank-20: 66.41%| mAP: 22.14%| mINP: 12.85%
Best Epoch [63]
==> Preparing Data Loader...
Epoch: [65][0/97] Time: 0.587 (0.587) lr:0.000364 base_lr:0.000036Loss: 3.4783 (3.4783) iLoss: 0.0161 (0.0161) CLoss: 0.0811 (0.0811) da_loss: 0.4661 (0.4661) dd_loss: 3.2879 (3.2879) Accu: 100.00
Test Epoch: 65
original feature:   Rank-1: 20.89% | Rank-5: 43.00% | Rank-10: 53.71%| Rank-20: 66.20%| mAP: 22.20%| mINP: 12.68%
feature after BN:   Rank-1: 20.97% | Rank-5: 43.21% | Rank-10: 54.98%| Rank-20: 67.22%| mAP: 22.43%| mINP: 12.77%
Best Epoch [65]
==> Preparing Data Loader...
Epoch: [66][0/97] Time: 0.579 (0.579) lr:0.000354 base_lr:0.000035Loss: 3.8263 (3.8263) iLoss: 0.1647 (0.1647) CLoss: 0.0836 (0.0836) da_loss: 0.4277 (0.4277) dd_loss: 3.4924 (3.4924) Accu: 95.83
Test Epoch: 66
original feature:   Rank-1: 20.17% | Rank-5: 41.86% | Rank-10: 54.56%| Rank-20: 66.88%| mAP: 21.68%| mINP: 11.92%
feature after BN:   Rank-1: 20.38% | Rank-5: 41.27% | Rank-10: 53.88%| Rank-20: 66.29%| mAP: 21.88%| mINP: 12.50%
Best Epoch [65]
==> Preparing Data Loader...
Epoch: [67][0/97] Time: 0.489 (0.489) lr:0.000343 base_lr:0.000034Loss: 3.5070 (3.5070) iLoss: 0.0829 (0.0829) CLoss: 0.1567 (0.1567) da_loss: 0.5011 (0.5011) dd_loss: 3.1673 (3.1673) Accu: 97.92
Test Epoch: 67
original feature:   Rank-1: 20.21% | Rank-5: 42.36% | Rank-10: 53.80%| Rank-20: 67.13%| mAP: 22.05%| mINP: 12.97%
feature after BN:   Rank-1: 19.92% | Rank-5: 41.52% | Rank-10: 53.92%| Rank-20: 66.62%| mAP: 21.97%| mINP: 13.05%
Best Epoch [65]
==> Preparing Data Loader...
Epoch: [68][0/97] Time: 0.463 (0.463) lr:0.000332 base_lr:0.000033Loss: 3.3974 (3.3974) iLoss: 0.0531 (0.0531) CLoss: 0.0350 (0.0350) da_loss: 0.4135 (0.4135) dd_loss: 3.2266 (3.2266) Accu: 100.00
Test Epoch: 68
original feature:   Rank-1: 20.00% | Rank-5: 41.77% | Rank-10: 54.22%| Rank-20: 66.12%| mAP: 21.91%| mINP: 12.84%
feature after BN:   Rank-1: 20.80% | Rank-5: 41.01% | Rank-10: 53.67%| Rank-20: 66.67%| mAP: 22.04%| mINP: 12.83%
Best Epoch [65]
==> Preparing Data Loader...
Epoch: [69][0/97] Time: 0.499 (0.499) lr:0.000322 base_lr:0.000032Loss: 3.4803 (3.4803) iLoss: 0.0238 (0.0238) CLoss: 0.1520 (0.1520) da_loss: 0.4426 (0.4426) dd_loss: 3.2159 (3.2159) Accu: 100.00
Test Epoch: 69
original feature:   Rank-1: 20.55% | Rank-5: 42.78% | Rank-10: 54.18%| Rank-20: 66.96%| mAP: 22.41%| mINP: 13.20%
feature after BN:   Rank-1: 19.92% | Rank-5: 42.66% | Rank-10: 54.85%| Rank-20: 66.62%| mAP: 22.11%| mINP: 13.01%
Best Epoch [65]
==> Preparing Data Loader...
Epoch: [70][0/97] Time: 0.498 (0.498) lr:0.000311 base_lr:0.000031Loss: 3.2854 (3.2854) iLoss: 0.0417 (0.0417) CLoss: 0.0522 (0.0522) da_loss: 0.4532 (0.4532) dd_loss: 3.1009 (3.1009) Accu: 97.92
Test Epoch: 70
original feature:   Rank-1: 21.43% | Rank-5: 44.22% | Rank-10: 56.37%| Rank-20: 68.19%| mAP: 22.95%| mINP: 13.32%
feature after BN:   Rank-1: 20.72% | Rank-5: 43.00% | Rank-10: 55.57%| Rank-20: 66.71%| mAP: 22.37%| mINP: 13.09%
Best Epoch [65]
==> Preparing Data Loader...
Epoch: [71][0/97] Time: 0.554 (0.554) lr:0.000300 base_lr:0.000030Loss: 3.5839 (3.5839) iLoss: 0.1831 (0.1831) CLoss: 0.0632 (0.0632) da_loss: 0.4353 (0.4353) dd_loss: 3.2505 (3.2505) Accu: 95.83
Test Epoch: 71
original feature:   Rank-1: 22.11% | Rank-5: 43.92% | Rank-10: 56.03%| Rank-20: 67.38%| mAP: 23.10%| mINP: 13.31%
feature after BN:   Rank-1: 21.81% | Rank-5: 43.04% | Rank-10: 54.60%| Rank-20: 67.59%| mAP: 22.68%| mINP: 13.09%
Best Epoch [71]
==> Preparing Data Loader...
Epoch: [72][0/97] Time: 0.498 (0.498) lr:0.000289 base_lr:0.000029Loss: 3.4973 (3.4973) iLoss: 0.0393 (0.0393) CLoss: 0.1113 (0.1113) da_loss: 0.4191 (0.4191) dd_loss: 3.2630 (3.2630) Accu: 97.92
Test Epoch: 72
original feature:   Rank-1: 21.18% | Rank-5: 42.53% | Rank-10: 54.14%| Rank-20: 66.46%| mAP: 22.43%| mINP: 13.01%
feature after BN:   Rank-1: 21.31% | Rank-5: 42.87% | Rank-10: 54.60%| Rank-20: 66.62%| mAP: 22.34%| mINP: 12.71%
Best Epoch [71]
==> Preparing Data Loader...
Epoch: [73][0/97] Time: 0.528 (0.528) lr:0.000279 base_lr:0.000028Loss: 3.3899 (3.3899) iLoss: 0.0208 (0.0208) CLoss: 0.0701 (0.0701) da_loss: 0.3952 (0.3952) dd_loss: 3.2200 (3.2200) Accu: 100.00
Test Epoch: 73
original feature:   Rank-1: 21.48% | Rank-5: 43.42% | Rank-10: 54.51%| Rank-20: 66.92%| mAP: 22.71%| mINP: 13.03%
feature after BN:   Rank-1: 21.39% | Rank-5: 43.25% | Rank-10: 54.14%| Rank-20: 65.91%| mAP: 22.48%| mINP: 12.83%
Best Epoch [71]
==> Preparing Data Loader...
Epoch: [74][0/97] Time: 0.519 (0.519) lr:0.000268 base_lr:0.000027Loss: 3.1996 (3.1996) iLoss: 0.0271 (0.0271) CLoss: 0.0023 (0.0023) da_loss: 0.4534 (0.4534) dd_loss: 3.0796 (3.0796) Accu: 100.00
Test Epoch: 74
original feature:   Rank-1: 20.34% | Rank-5: 43.71% | Rank-10: 55.27%| Rank-20: 66.37%| mAP: 22.73%| mINP: 13.48%
feature after BN:   Rank-1: 20.51% | Rank-5: 42.78% | Rank-10: 55.40%| Rank-20: 67.34%| mAP: 22.60%| mINP: 13.27%
Best Epoch [71]
==> Preparing Data Loader...
Epoch: [75][0/97] Time: 0.509 (0.509) lr:0.000257 base_lr:0.000026Loss: 3.2534 (3.2534) iLoss: 0.0457 (0.0457) CLoss: 0.0192 (0.0192) da_loss: 0.4172 (0.4172) dd_loss: 3.1052 (3.1052) Accu: 97.92
Test Epoch: 75
original feature:   Rank-1: 20.72% | Rank-5: 42.78% | Rank-10: 55.06%| Rank-20: 66.67%| mAP: 22.61%| mINP: 13.47%
feature after BN:   Rank-1: 20.63% | Rank-5: 43.29% | Rank-10: 54.68%| Rank-20: 66.58%| mAP: 22.64%| mINP: 13.52%
Best Epoch [71]
==> Preparing Data Loader...
Epoch: [76][0/97] Time: 0.486 (0.486) lr:0.000247 base_lr:0.000025Loss: 3.1705 (3.1705) iLoss: 0.0100 (0.0100) CLoss: 0.0213 (0.0213) da_loss: 0.3870 (0.3870) dd_loss: 3.0618 (3.0618) Accu: 100.00
Test Epoch: 76
original feature:   Rank-1: 20.89% | Rank-5: 44.01% | Rank-10: 55.91%| Rank-20: 67.68%| mAP: 23.00%| mINP: 13.79%
feature after BN:   Rank-1: 21.22% | Rank-5: 43.38% | Rank-10: 55.23%| Rank-20: 67.55%| mAP: 22.95%| mINP: 13.37%
Best Epoch [71]
==> Preparing Data Loader...
Epoch: [77][0/97] Time: 0.488 (0.488) lr:0.000236 base_lr:0.000024Loss: 3.1894 (3.1894) iLoss: 0.0123 (0.0123) CLoss: 0.0377 (0.0377) da_loss: 0.3820 (0.3820) dd_loss: 3.0631 (3.0631) Accu: 100.00
Test Epoch: 77
original feature:   Rank-1: 20.55% | Rank-5: 43.16% | Rank-10: 55.32%| Rank-20: 67.59%| mAP: 22.67%| mINP: 13.44%
feature after BN:   Rank-1: 21.48% | Rank-5: 43.67% | Rank-10: 56.41%| Rank-20: 68.31%| mAP: 22.97%| mINP: 13.23%
Best Epoch [71]
==> Preparing Data Loader...
Epoch: [78][0/97] Time: 0.468 (0.468) lr:0.000225 base_lr:0.000023Loss: 3.2580 (3.2580) iLoss: 0.0448 (0.0448) CLoss: 0.0489 (0.0489) da_loss: 0.4248 (0.4248) dd_loss: 3.0793 (3.0793) Accu: 97.92
Test Epoch: 78
original feature:   Rank-1: 20.72% | Rank-5: 42.74% | Rank-10: 54.68%| Rank-20: 67.13%| mAP: 22.55%| mINP: 13.43%
feature after BN:   Rank-1: 20.97% | Rank-5: 43.59% | Rank-10: 55.86%| Rank-20: 67.55%| mAP: 22.77%| mINP: 13.31%
Best Epoch [71]
==> Preparing Data Loader...
Epoch: [79][0/97] Time: 0.505 (0.505) lr:0.000214 base_lr:0.000021Loss: 3.3644 (3.3644) iLoss: 0.0164 (0.0164) CLoss: 0.1310 (0.1310) da_loss: 0.4012 (0.4012) dd_loss: 3.1368 (3.1368) Accu: 100.00
Test Epoch: 79
original feature:   Rank-1: 21.01% | Rank-5: 43.67% | Rank-10: 55.74%| Rank-20: 67.68%| mAP: 23.01%| mINP: 13.72%
feature after BN:   Rank-1: 21.90% | Rank-5: 43.29% | Rank-10: 56.54%| Rank-20: 67.89%| mAP: 23.31%| mINP: 13.63%
Best Epoch [79]
==> Preparing Data Loader...
Epoch: [80][0/97] Time: 0.548 (0.548) lr:0.000204 base_lr:0.000020Loss: 3.0976 (3.0976) iLoss: 0.0113 (0.0113) CLoss: 0.0323 (0.0323) da_loss: 0.3661 (0.3661) dd_loss: 2.9807 (2.9807) Accu: 100.00
Test Epoch: 80
original feature:   Rank-1: 20.97% | Rank-5: 44.26% | Rank-10: 55.61%| Rank-20: 68.19%| mAP: 22.92%| mINP: 13.52%
feature after BN:   Rank-1: 21.31% | Rank-5: 44.09% | Rank-10: 56.84%| Rank-20: 68.57%| mAP: 23.06%| mINP: 13.38%
Best Epoch [79]
==> Preparing Data Loader...
Epoch: [81][0/97] Time: 0.555 (0.555) lr:0.000193 base_lr:0.000019Loss: 3.3141 (3.3141) iLoss: 0.0159 (0.0159) CLoss: 0.0513 (0.0513) da_loss: 0.3991 (0.3991) dd_loss: 3.1671 (3.1671) Accu: 100.00
Test Epoch: 81
original feature:   Rank-1: 20.51% | Rank-5: 43.38% | Rank-10: 55.44%| Rank-20: 67.85%| mAP: 22.86%| mINP: 13.84%
feature after BN:   Rank-1: 21.56% | Rank-5: 43.04% | Rank-10: 55.23%| Rank-20: 68.14%| mAP: 22.98%| mINP: 13.42%
Best Epoch [79]
==> Preparing Data Loader...
Epoch: [82][0/97] Time: 0.567 (0.567) lr:0.000182 base_lr:0.000018Loss: 3.1530 (3.1530) iLoss: 0.0046 (0.0046) CLoss: 0.0167 (0.0167) da_loss: 0.3819 (0.3819) dd_loss: 3.0553 (3.0553) Accu: 100.00
Test Epoch: 82
original feature:   Rank-1: 21.10% | Rank-5: 43.00% | Rank-10: 55.23%| Rank-20: 67.38%| mAP: 22.61%| mINP: 13.17%
feature after BN:   Rank-1: 21.65% | Rank-5: 43.50% | Rank-10: 55.44%| Rank-20: 67.55%| mAP: 22.67%| mINP: 12.85%
Best Epoch [79]
==> Preparing Data Loader...
Epoch: [83][0/97] Time: 0.487 (0.487) lr:0.000172 base_lr:0.000017Loss: 3.1725 (3.1725) iLoss: 0.0117 (0.0117) CLoss: 0.0678 (0.0678) da_loss: 0.3887 (0.3887) dd_loss: 3.0153 (3.0153) Accu: 100.00
Test Epoch: 83
original feature:   Rank-1: 20.84% | Rank-5: 43.71% | Rank-10: 55.27%| Rank-20: 67.09%| mAP: 22.78%| mINP: 13.48%
feature after BN:   Rank-1: 21.39% | Rank-5: 43.33% | Rank-10: 54.73%| Rank-20: 67.43%| mAP: 22.94%| mINP: 13.34%
Best Epoch [79]
==> Preparing Data Loader...
Epoch: [84][0/97] Time: 0.515 (0.515) lr:0.000161 base_lr:0.000016Loss: 3.0741 (3.0741) iLoss: 0.0040 (0.0040) CLoss: 0.0154 (0.0154) da_loss: 0.3698 (0.3698) dd_loss: 2.9808 (2.9808) Accu: 100.00
Test Epoch: 84
original feature:   Rank-1: 21.43% | Rank-5: 43.16% | Rank-10: 55.95%| Rank-20: 67.34%| mAP: 22.86%| mINP: 13.40%
feature after BN:   Rank-1: 21.56% | Rank-5: 42.95% | Rank-10: 54.73%| Rank-20: 66.88%| mAP: 22.86%| mINP: 13.30%
Best Epoch [79]
==> Preparing Data Loader...
Epoch: [85][0/97] Time: 0.564 (0.564) lr:0.000150 base_lr:0.000015Loss: 3.1575 (3.1575) iLoss: 0.0126 (0.0126) CLoss: 0.0490 (0.0490) da_loss: 0.3419 (0.3419) dd_loss: 3.0276 (3.0276) Accu: 100.00
Test Epoch: 85
original feature:   Rank-1: 21.05% | Rank-5: 43.42% | Rank-10: 56.12%| Rank-20: 68.10%| mAP: 23.16%| mINP: 13.81%
feature after BN:   Rank-1: 21.65% | Rank-5: 43.42% | Rank-10: 55.74%| Rank-20: 67.55%| mAP: 22.98%| mINP: 13.39%
Best Epoch [79]
==> Preparing Data Loader...
Epoch: [86][0/97] Time: 0.545 (0.545) lr:0.000139 base_lr:0.000014Loss: 3.0394 (3.0394) iLoss: 0.0046 (0.0046) CLoss: 0.0093 (0.0093) da_loss: 0.3352 (0.3352) dd_loss: 2.9585 (2.9585) Accu: 100.00
Test Epoch: 86
original feature:   Rank-1: 21.43% | Rank-5: 43.80% | Rank-10: 55.36%| Rank-20: 67.72%| mAP: 23.08%| mINP: 13.75%
feature after BN:   Rank-1: 21.86% | Rank-5: 43.16% | Rank-10: 55.11%| Rank-20: 68.02%| mAP: 23.04%| mINP: 13.44%
Best Epoch [79]
==> Preparing Data Loader...
Epoch: [87][0/97] Time: 0.514 (0.514) lr:0.000129 base_lr:0.000013Loss: 3.1439 (3.1439) iLoss: 0.0081 (0.0081) CLoss: 0.0643 (0.0643) da_loss: 0.3545 (0.3545) dd_loss: 3.0006 (3.0006) Accu: 100.00
Test Epoch: 87
original feature:   Rank-1: 21.52% | Rank-5: 44.68% | Rank-10: 56.58%| Rank-20: 68.10%| mAP: 23.38%| mINP: 14.07%
feature after BN:   Rank-1: 21.86% | Rank-5: 43.63% | Rank-10: 55.44%| Rank-20: 67.72%| mAP: 23.23%| mINP: 13.69%
Best Epoch [79]
==> Preparing Data Loader...
Epoch: [88][0/97] Time: 0.485 (0.485) lr:0.000118 base_lr:0.000012Loss: 3.0533 (3.0533) iLoss: 0.0057 (0.0057) CLoss: 0.0196 (0.0196) da_loss: 0.3651 (0.3651) dd_loss: 2.9550 (2.9550) Accu: 100.00
Test Epoch: 88
original feature:   Rank-1: 20.80% | Rank-5: 43.97% | Rank-10: 56.16%| Rank-20: 68.14%| mAP: 22.97%| mINP: 13.68%
feature after BN:   Rank-1: 21.90% | Rank-5: 43.29% | Rank-10: 55.61%| Rank-20: 67.68%| mAP: 22.95%| mINP: 13.22%
Best Epoch [79]
==> Preparing Data Loader...
Epoch: [89][0/97] Time: 0.518 (0.518) lr:0.000107 base_lr:0.000011Loss: 2.9889 (2.9889) iLoss: 0.0054 (0.0054) CLoss: 0.0012 (0.0012) da_loss: 0.3370 (0.3370) dd_loss: 2.9150 (2.9150) Accu: 100.00
Test Epoch: 89
original feature:   Rank-1: 21.01% | Rank-5: 44.26% | Rank-10: 56.46%| Rank-20: 67.43%| mAP: 23.08%| mINP: 13.62%
feature after BN:   Rank-1: 22.11% | Rank-5: 44.35% | Rank-10: 55.86%| Rank-20: 67.64%| mAP: 23.39%| mINP: 13.56%
Best Epoch [89]
==> Preparing Data Loader...
Epoch: [90][0/97] Time: 0.452 (0.452) lr:0.000097 base_lr:0.000010Loss: 3.1371 (3.1371) iLoss: 0.0375 (0.0375) CLoss: 0.0256 (0.0256) da_loss: 0.3285 (0.3285) dd_loss: 3.0083 (3.0083) Accu: 100.00
Test Epoch: 90
original feature:   Rank-1: 21.56% | Rank-5: 44.22% | Rank-10: 56.37%| Rank-20: 67.72%| mAP: 23.17%| mINP: 13.58%
feature after BN:   Rank-1: 21.52% | Rank-5: 43.84% | Rank-10: 55.27%| Rank-20: 67.26%| mAP: 23.03%| mINP: 13.38%
Best Epoch [89]
==> Preparing Data Loader...
Epoch: [91][0/97] Time: 0.477 (0.477) lr:0.000086 base_lr:0.000009Loss: 3.0826 (3.0826) iLoss: 0.0054 (0.0054) CLoss: 0.0501 (0.0501) da_loss: 0.3599 (0.3599) dd_loss: 2.9550 (2.9550) Accu: 100.00
Test Epoch: 91
original feature:   Rank-1: 21.01% | Rank-5: 44.64% | Rank-10: 56.29%| Rank-20: 68.27%| mAP: 23.24%| mINP: 13.73%
feature after BN:   Rank-1: 21.90% | Rank-5: 43.92% | Rank-10: 56.71%| Rank-20: 67.59%| mAP: 23.29%| mINP: 13.67%
Best Epoch [89]
==> Preparing Data Loader...
Epoch: [92][0/97] Time: 0.463 (0.463) lr:0.000075 base_lr:0.000008Loss: 3.0840 (3.0840) iLoss: 0.0080 (0.0080) CLoss: 0.0452 (0.0452) da_loss: 0.3683 (0.3683) dd_loss: 2.9572 (2.9572) Accu: 100.00
Test Epoch: 92
original feature:   Rank-1: 21.60% | Rank-5: 44.68% | Rank-10: 56.41%| Rank-20: 67.97%| mAP: 23.30%| mINP: 13.70%
feature after BN:   Rank-1: 22.03% | Rank-5: 43.54% | Rank-10: 55.65%| Rank-20: 67.59%| mAP: 23.43%| mINP: 13.88%
Best Epoch [89]
==> Preparing Data Loader...
Epoch: [93][0/97] Time: 0.499 (0.499) lr:0.000064 base_lr:0.000006Loss: 3.0661 (3.0661) iLoss: 0.0034 (0.0034) CLoss: 0.0691 (0.0691) da_loss: 0.3055 (0.3055) dd_loss: 2.9326 (2.9326) Accu: 100.00
Test Epoch: 93
original feature:   Rank-1: 21.31% | Rank-5: 44.60% | Rank-10: 56.67%| Rank-20: 68.52%| mAP: 23.33%| mINP: 13.84%
feature after BN:   Rank-1: 21.52% | Rank-5: 44.14% | Rank-10: 55.61%| Rank-20: 67.93%| mAP: 23.15%| mINP: 13.50%
Best Epoch [89]
==> Preparing Data Loader...
Epoch: [94][0/97] Time: 0.481 (0.481) lr:0.000054 base_lr:0.000005Loss: 3.0305 (3.0305) iLoss: 0.0055 (0.0055) CLoss: 0.0266 (0.0266) da_loss: 0.3276 (0.3276) dd_loss: 2.9329 (2.9329) Accu: 100.00
Test Epoch: 94
original feature:   Rank-1: 21.65% | Rank-5: 44.64% | Rank-10: 56.88%| Rank-20: 68.31%| mAP: 23.54%| mINP: 14.06%
feature after BN:   Rank-1: 21.81% | Rank-5: 44.14% | Rank-10: 56.03%| Rank-20: 68.10%| mAP: 23.36%| mINP: 13.66%
Best Epoch [89]
==> Preparing Data Loader...
Epoch: [95][0/97] Time: 0.546 (0.546) lr:0.000043 base_lr:0.000004Loss: 3.0957 (3.0957) iLoss: 0.0152 (0.0152) CLoss: 0.0284 (0.0284) da_loss: 0.3309 (0.3309) dd_loss: 2.9858 (2.9858) Accu: 100.00
Test Epoch: 95
original feature:   Rank-1: 21.56% | Rank-5: 44.64% | Rank-10: 56.92%| Rank-20: 68.48%| mAP: 23.42%| mINP: 13.98%
feature after BN:   Rank-1: 22.74% | Rank-5: 44.51% | Rank-10: 56.33%| Rank-20: 67.93%| mAP: 23.71%| mINP: 13.79%
Best Epoch [95]
==> Preparing Data Loader...
Epoch: [96][0/97] Time: 0.572 (0.572) lr:0.000032 base_lr:0.000003Loss: 3.0651 (3.0651) iLoss: 0.0080 (0.0080) CLoss: 0.0477 (0.0477) da_loss: 0.3376 (0.3376) dd_loss: 2.9419 (2.9419) Accu: 100.00
Test Epoch: 96
original feature:   Rank-1: 21.60% | Rank-5: 44.56% | Rank-10: 56.67%| Rank-20: 68.35%| mAP: 23.37%| mINP: 13.85%
feature after BN:   Rank-1: 21.69% | Rank-5: 44.30% | Rank-10: 56.29%| Rank-20: 68.23%| mAP: 23.31%| mINP: 13.72%
Best Epoch [95]
==> Preparing Data Loader...
Epoch: [97][0/97] Time: 0.491 (0.491) lr:0.000022 base_lr:0.000002Loss: 3.0131 (3.0131) iLoss: 0.0059 (0.0059) CLoss: 0.0179 (0.0179) da_loss: 0.3017 (0.3017) dd_loss: 2.9289 (2.9289) Accu: 100.00
Test Epoch: 97
original feature:   Rank-1: 21.81% | Rank-5: 44.18% | Rank-10: 56.20%| Rank-20: 67.93%| mAP: 23.41%| mINP: 13.89%
feature after BN:   Rank-1: 22.15% | Rank-5: 44.22% | Rank-10: 55.91%| Rank-20: 68.10%| mAP: 23.53%| mINP: 13.83%
Best Epoch [95]
==> Preparing Data Loader...
Epoch: [98][0/97] Time: 0.478 (0.478) lr:0.000011 base_lr:0.000001Loss: 3.0406 (3.0406) iLoss: 0.0053 (0.0053) CLoss: 0.0335 (0.0335) da_loss: 0.3267 (0.3267) dd_loss: 2.9365 (2.9365) Accu: 100.00
Test Epoch: 98
original feature:   Rank-1: 21.60% | Rank-5: 44.43% | Rank-10: 56.20%| Rank-20: 68.14%| mAP: 23.38%| mINP: 13.91%
feature after BN:   Rank-1: 21.98% | Rank-5: 43.88% | Rank-10: 56.29%| Rank-20: 67.89%| mAP: 23.34%| mINP: 13.66%
Best Epoch [95]
==> Preparing Data Loader...
Epoch: [99][0/97] Time: 0.514 (0.514) lr:0.000000 base_lr:0.000000Loss: 3.2351 (3.2351) iLoss: 0.0193 (0.0193) CLoss: 0.1925 (0.1925) da_loss: 0.3299 (0.3299) dd_loss: 2.9573 (2.9573) Accu: 100.00
Test Epoch: 99
original feature:   Rank-1: 21.98% | Rank-5: 44.68% | Rank-10: 56.75%| Rank-20: 68.23%| mAP: 23.49%| mINP: 13.93%
feature after BN:   Rank-1: 22.15% | Rank-5: 44.47% | Rank-10: 56.54%| Rank-20: 68.31%| mAP: 23.53%| mINP: 13.83%
Best Epoch [95]
