==========
Args:Namespace(batch_size=6, dataset='mask1k', decay_step=16, dim=2048, gpu='0,1,2,3', img_h=288, img_w=144, log_path='log/', lr=0.0009, lr_multipliers=[0.1, 0.5, 0.5, 1.0, 1.0, 1.0], margin=0.45, max_epoch=100, mode='all', model_path='save_model/', num_pos=4, pool_dim=2048, rerank='no', save_epoch=1000, seed=0, test_batch=64, test_style='A', train_style='A', trial=1, tta=False, warm_up_epoch=8, workers=4)
==========
==> Loading data..
data init success!
==> Building model..
==> Building success!..
==> Start Training...
==> Preparing Data Loader...
Epoch: [0][0/41] Time: 2.498 (2.498) lr:0.000055 base_lr:0.000005Loss: 14.5271 (14.5271) iLoss: 6.2210 (6.2210) CLoss: 1.3736 (1.3736) da_loss: 0.9777 (0.9777) dd_loss: 6.7369 (6.7369) Accu: 0.00
Test Epoch: 0
original feature:   Rank-1: 0.40% | Rank-5: 1.81% | Rank-10: 4.02%| Rank-20: 6.43%| mAP: 1.28%| mINP: 0.54%
feature after BN:   Rank-1: 0.80% | Rank-5: 2.21% | Rank-10: 4.82%| Rank-20: 7.63%| mAP: 1.52%| mINP: 0.69%
Best Epoch [0]
==> Preparing Data Loader...
Epoch: [1][0/41] Time: 0.487 (0.487) lr:0.000111 base_lr:0.000011Loss: 13.9361 (13.9361) iLoss: 6.1877 (6.1877) CLoss: 1.1612 (1.1612) da_loss: 0.6341 (0.6341) dd_loss: 6.4603 (6.4603) Accu: 2.08
Test Epoch: 1
original feature:   Rank-1: 0.80% | Rank-5: 3.01% | Rank-10: 5.42%| Rank-20: 10.04%| mAP: 1.77%| mINP: 0.63%
feature after BN:   Rank-1: 0.80% | Rank-5: 4.02% | Rank-10: 5.82%| Rank-20: 10.44%| mAP: 2.00%| mINP: 0.78%
Best Epoch [0]
==> Preparing Data Loader...
Epoch: [2][0/41] Time: 0.430 (0.430) lr:0.000167 base_lr:0.000017Loss: 13.6436 (13.6436) iLoss: 6.1165 (6.1165) CLoss: 1.0888 (1.0888) da_loss: 0.5999 (0.5999) dd_loss: 6.3183 (6.3183) Accu: 8.33
Test Epoch: 2
original feature:   Rank-1: 2.21% | Rank-5: 6.22% | Rank-10: 9.04%| Rank-20: 15.26%| mAP: 3.38%| mINP: 1.41%
feature after BN:   Rank-1: 1.61% | Rank-5: 4.82% | Rank-10: 8.43%| Rank-20: 15.46%| mAP: 3.01%| mINP: 1.40%
Best Epoch [2]
==> Preparing Data Loader...
Epoch: [3][0/41] Time: 0.541 (0.541) lr:0.000224 base_lr:0.000022Loss: 13.3646 (13.3646) iLoss: 5.9050 (5.9050) CLoss: 1.1002 (1.1002) da_loss: 0.5927 (0.5927) dd_loss: 6.2409 (6.2409) Accu: 0.00
Test Epoch: 3
original feature:   Rank-1: 3.61% | Rank-5: 13.65% | Rank-10: 20.28%| Rank-20: 27.51%| mAP: 5.83%| mINP: 2.46%
feature after BN:   Rank-1: 3.82% | Rank-5: 11.45% | Rank-10: 17.87%| Rank-20: 25.70%| mAP: 5.66%| mINP: 2.65%
Best Epoch [3]
==> Preparing Data Loader...
Epoch: [4][0/41] Time: 0.517 (0.517) lr:0.000280 base_lr:0.000028Loss: 12.4068 (12.4068) iLoss: 5.4841 (5.4841) CLoss: 0.8354 (0.8354) da_loss: 0.5627 (0.5627) dd_loss: 5.9748 (5.9748) Accu: 4.17
Test Epoch: 4
original feature:   Rank-1: 6.22% | Rank-5: 18.27% | Rank-10: 26.51%| Rank-20: 39.16%| mAP: 8.65%| mINP: 3.99%
feature after BN:   Rank-1: 6.02% | Rank-5: 15.46% | Rank-10: 25.10%| Rank-20: 34.14%| mAP: 8.24%| mINP: 4.23%
Best Epoch [4]
==> Preparing Data Loader...
Epoch: [5][0/41] Time: 0.529 (0.529) lr:0.000336 base_lr:0.000034Loss: 12.2459 (12.2459) iLoss: 5.4427 (5.4427) CLoss: 0.6803 (0.6803) da_loss: 0.5730 (0.5730) dd_loss: 6.0082 (6.0082) Accu: 6.25
Test Epoch: 5
original feature:   Rank-1: 5.82% | Rank-5: 19.68% | Rank-10: 29.32%| Rank-20: 39.96%| mAP: 8.88%| mINP: 4.14%
feature after BN:   Rank-1: 6.83% | Rank-5: 20.48% | Rank-10: 30.52%| Rank-20: 40.16%| mAP: 9.28%| mINP: 4.37%
Best Epoch [5]
==> Preparing Data Loader...
Epoch: [6][0/41] Time: 0.458 (0.458) lr:0.000392 base_lr:0.000039Loss: 8.9546 (8.9546) iLoss: 3.2960 (3.2960) CLoss: 0.5446 (0.5446) da_loss: 0.5738 (0.5738) dd_loss: 4.9993 (4.9993) Accu: 47.92
Test Epoch: 6
original feature:   Rank-1: 7.63% | Rank-5: 22.69% | Rank-10: 33.94%| Rank-20: 48.59%| mAP: 10.98%| mINP: 5.71%
feature after BN:   Rank-1: 7.23% | Rank-5: 21.08% | Rank-10: 33.73%| Rank-20: 45.38%| mAP: 10.37%| mINP: 5.38%
Best Epoch [6]
==> Preparing Data Loader...
Epoch: [7][0/41] Time: 0.495 (0.495) lr:0.000449 base_lr:0.000045Loss: 11.0240 (11.0240) iLoss: 4.5817 (4.5817) CLoss: 0.6476 (0.6476) da_loss: 0.6602 (0.6602) dd_loss: 5.6626 (5.6626) Accu: 16.67
Test Epoch: 7
original feature:   Rank-1: 7.03% | Rank-5: 20.48% | Rank-10: 28.71%| Rank-20: 42.17%| mAP: 9.00%| mINP: 3.75%
feature after BN:   Rank-1: 6.63% | Rank-5: 20.68% | Rank-10: 29.52%| Rank-20: 41.97%| mAP: 9.56%| mINP: 4.80%
Best Epoch [6]
==> Preparing Data Loader...
Epoch: [8][0/41] Time: 0.506 (0.506) lr:0.000505 base_lr:0.000050Loss: 10.9561 (10.9561) iLoss: 4.4764 (4.4764) CLoss: 0.8157 (0.8157) da_loss: 0.6764 (0.6764) dd_loss: 5.5286 (5.5286) Accu: 25.00
Test Epoch: 8
original feature:   Rank-1: 7.23% | Rank-5: 22.69% | Rank-10: 30.72%| Rank-20: 43.57%| mAP: 10.50%| mINP: 5.58%
feature after BN:   Rank-1: 7.63% | Rank-5: 22.29% | Rank-10: 30.52%| Rank-20: 45.58%| mAP: 11.15%| mINP: 6.27%
Best Epoch [8]
==> Preparing Data Loader...
Epoch: [9][0/41] Time: 0.520 (0.520) lr:0.000561 base_lr:0.000056Loss: 9.1873 (9.1873) iLoss: 3.0549 (3.0549) CLoss: 0.7426 (0.7426) da_loss: 0.6587 (0.6587) dd_loss: 5.2581 (5.2581) Accu: 31.25
Test Epoch: 9
original feature:   Rank-1: 8.63% | Rank-5: 20.48% | Rank-10: 28.31%| Rank-20: 39.36%| mAP: 9.69%| mINP: 4.09%
feature after BN:   Rank-1: 7.83% | Rank-5: 21.49% | Rank-10: 29.52%| Rank-20: 42.37%| mAP: 10.00%| mINP: 4.50%
Best Epoch [9]
==> Preparing Data Loader...
Epoch: [10][0/41] Time: 0.517 (0.517) lr:0.000617 base_lr:0.000062Loss: 8.8069 (8.8069) iLoss: 2.6725 (2.6725) CLoss: 0.6653 (0.6653) da_loss: 0.7012 (0.7012) dd_loss: 5.3290 (5.3290) Accu: 43.75
Test Epoch: 10
original feature:   Rank-1: 9.84% | Rank-5: 24.50% | Rank-10: 33.13%| Rank-20: 44.18%| mAP: 11.58%| mINP: 5.60%
feature after BN:   Rank-1: 11.04% | Rank-5: 25.50% | Rank-10: 35.14%| Rank-20: 44.58%| mAP: 12.66%| mINP: 6.35%
Best Epoch [10]
==> Preparing Data Loader...
Epoch: [11][0/41] Time: 0.454 (0.454) lr:0.000674 base_lr:0.000067Loss: 8.5413 (8.5413) iLoss: 2.7355 (2.7355) CLoss: 0.7683 (0.7683) da_loss: 0.6651 (0.6651) dd_loss: 4.9045 (4.9045) Accu: 39.58
Test Epoch: 11
original feature:   Rank-1: 8.43% | Rank-5: 21.29% | Rank-10: 30.12%| Rank-20: 41.37%| mAP: 9.95%| mINP: 4.31%
feature after BN:   Rank-1: 8.63% | Rank-5: 23.49% | Rank-10: 31.93%| Rank-20: 42.17%| mAP: 10.92%| mINP: 5.43%
Best Epoch [10]
==> Preparing Data Loader...
Epoch: [12][0/41] Time: 0.479 (0.479) lr:0.000730 base_lr:0.000073Loss: 8.9026 (8.9026) iLoss: 2.7511 (2.7511) CLoss: 0.5791 (0.5791) da_loss: 0.6319 (0.6319) dd_loss: 5.4460 (5.4460) Accu: 62.50
Test Epoch: 12
original feature:   Rank-1: 9.24% | Rank-5: 24.90% | Rank-10: 36.95%| Rank-20: 51.41%| mAP: 11.80%| mINP: 5.44%
feature after BN:   Rank-1: 13.25% | Rank-5: 28.31% | Rank-10: 39.96%| Rank-20: 50.80%| mAP: 14.25%| mINP: 6.89%
Best Epoch [12]
==> Preparing Data Loader...
Epoch: [13][0/41] Time: 0.506 (0.506) lr:0.000786 base_lr:0.000079Loss: 9.3921 (9.3921) iLoss: 2.8279 (2.8279) CLoss: 0.7177 (0.7177) da_loss: 0.7111 (0.7111) dd_loss: 5.7043 (5.7043) Accu: 39.58
Test Epoch: 13
original feature:   Rank-1: 8.63% | Rank-5: 19.68% | Rank-10: 27.91%| Rank-20: 36.35%| mAP: 9.75%| mINP: 4.42%
feature after BN:   Rank-1: 8.43% | Rank-5: 20.28% | Rank-10: 29.72%| Rank-20: 41.57%| mAP: 10.37%| mINP: 4.92%
Best Epoch [12]
==> Preparing Data Loader...
Epoch: [14][0/41] Time: 0.517 (0.517) lr:0.000842 base_lr:0.000084Loss: 7.8463 (7.8463) iLoss: 1.7865 (1.7865) CLoss: 0.7984 (0.7984) da_loss: 0.8524 (0.8524) dd_loss: 5.0909 (5.0909) Accu: 60.42
Test Epoch: 14
original feature:   Rank-1: 8.63% | Rank-5: 22.89% | Rank-10: 31.73%| Rank-20: 41.37%| mAP: 10.69%| mINP: 5.07%
feature after BN:   Rank-1: 9.84% | Rank-5: 22.49% | Rank-10: 31.12%| Rank-20: 43.98%| mAP: 11.55%| mINP: 5.52%
Best Epoch [12]
==> Preparing Data Loader...
Epoch: [15][0/41] Time: 0.519 (0.519) lr:0.000899 base_lr:0.000090Loss: 9.1418 (9.1418) iLoss: 2.6489 (2.6489) CLoss: 0.9148 (0.9148) da_loss: 0.8142 (0.8142) dd_loss: 5.4152 (5.4152) Accu: 41.67
Test Epoch: 15
original feature:   Rank-1: 9.04% | Rank-5: 24.30% | Rank-10: 32.93%| Rank-20: 46.18%| mAP: 11.09%| mINP: 4.91%
feature after BN:   Rank-1: 10.64% | Rank-5: 23.90% | Rank-10: 35.54%| Rank-20: 48.80%| mAP: 12.50%| mINP: 6.19%
Best Epoch [12]
==> Preparing Data Loader...
Epoch: [16][0/41] Time: 0.515 (0.515) lr:0.000890 base_lr:0.000089Loss: 8.9893 (8.9893) iLoss: 2.2801 (2.2801) CLoss: 0.7194 (0.7194) da_loss: 0.7480 (0.7480) dd_loss: 5.8402 (5.8402) Accu: 39.58
Test Epoch: 16
original feature:   Rank-1: 6.02% | Rank-5: 19.28% | Rank-10: 30.32%| Rank-20: 44.38%| mAP: 9.24%| mINP: 4.66%
feature after BN:   Rank-1: 7.23% | Rank-5: 22.69% | Rank-10: 32.93%| Rank-20: 46.18%| mAP: 10.75%| mINP: 5.86%
Best Epoch [12]
==> Preparing Data Loader...
Epoch: [17][0/41] Time: 0.551 (0.551) lr:0.000879 base_lr:0.000088Loss: 10.2570 (10.2570) iLoss: 3.0676 (3.0676) CLoss: 0.9445 (0.9445) da_loss: 0.7073 (0.7073) dd_loss: 6.1035 (6.1035) Accu: 41.67
Test Epoch: 17
original feature:   Rank-1: 9.84% | Rank-5: 24.90% | Rank-10: 32.73%| Rank-20: 42.97%| mAP: 11.85%| mINP: 5.71%
feature after BN:   Rank-1: 11.65% | Rank-5: 28.92% | Rank-10: 39.16%| Rank-20: 52.21%| mAP: 14.40%| mINP: 7.75%
Best Epoch [12]
==> Preparing Data Loader...
Epoch: [18][0/41] Time: 0.477 (0.477) lr:0.000868 base_lr:0.000087Loss: 8.3008 (8.3008) iLoss: 1.7921 (1.7921) CLoss: 0.7393 (0.7393) da_loss: 0.7879 (0.7879) dd_loss: 5.6118 (5.6118) Accu: 60.42
Test Epoch: 18
original feature:   Rank-1: 11.65% | Rank-5: 27.51% | Rank-10: 37.15%| Rank-20: 49.00%| mAP: 12.40%| mINP: 4.60%
feature after BN:   Rank-1: 13.65% | Rank-5: 29.52% | Rank-10: 41.97%| Rank-20: 53.01%| mAP: 14.74%| mINP: 6.80%
Best Epoch [18]
==> Preparing Data Loader...
Epoch: [19][0/41] Time: 0.502 (0.502) lr:0.000857 base_lr:0.000086Loss: 7.4890 (7.4890) iLoss: 1.4247 (1.4247) CLoss: 0.7664 (0.7664) da_loss: 0.7451 (0.7451) dd_loss: 5.1488 (5.1488) Accu: 70.83
Test Epoch: 19
original feature:   Rank-1: 10.24% | Rank-5: 24.10% | Rank-10: 35.34%| Rank-20: 45.78%| mAP: 12.42%| mINP: 6.37%
feature after BN:   Rank-1: 11.85% | Rank-5: 28.71% | Rank-10: 39.56%| Rank-20: 52.21%| mAP: 14.43%| mINP: 8.17%
Best Epoch [18]
==> Preparing Data Loader...
Epoch: [20][0/41] Time: 0.464 (0.464) lr:0.000847 base_lr:0.000085Loss: 7.5729 (7.5729) iLoss: 1.4122 (1.4122) CLoss: 0.6697 (0.6697) da_loss: 0.7099 (0.7099) dd_loss: 5.3490 (5.3490) Accu: 64.58
Test Epoch: 20
original feature:   Rank-1: 11.04% | Rank-5: 22.69% | Rank-10: 34.74%| Rank-20: 46.18%| mAP: 12.36%| mINP: 6.23%
feature after BN:   Rank-1: 12.25% | Rank-5: 28.11% | Rank-10: 37.35%| Rank-20: 51.81%| mAP: 14.12%| mINP: 7.58%
Best Epoch [18]
==> Preparing Data Loader...
Epoch: [21][0/41] Time: 0.529 (0.529) lr:0.000836 base_lr:0.000084Loss: 8.9540 (8.9540) iLoss: 2.4227 (2.4227) CLoss: 0.9169 (0.9169) da_loss: 0.8269 (0.8269) dd_loss: 5.4489 (5.4489) Accu: 41.67
Test Epoch: 21
original feature:   Rank-1: 10.04% | Rank-5: 26.51% | Rank-10: 39.76%| Rank-20: 56.02%| mAP: 13.55%| mINP: 7.62%
feature after BN:   Rank-1: 13.25% | Rank-5: 32.33% | Rank-10: 43.98%| Rank-20: 59.04%| mAP: 16.43%| mINP: 9.63%
Best Epoch [18]
==> Preparing Data Loader...
Epoch: [22][0/41] Time: 0.512 (0.512) lr:0.000825 base_lr:0.000083Loss: 9.0692 (9.0692) iLoss: 2.4029 (2.4029) CLoss: 0.5656 (0.5656) da_loss: 0.6837 (0.6837) dd_loss: 5.9639 (5.9639) Accu: 37.50
Test Epoch: 22
original feature:   Rank-1: 13.25% | Rank-5: 30.52% | Rank-10: 44.18%| Rank-20: 54.42%| mAP: 14.94%| mINP: 7.19%
feature after BN:   Rank-1: 14.06% | Rank-5: 36.14% | Rank-10: 46.99%| Rank-20: 60.64%| mAP: 16.63%| mINP: 8.58%
Best Epoch [22]
==> Preparing Data Loader...
Epoch: [23][0/41] Time: 0.483 (0.483) lr:0.000815 base_lr:0.000081Loss: 6.8468 (6.8468) iLoss: 0.6740 (0.6740) CLoss: 0.6053 (0.6053) da_loss: 0.7258 (0.7258) dd_loss: 5.4223 (5.4223) Accu: 83.33
Test Epoch: 23
original feature:   Rank-1: 11.24% | Rank-5: 29.72% | Rank-10: 41.97%| Rank-20: 54.82%| mAP: 14.04%| mINP: 6.69%
feature after BN:   Rank-1: 15.26% | Rank-5: 35.94% | Rank-10: 47.19%| Rank-20: 58.43%| mAP: 16.90%| mINP: 8.55%
Best Epoch [23]
==> Preparing Data Loader...
Epoch: [24][0/41] Time: 0.542 (0.542) lr:0.000804 base_lr:0.000080Loss: 8.1842 (8.1842) iLoss: 1.4021 (1.4021) CLoss: 0.6937 (0.6937) da_loss: 0.8310 (0.8310) dd_loss: 5.9222 (5.9222) Accu: 70.83
Test Epoch: 24
original feature:   Rank-1: 11.85% | Rank-5: 29.32% | Rank-10: 38.96%| Rank-20: 51.00%| mAP: 14.00%| mINP: 7.03%
feature after BN:   Rank-1: 15.06% | Rank-5: 35.14% | Rank-10: 44.78%| Rank-20: 59.44%| mAP: 16.78%| mINP: 8.20%
Best Epoch [23]
==> Preparing Data Loader...
Epoch: [25][0/41] Time: 0.494 (0.494) lr:0.000793 base_lr:0.000079Loss: 7.0652 (7.0652) iLoss: 0.9630 (0.9630) CLoss: 0.7127 (0.7127) da_loss: 0.7343 (0.7343) dd_loss: 5.2426 (5.2426) Accu: 77.08
Test Epoch: 25
original feature:   Rank-1: 13.05% | Rank-5: 32.93% | Rank-10: 44.98%| Rank-20: 55.82%| mAP: 15.73%| mINP: 8.24%
feature after BN:   Rank-1: 18.47% | Rank-5: 38.96% | Rank-10: 48.19%| Rank-20: 60.64%| mAP: 19.64%| mINP: 10.66%
Best Epoch [25]
==> Preparing Data Loader...
Epoch: [26][0/41] Time: 0.508 (0.508) lr:0.000782 base_lr:0.000078Loss: 5.8784 (5.8784) iLoss: 0.4724 (0.4724) CLoss: 0.6296 (0.6296) da_loss: 0.7285 (0.7285) dd_loss: 4.6307 (4.6307) Accu: 95.83
Test Epoch: 26
original feature:   Rank-1: 14.66% | Rank-5: 37.35% | Rank-10: 46.99%| Rank-20: 61.24%| mAP: 16.89%| mINP: 7.95%
feature after BN:   Rank-1: 17.27% | Rank-5: 38.96% | Rank-10: 51.41%| Rank-20: 63.65%| mAP: 18.89%| mINP: 9.39%
Best Epoch [25]
==> Preparing Data Loader...
Epoch: [27][0/41] Time: 0.468 (0.468) lr:0.000772 base_lr:0.000077Loss: 7.2938 (7.2938) iLoss: 1.2327 (1.2327) CLoss: 0.4949 (0.4949) da_loss: 0.7178 (0.7178) dd_loss: 5.4226 (5.4226) Accu: 77.08
Test Epoch: 27
original feature:   Rank-1: 16.06% | Rank-5: 36.14% | Rank-10: 47.99%| Rank-20: 60.44%| mAP: 17.36%| mINP: 8.75%
feature after BN:   Rank-1: 18.67% | Rank-5: 39.96% | Rank-10: 52.61%| Rank-20: 64.66%| mAP: 20.18%| mINP: 10.82%
Best Epoch [27]
==> Preparing Data Loader...
Epoch: [28][0/41] Time: 0.484 (0.484) lr:0.000761 base_lr:0.000076Loss: 5.7023 (5.7023) iLoss: 0.3736 (0.3736) CLoss: 0.4751 (0.4751) da_loss: 0.6943 (0.6943) dd_loss: 4.7148 (4.7148) Accu: 91.67
Test Epoch: 28
original feature:   Rank-1: 18.07% | Rank-5: 40.96% | Rank-10: 54.82%| Rank-20: 67.67%| mAP: 20.13%| mINP: 10.41%
feature after BN:   Rank-1: 18.47% | Rank-5: 41.97% | Rank-10: 54.22%| Rank-20: 68.88%| mAP: 21.10%| mINP: 11.77%
Best Epoch [27]
==> Preparing Data Loader...
Epoch: [29][0/41] Time: 0.549 (0.549) lr:0.000750 base_lr:0.000075Loss: 5.1192 (5.1192) iLoss: 0.1211 (0.1211) CLoss: 0.4717 (0.4717) da_loss: 0.6994 (0.6994) dd_loss: 4.3865 (4.3865) Accu: 97.92
Test Epoch: 29
original feature:   Rank-1: 18.27% | Rank-5: 40.96% | Rank-10: 53.61%| Rank-20: 67.07%| mAP: 19.64%| mINP: 9.65%
feature after BN:   Rank-1: 18.27% | Rank-5: 45.58% | Rank-10: 57.23%| Rank-20: 70.48%| mAP: 21.50%| mINP: 11.45%
Best Epoch [27]
==> Preparing Data Loader...
Epoch: [30][0/41] Time: 0.562 (0.562) lr:0.000740 base_lr:0.000074Loss: 4.9913 (4.9913) iLoss: 0.2483 (0.2483) CLoss: 0.3763 (0.3763) da_loss: 0.7064 (0.7064) dd_loss: 4.2255 (4.2255) Accu: 97.92
Test Epoch: 30
original feature:   Rank-1: 18.07% | Rank-5: 40.76% | Rank-10: 54.42%| Rank-20: 65.86%| mAP: 20.45%| mINP: 11.14%
feature after BN:   Rank-1: 19.68% | Rank-5: 45.18% | Rank-10: 57.03%| Rank-20: 69.68%| mAP: 22.08%| mINP: 12.32%
Best Epoch [30]
==> Preparing Data Loader...
Epoch: [31][0/41] Time: 0.502 (0.502) lr:0.000729 base_lr:0.000073Loss: 5.7395 (5.7395) iLoss: 0.1537 (0.1537) CLoss: 0.4409 (0.4409) da_loss: 0.6887 (0.6887) dd_loss: 5.0072 (5.0072) Accu: 100.00
Test Epoch: 31
original feature:   Rank-1: 18.88% | Rank-5: 39.96% | Rank-10: 52.41%| Rank-20: 68.27%| mAP: 20.96%| mINP: 11.67%
feature after BN:   Rank-1: 19.88% | Rank-5: 41.97% | Rank-10: 53.41%| Rank-20: 65.86%| mAP: 21.54%| mINP: 11.99%
Best Epoch [31]
==> Preparing Data Loader...
Epoch: [32][0/41] Time: 0.498 (0.498) lr:0.000718 base_lr:0.000072Loss: 5.4588 (5.4588) iLoss: 0.1182 (0.1182) CLoss: 0.4499 (0.4499) da_loss: 0.6558 (0.6558) dd_loss: 4.7596 (4.7596) Accu: 100.00
Test Epoch: 32
original feature:   Rank-1: 15.86% | Rank-5: 37.95% | Rank-10: 49.60%| Rank-20: 64.26%| mAP: 18.41%| mINP: 10.08%
feature after BN:   Rank-1: 18.47% | Rank-5: 43.37% | Rank-10: 55.22%| Rank-20: 68.67%| mAP: 21.17%| mINP: 12.12%
Best Epoch [31]
==> Preparing Data Loader...
Epoch: [33][0/41] Time: 0.511 (0.511) lr:0.000707 base_lr:0.000071Loss: 4.8853 (4.8853) iLoss: 0.1412 (0.1412) CLoss: 0.4305 (0.4305) da_loss: 0.6504 (0.6504) dd_loss: 4.1835 (4.1835) Accu: 100.00
Test Epoch: 33
original feature:   Rank-1: 17.87% | Rank-5: 40.96% | Rank-10: 56.02%| Rank-20: 67.47%| mAP: 20.17%| mINP: 11.05%
feature after BN:   Rank-1: 20.08% | Rank-5: 41.57% | Rank-10: 55.42%| Rank-20: 71.08%| mAP: 22.42%| mINP: 13.75%
Best Epoch [33]
==> Preparing Data Loader...
Epoch: [34][0/41] Time: 0.431 (0.431) lr:0.000697 base_lr:0.000070Loss: 4.9462 (4.9462) iLoss: 0.1590 (0.1590) CLoss: 0.4168 (0.4168) da_loss: 0.7248 (0.7248) dd_loss: 4.2254 (4.2254) Accu: 95.83
Test Epoch: 34
original feature:   Rank-1: 19.28% | Rank-5: 43.37% | Rank-10: 54.22%| Rank-20: 68.67%| mAP: 21.45%| mINP: 12.19%
feature after BN:   Rank-1: 20.68% | Rank-5: 45.18% | Rank-10: 55.22%| Rank-20: 69.88%| mAP: 23.13%| mINP: 13.65%
Best Epoch [34]
==> Preparing Data Loader...
Epoch: [35][0/41] Time: 0.514 (0.514) lr:0.000686 base_lr:0.000069Loss: 5.0004 (5.0004) iLoss: 0.1421 (0.1421) CLoss: 0.4638 (0.4638) da_loss: 0.6592 (0.6592) dd_loss: 4.2627 (4.2627) Accu: 100.00
Test Epoch: 35
original feature:   Rank-1: 19.28% | Rank-5: 42.77% | Rank-10: 55.22%| Rank-20: 67.87%| mAP: 21.67%| mINP: 12.65%
feature after BN:   Rank-1: 21.49% | Rank-5: 46.59% | Rank-10: 59.44%| Rank-20: 71.29%| mAP: 23.92%| mINP: 13.63%
Best Epoch [35]
==> Preparing Data Loader...
Epoch: [36][0/41] Time: 0.556 (0.556) lr:0.000675 base_lr:0.000068Loss: 4.9330 (4.9330) iLoss: 0.1713 (0.1713) CLoss: 0.3120 (0.3120) da_loss: 0.6684 (0.6684) dd_loss: 4.3161 (4.3161) Accu: 95.83
Test Epoch: 36
original feature:   Rank-1: 20.28% | Rank-5: 42.77% | Rank-10: 56.43%| Rank-20: 68.47%| mAP: 21.88%| mINP: 12.40%
feature after BN:   Rank-1: 22.49% | Rank-5: 46.99% | Rank-10: 58.03%| Rank-20: 70.68%| mAP: 24.15%| mINP: 14.02%
Best Epoch [36]
==> Preparing Data Loader...
Epoch: [37][0/41] Time: 0.505 (0.505) lr:0.000665 base_lr:0.000066Loss: 4.7131 (4.7131) iLoss: 0.1195 (0.1195) CLoss: 0.2810 (0.2810) da_loss: 0.6758 (0.6758) dd_loss: 4.1774 (4.1774) Accu: 95.83
Test Epoch: 37
original feature:   Rank-1: 23.09% | Rank-5: 44.98% | Rank-10: 59.04%| Rank-20: 70.68%| mAP: 24.46%| mINP: 14.66%
feature after BN:   Rank-1: 22.69% | Rank-5: 45.38% | Rank-10: 59.24%| Rank-20: 71.29%| mAP: 24.65%| mINP: 15.12%
Best Epoch [37]
==> Preparing Data Loader...
Epoch: [38][0/41] Time: 0.505 (0.505) lr:0.000654 base_lr:0.000065Loss: 5.5052 (5.5052) iLoss: 0.4540 (0.4540) CLoss: 0.3679 (0.3679) da_loss: 0.6633 (0.6633) dd_loss: 4.5507 (4.5507) Accu: 87.50
Test Epoch: 38
original feature:   Rank-1: 20.08% | Rank-5: 44.58% | Rank-10: 58.43%| Rank-20: 70.28%| mAP: 22.79%| mINP: 13.41%
feature after BN:   Rank-1: 20.08% | Rank-5: 44.58% | Rank-10: 60.04%| Rank-20: 72.29%| mAP: 23.42%| mINP: 14.40%
Best Epoch [37]
==> Preparing Data Loader...
Epoch: [39][0/41] Time: 0.473 (0.473) lr:0.000643 base_lr:0.000064Loss: 4.4567 (4.4567) iLoss: 0.1188 (0.1188) CLoss: 0.4524 (0.4524) da_loss: 0.7291 (0.7291) dd_loss: 3.7397 (3.7397) Accu: 100.00
Test Epoch: 39
original feature:   Rank-1: 19.48% | Rank-5: 46.79% | Rank-10: 59.24%| Rank-20: 72.89%| mAP: 23.34%| mINP: 14.26%
feature after BN:   Rank-1: 21.29% | Rank-5: 45.58% | Rank-10: 60.84%| Rank-20: 73.69%| mAP: 23.71%| mINP: 14.06%
Best Epoch [37]
==> Preparing Data Loader...
Epoch: [40][0/41] Time: 0.528 (0.528) lr:0.000632 base_lr:0.000063Loss: 4.6886 (4.6886) iLoss: 0.1463 (0.1463) CLoss: 0.3414 (0.3414) da_loss: 0.7018 (0.7018) dd_loss: 4.0605 (4.0605) Accu: 97.92
Test Epoch: 40
original feature:   Rank-1: 21.89% | Rank-5: 46.99% | Rank-10: 59.64%| Rank-20: 73.90%| mAP: 24.28%| mINP: 13.88%
feature after BN:   Rank-1: 20.48% | Rank-5: 47.99% | Rank-10: 61.04%| Rank-20: 74.10%| mAP: 24.27%| mINP: 14.84%
Best Epoch [37]
==> Preparing Data Loader...
Epoch: [41][0/41] Time: 0.490 (0.490) lr:0.000622 base_lr:0.000062Loss: 4.4698 (4.4698) iLoss: 0.1665 (0.1665) CLoss: 0.2942 (0.2942) da_loss: 0.6318 (0.6318) dd_loss: 3.8828 (3.8828) Accu: 97.92
Test Epoch: 41
original feature:   Rank-1: 22.69% | Rank-5: 47.39% | Rank-10: 60.44%| Rank-20: 71.89%| mAP: 23.73%| mINP: 13.19%
feature after BN:   Rank-1: 23.09% | Rank-5: 46.99% | Rank-10: 58.84%| Rank-20: 71.89%| mAP: 24.50%| mINP: 14.26%
Best Epoch [41]
==> Preparing Data Loader...
Epoch: [42][0/41] Time: 0.503 (0.503) lr:0.000611 base_lr:0.000061Loss: 4.5049 (4.5049) iLoss: 0.1276 (0.1276) CLoss: 0.3194 (0.3194) da_loss: 0.6324 (0.6324) dd_loss: 3.9314 (3.9314) Accu: 97.92
Test Epoch: 42
original feature:   Rank-1: 21.29% | Rank-5: 42.77% | Rank-10: 58.84%| Rank-20: 71.89%| mAP: 23.26%| mINP: 13.63%
feature after BN:   Rank-1: 20.88% | Rank-5: 44.58% | Rank-10: 59.04%| Rank-20: 72.09%| mAP: 23.92%| mINP: 14.29%
Best Epoch [41]
==> Preparing Data Loader...
Epoch: [43][0/41] Time: 0.516 (0.516) lr:0.000600 base_lr:0.000060Loss: 4.8810 (4.8810) iLoss: 0.0779 (0.0779) CLoss: 0.3971 (0.3971) da_loss: 0.6689 (0.6689) dd_loss: 4.2722 (4.2722) Accu: 100.00
Test Epoch: 43
original feature:   Rank-1: 22.29% | Rank-5: 45.78% | Rank-10: 58.23%| Rank-20: 70.88%| mAP: 24.27%| mINP: 14.54%
feature after BN:   Rank-1: 23.29% | Rank-5: 45.98% | Rank-10: 60.04%| Rank-20: 72.29%| mAP: 25.23%| mINP: 15.46%
Best Epoch [43]
==> Preparing Data Loader...
Epoch: [44][0/41] Time: 0.485 (0.485) lr:0.000590 base_lr:0.000059Loss: 4.4195 (4.4195) iLoss: 0.1273 (0.1273) CLoss: 0.2411 (0.2411) da_loss: 0.6206 (0.6206) dd_loss: 3.9270 (3.9270) Accu: 95.83
Test Epoch: 44
original feature:   Rank-1: 21.49% | Rank-5: 48.59% | Rank-10: 59.84%| Rank-20: 73.29%| mAP: 24.21%| mINP: 14.27%
feature after BN:   Rank-1: 21.08% | Rank-5: 49.20% | Rank-10: 62.45%| Rank-20: 73.90%| mAP: 24.50%| mINP: 14.47%
Best Epoch [43]
==> Preparing Data Loader...
Epoch: [45][0/41] Time: 0.498 (0.498) lr:0.000579 base_lr:0.000058Loss: 4.0189 (4.0189) iLoss: 0.0773 (0.0773) CLoss: 0.1879 (0.1879) da_loss: 0.6177 (0.6177) dd_loss: 3.6301 (3.6301) Accu: 100.00
Test Epoch: 45
original feature:   Rank-1: 20.88% | Rank-5: 46.99% | Rank-10: 62.05%| Rank-20: 73.49%| mAP: 24.13%| mINP: 14.73%
feature after BN:   Rank-1: 22.09% | Rank-5: 48.19% | Rank-10: 60.04%| Rank-20: 73.69%| mAP: 24.72%| mINP: 14.70%
Best Epoch [43]
==> Preparing Data Loader...
Epoch: [46][0/41] Time: 0.504 (0.504) lr:0.000568 base_lr:0.000057Loss: 4.7066 (4.7066) iLoss: 0.1153 (0.1153) CLoss: 0.1569 (0.1569) da_loss: 0.5876 (0.5876) dd_loss: 4.3169 (4.3169) Accu: 97.92
Test Epoch: 46
original feature:   Rank-1: 23.49% | Rank-5: 49.60% | Rank-10: 62.65%| Rank-20: 74.90%| mAP: 26.15%| mINP: 15.74%
feature after BN:   Rank-1: 22.69% | Rank-5: 48.80% | Rank-10: 61.65%| Rank-20: 76.10%| mAP: 25.60%| mINP: 15.39%
Best Epoch [43]
==> Preparing Data Loader...
Epoch: [47][0/41] Time: 0.444 (0.444) lr:0.000557 base_lr:0.000056Loss: 4.5595 (4.5595) iLoss: 0.1709 (0.1709) CLoss: 0.1780 (0.1780) da_loss: 0.5499 (0.5499) dd_loss: 4.1006 (4.1006) Accu: 97.92
Test Epoch: 47
original feature:   Rank-1: 23.90% | Rank-5: 49.20% | Rank-10: 61.65%| Rank-20: 75.70%| mAP: 25.94%| mINP: 15.67%
feature after BN:   Rank-1: 23.29% | Rank-5: 51.00% | Rank-10: 63.25%| Rank-20: 76.51%| mAP: 26.10%| mINP: 15.79%
Best Epoch [43]
==> Preparing Data Loader...
Epoch: [48][0/41] Time: 0.502 (0.502) lr:0.000547 base_lr:0.000055Loss: 4.0796 (4.0796) iLoss: 0.1021 (0.1021) CLoss: 0.1370 (0.1370) da_loss: 0.5191 (0.5191) dd_loss: 3.7367 (3.7367) Accu: 97.92
Test Epoch: 48
original feature:   Rank-1: 22.09% | Rank-5: 51.20% | Rank-10: 63.86%| Rank-20: 75.30%| mAP: 26.29%| mINP: 16.76%
feature after BN:   Rank-1: 22.09% | Rank-5: 50.00% | Rank-10: 63.05%| Rank-20: 73.90%| mAP: 25.84%| mINP: 16.19%
Best Epoch [43]
==> Preparing Data Loader...
Epoch: [49][0/41] Time: 0.478 (0.478) lr:0.000536 base_lr:0.000054Loss: 4.3897 (4.3897) iLoss: 0.1913 (0.1913) CLoss: 0.3141 (0.3141) da_loss: 0.6103 (0.6103) dd_loss: 3.7622 (3.7622) Accu: 100.00
Test Epoch: 49
original feature:   Rank-1: 21.69% | Rank-5: 44.98% | Rank-10: 61.45%| Rank-20: 76.10%| mAP: 24.81%| mINP: 15.69%
feature after BN:   Rank-1: 20.88% | Rank-5: 47.79% | Rank-10: 62.85%| Rank-20: 74.50%| mAP: 24.45%| mINP: 14.99%
Best Epoch [43]
==> Preparing Data Loader...
Epoch: [50][0/41] Time: 0.480 (0.480) lr:0.000525 base_lr:0.000053Loss: 4.6215 (4.6215) iLoss: 0.1789 (0.1789) CLoss: 0.2059 (0.2059) da_loss: 0.6014 (0.6014) dd_loss: 4.1165 (4.1165) Accu: 95.83
Test Epoch: 50
original feature:   Rank-1: 26.51% | Rank-5: 49.00% | Rank-10: 62.45%| Rank-20: 77.11%| mAP: 26.83%| mINP: 15.78%
feature after BN:   Rank-1: 26.31% | Rank-5: 50.80% | Rank-10: 65.06%| Rank-20: 77.31%| mAP: 27.48%| mINP: 16.22%
Best Epoch [50]
==> Preparing Data Loader...
Epoch: [51][0/41] Time: 0.456 (0.456) lr:0.000515 base_lr:0.000051Loss: 4.7355 (4.7355) iLoss: 0.1203 (0.1203) CLoss: 0.1290 (0.1290) da_loss: 0.6038 (0.6038) dd_loss: 4.3655 (4.3655) Accu: 100.00
Test Epoch: 51
original feature:   Rank-1: 22.49% | Rank-5: 49.20% | Rank-10: 62.45%| Rank-20: 76.71%| mAP: 25.58%| mINP: 15.62%
feature after BN:   Rank-1: 25.10% | Rank-5: 51.41% | Rank-10: 63.05%| Rank-20: 76.31%| mAP: 26.85%| mINP: 16.27%
Best Epoch [50]
==> Preparing Data Loader...
Epoch: [52][0/41] Time: 0.491 (0.491) lr:0.000504 base_lr:0.000050Loss: 4.5192 (4.5192) iLoss: 0.1671 (0.1671) CLoss: 0.2981 (0.2981) da_loss: 0.6253 (0.6253) dd_loss: 3.9289 (3.9289) Accu: 97.92
Test Epoch: 52
original feature:   Rank-1: 23.09% | Rank-5: 50.00% | Rank-10: 61.24%| Rank-20: 75.90%| mAP: 25.95%| mINP: 15.95%
feature after BN:   Rank-1: 25.30% | Rank-5: 49.80% | Rank-10: 62.05%| Rank-20: 75.30%| mAP: 27.04%| mINP: 16.86%
Best Epoch [50]
==> Preparing Data Loader...
Epoch: [53][0/41] Time: 0.515 (0.515) lr:0.000493 base_lr:0.000049Loss: 4.0628 (4.0628) iLoss: 0.0754 (0.0754) CLoss: 0.1941 (0.1941) da_loss: 0.6079 (0.6079) dd_loss: 3.6717 (3.6717) Accu: 100.00
Test Epoch: 53
original feature:   Rank-1: 20.88% | Rank-5: 50.00% | Rank-10: 61.85%| Rank-20: 76.71%| mAP: 25.38%| mINP: 16.56%
feature after BN:   Rank-1: 25.30% | Rank-5: 51.00% | Rank-10: 61.85%| Rank-20: 75.90%| mAP: 26.73%| mINP: 16.43%
Best Epoch [50]
==> Preparing Data Loader...
Epoch: [54][0/41] Time: 0.447 (0.447) lr:0.000482 base_lr:0.000048Loss: 3.8941 (3.8941) iLoss: 0.0483 (0.0483) CLoss: 0.1262 (0.1262) da_loss: 0.5671 (0.5671) dd_loss: 3.6061 (3.6061) Accu: 100.00
Test Epoch: 54
original feature:   Rank-1: 23.49% | Rank-5: 50.80% | Rank-10: 62.05%| Rank-20: 77.11%| mAP: 26.68%| mINP: 16.86%
feature after BN:   Rank-1: 23.90% | Rank-5: 52.41% | Rank-10: 63.45%| Rank-20: 77.11%| mAP: 26.99%| mINP: 17.12%
Best Epoch [50]
==> Preparing Data Loader...
Epoch: [55][0/41] Time: 0.529 (0.529) lr:0.000472 base_lr:0.000047Loss: 4.1837 (4.1837) iLoss: 0.0347 (0.0347) CLoss: 0.0937 (0.0937) da_loss: 0.5382 (0.5382) dd_loss: 3.9476 (3.9476) Accu: 100.00
Test Epoch: 55
original feature:   Rank-1: 24.90% | Rank-5: 51.20% | Rank-10: 66.47%| Rank-20: 78.92%| mAP: 28.06%| mINP: 18.18%
feature after BN:   Rank-1: 24.90% | Rank-5: 52.01% | Rank-10: 66.47%| Rank-20: 77.91%| mAP: 27.67%| mINP: 17.73%
Best Epoch [50]
==> Preparing Data Loader...
Epoch: [56][0/41] Time: 0.553 (0.553) lr:0.000461 base_lr:0.000046Loss: 3.7273 (3.7273) iLoss: 0.0449 (0.0449) CLoss: 0.1456 (0.1456) da_loss: 0.5227 (0.5227) dd_loss: 3.4321 (3.4321) Accu: 100.00
Test Epoch: 56
original feature:   Rank-1: 25.50% | Rank-5: 51.41% | Rank-10: 62.85%| Rank-20: 75.70%| mAP: 27.61%| mINP: 17.23%
feature after BN:   Rank-1: 24.30% | Rank-5: 50.40% | Rank-10: 62.65%| Rank-20: 74.90%| mAP: 26.77%| mINP: 16.53%
Best Epoch [50]
==> Preparing Data Loader...
Epoch: [57][0/41] Time: 0.530 (0.530) lr:0.000450 base_lr:0.000045Loss: 3.9593 (3.9593) iLoss: 0.0831 (0.0831) CLoss: 0.1971 (0.1971) da_loss: 0.5360 (0.5360) dd_loss: 3.5719 (3.5719) Accu: 100.00
Test Epoch: 57
original feature:   Rank-1: 25.90% | Rank-5: 51.61% | Rank-10: 62.85%| Rank-20: 76.91%| mAP: 27.73%| mINP: 17.25%
feature after BN:   Rank-1: 23.49% | Rank-5: 50.20% | Rank-10: 62.65%| Rank-20: 75.70%| mAP: 26.79%| mINP: 17.06%
Best Epoch [50]
==> Preparing Data Loader...
Epoch: [58][0/41] Time: 0.472 (0.472) lr:0.000440 base_lr:0.000044Loss: 3.5458 (3.5458) iLoss: 0.0391 (0.0391) CLoss: 0.0974 (0.0974) da_loss: 0.5092 (0.5092) dd_loss: 3.3074 (3.3074) Accu: 100.00
Test Epoch: 58
original feature:   Rank-1: 25.90% | Rank-5: 52.41% | Rank-10: 66.06%| Rank-20: 80.12%| mAP: 28.46%| mINP: 17.96%
feature after BN:   Rank-1: 25.70% | Rank-5: 53.01% | Rank-10: 65.26%| Rank-20: 76.31%| mAP: 28.01%| mINP: 17.54%
Best Epoch [50]
==> Preparing Data Loader...
Epoch: [59][0/41] Time: 0.468 (0.468) lr:0.000429 base_lr:0.000043Loss: 3.7697 (3.7697) iLoss: 0.0161 (0.0161) CLoss: 0.0964 (0.0964) da_loss: 0.5393 (0.5393) dd_loss: 3.5494 (3.5494) Accu: 100.00
Test Epoch: 59
original feature:   Rank-1: 25.10% | Rank-5: 52.01% | Rank-10: 64.66%| Rank-20: 78.11%| mAP: 27.69%| mINP: 17.11%
feature after BN:   Rank-1: 25.50% | Rank-5: 53.61% | Rank-10: 65.26%| Rank-20: 76.31%| mAP: 27.50%| mINP: 16.73%
Best Epoch [50]
==> Preparing Data Loader...
Epoch: [60][0/41] Time: 0.516 (0.516) lr:0.000418 base_lr:0.000042Loss: 3.8856 (3.8856) iLoss: 0.0985 (0.0985) CLoss: 0.2272 (0.2272) da_loss: 0.5151 (0.5151) dd_loss: 3.4569 (3.4569) Accu: 97.92
Test Epoch: 60
original feature:   Rank-1: 26.51% | Rank-5: 52.61% | Rank-10: 63.25%| Rank-20: 76.91%| mAP: 28.45%| mINP: 17.54%
feature after BN:   Rank-1: 25.10% | Rank-5: 52.61% | Rank-10: 65.46%| Rank-20: 77.31%| mAP: 27.66%| mINP: 17.06%
Best Epoch [50]
==> Preparing Data Loader...
Epoch: [61][0/41] Time: 0.518 (0.518) lr:0.000407 base_lr:0.000041Loss: 4.2763 (4.2763) iLoss: 0.0333 (0.0333) CLoss: 0.1788 (0.1788) da_loss: 0.5577 (0.5577) dd_loss: 3.9527 (3.9527) Accu: 100.00
Test Epoch: 61
original feature:   Rank-1: 23.69% | Rank-5: 50.80% | Rank-10: 65.06%| Rank-20: 77.71%| mAP: 27.30%| mINP: 17.38%
feature after BN:   Rank-1: 23.69% | Rank-5: 52.01% | Rank-10: 65.66%| Rank-20: 76.31%| mAP: 26.97%| mINP: 16.79%
Best Epoch [50]
==> Preparing Data Loader...
Epoch: [62][0/41] Time: 0.435 (0.435) lr:0.000397 base_lr:0.000040Loss: 3.5493 (3.5493) iLoss: 0.0356 (0.0356) CLoss: 0.0903 (0.0903) da_loss: 0.4911 (0.4911) dd_loss: 3.3252 (3.3252) Accu: 100.00
Test Epoch: 62
original feature:   Rank-1: 25.10% | Rank-5: 53.21% | Rank-10: 64.66%| Rank-20: 79.12%| mAP: 27.85%| mINP: 17.38%
feature after BN:   Rank-1: 23.49% | Rank-5: 52.41% | Rank-10: 65.66%| Rank-20: 77.11%| mAP: 27.21%| mINP: 17.27%
Best Epoch [50]
==> Preparing Data Loader...
Epoch: [63][0/41] Time: 0.467 (0.467) lr:0.000386 base_lr:0.000039Loss: 3.7288 (3.7288) iLoss: 0.0388 (0.0388) CLoss: 0.0485 (0.0485) da_loss: 0.5404 (0.5404) dd_loss: 3.5334 (3.5334) Accu: 100.00
Test Epoch: 63
original feature:   Rank-1: 25.10% | Rank-5: 51.61% | Rank-10: 65.26%| Rank-20: 78.92%| mAP: 27.55%| mINP: 17.30%
feature after BN:   Rank-1: 23.09% | Rank-5: 51.20% | Rank-10: 65.26%| Rank-20: 77.91%| mAP: 26.63%| mINP: 16.86%
Best Epoch [50]
==> Preparing Data Loader...
Epoch: [64][0/41] Time: 0.463 (0.463) lr:0.000375 base_lr:0.000038Loss: 3.6224 (3.6224) iLoss: 0.0430 (0.0430) CLoss: 0.1115 (0.1115) da_loss: 0.5218 (0.5218) dd_loss: 3.3635 (3.3635) Accu: 100.00
Test Epoch: 64
original feature:   Rank-1: 25.50% | Rank-5: 52.21% | Rank-10: 65.26%| Rank-20: 79.12%| mAP: 28.38%| mINP: 18.14%
feature after BN:   Rank-1: 26.91% | Rank-5: 53.41% | Rank-10: 66.87%| Rank-20: 77.31%| mAP: 28.26%| mINP: 17.37%
Best Epoch [64]
==> Preparing Data Loader...
Epoch: [65][0/41] Time: 0.529 (0.529) lr:0.000365 base_lr:0.000036Loss: 3.7068 (3.7068) iLoss: 0.0584 (0.0584) CLoss: 0.1017 (0.1017) da_loss: 0.5151 (0.5151) dd_loss: 3.4437 (3.4437) Accu: 100.00
Test Epoch: 65
original feature:   Rank-1: 24.70% | Rank-5: 52.21% | Rank-10: 67.67%| Rank-20: 79.12%| mAP: 27.44%| mINP: 17.23%
feature after BN:   Rank-1: 23.90% | Rank-5: 52.41% | Rank-10: 65.26%| Rank-20: 75.30%| mAP: 27.04%| mINP: 16.79%
Best Epoch [64]
==> Preparing Data Loader...
Epoch: [66][0/41] Time: 0.469 (0.469) lr:0.000354 base_lr:0.000035Loss: 3.5659 (3.5659) iLoss: 0.0277 (0.0277) CLoss: 0.0447 (0.0447) da_loss: 0.4912 (0.4912) dd_loss: 3.3953 (3.3953) Accu: 100.00
Test Epoch: 66
original feature:   Rank-1: 27.11% | Rank-5: 53.82% | Rank-10: 67.27%| Rank-20: 78.11%| mAP: 28.84%| mINP: 18.13%
feature after BN:   Rank-1: 25.10% | Rank-5: 53.21% | Rank-10: 64.46%| Rank-20: 76.91%| mAP: 27.74%| mINP: 17.32%
Best Epoch [64]
==> Preparing Data Loader...
Epoch: [67][0/41] Time: 0.462 (0.462) lr:0.000343 base_lr:0.000034Loss: 3.7000 (3.7000) iLoss: 0.0880 (0.0880) CLoss: 0.1680 (0.1680) da_loss: 0.6238 (0.6238) dd_loss: 3.3192 (3.3192) Accu: 100.00
Test Epoch: 67
original feature:   Rank-1: 26.91% | Rank-5: 51.61% | Rank-10: 66.47%| Rank-20: 79.52%| mAP: 29.10%| mINP: 18.80%
feature after BN:   Rank-1: 25.10% | Rank-5: 53.82% | Rank-10: 65.46%| Rank-20: 76.71%| mAP: 27.76%| mINP: 16.95%
Best Epoch [64]
==> Preparing Data Loader...
Epoch: [68][0/41] Time: 0.520 (0.520) lr:0.000332 base_lr:0.000033Loss: 3.5666 (3.5666) iLoss: 0.0602 (0.0602) CLoss: 0.0542 (0.0542) da_loss: 0.5113 (0.5113) dd_loss: 3.3500 (3.3500) Accu: 100.00
Test Epoch: 68
original feature:   Rank-1: 25.50% | Rank-5: 50.80% | Rank-10: 65.06%| Rank-20: 79.32%| mAP: 27.93%| mINP: 17.81%
feature after BN:   Rank-1: 23.29% | Rank-5: 53.01% | Rank-10: 64.66%| Rank-20: 77.51%| mAP: 27.14%| mINP: 17.10%
Best Epoch [64]
==> Preparing Data Loader...
Epoch: [69][0/41] Time: 0.520 (0.520) lr:0.000322 base_lr:0.000032Loss: 4.1129 (4.1129) iLoss: 0.1304 (0.1304) CLoss: 0.1592 (0.1592) da_loss: 0.4907 (0.4907) dd_loss: 3.7251 (3.7251) Accu: 97.92
Test Epoch: 69
original feature:   Rank-1: 27.51% | Rank-5: 51.00% | Rank-10: 66.06%| Rank-20: 78.51%| mAP: 29.05%| mINP: 18.22%
feature after BN:   Rank-1: 25.90% | Rank-5: 54.62% | Rank-10: 65.86%| Rank-20: 77.71%| mAP: 28.16%| mINP: 17.52%
Best Epoch [64]
==> Preparing Data Loader...
Epoch: [70][0/41] Time: 0.526 (0.526) lr:0.000311 base_lr:0.000031Loss: 3.4227 (3.4227) iLoss: 0.0647 (0.0647) CLoss: 0.0386 (0.0386) da_loss: 0.4766 (0.4766) dd_loss: 3.2240 (3.2240) Accu: 97.92
Test Epoch: 70
original feature:   Rank-1: 25.10% | Rank-5: 52.41% | Rank-10: 64.66%| Rank-20: 79.12%| mAP: 28.24%| mINP: 18.29%
feature after BN:   Rank-1: 23.69% | Rank-5: 53.41% | Rank-10: 63.45%| Rank-20: 77.71%| mAP: 27.55%| mINP: 17.70%
Best Epoch [64]
==> Preparing Data Loader...
Epoch: [71][0/41] Time: 0.457 (0.457) lr:0.000300 base_lr:0.000030Loss: 3.5136 (3.5136) iLoss: 0.0525 (0.0525) CLoss: 0.1016 (0.1016) da_loss: 0.4588 (0.4588) dd_loss: 3.2678 (3.2678) Accu: 100.00
Test Epoch: 71
original feature:   Rank-1: 24.90% | Rank-5: 52.41% | Rank-10: 67.27%| Rank-20: 80.32%| mAP: 28.50%| mINP: 18.40%
feature after BN:   Rank-1: 25.30% | Rank-5: 53.61% | Rank-10: 65.06%| Rank-20: 78.11%| mAP: 28.36%| mINP: 18.03%
Best Epoch [64]
==> Preparing Data Loader...
Epoch: [72][0/41] Time: 0.513 (0.513) lr:0.000290 base_lr:0.000029Loss: 3.4238 (3.4238) iLoss: 0.0134 (0.0134) CLoss: 0.1671 (0.1671) da_loss: 0.4851 (0.4851) dd_loss: 3.1463 (3.1463) Accu: 100.00
Test Epoch: 72
original feature:   Rank-1: 25.90% | Rank-5: 52.81% | Rank-10: 66.27%| Rank-20: 79.32%| mAP: 28.58%| mINP: 18.58%
feature after BN:   Rank-1: 25.30% | Rank-5: 54.02% | Rank-10: 65.66%| Rank-20: 75.90%| mAP: 27.98%| mINP: 17.76%
Best Epoch [64]
==> Preparing Data Loader...
Epoch: [73][0/41] Time: 0.577 (0.577) lr:0.000279 base_lr:0.000028Loss: 3.6693 (3.6693) iLoss: 0.0219 (0.0219) CLoss: 0.1620 (0.1620) da_loss: 0.4621 (0.4621) dd_loss: 3.3930 (3.3930) Accu: 100.00
Test Epoch: 73
original feature:   Rank-1: 28.31% | Rank-5: 53.61% | Rank-10: 67.07%| Rank-20: 80.72%| mAP: 29.45%| mINP: 18.58%
feature after BN:   Rank-1: 24.50% | Rank-5: 51.61% | Rank-10: 65.06%| Rank-20: 76.71%| mAP: 27.68%| mINP: 17.54%
Best Epoch [64]
==> Preparing Data Loader...
Epoch: [74][0/41] Time: 0.467 (0.467) lr:0.000268 base_lr:0.000027Loss: 3.5336 (3.5336) iLoss: 0.0341 (0.0341) CLoss: 0.0430 (0.0430) da_loss: 0.4560 (0.4560) dd_loss: 3.3654 (3.3654) Accu: 100.00
Test Epoch: 74
original feature:   Rank-1: 26.51% | Rank-5: 52.21% | Rank-10: 66.87%| Rank-20: 80.12%| mAP: 28.66%| mINP: 18.30%
feature after BN:   Rank-1: 23.90% | Rank-5: 53.01% | Rank-10: 64.66%| Rank-20: 77.11%| mAP: 27.37%| mINP: 17.31%
Best Epoch [64]
==> Preparing Data Loader...
Epoch: [75][0/41] Time: 0.503 (0.503) lr:0.000257 base_lr:0.000026Loss: 3.5505 (3.5505) iLoss: 0.2157 (0.2157) CLoss: 0.0583 (0.0583) da_loss: 0.4380 (0.4380) dd_loss: 3.1889 (3.1889) Accu: 95.83
Test Epoch: 75
original feature:   Rank-1: 27.11% | Rank-5: 54.62% | Rank-10: 68.27%| Rank-20: 80.92%| mAP: 29.31%| mINP: 18.68%
feature after BN:   Rank-1: 24.70% | Rank-5: 53.21% | Rank-10: 64.46%| Rank-20: 77.91%| mAP: 28.37%| mINP: 18.54%
Best Epoch [64]
==> Preparing Data Loader...
Epoch: [76][0/41] Time: 0.509 (0.509) lr:0.000247 base_lr:0.000025Loss: 3.3702 (3.3702) iLoss: 0.0201 (0.0201) CLoss: 0.0937 (0.0937) da_loss: 0.4702 (0.4702) dd_loss: 3.1624 (3.1624) Accu: 100.00
Test Epoch: 76
original feature:   Rank-1: 27.11% | Rank-5: 53.21% | Rank-10: 65.46%| Rank-20: 79.72%| mAP: 29.08%| mINP: 18.63%
feature after BN:   Rank-1: 25.50% | Rank-5: 53.82% | Rank-10: 63.45%| Rank-20: 77.31%| mAP: 28.01%| mINP: 17.64%
Best Epoch [64]
==> Preparing Data Loader...
Epoch: [77][0/41] Time: 0.510 (0.510) lr:0.000236 base_lr:0.000024Loss: 3.5564 (3.5564) iLoss: 0.0381 (0.0381) CLoss: 0.1344 (0.1344) da_loss: 0.5113 (0.5113) dd_loss: 3.2816 (3.2816) Accu: 100.00
Test Epoch: 77
original feature:   Rank-1: 27.11% | Rank-5: 52.41% | Rank-10: 66.06%| Rank-20: 79.72%| mAP: 28.96%| mINP: 18.30%
feature after BN:   Rank-1: 25.90% | Rank-5: 53.61% | Rank-10: 65.26%| Rank-20: 78.51%| mAP: 28.31%| mINP: 17.87%
Best Epoch [64]
==> Preparing Data Loader...
Epoch: [78][0/41] Time: 0.438 (0.438) lr:0.000225 base_lr:0.000023Loss: 3.3500 (3.3500) iLoss: 0.0221 (0.0221) CLoss: 0.0638 (0.0638) da_loss: 0.4665 (0.4665) dd_loss: 3.1707 (3.1707) Accu: 100.00
Test Epoch: 78
original feature:   Rank-1: 27.11% | Rank-5: 53.61% | Rank-10: 68.67%| Rank-20: 80.12%| mAP: 29.31%| mINP: 18.82%
feature after BN:   Rank-1: 24.50% | Rank-5: 53.61% | Rank-10: 67.27%| Rank-20: 78.11%| mAP: 28.30%| mINP: 18.38%
Best Epoch [64]
==> Preparing Data Loader...
Epoch: [79][0/41] Time: 0.514 (0.514) lr:0.000215 base_lr:0.000021Loss: 3.3956 (3.3956) iLoss: 0.0569 (0.0569) CLoss: 0.0679 (0.0679) da_loss: 0.4463 (0.4463) dd_loss: 3.1817 (3.1817) Accu: 97.92
Test Epoch: 79
original feature:   Rank-1: 26.10% | Rank-5: 54.02% | Rank-10: 67.67%| Rank-20: 80.92%| mAP: 29.01%| mINP: 18.68%
feature after BN:   Rank-1: 23.90% | Rank-5: 54.02% | Rank-10: 66.87%| Rank-20: 78.51%| mAP: 27.76%| mINP: 17.90%
Best Epoch [64]
==> Preparing Data Loader...
Epoch: [80][0/41] Time: 0.493 (0.493) lr:0.000204 base_lr:0.000020Loss: 3.2801 (3.2801) iLoss: 0.0364 (0.0364) CLoss: 0.0688 (0.0688) da_loss: 0.4088 (0.4088) dd_loss: 3.0931 (3.0931) Accu: 100.00
Test Epoch: 80
original feature:   Rank-1: 26.91% | Rank-5: 54.42% | Rank-10: 68.47%| Rank-20: 81.33%| mAP: 29.71%| mINP: 19.19%
feature after BN:   Rank-1: 26.71% | Rank-5: 54.22% | Rank-10: 67.27%| Rank-20: 77.91%| mAP: 28.48%| mINP: 17.83%
Best Epoch [64]
==> Preparing Data Loader...
Epoch: [81][0/41] Time: 0.480 (0.480) lr:0.000193 base_lr:0.000019Loss: 3.3630 (3.3630) iLoss: 0.0266 (0.0266) CLoss: 0.0626 (0.0626) da_loss: 0.4888 (0.4888) dd_loss: 3.1761 (3.1761) Accu: 100.00
Test Epoch: 81
original feature:   Rank-1: 26.31% | Rank-5: 54.82% | Rank-10: 69.08%| Rank-20: 81.33%| mAP: 29.71%| mINP: 19.27%
feature after BN:   Rank-1: 25.90% | Rank-5: 55.62% | Rank-10: 67.27%| Rank-20: 78.71%| mAP: 28.64%| mINP: 18.09%
Best Epoch [64]
==> Preparing Data Loader...
Epoch: [82][0/41] Time: 0.487 (0.487) lr:0.000182 base_lr:0.000018Loss: 3.3239 (3.3239) iLoss: 0.0132 (0.0132) CLoss: 0.0549 (0.0549) da_loss: 0.4931 (0.4931) dd_loss: 3.1571 (3.1571) Accu: 100.00
Test Epoch: 82
original feature:   Rank-1: 28.11% | Rank-5: 54.82% | Rank-10: 67.07%| Rank-20: 80.72%| mAP: 30.15%| mINP: 19.25%
feature after BN:   Rank-1: 25.90% | Rank-5: 54.82% | Rank-10: 66.47%| Rank-20: 78.92%| mAP: 28.74%| mINP: 18.25%
Best Epoch [64]
==> Preparing Data Loader...
Epoch: [83][0/41] Time: 0.508 (0.508) lr:0.000172 base_lr:0.000017Loss: 3.2886 (3.2886) iLoss: 0.0141 (0.0141) CLoss: 0.0359 (0.0359) da_loss: 0.4396 (0.4396) dd_loss: 3.1507 (3.1507) Accu: 100.00
Test Epoch: 83
original feature:   Rank-1: 27.51% | Rank-5: 54.82% | Rank-10: 67.47%| Rank-20: 81.73%| mAP: 30.13%| mINP: 19.30%
feature after BN:   Rank-1: 25.50% | Rank-5: 54.42% | Rank-10: 68.47%| Rank-20: 79.72%| mAP: 28.80%| mINP: 18.67%
Best Epoch [64]
==> Preparing Data Loader...
Epoch: [84][0/41] Time: 0.483 (0.483) lr:0.000161 base_lr:0.000016Loss: 3.2132 (3.2132) iLoss: 0.0320 (0.0320) CLoss: 0.0436 (0.0436) da_loss: 0.4546 (0.4546) dd_loss: 3.0466 (3.0466) Accu: 100.00
Test Epoch: 84
original feature:   Rank-1: 26.31% | Rank-5: 54.42% | Rank-10: 67.07%| Rank-20: 81.33%| mAP: 29.97%| mINP: 20.04%
feature after BN:   Rank-1: 26.10% | Rank-5: 54.22% | Rank-10: 67.07%| Rank-20: 79.12%| mAP: 28.83%| mINP: 18.56%
Best Epoch [64]
==> Preparing Data Loader...
Epoch: [85][0/41] Time: 0.479 (0.479) lr:0.000150 base_lr:0.000015Loss: 3.2018 (3.2018) iLoss: 0.0365 (0.0365) CLoss: 0.0590 (0.0590) da_loss: 0.3979 (0.3979) dd_loss: 3.0267 (3.0267) Accu: 100.00
Test Epoch: 85
original feature:   Rank-1: 27.91% | Rank-5: 55.02% | Rank-10: 67.27%| Rank-20: 81.73%| mAP: 29.98%| mINP: 19.19%
feature after BN:   Rank-1: 25.50% | Rank-5: 54.02% | Rank-10: 67.07%| Rank-20: 77.91%| mAP: 28.62%| mINP: 18.05%
Best Epoch [64]
==> Preparing Data Loader...
Epoch: [86][0/41] Time: 0.509 (0.509) lr:0.000140 base_lr:0.000014Loss: 3.2944 (3.2944) iLoss: 0.0073 (0.0073) CLoss: 0.0906 (0.0906) da_loss: 0.4810 (0.4810) dd_loss: 3.1003 (3.1003) Accu: 100.00
Test Epoch: 86
original feature:   Rank-1: 26.91% | Rank-5: 54.62% | Rank-10: 66.67%| Rank-20: 81.33%| mAP: 29.99%| mINP: 19.51%
feature after BN:   Rank-1: 25.30% | Rank-5: 53.82% | Rank-10: 67.67%| Rank-20: 79.32%| mAP: 28.52%| mINP: 18.18%
Best Epoch [64]
==> Preparing Data Loader...
Epoch: [87][0/41] Time: 0.481 (0.481) lr:0.000129 base_lr:0.000013Loss: 3.3019 (3.3019) iLoss: 0.0167 (0.0167) CLoss: 0.1195 (0.1195) da_loss: 0.4608 (0.4608) dd_loss: 3.0735 (3.0735) Accu: 100.00
Test Epoch: 87
original feature:   Rank-1: 28.11% | Rank-5: 54.22% | Rank-10: 66.27%| Rank-20: 80.72%| mAP: 30.49%| mINP: 19.97%
feature after BN:   Rank-1: 27.31% | Rank-5: 54.02% | Rank-10: 67.07%| Rank-20: 78.92%| mAP: 29.19%| mINP: 18.31%
Best Epoch [87]
==> Preparing Data Loader...
Epoch: [88][0/41] Time: 0.486 (0.486) lr:0.000118 base_lr:0.000012Loss: 3.0983 (3.0983) iLoss: 0.0316 (0.0316) CLoss: 0.0286 (0.0286) da_loss: 0.3801 (0.3801) dd_loss: 2.9621 (2.9621) Accu: 100.00
Test Epoch: 88
original feature:   Rank-1: 28.51% | Rank-5: 53.82% | Rank-10: 67.47%| Rank-20: 81.33%| mAP: 30.44%| mINP: 19.46%
feature after BN:   Rank-1: 25.90% | Rank-5: 54.02% | Rank-10: 68.47%| Rank-20: 78.11%| mAP: 28.70%| mINP: 17.87%
Best Epoch [87]
==> Preparing Data Loader...
Epoch: [89][0/41] Time: 0.511 (0.511) lr:0.000107 base_lr:0.000011Loss: 3.1459 (3.1459) iLoss: 0.0089 (0.0089) CLoss: 0.0393 (0.0393) da_loss: 0.4316 (0.4316) dd_loss: 3.0114 (3.0114) Accu: 100.00
Test Epoch: 89
original feature:   Rank-1: 27.11% | Rank-5: 53.41% | Rank-10: 66.27%| Rank-20: 80.12%| mAP: 29.98%| mINP: 19.78%
feature after BN:   Rank-1: 26.10% | Rank-5: 54.42% | Rank-10: 66.87%| Rank-20: 78.51%| mAP: 28.51%| mINP: 17.92%
Best Epoch [87]
==> Preparing Data Loader...
Epoch: [90][0/41] Time: 0.509 (0.509) lr:0.000097 base_lr:0.000010Loss: 3.1539 (3.1539) iLoss: 0.0408 (0.0408) CLoss: 0.0245 (0.0245) da_loss: 0.3597 (0.3597) dd_loss: 3.0167 (3.0167) Accu: 100.00
Test Epoch: 90
original feature:   Rank-1: 27.51% | Rank-5: 54.22% | Rank-10: 67.27%| Rank-20: 81.73%| mAP: 29.87%| mINP: 19.41%
feature after BN:   Rank-1: 25.90% | Rank-5: 54.82% | Rank-10: 67.07%| Rank-20: 78.92%| mAP: 28.89%| mINP: 18.07%
Best Epoch [87]
==> Preparing Data Loader...
Epoch: [91][0/41] Time: 0.503 (0.503) lr:0.000086 base_lr:0.000009Loss: 3.1472 (3.1472) iLoss: 0.0119 (0.0119) CLoss: 0.0485 (0.0485) da_loss: 0.4156 (0.4156) dd_loss: 3.0037 (3.0037) Accu: 100.00
Test Epoch: 91
original feature:   Rank-1: 27.11% | Rank-5: 54.42% | Rank-10: 67.27%| Rank-20: 82.13%| mAP: 29.94%| mINP: 19.42%
feature after BN:   Rank-1: 25.10% | Rank-5: 54.22% | Rank-10: 66.87%| Rank-20: 79.12%| mAP: 28.43%| mINP: 17.92%
Best Epoch [87]
==> Preparing Data Loader...
Epoch: [92][0/41] Time: 0.559 (0.559) lr:0.000075 base_lr:0.000008Loss: 3.1533 (3.1533) iLoss: 0.0232 (0.0232) CLoss: 0.0388 (0.0388) da_loss: 0.4270 (0.4270) dd_loss: 3.0059 (3.0059) Accu: 100.00
Test Epoch: 92
original feature:   Rank-1: 27.11% | Rank-5: 54.62% | Rank-10: 66.27%| Rank-20: 81.73%| mAP: 29.96%| mINP: 19.48%
feature after BN:   Rank-1: 25.90% | Rank-5: 54.42% | Rank-10: 67.87%| Rank-20: 79.32%| mAP: 28.77%| mINP: 18.30%
Best Epoch [87]
==> Preparing Data Loader...
Epoch: [93][0/41] Time: 0.488 (0.488) lr:0.000065 base_lr:0.000006Loss: 3.1362 (3.1362) iLoss: 0.0122 (0.0122) CLoss: 0.0550 (0.0550) da_loss: 0.3901 (0.3901) dd_loss: 2.9909 (2.9909) Accu: 100.00
Test Epoch: 93
original feature:   Rank-1: 27.71% | Rank-5: 54.62% | Rank-10: 67.47%| Rank-20: 81.33%| mAP: 30.10%| mINP: 19.44%
feature after BN:   Rank-1: 26.31% | Rank-5: 54.82% | Rank-10: 66.67%| Rank-20: 80.12%| mAP: 29.19%| mINP: 18.37%
Best Epoch [87]
==> Preparing Data Loader...
Epoch: [94][0/41] Time: 0.550 (0.550) lr:0.000054 base_lr:0.000005Loss: 3.0982 (3.0982) iLoss: 0.0122 (0.0122) CLoss: 0.0190 (0.0190) da_loss: 0.3626 (0.3626) dd_loss: 2.9944 (2.9944) Accu: 100.00
Test Epoch: 94
original feature:   Rank-1: 28.11% | Rank-5: 55.22% | Rank-10: 67.87%| Rank-20: 81.93%| mAP: 30.23%| mINP: 19.42%
feature after BN:   Rank-1: 26.51% | Rank-5: 55.82% | Rank-10: 67.27%| Rank-20: 78.11%| mAP: 29.03%| mINP: 18.16%
Best Epoch [87]
==> Preparing Data Loader...
Epoch: [95][0/41] Time: 0.516 (0.516) lr:0.000043 base_lr:0.000004Loss: 3.0571 (3.0571) iLoss: 0.0103 (0.0103) CLoss: 0.0126 (0.0126) da_loss: 0.3592 (0.3592) dd_loss: 2.9623 (2.9623) Accu: 100.00
Test Epoch: 95
original feature:   Rank-1: 27.31% | Rank-5: 54.22% | Rank-10: 68.07%| Rank-20: 82.33%| mAP: 29.89%| mINP: 19.27%
feature after BN:   Rank-1: 26.51% | Rank-5: 54.22% | Rank-10: 66.87%| Rank-20: 78.71%| mAP: 28.85%| mINP: 18.19%
Best Epoch [87]
==> Preparing Data Loader...
Epoch: [96][0/41] Time: 0.495 (0.495) lr:0.000032 base_lr:0.000003Loss: 3.2384 (3.2384) iLoss: 0.0677 (0.0677) CLoss: 0.0399 (0.0399) da_loss: 0.3966 (0.3966) dd_loss: 3.0514 (3.0514) Accu: 97.92
Test Epoch: 96
original feature:   Rank-1: 28.11% | Rank-5: 55.22% | Rank-10: 66.27%| Rank-20: 81.33%| mAP: 30.10%| mINP: 19.25%
feature after BN:   Rank-1: 25.50% | Rank-5: 55.02% | Rank-10: 67.47%| Rank-20: 77.91%| mAP: 28.47%| mINP: 17.88%
Best Epoch [87]
==> Preparing Data Loader...
Epoch: [97][0/41] Time: 0.511 (0.511) lr:0.000022 base_lr:0.000002Loss: 3.0393 (3.0393) iLoss: 0.0223 (0.0223) CLoss: 0.0141 (0.0141) da_loss: 0.3860 (0.3860) dd_loss: 2.9257 (2.9257) Accu: 100.00
Test Epoch: 97
original feature:   Rank-1: 28.51% | Rank-5: 54.82% | Rank-10: 67.67%| Rank-20: 81.53%| mAP: 30.29%| mINP: 19.28%
feature after BN:   Rank-1: 25.30% | Rank-5: 55.02% | Rank-10: 68.47%| Rank-20: 78.92%| mAP: 28.71%| mINP: 18.30%
Best Epoch [87]
==> Preparing Data Loader...
Epoch: [98][0/41] Time: 0.506 (0.506) lr:0.000011 base_lr:0.000001Loss: 3.0691 (3.0691) iLoss: 0.0120 (0.0120) CLoss: 0.0453 (0.0453) da_loss: 0.3756 (0.3756) dd_loss: 2.9367 (2.9367) Accu: 100.00
Test Epoch: 98
original feature:   Rank-1: 28.92% | Rank-5: 54.82% | Rank-10: 67.87%| Rank-20: 81.33%| mAP: 30.43%| mINP: 19.55%
feature after BN:   Rank-1: 24.90% | Rank-5: 55.02% | Rank-10: 67.07%| Rank-20: 79.12%| mAP: 28.38%| mINP: 18.09%
Best Epoch [87]
==> Preparing Data Loader...
Epoch: [99][0/41] Time: 0.498 (0.498) lr:0.000000 base_lr:0.000000Loss: 3.2708 (3.2708) iLoss: 0.0419 (0.0419) CLoss: 0.0745 (0.0745) da_loss: 0.3927 (0.3927) dd_loss: 3.0759 (3.0759) Accu: 100.00
Test Epoch: 99
original feature:   Rank-1: 28.71% | Rank-5: 53.82% | Rank-10: 68.07%| Rank-20: 81.12%| mAP: 30.35%| mINP: 19.49%
feature after BN:   Rank-1: 25.10% | Rank-5: 55.22% | Rank-10: 67.87%| Rank-20: 78.51%| mAP: 28.72%| mINP: 18.28%
Best Epoch [87]
