==========
Args:Namespace(batch_size=8, dataset='pku', decay_step=16, dim=2048, gpu='0,1,2,3', img_h=288, img_w=144, log_path='log/', lr=0.0009, margin=0.5, max_epoch=100, mode='all', model_path='save_model/', noticed='test', num_pos=1, pool_dim=2048, rerank='no', save_epoch=1000, seed=0, test_batch=16, trial=2, warm_up_epoch=8, workers=4)
==========
==> Loading data..
data init success!
==> Building model..
==> Building success!..
==> Start Training...
==> Preparing Data Loader...
Epoch: [0][0/37] Time: 2.410 (2.410) lr:0.000055 base_lr:0.000005Loss: 14.5253 (14.5253) iLoss: 5.0198 (5.0198) CLoss: 3.7104 (3.7104) da_loss: 1.3922 (1.3922) dd_loss: 5.5167 (5.5167) Accu: 0.00
Test Epoch: 0
original feature:   Rank-1: 18.00% | Rank-5: 36.00% | Rank-10: 52.00%| Rank-20: 74.00%| mAP: 18.67%| mINP: 8.10%
feature after BN:   Rank-1: 18.00% | Rank-5: 36.00% | Rank-10: 58.00%| Rank-20: 78.00%| mAP: 21.32%| mINP: 13.38%
Best Epoch [0]
==> Preparing Data Loader...
Epoch: [1][0/37] Time: 0.386 (0.386) lr:0.000111 base_lr:0.000011Loss: 13.1644 (13.1644) iLoss: 4.9199 (4.9199) CLoss: 2.6667 (2.6667) da_loss: 1.0197 (1.0197) dd_loss: 5.3738 (5.3738) Accu: 31.25
Test Epoch: 1
original feature:   Rank-1: 24.00% | Rank-5: 58.00% | Rank-10: 74.00%| Rank-20: 86.00%| mAP: 31.00%| mINP: 20.70%
feature after BN:   Rank-1: 24.00% | Rank-5: 62.00% | Rank-10: 80.00%| Rank-20: 90.00%| mAP: 34.31%| mINP: 27.08%
Best Epoch [1]
==> Preparing Data Loader...
Epoch: [2][0/37] Time: 0.355 (0.355) lr:0.000167 base_lr:0.000017Loss: 11.2278 (11.2278) iLoss: 4.5309 (4.5309) CLoss: 1.4886 (1.4886) da_loss: 0.8926 (0.8926) dd_loss: 5.0298 (5.0298) Accu: 37.50
Test Epoch: 2
original feature:   Rank-1: 38.00% | Rank-5: 76.00% | Rank-10: 82.00%| Rank-20: 88.00%| mAP: 43.56%| mINP: 32.41%
feature after BN:   Rank-1: 40.00% | Rank-5: 74.00% | Rank-10: 84.00%| Rank-20: 96.00%| mAP: 44.32%| mINP: 34.36%
Best Epoch [2]
==> Preparing Data Loader...
Epoch: [3][0/37] Time: 0.366 (0.366) lr:0.000224 base_lr:0.000022Loss: 8.1036 (8.1036) iLoss: 3.4382 (3.4382) CLoss: 0.2448 (0.2448) da_loss: 0.7220 (0.7220) dd_loss: 4.2762 (4.2762) Accu: 31.25
Test Epoch: 3
original feature:   Rank-1: 46.00% | Rank-5: 78.00% | Rank-10: 92.00%| Rank-20: 100.00%| mAP: 49.39%| mINP: 39.15%
feature after BN:   Rank-1: 46.00% | Rank-5: 86.00% | Rank-10: 96.00%| Rank-20: 100.00%| mAP: 52.85%| mINP: 42.16%
Best Epoch [3]
==> Preparing Data Loader...
Epoch: [4][0/37] Time: 0.346 (0.346) lr:0.000280 base_lr:0.000028Loss: 7.0240 (7.0240) iLoss: 2.7516 (2.7516) CLoss: 0.2830 (0.2830) da_loss: 0.7007 (0.7007) dd_loss: 3.8492 (3.8492) Accu: 56.25
Test Epoch: 4
original feature:   Rank-1: 46.00% | Rank-5: 82.00% | Rank-10: 88.00%| Rank-20: 96.00%| mAP: 53.89%| mINP: 47.57%
feature after BN:   Rank-1: 54.00% | Rank-5: 86.00% | Rank-10: 96.00%| Rank-20: 96.00%| mAP: 57.07%| mINP: 47.42%
Best Epoch [4]
==> Preparing Data Loader...
Epoch: [5][0/37] Time: 0.347 (0.347) lr:0.000336 base_lr:0.000034Loss: 5.2985 (5.2985) iLoss: 1.7104 (1.7104) CLoss: 0.1586 (0.1586) da_loss: 0.6370 (0.6370) dd_loss: 3.3021 (3.3021) Accu: 81.25
Test Epoch: 5
original feature:   Rank-1: 54.00% | Rank-5: 84.00% | Rank-10: 90.00%| Rank-20: 96.00%| mAP: 58.02%| mINP: 51.78%
feature after BN:   Rank-1: 56.00% | Rank-5: 84.00% | Rank-10: 90.00%| Rank-20: 96.00%| mAP: 59.82%| mINP: 52.14%
Best Epoch [5]
==> Preparing Data Loader...
Epoch: [6][0/37] Time: 0.358 (0.358) lr:0.000392 base_lr:0.000039Loss: 4.3018 (4.3018) iLoss: 0.9230 (0.9230) CLoss: 0.1275 (0.1275) da_loss: 0.6156 (0.6156) dd_loss: 3.1281 (3.1281) Accu: 87.50
Test Epoch: 6
original feature:   Rank-1: 60.00% | Rank-5: 84.00% | Rank-10: 96.00%| Rank-20: 100.00%| mAP: 63.82%| mINP: 57.87%
feature after BN:   Rank-1: 58.00% | Rank-5: 92.00% | Rank-10: 100.00%| Rank-20: 100.00%| mAP: 64.24%| mINP: 56.98%
Best Epoch [6]
==> Preparing Data Loader...
Epoch: [7][0/37] Time: 0.347 (0.347) lr:0.000449 base_lr:0.000045Loss: 3.5635 (3.5635) iLoss: 0.3936 (0.3936) CLoss: 0.0000 (0.0000) da_loss: 0.4955 (0.4955) dd_loss: 3.0708 (3.0708) Accu: 100.00
Test Epoch: 7
original feature:   Rank-1: 50.00% | Rank-5: 84.00% | Rank-10: 92.00%| Rank-20: 98.00%| mAP: 56.86%| mINP: 49.11%
feature after BN:   Rank-1: 50.00% | Rank-5: 92.00% | Rank-10: 98.00%| Rank-20: 98.00%| mAP: 61.39%| mINP: 54.50%
Best Epoch [6]
==> Preparing Data Loader...
Epoch: [8][0/37] Time: 0.335 (0.335) lr:0.000505 base_lr:0.000050Loss: 3.3238 (3.3238) iLoss: 0.2877 (0.2877) CLoss: 0.0038 (0.0038) da_loss: 0.5193 (0.5193) dd_loss: 2.9285 (2.9285) Accu: 100.00
Test Epoch: 8
original feature:   Rank-1: 58.00% | Rank-5: 90.00% | Rank-10: 100.00%| Rank-20: 100.00%| mAP: 63.56%| mINP: 54.73%
feature after BN:   Rank-1: 62.00% | Rank-5: 94.00% | Rank-10: 98.00%| Rank-20: 100.00%| mAP: 66.68%| mINP: 58.00%
Best Epoch [8]
==> Preparing Data Loader...
Epoch: [9][0/37] Time: 0.341 (0.341) lr:0.000561 base_lr:0.000056Loss: 3.5234 (3.5234) iLoss: 0.0857 (0.0857) CLoss: 0.0280 (0.0280) da_loss: 0.5439 (0.5439) dd_loss: 3.3009 (3.3009) Accu: 100.00
Test Epoch: 9
original feature:   Rank-1: 56.00% | Rank-5: 88.00% | Rank-10: 98.00%| Rank-20: 100.00%| mAP: 61.15%| mINP: 50.84%
feature after BN:   Rank-1: 58.00% | Rank-5: 88.00% | Rank-10: 96.00%| Rank-20: 100.00%| mAP: 64.43%| mINP: 56.94%
Best Epoch [8]
==> Preparing Data Loader...
Epoch: [10][0/37] Time: 0.348 (0.348) lr:0.000617 base_lr:0.000062Loss: 3.8044 (3.8044) iLoss: 0.3063 (0.3063) CLoss: 0.0070 (0.0070) da_loss: 0.5434 (0.5434) dd_loss: 3.3824 (3.3824) Accu: 93.75
Test Epoch: 10
original feature:   Rank-1: 64.00% | Rank-5: 90.00% | Rank-10: 98.00%| Rank-20: 100.00%| mAP: 62.81%| mINP: 51.55%
feature after BN:   Rank-1: 68.00% | Rank-5: 92.00% | Rank-10: 98.00%| Rank-20: 98.00%| mAP: 66.15%| mINP: 55.19%
Best Epoch [10]
==> Preparing Data Loader...
Epoch: [11][0/37] Time: 0.346 (0.346) lr:0.000674 base_lr:0.000067Loss: 3.6895 (3.6895) iLoss: 0.1363 (0.1363) CLoss: 0.0014 (0.0014) da_loss: 0.5667 (0.5667) dd_loss: 3.4384 (3.4384) Accu: 100.00
Test Epoch: 11
original feature:   Rank-1: 54.00% | Rank-5: 80.00% | Rank-10: 88.00%| Rank-20: 100.00%| mAP: 59.26%| mINP: 52.44%
feature after BN:   Rank-1: 56.00% | Rank-5: 84.00% | Rank-10: 98.00%| Rank-20: 100.00%| mAP: 63.00%| mINP: 56.08%
Best Epoch [10]
==> Preparing Data Loader...
Epoch: [12][0/37] Time: 0.340 (0.340) lr:0.000730 base_lr:0.000073Loss: 3.9110 (3.9110) iLoss: 0.1358 (0.1358) CLoss: 0.0796 (0.0796) da_loss: 0.5890 (0.5890) dd_loss: 3.5777 (3.5777) Accu: 100.00
Test Epoch: 12
original feature:   Rank-1: 54.00% | Rank-5: 86.00% | Rank-10: 96.00%| Rank-20: 98.00%| mAP: 58.35%| mINP: 48.09%
feature after BN:   Rank-1: 54.00% | Rank-5: 84.00% | Rank-10: 94.00%| Rank-20: 100.00%| mAP: 57.03%| mINP: 45.60%
Best Epoch [10]
==> Preparing Data Loader...
Epoch: [13][0/37] Time: 0.251 (0.251) lr:0.000786 base_lr:0.000079Loss: 3.6075 (3.6075) iLoss: 0.1681 (0.1681) CLoss: 0.0688 (0.0688) da_loss: 0.6113 (0.6113) dd_loss: 3.2484 (3.2484) Accu: 100.00
Test Epoch: 13
original feature:   Rank-1: 40.00% | Rank-5: 72.00% | Rank-10: 90.00%| Rank-20: 98.00%| mAP: 49.12%| mINP: 43.16%
feature after BN:   Rank-1: 50.00% | Rank-5: 80.00% | Rank-10: 92.00%| Rank-20: 96.00%| mAP: 54.06%| mINP: 46.33%
Best Epoch [10]
==> Preparing Data Loader...
Epoch: [14][0/37] Time: 0.344 (0.344) lr:0.000842 base_lr:0.000084Loss: 4.5068 (4.5068) iLoss: 0.5645 (0.5645) CLoss: 0.2191 (0.2191) da_loss: 0.6765 (0.6765) dd_loss: 3.5879 (3.5879) Accu: 93.75
Test Epoch: 14
original feature:   Rank-1: 62.00% | Rank-5: 86.00% | Rank-10: 92.00%| Rank-20: 100.00%| mAP: 63.73%| mINP: 56.15%
feature after BN:   Rank-1: 62.00% | Rank-5: 84.00% | Rank-10: 96.00%| Rank-20: 100.00%| mAP: 62.39%| mINP: 52.22%
Best Epoch [10]
==> Preparing Data Loader...
Epoch: [15][0/37] Time: 0.296 (0.296) lr:0.000898 base_lr:0.000090Loss: 4.4148 (4.4148) iLoss: 0.4113 (0.4113) CLoss: 0.0580 (0.0580) da_loss: 0.6330 (0.6330) dd_loss: 3.8189 (3.8189) Accu: 87.50
Test Epoch: 15
original feature:   Rank-1: 54.00% | Rank-5: 80.00% | Rank-10: 86.00%| Rank-20: 92.00%| mAP: 55.94%| mINP: 45.65%
feature after BN:   Rank-1: 60.00% | Rank-5: 80.00% | Rank-10: 86.00%| Rank-20: 92.00%| mAP: 58.18%| mINP: 46.81%
Best Epoch [10]
==> Preparing Data Loader...
Epoch: [16][0/37] Time: 0.348 (0.348) lr:0.000890 base_lr:0.000089Loss: 3.9739 (3.9739) iLoss: 0.2651 (0.2651) CLoss: 0.1938 (0.1938) da_loss: 0.7686 (0.7686) dd_loss: 3.3613 (3.3613) Accu: 87.50
Test Epoch: 16
original feature:   Rank-1: 50.00% | Rank-5: 80.00% | Rank-10: 90.00%| Rank-20: 96.00%| mAP: 51.49%| mINP: 41.92%
feature after BN:   Rank-1: 54.00% | Rank-5: 88.00% | Rank-10: 94.00%| Rank-20: 96.00%| mAP: 55.97%| mINP: 45.98%
Best Epoch [10]
==> Preparing Data Loader...
Epoch: [17][0/37] Time: 0.334 (0.334) lr:0.000879 base_lr:0.000088Loss: 3.8700 (3.8700) iLoss: 0.0936 (0.0936) CLoss: 0.0101 (0.0101) da_loss: 0.5882 (0.5882) dd_loss: 3.6488 (3.6488) Accu: 100.00
Test Epoch: 17
original feature:   Rank-1: 44.00% | Rank-5: 80.00% | Rank-10: 92.00%| Rank-20: 100.00%| mAP: 52.56%| mINP: 46.60%
feature after BN:   Rank-1: 52.00% | Rank-5: 86.00% | Rank-10: 98.00%| Rank-20: 100.00%| mAP: 56.79%| mINP: 49.27%
Best Epoch [10]
==> Preparing Data Loader...
Epoch: [18][0/37] Time: 0.340 (0.340) lr:0.000868 base_lr:0.000087Loss: 4.1429 (4.1429) iLoss: 0.0821 (0.0821) CLoss: 0.3548 (0.3548) da_loss: 0.6866 (0.6866) dd_loss: 3.5687 (3.5687) Accu: 100.00
Test Epoch: 18
original feature:   Rank-1: 66.00% | Rank-5: 88.00% | Rank-10: 94.00%| Rank-20: 98.00%| mAP: 68.92%| mINP: 62.28%
feature after BN:   Rank-1: 64.00% | Rank-5: 92.00% | Rank-10: 98.00%| Rank-20: 100.00%| mAP: 67.87%| mINP: 61.50%
Best Epoch [10]
==> Preparing Data Loader...
Epoch: [19][0/37] Time: 0.335 (0.335) lr:0.000857 base_lr:0.000086Loss: 3.2920 (3.2920) iLoss: 0.0199 (0.0199) CLoss: 0.0001 (0.0001) da_loss: 0.5811 (0.5811) dd_loss: 3.1558 (3.1558) Accu: 100.00
Test Epoch: 19
original feature:   Rank-1: 62.00% | Rank-5: 86.00% | Rank-10: 94.00%| Rank-20: 96.00%| mAP: 62.72%| mINP: 53.44%
feature after BN:   Rank-1: 62.00% | Rank-5: 90.00% | Rank-10: 96.00%| Rank-20: 96.00%| mAP: 64.33%| mINP: 54.70%
Best Epoch [10]
==> Preparing Data Loader...
Epoch: [20][0/37] Time: 0.339 (0.339) lr:0.000847 base_lr:0.000085Loss: 3.6243 (3.6243) iLoss: 0.0819 (0.0819) CLoss: 0.0004 (0.0004) da_loss: 0.5942 (0.5942) dd_loss: 3.4232 (3.4232) Accu: 93.75
Test Epoch: 20
original feature:   Rank-1: 66.00% | Rank-5: 94.00% | Rank-10: 94.00%| Rank-20: 96.00%| mAP: 69.11%| mINP: 61.21%
feature after BN:   Rank-1: 72.00% | Rank-5: 92.00% | Rank-10: 98.00%| Rank-20: 98.00%| mAP: 71.81%| mINP: 62.28%
Best Epoch [20]
==> Preparing Data Loader...
Epoch: [21][0/37] Time: 0.344 (0.344) lr:0.000836 base_lr:0.000084Loss: 3.5824 (3.5824) iLoss: 0.0788 (0.0788) CLoss: 0.0457 (0.0457) da_loss: 0.6054 (0.6054) dd_loss: 3.3369 (3.3369) Accu: 100.00
Test Epoch: 21
original feature:   Rank-1: 52.00% | Rank-5: 90.00% | Rank-10: 98.00%| Rank-20: 100.00%| mAP: 61.21%| mINP: 54.52%
feature after BN:   Rank-1: 56.00% | Rank-5: 88.00% | Rank-10: 98.00%| Rank-20: 98.00%| mAP: 63.16%| mINP: 56.08%
Best Epoch [20]
==> Preparing Data Loader...
Epoch: [22][0/37] Time: 0.346 (0.346) lr:0.000825 base_lr:0.000083Loss: 3.5507 (3.5507) iLoss: 0.0353 (0.0353) CLoss: 0.0016 (0.0016) da_loss: 0.5757 (0.5757) dd_loss: 3.3987 (3.3987) Accu: 100.00
Test Epoch: 22
original feature:   Rank-1: 58.00% | Rank-5: 90.00% | Rank-10: 94.00%| Rank-20: 98.00%| mAP: 65.71%| mINP: 59.09%
feature after BN:   Rank-1: 66.00% | Rank-5: 86.00% | Rank-10: 94.00%| Rank-20: 100.00%| mAP: 68.67%| mINP: 62.15%
Best Epoch [20]
==> Preparing Data Loader...
Epoch: [23][0/37] Time: 0.342 (0.342) lr:0.000815 base_lr:0.000081Loss: 3.2948 (3.2948) iLoss: 0.0151 (0.0151) CLoss: 0.0011 (0.0011) da_loss: 0.5281 (0.5281) dd_loss: 3.1729 (3.1729) Accu: 100.00
Test Epoch: 23
original feature:   Rank-1: 68.00% | Rank-5: 90.00% | Rank-10: 96.00%| Rank-20: 100.00%| mAP: 66.54%| mINP: 56.00%
feature after BN:   Rank-1: 62.00% | Rank-5: 92.00% | Rank-10: 96.00%| Rank-20: 100.00%| mAP: 66.71%| mINP: 59.32%
Best Epoch [20]
==> Preparing Data Loader...
Epoch: [24][0/37] Time: 0.336 (0.336) lr:0.000804 base_lr:0.000080Loss: 3.2769 (3.2769) iLoss: 0.0192 (0.0192) CLoss: 0.0001 (0.0001) da_loss: 0.5720 (0.5720) dd_loss: 3.1432 (3.1432) Accu: 100.00
Test Epoch: 24
original feature:   Rank-1: 62.00% | Rank-5: 90.00% | Rank-10: 100.00%| Rank-20: 100.00%| mAP: 65.83%| mINP: 58.82%
feature after BN:   Rank-1: 56.00% | Rank-5: 96.00% | Rank-10: 98.00%| Rank-20: 100.00%| mAP: 65.17%| mINP: 59.15%
Best Epoch [20]
==> Preparing Data Loader...
Epoch: [25][0/37] Time: 0.333 (0.333) lr:0.000793 base_lr:0.000079Loss: 3.4664 (3.4664) iLoss: 0.0063 (0.0063) CLoss: 0.0000 (0.0000) da_loss: 0.5285 (0.5285) dd_loss: 3.3545 (3.3545) Accu: 100.00
Test Epoch: 25
original feature:   Rank-1: 58.00% | Rank-5: 96.00% | Rank-10: 100.00%| Rank-20: 100.00%| mAP: 62.89%| mINP: 53.68%
feature after BN:   Rank-1: 58.00% | Rank-5: 90.00% | Rank-10: 98.00%| Rank-20: 100.00%| mAP: 62.96%| mINP: 55.06%
Best Epoch [20]
==> Preparing Data Loader...
Epoch: [26][0/37] Time: 0.340 (0.340) lr:0.000782 base_lr:0.000078Loss: 3.1480 (3.1480) iLoss: 0.0078 (0.0078) CLoss: 0.0000 (0.0000) da_loss: 0.4987 (0.4987) dd_loss: 3.0405 (3.0405) Accu: 100.00
Test Epoch: 26
original feature:   Rank-1: 62.00% | Rank-5: 92.00% | Rank-10: 94.00%| Rank-20: 100.00%| mAP: 66.08%| mINP: 57.99%
feature after BN:   Rank-1: 62.00% | Rank-5: 94.00% | Rank-10: 98.00%| Rank-20: 100.00%| mAP: 67.33%| mINP: 58.34%
Best Epoch [20]
==> Preparing Data Loader...
Epoch: [27][0/37] Time: 0.344 (0.344) lr:0.000772 base_lr:0.000077Loss: 3.4752 (3.4752) iLoss: 0.0094 (0.0094) CLoss: 0.0000 (0.0000) da_loss: 0.4747 (0.4747) dd_loss: 3.3708 (3.3708) Accu: 100.00
Test Epoch: 27
original feature:   Rank-1: 60.00% | Rank-5: 94.00% | Rank-10: 98.00%| Rank-20: 100.00%| mAP: 66.89%| mINP: 60.47%
feature after BN:   Rank-1: 74.00% | Rank-5: 98.00% | Rank-10: 98.00%| Rank-20: 100.00%| mAP: 72.74%| mINP: 62.95%
Best Epoch [27]
==> Preparing Data Loader...
Epoch: [28][0/37] Time: 0.348 (0.348) lr:0.000761 base_lr:0.000076Loss: 3.2077 (3.2077) iLoss: 0.0039 (0.0039) CLoss: 0.0000 (0.0000) da_loss: 0.4938 (0.4938) dd_loss: 3.1050 (3.1050) Accu: 100.00
Test Epoch: 28
original feature:   Rank-1: 70.00% | Rank-5: 100.00% | Rank-10: 100.00%| Rank-20: 100.00%| mAP: 70.19%| mINP: 60.52%
feature after BN:   Rank-1: 72.00% | Rank-5: 98.00% | Rank-10: 100.00%| Rank-20: 100.00%| mAP: 73.43%| mINP: 64.37%
Best Epoch [27]
==> Preparing Data Loader...
Epoch: [29][0/37] Time: 0.337 (0.337) lr:0.000750 base_lr:0.000075Loss: 3.0920 (3.0920) iLoss: 0.0027 (0.0027) CLoss: 0.0000 (0.0000) da_loss: 0.4839 (0.4839) dd_loss: 2.9925 (2.9925) Accu: 100.00
Test Epoch: 29
original feature:   Rank-1: 72.00% | Rank-5: 94.00% | Rank-10: 100.00%| Rank-20: 100.00%| mAP: 71.21%| mINP: 61.12%
feature after BN:   Rank-1: 76.00% | Rank-5: 96.00% | Rank-10: 98.00%| Rank-20: 100.00%| mAP: 73.84%| mINP: 63.57%
Best Epoch [29]
==> Preparing Data Loader...
Epoch: [30][0/37] Time: 0.351 (0.351) lr:0.000740 base_lr:0.000074Loss: 3.1405 (3.1405) iLoss: 0.0039 (0.0039) CLoss: 0.0000 (0.0000) da_loss: 0.4416 (0.4416) dd_loss: 3.0484 (3.0484) Accu: 100.00
Test Epoch: 30
original feature:   Rank-1: 66.00% | Rank-5: 96.00% | Rank-10: 98.00%| Rank-20: 100.00%| mAP: 71.15%| mINP: 63.55%
feature after BN:   Rank-1: 72.00% | Rank-5: 98.00% | Rank-10: 98.00%| Rank-20: 100.00%| mAP: 73.08%| mINP: 62.65%
Best Epoch [29]
==> Preparing Data Loader...
Epoch: [31][0/37] Time: 0.344 (0.344) lr:0.000729 base_lr:0.000073Loss: 3.0892 (3.0892) iLoss: 0.0063 (0.0063) CLoss: 0.0000 (0.0000) da_loss: 0.4626 (0.4626) dd_loss: 2.9904 (2.9904) Accu: 100.00
Test Epoch: 31
original feature:   Rank-1: 68.00% | Rank-5: 96.00% | Rank-10: 98.00%| Rank-20: 100.00%| mAP: 71.67%| mINP: 64.42%
feature after BN:   Rank-1: 76.00% | Rank-5: 96.00% | Rank-10: 98.00%| Rank-20: 100.00%| mAP: 75.45%| mINP: 66.06%
Best Epoch [31]
==> Preparing Data Loader...
Epoch: [32][0/37] Time: 0.344 (0.344) lr:0.000718 base_lr:0.000072Loss: 2.9617 (2.9617) iLoss: 0.0038 (0.0038) CLoss: 0.0000 (0.0000) da_loss: 0.4291 (0.4291) dd_loss: 2.8721 (2.8721) Accu: 100.00
Test Epoch: 32
original feature:   Rank-1: 66.00% | Rank-5: 96.00% | Rank-10: 98.00%| Rank-20: 98.00%| mAP: 71.05%| mINP: 63.52%
feature after BN:   Rank-1: 70.00% | Rank-5: 96.00% | Rank-10: 96.00%| Rank-20: 100.00%| mAP: 72.57%| mINP: 64.48%
Best Epoch [31]
==> Preparing Data Loader...
Epoch: [33][0/37] Time: 0.338 (0.338) lr:0.000707 base_lr:0.000071Loss: 2.6671 (2.6671) iLoss: 0.0050 (0.0050) CLoss: 0.0000 (0.0000) da_loss: 0.4081 (0.4081) dd_loss: 2.5805 (2.5805) Accu: 100.00
Test Epoch: 33
original feature:   Rank-1: 70.00% | Rank-5: 96.00% | Rank-10: 100.00%| Rank-20: 100.00%| mAP: 71.03%| mINP: 61.61%
feature after BN:   Rank-1: 76.00% | Rank-5: 96.00% | Rank-10: 96.00%| Rank-20: 100.00%| mAP: 73.72%| mINP: 63.59%
Best Epoch [33]
==> Preparing Data Loader...
Epoch: [34][0/37] Time: 0.323 (0.323) lr:0.000697 base_lr:0.000070Loss: 2.7478 (2.7478) iLoss: 0.0029 (0.0029) CLoss: 0.0000 (0.0000) da_loss: 0.3773 (0.3773) dd_loss: 2.6695 (2.6695) Accu: 100.00
Test Epoch: 34
original feature:   Rank-1: 68.00% | Rank-5: 90.00% | Rank-10: 96.00%| Rank-20: 100.00%| mAP: 66.98%| mINP: 56.96%
feature after BN:   Rank-1: 72.00% | Rank-5: 92.00% | Rank-10: 100.00%| Rank-20: 100.00%| mAP: 71.51%| mINP: 61.42%
Best Epoch [33]
==> Preparing Data Loader...
Epoch: [35][0/37] Time: 0.337 (0.337) lr:0.000686 base_lr:0.000069Loss: 2.7057 (2.7057) iLoss: 0.0065 (0.0065) CLoss: 0.0000 (0.0000) da_loss: 0.3975 (0.3975) dd_loss: 2.6197 (2.6197) Accu: 100.00
Test Epoch: 35
original feature:   Rank-1: 60.00% | Rank-5: 94.00% | Rank-10: 100.00%| Rank-20: 100.00%| mAP: 67.86%| mINP: 61.58%
feature after BN:   Rank-1: 66.00% | Rank-5: 96.00% | Rank-10: 100.00%| Rank-20: 100.00%| mAP: 71.57%| mINP: 64.00%
Best Epoch [33]
==> Preparing Data Loader...
Epoch: [36][0/37] Time: 0.339 (0.339) lr:0.000675 base_lr:0.000068Loss: 2.5386 (2.5386) iLoss: 0.0039 (0.0039) CLoss: 0.0000 (0.0000) da_loss: 0.3759 (0.3759) dd_loss: 2.4595 (2.4595) Accu: 100.00
Test Epoch: 36
original feature:   Rank-1: 68.00% | Rank-5: 84.00% | Rank-10: 94.00%| Rank-20: 98.00%| mAP: 68.32%| mINP: 60.55%
feature after BN:   Rank-1: 64.00% | Rank-5: 92.00% | Rank-10: 96.00%| Rank-20: 100.00%| mAP: 68.19%| mINP: 60.59%
Best Epoch [33]
==> Preparing Data Loader...
Epoch: [37][0/37] Time: 0.242 (0.242) lr:0.000665 base_lr:0.000066Loss: 2.6846 (2.6846) iLoss: 0.0053 (0.0053) CLoss: 0.0000 (0.0000) da_loss: 0.3760 (0.3760) dd_loss: 2.6041 (2.6041) Accu: 100.00
Test Epoch: 37
original feature:   Rank-1: 68.00% | Rank-5: 90.00% | Rank-10: 94.00%| Rank-20: 98.00%| mAP: 71.10%| mINP: 64.56%
feature after BN:   Rank-1: 74.00% | Rank-5: 94.00% | Rank-10: 96.00%| Rank-20: 100.00%| mAP: 74.13%| mINP: 66.44%
Best Epoch [33]
==> Preparing Data Loader...
Epoch: [38][0/37] Time: 0.346 (0.346) lr:0.000654 base_lr:0.000065Loss: 2.7464 (2.7464) iLoss: 0.0039 (0.0039) CLoss: 0.0000 (0.0000) da_loss: 0.3800 (0.3800) dd_loss: 2.6665 (2.6665) Accu: 100.00
Test Epoch: 38
original feature:   Rank-1: 68.00% | Rank-5: 92.00% | Rank-10: 98.00%| Rank-20: 100.00%| mAP: 70.49%| mINP: 62.86%
feature after BN:   Rank-1: 70.00% | Rank-5: 92.00% | Rank-10: 100.00%| Rank-20: 100.00%| mAP: 72.19%| mINP: 64.39%
Best Epoch [33]
==> Preparing Data Loader...
Epoch: [39][0/37] Time: 0.339 (0.339) lr:0.000643 base_lr:0.000064Loss: 2.6102 (2.6102) iLoss: 0.0040 (0.0040) CLoss: 0.0000 (0.0000) da_loss: 0.3814 (0.3814) dd_loss: 2.5299 (2.5299) Accu: 100.00
Test Epoch: 39
original feature:   Rank-1: 66.00% | Rank-5: 90.00% | Rank-10: 98.00%| Rank-20: 100.00%| mAP: 69.48%| mINP: 62.87%
feature after BN:   Rank-1: 70.00% | Rank-5: 96.00% | Rank-10: 96.00%| Rank-20: 100.00%| mAP: 73.72%| mINP: 66.35%
Best Epoch [33]
==> Preparing Data Loader...
Epoch: [40][0/37] Time: 0.335 (0.335) lr:0.000632 base_lr:0.000063Loss: 2.6548 (2.6548) iLoss: 0.0040 (0.0040) CLoss: 0.0000 (0.0000) da_loss: 0.3912 (0.3912) dd_loss: 2.5726 (2.5726) Accu: 100.00
Test Epoch: 40
original feature:   Rank-1: 68.00% | Rank-5: 98.00% | Rank-10: 98.00%| Rank-20: 100.00%| mAP: 73.96%| mINP: 68.92%
feature after BN:   Rank-1: 76.00% | Rank-5: 98.00% | Rank-10: 100.00%| Rank-20: 100.00%| mAP: 75.75%| mINP: 67.25%
Best Epoch [40]
==> Preparing Data Loader...
Epoch: [41][0/37] Time: 0.341 (0.341) lr:0.000622 base_lr:0.000062Loss: 2.7071 (2.7071) iLoss: 0.0037 (0.0037) CLoss: 0.0000 (0.0000) da_loss: 0.3663 (0.3663) dd_loss: 2.6301 (2.6301) Accu: 100.00
Test Epoch: 41
original feature:   Rank-1: 74.00% | Rank-5: 94.00% | Rank-10: 100.00%| Rank-20: 100.00%| mAP: 75.27%| mINP: 67.48%
feature after BN:   Rank-1: 78.00% | Rank-5: 96.00% | Rank-10: 100.00%| Rank-20: 100.00%| mAP: 77.85%| mINP: 69.06%
Best Epoch [41]
==> Preparing Data Loader...
Epoch: [42][0/37] Time: 0.316 (0.316) lr:0.000611 base_lr:0.000061Loss: 2.6980 (2.6980) iLoss: 0.0031 (0.0031) CLoss: 0.0000 (0.0000) da_loss: 0.3648 (0.3648) dd_loss: 2.6219 (2.6219) Accu: 100.00
Test Epoch: 42
original feature:   Rank-1: 74.00% | Rank-5: 90.00% | Rank-10: 96.00%| Rank-20: 100.00%| mAP: 73.14%| mINP: 65.29%
feature after BN:   Rank-1: 74.00% | Rank-5: 94.00% | Rank-10: 98.00%| Rank-20: 100.00%| mAP: 73.39%| mINP: 64.16%
Best Epoch [41]
==> Preparing Data Loader...
Epoch: [43][0/37] Time: 0.343 (0.343) lr:0.000600 base_lr:0.000060Loss: 2.5529 (2.5529) iLoss: 0.0071 (0.0071) CLoss: 0.0002 (0.0002) da_loss: 0.4435 (0.4435) dd_loss: 2.4568 (2.4568) Accu: 100.00
Test Epoch: 43
original feature:   Rank-1: 66.00% | Rank-5: 92.00% | Rank-10: 98.00%| Rank-20: 100.00%| mAP: 72.53%| mINP: 68.08%
feature after BN:   Rank-1: 74.00% | Rank-5: 94.00% | Rank-10: 98.00%| Rank-20: 100.00%| mAP: 75.09%| mINP: 67.78%
Best Epoch [41]
==> Preparing Data Loader...
Epoch: [44][0/37] Time: 0.342 (0.342) lr:0.000590 base_lr:0.000059Loss: 2.7408 (2.7408) iLoss: 0.0055 (0.0055) CLoss: 0.0000 (0.0000) da_loss: 0.3578 (0.3578) dd_loss: 2.6637 (2.6637) Accu: 100.00
Test Epoch: 44
original feature:   Rank-1: 70.00% | Rank-5: 92.00% | Rank-10: 96.00%| Rank-20: 100.00%| mAP: 74.32%| mINP: 68.78%
feature after BN:   Rank-1: 74.00% | Rank-5: 96.00% | Rank-10: 98.00%| Rank-20: 100.00%| mAP: 76.21%| mINP: 69.08%
Best Epoch [41]
==> Preparing Data Loader...
Epoch: [45][0/37] Time: 0.336 (0.336) lr:0.000579 base_lr:0.000058Loss: 2.6508 (2.6508) iLoss: 0.0022 (0.0022) CLoss: 0.0000 (0.0000) da_loss: 0.3499 (0.3499) dd_loss: 2.5785 (2.5785) Accu: 100.00
Test Epoch: 45
original feature:   Rank-1: 68.00% | Rank-5: 94.00% | Rank-10: 98.00%| Rank-20: 100.00%| mAP: 73.84%| mINP: 68.80%
feature after BN:   Rank-1: 76.00% | Rank-5: 96.00% | Rank-10: 100.00%| Rank-20: 100.00%| mAP: 77.12%| mINP: 69.20%
Best Epoch [41]
==> Preparing Data Loader...
Epoch: [46][0/37] Time: 0.258 (0.258) lr:0.000568 base_lr:0.000057Loss: 2.5752 (2.5752) iLoss: 0.0048 (0.0048) CLoss: 0.0000 (0.0000) da_loss: 0.3588 (0.3588) dd_loss: 2.4986 (2.4986) Accu: 100.00
Test Epoch: 46
original feature:   Rank-1: 70.00% | Rank-5: 94.00% | Rank-10: 94.00%| Rank-20: 100.00%| mAP: 72.19%| mINP: 65.17%
feature after BN:   Rank-1: 80.00% | Rank-5: 96.00% | Rank-10: 98.00%| Rank-20: 100.00%| mAP: 77.23%| mINP: 68.19%
Best Epoch [46]
==> Preparing Data Loader...
Epoch: [47][0/37] Time: 0.340 (0.340) lr:0.000557 base_lr:0.000056Loss: 2.6102 (2.6102) iLoss: 0.0030 (0.0030) CLoss: 0.0000 (0.0000) da_loss: 0.3421 (0.3421) dd_loss: 2.5388 (2.5388) Accu: 100.00
Test Epoch: 47
original feature:   Rank-1: 66.00% | Rank-5: 90.00% | Rank-10: 100.00%| Rank-20: 100.00%| mAP: 70.42%| mINP: 63.77%
feature after BN:   Rank-1: 74.00% | Rank-5: 96.00% | Rank-10: 100.00%| Rank-20: 100.00%| mAP: 74.64%| mINP: 66.58%
Best Epoch [46]
==> Preparing Data Loader...
Epoch: [48][0/37] Time: 0.340 (0.340) lr:0.000547 base_lr:0.000055Loss: 2.3528 (2.3528) iLoss: 0.0025 (0.0025) CLoss: 0.0000 (0.0000) da_loss: 0.3161 (0.3161) dd_loss: 2.2871 (2.2871) Accu: 100.00
Test Epoch: 48
original feature:   Rank-1: 74.00% | Rank-5: 94.00% | Rank-10: 98.00%| Rank-20: 100.00%| mAP: 73.69%| mINP: 65.78%
feature after BN:   Rank-1: 74.00% | Rank-5: 96.00% | Rank-10: 100.00%| Rank-20: 100.00%| mAP: 76.05%| mINP: 68.02%
Best Epoch [46]
==> Preparing Data Loader...
Epoch: [49][0/37] Time: 0.344 (0.344) lr:0.000536 base_lr:0.000054Loss: 2.4666 (2.4666) iLoss: 0.0036 (0.0036) CLoss: 0.0000 (0.0000) da_loss: 0.3465 (0.3465) dd_loss: 2.3937 (2.3937) Accu: 100.00
Test Epoch: 49
original feature:   Rank-1: 76.00% | Rank-5: 96.00% | Rank-10: 100.00%| Rank-20: 100.00%| mAP: 75.63%| mINP: 67.22%
feature after BN:   Rank-1: 80.00% | Rank-5: 98.00% | Rank-10: 100.00%| Rank-20: 100.00%| mAP: 79.11%| mINP: 70.96%
Best Epoch [49]
==> Preparing Data Loader...
Epoch: [50][0/37] Time: 0.358 (0.358) lr:0.000525 base_lr:0.000053Loss: 2.4488 (2.4488) iLoss: 0.0017 (0.0017) CLoss: 0.0000 (0.0000) da_loss: 0.3558 (0.3558) dd_loss: 2.3759 (2.3759) Accu: 100.00
Test Epoch: 50
original feature:   Rank-1: 76.00% | Rank-5: 98.00% | Rank-10: 100.00%| Rank-20: 100.00%| mAP: 76.17%| mINP: 68.28%
feature after BN:   Rank-1: 76.00% | Rank-5: 96.00% | Rank-10: 100.00%| Rank-20: 100.00%| mAP: 77.67%| mINP: 69.97%
Best Epoch [49]
==> Preparing Data Loader...
Epoch: [51][0/37] Time: 0.334 (0.334) lr:0.000515 base_lr:0.000051Loss: 2.5181 (2.5181) iLoss: 0.0050 (0.0050) CLoss: 0.0000 (0.0000) da_loss: 0.3511 (0.3511) dd_loss: 2.4429 (2.4429) Accu: 100.00
Test Epoch: 51
original feature:   Rank-1: 78.00% | Rank-5: 98.00% | Rank-10: 100.00%| Rank-20: 100.00%| mAP: 76.08%| mINP: 66.78%
feature after BN:   Rank-1: 82.00% | Rank-5: 98.00% | Rank-10: 98.00%| Rank-20: 100.00%| mAP: 78.31%| mINP: 68.74%
Best Epoch [51]
==> Preparing Data Loader...
Epoch: [52][0/37] Time: 0.356 (0.356) lr:0.000504 base_lr:0.000050Loss: 2.4683 (2.4683) iLoss: 0.0021 (0.0021) CLoss: 0.0000 (0.0000) da_loss: 0.3192 (0.3192) dd_loss: 2.4024 (2.4024) Accu: 100.00
Test Epoch: 52
original feature:   Rank-1: 76.00% | Rank-5: 96.00% | Rank-10: 100.00%| Rank-20: 100.00%| mAP: 74.03%| mINP: 64.48%
feature after BN:   Rank-1: 76.00% | Rank-5: 94.00% | Rank-10: 98.00%| Rank-20: 100.00%| mAP: 75.85%| mINP: 67.44%
Best Epoch [51]
==> Preparing Data Loader...
Epoch: [53][0/37] Time: 0.340 (0.340) lr:0.000493 base_lr:0.000049Loss: 2.4625 (2.4625) iLoss: 0.0041 (0.0041) CLoss: 0.0000 (0.0000) da_loss: 0.3324 (0.3324) dd_loss: 2.3918 (2.3918) Accu: 100.00
Test Epoch: 53
original feature:   Rank-1: 76.00% | Rank-5: 96.00% | Rank-10: 96.00%| Rank-20: 100.00%| mAP: 74.93%| mINP: 66.02%
feature after BN:   Rank-1: 76.00% | Rank-5: 96.00% | Rank-10: 96.00%| Rank-20: 100.00%| mAP: 77.37%| mINP: 70.08%
Best Epoch [51]
==> Preparing Data Loader...
Epoch: [54][0/37] Time: 0.343 (0.343) lr:0.000482 base_lr:0.000048Loss: 2.4215 (2.4215) iLoss: 0.0041 (0.0041) CLoss: 0.0000 (0.0000) da_loss: 0.3174 (0.3174) dd_loss: 2.3539 (2.3539) Accu: 100.00
Test Epoch: 54
original feature:   Rank-1: 72.00% | Rank-5: 94.00% | Rank-10: 96.00%| Rank-20: 100.00%| mAP: 73.56%| mINP: 65.91%
feature after BN:   Rank-1: 76.00% | Rank-5: 98.00% | Rank-10: 98.00%| Rank-20: 100.00%| mAP: 76.79%| mINP: 68.23%
Best Epoch [51]
==> Preparing Data Loader...
Epoch: [55][0/37] Time: 0.355 (0.355) lr:0.000472 base_lr:0.000047Loss: 2.3941 (2.3941) iLoss: 0.0036 (0.0036) CLoss: 0.0000 (0.0000) da_loss: 0.3243 (0.3243) dd_loss: 2.3257 (2.3257) Accu: 100.00
Test Epoch: 55
original feature:   Rank-1: 82.00% | Rank-5: 94.00% | Rank-10: 98.00%| Rank-20: 100.00%| mAP: 76.30%| mINP: 64.94%
feature after BN:   Rank-1: 80.00% | Rank-5: 96.00% | Rank-10: 100.00%| Rank-20: 100.00%| mAP: 76.98%| mINP: 67.29%
Best Epoch [51]
==> Preparing Data Loader...
Epoch: [56][0/37] Time: 0.333 (0.333) lr:0.000461 base_lr:0.000046Loss: 2.4122 (2.4122) iLoss: 0.0022 (0.0022) CLoss: 0.0000 (0.0000) da_loss: 0.3455 (0.3455) dd_loss: 2.3409 (2.3409) Accu: 100.00
Test Epoch: 56
original feature:   Rank-1: 74.00% | Rank-5: 98.00% | Rank-10: 100.00%| Rank-20: 100.00%| mAP: 74.93%| mINP: 66.27%
feature after BN:   Rank-1: 82.00% | Rank-5: 98.00% | Rank-10: 100.00%| Rank-20: 100.00%| mAP: 80.47%| mINP: 72.19%
Best Epoch [56]
==> Preparing Data Loader...
Epoch: [57][0/37] Time: 0.342 (0.342) lr:0.000450 base_lr:0.000045Loss: 2.3258 (2.3258) iLoss: 0.0036 (0.0036) CLoss: 0.0000 (0.0000) da_loss: 0.3053 (0.3053) dd_loss: 2.2612 (2.2612) Accu: 100.00
Test Epoch: 57
original feature:   Rank-1: 74.00% | Rank-5: 96.00% | Rank-10: 100.00%| Rank-20: 100.00%| mAP: 74.22%| mINP: 65.46%
feature after BN:   Rank-1: 82.00% | Rank-5: 100.00% | Rank-10: 100.00%| Rank-20: 100.00%| mAP: 81.40%| mINP: 73.06%
Best Epoch [57]
==> Preparing Data Loader...
Epoch: [58][0/37] Time: 0.332 (0.332) lr:0.000440 base_lr:0.000044Loss: 2.4098 (2.4098) iLoss: 0.0024 (0.0024) CLoss: 0.0000 (0.0000) da_loss: 0.3294 (0.3294) dd_loss: 2.3416 (2.3416) Accu: 100.00
Test Epoch: 58
original feature:   Rank-1: 72.00% | Rank-5: 100.00% | Rank-10: 100.00%| Rank-20: 100.00%| mAP: 74.84%| mINP: 66.28%
feature after BN:   Rank-1: 84.00% | Rank-5: 100.00% | Rank-10: 100.00%| Rank-20: 100.00%| mAP: 80.89%| mINP: 72.37%
Best Epoch [58]
==> Preparing Data Loader...
Epoch: [59][0/37] Time: 0.349 (0.349) lr:0.000429 base_lr:0.000043Loss: 2.3337 (2.3337) iLoss: 0.0019 (0.0019) CLoss: 0.0000 (0.0000) da_loss: 0.3030 (0.3030) dd_loss: 2.2712 (2.2712) Accu: 100.00
Test Epoch: 59
original feature:   Rank-1: 74.00% | Rank-5: 96.00% | Rank-10: 100.00%| Rank-20: 100.00%| mAP: 74.09%| mINP: 65.15%
feature after BN:   Rank-1: 76.00% | Rank-5: 96.00% | Rank-10: 100.00%| Rank-20: 100.00%| mAP: 77.09%| mINP: 69.89%
Best Epoch [58]
==> Preparing Data Loader...
Epoch: [60][0/37] Time: 0.361 (0.361) lr:0.000418 base_lr:0.000042Loss: 2.3356 (2.3356) iLoss: 0.0016 (0.0016) CLoss: 0.0000 (0.0000) da_loss: 0.2889 (0.2889) dd_loss: 2.2763 (2.2763) Accu: 100.00
Test Epoch: 60
original feature:   Rank-1: 68.00% | Rank-5: 94.00% | Rank-10: 100.00%| Rank-20: 100.00%| mAP: 72.74%| mINP: 65.54%
feature after BN:   Rank-1: 78.00% | Rank-5: 96.00% | Rank-10: 100.00%| Rank-20: 100.00%| mAP: 77.76%| mINP: 69.94%
Best Epoch [58]
==> Preparing Data Loader...
Epoch: [61][0/37] Time: 0.345 (0.345) lr:0.000407 base_lr:0.000041Loss: 2.4931 (2.4931) iLoss: 0.0028 (0.0028) CLoss: 0.0000 (0.0000) da_loss: 0.3251 (0.3251) dd_loss: 2.4252 (2.4252) Accu: 100.00
Test Epoch: 61
original feature:   Rank-1: 72.00% | Rank-5: 96.00% | Rank-10: 100.00%| Rank-20: 100.00%| mAP: 73.86%| mINP: 65.31%
feature after BN:   Rank-1: 78.00% | Rank-5: 96.00% | Rank-10: 100.00%| Rank-20: 100.00%| mAP: 76.83%| mINP: 67.83%
Best Epoch [58]
==> Preparing Data Loader...
Epoch: [62][0/37] Time: 0.346 (0.346) lr:0.000397 base_lr:0.000040Loss: 2.3958 (2.3958) iLoss: 0.0022 (0.0022) CLoss: 0.0000 (0.0000) da_loss: 0.3669 (0.3669) dd_loss: 2.3202 (2.3202) Accu: 100.00
Test Epoch: 62
original feature:   Rank-1: 68.00% | Rank-5: 96.00% | Rank-10: 100.00%| Rank-20: 100.00%| mAP: 73.54%| mINP: 67.57%
feature after BN:   Rank-1: 82.00% | Rank-5: 100.00% | Rank-10: 100.00%| Rank-20: 100.00%| mAP: 79.71%| mINP: 69.91%
Best Epoch [58]
==> Preparing Data Loader...
Epoch: [63][0/37] Time: 0.343 (0.343) lr:0.000386 base_lr:0.000039Loss: 2.2140 (2.2140) iLoss: 0.0032 (0.0032) CLoss: 0.0000 (0.0000) da_loss: 0.2886 (0.2886) dd_loss: 2.1531 (2.1531) Accu: 100.00
Test Epoch: 63
original feature:   Rank-1: 74.00% | Rank-5: 96.00% | Rank-10: 98.00%| Rank-20: 100.00%| mAP: 75.90%| mINP: 68.89%
feature after BN:   Rank-1: 80.00% | Rank-5: 98.00% | Rank-10: 100.00%| Rank-20: 100.00%| mAP: 80.54%| mINP: 72.92%
Best Epoch [58]
==> Preparing Data Loader...
Epoch: [64][0/37] Time: 0.350 (0.350) lr:0.000375 base_lr:0.000038Loss: 2.3243 (2.3243) iLoss: 0.0021 (0.0021) CLoss: 0.0000 (0.0000) da_loss: 0.3273 (0.3273) dd_loss: 2.2568 (2.2568) Accu: 100.00
Test Epoch: 64
original feature:   Rank-1: 76.00% | Rank-5: 96.00% | Rank-10: 100.00%| Rank-20: 100.00%| mAP: 76.67%| mINP: 68.93%
feature after BN:   Rank-1: 78.00% | Rank-5: 100.00% | Rank-10: 100.00%| Rank-20: 100.00%| mAP: 79.39%| mINP: 71.55%
Best Epoch [58]
==> Preparing Data Loader...
Epoch: [65][0/37] Time: 0.338 (0.338) lr:0.000365 base_lr:0.000036Loss: 2.3012 (2.3012) iLoss: 0.0025 (0.0025) CLoss: 0.0000 (0.0000) da_loss: 0.2959 (0.2959) dd_loss: 2.2395 (2.2395) Accu: 100.00
Test Epoch: 65
original feature:   Rank-1: 76.00% | Rank-5: 96.00% | Rank-10: 100.00%| Rank-20: 100.00%| mAP: 76.56%| mINP: 69.18%
feature after BN:   Rank-1: 82.00% | Rank-5: 96.00% | Rank-10: 100.00%| Rank-20: 100.00%| mAP: 80.98%| mINP: 72.97%
Best Epoch [58]
==> Preparing Data Loader...
Epoch: [66][0/37] Time: 0.354 (0.354) lr:0.000354 base_lr:0.000035Loss: 2.2297 (2.2297) iLoss: 0.0023 (0.0023) CLoss: 0.0000 (0.0000) da_loss: 0.3009 (0.3009) dd_loss: 2.1672 (2.1672) Accu: 100.00
Test Epoch: 66
original feature:   Rank-1: 76.00% | Rank-5: 94.00% | Rank-10: 98.00%| Rank-20: 100.00%| mAP: 76.08%| mINP: 67.88%
feature after BN:   Rank-1: 82.00% | Rank-5: 98.00% | Rank-10: 100.00%| Rank-20: 100.00%| mAP: 81.52%| mINP: 74.04%
Best Epoch [58]
==> Preparing Data Loader...
Epoch: [67][0/37] Time: 0.339 (0.339) lr:0.000343 base_lr:0.000034Loss: 2.2883 (2.2883) iLoss: 0.0026 (0.0026) CLoss: 0.0000 (0.0000) da_loss: 0.3046 (0.3046) dd_loss: 2.2248 (2.2248) Accu: 100.00
Test Epoch: 67
original feature:   Rank-1: 78.00% | Rank-5: 96.00% | Rank-10: 100.00%| Rank-20: 100.00%| mAP: 79.69%| mINP: 73.14%
feature after BN:   Rank-1: 84.00% | Rank-5: 100.00% | Rank-10: 100.00%| Rank-20: 100.00%| mAP: 82.51%| mINP: 74.52%
Best Epoch [67]
==> Preparing Data Loader...
Epoch: [68][0/37] Time: 0.334 (0.334) lr:0.000332 base_lr:0.000033Loss: 2.2220 (2.2220) iLoss: 0.0021 (0.0021) CLoss: 0.0000 (0.0000) da_loss: 0.2758 (0.2758) dd_loss: 2.1647 (2.1647) Accu: 100.00
Test Epoch: 68
original feature:   Rank-1: 80.00% | Rank-5: 98.00% | Rank-10: 100.00%| Rank-20: 100.00%| mAP: 79.60%| mINP: 71.94%
feature after BN:   Rank-1: 78.00% | Rank-5: 100.00% | Rank-10: 100.00%| Rank-20: 100.00%| mAP: 80.48%| mINP: 73.72%
Best Epoch [67]
==> Preparing Data Loader...
Epoch: [69][0/37] Time: 0.248 (0.248) lr:0.000322 base_lr:0.000032Loss: 2.2497 (2.2497) iLoss: 0.0014 (0.0014) CLoss: 0.0000 (0.0000) da_loss: 0.2936 (0.2936) dd_loss: 2.1896 (2.1896) Accu: 100.00
Test Epoch: 69
original feature:   Rank-1: 76.00% | Rank-5: 98.00% | Rank-10: 100.00%| Rank-20: 100.00%| mAP: 77.10%| mINP: 69.50%
feature after BN:   Rank-1: 84.00% | Rank-5: 100.00% | Rank-10: 100.00%| Rank-20: 100.00%| mAP: 82.46%| mINP: 74.96%
Best Epoch [69]
==> Preparing Data Loader...
Epoch: [70][0/37] Time: 0.339 (0.339) lr:0.000311 base_lr:0.000031Loss: 2.2693 (2.2693) iLoss: 0.0022 (0.0022) CLoss: 0.0000 (0.0000) da_loss: 0.3028 (0.3028) dd_loss: 2.2065 (2.2065) Accu: 100.00
Test Epoch: 70
original feature:   Rank-1: 78.00% | Rank-5: 98.00% | Rank-10: 98.00%| Rank-20: 100.00%| mAP: 78.18%| mINP: 70.28%
feature after BN:   Rank-1: 78.00% | Rank-5: 98.00% | Rank-10: 100.00%| Rank-20: 100.00%| mAP: 80.07%| mINP: 73.19%
Best Epoch [69]
==> Preparing Data Loader...
Epoch: [71][0/37] Time: 0.372 (0.372) lr:0.000300 base_lr:0.000030Loss: 2.1542 (2.1542) iLoss: 0.0014 (0.0014) CLoss: 0.0000 (0.0000) da_loss: 0.2922 (0.2922) dd_loss: 2.0944 (2.0944) Accu: 100.00
Test Epoch: 71
original feature:   Rank-1: 78.00% | Rank-5: 98.00% | Rank-10: 100.00%| Rank-20: 100.00%| mAP: 78.44%| mINP: 70.70%
feature after BN:   Rank-1: 82.00% | Rank-5: 100.00% | Rank-10: 100.00%| Rank-20: 100.00%| mAP: 82.09%| mINP: 74.84%
Best Epoch [69]
==> Preparing Data Loader...
Epoch: [72][0/37] Time: 0.259 (0.259) lr:0.000290 base_lr:0.000029Loss: 2.2015 (2.2015) iLoss: 0.0022 (0.0022) CLoss: 0.0000 (0.0000) da_loss: 0.3001 (0.3001) dd_loss: 2.1393 (2.1393) Accu: 100.00
Test Epoch: 72
original feature:   Rank-1: 80.00% | Rank-5: 98.00% | Rank-10: 100.00%| Rank-20: 100.00%| mAP: 79.18%| mINP: 70.78%
feature after BN:   Rank-1: 80.00% | Rank-5: 100.00% | Rank-10: 100.00%| Rank-20: 100.00%| mAP: 81.25%| mINP: 74.26%
Best Epoch [69]
==> Preparing Data Loader...
Epoch: [73][0/37] Time: 0.339 (0.339) lr:0.000279 base_lr:0.000028Loss: 2.2107 (2.2107) iLoss: 0.0018 (0.0018) CLoss: 0.0000 (0.0000) da_loss: 0.2870 (0.2870) dd_loss: 2.1514 (2.1514) Accu: 100.00
Test Epoch: 73
original feature:   Rank-1: 80.00% | Rank-5: 98.00% | Rank-10: 100.00%| Rank-20: 100.00%| mAP: 78.38%| mINP: 69.52%
feature after BN:   Rank-1: 80.00% | Rank-5: 100.00% | Rank-10: 100.00%| Rank-20: 100.00%| mAP: 79.67%| mINP: 71.35%
Best Epoch [69]
==> Preparing Data Loader...
Epoch: [74][0/37] Time: 0.338 (0.338) lr:0.000268 base_lr:0.000027Loss: 2.2446 (2.2446) iLoss: 0.0018 (0.0018) CLoss: 0.0000 (0.0000) da_loss: 0.2911 (0.2911) dd_loss: 2.1845 (2.1845) Accu: 100.00
Test Epoch: 74
original feature:   Rank-1: 78.00% | Rank-5: 98.00% | Rank-10: 98.00%| Rank-20: 100.00%| mAP: 78.11%| mINP: 70.97%
feature after BN:   Rank-1: 82.00% | Rank-5: 100.00% | Rank-10: 100.00%| Rank-20: 100.00%| mAP: 81.39%| mINP: 73.54%
Best Epoch [69]
==> Preparing Data Loader...
Epoch: [75][0/37] Time: 0.259 (0.259) lr:0.000257 base_lr:0.000026Loss: 2.1543 (2.1543) iLoss: 0.0018 (0.0018) CLoss: 0.0000 (0.0000) da_loss: 0.2778 (0.2778) dd_loss: 2.0969 (2.0969) Accu: 100.00
Test Epoch: 75
original feature:   Rank-1: 78.00% | Rank-5: 98.00% | Rank-10: 100.00%| Rank-20: 100.00%| mAP: 78.45%| mINP: 70.61%
feature after BN:   Rank-1: 80.00% | Rank-5: 100.00% | Rank-10: 100.00%| Rank-20: 100.00%| mAP: 81.52%| mINP: 74.37%
Best Epoch [69]
==> Preparing Data Loader...
Epoch: [76][0/37] Time: 0.343 (0.343) lr:0.000247 base_lr:0.000025Loss: 2.1358 (2.1358) iLoss: 0.0008 (0.0008) CLoss: 0.0000 (0.0000) da_loss: 0.2916 (0.2916) dd_loss: 2.0766 (2.0766) Accu: 100.00
Test Epoch: 76
original feature:   Rank-1: 78.00% | Rank-5: 98.00% | Rank-10: 100.00%| Rank-20: 100.00%| mAP: 78.36%| mINP: 70.54%
feature after BN:   Rank-1: 84.00% | Rank-5: 100.00% | Rank-10: 100.00%| Rank-20: 100.00%| mAP: 82.93%| mINP: 75.03%
Best Epoch [76]
==> Preparing Data Loader...
Epoch: [77][0/37] Time: 0.337 (0.337) lr:0.000236 base_lr:0.000024Loss: 2.2049 (2.2049) iLoss: 0.0011 (0.0011) CLoss: 0.0000 (0.0000) da_loss: 0.2877 (0.2877) dd_loss: 2.1462 (2.1462) Accu: 100.00
Test Epoch: 77
original feature:   Rank-1: 78.00% | Rank-5: 98.00% | Rank-10: 100.00%| Rank-20: 100.00%| mAP: 78.37%| mINP: 70.94%
feature after BN:   Rank-1: 88.00% | Rank-5: 100.00% | Rank-10: 100.00%| Rank-20: 100.00%| mAP: 83.26%| mINP: 74.18%
Best Epoch [77]
==> Preparing Data Loader...
Epoch: [78][0/37] Time: 0.348 (0.348) lr:0.000225 base_lr:0.000023Loss: 2.2031 (2.2031) iLoss: 0.0014 (0.0014) CLoss: 0.0000 (0.0000) da_loss: 0.2930 (0.2930) dd_loss: 2.1431 (2.1431) Accu: 100.00
Test Epoch: 78
original feature:   Rank-1: 80.00% | Rank-5: 98.00% | Rank-10: 100.00%| Rank-20: 100.00%| mAP: 79.45%| mINP: 71.67%
feature after BN:   Rank-1: 86.00% | Rank-5: 100.00% | Rank-10: 100.00%| Rank-20: 100.00%| mAP: 83.34%| mINP: 74.85%
Best Epoch [77]
==> Preparing Data Loader...
Epoch: [79][0/37] Time: 0.269 (0.269) lr:0.000215 base_lr:0.000021Loss: 2.1337 (2.1337) iLoss: 0.0013 (0.0013) CLoss: 0.0000 (0.0000) da_loss: 0.2794 (0.2794) dd_loss: 2.0765 (2.0765) Accu: 100.00
Test Epoch: 79
original feature:   Rank-1: 76.00% | Rank-5: 98.00% | Rank-10: 100.00%| Rank-20: 100.00%| mAP: 78.82%| mINP: 72.06%
feature after BN:   Rank-1: 88.00% | Rank-5: 100.00% | Rank-10: 100.00%| Rank-20: 100.00%| mAP: 83.59%| mINP: 74.67%
Best Epoch [79]
==> Preparing Data Loader...
Epoch: [80][0/37] Time: 0.347 (0.347) lr:0.000204 base_lr:0.000020Loss: 2.2266 (2.2266) iLoss: 0.0038 (0.0038) CLoss: 0.0000 (0.0000) da_loss: 0.3075 (0.3075) dd_loss: 2.1613 (2.1613) Accu: 100.00
Test Epoch: 80
original feature:   Rank-1: 74.00% | Rank-5: 98.00% | Rank-10: 100.00%| Rank-20: 100.00%| mAP: 77.09%| mINP: 70.03%
feature after BN:   Rank-1: 84.00% | Rank-5: 100.00% | Rank-10: 100.00%| Rank-20: 100.00%| mAP: 82.75%| mINP: 75.16%
Best Epoch [79]
==> Preparing Data Loader...
Epoch: [81][0/37] Time: 0.262 (0.262) lr:0.000193 base_lr:0.000019Loss: 2.1515 (2.1515) iLoss: 0.0015 (0.0015) CLoss: 0.0000 (0.0000) da_loss: 0.2861 (0.2861) dd_loss: 2.0929 (2.0929) Accu: 100.00
Test Epoch: 81
original feature:   Rank-1: 76.00% | Rank-5: 98.00% | Rank-10: 100.00%| Rank-20: 100.00%| mAP: 79.12%| mINP: 72.84%
feature after BN:   Rank-1: 88.00% | Rank-5: 100.00% | Rank-10: 100.00%| Rank-20: 100.00%| mAP: 84.74%| mINP: 76.81%
Best Epoch [81]
==> Preparing Data Loader...
Epoch: [82][0/37] Time: 0.345 (0.345) lr:0.000182 base_lr:0.000018Loss: 2.1865 (2.1865) iLoss: 0.0013 (0.0013) CLoss: 0.0000 (0.0000) da_loss: 0.2927 (0.2927) dd_loss: 2.1267 (2.1267) Accu: 100.00
Test Epoch: 82
original feature:   Rank-1: 80.00% | Rank-5: 100.00% | Rank-10: 100.00%| Rank-20: 100.00%| mAP: 79.94%| mINP: 71.91%
feature after BN:   Rank-1: 86.00% | Rank-5: 100.00% | Rank-10: 100.00%| Rank-20: 100.00%| mAP: 83.84%| mINP: 76.17%
Best Epoch [81]
==> Preparing Data Loader...
Epoch: [83][0/37] Time: 0.338 (0.338) lr:0.000172 base_lr:0.000017Loss: 2.2161 (2.2161) iLoss: 0.0016 (0.0016) CLoss: 0.0000 (0.0000) da_loss: 0.2998 (0.2998) dd_loss: 2.1545 (2.1545) Accu: 100.00
Test Epoch: 83
original feature:   Rank-1: 78.00% | Rank-5: 100.00% | Rank-10: 100.00%| Rank-20: 100.00%| mAP: 80.09%| mINP: 73.22%
feature after BN:   Rank-1: 88.00% | Rank-5: 100.00% | Rank-10: 100.00%| Rank-20: 100.00%| mAP: 83.35%| mINP: 74.80%
Best Epoch [83]
==> Preparing Data Loader...
Epoch: [84][0/37] Time: 0.350 (0.350) lr:0.000161 base_lr:0.000016Loss: 2.1104 (2.1104) iLoss: 0.0015 (0.0015) CLoss: 0.0000 (0.0000) da_loss: 0.2812 (0.2812) dd_loss: 2.0527 (2.0527) Accu: 100.00
Test Epoch: 84
original feature:   Rank-1: 78.00% | Rank-5: 100.00% | Rank-10: 100.00%| Rank-20: 100.00%| mAP: 78.86%| mINP: 70.32%
feature after BN:   Rank-1: 82.00% | Rank-5: 100.00% | Rank-10: 100.00%| Rank-20: 100.00%| mAP: 81.67%| mINP: 74.00%
Best Epoch [83]
==> Preparing Data Loader...
Epoch: [85][0/37] Time: 0.317 (0.317) lr:0.000150 base_lr:0.000015Loss: 2.1400 (2.1400) iLoss: 0.0011 (0.0011) CLoss: 0.0000 (0.0000) da_loss: 0.2958 (0.2958) dd_loss: 2.0797 (2.0797) Accu: 100.00
Test Epoch: 85
original feature:   Rank-1: 80.00% | Rank-5: 98.00% | Rank-10: 100.00%| Rank-20: 100.00%| mAP: 79.75%| mINP: 71.93%
feature after BN:   Rank-1: 82.00% | Rank-5: 100.00% | Rank-10: 100.00%| Rank-20: 100.00%| mAP: 82.14%| mINP: 74.12%
Best Epoch [83]
==> Preparing Data Loader...
Epoch: [86][0/37] Time: 0.352 (0.352) lr:0.000140 base_lr:0.000014Loss: 2.1652 (2.1652) iLoss: 0.0011 (0.0011) CLoss: 0.0000 (0.0000) da_loss: 0.2941 (0.2941) dd_loss: 2.1053 (2.1053) Accu: 100.00
Test Epoch: 86
original feature:   Rank-1: 76.00% | Rank-5: 98.00% | Rank-10: 100.00%| Rank-20: 100.00%| mAP: 78.86%| mINP: 72.48%
feature after BN:   Rank-1: 86.00% | Rank-5: 100.00% | Rank-10: 100.00%| Rank-20: 100.00%| mAP: 84.44%| mINP: 77.04%
Best Epoch [83]
==> Preparing Data Loader...
Epoch: [87][0/37] Time: 0.332 (0.332) lr:0.000129 base_lr:0.000013Loss: 2.1601 (2.1601) iLoss: 0.0013 (0.0013) CLoss: 0.0000 (0.0000) da_loss: 0.2952 (0.2952) dd_loss: 2.0997 (2.0997) Accu: 100.00
Test Epoch: 87
original feature:   Rank-1: 76.00% | Rank-5: 98.00% | Rank-10: 100.00%| Rank-20: 100.00%| mAP: 77.94%| mINP: 71.32%
feature after BN:   Rank-1: 86.00% | Rank-5: 100.00% | Rank-10: 100.00%| Rank-20: 100.00%| mAP: 83.35%| mINP: 75.20%
Best Epoch [83]
==> Preparing Data Loader...
Epoch: [88][0/37] Time: 0.341 (0.341) lr:0.000118 base_lr:0.000012Loss: 2.2494 (2.2494) iLoss: 0.0012 (0.0012) CLoss: 0.0000 (0.0000) da_loss: 0.3069 (0.3069) dd_loss: 2.1868 (2.1868) Accu: 100.00
Test Epoch: 88
original feature:   Rank-1: 74.00% | Rank-5: 98.00% | Rank-10: 100.00%| Rank-20: 100.00%| mAP: 77.47%| mINP: 70.76%
feature after BN:   Rank-1: 88.00% | Rank-5: 100.00% | Rank-10: 100.00%| Rank-20: 100.00%| mAP: 84.36%| mINP: 76.05%
Best Epoch [88]
==> Preparing Data Loader...
Epoch: [89][0/37] Time: 0.347 (0.347) lr:0.000107 base_lr:0.000011Loss: 2.1322 (2.1322) iLoss: 0.0011 (0.0011) CLoss: 0.0000 (0.0000) da_loss: 0.2891 (0.2891) dd_loss: 2.0733 (2.0733) Accu: 100.00
Test Epoch: 89
original feature:   Rank-1: 78.00% | Rank-5: 98.00% | Rank-10: 100.00%| Rank-20: 100.00%| mAP: 79.94%| mINP: 73.35%
feature after BN:   Rank-1: 84.00% | Rank-5: 100.00% | Rank-10: 100.00%| Rank-20: 100.00%| mAP: 83.58%| mINP: 76.34%
Best Epoch [88]
==> Preparing Data Loader...
Epoch: [90][0/37] Time: 0.336 (0.336) lr:0.000097 base_lr:0.000010Loss: 2.1033 (2.1033) iLoss: 0.0010 (0.0010) CLoss: 0.0000 (0.0000) da_loss: 0.2821 (0.2821) dd_loss: 2.0459 (2.0459) Accu: 100.00
Test Epoch: 90
original feature:   Rank-1: 74.00% | Rank-5: 98.00% | Rank-10: 100.00%| Rank-20: 100.00%| mAP: 77.78%| mINP: 71.79%
feature after BN:   Rank-1: 88.00% | Rank-5: 100.00% | Rank-10: 100.00%| Rank-20: 100.00%| mAP: 84.15%| mINP: 76.06%
Best Epoch [90]
==> Preparing Data Loader...
Epoch: [91][0/37] Time: 0.336 (0.336) lr:0.000086 base_lr:0.000009Loss: 2.1893 (2.1893) iLoss: 0.0009 (0.0009) CLoss: 0.0000 (0.0000) da_loss: 0.3187 (0.3187) dd_loss: 2.1246 (2.1246) Accu: 100.00
Test Epoch: 91
original feature:   Rank-1: 78.00% | Rank-5: 98.00% | Rank-10: 100.00%| Rank-20: 100.00%| mAP: 79.27%| mINP: 72.35%
feature after BN:   Rank-1: 88.00% | Rank-5: 100.00% | Rank-10: 100.00%| Rank-20: 100.00%| mAP: 84.81%| mINP: 77.39%
Best Epoch [91]
==> Preparing Data Loader...
Epoch: [92][0/37] Time: 0.346 (0.346) lr:0.000075 base_lr:0.000008Loss: 2.1306 (2.1306) iLoss: 0.0008 (0.0008) CLoss: 0.0000 (0.0000) da_loss: 0.2860 (0.2860) dd_loss: 2.0726 (2.0726) Accu: 100.00
Test Epoch: 92
original feature:   Rank-1: 76.00% | Rank-5: 98.00% | Rank-10: 100.00%| Rank-20: 100.00%| mAP: 78.00%| mINP: 71.11%
feature after BN:   Rank-1: 90.00% | Rank-5: 100.00% | Rank-10: 100.00%| Rank-20: 100.00%| mAP: 84.73%| mINP: 75.79%
Best Epoch [92]
==> Preparing Data Loader...
Epoch: [93][0/37] Time: 0.350 (0.350) lr:0.000065 base_lr:0.000006Loss: 2.1918 (2.1918) iLoss: 0.0011 (0.0011) CLoss: 0.0000 (0.0000) da_loss: 0.3031 (0.3031) dd_loss: 2.1302 (2.1302) Accu: 100.00
Test Epoch: 93
original feature:   Rank-1: 80.00% | Rank-5: 98.00% | Rank-10: 100.00%| Rank-20: 100.00%| mAP: 79.99%| mINP: 72.41%
feature after BN:   Rank-1: 92.00% | Rank-5: 100.00% | Rank-10: 100.00%| Rank-20: 100.00%| mAP: 85.75%| mINP: 76.66%
Best Epoch [93]
==> Preparing Data Loader...
Epoch: [94][0/37] Time: 0.351 (0.351) lr:0.000054 base_lr:0.000005Loss: 2.1591 (2.1591) iLoss: 0.0012 (0.0012) CLoss: 0.0000 (0.0000) da_loss: 0.2992 (0.2992) dd_loss: 2.0981 (2.0981) Accu: 100.00
Test Epoch: 94
original feature:   Rank-1: 78.00% | Rank-5: 98.00% | Rank-10: 100.00%| Rank-20: 100.00%| mAP: 80.42%| mINP: 74.33%
feature after BN:   Rank-1: 92.00% | Rank-5: 100.00% | Rank-10: 100.00%| Rank-20: 100.00%| mAP: 85.41%| mINP: 76.16%
Best Epoch [94]
==> Preparing Data Loader...
Epoch: [95][0/37] Time: 0.350 (0.350) lr:0.000043 base_lr:0.000004Loss: 2.1493 (2.1493) iLoss: 0.0015 (0.0015) CLoss: 0.0000 (0.0000) da_loss: 0.3084 (0.3084) dd_loss: 2.0862 (2.0862) Accu: 100.00
Test Epoch: 95
original feature:   Rank-1: 76.00% | Rank-5: 100.00% | Rank-10: 100.00%| Rank-20: 100.00%| mAP: 78.56%| mINP: 72.16%
feature after BN:   Rank-1: 92.00% | Rank-5: 100.00% | Rank-10: 100.00%| Rank-20: 100.00%| mAP: 85.32%| mINP: 75.46%
Best Epoch [95]
==> Preparing Data Loader...
Epoch: [96][0/37] Time: 0.350 (0.350) lr:0.000032 base_lr:0.000003Loss: 2.1848 (2.1848) iLoss: 0.0010 (0.0010) CLoss: 0.0000 (0.0000) da_loss: 0.3167 (0.3167) dd_loss: 2.1204 (2.1204) Accu: 100.00
Test Epoch: 96
original feature:   Rank-1: 78.00% | Rank-5: 98.00% | Rank-10: 100.00%| Rank-20: 100.00%| mAP: 79.15%| mINP: 72.06%
feature after BN:   Rank-1: 84.00% | Rank-5: 100.00% | Rank-10: 100.00%| Rank-20: 100.00%| mAP: 82.82%| mINP: 75.40%
Best Epoch [95]
==> Preparing Data Loader...
Epoch: [97][0/37] Time: 0.344 (0.344) lr:0.000022 base_lr:0.000002Loss: 2.1595 (2.1595) iLoss: 0.0010 (0.0010) CLoss: 0.0000 (0.0000) da_loss: 0.2931 (0.2931) dd_loss: 2.0999 (2.0999) Accu: 100.00
Test Epoch: 97
original feature:   Rank-1: 78.00% | Rank-5: 100.00% | Rank-10: 100.00%| Rank-20: 100.00%| mAP: 79.75%| mINP: 72.76%
feature after BN:   Rank-1: 90.00% | Rank-5: 100.00% | Rank-10: 100.00%| Rank-20: 100.00%| mAP: 84.84%| mINP: 75.85%
Best Epoch [95]
==> Preparing Data Loader...
Epoch: [98][0/37] Time: 0.351 (0.351) lr:0.000011 base_lr:0.000001Loss: 2.1624 (2.1624) iLoss: 0.0012 (0.0012) CLoss: 0.0000 (0.0000) da_loss: 0.3120 (0.3120) dd_loss: 2.0988 (2.0988) Accu: 100.00
Test Epoch: 98
original feature:   Rank-1: 74.00% | Rank-5: 100.00% | Rank-10: 100.00%| Rank-20: 100.00%| mAP: 78.05%| mINP: 71.80%
feature after BN:   Rank-1: 86.00% | Rank-5: 100.00% | Rank-10: 100.00%| Rank-20: 100.00%| mAP: 83.76%| mINP: 76.18%
Best Epoch [95]
==> Preparing Data Loader...
Epoch: [99][0/37] Time: 0.338 (0.338) lr:0.000000 base_lr:0.000000Loss: 2.1919 (2.1919) iLoss: 0.0025 (0.0025) CLoss: 0.0000 (0.0000) da_loss: 0.3068 (0.3068) dd_loss: 2.1281 (2.1281) Accu: 100.00
Test Epoch: 99
original feature:   Rank-1: 80.00% | Rank-5: 98.00% | Rank-10: 100.00%| Rank-20: 100.00%| mAP: 79.75%| mINP: 71.61%
feature after BN:   Rank-1: 88.00% | Rank-5: 100.00% | Rank-10: 100.00%| Rank-20: 100.00%| mAP: 82.75%| mINP: 73.17%
Best Epoch [95]
