==========
Args:Namespace(batch_size=8, dataset='pku', decay_step=16, dim=2048, gpu='0,1,2,3', img_h=288, img_w=144, log_path='log/', lr=0.0009, margin=0.5, max_epoch=100, mode='all', model_path='save_model/', noticed='test', num_pos=1, pool_dim=2048, rerank='no', save_epoch=1000, seed=0, test_batch=16, trial=7, warm_up_epoch=8, workers=4)
==========
==> Loading data..
data init success!
==> Building model..
==> Building success!..
==> Start Training...
==> Preparing Data Loader...
Epoch: [0][0/37] Time: 2.349 (2.349) lr:0.000055 base_lr:0.000005Loss: 14.4093 (14.4093) iLoss: 5.0039 (5.0039) CLoss: 3.6580 (3.6580) da_loss: 1.2918 (1.2918) dd_loss: 5.4891 (5.4891) Accu: 0.00
Test Epoch: 0
original feature:   Rank-1: 6.00% | Rank-5: 28.00% | Rank-10: 48.00%| Rank-20: 66.00%| mAP: 13.20%| mINP: 7.35%
feature after BN:   Rank-1: 10.00% | Rank-5: 40.00% | Rank-10: 50.00%| Rank-20: 66.00%| mAP: 18.87%| mINP: 12.90%
Best Epoch [0]
==> Preparing Data Loader...
Epoch: [1][0/37] Time: 0.311 (0.311) lr:0.000111 base_lr:0.000011Loss: 13.5297 (13.5297) iLoss: 4.9668 (4.9668) CLoss: 3.0512 (3.0512) da_loss: 1.0322 (1.0322) dd_loss: 5.3052 (5.3052) Accu: 12.50
Test Epoch: 1
original feature:   Rank-1: 12.00% | Rank-5: 40.00% | Rank-10: 56.00%| Rank-20: 74.00%| mAP: 19.37%| mINP: 13.19%
feature after BN:   Rank-1: 10.00% | Rank-5: 28.00% | Rank-10: 46.00%| Rank-20: 60.00%| mAP: 13.61%| mINP: 7.48%
Best Epoch [1]
==> Preparing Data Loader...
Epoch: [2][0/37] Time: 0.287 (0.287) lr:0.000167 base_lr:0.000017Loss: 12.0571 (12.0571) iLoss: 4.6626 (4.6626) CLoss: 2.1867 (2.1867) da_loss: 0.9467 (0.9467) dd_loss: 5.0185 (5.0185) Accu: 6.25
Test Epoch: 2
original feature:   Rank-1: 24.00% | Rank-5: 62.00% | Rank-10: 70.00%| Rank-20: 80.00%| mAP: 31.19%| mINP: 23.58%
feature after BN:   Rank-1: 30.00% | Rank-5: 64.00% | Rank-10: 74.00%| Rank-20: 84.00%| mAP: 38.39%| mINP: 31.28%
Best Epoch [2]
==> Preparing Data Loader...
Epoch: [3][0/37] Time: 0.317 (0.317) lr:0.000224 base_lr:0.000022Loss: 9.6056 (9.6056) iLoss: 3.8795 (3.8795) CLoss: 1.2076 (1.2076) da_loss: 0.7999 (0.7999) dd_loss: 4.3585 (4.3585) Accu: 37.50
Test Epoch: 3
original feature:   Rank-1: 42.00% | Rank-5: 68.00% | Rank-10: 78.00%| Rank-20: 94.00%| mAP: 43.03%| mINP: 31.22%
feature after BN:   Rank-1: 40.00% | Rank-5: 72.00% | Rank-10: 82.00%| Rank-20: 92.00%| mAP: 44.74%| mINP: 34.20%
Best Epoch [3]
==> Preparing Data Loader...
Epoch: [4][0/37] Time: 0.314 (0.314) lr:0.000280 base_lr:0.000028Loss: 9.1167 (9.1167) iLoss: 3.6987 (3.6987) CLoss: 1.1460 (1.1460) da_loss: 0.7205 (0.7205) dd_loss: 4.1278 (4.1278) Accu: 18.75
Test Epoch: 4
original feature:   Rank-1: 42.00% | Rank-5: 74.00% | Rank-10: 82.00%| Rank-20: 98.00%| mAP: 47.54%| mINP: 38.70%
feature after BN:   Rank-1: 48.00% | Rank-5: 82.00% | Rank-10: 90.00%| Rank-20: 100.00%| mAP: 55.74%| mINP: 47.08%
Best Epoch [4]
==> Preparing Data Loader...
Epoch: [5][0/37] Time: 0.324 (0.324) lr:0.000336 base_lr:0.000034Loss: 6.8209 (6.8209) iLoss: 2.6059 (2.6059) CLoss: 0.6382 (0.6382) da_loss: 0.6465 (0.6465) dd_loss: 3.4475 (3.4475) Accu: 50.00
Test Epoch: 5
original feature:   Rank-1: 42.00% | Rank-5: 76.00% | Rank-10: 84.00%| Rank-20: 92.00%| mAP: 47.96%| mINP: 38.24%
feature after BN:   Rank-1: 50.00% | Rank-5: 76.00% | Rank-10: 90.00%| Rank-20: 96.00%| mAP: 51.94%| mINP: 40.51%
Best Epoch [5]
==> Preparing Data Loader...
Epoch: [6][0/37] Time: 0.303 (0.303) lr:0.000392 base_lr:0.000039Loss: 5.0182 (5.0182) iLoss: 1.6050 (1.6050) CLoss: 0.6331 (0.6331) da_loss: 0.6125 (0.6125) dd_loss: 2.6575 (2.6575) Accu: 75.00
Test Epoch: 6
original feature:   Rank-1: 52.00% | Rank-5: 76.00% | Rank-10: 88.00%| Rank-20: 96.00%| mAP: 51.50%| mINP: 39.71%
feature after BN:   Rank-1: 50.00% | Rank-5: 82.00% | Rank-10: 88.00%| Rank-20: 94.00%| mAP: 53.43%| mINP: 43.92%
Best Epoch [6]
==> Preparing Data Loader...
Epoch: [7][0/37] Time: 0.312 (0.312) lr:0.000449 base_lr:0.000045Loss: 3.8256 (3.8256) iLoss: 1.2546 (1.2546) CLoss: 0.2135 (0.2135) da_loss: 0.6578 (0.6578) dd_loss: 2.2259 (2.2259) Accu: 75.00
Test Epoch: 7
original feature:   Rank-1: 52.00% | Rank-5: 80.00% | Rank-10: 88.00%| Rank-20: 94.00%| mAP: 51.86%| mINP: 39.95%
feature after BN:   Rank-1: 58.00% | Rank-5: 86.00% | Rank-10: 86.00%| Rank-20: 90.00%| mAP: 58.35%| mINP: 47.37%
Best Epoch [7]
==> Preparing Data Loader...
Epoch: [8][0/37] Time: 0.297 (0.297) lr:0.000505 base_lr:0.000050Loss: 3.8065 (3.8065) iLoss: 1.2826 (1.2826) CLoss: 0.2295 (0.2295) da_loss: 0.6212 (0.6212) dd_loss: 2.1701 (2.1701) Accu: 62.50
Test Epoch: 8
original feature:   Rank-1: 56.00% | Rank-5: 86.00% | Rank-10: 90.00%| Rank-20: 94.00%| mAP: 55.47%| mINP: 42.90%
feature after BN:   Rank-1: 60.00% | Rank-5: 86.00% | Rank-10: 92.00%| Rank-20: 94.00%| mAP: 57.47%| mINP: 44.20%
Best Epoch [8]
==> Preparing Data Loader...
Epoch: [9][0/37] Time: 0.293 (0.293) lr:0.000561 base_lr:0.000056Loss: 2.6899 (2.6899) iLoss: 0.4390 (0.4390) CLoss: 0.0802 (0.0802) da_loss: 0.5728 (0.5728) dd_loss: 2.0561 (2.0561) Accu: 93.75
Test Epoch: 9
original feature:   Rank-1: 60.00% | Rank-5: 76.00% | Rank-10: 86.00%| Rank-20: 94.00%| mAP: 57.11%| mINP: 45.61%
feature after BN:   Rank-1: 60.00% | Rank-5: 78.00% | Rank-10: 84.00%| Rank-20: 88.00%| mAP: 57.37%| mINP: 46.11%
Best Epoch [8]
==> Preparing Data Loader...
Epoch: [10][0/37] Time: 0.343 (0.343) lr:0.000617 base_lr:0.000062Loss: 2.4612 (2.4612) iLoss: 0.5038 (0.5038) CLoss: 0.0742 (0.0742) da_loss: 0.5373 (0.5373) dd_loss: 1.7758 (1.7758) Accu: 87.50
Test Epoch: 10
original feature:   Rank-1: 56.00% | Rank-5: 84.00% | Rank-10: 88.00%| Rank-20: 96.00%| mAP: 57.27%| mINP: 47.33%
feature after BN:   Rank-1: 54.00% | Rank-5: 84.00% | Rank-10: 88.00%| Rank-20: 94.00%| mAP: 56.16%| mINP: 46.41%
Best Epoch [8]
==> Preparing Data Loader...
Epoch: [11][0/37] Time: 0.334 (0.334) lr:0.000674 base_lr:0.000067Loss: 2.7204 (2.7204) iLoss: 0.3831 (0.3831) CLoss: 0.2747 (0.2747) da_loss: 0.5776 (0.5776) dd_loss: 1.9470 (1.9470) Accu: 87.50
Test Epoch: 11
original feature:   Rank-1: 52.00% | Rank-5: 82.00% | Rank-10: 92.00%| Rank-20: 92.00%| mAP: 58.41%| mINP: 51.51%
feature after BN:   Rank-1: 58.00% | Rank-5: 80.00% | Rank-10: 88.00%| Rank-20: 96.00%| mAP: 58.98%| mINP: 48.89%
Best Epoch [8]
==> Preparing Data Loader...
Epoch: [12][0/37] Time: 0.352 (0.352) lr:0.000730 base_lr:0.000073Loss: 2.9538 (2.9538) iLoss: 0.5682 (0.5682) CLoss: 0.4018 (0.4018) da_loss: 0.6913 (0.6913) dd_loss: 1.8455 (1.8455) Accu: 87.50
Test Epoch: 12
original feature:   Rank-1: 48.00% | Rank-5: 82.00% | Rank-10: 90.00%| Rank-20: 96.00%| mAP: 53.38%| mINP: 44.71%
feature after BN:   Rank-1: 50.00% | Rank-5: 78.00% | Rank-10: 90.00%| Rank-20: 98.00%| mAP: 54.17%| mINP: 46.45%
Best Epoch [8]
==> Preparing Data Loader...
Epoch: [13][0/37] Time: 0.329 (0.329) lr:0.000786 base_lr:0.000079Loss: 2.6715 (2.6715) iLoss: 0.4297 (0.4297) CLoss: 0.2463 (0.2463) da_loss: 0.6784 (0.6784) dd_loss: 1.8598 (1.8598) Accu: 87.50
Test Epoch: 13
original feature:   Rank-1: 50.00% | Rank-5: 78.00% | Rank-10: 86.00%| Rank-20: 94.00%| mAP: 52.24%| mINP: 42.60%
feature after BN:   Rank-1: 56.00% | Rank-5: 78.00% | Rank-10: 88.00%| Rank-20: 96.00%| mAP: 54.38%| mINP: 42.89%
Best Epoch [8]
==> Preparing Data Loader...
Epoch: [14][0/37] Time: 0.361 (0.361) lr:0.000842 base_lr:0.000084Loss: 4.5982 (4.5982) iLoss: 1.4737 (1.4737) CLoss: 0.3362 (0.3362) da_loss: 0.6993 (0.6993) dd_loss: 2.6485 (2.6485) Accu: 56.25
Test Epoch: 14
original feature:   Rank-1: 48.00% | Rank-5: 80.00% | Rank-10: 90.00%| Rank-20: 98.00%| mAP: 51.67%| mINP: 41.59%
feature after BN:   Rank-1: 50.00% | Rank-5: 74.00% | Rank-10: 88.00%| Rank-20: 96.00%| mAP: 51.22%| mINP: 40.66%
Best Epoch [8]
==> Preparing Data Loader...
Epoch: [15][0/37] Time: 0.310 (0.310) lr:0.000898 base_lr:0.000090Loss: 5.2162 (5.2162) iLoss: 0.9906 (0.9906) CLoss: 0.9408 (0.9408) da_loss: 0.8398 (0.8398) dd_loss: 3.1168 (3.1168) Accu: 75.00
Test Epoch: 15
original feature:   Rank-1: 42.00% | Rank-5: 78.00% | Rank-10: 86.00%| Rank-20: 96.00%| mAP: 47.76%| mINP: 36.78%
feature after BN:   Rank-1: 38.00% | Rank-5: 74.00% | Rank-10: 82.00%| Rank-20: 96.00%| mAP: 43.53%| mINP: 32.43%
Best Epoch [8]
==> Preparing Data Loader...
Epoch: [16][0/37] Time: 0.338 (0.338) lr:0.000890 base_lr:0.000089Loss: 3.5714 (3.5714) iLoss: 0.3265 (0.3265) CLoss: 0.3703 (0.3703) da_loss: 0.7502 (0.7502) dd_loss: 2.7245 (2.7245) Accu: 93.75
Test Epoch: 16
original feature:   Rank-1: 34.00% | Rank-5: 66.00% | Rank-10: 84.00%| Rank-20: 92.00%| mAP: 43.21%| mINP: 35.43%
feature after BN:   Rank-1: 40.00% | Rank-5: 70.00% | Rank-10: 84.00%| Rank-20: 96.00%| mAP: 47.13%| mINP: 41.04%
Best Epoch [8]
==> Preparing Data Loader...
Epoch: [17][0/37] Time: 0.339 (0.339) lr:0.000879 base_lr:0.000088Loss: 3.4204 (3.4204) iLoss: 0.3515 (0.3515) CLoss: 0.1169 (0.1169) da_loss: 0.6851 (0.6851) dd_loss: 2.8150 (2.8150) Accu: 93.75
Test Epoch: 17
original feature:   Rank-1: 48.00% | Rank-5: 78.00% | Rank-10: 84.00%| Rank-20: 94.00%| mAP: 47.79%| mINP: 35.69%
feature after BN:   Rank-1: 50.00% | Rank-5: 76.00% | Rank-10: 86.00%| Rank-20: 90.00%| mAP: 49.02%| mINP: 37.33%
Best Epoch [8]
==> Preparing Data Loader...
Epoch: [18][0/37] Time: 0.343 (0.343) lr:0.000868 base_lr:0.000087Loss: 3.3154 (3.3154) iLoss: 0.2228 (0.2228) CLoss: 0.1211 (0.1211) da_loss: 0.6778 (0.6778) dd_loss: 2.8360 (2.8360) Accu: 93.75
Test Epoch: 18
original feature:   Rank-1: 54.00% | Rank-5: 86.00% | Rank-10: 94.00%| Rank-20: 98.00%| mAP: 56.17%| mINP: 44.65%
feature after BN:   Rank-1: 56.00% | Rank-5: 84.00% | Rank-10: 96.00%| Rank-20: 98.00%| mAP: 59.97%| mINP: 51.99%
Best Epoch [8]
==> Preparing Data Loader...
Epoch: [19][0/37] Time: 0.339 (0.339) lr:0.000857 base_lr:0.000086Loss: 4.1556 (4.1556) iLoss: 0.5098 (0.5098) CLoss: 0.5358 (0.5358) da_loss: 0.7124 (0.7124) dd_loss: 2.9676 (2.9676) Accu: 87.50
Test Epoch: 19
original feature:   Rank-1: 36.00% | Rank-5: 64.00% | Rank-10: 80.00%| Rank-20: 90.00%| mAP: 41.77%| mINP: 34.56%
feature after BN:   Rank-1: 48.00% | Rank-5: 74.00% | Rank-10: 88.00%| Rank-20: 96.00%| mAP: 48.85%| mINP: 38.57%
Best Epoch [8]
==> Preparing Data Loader...
Epoch: [20][0/37] Time: 0.340 (0.340) lr:0.000847 base_lr:0.000085Loss: 3.7337 (3.7337) iLoss: 0.3956 (0.3956) CLoss: 0.3943 (0.3943) da_loss: 0.7041 (0.7041) dd_loss: 2.8029 (2.8029) Accu: 87.50
Test Epoch: 20
original feature:   Rank-1: 50.00% | Rank-5: 78.00% | Rank-10: 86.00%| Rank-20: 96.00%| mAP: 56.65%| mINP: 49.41%
feature after BN:   Rank-1: 54.00% | Rank-5: 78.00% | Rank-10: 88.00%| Rank-20: 94.00%| mAP: 55.43%| mINP: 45.98%
Best Epoch [8]
==> Preparing Data Loader...
Epoch: [21][0/37] Time: 0.348 (0.348) lr:0.000836 base_lr:0.000084Loss: 5.7889 (5.7889) iLoss: 0.8691 (0.8691) CLoss: 0.9921 (0.9921) da_loss: 0.7835 (0.7835) dd_loss: 3.7711 (3.7711) Accu: 68.75
Test Epoch: 21
original feature:   Rank-1: 54.00% | Rank-5: 72.00% | Rank-10: 86.00%| Rank-20: 94.00%| mAP: 51.78%| mINP: 39.06%
feature after BN:   Rank-1: 58.00% | Rank-5: 76.00% | Rank-10: 86.00%| Rank-20: 94.00%| mAP: 53.09%| mINP: 38.91%
Best Epoch [8]
==> Preparing Data Loader...
Epoch: [22][0/37] Time: 0.326 (0.326) lr:0.000825 base_lr:0.000083Loss: 2.0728 (2.0728) iLoss: 0.2746 (0.2746) CLoss: 0.1151 (0.1151) da_loss: 0.7479 (0.7479) dd_loss: 1.5336 (1.5336) Accu: 93.75
Test Epoch: 22
original feature:   Rank-1: 58.00% | Rank-5: 82.00% | Rank-10: 88.00%| Rank-20: 94.00%| mAP: 52.58%| mINP: 37.25%
feature after BN:   Rank-1: 60.00% | Rank-5: 90.00% | Rank-10: 96.00%| Rank-20: 98.00%| mAP: 58.61%| mINP: 45.55%
Best Epoch [8]
==> Preparing Data Loader...
Epoch: [23][0/37] Time: 0.355 (0.355) lr:0.000815 base_lr:0.000081Loss: 3.1274 (3.1274) iLoss: 0.1249 (0.1249) CLoss: 0.1852 (0.1852) da_loss: 0.6547 (0.6547) dd_loss: 2.6864 (2.6864) Accu: 100.00
Test Epoch: 23
original feature:   Rank-1: 52.00% | Rank-5: 78.00% | Rank-10: 88.00%| Rank-20: 90.00%| mAP: 53.06%| mINP: 43.10%
feature after BN:   Rank-1: 50.00% | Rank-5: 74.00% | Rank-10: 86.00%| Rank-20: 96.00%| mAP: 53.56%| mINP: 44.47%
Best Epoch [8]
==> Preparing Data Loader...
Epoch: [24][0/37] Time: 0.352 (0.352) lr:0.000804 base_lr:0.000080Loss: 3.8371 (3.8371) iLoss: 0.3377 (0.3377) CLoss: 0.6440 (0.6440) da_loss: 0.8435 (0.8435) dd_loss: 2.6866 (2.6866) Accu: 93.75
Test Epoch: 24
original feature:   Rank-1: 60.00% | Rank-5: 84.00% | Rank-10: 90.00%| Rank-20: 96.00%| mAP: 59.49%| mINP: 48.27%
feature after BN:   Rank-1: 56.00% | Rank-5: 80.00% | Rank-10: 90.00%| Rank-20: 98.00%| mAP: 56.75%| mINP: 46.78%
Best Epoch [8]
==> Preparing Data Loader...
Epoch: [25][0/37] Time: 0.320 (0.320) lr:0.000793 base_lr:0.000079Loss: 3.5308 (3.5308) iLoss: 0.6200 (0.6200) CLoss: 0.2282 (0.2282) da_loss: 0.7571 (0.7571) dd_loss: 2.5313 (2.5313) Accu: 87.50
Test Epoch: 25
original feature:   Rank-1: 58.00% | Rank-5: 82.00% | Rank-10: 90.00%| Rank-20: 92.00%| mAP: 57.20%| mINP: 45.82%
feature after BN:   Rank-1: 54.00% | Rank-5: 90.00% | Rank-10: 94.00%| Rank-20: 98.00%| mAP: 57.82%| mINP: 48.85%
Best Epoch [8]
==> Preparing Data Loader...
Epoch: [26][0/37] Time: 0.337 (0.337) lr:0.000782 base_lr:0.000078Loss: 2.2207 (2.2207) iLoss: 0.0574 (0.0574) CLoss: 0.1868 (0.1868) da_loss: 0.7269 (0.7269) dd_loss: 1.8311 (1.8311) Accu: 100.00
Test Epoch: 26
original feature:   Rank-1: 54.00% | Rank-5: 92.00% | Rank-10: 98.00%| Rank-20: 100.00%| mAP: 61.33%| mINP: 50.74%
feature after BN:   Rank-1: 56.00% | Rank-5: 84.00% | Rank-10: 96.00%| Rank-20: 98.00%| mAP: 61.77%| mINP: 53.54%
Best Epoch [8]
==> Preparing Data Loader...
Epoch: [27][0/37] Time: 0.368 (0.368) lr:0.000772 base_lr:0.000077Loss: 0.9234 (0.9234) iLoss: 0.0160 (0.0160) CLoss: 0.1445 (0.1445) da_loss: 0.6453 (0.6453) dd_loss: 0.6338 (0.6338) Accu: 100.00
Test Epoch: 27
original feature:   Rank-1: 70.00% | Rank-5: 96.00% | Rank-10: 100.00%| Rank-20: 100.00%| mAP: 71.52%| mINP: 61.35%
feature after BN:   Rank-1: 64.00% | Rank-5: 94.00% | Rank-10: 100.00%| Rank-20: 100.00%| mAP: 70.66%| mINP: 62.45%
Best Epoch [27]
==> Preparing Data Loader...
Epoch: [28][0/37] Time: 0.289 (0.289) lr:0.000761 base_lr:0.000076Loss: 1.4931 (1.4931) iLoss: 0.0646 (0.0646) CLoss: 0.1438 (0.1438) da_loss: 0.6095 (0.6095) dd_loss: 1.1628 (1.1628) Accu: 100.00
Test Epoch: 28
original feature:   Rank-1: 58.00% | Rank-5: 88.00% | Rank-10: 96.00%| Rank-20: 100.00%| mAP: 61.33%| mINP: 51.61%
feature after BN:   Rank-1: 64.00% | Rank-5: 96.00% | Rank-10: 98.00%| Rank-20: 100.00%| mAP: 67.69%| mINP: 59.63%
Best Epoch [27]
==> Preparing Data Loader...
Epoch: [29][0/37] Time: 0.340 (0.340) lr:0.000750 base_lr:0.000075Loss: 1.7088 (1.7088) iLoss: 0.0285 (0.0285) CLoss: 0.2664 (0.2664) da_loss: 0.6442 (0.6442) dd_loss: 1.2850 (1.2850) Accu: 100.00
Test Epoch: 29
original feature:   Rank-1: 70.00% | Rank-5: 92.00% | Rank-10: 94.00%| Rank-20: 100.00%| mAP: 66.41%| mINP: 54.40%
feature after BN:   Rank-1: 60.00% | Rank-5: 96.00% | Rank-10: 98.00%| Rank-20: 98.00%| mAP: 65.04%| mINP: 56.12%
Best Epoch [29]
==> Preparing Data Loader...
Epoch: [30][0/37] Time: 0.296 (0.296) lr:0.000740 base_lr:0.000074Loss: 1.0527 (1.0527) iLoss: 0.0188 (0.0188) CLoss: 0.0487 (0.0487) da_loss: 0.6507 (0.6507) dd_loss: 0.8551 (0.8551) Accu: 100.00
Test Epoch: 30
original feature:   Rank-1: 66.00% | Rank-5: 94.00% | Rank-10: 96.00%| Rank-20: 98.00%| mAP: 68.86%| mINP: 61.01%
feature after BN:   Rank-1: 66.00% | Rank-5: 94.00% | Rank-10: 98.00%| Rank-20: 100.00%| mAP: 68.02%| mINP: 60.14%
Best Epoch [30]
==> Preparing Data Loader...
Epoch: [31][0/37] Time: 0.356 (0.356) lr:0.000729 base_lr:0.000073Loss: 1.9649 (1.9649) iLoss: 0.0256 (0.0256) CLoss: 0.1293 (0.1293) da_loss: 0.6535 (0.6535) dd_loss: 1.6792 (1.6792) Accu: 100.00
Test Epoch: 31
original feature:   Rank-1: 64.00% | Rank-5: 80.00% | Rank-10: 94.00%| Rank-20: 96.00%| mAP: 62.84%| mINP: 53.62%
feature after BN:   Rank-1: 70.00% | Rank-5: 92.00% | Rank-10: 98.00%| Rank-20: 98.00%| mAP: 68.09%| mINP: 58.02%
Best Epoch [31]
==> Preparing Data Loader...
Epoch: [32][0/37] Time: 0.311 (0.311) lr:0.000718 base_lr:0.000072Loss: 2.8381 (2.8381) iLoss: 0.1999 (0.1999) CLoss: 0.5640 (0.5640) da_loss: 0.6686 (0.6686) dd_loss: 1.9404 (1.9404) Accu: 93.75
Test Epoch: 32
original feature:   Rank-1: 78.00% | Rank-5: 96.00% | Rank-10: 96.00%| Rank-20: 100.00%| mAP: 72.52%| mINP: 60.17%
feature after BN:   Rank-1: 66.00% | Rank-5: 90.00% | Rank-10: 94.00%| Rank-20: 98.00%| mAP: 70.64%| mINP: 63.31%
Best Epoch [32]
==> Preparing Data Loader...
Epoch: [33][0/37] Time: 0.309 (0.309) lr:0.000707 base_lr:0.000071Loss: 0.5101 (0.5101) iLoss: 0.0052 (0.0052) CLoss: 0.0056 (0.0056) da_loss: 0.5752 (0.5752) dd_loss: 0.3843 (0.3843) Accu: 100.00
Test Epoch: 33
original feature:   Rank-1: 66.00% | Rank-5: 86.00% | Rank-10: 88.00%| Rank-20: 94.00%| mAP: 64.99%| mINP: 55.03%
feature after BN:   Rank-1: 62.00% | Rank-5: 82.00% | Rank-10: 92.00%| Rank-20: 98.00%| mAP: 62.08%| mINP: 52.33%
Best Epoch [32]
==> Preparing Data Loader...
Epoch: [34][0/37] Time: 0.348 (0.348) lr:0.000697 base_lr:0.000070Loss: 1.6355 (1.6355) iLoss: 0.3638 (0.3638) CLoss: 0.0803 (0.0803) da_loss: 0.6057 (0.6057) dd_loss: 1.0702 (1.0702) Accu: 93.75
Test Epoch: 34
original feature:   Rank-1: 66.00% | Rank-5: 88.00% | Rank-10: 92.00%| Rank-20: 94.00%| mAP: 64.33%| mINP: 52.71%
feature after BN:   Rank-1: 54.00% | Rank-5: 86.00% | Rank-10: 90.00%| Rank-20: 96.00%| mAP: 61.91%| mINP: 54.56%
Best Epoch [32]
==> Preparing Data Loader...
Epoch: [35][0/37] Time: 0.338 (0.338) lr:0.000686 base_lr:0.000069Loss: 3.3947 (3.3947) iLoss: 0.0426 (0.0426) CLoss: 0.1855 (0.1855) da_loss: 0.6528 (0.6528) dd_loss: 3.0360 (3.0360) Accu: 100.00
Test Epoch: 35
original feature:   Rank-1: 66.00% | Rank-5: 86.00% | Rank-10: 94.00%| Rank-20: 98.00%| mAP: 67.32%| mINP: 59.49%
feature after BN:   Rank-1: 66.00% | Rank-5: 88.00% | Rank-10: 96.00%| Rank-20: 98.00%| mAP: 68.81%| mINP: 62.01%
Best Epoch [32]
==> Preparing Data Loader...
Epoch: [36][0/37] Time: 0.353 (0.353) lr:0.000675 base_lr:0.000068Loss: 1.0342 (1.0342) iLoss: 0.0025 (0.0025) CLoss: 0.0539 (0.0539) da_loss: 0.5715 (0.5715) dd_loss: 0.8635 (0.8635) Accu: 100.00
Test Epoch: 36
original feature:   Rank-1: 70.00% | Rank-5: 90.00% | Rank-10: 92.00%| Rank-20: 96.00%| mAP: 66.83%| mINP: 56.40%
feature after BN:   Rank-1: 68.00% | Rank-5: 96.00% | Rank-10: 98.00%| Rank-20: 98.00%| mAP: 69.63%| mINP: 60.86%
Best Epoch [36]
==> Preparing Data Loader...
Epoch: [37][0/37] Time: 0.297 (0.297) lr:0.000665 base_lr:0.000066Loss: 1.7579 (1.7579) iLoss: 0.0782 (0.0782) CLoss: 0.0856 (0.0856) da_loss: 0.6121 (0.6121) dd_loss: 1.4718 (1.4718) Accu: 93.75
Test Epoch: 37
original feature:   Rank-1: 58.00% | Rank-5: 90.00% | Rank-10: 96.00%| Rank-20: 100.00%| mAP: 62.43%| mINP: 53.44%
feature after BN:   Rank-1: 58.00% | Rank-5: 92.00% | Rank-10: 96.00%| Rank-20: 98.00%| mAP: 63.74%| mINP: 56.08%
Best Epoch [36]
==> Preparing Data Loader...
Epoch: [38][0/37] Time: 0.395 (0.395) lr:0.000654 base_lr:0.000065Loss: 0.7209 (0.7209) iLoss: 0.0139 (0.0139) CLoss: 0.0001 (0.0001) da_loss: 0.5779 (0.5779) dd_loss: 0.5913 (0.5913) Accu: 100.00
Test Epoch: 38
original feature:   Rank-1: 66.00% | Rank-5: 96.00% | Rank-10: 100.00%| Rank-20: 100.00%| mAP: 67.07%| mINP: 56.56%
feature after BN:   Rank-1: 66.00% | Rank-5: 92.00% | Rank-10: 98.00%| Rank-20: 100.00%| mAP: 70.52%| mINP: 63.33%
Best Epoch [36]
==> Preparing Data Loader...
Epoch: [39][0/37] Time: 0.337 (0.337) lr:0.000643 base_lr:0.000064Loss: 3.0339 (3.0339) iLoss: 0.5171 (0.5171) CLoss: 0.1588 (0.1588) da_loss: 0.6834 (0.6834) dd_loss: 2.2213 (2.2213) Accu: 87.50
Test Epoch: 39
original feature:   Rank-1: 58.00% | Rank-5: 92.00% | Rank-10: 100.00%| Rank-20: 100.00%| mAP: 62.63%| mINP: 53.35%
feature after BN:   Rank-1: 62.00% | Rank-5: 90.00% | Rank-10: 96.00%| Rank-20: 100.00%| mAP: 66.05%| mINP: 58.66%
Best Epoch [36]
==> Preparing Data Loader...
Epoch: [40][0/37] Time: 0.331 (0.331) lr:0.000632 base_lr:0.000063Loss: 1.3720 (1.3720) iLoss: 0.0287 (0.0287) CLoss: 0.0717 (0.0717) da_loss: 0.6591 (0.6591) dd_loss: 1.1397 (1.1397) Accu: 100.00
Test Epoch: 40
original feature:   Rank-1: 64.00% | Rank-5: 90.00% | Rank-10: 94.00%| Rank-20: 98.00%| mAP: 64.53%| mINP: 53.48%
feature after BN:   Rank-1: 72.00% | Rank-5: 88.00% | Rank-10: 96.00%| Rank-20: 98.00%| mAP: 69.78%| mINP: 59.76%
Best Epoch [40]
==> Preparing Data Loader...
Epoch: [41][0/37] Time: 0.316 (0.316) lr:0.000622 base_lr:0.000062Loss: 1.2919 (1.2919) iLoss: 0.0608 (0.0608) CLoss: 0.2141 (0.2141) da_loss: 0.6010 (0.6010) dd_loss: 0.8968 (0.8968) Accu: 100.00
Test Epoch: 41
original feature:   Rank-1: 68.00% | Rank-5: 90.00% | Rank-10: 96.00%| Rank-20: 98.00%| mAP: 66.26%| mINP: 55.52%
feature after BN:   Rank-1: 68.00% | Rank-5: 90.00% | Rank-10: 98.00%| Rank-20: 98.00%| mAP: 70.49%| mINP: 62.39%
Best Epoch [40]
==> Preparing Data Loader...
Epoch: [42][0/37] Time: 0.334 (0.334) lr:0.000611 base_lr:0.000061Loss: 1.2265 (1.2265) iLoss: 0.0312 (0.0312) CLoss: 0.0059 (0.0059) da_loss: 0.6003 (0.6003) dd_loss: 1.0693 (1.0693) Accu: 100.00
Test Epoch: 42
original feature:   Rank-1: 80.00% | Rank-5: 88.00% | Rank-10: 98.00%| Rank-20: 100.00%| mAP: 72.03%| mINP: 59.76%
feature after BN:   Rank-1: 68.00% | Rank-5: 92.00% | Rank-10: 98.00%| Rank-20: 98.00%| mAP: 72.18%| mINP: 65.51%
Best Epoch [42]
==> Preparing Data Loader...
Epoch: [43][0/37] Time: 0.320 (0.320) lr:0.000600 base_lr:0.000060Loss: 1.1244 (1.1244) iLoss: 0.0693 (0.0693) CLoss: 0.0155 (0.0155) da_loss: 0.5954 (0.5954) dd_loss: 0.9205 (0.9205) Accu: 100.00
Test Epoch: 43
original feature:   Rank-1: 74.00% | Rank-5: 88.00% | Rank-10: 96.00%| Rank-20: 98.00%| mAP: 69.18%| mINP: 56.87%
feature after BN:   Rank-1: 72.00% | Rank-5: 92.00% | Rank-10: 98.00%| Rank-20: 98.00%| mAP: 72.00%| mINP: 64.15%
Best Epoch [43]
==> Preparing Data Loader...
Epoch: [44][0/37] Time: 0.309 (0.309) lr:0.000590 base_lr:0.000059Loss: 0.4120 (0.4120) iLoss: 0.0066 (0.0066) CLoss: 0.0527 (0.0527) da_loss: 0.5554 (0.5554) dd_loss: 0.2416 (0.2416) Accu: 100.00
Test Epoch: 44
original feature:   Rank-1: 70.00% | Rank-5: 90.00% | Rank-10: 96.00%| Rank-20: 98.00%| mAP: 71.92%| mINP: 64.37%
feature after BN:   Rank-1: 68.00% | Rank-5: 90.00% | Rank-10: 96.00%| Rank-20: 98.00%| mAP: 71.56%| mINP: 63.82%
Best Epoch [43]
==> Preparing Data Loader...
Epoch: [45][0/37] Time: 0.324 (0.324) lr:0.000579 base_lr:0.000058Loss: 1.1454 (1.1454) iLoss: 0.0465 (0.0465) CLoss: 0.0646 (0.0646) da_loss: 0.6010 (0.6010) dd_loss: 0.9141 (0.9141) Accu: 100.00
Test Epoch: 45
original feature:   Rank-1: 76.00% | Rank-5: 92.00% | Rank-10: 100.00%| Rank-20: 100.00%| mAP: 73.57%| mINP: 63.08%
feature after BN:   Rank-1: 76.00% | Rank-5: 94.00% | Rank-10: 96.00%| Rank-20: 100.00%| mAP: 75.80%| mINP: 68.88%
Best Epoch [45]
==> Preparing Data Loader...
Epoch: [46][0/37] Time: 0.301 (0.301) lr:0.000568 base_lr:0.000057Loss: 2.7636 (2.7636) iLoss: 0.0666 (0.0666) CLoss: 0.2445 (0.2445) da_loss: 0.6151 (0.6151) dd_loss: 2.3295 (2.3295) Accu: 100.00
Test Epoch: 46
original feature:   Rank-1: 64.00% | Rank-5: 92.00% | Rank-10: 94.00%| Rank-20: 96.00%| mAP: 67.38%| mINP: 58.04%
feature after BN:   Rank-1: 74.00% | Rank-5: 90.00% | Rank-10: 98.00%| Rank-20: 98.00%| mAP: 72.94%| mINP: 64.08%
Best Epoch [45]
==> Preparing Data Loader...
Epoch: [47][0/37] Time: 0.347 (0.347) lr:0.000557 base_lr:0.000056Loss: 0.1411 (0.1411) iLoss: 0.0017 (0.0017) CLoss: 0.0022 (0.0022) da_loss: 0.5415 (0.5415) dd_loss: 0.0289 (0.0289) Accu: 100.00
Test Epoch: 47
original feature:   Rank-1: 76.00% | Rank-5: 94.00% | Rank-10: 98.00%| Rank-20: 98.00%| mAP: 71.40%| mINP: 59.53%
feature after BN:   Rank-1: 78.00% | Rank-5: 94.00% | Rank-10: 98.00%| Rank-20: 100.00%| mAP: 75.05%| mINP: 65.67%
Best Epoch [47]
==> Preparing Data Loader...
Epoch: [48][0/37] Time: 0.309 (0.309) lr:0.000547 base_lr:0.000055Loss: 0.9697 (0.9697) iLoss: 0.0181 (0.0181) CLoss: 0.0548 (0.0548) da_loss: 0.5886 (0.5886) dd_loss: 0.7791 (0.7791) Accu: 100.00
Test Epoch: 48
original feature:   Rank-1: 76.00% | Rank-5: 90.00% | Rank-10: 96.00%| Rank-20: 98.00%| mAP: 73.66%| mINP: 63.90%
feature after BN:   Rank-1: 80.00% | Rank-5: 94.00% | Rank-10: 98.00%| Rank-20: 100.00%| mAP: 78.99%| mINP: 71.70%
Best Epoch [48]
==> Preparing Data Loader...
Epoch: [49][0/37] Time: 0.358 (0.358) lr:0.000536 base_lr:0.000054Loss: 0.3972 (0.3972) iLoss: 0.0009 (0.0009) CLoss: 0.0242 (0.0242) da_loss: 0.6040 (0.6040) dd_loss: 0.2513 (0.2513) Accu: 100.00
Test Epoch: 49
original feature:   Rank-1: 76.00% | Rank-5: 90.00% | Rank-10: 96.00%| Rank-20: 100.00%| mAP: 72.82%| mINP: 62.49%
feature after BN:   Rank-1: 76.00% | Rank-5: 94.00% | Rank-10: 96.00%| Rank-20: 96.00%| mAP: 76.20%| mINP: 68.77%
Best Epoch [48]
==> Preparing Data Loader...
Epoch: [50][0/37] Time: 0.358 (0.358) lr:0.000525 base_lr:0.000053Loss: 1.2158 (1.2158) iLoss: 0.1525 (0.1525) CLoss: 0.0489 (0.0489) da_loss: 0.5303 (0.5303) dd_loss: 0.9084 (0.9084) Accu: 93.75
Test Epoch: 50
original feature:   Rank-1: 80.00% | Rank-5: 92.00% | Rank-10: 98.00%| Rank-20: 100.00%| mAP: 75.03%| mINP: 64.24%
feature after BN:   Rank-1: 84.00% | Rank-5: 96.00% | Rank-10: 96.00%| Rank-20: 100.00%| mAP: 76.27%| mINP: 64.78%
Best Epoch [50]
==> Preparing Data Loader...
Epoch: [51][0/37] Time: 0.337 (0.337) lr:0.000515 base_lr:0.000051Loss: 2.7425 (2.7425) iLoss: 0.2737 (0.2737) CLoss: 0.6639 (0.6639) da_loss: 0.6708 (0.6708) dd_loss: 1.6707 (1.6707) Accu: 93.75
Test Epoch: 51
original feature:   Rank-1: 80.00% | Rank-5: 94.00% | Rank-10: 100.00%| Rank-20: 100.00%| mAP: 78.15%| mINP: 69.05%
feature after BN:   Rank-1: 78.00% | Rank-5: 96.00% | Rank-10: 96.00%| Rank-20: 100.00%| mAP: 79.24%| mINP: 72.18%
Best Epoch [50]
==> Preparing Data Loader...
Epoch: [52][0/37] Time: 0.356 (0.356) lr:0.000504 base_lr:0.000050Loss: 0.1905 (0.1905) iLoss: 0.0002 (0.0002) CLoss: 0.0000 (0.0000) da_loss: 0.4763 (0.4763) dd_loss: 0.0951 (0.0951) Accu: 100.00
Test Epoch: 52
original feature:   Rank-1: 82.00% | Rank-5: 98.00% | Rank-10: 98.00%| Rank-20: 100.00%| mAP: 79.96%| mINP: 71.33%
feature after BN:   Rank-1: 80.00% | Rank-5: 98.00% | Rank-10: 98.00%| Rank-20: 100.00%| mAP: 81.25%| mINP: 74.99%
Best Epoch [50]
==> Preparing Data Loader...
Epoch: [53][0/37] Time: 0.336 (0.336) lr:0.000493 base_lr:0.000049Loss: 0.6143 (0.6143) iLoss: 0.0286 (0.0286) CLoss: 0.0449 (0.0449) da_loss: 0.5407 (0.5407) dd_loss: 0.4326 (0.4326) Accu: 100.00
Test Epoch: 53
original feature:   Rank-1: 86.00% | Rank-5: 96.00% | Rank-10: 96.00%| Rank-20: 100.00%| mAP: 81.47%| mINP: 73.12%
feature after BN:   Rank-1: 84.00% | Rank-5: 98.00% | Rank-10: 98.00%| Rank-20: 98.00%| mAP: 80.96%| mINP: 73.05%
Best Epoch [53]
==> Preparing Data Loader...
Epoch: [54][0/37] Time: 0.301 (0.301) lr:0.000482 base_lr:0.000048Loss: 0.9137 (0.9137) iLoss: 0.0066 (0.0066) CLoss: 0.0317 (0.0317) da_loss: 0.5533 (0.5533) dd_loss: 0.7649 (0.7649) Accu: 100.00
Test Epoch: 54
original feature:   Rank-1: 82.00% | Rank-5: 92.00% | Rank-10: 98.00%| Rank-20: 100.00%| mAP: 80.46%| mINP: 73.54%
feature after BN:   Rank-1: 80.00% | Rank-5: 90.00% | Rank-10: 96.00%| Rank-20: 98.00%| mAP: 79.32%| mINP: 72.98%
Best Epoch [53]
==> Preparing Data Loader...
Epoch: [55][0/37] Time: 0.256 (0.256) lr:0.000472 base_lr:0.000047Loss: 0.7066 (0.7066) iLoss: 0.0075 (0.0075) CLoss: 0.1243 (0.1243) da_loss: 0.5662 (0.5662) dd_loss: 0.4616 (0.4616) Accu: 100.00
Test Epoch: 55
original feature:   Rank-1: 84.00% | Rank-5: 94.00% | Rank-10: 98.00%| Rank-20: 100.00%| mAP: 80.68%| mINP: 73.53%
feature after BN:   Rank-1: 80.00% | Rank-5: 94.00% | Rank-10: 96.00%| Rank-20: 100.00%| mAP: 80.28%| mINP: 73.99%
Best Epoch [53]
==> Preparing Data Loader...
Epoch: [56][0/37] Time: 0.272 (0.272) lr:0.000461 base_lr:0.000046Loss: 1.0072 (1.0072) iLoss: 0.0059 (0.0059) CLoss: 0.2566 (0.2566) da_loss: 0.5470 (0.5470) dd_loss: 0.6353 (0.6353) Accu: 100.00
Test Epoch: 56
original feature:   Rank-1: 76.00% | Rank-5: 98.00% | Rank-10: 100.00%| Rank-20: 100.00%| mAP: 76.32%| mINP: 67.91%
feature after BN:   Rank-1: 80.00% | Rank-5: 96.00% | Rank-10: 98.00%| Rank-20: 100.00%| mAP: 78.20%| mINP: 69.66%
Best Epoch [53]
==> Preparing Data Loader...
Epoch: [57][0/37] Time: 0.346 (0.346) lr:0.000450 base_lr:0.000045Loss: 0.5348 (0.5348) iLoss: 0.0020 (0.0020) CLoss: 0.0003 (0.0003) da_loss: 0.5205 (0.5205) dd_loss: 0.4284 (0.4284) Accu: 100.00
Test Epoch: 57
original feature:   Rank-1: 84.00% | Rank-5: 94.00% | Rank-10: 100.00%| Rank-20: 100.00%| mAP: 80.33%| mINP: 71.34%
feature after BN:   Rank-1: 82.00% | Rank-5: 96.00% | Rank-10: 98.00%| Rank-20: 100.00%| mAP: 79.25%| mINP: 70.91%
Best Epoch [53]
==> Preparing Data Loader...
Epoch: [58][0/37] Time: 0.330 (0.330) lr:0.000440 base_lr:0.000044Loss: 0.4232 (0.4232) iLoss: 0.0182 (0.0182) CLoss: 0.0569 (0.0569) da_loss: 0.5155 (0.5155) dd_loss: 0.2449 (0.2449) Accu: 100.00
Test Epoch: 58
original feature:   Rank-1: 88.00% | Rank-5: 96.00% | Rank-10: 98.00%| Rank-20: 100.00%| mAP: 81.60%| mINP: 71.56%
feature after BN:   Rank-1: 84.00% | Rank-5: 96.00% | Rank-10: 98.00%| Rank-20: 100.00%| mAP: 80.53%| mINP: 72.43%
Best Epoch [58]
==> Preparing Data Loader...
Epoch: [59][0/37] Time: 0.294 (0.294) lr:0.000429 base_lr:0.000043Loss: 0.5953 (0.5953) iLoss: 0.0103 (0.0103) CLoss: 0.0190 (0.0190) da_loss: 0.4641 (0.4641) dd_loss: 0.4733 (0.4733) Accu: 100.00
Test Epoch: 59
original feature:   Rank-1: 82.00% | Rank-5: 96.00% | Rank-10: 96.00%| Rank-20: 100.00%| mAP: 79.43%| mINP: 70.83%
feature after BN:   Rank-1: 84.00% | Rank-5: 96.00% | Rank-10: 98.00%| Rank-20: 98.00%| mAP: 79.76%| mINP: 70.55%
Best Epoch [58]
==> Preparing Data Loader...
Epoch: [60][0/37] Time: 0.343 (0.343) lr:0.000418 base_lr:0.000042Loss: 0.3079 (0.3079) iLoss: 0.0051 (0.0051) CLoss: 0.0149 (0.0149) da_loss: 0.4702 (0.4702) dd_loss: 0.1938 (0.1938) Accu: 100.00
Test Epoch: 60
original feature:   Rank-1: 80.00% | Rank-5: 92.00% | Rank-10: 98.00%| Rank-20: 100.00%| mAP: 75.12%| mINP: 64.48%
feature after BN:   Rank-1: 78.00% | Rank-5: 94.00% | Rank-10: 98.00%| Rank-20: 98.00%| mAP: 77.76%| mINP: 71.00%
Best Epoch [58]
==> Preparing Data Loader...
Epoch: [61][0/37] Time: 0.340 (0.340) lr:0.000407 base_lr:0.000041Loss: 0.2605 (0.2605) iLoss: 0.0021 (0.0021) CLoss: 0.0002 (0.0002) da_loss: 0.5092 (0.5092) dd_loss: 0.1564 (0.1564) Accu: 100.00
Test Epoch: 61
original feature:   Rank-1: 76.00% | Rank-5: 92.00% | Rank-10: 98.00%| Rank-20: 98.00%| mAP: 74.82%| mINP: 65.81%
feature after BN:   Rank-1: 74.00% | Rank-5: 90.00% | Rank-10: 96.00%| Rank-20: 98.00%| mAP: 75.68%| mINP: 69.67%
Best Epoch [58]
==> Preparing Data Loader...
Epoch: [62][0/37] Time: 0.352 (0.352) lr:0.000397 base_lr:0.000040Loss: 0.4608 (0.4608) iLoss: 0.0092 (0.0092) CLoss: 0.0450 (0.0450) da_loss: 0.5334 (0.5334) dd_loss: 0.2999 (0.2999) Accu: 100.00
Test Epoch: 62
original feature:   Rank-1: 78.00% | Rank-5: 96.00% | Rank-10: 98.00%| Rank-20: 98.00%| mAP: 76.67%| mINP: 68.83%
feature after BN:   Rank-1: 76.00% | Rank-5: 94.00% | Rank-10: 96.00%| Rank-20: 98.00%| mAP: 77.24%| mINP: 70.63%
Best Epoch [58]
==> Preparing Data Loader...
Epoch: [63][0/37] Time: 0.341 (0.341) lr:0.000386 base_lr:0.000039Loss: 1.4514 (1.4514) iLoss: 0.2016 (0.2016) CLoss: 0.2424 (0.2424) da_loss: 0.5165 (0.5165) dd_loss: 0.9041 (0.9041) Accu: 93.75
Test Epoch: 63
original feature:   Rank-1: 82.00% | Rank-5: 94.00% | Rank-10: 98.00%| Rank-20: 98.00%| mAP: 77.37%| mINP: 67.99%
feature after BN:   Rank-1: 76.00% | Rank-5: 94.00% | Rank-10: 96.00%| Rank-20: 98.00%| mAP: 76.55%| mINP: 69.58%
Best Epoch [58]
==> Preparing Data Loader...
Epoch: [64][0/37] Time: 0.336 (0.336) lr:0.000375 base_lr:0.000038Loss: 0.4166 (0.4166) iLoss: 0.0167 (0.0167) CLoss: 0.0464 (0.0464) da_loss: 0.4323 (0.4323) dd_loss: 0.2670 (0.2670) Accu: 100.00
Test Epoch: 64
original feature:   Rank-1: 86.00% | Rank-5: 94.00% | Rank-10: 96.00%| Rank-20: 100.00%| mAP: 82.00%| mINP: 74.51%
feature after BN:   Rank-1: 78.00% | Rank-5: 94.00% | Rank-10: 98.00%| Rank-20: 98.00%| mAP: 78.98%| mINP: 72.71%
Best Epoch [64]
==> Preparing Data Loader...
Epoch: [65][0/37] Time: 0.321 (0.321) lr:0.000365 base_lr:0.000036Loss: 0.2614 (0.2614) iLoss: 0.0243 (0.0243) CLoss: 0.0033 (0.0033) da_loss: 0.5023 (0.5023) dd_loss: 0.1333 (0.1333) Accu: 100.00
Test Epoch: 65
original feature:   Rank-1: 86.00% | Rank-5: 94.00% | Rank-10: 98.00%| Rank-20: 98.00%| mAP: 81.12%| mINP: 72.72%
feature after BN:   Rank-1: 84.00% | Rank-5: 96.00% | Rank-10: 98.00%| Rank-20: 98.00%| mAP: 80.38%| mINP: 71.96%
Best Epoch [65]
==> Preparing Data Loader...
Epoch: [66][0/37] Time: 0.307 (0.307) lr:0.000354 base_lr:0.000035Loss: 0.3328 (0.3328) iLoss: 0.0205 (0.0205) CLoss: 0.0529 (0.0529) da_loss: 0.5105 (0.5105) dd_loss: 0.1574 (0.1574) Accu: 100.00
Test Epoch: 66
original feature:   Rank-1: 88.00% | Rank-5: 94.00% | Rank-10: 96.00%| Rank-20: 98.00%| mAP: 81.03%| mINP: 71.23%
feature after BN:   Rank-1: 86.00% | Rank-5: 96.00% | Rank-10: 98.00%| Rank-20: 98.00%| mAP: 81.88%| mINP: 73.72%
Best Epoch [66]
==> Preparing Data Loader...
Epoch: [67][0/37] Time: 0.306 (0.306) lr:0.000343 base_lr:0.000034Loss: 0.2588 (0.2588) iLoss: 0.0015 (0.0015) CLoss: 0.0224 (0.0224) da_loss: 0.4621 (0.4621) dd_loss: 0.1425 (0.1425) Accu: 100.00
Test Epoch: 67
original feature:   Rank-1: 86.00% | Rank-5: 94.00% | Rank-10: 96.00%| Rank-20: 100.00%| mAP: 80.40%| mINP: 71.29%
feature after BN:   Rank-1: 82.00% | Rank-5: 94.00% | Rank-10: 98.00%| Rank-20: 98.00%| mAP: 79.85%| mINP: 72.00%
Best Epoch [66]
==> Preparing Data Loader...
Epoch: [68][0/37] Time: 0.338 (0.338) lr:0.000332 base_lr:0.000033Loss: 0.2301 (0.2301) iLoss: 0.0034 (0.0034) CLoss: 0.0263 (0.0263) da_loss: 0.4413 (0.4413) dd_loss: 0.1121 (0.1121) Accu: 100.00
Test Epoch: 68
original feature:   Rank-1: 84.00% | Rank-5: 94.00% | Rank-10: 96.00%| Rank-20: 98.00%| mAP: 80.17%| mINP: 72.08%
feature after BN:   Rank-1: 84.00% | Rank-5: 96.00% | Rank-10: 98.00%| Rank-20: 98.00%| mAP: 80.08%| mINP: 71.39%
Best Epoch [66]
==> Preparing Data Loader...
Epoch: [69][0/37] Time: 0.338 (0.338) lr:0.000322 base_lr:0.000032Loss: 0.1981 (0.1981) iLoss: 0.0014 (0.0014) CLoss: 0.0000 (0.0000) da_loss: 0.3862 (0.3862) dd_loss: 0.1194 (0.1194) Accu: 100.00
Test Epoch: 69
original feature:   Rank-1: 82.00% | Rank-5: 96.00% | Rank-10: 98.00%| Rank-20: 100.00%| mAP: 80.28%| mINP: 72.36%
feature after BN:   Rank-1: 90.00% | Rank-5: 98.00% | Rank-10: 98.00%| Rank-20: 98.00%| mAP: 83.50%| mINP: 74.51%
Best Epoch [69]
==> Preparing Data Loader...
Epoch: [70][0/37] Time: 0.317 (0.317) lr:0.000311 base_lr:0.000031Loss: 0.1888 (0.1888) iLoss: 0.0022 (0.0022) CLoss: 0.0016 (0.0016) da_loss: 0.4496 (0.4496) dd_loss: 0.0951 (0.0951) Accu: 100.00
Test Epoch: 70
original feature:   Rank-1: 86.00% | Rank-5: 96.00% | Rank-10: 98.00%| Rank-20: 98.00%| mAP: 80.44%| mINP: 70.61%
feature after BN:   Rank-1: 88.00% | Rank-5: 98.00% | Rank-10: 98.00%| Rank-20: 100.00%| mAP: 83.16%| mINP: 74.16%
Best Epoch [69]
==> Preparing Data Loader...
Epoch: [71][0/37] Time: 0.340 (0.340) lr:0.000300 base_lr:0.000030Loss: 0.1153 (0.1153) iLoss: 0.0002 (0.0002) CLoss: 0.0000 (0.0000) da_loss: 0.3922 (0.3922) dd_loss: 0.0367 (0.0367) Accu: 100.00
Test Epoch: 71
original feature:   Rank-1: 86.00% | Rank-5: 96.00% | Rank-10: 98.00%| Rank-20: 98.00%| mAP: 81.41%| mINP: 72.41%
feature after BN:   Rank-1: 86.00% | Rank-5: 98.00% | Rank-10: 98.00%| Rank-20: 98.00%| mAP: 82.35%| mINP: 74.40%
Best Epoch [69]
==> Preparing Data Loader...
Epoch: [72][0/37] Time: 0.345 (0.345) lr:0.000290 base_lr:0.000029Loss: 0.3945 (0.3945) iLoss: 0.0162 (0.0162) CLoss: 0.0590 (0.0590) da_loss: 0.4713 (0.4713) dd_loss: 0.2251 (0.2251) Accu: 100.00
Test Epoch: 72
original feature:   Rank-1: 84.00% | Rank-5: 96.00% | Rank-10: 98.00%| Rank-20: 98.00%| mAP: 79.86%| mINP: 71.13%
feature after BN:   Rank-1: 84.00% | Rank-5: 98.00% | Rank-10: 98.00%| Rank-20: 98.00%| mAP: 81.97%| mINP: 74.13%
Best Epoch [69]
==> Preparing Data Loader...
Epoch: [73][0/37] Time: 0.348 (0.348) lr:0.000279 base_lr:0.000028Loss: 0.4551 (0.4551) iLoss: 0.0025 (0.0025) CLoss: 0.0137 (0.0137) da_loss: 0.3945 (0.3945) dd_loss: 0.3599 (0.3599) Accu: 100.00
Test Epoch: 73
original feature:   Rank-1: 88.00% | Rank-5: 96.00% | Rank-10: 98.00%| Rank-20: 98.00%| mAP: 80.88%| mINP: 70.17%
feature after BN:   Rank-1: 88.00% | Rank-5: 98.00% | Rank-10: 98.00%| Rank-20: 98.00%| mAP: 82.91%| mINP: 73.68%
Best Epoch [69]
==> Preparing Data Loader...
Epoch: [74][0/37] Time: 0.342 (0.342) lr:0.000268 base_lr:0.000027Loss: 0.1543 (0.1543) iLoss: 0.0002 (0.0002) CLoss: 0.0000 (0.0000) da_loss: 0.3877 (0.3877) dd_loss: 0.0765 (0.0765) Accu: 100.00
Test Epoch: 74
original feature:   Rank-1: 88.00% | Rank-5: 98.00% | Rank-10: 98.00%| Rank-20: 100.00%| mAP: 81.18%| mINP: 70.18%
feature after BN:   Rank-1: 88.00% | Rank-5: 98.00% | Rank-10: 98.00%| Rank-20: 98.00%| mAP: 83.39%| mINP: 75.04%
Best Epoch [69]
==> Preparing Data Loader...
Epoch: [75][0/37] Time: 0.362 (0.362) lr:0.000257 base_lr:0.000026Loss: 0.0782 (0.0782) iLoss: 0.0000 (0.0000) CLoss: 0.0000 (0.0000) da_loss: 0.3540 (0.3540) dd_loss: 0.0073 (0.0073) Accu: 100.00
Test Epoch: 75
original feature:   Rank-1: 88.00% | Rank-5: 96.00% | Rank-10: 98.00%| Rank-20: 100.00%| mAP: 83.14%| mINP: 74.37%
feature after BN:   Rank-1: 88.00% | Rank-5: 98.00% | Rank-10: 98.00%| Rank-20: 98.00%| mAP: 82.96%| mINP: 73.78%
Best Epoch [69]
==> Preparing Data Loader...
Epoch: [76][0/37] Time: 0.348 (0.348) lr:0.000247 base_lr:0.000025Loss: 0.1853 (0.1853) iLoss: 0.0007 (0.0007) CLoss: 0.0202 (0.0202) da_loss: 0.3870 (0.3870) dd_loss: 0.0871 (0.0871) Accu: 100.00
Test Epoch: 76
original feature:   Rank-1: 84.00% | Rank-5: 96.00% | Rank-10: 98.00%| Rank-20: 100.00%| mAP: 81.11%| mINP: 73.01%
feature after BN:   Rank-1: 90.00% | Rank-5: 96.00% | Rank-10: 98.00%| Rank-20: 100.00%| mAP: 84.37%| mINP: 75.62%
Best Epoch [69]
==> Preparing Data Loader...
Epoch: [77][0/37] Time: 0.338 (0.338) lr:0.000236 base_lr:0.000024Loss: 0.0945 (0.0945) iLoss: 0.0001 (0.0001) CLoss: 0.0000 (0.0000) da_loss: 0.3225 (0.3225) dd_loss: 0.0299 (0.0299) Accu: 100.00
Test Epoch: 77
original feature:   Rank-1: 82.00% | Rank-5: 94.00% | Rank-10: 98.00%| Rank-20: 100.00%| mAP: 81.00%| mINP: 73.84%
feature after BN:   Rank-1: 86.00% | Rank-5: 98.00% | Rank-10: 98.00%| Rank-20: 98.00%| mAP: 82.75%| mINP: 75.00%
Best Epoch [69]
==> Preparing Data Loader...
Epoch: [78][0/37] Time: 0.335 (0.335) lr:0.000225 base_lr:0.000023Loss: 0.1122 (0.1122) iLoss: 0.0005 (0.0005) CLoss: 0.0000 (0.0000) da_loss: 0.3967 (0.3967) dd_loss: 0.0323 (0.0323) Accu: 100.00
Test Epoch: 78
original feature:   Rank-1: 84.00% | Rank-5: 98.00% | Rank-10: 100.00%| Rank-20: 100.00%| mAP: 81.58%| mINP: 72.95%
feature after BN:   Rank-1: 90.00% | Rank-5: 98.00% | Rank-10: 100.00%| Rank-20: 100.00%| mAP: 83.85%| mINP: 74.47%
Best Epoch [69]
==> Preparing Data Loader...
Epoch: [79][0/37] Time: 0.284 (0.284) lr:0.000215 base_lr:0.000021Loss: 0.1619 (0.1619) iLoss: 0.0024 (0.0024) CLoss: 0.0001 (0.0001) da_loss: 0.3859 (0.3859) dd_loss: 0.0823 (0.0823) Accu: 100.00
Test Epoch: 79
original feature:   Rank-1: 84.00% | Rank-5: 98.00% | Rank-10: 100.00%| Rank-20: 100.00%| mAP: 81.38%| mINP: 72.66%
feature after BN:   Rank-1: 88.00% | Rank-5: 98.00% | Rank-10: 98.00%| Rank-20: 100.00%| mAP: 83.02%| mINP: 73.36%
Best Epoch [69]
==> Preparing Data Loader...
Epoch: [80][0/37] Time: 0.333 (0.333) lr:0.000204 base_lr:0.000020Loss: 0.6536 (0.6536) iLoss: 0.0032 (0.0032) CLoss: 0.0000 (0.0000) da_loss: 0.3608 (0.3608) dd_loss: 0.5782 (0.5782) Accu: 100.00
Test Epoch: 80
original feature:   Rank-1: 82.00% | Rank-5: 96.00% | Rank-10: 98.00%| Rank-20: 100.00%| mAP: 79.34%| mINP: 70.92%
feature after BN:   Rank-1: 82.00% | Rank-5: 96.00% | Rank-10: 98.00%| Rank-20: 100.00%| mAP: 80.38%| mINP: 72.77%
Best Epoch [69]
==> Preparing Data Loader...
Epoch: [81][0/37] Time: 0.342 (0.342) lr:0.000193 base_lr:0.000019Loss: 0.1277 (0.1277) iLoss: 0.0004 (0.0004) CLoss: 0.0000 (0.0000) da_loss: 0.3972 (0.3972) dd_loss: 0.0478 (0.0478) Accu: 100.00
Test Epoch: 81
original feature:   Rank-1: 80.00% | Rank-5: 94.00% | Rank-10: 98.00%| Rank-20: 100.00%| mAP: 78.60%| mINP: 70.67%
feature after BN:   Rank-1: 84.00% | Rank-5: 98.00% | Rank-10: 98.00%| Rank-20: 100.00%| mAP: 81.73%| mINP: 74.08%
Best Epoch [69]
==> Preparing Data Loader...
Epoch: [82][0/37] Time: 0.334 (0.334) lr:0.000182 base_lr:0.000018Loss: 0.5639 (0.5639) iLoss: 0.0059 (0.0059) CLoss: 0.1792 (0.1792) da_loss: 0.4390 (0.4390) dd_loss: 0.2910 (0.2910) Accu: 100.00
Test Epoch: 82
original feature:   Rank-1: 84.00% | Rank-5: 98.00% | Rank-10: 98.00%| Rank-20: 100.00%| mAP: 80.12%| mINP: 71.25%
feature after BN:   Rank-1: 80.00% | Rank-5: 98.00% | Rank-10: 98.00%| Rank-20: 100.00%| mAP: 80.87%| mINP: 74.13%
Best Epoch [69]
==> Preparing Data Loader...
Epoch: [83][0/37] Time: 0.342 (0.342) lr:0.000172 base_lr:0.000017Loss: 0.1146 (0.1146) iLoss: 0.0011 (0.0011) CLoss: 0.0030 (0.0030) da_loss: 0.3451 (0.3451) dd_loss: 0.0415 (0.0415) Accu: 100.00
Test Epoch: 83
original feature:   Rank-1: 82.00% | Rank-5: 98.00% | Rank-10: 98.00%| Rank-20: 100.00%| mAP: 80.42%| mINP: 72.37%
feature after BN:   Rank-1: 82.00% | Rank-5: 98.00% | Rank-10: 98.00%| Rank-20: 100.00%| mAP: 82.77%| mINP: 76.41%
Best Epoch [69]
==> Preparing Data Loader...
Epoch: [84][0/37] Time: 0.341 (0.341) lr:0.000161 base_lr:0.000016Loss: 0.1325 (0.1325) iLoss: 0.0013 (0.0013) CLoss: 0.0001 (0.0001) da_loss: 0.3662 (0.3662) dd_loss: 0.0579 (0.0579) Accu: 100.00
Test Epoch: 84
original feature:   Rank-1: 80.00% | Rank-5: 98.00% | Rank-10: 98.00%| Rank-20: 100.00%| mAP: 79.76%| mINP: 72.50%
feature after BN:   Rank-1: 82.00% | Rank-5: 98.00% | Rank-10: 98.00%| Rank-20: 98.00%| mAP: 82.84%| mINP: 76.41%
Best Epoch [69]
==> Preparing Data Loader...
Epoch: [85][0/37] Time: 0.348 (0.348) lr:0.000150 base_lr:0.000015Loss: 0.3924 (0.3924) iLoss: 0.0004 (0.0004) CLoss: 0.0005 (0.0005) da_loss: 0.3993 (0.3993) dd_loss: 0.3117 (0.3117) Accu: 100.00
Test Epoch: 85
original feature:   Rank-1: 78.00% | Rank-5: 98.00% | Rank-10: 98.00%| Rank-20: 100.00%| mAP: 79.88%| mINP: 72.99%
feature after BN:   Rank-1: 80.00% | Rank-5: 98.00% | Rank-10: 98.00%| Rank-20: 98.00%| mAP: 81.75%| mINP: 75.93%
Best Epoch [69]
==> Preparing Data Loader...
Epoch: [86][0/37] Time: 0.332 (0.332) lr:0.000140 base_lr:0.000014Loss: 0.1831 (0.1831) iLoss: 0.0003 (0.0003) CLoss: 0.0521 (0.0521) da_loss: 0.3758 (0.3758) dd_loss: 0.0555 (0.0555) Accu: 100.00
Test Epoch: 86
original feature:   Rank-1: 80.00% | Rank-5: 98.00% | Rank-10: 98.00%| Rank-20: 100.00%| mAP: 79.30%| mINP: 71.12%
feature after BN:   Rank-1: 80.00% | Rank-5: 98.00% | Rank-10: 98.00%| Rank-20: 100.00%| mAP: 81.36%| mINP: 74.29%
Best Epoch [69]
==> Preparing Data Loader...
Epoch: [87][0/37] Time: 0.315 (0.315) lr:0.000129 base_lr:0.000013Loss: 0.4529 (0.4529) iLoss: 0.0388 (0.0388) CLoss: 0.0043 (0.0043) da_loss: 0.3892 (0.3892) dd_loss: 0.3321 (0.3321) Accu: 100.00
Test Epoch: 87
original feature:   Rank-1: 82.00% | Rank-5: 98.00% | Rank-10: 98.00%| Rank-20: 100.00%| mAP: 80.04%| mINP: 72.05%
feature after BN:   Rank-1: 80.00% | Rank-5: 98.00% | Rank-10: 98.00%| Rank-20: 98.00%| mAP: 80.50%| mINP: 73.08%
Best Epoch [69]
==> Preparing Data Loader...
Epoch: [88][0/37] Time: 0.345 (0.345) lr:0.000118 base_lr:0.000012Loss: 0.4754 (0.4754) iLoss: 0.0004 (0.0004) CLoss: 0.0000 (0.0000) da_loss: 0.3282 (0.3282) dd_loss: 0.4093 (0.4093) Accu: 100.00
Test Epoch: 88
original feature:   Rank-1: 86.00% | Rank-5: 96.00% | Rank-10: 98.00%| Rank-20: 100.00%| mAP: 81.46%| mINP: 73.01%
feature after BN:   Rank-1: 82.00% | Rank-5: 98.00% | Rank-10: 98.00%| Rank-20: 98.00%| mAP: 81.44%| mINP: 74.13%
Best Epoch [69]
==> Preparing Data Loader...
Epoch: [89][0/37] Time: 0.338 (0.338) lr:0.000107 base_lr:0.000011Loss: 0.1098 (0.1098) iLoss: 0.0002 (0.0002) CLoss: 0.0003 (0.0003) da_loss: 0.3285 (0.3285) dd_loss: 0.0436 (0.0436) Accu: 100.00
Test Epoch: 89
original feature:   Rank-1: 84.00% | Rank-5: 98.00% | Rank-10: 98.00%| Rank-20: 100.00%| mAP: 79.69%| mINP: 70.45%
feature after BN:   Rank-1: 78.00% | Rank-5: 98.00% | Rank-10: 98.00%| Rank-20: 98.00%| mAP: 79.89%| mINP: 73.46%
Best Epoch [69]
==> Preparing Data Loader...
Epoch: [90][0/37] Time: 0.338 (0.338) lr:0.000097 base_lr:0.000010Loss: 0.4820 (0.4820) iLoss: 0.0088 (0.0088) CLoss: 0.1418 (0.1418) da_loss: 0.4296 (0.4296) dd_loss: 0.2454 (0.2454) Accu: 100.00
Test Epoch: 90
original feature:   Rank-1: 86.00% | Rank-5: 98.00% | Rank-10: 98.00%| Rank-20: 100.00%| mAP: 81.05%| mINP: 72.37%
feature after BN:   Rank-1: 80.00% | Rank-5: 98.00% | Rank-10: 98.00%| Rank-20: 98.00%| mAP: 80.66%| mINP: 73.58%
Best Epoch [69]
==> Preparing Data Loader...
Epoch: [91][0/37] Time: 0.336 (0.336) lr:0.000086 base_lr:0.000009Loss: 0.1664 (0.1664) iLoss: 0.0002 (0.0002) CLoss: 0.0000 (0.0000) da_loss: 0.3302 (0.3302) dd_loss: 0.1001 (0.1001) Accu: 100.00
Test Epoch: 91
original feature:   Rank-1: 86.00% | Rank-5: 98.00% | Rank-10: 98.00%| Rank-20: 100.00%| mAP: 81.49%| mINP: 72.79%
feature after BN:   Rank-1: 82.00% | Rank-5: 98.00% | Rank-10: 98.00%| Rank-20: 100.00%| mAP: 81.68%| mINP: 74.59%
Best Epoch [69]
==> Preparing Data Loader...
Epoch: [92][0/37] Time: 0.337 (0.337) lr:0.000075 base_lr:0.000008Loss: 0.0768 (0.0768) iLoss: 0.0007 (0.0007) CLoss: 0.0000 (0.0000) da_loss: 0.3275 (0.3275) dd_loss: 0.0106 (0.0106) Accu: 100.00
Test Epoch: 92
original feature:   Rank-1: 86.00% | Rank-5: 96.00% | Rank-10: 98.00%| Rank-20: 100.00%| mAP: 81.17%| mINP: 72.38%
feature after BN:   Rank-1: 82.00% | Rank-5: 98.00% | Rank-10: 98.00%| Rank-20: 100.00%| mAP: 82.35%| mINP: 75.75%
Best Epoch [69]
==> Preparing Data Loader...
Epoch: [93][0/37] Time: 0.359 (0.359) lr:0.000065 base_lr:0.000006Loss: 0.5036 (0.5036) iLoss: 0.0121 (0.0121) CLoss: 0.0486 (0.0486) da_loss: 0.3830 (0.3830) dd_loss: 0.3664 (0.3664) Accu: 100.00
Test Epoch: 93
original feature:   Rank-1: 86.00% | Rank-5: 96.00% | Rank-10: 98.00%| Rank-20: 100.00%| mAP: 81.07%| mINP: 71.85%
feature after BN:   Rank-1: 84.00% | Rank-5: 98.00% | Rank-10: 98.00%| Rank-20: 98.00%| mAP: 82.39%| mINP: 75.12%
Best Epoch [69]
==> Preparing Data Loader...
Epoch: [94][0/37] Time: 0.352 (0.352) lr:0.000054 base_lr:0.000005Loss: 0.5098 (0.5098) iLoss: 0.0120 (0.0120) CLoss: 0.0840 (0.0840) da_loss: 0.3849 (0.3849) dd_loss: 0.3368 (0.3368) Accu: 100.00
Test Epoch: 94
original feature:   Rank-1: 86.00% | Rank-5: 98.00% | Rank-10: 98.00%| Rank-20: 100.00%| mAP: 81.31%| mINP: 72.03%
feature after BN:   Rank-1: 82.00% | Rank-5: 98.00% | Rank-10: 98.00%| Rank-20: 98.00%| mAP: 81.90%| mINP: 74.66%
Best Epoch [69]
==> Preparing Data Loader...
Epoch: [95][0/37] Time: 0.338 (0.338) lr:0.000043 base_lr:0.000004Loss: 0.4625 (0.4625) iLoss: 0.0221 (0.0221) CLoss: 0.0006 (0.0006) da_loss: 0.3706 (0.3706) dd_loss: 0.3657 (0.3657) Accu: 100.00
Test Epoch: 95
original feature:   Rank-1: 86.00% | Rank-5: 96.00% | Rank-10: 98.00%| Rank-20: 100.00%| mAP: 81.93%| mINP: 73.58%
feature after BN:   Rank-1: 82.00% | Rank-5: 98.00% | Rank-10: 98.00%| Rank-20: 98.00%| mAP: 81.06%| mINP: 73.30%
Best Epoch [69]
==> Preparing Data Loader...
Epoch: [96][0/37] Time: 0.339 (0.339) lr:0.000032 base_lr:0.000003Loss: 0.1759 (0.1759) iLoss: 0.0011 (0.0011) CLoss: 0.0000 (0.0000) da_loss: 0.3554 (0.3554) dd_loss: 0.1036 (0.1036) Accu: 100.00
Test Epoch: 96
original feature:   Rank-1: 86.00% | Rank-5: 96.00% | Rank-10: 98.00%| Rank-20: 100.00%| mAP: 81.96%| mINP: 73.64%
feature after BN:   Rank-1: 78.00% | Rank-5: 98.00% | Rank-10: 98.00%| Rank-20: 98.00%| mAP: 80.01%| mINP: 73.70%
Best Epoch [69]
==> Preparing Data Loader...
Epoch: [97][0/37] Time: 0.352 (0.352) lr:0.000022 base_lr:0.000002Loss: 0.3728 (0.3728) iLoss: 0.0052 (0.0052) CLoss: 0.0003 (0.0003) da_loss: 0.3292 (0.3292) dd_loss: 0.3014 (0.3014) Accu: 100.00
Test Epoch: 97
original feature:   Rank-1: 84.00% | Rank-5: 98.00% | Rank-10: 98.00%| Rank-20: 100.00%| mAP: 82.22%| mINP: 74.76%
feature after BN:   Rank-1: 80.00% | Rank-5: 98.00% | Rank-10: 98.00%| Rank-20: 98.00%| mAP: 81.18%| mINP: 74.53%
Best Epoch [69]
==> Preparing Data Loader...
Epoch: [98][0/37] Time: 0.274 (0.274) lr:0.000011 base_lr:0.000001Loss: 0.2501 (0.2501) iLoss: 0.0011 (0.0011) CLoss: 0.0001 (0.0001) da_loss: 0.3234 (0.3234) dd_loss: 0.1842 (0.1842) Accu: 100.00
Test Epoch: 98
original feature:   Rank-1: 88.00% | Rank-5: 96.00% | Rank-10: 98.00%| Rank-20: 100.00%| mAP: 82.96%| mINP: 74.62%
feature after BN:   Rank-1: 82.00% | Rank-5: 98.00% | Rank-10: 98.00%| Rank-20: 100.00%| mAP: 81.83%| mINP: 74.72%
Best Epoch [69]
==> Preparing Data Loader...
Epoch: [99][0/37] Time: 0.358 (0.358) lr:0.000000 base_lr:0.000000Loss: 0.5651 (0.5651) iLoss: 0.0009 (0.0009) CLoss: 0.0000 (0.0000) da_loss: 0.3628 (0.3628) dd_loss: 0.4917 (0.4917) Accu: 100.00
Test Epoch: 99
original feature:   Rank-1: 86.00% | Rank-5: 96.00% | Rank-10: 98.00%| Rank-20: 100.00%| mAP: 82.28%| mINP: 73.99%
feature after BN:   Rank-1: 86.00% | Rank-5: 98.00% | Rank-10: 98.00%| Rank-20: 98.00%| mAP: 83.08%| mINP: 74.72%
Best Epoch [69]
