==========
Args:Namespace(batch_size=8, dataset='pku', decay_step=16, dim=2048, gpu='0,1,2,3', img_h=288, img_w=144, log_path='log/', lr=0.0009, margin=0.5, max_epoch=100, mode='all', model_path='save_model/', noticed='test', num_pos=1, pool_dim=2048, rerank='no', save_epoch=1000, seed=0, test_batch=16, trial=5, warm_up_epoch=8, workers=4)
==========
==> Loading data..
data init success!
==> Building model..
==> Building success!..
==> Start Training...
==> Preparing Data Loader...
Epoch: [0][0/37] Time: 2.370 (2.370) lr:0.000055 base_lr:0.000005Loss: 14.5253 (14.5253) iLoss: 5.0198 (5.0198) CLoss: 3.7104 (3.7104) da_loss: 1.3922 (1.3922) dd_loss: 5.5167 (5.5167) Accu: 0.00
Test Epoch: 0
original feature:   Rank-1: 18.00% | Rank-5: 36.00% | Rank-10: 50.00%| Rank-20: 74.00%| mAP: 18.82%| mINP: 8.40%
feature after BN:   Rank-1: 18.00% | Rank-5: 36.00% | Rank-10: 58.00%| Rank-20: 78.00%| mAP: 21.23%| mINP: 13.40%
Best Epoch [0]
==> Preparing Data Loader...
Epoch: [1][0/37] Time: 0.351 (0.351) lr:0.000111 base_lr:0.000011Loss: 13.1638 (13.1638) iLoss: 4.9202 (4.9202) CLoss: 2.6659 (2.6659) da_loss: 1.0197 (1.0197) dd_loss: 5.3737 (5.3737) Accu: 31.25
Test Epoch: 1
original feature:   Rank-1: 24.00% | Rank-5: 56.00% | Rank-10: 74.00%| Rank-20: 86.00%| mAP: 30.83%| mINP: 20.47%
feature after BN:   Rank-1: 26.00% | Rank-5: 60.00% | Rank-10: 80.00%| Rank-20: 88.00%| mAP: 35.04%| mINP: 27.51%
Best Epoch [1]
==> Preparing Data Loader...
Epoch: [2][0/37] Time: 0.357 (0.357) lr:0.000167 base_lr:0.000017Loss: 11.2139 (11.2139) iLoss: 4.5299 (4.5299) CLoss: 1.4722 (1.4722) da_loss: 0.8927 (0.8927) dd_loss: 5.0332 (5.0332) Accu: 37.50
Test Epoch: 2
original feature:   Rank-1: 40.00% | Rank-5: 76.00% | Rank-10: 80.00%| Rank-20: 86.00%| mAP: 43.44%| mINP: 31.57%
feature after BN:   Rank-1: 38.00% | Rank-5: 74.00% | Rank-10: 82.00%| Rank-20: 96.00%| mAP: 43.31%| mINP: 33.94%
Best Epoch [2]
==> Preparing Data Loader...
Epoch: [3][0/37] Time: 0.359 (0.359) lr:0.000224 base_lr:0.000022Loss: 8.0909 (8.0909) iLoss: 3.4340 (3.4340) CLoss: 0.2369 (0.2369) da_loss: 0.7223 (0.7223) dd_loss: 4.2756 (4.2756) Accu: 31.25
Test Epoch: 3
original feature:   Rank-1: 44.00% | Rank-5: 78.00% | Rank-10: 92.00%| Rank-20: 100.00%| mAP: 48.42%| mINP: 38.16%
feature after BN:   Rank-1: 44.00% | Rank-5: 84.00% | Rank-10: 100.00%| Rank-20: 100.00%| mAP: 51.88%| mINP: 41.52%
Best Epoch [3]
==> Preparing Data Loader...
Epoch: [4][0/37] Time: 0.341 (0.341) lr:0.000280 base_lr:0.000028Loss: 7.0270 (7.0270) iLoss: 2.7472 (2.7472) CLoss: 0.2798 (0.2798) da_loss: 0.6999 (0.6999) dd_loss: 3.8600 (3.8600) Accu: 56.25
Test Epoch: 4
original feature:   Rank-1: 48.00% | Rank-5: 78.00% | Rank-10: 90.00%| Rank-20: 94.00%| mAP: 54.59%| mINP: 48.23%
feature after BN:   Rank-1: 54.00% | Rank-5: 86.00% | Rank-10: 94.00%| Rank-20: 98.00%| mAP: 57.14%| mINP: 47.43%
Best Epoch [4]
==> Preparing Data Loader...
Epoch: [5][0/37] Time: 0.305 (0.305) lr:0.000336 base_lr:0.000034Loss: 5.2842 (5.2842) iLoss: 1.7014 (1.7014) CLoss: 0.1679 (0.1679) da_loss: 0.6305 (0.6305) dd_loss: 3.2889 (3.2889) Accu: 81.25
Test Epoch: 5
original feature:   Rank-1: 58.00% | Rank-5: 82.00% | Rank-10: 86.00%| Rank-20: 96.00%| mAP: 58.43%| mINP: 49.71%
feature after BN:   Rank-1: 50.00% | Rank-5: 84.00% | Rank-10: 90.00%| Rank-20: 96.00%| mAP: 58.03%| mINP: 50.68%
Best Epoch [4]
==> Preparing Data Loader...
Epoch: [6][0/37] Time: 0.316 (0.316) lr:0.000392 base_lr:0.000039Loss: 4.3720 (4.3720) iLoss: 0.9422 (0.9422) CLoss: 0.1270 (0.1270) da_loss: 0.6160 (0.6160) dd_loss: 3.1797 (3.1797) Accu: 87.50
Test Epoch: 6
original feature:   Rank-1: 60.00% | Rank-5: 84.00% | Rank-10: 96.00%| Rank-20: 100.00%| mAP: 62.51%| mINP: 54.46%
feature after BN:   Rank-1: 62.00% | Rank-5: 88.00% | Rank-10: 100.00%| Rank-20: 100.00%| mAP: 64.89%| mINP: 57.51%
Best Epoch [6]
==> Preparing Data Loader...
Epoch: [7][0/37] Time: 0.351 (0.351) lr:0.000449 base_lr:0.000045Loss: 3.5472 (3.5472) iLoss: 0.3967 (0.3967) CLoss: 0.0003 (0.0003) da_loss: 0.4951 (0.4951) dd_loss: 3.0513 (3.0513) Accu: 100.00
Test Epoch: 7
original feature:   Rank-1: 62.00% | Rank-5: 86.00% | Rank-10: 94.00%| Rank-20: 96.00%| mAP: 62.60%| mINP: 51.98%
feature after BN:   Rank-1: 60.00% | Rank-5: 92.00% | Rank-10: 96.00%| Rank-20: 98.00%| mAP: 65.15%| mINP: 56.46%
Best Epoch [6]
==> Preparing Data Loader...
Epoch: [8][0/37] Time: 0.353 (0.353) lr:0.000505 base_lr:0.000050Loss: 3.4281 (3.4281) iLoss: 0.2904 (0.2904) CLoss: 0.0011 (0.0011) da_loss: 0.5266 (0.5266) dd_loss: 3.0313 (3.0313) Accu: 100.00
Test Epoch: 8
original feature:   Rank-1: 56.00% | Rank-5: 84.00% | Rank-10: 96.00%| Rank-20: 98.00%| mAP: 59.90%| mINP: 51.83%
feature after BN:   Rank-1: 52.00% | Rank-5: 88.00% | Rank-10: 98.00%| Rank-20: 100.00%| mAP: 60.70%| mINP: 53.13%
Best Epoch [6]
==> Preparing Data Loader...
Epoch: [9][0/37] Time: 0.344 (0.344) lr:0.000561 base_lr:0.000056Loss: 3.5209 (3.5209) iLoss: 0.0874 (0.0874) CLoss: 0.0042 (0.0042) da_loss: 0.5230 (0.5230) dd_loss: 3.3247 (3.3247) Accu: 100.00
Test Epoch: 9
original feature:   Rank-1: 58.00% | Rank-5: 84.00% | Rank-10: 92.00%| Rank-20: 100.00%| mAP: 58.42%| mINP: 48.78%
feature after BN:   Rank-1: 64.00% | Rank-5: 88.00% | Rank-10: 98.00%| Rank-20: 100.00%| mAP: 64.59%| mINP: 55.11%
Best Epoch [9]
==> Preparing Data Loader...
Epoch: [10][0/37] Time: 0.343 (0.343) lr:0.000617 base_lr:0.000062Loss: 3.7051 (3.7051) iLoss: 0.3144 (0.3144) CLoss: 0.0043 (0.0043) da_loss: 0.5694 (0.5694) dd_loss: 3.2725 (3.2725) Accu: 100.00
Test Epoch: 10
original feature:   Rank-1: 66.00% | Rank-5: 88.00% | Rank-10: 96.00%| Rank-20: 100.00%| mAP: 64.29%| mINP: 53.09%
feature after BN:   Rank-1: 68.00% | Rank-5: 90.00% | Rank-10: 98.00%| Rank-20: 100.00%| mAP: 66.80%| mINP: 56.82%
Best Epoch [10]
==> Preparing Data Loader...
Epoch: [11][0/37] Time: 0.359 (0.359) lr:0.000674 base_lr:0.000067Loss: 3.7432 (3.7432) iLoss: 0.1410 (0.1410) CLoss: 0.0011 (0.0011) da_loss: 0.5831 (0.5831) dd_loss: 3.4845 (3.4845) Accu: 100.00
Test Epoch: 11
original feature:   Rank-1: 52.00% | Rank-5: 86.00% | Rank-10: 96.00%| Rank-20: 98.00%| mAP: 58.18%| mINP: 49.30%
feature after BN:   Rank-1: 58.00% | Rank-5: 88.00% | Rank-10: 94.00%| Rank-20: 98.00%| mAP: 60.34%| mINP: 50.40%
Best Epoch [10]
==> Preparing Data Loader...
Epoch: [12][0/37] Time: 0.341 (0.341) lr:0.000730 base_lr:0.000073Loss: 3.5037 (3.5037) iLoss: 0.1066 (0.1066) CLoss: 0.0170 (0.0170) da_loss: 0.5914 (0.5914) dd_loss: 3.2618 (3.2618) Accu: 100.00
Test Epoch: 12
original feature:   Rank-1: 54.00% | Rank-5: 88.00% | Rank-10: 96.00%| Rank-20: 100.00%| mAP: 55.87%| mINP: 43.27%
feature after BN:   Rank-1: 56.00% | Rank-5: 84.00% | Rank-10: 98.00%| Rank-20: 100.00%| mAP: 57.38%| mINP: 45.35%
Best Epoch [10]
==> Preparing Data Loader...
Epoch: [13][0/37] Time: 0.320 (0.320) lr:0.000786 base_lr:0.000079Loss: 3.5272 (3.5272) iLoss: 0.1139 (0.1139) CLoss: 0.0434 (0.0434) da_loss: 0.5734 (0.5734) dd_loss: 3.2552 (3.2552) Accu: 100.00
Test Epoch: 13
original feature:   Rank-1: 44.00% | Rank-5: 78.00% | Rank-10: 94.00%| Rank-20: 98.00%| mAP: 52.96%| mINP: 46.72%
feature after BN:   Rank-1: 50.00% | Rank-5: 88.00% | Rank-10: 98.00%| Rank-20: 98.00%| mAP: 56.92%| mINP: 49.36%
Best Epoch [10]
==> Preparing Data Loader...
Epoch: [14][0/37] Time: 0.335 (0.335) lr:0.000842 base_lr:0.000084Loss: 4.4441 (4.4441) iLoss: 0.6688 (0.6688) CLoss: 0.0242 (0.0242) da_loss: 0.5792 (0.5792) dd_loss: 3.6353 (3.6353) Accu: 81.25
Test Epoch: 14
original feature:   Rank-1: 60.00% | Rank-5: 86.00% | Rank-10: 94.00%| Rank-20: 98.00%| mAP: 58.01%| mINP: 44.67%
feature after BN:   Rank-1: 48.00% | Rank-5: 80.00% | Rank-10: 94.00%| Rank-20: 100.00%| mAP: 54.70%| mINP: 46.85%
Best Epoch [10]
==> Preparing Data Loader...
Epoch: [15][0/37] Time: 0.333 (0.333) lr:0.000898 base_lr:0.000090Loss: 4.1364 (4.1364) iLoss: 0.3844 (0.3844) CLoss: 0.2336 (0.2336) da_loss: 0.6500 (0.6500) dd_loss: 3.3884 (3.3884) Accu: 87.50
Test Epoch: 15
original feature:   Rank-1: 56.00% | Rank-5: 80.00% | Rank-10: 86.00%| Rank-20: 94.00%| mAP: 59.25%| mINP: 52.80%
feature after BN:   Rank-1: 60.00% | Rank-5: 92.00% | Rank-10: 94.00%| Rank-20: 96.00%| mAP: 61.45%| mINP: 52.27%
Best Epoch [10]
==> Preparing Data Loader...
Epoch: [16][0/37] Time: 0.283 (0.283) lr:0.000890 base_lr:0.000089Loss: 4.2087 (4.2087) iLoss: 0.3178 (0.3178) CLoss: 0.0983 (0.0983) da_loss: 0.6827 (0.6827) dd_loss: 3.6561 (3.6561) Accu: 93.75
Test Epoch: 16
original feature:   Rank-1: 62.00% | Rank-5: 90.00% | Rank-10: 100.00%| Rank-20: 100.00%| mAP: 62.61%| mINP: 51.46%
feature after BN:   Rank-1: 66.00% | Rank-5: 96.00% | Rank-10: 98.00%| Rank-20: 98.00%| mAP: 63.86%| mINP: 51.25%
Best Epoch [10]
==> Preparing Data Loader...
Epoch: [17][0/37] Time: 0.341 (0.341) lr:0.000879 base_lr:0.000088Loss: 4.3045 (4.3045) iLoss: 0.2687 (0.2687) CLoss: 0.0054 (0.0054) da_loss: 0.5861 (0.5861) dd_loss: 3.9132 (3.9132) Accu: 87.50
Test Epoch: 17
original feature:   Rank-1: 56.00% | Rank-5: 86.00% | Rank-10: 92.00%| Rank-20: 100.00%| mAP: 56.73%| mINP: 43.88%
feature after BN:   Rank-1: 58.00% | Rank-5: 84.00% | Rank-10: 96.00%| Rank-20: 100.00%| mAP: 60.92%| mINP: 51.29%
Best Epoch [10]
==> Preparing Data Loader...
Epoch: [18][0/37] Time: 0.345 (0.345) lr:0.000868 base_lr:0.000087Loss: 3.6411 (3.6411) iLoss: 0.1694 (0.1694) CLoss: 0.0290 (0.0290) da_loss: 0.6152 (0.6152) dd_loss: 3.3197 (3.3197) Accu: 100.00
Test Epoch: 18
original feature:   Rank-1: 58.00% | Rank-5: 90.00% | Rank-10: 92.00%| Rank-20: 96.00%| mAP: 62.37%| mINP: 51.82%
feature after BN:   Rank-1: 54.00% | Rank-5: 92.00% | Rank-10: 98.00%| Rank-20: 100.00%| mAP: 65.51%| mINP: 60.10%
Best Epoch [10]
==> Preparing Data Loader...
Epoch: [19][0/37] Time: 0.346 (0.346) lr:0.000857 base_lr:0.000086Loss: 4.6834 (4.6834) iLoss: 0.0608 (0.0608) CLoss: 0.0385 (0.0385) da_loss: 0.5727 (0.5727) dd_loss: 4.4695 (4.4695) Accu: 100.00
Test Epoch: 19
original feature:   Rank-1: 58.00% | Rank-5: 96.00% | Rank-10: 98.00%| Rank-20: 100.00%| mAP: 65.33%| mINP: 56.98%
feature after BN:   Rank-1: 64.00% | Rank-5: 96.00% | Rank-10: 100.00%| Rank-20: 100.00%| mAP: 65.39%| mINP: 53.94%
Best Epoch [10]
==> Preparing Data Loader...
Epoch: [20][0/37] Time: 0.335 (0.335) lr:0.000847 base_lr:0.000085Loss: 4.0947 (4.0947) iLoss: 0.0543 (0.0543) CLoss: 0.0558 (0.0558) da_loss: 0.6260 (0.6260) dd_loss: 3.8594 (3.8594) Accu: 100.00
Test Epoch: 20
original feature:   Rank-1: 68.00% | Rank-5: 94.00% | Rank-10: 100.00%| Rank-20: 100.00%| mAP: 70.46%| mINP: 61.66%
feature after BN:   Rank-1: 68.00% | Rank-5: 94.00% | Rank-10: 100.00%| Rank-20: 100.00%| mAP: 70.93%| mINP: 62.10%
Best Epoch [20]
==> Preparing Data Loader...
Epoch: [21][0/37] Time: 0.348 (0.348) lr:0.000836 base_lr:0.000084Loss: 3.6062 (3.6062) iLoss: 0.0188 (0.0188) CLoss: 0.0046 (0.0046) da_loss: 0.5376 (0.5376) dd_loss: 3.4753 (3.4753) Accu: 100.00
Test Epoch: 21
original feature:   Rank-1: 54.00% | Rank-5: 90.00% | Rank-10: 96.00%| Rank-20: 100.00%| mAP: 62.16%| mINP: 54.62%
feature after BN:   Rank-1: 58.00% | Rank-5: 94.00% | Rank-10: 100.00%| Rank-20: 100.00%| mAP: 64.84%| mINP: 56.99%
Best Epoch [20]
==> Preparing Data Loader...
Epoch: [22][0/37] Time: 0.357 (0.357) lr:0.000825 base_lr:0.000083Loss: 3.4496 (3.4496) iLoss: 0.0049 (0.0049) CLoss: 0.0000 (0.0000) da_loss: 0.5146 (0.5146) dd_loss: 3.3418 (3.3418) Accu: 100.00
Test Epoch: 22
original feature:   Rank-1: 62.00% | Rank-5: 88.00% | Rank-10: 94.00%| Rank-20: 98.00%| mAP: 68.20%| mINP: 61.50%
feature after BN:   Rank-1: 68.00% | Rank-5: 92.00% | Rank-10: 96.00%| Rank-20: 100.00%| mAP: 69.04%| mINP: 60.92%
Best Epoch [22]
==> Preparing Data Loader...
Epoch: [23][0/37] Time: 0.330 (0.330) lr:0.000815 base_lr:0.000081Loss: 3.5969 (3.5969) iLoss: 0.0132 (0.0132) CLoss: 0.0139 (0.0139) da_loss: 0.5863 (0.5863) dd_loss: 3.4526 (3.4526) Accu: 100.00
Test Epoch: 23
original feature:   Rank-1: 66.00% | Rank-5: 96.00% | Rank-10: 100.00%| Rank-20: 100.00%| mAP: 66.53%| mINP: 56.64%
feature after BN:   Rank-1: 68.00% | Rank-5: 94.00% | Rank-10: 100.00%| Rank-20: 100.00%| mAP: 69.82%| mINP: 62.00%
Best Epoch [23]
==> Preparing Data Loader...
Epoch: [24][0/37] Time: 0.350 (0.350) lr:0.000804 base_lr:0.000080Loss: 3.6916 (3.6916) iLoss: 0.0192 (0.0192) CLoss: 0.0001 (0.0001) da_loss: 0.5015 (0.5015) dd_loss: 3.5720 (3.5720) Accu: 100.00
Test Epoch: 24
original feature:   Rank-1: 64.00% | Rank-5: 96.00% | Rank-10: 98.00%| Rank-20: 100.00%| mAP: 68.11%| mINP: 58.59%
feature after BN:   Rank-1: 64.00% | Rank-5: 96.00% | Rank-10: 100.00%| Rank-20: 100.00%| mAP: 67.82%| mINP: 57.72%
Best Epoch [23]
==> Preparing Data Loader...
Epoch: [25][0/37] Time: 0.245 (0.245) lr:0.000793 base_lr:0.000079Loss: 3.2717 (3.2717) iLoss: 0.0166 (0.0166) CLoss: 0.0001 (0.0001) da_loss: 0.4558 (0.4558) dd_loss: 3.1638 (3.1638) Accu: 100.00
Test Epoch: 25
original feature:   Rank-1: 68.00% | Rank-5: 90.00% | Rank-10: 98.00%| Rank-20: 100.00%| mAP: 69.61%| mINP: 60.86%
feature after BN:   Rank-1: 74.00% | Rank-5: 94.00% | Rank-10: 96.00%| Rank-20: 100.00%| mAP: 72.15%| mINP: 61.94%
Best Epoch [25]
==> Preparing Data Loader...
Epoch: [26][0/37] Time: 0.347 (0.347) lr:0.000782 base_lr:0.000078Loss: 3.5530 (3.5530) iLoss: 0.0159 (0.0159) CLoss: 0.0000 (0.0000) da_loss: 0.5165 (0.5165) dd_loss: 3.4338 (3.4338) Accu: 100.00
Test Epoch: 26
original feature:   Rank-1: 64.00% | Rank-5: 90.00% | Rank-10: 100.00%| Rank-20: 100.00%| mAP: 68.90%| mINP: 63.29%
feature after BN:   Rank-1: 72.00% | Rank-5: 96.00% | Rank-10: 98.00%| Rank-20: 100.00%| mAP: 73.71%| mINP: 65.82%
Best Epoch [25]
==> Preparing Data Loader...
Epoch: [27][0/37] Time: 0.334 (0.334) lr:0.000772 base_lr:0.000077Loss: 3.0884 (3.0884) iLoss: 0.0122 (0.0122) CLoss: 0.0000 (0.0000) da_loss: 0.4922 (0.4922) dd_loss: 2.9777 (2.9777) Accu: 100.00
Test Epoch: 27
original feature:   Rank-1: 68.00% | Rank-5: 92.00% | Rank-10: 96.00%| Rank-20: 98.00%| mAP: 70.01%| mINP: 62.44%
feature after BN:   Rank-1: 74.00% | Rank-5: 98.00% | Rank-10: 98.00%| Rank-20: 98.00%| mAP: 74.60%| mINP: 66.32%
Best Epoch [27]
==> Preparing Data Loader...
Epoch: [28][0/37] Time: 0.356 (0.356) lr:0.000761 base_lr:0.000076Loss: 3.0907 (3.0907) iLoss: 0.0084 (0.0084) CLoss: 0.0003 (0.0003) da_loss: 0.4925 (0.4925) dd_loss: 2.9835 (2.9835) Accu: 100.00
Test Epoch: 28
original feature:   Rank-1: 72.00% | Rank-5: 96.00% | Rank-10: 100.00%| Rank-20: 100.00%| mAP: 74.71%| mINP: 67.63%
feature after BN:   Rank-1: 74.00% | Rank-5: 96.00% | Rank-10: 98.00%| Rank-20: 100.00%| mAP: 75.98%| mINP: 68.34%
Best Epoch [28]
==> Preparing Data Loader...
Epoch: [29][0/37] Time: 0.341 (0.341) lr:0.000750 base_lr:0.000075Loss: 3.4092 (3.4092) iLoss: 0.0116 (0.0116) CLoss: 0.0002 (0.0002) da_loss: 0.4714 (0.4714) dd_loss: 3.3031 (3.3031) Accu: 100.00
Test Epoch: 29
original feature:   Rank-1: 60.00% | Rank-5: 90.00% | Rank-10: 92.00%| Rank-20: 96.00%| mAP: 67.61%| mINP: 61.75%
feature after BN:   Rank-1: 66.00% | Rank-5: 94.00% | Rank-10: 96.00%| Rank-20: 98.00%| mAP: 70.14%| mINP: 61.89%
Best Epoch [28]
==> Preparing Data Loader...
Epoch: [30][0/37] Time: 0.336 (0.336) lr:0.000740 base_lr:0.000074Loss: 3.3614 (3.3614) iLoss: 0.0085 (0.0085) CLoss: 0.0000 (0.0000) da_loss: 0.4677 (0.4677) dd_loss: 3.2593 (3.2593) Accu: 100.00
Test Epoch: 30
original feature:   Rank-1: 76.00% | Rank-5: 100.00% | Rank-10: 100.00%| Rank-20: 100.00%| mAP: 74.76%| mINP: 64.35%
feature after BN:   Rank-1: 78.00% | Rank-5: 100.00% | Rank-10: 100.00%| Rank-20: 100.00%| mAP: 77.52%| mINP: 68.04%
Best Epoch [30]
==> Preparing Data Loader...
Epoch: [31][0/37] Time: 0.345 (0.345) lr:0.000729 base_lr:0.000073Loss: 3.3861 (3.3861) iLoss: 0.0076 (0.0076) CLoss: 0.0000 (0.0000) da_loss: 0.4973 (0.4973) dd_loss: 3.2791 (3.2791) Accu: 100.00
Test Epoch: 31
original feature:   Rank-1: 70.00% | Rank-5: 98.00% | Rank-10: 100.00%| Rank-20: 100.00%| mAP: 72.83%| mINP: 63.78%
feature after BN:   Rank-1: 76.00% | Rank-5: 100.00% | Rank-10: 100.00%| Rank-20: 100.00%| mAP: 75.04%| mINP: 64.95%
Best Epoch [30]
==> Preparing Data Loader...
Epoch: [32][0/37] Time: 0.342 (0.342) lr:0.000718 base_lr:0.000072Loss: 2.8771 (2.8771) iLoss: 0.0033 (0.0033) CLoss: 0.0000 (0.0000) da_loss: 0.4263 (0.4263) dd_loss: 2.7885 (2.7885) Accu: 100.00
Test Epoch: 32
original feature:   Rank-1: 66.00% | Rank-5: 98.00% | Rank-10: 100.00%| Rank-20: 100.00%| mAP: 73.82%| mINP: 67.46%
feature after BN:   Rank-1: 74.00% | Rank-5: 98.00% | Rank-10: 100.00%| Rank-20: 100.00%| mAP: 75.86%| mINP: 67.19%
Best Epoch [30]
==> Preparing Data Loader...
Epoch: [33][0/37] Time: 0.352 (0.352) lr:0.000707 base_lr:0.000071Loss: 2.7432 (2.7432) iLoss: 0.0092 (0.0092) CLoss: 0.0000 (0.0000) da_loss: 0.4065 (0.4065) dd_loss: 2.6527 (2.6527) Accu: 100.00
Test Epoch: 33
original feature:   Rank-1: 70.00% | Rank-5: 96.00% | Rank-10: 100.00%| Rank-20: 100.00%| mAP: 72.49%| mINP: 64.64%
feature after BN:   Rank-1: 70.00% | Rank-5: 100.00% | Rank-10: 100.00%| Rank-20: 100.00%| mAP: 74.07%| mINP: 66.58%
Best Epoch [30]
==> Preparing Data Loader...
Epoch: [34][0/37] Time: 0.340 (0.340) lr:0.000697 base_lr:0.000070Loss: 2.8644 (2.8644) iLoss: 0.0043 (0.0043) CLoss: 0.0000 (0.0000) da_loss: 0.4097 (0.4097) dd_loss: 2.7781 (2.7781) Accu: 100.00
Test Epoch: 34
original feature:   Rank-1: 76.00% | Rank-5: 92.00% | Rank-10: 100.00%| Rank-20: 100.00%| mAP: 76.12%| mINP: 68.44%
feature after BN:   Rank-1: 78.00% | Rank-5: 98.00% | Rank-10: 100.00%| Rank-20: 100.00%| mAP: 77.24%| mINP: 67.52%
Best Epoch [34]
==> Preparing Data Loader...
Epoch: [35][0/37] Time: 0.372 (0.372) lr:0.000686 base_lr:0.000069Loss: 2.6839 (2.6839) iLoss: 0.0043 (0.0043) CLoss: 0.0000 (0.0000) da_loss: 0.3709 (0.3709) dd_loss: 2.6054 (2.6054) Accu: 100.00
Test Epoch: 35
original feature:   Rank-1: 68.00% | Rank-5: 98.00% | Rank-10: 100.00%| Rank-20: 100.00%| mAP: 73.21%| mINP: 65.63%
feature after BN:   Rank-1: 80.00% | Rank-5: 100.00% | Rank-10: 100.00%| Rank-20: 100.00%| mAP: 77.49%| mINP: 66.80%
Best Epoch [35]
==> Preparing Data Loader...
Epoch: [36][0/37] Time: 0.355 (0.355) lr:0.000675 base_lr:0.000068Loss: 2.6848 (2.6848) iLoss: 0.0044 (0.0044) CLoss: 0.0000 (0.0000) da_loss: 0.3694 (0.3694) dd_loss: 2.6065 (2.6065) Accu: 100.00
Test Epoch: 36
original feature:   Rank-1: 74.00% | Rank-5: 98.00% | Rank-10: 98.00%| Rank-20: 100.00%| mAP: 75.49%| mINP: 67.66%
feature after BN:   Rank-1: 78.00% | Rank-5: 100.00% | Rank-10: 100.00%| Rank-20: 100.00%| mAP: 77.55%| mINP: 67.27%
Best Epoch [35]
==> Preparing Data Loader...
Epoch: [37][0/37] Time: 0.340 (0.340) lr:0.000665 base_lr:0.000066Loss: 2.4472 (2.4472) iLoss: 0.0051 (0.0051) CLoss: 0.0000 (0.0000) da_loss: 0.3825 (0.3825) dd_loss: 2.3656 (2.3656) Accu: 100.00
Test Epoch: 37
original feature:   Rank-1: 74.00% | Rank-5: 96.00% | Rank-10: 98.00%| Rank-20: 100.00%| mAP: 73.99%| mINP: 65.34%
feature after BN:   Rank-1: 74.00% | Rank-5: 98.00% | Rank-10: 100.00%| Rank-20: 100.00%| mAP: 75.83%| mINP: 67.20%
Best Epoch [35]
==> Preparing Data Loader...
Epoch: [38][0/37] Time: 0.341 (0.341) lr:0.000654 base_lr:0.000065Loss: 2.6376 (2.6376) iLoss: 0.0044 (0.0044) CLoss: 0.0000 (0.0000) da_loss: 0.3816 (0.3816) dd_loss: 2.5569 (2.5569) Accu: 100.00
Test Epoch: 38
original feature:   Rank-1: 72.00% | Rank-5: 98.00% | Rank-10: 100.00%| Rank-20: 100.00%| mAP: 77.09%| mINP: 70.93%
feature after BN:   Rank-1: 78.00% | Rank-5: 100.00% | Rank-10: 100.00%| Rank-20: 100.00%| mAP: 78.76%| mINP: 70.36%
Best Epoch [35]
==> Preparing Data Loader...
Epoch: [39][0/37] Time: 0.335 (0.335) lr:0.000643 base_lr:0.000064Loss: 2.8070 (2.8070) iLoss: 0.0027 (0.0027) CLoss: 0.0000 (0.0000) da_loss: 0.3878 (0.3878) dd_loss: 2.7267 (2.7267) Accu: 100.00
Test Epoch: 39
original feature:   Rank-1: 72.00% | Rank-5: 98.00% | Rank-10: 98.00%| Rank-20: 100.00%| mAP: 75.27%| mINP: 68.04%
feature after BN:   Rank-1: 84.00% | Rank-5: 100.00% | Rank-10: 100.00%| Rank-20: 100.00%| mAP: 80.33%| mINP: 70.50%
Best Epoch [39]
==> Preparing Data Loader...
Epoch: [40][0/37] Time: 0.346 (0.346) lr:0.000632 base_lr:0.000063Loss: 2.7005 (2.7005) iLoss: 0.0046 (0.0046) CLoss: 0.0000 (0.0000) da_loss: 0.3976 (0.3976) dd_loss: 2.6164 (2.6164) Accu: 100.00
Test Epoch: 40
original feature:   Rank-1: 72.00% | Rank-5: 98.00% | Rank-10: 100.00%| Rank-20: 100.00%| mAP: 76.23%| mINP: 69.89%
feature after BN:   Rank-1: 84.00% | Rank-5: 100.00% | Rank-10: 100.00%| Rank-20: 100.00%| mAP: 78.46%| mINP: 66.42%
Best Epoch [40]
==> Preparing Data Loader...
Epoch: [41][0/37] Time: 0.370 (0.370) lr:0.000622 base_lr:0.000062Loss: 2.6423 (2.6423) iLoss: 0.0045 (0.0045) CLoss: 0.0000 (0.0000) da_loss: 0.3715 (0.3715) dd_loss: 2.5636 (2.5636) Accu: 100.00
Test Epoch: 41
original feature:   Rank-1: 70.00% | Rank-5: 96.00% | Rank-10: 98.00%| Rank-20: 100.00%| mAP: 75.59%| mINP: 70.16%
feature after BN:   Rank-1: 76.00% | Rank-5: 94.00% | Rank-10: 100.00%| Rank-20: 100.00%| mAP: 76.75%| mINP: 68.84%
Best Epoch [40]
==> Preparing Data Loader...
Epoch: [42][0/37] Time: 0.337 (0.337) lr:0.000611 base_lr:0.000061Loss: 2.5822 (2.5822) iLoss: 0.0042 (0.0042) CLoss: 0.0000 (0.0000) da_loss: 0.3586 (0.3586) dd_loss: 2.5064 (2.5064) Accu: 100.00
Test Epoch: 42
original feature:   Rank-1: 78.00% | Rank-5: 98.00% | Rank-10: 100.00%| Rank-20: 100.00%| mAP: 78.37%| mINP: 70.29%
feature after BN:   Rank-1: 78.00% | Rank-5: 98.00% | Rank-10: 100.00%| Rank-20: 100.00%| mAP: 77.31%| mINP: 68.95%
Best Epoch [40]
==> Preparing Data Loader...
Epoch: [43][0/37] Time: 0.339 (0.339) lr:0.000600 base_lr:0.000060Loss: 2.5649 (2.5649) iLoss: 0.0069 (0.0069) CLoss: 0.0001 (0.0001) da_loss: 0.4037 (0.4037) dd_loss: 2.4772 (2.4772) Accu: 100.00
Test Epoch: 43
original feature:   Rank-1: 76.00% | Rank-5: 96.00% | Rank-10: 100.00%| Rank-20: 100.00%| mAP: 77.43%| mINP: 69.49%
feature after BN:   Rank-1: 86.00% | Rank-5: 100.00% | Rank-10: 100.00%| Rank-20: 100.00%| mAP: 80.18%| mINP: 69.89%
Best Epoch [43]
==> Preparing Data Loader...
Epoch: [44][0/37] Time: 0.322 (0.322) lr:0.000590 base_lr:0.000059Loss: 2.6074 (2.6074) iLoss: 0.0035 (0.0035) CLoss: 0.0000 (0.0000) da_loss: 0.3644 (0.3644) dd_loss: 2.5311 (2.5311) Accu: 100.00
Test Epoch: 44
original feature:   Rank-1: 80.00% | Rank-5: 96.00% | Rank-10: 100.00%| Rank-20: 100.00%| mAP: 78.63%| mINP: 69.64%
feature after BN:   Rank-1: 78.00% | Rank-5: 100.00% | Rank-10: 100.00%| Rank-20: 100.00%| mAP: 79.32%| mINP: 71.47%
Best Epoch [43]
==> Preparing Data Loader...
Epoch: [45][0/37] Time: 0.344 (0.344) lr:0.000579 base_lr:0.000058Loss: 2.7792 (2.7792) iLoss: 0.0039 (0.0039) CLoss: 0.0000 (0.0000) da_loss: 0.3504 (0.3504) dd_loss: 2.7052 (2.7052) Accu: 100.00
Test Epoch: 45
original feature:   Rank-1: 82.00% | Rank-5: 96.00% | Rank-10: 100.00%| Rank-20: 100.00%| mAP: 78.01%| mINP: 67.35%
feature after BN:   Rank-1: 80.00% | Rank-5: 100.00% | Rank-10: 100.00%| Rank-20: 100.00%| mAP: 79.46%| mINP: 70.26%
Best Epoch [43]
==> Preparing Data Loader...
Epoch: [46][0/37] Time: 0.328 (0.328) lr:0.000568 base_lr:0.000057Loss: 2.7223 (2.7223) iLoss: 0.0037 (0.0037) CLoss: 0.0000 (0.0000) da_loss: 0.3547 (0.3547) dd_loss: 2.6476 (2.6476) Accu: 100.00
Test Epoch: 46
original feature:   Rank-1: 74.00% | Rank-5: 98.00% | Rank-10: 100.00%| Rank-20: 100.00%| mAP: 76.81%| mINP: 69.20%
feature after BN:   Rank-1: 78.00% | Rank-5: 98.00% | Rank-10: 100.00%| Rank-20: 100.00%| mAP: 77.90%| mINP: 69.30%
Best Epoch [43]
==> Preparing Data Loader...
Epoch: [47][0/37] Time: 0.342 (0.342) lr:0.000557 base_lr:0.000056Loss: 2.6169 (2.6169) iLoss: 0.0033 (0.0033) CLoss: 0.0000 (0.0000) da_loss: 0.3227 (0.3227) dd_loss: 2.5491 (2.5491) Accu: 100.00
Test Epoch: 47
original feature:   Rank-1: 74.00% | Rank-5: 96.00% | Rank-10: 100.00%| Rank-20: 100.00%| mAP: 76.16%| mINP: 67.75%
feature after BN:   Rank-1: 84.00% | Rank-5: 98.00% | Rank-10: 100.00%| Rank-20: 100.00%| mAP: 80.03%| mINP: 70.74%
Best Epoch [43]
==> Preparing Data Loader...
Epoch: [48][0/37] Time: 0.342 (0.342) lr:0.000547 base_lr:0.000055Loss: 2.3501 (2.3501) iLoss: 0.0026 (0.0026) CLoss: 0.0000 (0.0000) da_loss: 0.2996 (0.2996) dd_loss: 2.2875 (2.2875) Accu: 100.00
Test Epoch: 48
original feature:   Rank-1: 76.00% | Rank-5: 96.00% | Rank-10: 100.00%| Rank-20: 100.00%| mAP: 76.84%| mINP: 68.60%
feature after BN:   Rank-1: 84.00% | Rank-5: 98.00% | Rank-10: 100.00%| Rank-20: 100.00%| mAP: 80.40%| mINP: 70.95%
Best Epoch [43]
==> Preparing Data Loader...
Epoch: [49][0/37] Time: 0.348 (0.348) lr:0.000536 base_lr:0.000054Loss: 2.4812 (2.4812) iLoss: 0.0076 (0.0076) CLoss: 0.0000 (0.0000) da_loss: 0.3430 (0.3430) dd_loss: 2.4051 (2.4051) Accu: 100.00
Test Epoch: 49
original feature:   Rank-1: 78.00% | Rank-5: 98.00% | Rank-10: 98.00%| Rank-20: 100.00%| mAP: 77.85%| mINP: 70.18%
feature after BN:   Rank-1: 84.00% | Rank-5: 98.00% | Rank-10: 100.00%| Rank-20: 100.00%| mAP: 80.05%| mINP: 71.03%
Best Epoch [43]
==> Preparing Data Loader...
Epoch: [50][0/37] Time: 0.250 (0.250) lr:0.000525 base_lr:0.000053Loss: 2.4113 (2.4113) iLoss: 0.0025 (0.0025) CLoss: 0.0000 (0.0000) da_loss: 0.3355 (0.3355) dd_loss: 2.3417 (2.3417) Accu: 100.00
Test Epoch: 50
original feature:   Rank-1: 78.00% | Rank-5: 98.00% | Rank-10: 98.00%| Rank-20: 100.00%| mAP: 77.66%| mINP: 68.81%
feature after BN:   Rank-1: 84.00% | Rank-5: 98.00% | Rank-10: 100.00%| Rank-20: 100.00%| mAP: 79.01%| mINP: 68.93%
Best Epoch [43]
==> Preparing Data Loader...
Epoch: [51][0/37] Time: 0.257 (0.257) lr:0.000515 base_lr:0.000051Loss: 2.5004 (2.5004) iLoss: 0.0058 (0.0058) CLoss: 0.0003 (0.0003) da_loss: 0.3717 (0.3717) dd_loss: 2.4200 (2.4200) Accu: 100.00
Test Epoch: 51
original feature:   Rank-1: 78.00% | Rank-5: 98.00% | Rank-10: 100.00%| Rank-20: 100.00%| mAP: 79.70%| mINP: 71.81%
feature after BN:   Rank-1: 82.00% | Rank-5: 100.00% | Rank-10: 100.00%| Rank-20: 100.00%| mAP: 79.39%| mINP: 70.15%
Best Epoch [43]
==> Preparing Data Loader...
Epoch: [52][0/37] Time: 0.296 (0.296) lr:0.000504 base_lr:0.000050Loss: 2.3819 (2.3819) iLoss: 0.0030 (0.0030) CLoss: 0.0000 (0.0000) da_loss: 0.3235 (0.3235) dd_loss: 2.3143 (2.3143) Accu: 100.00
Test Epoch: 52
original feature:   Rank-1: 76.00% | Rank-5: 98.00% | Rank-10: 100.00%| Rank-20: 100.00%| mAP: 77.65%| mINP: 69.84%
feature after BN:   Rank-1: 84.00% | Rank-5: 98.00% | Rank-10: 100.00%| Rank-20: 100.00%| mAP: 80.15%| mINP: 70.89%
Best Epoch [43]
==> Preparing Data Loader...
Epoch: [53][0/37] Time: 0.336 (0.336) lr:0.000493 base_lr:0.000049Loss: 2.4168 (2.4168) iLoss: 0.0037 (0.0037) CLoss: 0.0000 (0.0000) da_loss: 0.3275 (0.3275) dd_loss: 2.3476 (2.3476) Accu: 100.00
Test Epoch: 53
original feature:   Rank-1: 76.00% | Rank-5: 100.00% | Rank-10: 100.00%| Rank-20: 100.00%| mAP: 78.53%| mINP: 71.49%
feature after BN:   Rank-1: 84.00% | Rank-5: 100.00% | Rank-10: 100.00%| Rank-20: 100.00%| mAP: 80.87%| mINP: 71.34%
Best Epoch [43]
==> Preparing Data Loader...
Epoch: [54][0/37] Time: 0.337 (0.337) lr:0.000482 base_lr:0.000048Loss: 2.4005 (2.4005) iLoss: 0.0027 (0.0027) CLoss: 0.0000 (0.0000) da_loss: 0.3161 (0.3161) dd_loss: 2.3346 (2.3346) Accu: 100.00
Test Epoch: 54
original feature:   Rank-1: 78.00% | Rank-5: 96.00% | Rank-10: 100.00%| Rank-20: 100.00%| mAP: 78.32%| mINP: 69.77%
feature after BN:   Rank-1: 82.00% | Rank-5: 100.00% | Rank-10: 100.00%| Rank-20: 100.00%| mAP: 80.68%| mINP: 72.47%
Best Epoch [43]
==> Preparing Data Loader...
Epoch: [55][0/37] Time: 0.347 (0.347) lr:0.000472 base_lr:0.000047Loss: 2.3866 (2.3866) iLoss: 0.0031 (0.0031) CLoss: 0.0000 (0.0000) da_loss: 0.3244 (0.3244) dd_loss: 2.3186 (2.3186) Accu: 100.00
Test Epoch: 55
original feature:   Rank-1: 80.00% | Rank-5: 98.00% | Rank-10: 98.00%| Rank-20: 100.00%| mAP: 79.34%| mINP: 70.83%
feature after BN:   Rank-1: 82.00% | Rank-5: 100.00% | Rank-10: 100.00%| Rank-20: 100.00%| mAP: 80.34%| mINP: 71.85%
Best Epoch [43]
==> Preparing Data Loader...
Epoch: [56][0/37] Time: 0.354 (0.354) lr:0.000461 base_lr:0.000046Loss: 2.4559 (2.4559) iLoss: 0.0027 (0.0027) CLoss: 0.0000 (0.0000) da_loss: 0.3405 (0.3405) dd_loss: 2.3851 (2.3851) Accu: 100.00
Test Epoch: 56
original feature:   Rank-1: 76.00% | Rank-5: 96.00% | Rank-10: 98.00%| Rank-20: 100.00%| mAP: 76.98%| mINP: 68.32%
feature after BN:   Rank-1: 82.00% | Rank-5: 100.00% | Rank-10: 100.00%| Rank-20: 100.00%| mAP: 80.13%| mINP: 70.75%
Best Epoch [43]
==> Preparing Data Loader...
Epoch: [57][0/37] Time: 0.335 (0.335) lr:0.000450 base_lr:0.000045Loss: 2.4240 (2.4240) iLoss: 0.0060 (0.0060) CLoss: 0.0000 (0.0000) da_loss: 0.3148 (0.3148) dd_loss: 2.3550 (2.3550) Accu: 100.00
Test Epoch: 57
original feature:   Rank-1: 78.00% | Rank-5: 98.00% | Rank-10: 98.00%| Rank-20: 100.00%| mAP: 77.41%| mINP: 68.16%
feature after BN:   Rank-1: 82.00% | Rank-5: 100.00% | Rank-10: 100.00%| Rank-20: 100.00%| mAP: 80.97%| mINP: 72.11%
Best Epoch [43]
==> Preparing Data Loader...
Epoch: [58][0/37] Time: 0.334 (0.334) lr:0.000440 base_lr:0.000044Loss: 2.2632 (2.2632) iLoss: 0.0020 (0.0020) CLoss: 0.0000 (0.0000) da_loss: 0.3094 (0.3094) dd_loss: 2.1993 (2.1993) Accu: 100.00
Test Epoch: 58
original feature:   Rank-1: 74.00% | Rank-5: 96.00% | Rank-10: 98.00%| Rank-20: 100.00%| mAP: 76.97%| mINP: 69.60%
feature after BN:   Rank-1: 82.00% | Rank-5: 100.00% | Rank-10: 100.00%| Rank-20: 100.00%| mAP: 80.38%| mINP: 71.44%
Best Epoch [43]
==> Preparing Data Loader...
Epoch: [59][0/37] Time: 0.321 (0.321) lr:0.000429 base_lr:0.000043Loss: 2.2549 (2.2549) iLoss: 0.0022 (0.0022) CLoss: 0.0000 (0.0000) da_loss: 0.2875 (0.2875) dd_loss: 2.1952 (2.1952) Accu: 100.00
Test Epoch: 59
original feature:   Rank-1: 76.00% | Rank-5: 98.00% | Rank-10: 100.00%| Rank-20: 100.00%| mAP: 78.24%| mINP: 70.92%
feature after BN:   Rank-1: 86.00% | Rank-5: 100.00% | Rank-10: 100.00%| Rank-20: 100.00%| mAP: 81.19%| mINP: 71.38%
Best Epoch [59]
==> Preparing Data Loader...
Epoch: [60][0/37] Time: 0.352 (0.352) lr:0.000418 base_lr:0.000042Loss: 2.3643 (2.3643) iLoss: 0.0016 (0.0016) CLoss: 0.0000 (0.0000) da_loss: 0.2987 (0.2987) dd_loss: 2.3029 (2.3029) Accu: 100.00
Test Epoch: 60
original feature:   Rank-1: 72.00% | Rank-5: 98.00% | Rank-10: 98.00%| Rank-20: 100.00%| mAP: 75.87%| mINP: 68.06%
feature after BN:   Rank-1: 80.00% | Rank-5: 100.00% | Rank-10: 100.00%| Rank-20: 100.00%| mAP: 78.90%| mINP: 69.14%
Best Epoch [59]
==> Preparing Data Loader...
Epoch: [61][0/37] Time: 0.333 (0.333) lr:0.000407 base_lr:0.000041Loss: 2.3885 (2.3885) iLoss: 0.0026 (0.0026) CLoss: 0.0000 (0.0000) da_loss: 0.3261 (0.3261) dd_loss: 2.3207 (2.3207) Accu: 100.00
Test Epoch: 61
original feature:   Rank-1: 70.00% | Rank-5: 98.00% | Rank-10: 100.00%| Rank-20: 100.00%| mAP: 75.82%| mINP: 68.59%
feature after BN:   Rank-1: 84.00% | Rank-5: 100.00% | Rank-10: 100.00%| Rank-20: 100.00%| mAP: 81.50%| mINP: 72.00%
Best Epoch [59]
==> Preparing Data Loader...
Epoch: [62][0/37] Time: 0.339 (0.339) lr:0.000397 base_lr:0.000040Loss: 2.4248 (2.4248) iLoss: 0.0033 (0.0033) CLoss: 0.0000 (0.0000) da_loss: 0.3478 (0.3478) dd_loss: 2.3519 (2.3519) Accu: 100.00
Test Epoch: 62
original feature:   Rank-1: 74.00% | Rank-5: 98.00% | Rank-10: 100.00%| Rank-20: 100.00%| mAP: 76.74%| mINP: 68.77%
feature after BN:   Rank-1: 84.00% | Rank-5: 100.00% | Rank-10: 100.00%| Rank-20: 100.00%| mAP: 80.69%| mINP: 70.37%
Best Epoch [59]
==> Preparing Data Loader...
Epoch: [63][0/37] Time: 0.334 (0.334) lr:0.000386 base_lr:0.000039Loss: 2.2611 (2.2611) iLoss: 0.0041 (0.0041) CLoss: 0.0000 (0.0000) da_loss: 0.2868 (0.2868) dd_loss: 2.1997 (2.1997) Accu: 100.00
Test Epoch: 63
original feature:   Rank-1: 74.00% | Rank-5: 98.00% | Rank-10: 100.00%| Rank-20: 100.00%| mAP: 77.86%| mINP: 70.55%
feature after BN:   Rank-1: 88.00% | Rank-5: 100.00% | Rank-10: 100.00%| Rank-20: 100.00%| mAP: 82.77%| mINP: 72.37%
Best Epoch [63]
==> Preparing Data Loader...
Epoch: [64][0/37] Time: 0.241 (0.241) lr:0.000375 base_lr:0.000038Loss: 2.2385 (2.2385) iLoss: 0.0024 (0.0024) CLoss: 0.0000 (0.0000) da_loss: 0.3132 (0.3132) dd_loss: 2.1734 (2.1734) Accu: 100.00
Test Epoch: 64
original feature:   Rank-1: 76.00% | Rank-5: 98.00% | Rank-10: 100.00%| Rank-20: 100.00%| mAP: 77.39%| mINP: 69.12%
feature after BN:   Rank-1: 82.00% | Rank-5: 100.00% | Rank-10: 100.00%| Rank-20: 100.00%| mAP: 79.37%| mINP: 68.58%
Best Epoch [63]
==> Preparing Data Loader...
Epoch: [65][0/37] Time: 0.253 (0.253) lr:0.000365 base_lr:0.000036Loss: 2.2704 (2.2704) iLoss: 0.0022 (0.0022) CLoss: 0.0000 (0.0000) da_loss: 0.2976 (0.2976) dd_loss: 2.2087 (2.2087) Accu: 100.00
Test Epoch: 65
original feature:   Rank-1: 78.00% | Rank-5: 98.00% | Rank-10: 100.00%| Rank-20: 100.00%| mAP: 78.67%| mINP: 70.59%
feature after BN:   Rank-1: 86.00% | Rank-5: 100.00% | Rank-10: 100.00%| Rank-20: 100.00%| mAP: 81.33%| mINP: 70.84%
Best Epoch [63]
==> Preparing Data Loader...
Epoch: [66][0/37] Time: 0.225 (0.225) lr:0.000354 base_lr:0.000035Loss: 2.3299 (2.3299) iLoss: 0.0020 (0.0020) CLoss: 0.0000 (0.0000) da_loss: 0.2986 (0.2986) dd_loss: 2.2682 (2.2682) Accu: 100.00
Test Epoch: 66
original feature:   Rank-1: 76.00% | Rank-5: 98.00% | Rank-10: 100.00%| Rank-20: 100.00%| mAP: 77.82%| mINP: 69.59%
feature after BN:   Rank-1: 90.00% | Rank-5: 100.00% | Rank-10: 100.00%| Rank-20: 100.00%| mAP: 82.96%| mINP: 71.59%
Best Epoch [66]
==> Preparing Data Loader...
Epoch: [67][0/37] Time: 0.249 (0.249) lr:0.000343 base_lr:0.000034Loss: 2.3677 (2.3677) iLoss: 0.0017 (0.0017) CLoss: 0.0000 (0.0000) da_loss: 0.2876 (0.2876) dd_loss: 2.3085 (2.3085) Accu: 100.00
Test Epoch: 67
original feature:   Rank-1: 74.00% | Rank-5: 98.00% | Rank-10: 100.00%| Rank-20: 100.00%| mAP: 77.31%| mINP: 69.89%
feature after BN:   Rank-1: 88.00% | Rank-5: 100.00% | Rank-10: 100.00%| Rank-20: 100.00%| mAP: 81.30%| mINP: 69.60%
Best Epoch [66]
==> Preparing Data Loader...
Epoch: [68][0/37] Time: 0.254 (0.254) lr:0.000332 base_lr:0.000033Loss: 2.2501 (2.2501) iLoss: 0.0017 (0.0017) CLoss: 0.0000 (0.0000) da_loss: 0.2854 (0.2854) dd_loss: 2.1913 (2.1913) Accu: 100.00
Test Epoch: 68
original feature:   Rank-1: 78.00% | Rank-5: 96.00% | Rank-10: 100.00%| Rank-20: 100.00%| mAP: 79.20%| mINP: 71.57%
feature after BN:   Rank-1: 88.00% | Rank-5: 100.00% | Rank-10: 100.00%| Rank-20: 100.00%| mAP: 81.35%| mINP: 70.36%
Best Epoch [66]
==> Preparing Data Loader...
Epoch: [69][0/37] Time: 0.236 (0.236) lr:0.000322 base_lr:0.000032Loss: 2.1786 (2.1786) iLoss: 0.0016 (0.0016) CLoss: 0.0000 (0.0000) da_loss: 0.2664 (0.2664) dd_loss: 2.1237 (2.1237) Accu: 100.00
Test Epoch: 69
original feature:   Rank-1: 74.00% | Rank-5: 98.00% | Rank-10: 100.00%| Rank-20: 100.00%| mAP: 77.70%| mINP: 70.71%
feature after BN:   Rank-1: 80.00% | Rank-5: 100.00% | Rank-10: 100.00%| Rank-20: 100.00%| mAP: 80.11%| mINP: 71.55%
Best Epoch [66]
==> Preparing Data Loader...
Epoch: [70][0/37] Time: 0.343 (0.343) lr:0.000311 base_lr:0.000031Loss: 2.2683 (2.2683) iLoss: 0.0028 (0.0028) CLoss: 0.0000 (0.0000) da_loss: 0.2937 (0.2937) dd_loss: 2.2067 (2.2067) Accu: 100.00
Test Epoch: 70
original feature:   Rank-1: 80.00% | Rank-5: 98.00% | Rank-10: 100.00%| Rank-20: 100.00%| mAP: 78.97%| mINP: 69.85%
feature after BN:   Rank-1: 86.00% | Rank-5: 100.00% | Rank-10: 100.00%| Rank-20: 100.00%| mAP: 81.35%| mINP: 70.37%
Best Epoch [66]
==> Preparing Data Loader...
Epoch: [71][0/37] Time: 0.279 (0.279) lr:0.000300 base_lr:0.000030Loss: 2.1823 (2.1823) iLoss: 0.0015 (0.0015) CLoss: 0.0000 (0.0000) da_loss: 0.2833 (0.2833) dd_loss: 2.1241 (2.1241) Accu: 100.00
Test Epoch: 71
original feature:   Rank-1: 76.00% | Rank-5: 98.00% | Rank-10: 100.00%| Rank-20: 100.00%| mAP: 77.52%| mINP: 69.32%
feature after BN:   Rank-1: 88.00% | Rank-5: 100.00% | Rank-10: 100.00%| Rank-20: 100.00%| mAP: 81.75%| mINP: 70.16%
Best Epoch [66]
==> Preparing Data Loader...
Epoch: [72][0/37] Time: 0.252 (0.252) lr:0.000290 base_lr:0.000029Loss: 2.2422 (2.2422) iLoss: 0.0030 (0.0030) CLoss: 0.0000 (0.0000) da_loss: 0.2986 (0.2986) dd_loss: 2.1795 (2.1795) Accu: 100.00
Test Epoch: 72
original feature:   Rank-1: 78.00% | Rank-5: 100.00% | Rank-10: 100.00%| Rank-20: 100.00%| mAP: 79.12%| mINP: 71.01%
feature after BN:   Rank-1: 88.00% | Rank-5: 100.00% | Rank-10: 100.00%| Rank-20: 100.00%| mAP: 81.11%| mINP: 69.23%
Best Epoch [66]
==> Preparing Data Loader...
Epoch: [73][0/37] Time: 0.353 (0.353) lr:0.000279 base_lr:0.000028Loss: 2.1814 (2.1814) iLoss: 0.0014 (0.0014) CLoss: 0.0000 (0.0000) da_loss: 0.2843 (0.2843) dd_loss: 2.1232 (2.1232) Accu: 100.00
Test Epoch: 73
original feature:   Rank-1: 74.00% | Rank-5: 100.00% | Rank-10: 100.00%| Rank-20: 100.00%| mAP: 77.36%| mINP: 69.90%
feature after BN:   Rank-1: 88.00% | Rank-5: 100.00% | Rank-10: 100.00%| Rank-20: 100.00%| mAP: 82.46%| mINP: 71.91%
Best Epoch [66]
==> Preparing Data Loader...
Epoch: [74][0/37] Time: 0.336 (0.336) lr:0.000268 base_lr:0.000027Loss: 2.2487 (2.2487) iLoss: 0.0023 (0.0023) CLoss: 0.0000 (0.0000) da_loss: 0.2916 (0.2916) dd_loss: 2.1880 (2.1880) Accu: 100.00
Test Epoch: 74
original feature:   Rank-1: 78.00% | Rank-5: 100.00% | Rank-10: 100.00%| Rank-20: 100.00%| mAP: 78.65%| mINP: 70.40%
feature after BN:   Rank-1: 84.00% | Rank-5: 100.00% | Rank-10: 100.00%| Rank-20: 100.00%| mAP: 81.62%| mINP: 71.90%
Best Epoch [66]
==> Preparing Data Loader...
Epoch: [75][0/37] Time: 0.284 (0.284) lr:0.000257 base_lr:0.000026Loss: 2.1450 (2.1450) iLoss: 0.0013 (0.0013) CLoss: 0.0000 (0.0000) da_loss: 0.2774 (0.2774) dd_loss: 2.0883 (2.0883) Accu: 100.00
Test Epoch: 75
original feature:   Rank-1: 74.00% | Rank-5: 98.00% | Rank-10: 100.00%| Rank-20: 100.00%| mAP: 77.86%| mINP: 70.98%
feature after BN:   Rank-1: 84.00% | Rank-5: 100.00% | Rank-10: 100.00%| Rank-20: 100.00%| mAP: 81.22%| mINP: 71.93%
Best Epoch [66]
==> Preparing Data Loader...
Epoch: [76][0/37] Time: 0.351 (0.351) lr:0.000247 base_lr:0.000025Loss: 2.1729 (2.1729) iLoss: 0.0011 (0.0011) CLoss: 0.0000 (0.0000) da_loss: 0.2817 (0.2817) dd_loss: 2.1155 (2.1155) Accu: 100.00
Test Epoch: 76
original feature:   Rank-1: 74.00% | Rank-5: 100.00% | Rank-10: 100.00%| Rank-20: 100.00%| mAP: 78.07%| mINP: 70.97%
feature after BN:   Rank-1: 86.00% | Rank-5: 100.00% | Rank-10: 100.00%| Rank-20: 100.00%| mAP: 83.03%| mINP: 73.90%
Best Epoch [66]
==> Preparing Data Loader...
Epoch: [77][0/37] Time: 0.339 (0.339) lr:0.000236 base_lr:0.000024Loss: 2.1991 (2.1991) iLoss: 0.0013 (0.0013) CLoss: 0.0000 (0.0000) da_loss: 0.2837 (0.2837) dd_loss: 2.1410 (2.1410) Accu: 100.00
Test Epoch: 77
original feature:   Rank-1: 74.00% | Rank-5: 100.00% | Rank-10: 100.00%| Rank-20: 100.00%| mAP: 78.65%| mINP: 72.13%
feature after BN:   Rank-1: 86.00% | Rank-5: 100.00% | Rank-10: 100.00%| Rank-20: 100.00%| mAP: 83.52%| mINP: 75.04%
Best Epoch [66]
==> Preparing Data Loader...
Epoch: [78][0/37] Time: 0.347 (0.347) lr:0.000225 base_lr:0.000023Loss: 2.2095 (2.2095) iLoss: 0.0018 (0.0018) CLoss: 0.0000 (0.0000) da_loss: 0.2892 (0.2892) dd_loss: 2.1499 (2.1499) Accu: 100.00
Test Epoch: 78
original feature:   Rank-1: 74.00% | Rank-5: 100.00% | Rank-10: 100.00%| Rank-20: 100.00%| mAP: 78.80%| mINP: 72.26%
feature after BN:   Rank-1: 90.00% | Rank-5: 100.00% | Rank-10: 100.00%| Rank-20: 100.00%| mAP: 84.41%| mINP: 74.48%
Best Epoch [78]
==> Preparing Data Loader...
Epoch: [79][0/37] Time: 0.347 (0.347) lr:0.000215 base_lr:0.000021Loss: 2.1530 (2.1530) iLoss: 0.0012 (0.0012) CLoss: 0.0000 (0.0000) da_loss: 0.2894 (0.2894) dd_loss: 2.0939 (2.0939) Accu: 100.00
Test Epoch: 79
original feature:   Rank-1: 74.00% | Rank-5: 100.00% | Rank-10: 100.00%| Rank-20: 100.00%| mAP: 78.75%| mINP: 71.67%
feature after BN:   Rank-1: 90.00% | Rank-5: 100.00% | Rank-10: 100.00%| Rank-20: 100.00%| mAP: 84.09%| mINP: 73.51%
Best Epoch [79]
==> Preparing Data Loader...
Epoch: [80][0/37] Time: 0.345 (0.345) lr:0.000204 base_lr:0.000020Loss: 2.1989 (2.1989) iLoss: 0.0025 (0.0025) CLoss: 0.0000 (0.0000) da_loss: 0.3090 (0.3090) dd_loss: 2.1346 (2.1346) Accu: 100.00
Test Epoch: 80
original feature:   Rank-1: 72.00% | Rank-5: 100.00% | Rank-10: 100.00%| Rank-20: 100.00%| mAP: 77.73%| mINP: 71.38%
feature after BN:   Rank-1: 82.00% | Rank-5: 100.00% | Rank-10: 100.00%| Rank-20: 100.00%| mAP: 82.16%| mINP: 74.32%
Best Epoch [79]
==> Preparing Data Loader...
Epoch: [81][0/37] Time: 0.354 (0.354) lr:0.000193 base_lr:0.000019Loss: 2.1277 (2.1277) iLoss: 0.0011 (0.0011) CLoss: 0.0000 (0.0000) da_loss: 0.2897 (0.2897) dd_loss: 2.0687 (2.0687) Accu: 100.00
Test Epoch: 81
original feature:   Rank-1: 74.00% | Rank-5: 100.00% | Rank-10: 100.00%| Rank-20: 100.00%| mAP: 79.21%| mINP: 72.91%
feature after BN:   Rank-1: 86.00% | Rank-5: 100.00% | Rank-10: 100.00%| Rank-20: 100.00%| mAP: 82.24%| mINP: 72.48%
Best Epoch [79]
==> Preparing Data Loader...
Epoch: [82][0/37] Time: 0.327 (0.327) lr:0.000182 base_lr:0.000018Loss: 2.1756 (2.1756) iLoss: 0.0012 (0.0012) CLoss: 0.0000 (0.0000) da_loss: 0.2935 (0.2935) dd_loss: 2.1157 (2.1157) Accu: 100.00
Test Epoch: 82
original feature:   Rank-1: 80.00% | Rank-5: 100.00% | Rank-10: 100.00%| Rank-20: 100.00%| mAP: 80.81%| mINP: 72.63%
feature after BN:   Rank-1: 88.00% | Rank-5: 100.00% | Rank-10: 100.00%| Rank-20: 100.00%| mAP: 83.89%| mINP: 74.11%
Best Epoch [79]
==> Preparing Data Loader...
Epoch: [83][0/37] Time: 0.346 (0.346) lr:0.000172 base_lr:0.000017Loss: 2.2262 (2.2262) iLoss: 0.0015 (0.0015) CLoss: 0.0000 (0.0000) da_loss: 0.3069 (0.3069) dd_loss: 2.1633 (2.1633) Accu: 100.00
Test Epoch: 83
original feature:   Rank-1: 78.00% | Rank-5: 100.00% | Rank-10: 100.00%| Rank-20: 100.00%| mAP: 79.51%| mINP: 71.28%
feature after BN:   Rank-1: 86.00% | Rank-5: 100.00% | Rank-10: 100.00%| Rank-20: 100.00%| mAP: 81.66%| mINP: 71.33%
Best Epoch [79]
==> Preparing Data Loader...
Epoch: [84][0/37] Time: 0.339 (0.339) lr:0.000161 base_lr:0.000016Loss: 2.1270 (2.1270) iLoss: 0.0016 (0.0016) CLoss: 0.0000 (0.0000) da_loss: 0.2751 (0.2751) dd_loss: 2.0703 (2.0703) Accu: 100.00
Test Epoch: 84
original feature:   Rank-1: 76.00% | Rank-5: 100.00% | Rank-10: 100.00%| Rank-20: 100.00%| mAP: 79.70%| mINP: 72.66%
feature after BN:   Rank-1: 86.00% | Rank-5: 100.00% | Rank-10: 100.00%| Rank-20: 100.00%| mAP: 83.20%| mINP: 75.06%
Best Epoch [79]
==> Preparing Data Loader...
Epoch: [85][0/37] Time: 0.349 (0.349) lr:0.000150 base_lr:0.000015Loss: 2.1090 (2.1090) iLoss: 0.0009 (0.0009) CLoss: 0.0000 (0.0000) da_loss: 0.2799 (0.2799) dd_loss: 2.0521 (2.0521) Accu: 100.00
Test Epoch: 85
original feature:   Rank-1: 76.00% | Rank-5: 100.00% | Rank-10: 100.00%| Rank-20: 100.00%| mAP: 78.88%| mINP: 70.93%
feature after BN:   Rank-1: 86.00% | Rank-5: 100.00% | Rank-10: 100.00%| Rank-20: 100.00%| mAP: 82.58%| mINP: 73.17%
Best Epoch [79]
==> Preparing Data Loader...
Epoch: [86][0/37] Time: 0.218 (0.218) lr:0.000140 base_lr:0.000014Loss: 2.1406 (2.1406) iLoss: 0.0010 (0.0010) CLoss: 0.0000 (0.0000) da_loss: 0.2800 (0.2800) dd_loss: 2.0837 (2.0837) Accu: 100.00
Test Epoch: 86
original feature:   Rank-1: 74.00% | Rank-5: 100.00% | Rank-10: 100.00%| Rank-20: 100.00%| mAP: 78.26%| mINP: 71.18%
feature after BN:   Rank-1: 86.00% | Rank-5: 100.00% | Rank-10: 100.00%| Rank-20: 100.00%| mAP: 82.56%| mINP: 72.78%
Best Epoch [79]
==> Preparing Data Loader...
Epoch: [87][0/37] Time: 0.348 (0.348) lr:0.000129 base_lr:0.000013Loss: 2.1789 (2.1789) iLoss: 0.0018 (0.0018) CLoss: 0.0000 (0.0000) da_loss: 0.3047 (0.3047) dd_loss: 2.1162 (2.1162) Accu: 100.00
Test Epoch: 87
original feature:   Rank-1: 74.00% | Rank-5: 98.00% | Rank-10: 100.00%| Rank-20: 100.00%| mAP: 77.84%| mINP: 70.85%
feature after BN:   Rank-1: 84.00% | Rank-5: 100.00% | Rank-10: 100.00%| Rank-20: 100.00%| mAP: 82.23%| mINP: 73.13%
Best Epoch [79]
==> Preparing Data Loader...
Epoch: [88][0/37] Time: 0.250 (0.250) lr:0.000118 base_lr:0.000012Loss: 2.2367 (2.2367) iLoss: 0.0016 (0.0016) CLoss: 0.0000 (0.0000) da_loss: 0.2940 (0.2940) dd_loss: 2.1763 (2.1763) Accu: 100.00
Test Epoch: 88
original feature:   Rank-1: 76.00% | Rank-5: 100.00% | Rank-10: 100.00%| Rank-20: 100.00%| mAP: 79.47%| mINP: 72.20%
feature after BN:   Rank-1: 86.00% | Rank-5: 100.00% | Rank-10: 100.00%| Rank-20: 100.00%| mAP: 83.01%| mINP: 74.01%
Best Epoch [79]
==> Preparing Data Loader...
Epoch: [89][0/37] Time: 0.338 (0.338) lr:0.000107 base_lr:0.000011Loss: 2.1261 (2.1261) iLoss: 0.0009 (0.0009) CLoss: 0.0000 (0.0000) da_loss: 0.2857 (0.2857) dd_loss: 2.0680 (2.0680) Accu: 100.00
Test Epoch: 89
original feature:   Rank-1: 78.00% | Rank-5: 100.00% | Rank-10: 100.00%| Rank-20: 100.00%| mAP: 79.70%| mINP: 71.73%
feature after BN:   Rank-1: 86.00% | Rank-5: 100.00% | Rank-10: 100.00%| Rank-20: 100.00%| mAP: 82.92%| mINP: 73.17%
Best Epoch [79]
==> Preparing Data Loader...
Epoch: [90][0/37] Time: 0.297 (0.297) lr:0.000097 base_lr:0.000010Loss: 2.0904 (2.0904) iLoss: 0.0008 (0.0008) CLoss: 0.0000 (0.0000) da_loss: 0.2654 (0.2654) dd_loss: 2.0365 (2.0365) Accu: 100.00
Test Epoch: 90
original feature:   Rank-1: 78.00% | Rank-5: 98.00% | Rank-10: 100.00%| Rank-20: 100.00%| mAP: 79.66%| mINP: 71.32%
feature after BN:   Rank-1: 86.00% | Rank-5: 100.00% | Rank-10: 100.00%| Rank-20: 100.00%| mAP: 83.32%| mINP: 74.65%
Best Epoch [79]
==> Preparing Data Loader...
Epoch: [91][0/37] Time: 0.245 (0.245) lr:0.000086 base_lr:0.000009Loss: 2.1666 (2.1666) iLoss: 0.0011 (0.0011) CLoss: 0.0000 (0.0000) da_loss: 0.3078 (0.3078) dd_loss: 2.1040 (2.1040) Accu: 100.00
Test Epoch: 91
original feature:   Rank-1: 78.00% | Rank-5: 100.00% | Rank-10: 100.00%| Rank-20: 100.00%| mAP: 80.49%| mINP: 73.32%
feature after BN:   Rank-1: 90.00% | Rank-5: 100.00% | Rank-10: 100.00%| Rank-20: 100.00%| mAP: 84.52%| mINP: 75.03%
Best Epoch [91]
==> Preparing Data Loader...
Epoch: [92][0/37] Time: 0.338 (0.338) lr:0.000075 base_lr:0.000008Loss: 2.1100 (2.1100) iLoss: 0.0007 (0.0007) CLoss: 0.0000 (0.0000) da_loss: 0.2911 (0.2911) dd_loss: 2.0511 (2.0511) Accu: 100.00
Test Epoch: 92
original feature:   Rank-1: 76.00% | Rank-5: 100.00% | Rank-10: 100.00%| Rank-20: 100.00%| mAP: 78.80%| mINP: 70.60%
feature after BN:   Rank-1: 90.00% | Rank-5: 100.00% | Rank-10: 100.00%| Rank-20: 100.00%| mAP: 83.64%| mINP: 72.94%
Best Epoch [92]
==> Preparing Data Loader...
Epoch: [93][0/37] Time: 0.326 (0.326) lr:0.000065 base_lr:0.000006Loss: 2.1550 (2.1550) iLoss: 0.0010 (0.0010) CLoss: 0.0000 (0.0000) da_loss: 0.2906 (0.2906) dd_loss: 2.0959 (2.0959) Accu: 100.00
Test Epoch: 93
original feature:   Rank-1: 74.00% | Rank-5: 100.00% | Rank-10: 100.00%| Rank-20: 100.00%| mAP: 78.92%| mINP: 72.50%
feature after BN:   Rank-1: 88.00% | Rank-5: 100.00% | Rank-10: 100.00%| Rank-20: 100.00%| mAP: 84.48%| mINP: 75.95%
Best Epoch [92]
==> Preparing Data Loader...
Epoch: [94][0/37] Time: 0.257 (0.257) lr:0.000054 base_lr:0.000005Loss: 2.1421 (2.1421) iLoss: 0.0013 (0.0013) CLoss: 0.0000 (0.0000) da_loss: 0.2911 (0.2911) dd_loss: 2.0826 (2.0826) Accu: 100.00
Test Epoch: 94
original feature:   Rank-1: 78.00% | Rank-5: 100.00% | Rank-10: 100.00%| Rank-20: 100.00%| mAP: 80.04%| mINP: 72.08%
feature after BN:   Rank-1: 88.00% | Rank-5: 100.00% | Rank-10: 100.00%| Rank-20: 100.00%| mAP: 84.41%| mINP: 75.82%
Best Epoch [92]
==> Preparing Data Loader...
Epoch: [95][0/37] Time: 0.241 (0.241) lr:0.000043 base_lr:0.000004Loss: 2.1489 (2.1489) iLoss: 0.0012 (0.0012) CLoss: 0.0000 (0.0000) da_loss: 0.3058 (0.3058) dd_loss: 2.0865 (2.0865) Accu: 100.00
Test Epoch: 95
original feature:   Rank-1: 76.00% | Rank-5: 100.00% | Rank-10: 100.00%| Rank-20: 100.00%| mAP: 78.66%| mINP: 70.81%
feature after BN:   Rank-1: 82.00% | Rank-5: 100.00% | Rank-10: 100.00%| Rank-20: 100.00%| mAP: 82.65%| mINP: 75.30%
Best Epoch [92]
==> Preparing Data Loader...
Epoch: [96][0/37] Time: 0.318 (0.318) lr:0.000032 base_lr:0.000003Loss: 2.1793 (2.1793) iLoss: 0.0012 (0.0012) CLoss: 0.0000 (0.0000) da_loss: 0.3050 (0.3050) dd_loss: 2.1171 (2.1171) Accu: 100.00
Test Epoch: 96
original feature:   Rank-1: 78.00% | Rank-5: 100.00% | Rank-10: 100.00%| Rank-20: 100.00%| mAP: 80.13%| mINP: 71.60%
feature after BN:   Rank-1: 90.00% | Rank-5: 100.00% | Rank-10: 100.00%| Rank-20: 100.00%| mAP: 85.38%| mINP: 76.77%
Best Epoch [96]
==> Preparing Data Loader...
Epoch: [97][0/37] Time: 0.306 (0.306) lr:0.000022 base_lr:0.000002Loss: 2.1330 (2.1330) iLoss: 0.0008 (0.0008) CLoss: 0.0000 (0.0000) da_loss: 0.2952 (0.2952) dd_loss: 2.0732 (2.0732) Accu: 100.00
Test Epoch: 97
original feature:   Rank-1: 80.00% | Rank-5: 100.00% | Rank-10: 100.00%| Rank-20: 100.00%| mAP: 80.70%| mINP: 72.07%
feature after BN:   Rank-1: 86.00% | Rank-5: 100.00% | Rank-10: 100.00%| Rank-20: 100.00%| mAP: 83.24%| mINP: 74.48%
Best Epoch [96]
==> Preparing Data Loader...
Epoch: [98][0/37] Time: 0.347 (0.347) lr:0.000011 base_lr:0.000001Loss: 2.1568 (2.1568) iLoss: 0.0011 (0.0011) CLoss: 0.0000 (0.0000) da_loss: 0.3059 (0.3059) dd_loss: 2.0944 (2.0944) Accu: 100.00
Test Epoch: 98
original feature:   Rank-1: 74.00% | Rank-5: 100.00% | Rank-10: 100.00%| Rank-20: 100.00%| mAP: 78.82%| mINP: 72.14%
feature after BN:   Rank-1: 88.00% | Rank-5: 100.00% | Rank-10: 100.00%| Rank-20: 100.00%| mAP: 84.20%| mINP: 75.07%
Best Epoch [96]
==> Preparing Data Loader...
Epoch: [99][0/37] Time: 0.254 (0.254) lr:0.000000 base_lr:0.000000Loss: 2.1895 (2.1895) iLoss: 0.0023 (0.0023) CLoss: 0.0000 (0.0000) da_loss: 0.2941 (0.2941) dd_loss: 2.1284 (2.1284) Accu: 100.00
Test Epoch: 99
original feature:   Rank-1: 80.00% | Rank-5: 100.00% | Rank-10: 100.00%| Rank-20: 100.00%| mAP: 80.36%| mINP: 71.38%
feature after BN:   Rank-1: 86.00% | Rank-5: 100.00% | Rank-10: 100.00%| Rank-20: 100.00%| mAP: 82.98%| mINP: 74.12%
Best Epoch [96]
