==========
Args:Namespace(batch_size=8, dataset='pku', decay_step=16, dim=2048, gpu='0,1,2,3', img_h=288, img_w=144, log_path='log/', lr=0.0009, margin=0.5, max_epoch=100, mode='all', model_path='save_model/', noticed='test', num_pos=1, pool_dim=2048, rerank='no', save_epoch=1000, seed=0, test_batch=16, trial=4, warm_up_epoch=8, workers=4)
==========
==> Loading data..
data init success!
==> Building model..
==> Building success!..
==> Start Training...
==> Preparing Data Loader...
Epoch: [0][0/37] Time: 2.343 (2.343) lr:0.000055 base_lr:0.000005Loss: 14.5251 (14.5251) iLoss: 5.0198 (5.0198) CLoss: 3.7102 (3.7102) da_loss: 1.3923 (1.3923) dd_loss: 5.5166 (5.5166) Accu: 0.00
Test Epoch: 0
original feature:   Rank-1: 18.00% | Rank-5: 36.00% | Rank-10: 52.00%| Rank-20: 74.00%| mAP: 18.79%| mINP: 8.36%
feature after BN:   Rank-1: 18.00% | Rank-5: 38.00% | Rank-10: 58.00%| Rank-20: 78.00%| mAP: 21.28%| mINP: 13.38%
Best Epoch [0]
==> Preparing Data Loader...
Epoch: [1][0/37] Time: 0.344 (0.344) lr:0.000111 base_lr:0.000011Loss: 13.1654 (13.1654) iLoss: 4.9202 (4.9202) CLoss: 2.6672 (2.6672) da_loss: 1.0198 (1.0198) dd_loss: 5.3741 (5.3741) Accu: 31.25
Test Epoch: 1
original feature:   Rank-1: 24.00% | Rank-5: 58.00% | Rank-10: 74.00%| Rank-20: 86.00%| mAP: 30.85%| mINP: 20.44%
feature after BN:   Rank-1: 24.00% | Rank-5: 64.00% | Rank-10: 80.00%| Rank-20: 88.00%| mAP: 34.63%| mINP: 27.51%
Best Epoch [1]
==> Preparing Data Loader...
Epoch: [2][0/37] Time: 0.338 (0.338) lr:0.000167 base_lr:0.000017Loss: 11.2175 (11.2175) iLoss: 4.5302 (4.5302) CLoss: 1.4766 (1.4766) da_loss: 0.8921 (0.8921) dd_loss: 5.0323 (5.0323) Accu: 37.50
Test Epoch: 2
original feature:   Rank-1: 40.00% | Rank-5: 76.00% | Rank-10: 80.00%| Rank-20: 86.00%| mAP: 43.73%| mINP: 31.72%
feature after BN:   Rank-1: 38.00% | Rank-5: 74.00% | Rank-10: 82.00%| Rank-20: 96.00%| mAP: 43.06%| mINP: 33.29%
Best Epoch [2]
==> Preparing Data Loader...
Epoch: [3][0/37] Time: 0.334 (0.334) lr:0.000224 base_lr:0.000022Loss: 8.0948 (8.0948) iLoss: 3.4371 (3.4371) CLoss: 0.2417 (0.2417) da_loss: 0.7209 (0.7209) dd_loss: 4.2717 (4.2717) Accu: 31.25
Test Epoch: 3
original feature:   Rank-1: 46.00% | Rank-5: 80.00% | Rank-10: 92.00%| Rank-20: 100.00%| mAP: 49.78%| mINP: 39.97%
feature after BN:   Rank-1: 46.00% | Rank-5: 90.00% | Rank-10: 98.00%| Rank-20: 100.00%| mAP: 52.58%| mINP: 41.11%
Best Epoch [3]
==> Preparing Data Loader...
Epoch: [4][0/37] Time: 0.355 (0.355) lr:0.000280 base_lr:0.000028Loss: 6.9962 (6.9962) iLoss: 2.7469 (2.7469) CLoss: 0.2490 (0.2490) da_loss: 0.6949 (0.6949) dd_loss: 3.8614 (3.8614) Accu: 56.25
Test Epoch: 4
original feature:   Rank-1: 46.00% | Rank-5: 84.00% | Rank-10: 88.00%| Rank-20: 94.00%| mAP: 54.30%| mINP: 47.69%
feature after BN:   Rank-1: 54.00% | Rank-5: 86.00% | Rank-10: 96.00%| Rank-20: 98.00%| mAP: 57.26%| mINP: 47.86%
Best Epoch [4]
==> Preparing Data Loader...
Epoch: [5][0/37] Time: 0.343 (0.343) lr:0.000336 base_lr:0.000034Loss: 5.3055 (5.3055) iLoss: 1.7154 (1.7154) CLoss: 0.1661 (0.1661) da_loss: 0.6335 (0.6335) dd_loss: 3.2972 (3.2972) Accu: 75.00
Test Epoch: 5
original feature:   Rank-1: 54.00% | Rank-5: 82.00% | Rank-10: 86.00%| Rank-20: 96.00%| mAP: 58.16%| mINP: 51.79%
feature after BN:   Rank-1: 52.00% | Rank-5: 84.00% | Rank-10: 90.00%| Rank-20: 96.00%| mAP: 58.64%| mINP: 51.45%
Best Epoch [4]
==> Preparing Data Loader...
Epoch: [6][0/37] Time: 0.311 (0.311) lr:0.000392 base_lr:0.000039Loss: 4.2907 (4.2907) iLoss: 0.9204 (0.9204) CLoss: 0.1360 (0.1360) da_loss: 0.6207 (0.6207) dd_loss: 3.1102 (3.1102) Accu: 87.50
Test Epoch: 6
original feature:   Rank-1: 58.00% | Rank-5: 88.00% | Rank-10: 98.00%| Rank-20: 100.00%| mAP: 63.52%| mINP: 56.68%
feature after BN:   Rank-1: 60.00% | Rank-5: 90.00% | Rank-10: 100.00%| Rank-20: 100.00%| mAP: 64.10%| mINP: 56.36%
Best Epoch [6]
==> Preparing Data Loader...
Epoch: [7][0/37] Time: 0.345 (0.345) lr:0.000449 base_lr:0.000045Loss: 3.5359 (3.5359) iLoss: 0.3971 (0.3971) CLoss: 0.0003 (0.0003) da_loss: 0.4996 (0.4996) dd_loss: 3.0385 (3.0385) Accu: 100.00
Test Epoch: 7
original feature:   Rank-1: 56.00% | Rank-5: 86.00% | Rank-10: 92.00%| Rank-20: 98.00%| mAP: 60.08%| mINP: 49.90%
feature after BN:   Rank-1: 66.00% | Rank-5: 94.00% | Rank-10: 96.00%| Rank-20: 98.00%| mAP: 68.44%| mINP: 59.19%
Best Epoch [7]
==> Preparing Data Loader...
Epoch: [8][0/37] Time: 0.254 (0.254) lr:0.000505 base_lr:0.000050Loss: 3.3755 (3.3755) iLoss: 0.2949 (0.2949) CLoss: 0.0072 (0.0072) da_loss: 0.5202 (0.5202) dd_loss: 2.9694 (2.9694) Accu: 100.00
Test Epoch: 8
original feature:   Rank-1: 52.00% | Rank-5: 82.00% | Rank-10: 94.00%| Rank-20: 100.00%| mAP: 58.16%| mINP: 51.83%
feature after BN:   Rank-1: 56.00% | Rank-5: 90.00% | Rank-10: 98.00%| Rank-20: 100.00%| mAP: 62.80%| mINP: 55.03%
Best Epoch [7]
==> Preparing Data Loader...
Epoch: [9][0/37] Time: 0.346 (0.346) lr:0.000561 base_lr:0.000056Loss: 3.3949 (3.3949) iLoss: 0.0781 (0.0781) CLoss: 0.0006 (0.0006) da_loss: 0.5521 (0.5521) dd_loss: 3.2058 (3.2058) Accu: 100.00
Test Epoch: 9
original feature:   Rank-1: 58.00% | Rank-5: 84.00% | Rank-10: 94.00%| Rank-20: 100.00%| mAP: 59.83%| mINP: 49.72%
feature after BN:   Rank-1: 54.00% | Rank-5: 88.00% | Rank-10: 98.00%| Rank-20: 100.00%| mAP: 62.05%| mINP: 56.62%
Best Epoch [7]
==> Preparing Data Loader...
Epoch: [10][0/37] Time: 0.336 (0.336) lr:0.000617 base_lr:0.000062Loss: 3.6616 (3.6616) iLoss: 0.2309 (0.2309) CLoss: 0.0100 (0.0100) da_loss: 0.5518 (0.5518) dd_loss: 3.3103 (3.3103) Accu: 100.00
Test Epoch: 10
original feature:   Rank-1: 50.00% | Rank-5: 88.00% | Rank-10: 100.00%| Rank-20: 100.00%| mAP: 57.60%| mINP: 47.33%
feature after BN:   Rank-1: 64.00% | Rank-5: 90.00% | Rank-10: 98.00%| Rank-20: 100.00%| mAP: 63.69%| mINP: 52.83%
Best Epoch [7]
==> Preparing Data Loader...
Epoch: [11][0/37] Time: 0.345 (0.345) lr:0.000674 base_lr:0.000067Loss: 3.1754 (3.1754) iLoss: 0.0734 (0.0734) CLoss: 0.0081 (0.0081) da_loss: 0.5932 (0.5932) dd_loss: 2.9753 (2.9753) Accu: 100.00
Test Epoch: 11
original feature:   Rank-1: 44.00% | Rank-5: 82.00% | Rank-10: 92.00%| Rank-20: 100.00%| mAP: 53.83%| mINP: 49.86%
feature after BN:   Rank-1: 54.00% | Rank-5: 90.00% | Rank-10: 96.00%| Rank-20: 100.00%| mAP: 60.98%| mINP: 54.24%
Best Epoch [7]
==> Preparing Data Loader...
Epoch: [12][0/37] Time: 0.347 (0.347) lr:0.000730 base_lr:0.000073Loss: 3.7088 (3.7088) iLoss: 0.0937 (0.0937) CLoss: 0.0938 (0.0938) da_loss: 0.6142 (0.6142) dd_loss: 3.3985 (3.3985) Accu: 100.00
Test Epoch: 12
original feature:   Rank-1: 68.00% | Rank-5: 94.00% | Rank-10: 96.00%| Rank-20: 100.00%| mAP: 67.32%| mINP: 56.01%
feature after BN:   Rank-1: 68.00% | Rank-5: 94.00% | Rank-10: 98.00%| Rank-20: 98.00%| mAP: 66.34%| mINP: 53.21%
Best Epoch [12]
==> Preparing Data Loader...
Epoch: [13][0/37] Time: 0.351 (0.351) lr:0.000786 base_lr:0.000079Loss: 3.6949 (3.6949) iLoss: 0.2379 (0.2379) CLoss: 0.1087 (0.1087) da_loss: 0.5991 (0.5991) dd_loss: 3.2285 (3.2285) Accu: 100.00
Test Epoch: 13
original feature:   Rank-1: 58.00% | Rank-5: 78.00% | Rank-10: 86.00%| Rank-20: 98.00%| mAP: 57.29%| mINP: 47.16%
feature after BN:   Rank-1: 66.00% | Rank-5: 86.00% | Rank-10: 96.00%| Rank-20: 98.00%| mAP: 65.37%| mINP: 54.62%
Best Epoch [12]
==> Preparing Data Loader...
Epoch: [14][0/37] Time: 0.335 (0.335) lr:0.000842 base_lr:0.000084Loss: 4.4090 (4.4090) iLoss: 0.5579 (0.5579) CLoss: 0.1601 (0.1601) da_loss: 0.6625 (0.6625) dd_loss: 3.5585 (3.5585) Accu: 81.25
Test Epoch: 14
original feature:   Rank-1: 56.00% | Rank-5: 84.00% | Rank-10: 94.00%| Rank-20: 98.00%| mAP: 60.06%| mINP: 51.81%
feature after BN:   Rank-1: 60.00% | Rank-5: 86.00% | Rank-10: 90.00%| Rank-20: 96.00%| mAP: 62.64%| mINP: 55.23%
Best Epoch [12]
==> Preparing Data Loader...
Epoch: [15][0/37] Time: 0.340 (0.340) lr:0.000898 base_lr:0.000090Loss: 4.6578 (4.6578) iLoss: 0.3666 (0.3666) CLoss: 0.1550 (0.1550) da_loss: 0.6662 (0.6662) dd_loss: 4.0030 (4.0030) Accu: 93.75
Test Epoch: 15
original feature:   Rank-1: 62.00% | Rank-5: 88.00% | Rank-10: 98.00%| Rank-20: 98.00%| mAP: 62.87%| mINP: 53.16%
feature after BN:   Rank-1: 66.00% | Rank-5: 94.00% | Rank-10: 96.00%| Rank-20: 100.00%| mAP: 70.10%| mINP: 62.44%
Best Epoch [12]
==> Preparing Data Loader...
Epoch: [16][0/37] Time: 0.354 (0.354) lr:0.000890 base_lr:0.000089Loss: 4.5102 (4.5102) iLoss: 0.1110 (0.1110) CLoss: 0.1393 (0.1393) da_loss: 0.6284 (0.6284) dd_loss: 4.1342 (4.1342) Accu: 100.00
Test Epoch: 16
original feature:   Rank-1: 50.00% | Rank-5: 82.00% | Rank-10: 86.00%| Rank-20: 96.00%| mAP: 54.53%| mINP: 45.07%
feature after BN:   Rank-1: 50.00% | Rank-5: 84.00% | Rank-10: 90.00%| Rank-20: 96.00%| mAP: 55.80%| mINP: 46.91%
Best Epoch [12]
==> Preparing Data Loader...
Epoch: [17][0/37] Time: 0.341 (0.341) lr:0.000879 base_lr:0.000088Loss: 4.0513 (4.0513) iLoss: 0.1898 (0.1898) CLoss: 0.0778 (0.0778) da_loss: 0.6208 (0.6208) dd_loss: 3.6596 (3.6596) Accu: 100.00
Test Epoch: 17
original feature:   Rank-1: 58.00% | Rank-5: 80.00% | Rank-10: 96.00%| Rank-20: 96.00%| mAP: 59.20%| mINP: 50.07%
feature after BN:   Rank-1: 50.00% | Rank-5: 88.00% | Rank-10: 94.00%| Rank-20: 100.00%| mAP: 57.05%| mINP: 48.26%
Best Epoch [12]
==> Preparing Data Loader...
Epoch: [18][0/37] Time: 0.340 (0.340) lr:0.000868 base_lr:0.000087Loss: 4.1912 (4.1912) iLoss: 0.1342 (0.1342) CLoss: 0.2629 (0.2629) da_loss: 0.6821 (0.6821) dd_loss: 3.6577 (3.6577) Accu: 93.75
Test Epoch: 18
original feature:   Rank-1: 66.00% | Rank-5: 92.00% | Rank-10: 100.00%| Rank-20: 100.00%| mAP: 65.01%| mINP: 55.16%
feature after BN:   Rank-1: 66.00% | Rank-5: 98.00% | Rank-10: 100.00%| Rank-20: 100.00%| mAP: 69.72%| mINP: 61.33%
Best Epoch [12]
==> Preparing Data Loader...
Epoch: [19][0/37] Time: 0.315 (0.315) lr:0.000857 base_lr:0.000086Loss: 3.9183 (3.9183) iLoss: 0.1075 (0.1075) CLoss: 0.0207 (0.0207) da_loss: 0.5804 (0.5804) dd_loss: 3.6741 (3.6741) Accu: 93.75
Test Epoch: 19
original feature:   Rank-1: 64.00% | Rank-5: 90.00% | Rank-10: 96.00%| Rank-20: 100.00%| mAP: 65.06%| mINP: 54.20%
feature after BN:   Rank-1: 60.00% | Rank-5: 82.00% | Rank-10: 94.00%| Rank-20: 98.00%| mAP: 61.88%| mINP: 51.95%
Best Epoch [12]
==> Preparing Data Loader...
Epoch: [20][0/37] Time: 0.347 (0.347) lr:0.000847 base_lr:0.000085Loss: 4.0495 (4.0495) iLoss: 0.0224 (0.0224) CLoss: 0.0026 (0.0026) da_loss: 0.5936 (0.5936) dd_loss: 3.9058 (3.9058) Accu: 100.00
Test Epoch: 20
original feature:   Rank-1: 52.00% | Rank-5: 92.00% | Rank-10: 100.00%| Rank-20: 100.00%| mAP: 61.26%| mINP: 53.93%
feature after BN:   Rank-1: 60.00% | Rank-5: 94.00% | Rank-10: 98.00%| Rank-20: 100.00%| mAP: 67.51%| mINP: 61.02%
Best Epoch [12]
==> Preparing Data Loader...
Epoch: [21][0/37] Time: 0.329 (0.329) lr:0.000836 base_lr:0.000084Loss: 3.3816 (3.3816) iLoss: 0.0240 (0.0240) CLoss: 0.0462 (0.0462) da_loss: 0.5880 (0.5880) dd_loss: 3.1938 (3.1938) Accu: 100.00
Test Epoch: 21
original feature:   Rank-1: 62.00% | Rank-5: 92.00% | Rank-10: 100.00%| Rank-20: 100.00%| mAP: 68.08%| mINP: 61.13%
feature after BN:   Rank-1: 68.00% | Rank-5: 94.00% | Rank-10: 96.00%| Rank-20: 100.00%| mAP: 70.59%| mINP: 61.16%
Best Epoch [21]
==> Preparing Data Loader...
Epoch: [22][0/37] Time: 0.344 (0.344) lr:0.000825 base_lr:0.000083Loss: 3.2556 (3.2556) iLoss: 0.0063 (0.0063) CLoss: 0.0000 (0.0000) da_loss: 0.5346 (0.5346) dd_loss: 3.1424 (3.1424) Accu: 100.00
Test Epoch: 22
original feature:   Rank-1: 70.00% | Rank-5: 94.00% | Rank-10: 98.00%| Rank-20: 98.00%| mAP: 69.88%| mINP: 59.89%
feature after BN:   Rank-1: 70.00% | Rank-5: 94.00% | Rank-10: 98.00%| Rank-20: 100.00%| mAP: 71.22%| mINP: 62.53%
Best Epoch [22]
==> Preparing Data Loader...
Epoch: [23][0/37] Time: 0.325 (0.325) lr:0.000815 base_lr:0.000081Loss: 3.5688 (3.5688) iLoss: 0.0146 (0.0146) CLoss: 0.0004 (0.0004) da_loss: 0.5886 (0.5886) dd_loss: 3.4362 (3.4362) Accu: 100.00
Test Epoch: 23
original feature:   Rank-1: 68.00% | Rank-5: 96.00% | Rank-10: 98.00%| Rank-20: 98.00%| mAP: 67.62%| mINP: 57.54%
feature after BN:   Rank-1: 70.00% | Rank-5: 96.00% | Rank-10: 98.00%| Rank-20: 100.00%| mAP: 71.67%| mINP: 63.04%
Best Epoch [23]
==> Preparing Data Loader...
Epoch: [24][0/37] Time: 0.354 (0.354) lr:0.000804 base_lr:0.000080Loss: 3.2773 (3.2773) iLoss: 0.0119 (0.0119) CLoss: 0.0013 (0.0013) da_loss: 0.5346 (0.5346) dd_loss: 3.1571 (3.1571) Accu: 100.00
Test Epoch: 24
original feature:   Rank-1: 60.00% | Rank-5: 92.00% | Rank-10: 98.00%| Rank-20: 100.00%| mAP: 67.28%| mINP: 60.71%
feature after BN:   Rank-1: 68.00% | Rank-5: 94.00% | Rank-10: 100.00%| Rank-20: 100.00%| mAP: 72.07%| mINP: 65.49%
Best Epoch [23]
==> Preparing Data Loader...
Epoch: [25][0/37] Time: 0.342 (0.342) lr:0.000793 base_lr:0.000079Loss: 3.3190 (3.3190) iLoss: 0.0072 (0.0072) CLoss: 0.0000 (0.0000) da_loss: 0.5438 (0.5438) dd_loss: 3.2030 (3.2030) Accu: 100.00
Test Epoch: 25
original feature:   Rank-1: 64.00% | Rank-5: 92.00% | Rank-10: 98.00%| Rank-20: 98.00%| mAP: 68.17%| mINP: 59.96%
feature after BN:   Rank-1: 62.00% | Rank-5: 98.00% | Rank-10: 100.00%| Rank-20: 100.00%| mAP: 68.00%| mINP: 59.46%
Best Epoch [23]
==> Preparing Data Loader...
Epoch: [26][0/37] Time: 0.340 (0.340) lr:0.000782 base_lr:0.000078Loss: 3.4506 (3.4506) iLoss: 0.0051 (0.0051) CLoss: 0.0000 (0.0000) da_loss: 0.4925 (0.4925) dd_loss: 3.3470 (3.3470) Accu: 100.00
Test Epoch: 26
original feature:   Rank-1: 62.00% | Rank-5: 90.00% | Rank-10: 96.00%| Rank-20: 100.00%| mAP: 66.88%| mINP: 61.22%
feature after BN:   Rank-1: 68.00% | Rank-5: 96.00% | Rank-10: 100.00%| Rank-20: 100.00%| mAP: 69.09%| mINP: 60.92%
Best Epoch [23]
==> Preparing Data Loader...
Epoch: [27][0/37] Time: 0.336 (0.336) lr:0.000772 base_lr:0.000077Loss: 3.3070 (3.3070) iLoss: 0.0072 (0.0072) CLoss: 0.0009 (0.0009) da_loss: 0.5194 (0.5194) dd_loss: 3.1951 (3.1951) Accu: 100.00
Test Epoch: 27
original feature:   Rank-1: 74.00% | Rank-5: 92.00% | Rank-10: 100.00%| Rank-20: 100.00%| mAP: 71.86%| mINP: 62.48%
feature after BN:   Rank-1: 80.00% | Rank-5: 94.00% | Rank-10: 100.00%| Rank-20: 100.00%| mAP: 74.92%| mINP: 63.58%
Best Epoch [27]
==> Preparing Data Loader...
Epoch: [28][0/37] Time: 0.355 (0.355) lr:0.000761 base_lr:0.000076Loss: 3.1328 (3.1328) iLoss: 0.0064 (0.0064) CLoss: 0.0000 (0.0000) da_loss: 0.5087 (0.5087) dd_loss: 3.0247 (3.0247) Accu: 100.00
Test Epoch: 28
original feature:   Rank-1: 74.00% | Rank-5: 94.00% | Rank-10: 96.00%| Rank-20: 98.00%| mAP: 71.78%| mINP: 61.79%
feature after BN:   Rank-1: 80.00% | Rank-5: 92.00% | Rank-10: 100.00%| Rank-20: 100.00%| mAP: 74.85%| mINP: 65.24%
Best Epoch [28]
==> Preparing Data Loader...
Epoch: [29][0/37] Time: 0.376 (0.376) lr:0.000750 base_lr:0.000075Loss: 3.2021 (3.2021) iLoss: 0.0162 (0.0162) CLoss: 0.0000 (0.0000) da_loss: 0.4518 (0.4518) dd_loss: 3.0955 (3.0955) Accu: 100.00
Test Epoch: 29
original feature:   Rank-1: 68.00% | Rank-5: 88.00% | Rank-10: 96.00%| Rank-20: 100.00%| mAP: 66.62%| mINP: 55.25%
feature after BN:   Rank-1: 74.00% | Rank-5: 94.00% | Rank-10: 98.00%| Rank-20: 100.00%| mAP: 71.83%| mINP: 60.99%
Best Epoch [28]
==> Preparing Data Loader...
Epoch: [30][0/37] Time: 0.346 (0.346) lr:0.000740 base_lr:0.000074Loss: 3.5492 (3.5492) iLoss: 0.0096 (0.0096) CLoss: 0.0000 (0.0000) da_loss: 0.4829 (0.4829) dd_loss: 3.4430 (3.4430) Accu: 100.00
Test Epoch: 30
original feature:   Rank-1: 70.00% | Rank-5: 86.00% | Rank-10: 98.00%| Rank-20: 100.00%| mAP: 66.74%| mINP: 54.53%
feature after BN:   Rank-1: 74.00% | Rank-5: 90.00% | Rank-10: 100.00%| Rank-20: 100.00%| mAP: 68.76%| mINP: 56.75%
Best Epoch [28]
==> Preparing Data Loader...
Epoch: [31][0/37] Time: 0.335 (0.335) lr:0.000729 base_lr:0.000073Loss: 3.4186 (3.4186) iLoss: 0.0028 (0.0028) CLoss: 0.0000 (0.0000) da_loss: 0.4274 (0.4274) dd_loss: 3.3303 (3.3303) Accu: 100.00
Test Epoch: 31
original feature:   Rank-1: 68.00% | Rank-5: 98.00% | Rank-10: 98.00%| Rank-20: 100.00%| mAP: 68.02%| mINP: 57.45%
feature after BN:   Rank-1: 78.00% | Rank-5: 96.00% | Rank-10: 100.00%| Rank-20: 100.00%| mAP: 72.85%| mINP: 59.86%
Best Epoch [28]
==> Preparing Data Loader...
Epoch: [32][0/37] Time: 0.343 (0.343) lr:0.000718 base_lr:0.000072Loss: 2.9533 (2.9533) iLoss: 0.0303 (0.0303) CLoss: 0.0000 (0.0000) da_loss: 0.4233 (0.4233) dd_loss: 2.8383 (2.8383) Accu: 100.00
Test Epoch: 32
original feature:   Rank-1: 72.00% | Rank-5: 94.00% | Rank-10: 100.00%| Rank-20: 100.00%| mAP: 71.30%| mINP: 61.70%
feature after BN:   Rank-1: 78.00% | Rank-5: 92.00% | Rank-10: 100.00%| Rank-20: 100.00%| mAP: 74.98%| mINP: 64.71%
Best Epoch [28]
==> Preparing Data Loader...
Epoch: [33][0/37] Time: 0.342 (0.342) lr:0.000707 base_lr:0.000071Loss: 2.8927 (2.8927) iLoss: 0.0086 (0.0086) CLoss: 0.0000 (0.0000) da_loss: 0.4095 (0.4095) dd_loss: 2.8022 (2.8022) Accu: 100.00
Test Epoch: 33
original feature:   Rank-1: 64.00% | Rank-5: 92.00% | Rank-10: 100.00%| Rank-20: 100.00%| mAP: 69.51%| mINP: 61.61%
feature after BN:   Rank-1: 68.00% | Rank-5: 98.00% | Rank-10: 100.00%| Rank-20: 100.00%| mAP: 71.47%| mINP: 62.63%
Best Epoch [28]
==> Preparing Data Loader...
Epoch: [34][0/37] Time: 0.354 (0.354) lr:0.000697 base_lr:0.000070Loss: 2.9883 (2.9883) iLoss: 0.0045 (0.0045) CLoss: 0.0000 (0.0000) da_loss: 0.4140 (0.4140) dd_loss: 2.9009 (2.9009) Accu: 100.00
Test Epoch: 34
original feature:   Rank-1: 70.00% | Rank-5: 88.00% | Rank-10: 98.00%| Rank-20: 98.00%| mAP: 71.32%| mINP: 64.52%
feature after BN:   Rank-1: 74.00% | Rank-5: 90.00% | Rank-10: 98.00%| Rank-20: 100.00%| mAP: 73.42%| mINP: 64.65%
Best Epoch [28]
==> Preparing Data Loader...
Epoch: [35][0/37] Time: 0.334 (0.334) lr:0.000686 base_lr:0.000069Loss: 2.5697 (2.5697) iLoss: 0.0078 (0.0078) CLoss: 0.0000 (0.0000) da_loss: 0.3824 (0.3824) dd_loss: 2.4854 (2.4854) Accu: 100.00
Test Epoch: 35
original feature:   Rank-1: 66.00% | Rank-5: 96.00% | Rank-10: 100.00%| Rank-20: 100.00%| mAP: 72.71%| mINP: 67.02%
feature after BN:   Rank-1: 84.00% | Rank-5: 100.00% | Rank-10: 100.00%| Rank-20: 100.00%| mAP: 79.18%| mINP: 68.20%
Best Epoch [35]
==> Preparing Data Loader...
Epoch: [36][0/37] Time: 0.350 (0.350) lr:0.000675 base_lr:0.000068Loss: 2.8436 (2.8436) iLoss: 0.0020 (0.0020) CLoss: 0.0000 (0.0000) da_loss: 0.3484 (0.3484) dd_loss: 2.7719 (2.7719) Accu: 100.00
Test Epoch: 36
original feature:   Rank-1: 68.00% | Rank-5: 100.00% | Rank-10: 100.00%| Rank-20: 100.00%| mAP: 74.61%| mINP: 68.66%
feature after BN:   Rank-1: 76.00% | Rank-5: 100.00% | Rank-10: 100.00%| Rank-20: 100.00%| mAP: 78.57%| mINP: 71.30%
Best Epoch [35]
==> Preparing Data Loader...
Epoch: [37][0/37] Time: 0.340 (0.340) lr:0.000665 base_lr:0.000066Loss: 2.4865 (2.4865) iLoss: 0.0026 (0.0026) CLoss: 0.0000 (0.0000) da_loss: 0.3873 (0.3873) dd_loss: 2.4065 (2.4065) Accu: 100.00
Test Epoch: 37
original feature:   Rank-1: 76.00% | Rank-5: 100.00% | Rank-10: 100.00%| Rank-20: 100.00%| mAP: 76.67%| mINP: 68.27%
feature after BN:   Rank-1: 78.00% | Rank-5: 100.00% | Rank-10: 100.00%| Rank-20: 100.00%| mAP: 78.37%| mINP: 70.41%
Best Epoch [35]
==> Preparing Data Loader...
Epoch: [38][0/37] Time: 0.368 (0.368) lr:0.000654 base_lr:0.000065Loss: 2.6196 (2.6196) iLoss: 0.0034 (0.0034) CLoss: 0.0000 (0.0000) da_loss: 0.3794 (0.3794) dd_loss: 2.5403 (2.5403) Accu: 100.00
Test Epoch: 38
original feature:   Rank-1: 74.00% | Rank-5: 100.00% | Rank-10: 100.00%| Rank-20: 100.00%| mAP: 74.36%| mINP: 65.09%
feature after BN:   Rank-1: 84.00% | Rank-5: 100.00% | Rank-10: 100.00%| Rank-20: 100.00%| mAP: 79.36%| mINP: 68.72%
Best Epoch [38]
==> Preparing Data Loader...
Epoch: [39][0/37] Time: 0.351 (0.351) lr:0.000643 base_lr:0.000064Loss: 2.6908 (2.6908) iLoss: 0.0033 (0.0033) CLoss: 0.0000 (0.0000) da_loss: 0.3552 (0.3552) dd_loss: 2.6165 (2.6165) Accu: 100.00
Test Epoch: 39
original feature:   Rank-1: 78.00% | Rank-5: 98.00% | Rank-10: 98.00%| Rank-20: 100.00%| mAP: 76.80%| mINP: 68.86%
feature after BN:   Rank-1: 76.00% | Rank-5: 100.00% | Rank-10: 100.00%| Rank-20: 100.00%| mAP: 76.19%| mINP: 66.48%
Best Epoch [38]
==> Preparing Data Loader...
Epoch: [40][0/37] Time: 0.341 (0.341) lr:0.000632 base_lr:0.000063Loss: 2.6561 (2.6561) iLoss: 0.0044 (0.0044) CLoss: 0.0000 (0.0000) da_loss: 0.3880 (0.3880) dd_loss: 2.5741 (2.5741) Accu: 100.00
Test Epoch: 40
original feature:   Rank-1: 78.00% | Rank-5: 98.00% | Rank-10: 100.00%| Rank-20: 100.00%| mAP: 75.32%| mINP: 65.69%
feature after BN:   Rank-1: 82.00% | Rank-5: 98.00% | Rank-10: 100.00%| Rank-20: 100.00%| mAP: 76.99%| mINP: 66.15%
Best Epoch [38]
==> Preparing Data Loader...
Epoch: [41][0/37] Time: 0.340 (0.340) lr:0.000622 base_lr:0.000062Loss: 2.8834 (2.8834) iLoss: 0.0026 (0.0026) CLoss: 0.0000 (0.0000) da_loss: 0.3521 (0.3521) dd_loss: 2.8103 (2.8103) Accu: 100.00
Test Epoch: 41
original feature:   Rank-1: 74.00% | Rank-5: 98.00% | Rank-10: 100.00%| Rank-20: 100.00%| mAP: 74.07%| mINP: 64.41%
feature after BN:   Rank-1: 76.00% | Rank-5: 98.00% | Rank-10: 100.00%| Rank-20: 100.00%| mAP: 75.38%| mINP: 65.97%
Best Epoch [38]
==> Preparing Data Loader...
Epoch: [42][0/37] Time: 0.337 (0.337) lr:0.000611 base_lr:0.000061Loss: 2.7611 (2.7611) iLoss: 0.0076 (0.0076) CLoss: 0.0000 (0.0000) da_loss: 0.3373 (0.3373) dd_loss: 2.6861 (2.6861) Accu: 100.00
Test Epoch: 42
original feature:   Rank-1: 66.00% | Rank-5: 94.00% | Rank-10: 100.00%| Rank-20: 100.00%| mAP: 71.97%| mINP: 65.08%
feature after BN:   Rank-1: 78.00% | Rank-5: 96.00% | Rank-10: 100.00%| Rank-20: 100.00%| mAP: 75.84%| mINP: 66.20%
Best Epoch [38]
==> Preparing Data Loader...
Epoch: [43][0/37] Time: 0.350 (0.350) lr:0.000600 base_lr:0.000060Loss: 2.6477 (2.6477) iLoss: 0.0104 (0.0104) CLoss: 0.0000 (0.0000) da_loss: 0.4191 (0.4191) dd_loss: 2.5535 (2.5535) Accu: 100.00
Test Epoch: 43
original feature:   Rank-1: 70.00% | Rank-5: 94.00% | Rank-10: 100.00%| Rank-20: 100.00%| mAP: 74.20%| mINP: 68.59%
feature after BN:   Rank-1: 74.00% | Rank-5: 96.00% | Rank-10: 100.00%| Rank-20: 100.00%| mAP: 75.74%| mINP: 68.09%
Best Epoch [38]
==> Preparing Data Loader...
Epoch: [44][0/37] Time: 0.338 (0.338) lr:0.000590 base_lr:0.000059Loss: 2.5730 (2.5730) iLoss: 0.0045 (0.0045) CLoss: 0.0000 (0.0000) da_loss: 0.3403 (0.3403) dd_loss: 2.5005 (2.5005) Accu: 100.00
Test Epoch: 44
original feature:   Rank-1: 74.00% | Rank-5: 92.00% | Rank-10: 100.00%| Rank-20: 100.00%| mAP: 74.70%| mINP: 66.45%
feature after BN:   Rank-1: 78.00% | Rank-5: 96.00% | Rank-10: 100.00%| Rank-20: 100.00%| mAP: 75.93%| mINP: 66.31%
Best Epoch [38]
==> Preparing Data Loader...
Epoch: [45][0/37] Time: 0.342 (0.342) lr:0.000579 base_lr:0.000058Loss: 2.6914 (2.6914) iLoss: 0.0044 (0.0044) CLoss: 0.0000 (0.0000) da_loss: 0.3695 (0.3695) dd_loss: 2.6131 (2.6131) Accu: 100.00
Test Epoch: 45
original feature:   Rank-1: 72.00% | Rank-5: 94.00% | Rank-10: 100.00%| Rank-20: 100.00%| mAP: 73.94%| mINP: 66.30%
feature after BN:   Rank-1: 76.00% | Rank-5: 96.00% | Rank-10: 100.00%| Rank-20: 100.00%| mAP: 75.62%| mINP: 66.28%
Best Epoch [38]
==> Preparing Data Loader...
Epoch: [46][0/37] Time: 0.343 (0.343) lr:0.000568 base_lr:0.000057Loss: 2.4697 (2.4697) iLoss: 0.0053 (0.0053) CLoss: 0.0000 (0.0000) da_loss: 0.3633 (0.3633) dd_loss: 2.3917 (2.3917) Accu: 100.00
Test Epoch: 46
original feature:   Rank-1: 72.00% | Rank-5: 96.00% | Rank-10: 100.00%| Rank-20: 100.00%| mAP: 75.06%| mINP: 67.48%
feature after BN:   Rank-1: 80.00% | Rank-5: 98.00% | Rank-10: 100.00%| Rank-20: 100.00%| mAP: 79.12%| mINP: 70.51%
Best Epoch [38]
==> Preparing Data Loader...
Epoch: [47][0/37] Time: 0.343 (0.343) lr:0.000557 base_lr:0.000056Loss: 2.4584 (2.4584) iLoss: 0.0029 (0.0029) CLoss: 0.0000 (0.0000) da_loss: 0.3477 (0.3477) dd_loss: 2.3860 (2.3860) Accu: 100.00
Test Epoch: 47
original feature:   Rank-1: 72.00% | Rank-5: 94.00% | Rank-10: 100.00%| Rank-20: 100.00%| mAP: 74.93%| mINP: 66.90%
feature after BN:   Rank-1: 82.00% | Rank-5: 98.00% | Rank-10: 100.00%| Rank-20: 100.00%| mAP: 78.93%| mINP: 69.81%
Best Epoch [38]
==> Preparing Data Loader...
Epoch: [48][0/37] Time: 0.350 (0.350) lr:0.000547 base_lr:0.000055Loss: 2.3303 (2.3303) iLoss: 0.0027 (0.0027) CLoss: 0.0000 (0.0000) da_loss: 0.2954 (0.2954) dd_loss: 2.2686 (2.2686) Accu: 100.00
Test Epoch: 48
original feature:   Rank-1: 74.00% | Rank-5: 96.00% | Rank-10: 100.00%| Rank-20: 100.00%| mAP: 75.71%| mINP: 68.03%
feature after BN:   Rank-1: 82.00% | Rank-5: 98.00% | Rank-10: 100.00%| Rank-20: 100.00%| mAP: 79.36%| mINP: 70.00%
Best Epoch [38]
==> Preparing Data Loader...
Epoch: [49][0/37] Time: 0.368 (0.368) lr:0.000536 base_lr:0.000054Loss: 2.5104 (2.5104) iLoss: 0.0039 (0.0039) CLoss: 0.0000 (0.0000) da_loss: 0.3505 (0.3505) dd_loss: 2.4364 (2.4364) Accu: 100.00
Test Epoch: 49
original feature:   Rank-1: 72.00% | Rank-5: 98.00% | Rank-10: 100.00%| Rank-20: 100.00%| mAP: 75.48%| mINP: 68.60%
feature after BN:   Rank-1: 78.00% | Rank-5: 98.00% | Rank-10: 100.00%| Rank-20: 100.00%| mAP: 77.67%| mINP: 68.45%
Best Epoch [38]
==> Preparing Data Loader...
Epoch: [50][0/37] Time: 0.357 (0.357) lr:0.000525 base_lr:0.000053Loss: 2.3875 (2.3875) iLoss: 0.0027 (0.0027) CLoss: 0.0000 (0.0000) da_loss: 0.3413 (0.3413) dd_loss: 2.3166 (2.3166) Accu: 100.00
Test Epoch: 50
original feature:   Rank-1: 76.00% | Rank-5: 100.00% | Rank-10: 100.00%| Rank-20: 100.00%| mAP: 78.12%| mINP: 70.75%
feature after BN:   Rank-1: 82.00% | Rank-5: 98.00% | Rank-10: 100.00%| Rank-20: 100.00%| mAP: 78.39%| mINP: 68.44%
Best Epoch [38]
==> Preparing Data Loader...
Epoch: [51][0/37] Time: 0.340 (0.340) lr:0.000515 base_lr:0.000051Loss: 2.4981 (2.4981) iLoss: 0.0042 (0.0042) CLoss: 0.0000 (0.0000) da_loss: 0.3329 (0.3329) dd_loss: 2.4273 (2.4273) Accu: 100.00
Test Epoch: 51
original feature:   Rank-1: 76.00% | Rank-5: 100.00% | Rank-10: 100.00%| Rank-20: 100.00%| mAP: 78.55%| mINP: 71.87%
feature after BN:   Rank-1: 78.00% | Rank-5: 98.00% | Rank-10: 100.00%| Rank-20: 100.00%| mAP: 76.30%| mINP: 67.59%
Best Epoch [38]
==> Preparing Data Loader...
Epoch: [52][0/37] Time: 0.341 (0.341) lr:0.000504 base_lr:0.000050Loss: 2.4419 (2.4419) iLoss: 0.0025 (0.0025) CLoss: 0.0000 (0.0000) da_loss: 0.3310 (0.3310) dd_loss: 2.3731 (2.3731) Accu: 100.00
Test Epoch: 52
original feature:   Rank-1: 74.00% | Rank-5: 96.00% | Rank-10: 100.00%| Rank-20: 100.00%| mAP: 76.64%| mINP: 70.44%
feature after BN:   Rank-1: 78.00% | Rank-5: 98.00% | Rank-10: 100.00%| Rank-20: 100.00%| mAP: 77.15%| mINP: 69.24%
Best Epoch [38]
==> Preparing Data Loader...
Epoch: [53][0/37] Time: 0.346 (0.346) lr:0.000493 base_lr:0.000049Loss: 2.4977 (2.4977) iLoss: 0.0057 (0.0057) CLoss: 0.0000 (0.0000) da_loss: 0.3334 (0.3334) dd_loss: 2.4253 (2.4253) Accu: 100.00
Test Epoch: 53
original feature:   Rank-1: 78.00% | Rank-5: 96.00% | Rank-10: 100.00%| Rank-20: 100.00%| mAP: 78.28%| mINP: 71.16%
feature after BN:   Rank-1: 80.00% | Rank-5: 98.00% | Rank-10: 100.00%| Rank-20: 100.00%| mAP: 77.94%| mINP: 69.55%
Best Epoch [38]
==> Preparing Data Loader...
Epoch: [54][0/37] Time: 0.340 (0.340) lr:0.000482 base_lr:0.000048Loss: 2.3767 (2.3767) iLoss: 0.0030 (0.0030) CLoss: 0.0000 (0.0000) da_loss: 0.3159 (0.3159) dd_loss: 2.3106 (2.3106) Accu: 100.00
Test Epoch: 54
original feature:   Rank-1: 74.00% | Rank-5: 96.00% | Rank-10: 100.00%| Rank-20: 100.00%| mAP: 76.54%| mINP: 70.72%
feature after BN:   Rank-1: 76.00% | Rank-5: 98.00% | Rank-10: 100.00%| Rank-20: 100.00%| mAP: 78.12%| mINP: 71.78%
Best Epoch [38]
==> Preparing Data Loader...
Epoch: [55][0/37] Time: 0.338 (0.338) lr:0.000472 base_lr:0.000047Loss: 2.3973 (2.3973) iLoss: 0.0058 (0.0058) CLoss: 0.0000 (0.0000) da_loss: 0.3246 (0.3246) dd_loss: 2.3266 (2.3266) Accu: 100.00
Test Epoch: 55
original feature:   Rank-1: 78.00% | Rank-5: 98.00% | Rank-10: 100.00%| Rank-20: 100.00%| mAP: 77.80%| mINP: 70.85%
feature after BN:   Rank-1: 80.00% | Rank-5: 98.00% | Rank-10: 100.00%| Rank-20: 100.00%| mAP: 79.48%| mINP: 72.28%
Best Epoch [38]
==> Preparing Data Loader...
Epoch: [56][0/37] Time: 0.340 (0.340) lr:0.000461 base_lr:0.000046Loss: 2.4616 (2.4616) iLoss: 0.0035 (0.0035) CLoss: 0.0000 (0.0000) da_loss: 0.3469 (0.3469) dd_loss: 2.3887 (2.3887) Accu: 100.00
Test Epoch: 56
original feature:   Rank-1: 82.00% | Rank-5: 96.00% | Rank-10: 100.00%| Rank-20: 100.00%| mAP: 78.61%| mINP: 70.91%
feature after BN:   Rank-1: 82.00% | Rank-5: 98.00% | Rank-10: 100.00%| Rank-20: 100.00%| mAP: 78.86%| mINP: 70.57%
Best Epoch [38]
==> Preparing Data Loader...
Epoch: [57][0/37] Time: 0.329 (0.329) lr:0.000450 base_lr:0.000045Loss: 2.4422 (2.4422) iLoss: 0.0042 (0.0042) CLoss: 0.0000 (0.0000) da_loss: 0.3141 (0.3141) dd_loss: 2.3752 (2.3752) Accu: 100.00
Test Epoch: 57
original feature:   Rank-1: 82.00% | Rank-5: 98.00% | Rank-10: 100.00%| Rank-20: 100.00%| mAP: 79.88%| mINP: 72.77%
feature after BN:   Rank-1: 84.00% | Rank-5: 100.00% | Rank-10: 100.00%| Rank-20: 100.00%| mAP: 80.68%| mINP: 71.70%
Best Epoch [57]
==> Preparing Data Loader...
Epoch: [58][0/37] Time: 0.362 (0.362) lr:0.000440 base_lr:0.000044Loss: 2.3289 (2.3289) iLoss: 0.0028 (0.0028) CLoss: 0.0000 (0.0000) da_loss: 0.3241 (0.3241) dd_loss: 2.2613 (2.2613) Accu: 100.00
Test Epoch: 58
original feature:   Rank-1: 78.00% | Rank-5: 94.00% | Rank-10: 100.00%| Rank-20: 100.00%| mAP: 78.72%| mINP: 72.18%
feature after BN:   Rank-1: 82.00% | Rank-5: 98.00% | Rank-10: 100.00%| Rank-20: 100.00%| mAP: 80.17%| mINP: 71.73%
Best Epoch [57]
==> Preparing Data Loader...
Epoch: [59][0/37] Time: 0.337 (0.337) lr:0.000429 base_lr:0.000043Loss: 2.2857 (2.2857) iLoss: 0.0016 (0.0016) CLoss: 0.0000 (0.0000) da_loss: 0.2915 (0.2915) dd_loss: 2.2259 (2.2259) Accu: 100.00
Test Epoch: 59
original feature:   Rank-1: 78.00% | Rank-5: 98.00% | Rank-10: 100.00%| Rank-20: 100.00%| mAP: 78.90%| mINP: 72.11%
feature after BN:   Rank-1: 82.00% | Rank-5: 100.00% | Rank-10: 100.00%| Rank-20: 100.00%| mAP: 81.30%| mINP: 73.09%
Best Epoch [57]
==> Preparing Data Loader...
Epoch: [60][0/37] Time: 0.344 (0.344) lr:0.000418 base_lr:0.000042Loss: 2.3148 (2.3148) iLoss: 0.0017 (0.0017) CLoss: 0.0000 (0.0000) da_loss: 0.2855 (0.2855) dd_loss: 2.2559 (2.2559) Accu: 100.00
Test Epoch: 60
original feature:   Rank-1: 74.00% | Rank-5: 96.00% | Rank-10: 100.00%| Rank-20: 100.00%| mAP: 77.91%| mINP: 72.57%
feature after BN:   Rank-1: 78.00% | Rank-5: 100.00% | Rank-10: 100.00%| Rank-20: 100.00%| mAP: 80.08%| mINP: 72.93%
Best Epoch [57]
==> Preparing Data Loader...
Epoch: [61][0/37] Time: 0.332 (0.332) lr:0.000407 base_lr:0.000041Loss: 2.4418 (2.4418) iLoss: 0.0029 (0.0029) CLoss: 0.0000 (0.0000) da_loss: 0.3310 (0.3310) dd_loss: 2.3727 (2.3727) Accu: 100.00
Test Epoch: 61
original feature:   Rank-1: 80.00% | Rank-5: 96.00% | Rank-10: 100.00%| Rank-20: 100.00%| mAP: 78.38%| mINP: 69.97%
feature after BN:   Rank-1: 82.00% | Rank-5: 100.00% | Rank-10: 100.00%| Rank-20: 100.00%| mAP: 80.17%| mINP: 71.18%
Best Epoch [57]
==> Preparing Data Loader...
Epoch: [62][0/37] Time: 0.245 (0.245) lr:0.000397 base_lr:0.000040Loss: 2.4473 (2.4473) iLoss: 0.0029 (0.0029) CLoss: 0.0000 (0.0000) da_loss: 0.3528 (0.3528) dd_loss: 2.3738 (2.3738) Accu: 100.00
Test Epoch: 62
original feature:   Rank-1: 74.00% | Rank-5: 98.00% | Rank-10: 100.00%| Rank-20: 100.00%| mAP: 77.29%| mINP: 71.50%
feature after BN:   Rank-1: 82.00% | Rank-5: 100.00% | Rank-10: 100.00%| Rank-20: 100.00%| mAP: 79.04%| mINP: 68.57%
Best Epoch [57]
==> Preparing Data Loader...
Epoch: [63][0/37] Time: 0.338 (0.338) lr:0.000386 base_lr:0.000039Loss: 2.2581 (2.2581) iLoss: 0.0034 (0.0034) CLoss: 0.0000 (0.0000) da_loss: 0.2836 (0.2836) dd_loss: 2.1980 (2.1980) Accu: 100.00
Test Epoch: 63
original feature:   Rank-1: 78.00% | Rank-5: 96.00% | Rank-10: 100.00%| Rank-20: 100.00%| mAP: 79.07%| mINP: 72.02%
feature after BN:   Rank-1: 84.00% | Rank-5: 100.00% | Rank-10: 100.00%| Rank-20: 100.00%| mAP: 82.13%| mINP: 73.76%
Best Epoch [63]
==> Preparing Data Loader...
Epoch: [64][0/37] Time: 0.266 (0.266) lr:0.000375 base_lr:0.000038Loss: 2.2916 (2.2916) iLoss: 0.0019 (0.0019) CLoss: 0.0000 (0.0000) da_loss: 0.3194 (0.3194) dd_loss: 2.2259 (2.2259) Accu: 100.00
Test Epoch: 64
original feature:   Rank-1: 78.00% | Rank-5: 100.00% | Rank-10: 100.00%| Rank-20: 100.00%| mAP: 79.59%| mINP: 72.94%
feature after BN:   Rank-1: 86.00% | Rank-5: 100.00% | Rank-10: 100.00%| Rank-20: 100.00%| mAP: 81.51%| mINP: 71.68%
Best Epoch [64]
==> Preparing Data Loader...
Epoch: [65][0/37] Time: 0.352 (0.352) lr:0.000365 base_lr:0.000036Loss: 2.3194 (2.3194) iLoss: 0.0023 (0.0023) CLoss: 0.0000 (0.0000) da_loss: 0.3022 (0.3022) dd_loss: 2.2566 (2.2566) Accu: 100.00
Test Epoch: 65
original feature:   Rank-1: 80.00% | Rank-5: 98.00% | Rank-10: 100.00%| Rank-20: 100.00%| mAP: 78.55%| mINP: 70.59%
feature after BN:   Rank-1: 86.00% | Rank-5: 100.00% | Rank-10: 100.00%| Rank-20: 100.00%| mAP: 80.86%| mINP: 70.65%
Best Epoch [65]
==> Preparing Data Loader...
Epoch: [66][0/37] Time: 0.352 (0.352) lr:0.000354 base_lr:0.000035Loss: 2.3998 (2.3998) iLoss: 0.0027 (0.0027) CLoss: 0.0000 (0.0000) da_loss: 0.3028 (0.3028) dd_loss: 2.3365 (2.3365) Accu: 100.00
Test Epoch: 66
original feature:   Rank-1: 82.00% | Rank-5: 100.00% | Rank-10: 100.00%| Rank-20: 100.00%| mAP: 80.29%| mINP: 72.25%
feature after BN:   Rank-1: 82.00% | Rank-5: 100.00% | Rank-10: 100.00%| Rank-20: 100.00%| mAP: 80.35%| mINP: 71.19%
Best Epoch [65]
==> Preparing Data Loader...
Epoch: [67][0/37] Time: 0.343 (0.343) lr:0.000343 base_lr:0.000034Loss: 2.2380 (2.2380) iLoss: 0.0021 (0.0021) CLoss: 0.0000 (0.0000) da_loss: 0.2984 (0.2984) dd_loss: 2.1762 (2.1762) Accu: 100.00
Test Epoch: 67
original feature:   Rank-1: 80.00% | Rank-5: 100.00% | Rank-10: 100.00%| Rank-20: 100.00%| mAP: 79.68%| mINP: 72.19%
feature after BN:   Rank-1: 84.00% | Rank-5: 98.00% | Rank-10: 100.00%| Rank-20: 100.00%| mAP: 81.98%| mINP: 73.96%
Best Epoch [65]
==> Preparing Data Loader...
Epoch: [68][0/37] Time: 0.341 (0.341) lr:0.000332 base_lr:0.000033Loss: 2.2218 (2.2218) iLoss: 0.0018 (0.0018) CLoss: 0.0000 (0.0000) da_loss: 0.2917 (0.2917) dd_loss: 2.1616 (2.1616) Accu: 100.00
Test Epoch: 68
original feature:   Rank-1: 82.00% | Rank-5: 100.00% | Rank-10: 100.00%| Rank-20: 100.00%| mAP: 79.66%| mINP: 72.08%
feature after BN:   Rank-1: 86.00% | Rank-5: 98.00% | Rank-10: 100.00%| Rank-20: 100.00%| mAP: 81.96%| mINP: 72.58%
Best Epoch [68]
==> Preparing Data Loader...
Epoch: [69][0/37] Time: 0.353 (0.353) lr:0.000322 base_lr:0.000032Loss: 2.2460 (2.2460) iLoss: 0.0016 (0.0016) CLoss: 0.0000 (0.0000) da_loss: 0.2717 (0.2717) dd_loss: 2.1900 (2.1900) Accu: 100.00
Test Epoch: 69
original feature:   Rank-1: 76.00% | Rank-5: 100.00% | Rank-10: 100.00%| Rank-20: 100.00%| mAP: 78.34%| mINP: 71.19%
feature after BN:   Rank-1: 84.00% | Rank-5: 100.00% | Rank-10: 100.00%| Rank-20: 100.00%| mAP: 81.13%| mINP: 72.42%
Best Epoch [68]
==> Preparing Data Loader...
Epoch: [70][0/37] Time: 0.341 (0.341) lr:0.000311 base_lr:0.000031Loss: 2.2818 (2.2818) iLoss: 0.0024 (0.0024) CLoss: 0.0000 (0.0000) da_loss: 0.3104 (0.3104) dd_loss: 2.2173 (2.2173) Accu: 100.00
Test Epoch: 70
original feature:   Rank-1: 84.00% | Rank-5: 100.00% | Rank-10: 100.00%| Rank-20: 100.00%| mAP: 81.50%| mINP: 73.77%
feature after BN:   Rank-1: 82.00% | Rank-5: 98.00% | Rank-10: 100.00%| Rank-20: 100.00%| mAP: 81.10%| mINP: 73.19%
Best Epoch [68]
==> Preparing Data Loader...
Epoch: [71][0/37] Time: 0.338 (0.338) lr:0.000300 base_lr:0.000030Loss: 2.1760 (2.1760) iLoss: 0.0019 (0.0019) CLoss: 0.0000 (0.0000) da_loss: 0.2959 (0.2959) dd_loss: 2.1149 (2.1149) Accu: 100.00
Test Epoch: 71
original feature:   Rank-1: 84.00% | Rank-5: 100.00% | Rank-10: 100.00%| Rank-20: 100.00%| mAP: 81.73%| mINP: 73.95%
feature after BN:   Rank-1: 84.00% | Rank-5: 100.00% | Rank-10: 100.00%| Rank-20: 100.00%| mAP: 80.79%| mINP: 71.74%
Best Epoch [68]
==> Preparing Data Loader...
Epoch: [72][0/37] Time: 0.344 (0.344) lr:0.000290 base_lr:0.000029Loss: 2.2114 (2.2114) iLoss: 0.0024 (0.0024) CLoss: 0.0000 (0.0000) da_loss: 0.2999 (0.2999) dd_loss: 2.1491 (2.1491) Accu: 100.00
Test Epoch: 72
original feature:   Rank-1: 84.00% | Rank-5: 98.00% | Rank-10: 100.00%| Rank-20: 100.00%| mAP: 82.35%| mINP: 75.64%
feature after BN:   Rank-1: 86.00% | Rank-5: 98.00% | Rank-10: 100.00%| Rank-20: 100.00%| mAP: 82.60%| mINP: 74.73%
Best Epoch [72]
==> Preparing Data Loader...
Epoch: [73][0/37] Time: 0.364 (0.364) lr:0.000279 base_lr:0.000028Loss: 2.2122 (2.2122) iLoss: 0.0018 (0.0018) CLoss: 0.0000 (0.0000) da_loss: 0.2910 (0.2910) dd_loss: 2.1522 (2.1522) Accu: 100.00
Test Epoch: 73
original feature:   Rank-1: 82.00% | Rank-5: 100.00% | Rank-10: 100.00%| Rank-20: 100.00%| mAP: 80.35%| mINP: 73.36%
feature after BN:   Rank-1: 84.00% | Rank-5: 98.00% | Rank-10: 100.00%| Rank-20: 100.00%| mAP: 81.27%| mINP: 72.22%
Best Epoch [72]
==> Preparing Data Loader...
Epoch: [74][0/37] Time: 0.350 (0.350) lr:0.000268 base_lr:0.000027Loss: 2.2366 (2.2366) iLoss: 0.0020 (0.0020) CLoss: 0.0000 (0.0000) da_loss: 0.2980 (0.2980) dd_loss: 2.1751 (2.1751) Accu: 100.00
Test Epoch: 74
original feature:   Rank-1: 82.00% | Rank-5: 100.00% | Rank-10: 100.00%| Rank-20: 100.00%| mAP: 79.82%| mINP: 71.64%
feature after BN:   Rank-1: 86.00% | Rank-5: 98.00% | Rank-10: 100.00%| Rank-20: 100.00%| mAP: 81.49%| mINP: 71.98%
Best Epoch [74]
==> Preparing Data Loader...
Epoch: [75][0/37] Time: 0.332 (0.332) lr:0.000257 base_lr:0.000026Loss: 2.1381 (2.1381) iLoss: 0.0012 (0.0012) CLoss: 0.0000 (0.0000) da_loss: 0.2753 (0.2753) dd_loss: 2.0818 (2.0818) Accu: 100.00
Test Epoch: 75
original feature:   Rank-1: 82.00% | Rank-5: 100.00% | Rank-10: 100.00%| Rank-20: 100.00%| mAP: 81.07%| mINP: 74.47%
feature after BN:   Rank-1: 84.00% | Rank-5: 98.00% | Rank-10: 100.00%| Rank-20: 100.00%| mAP: 81.29%| mINP: 72.58%
Best Epoch [74]
==> Preparing Data Loader...
Epoch: [76][0/37] Time: 0.350 (0.350) lr:0.000247 base_lr:0.000025Loss: 2.1393 (2.1393) iLoss: 0.0007 (0.0007) CLoss: 0.0000 (0.0000) da_loss: 0.2695 (0.2695) dd_loss: 2.0846 (2.0846) Accu: 100.00
Test Epoch: 76
original feature:   Rank-1: 78.00% | Rank-5: 100.00% | Rank-10: 100.00%| Rank-20: 100.00%| mAP: 80.05%| mINP: 74.59%
feature after BN:   Rank-1: 84.00% | Rank-5: 100.00% | Rank-10: 100.00%| Rank-20: 100.00%| mAP: 80.77%| mINP: 72.14%
Best Epoch [74]
==> Preparing Data Loader...
Epoch: [77][0/37] Time: 0.344 (0.344) lr:0.000236 base_lr:0.000024Loss: 2.2077 (2.2077) iLoss: 0.0011 (0.0011) CLoss: 0.0000 (0.0000) da_loss: 0.2794 (0.2794) dd_loss: 2.1507 (2.1507) Accu: 100.00
Test Epoch: 77
original feature:   Rank-1: 80.00% | Rank-5: 100.00% | Rank-10: 100.00%| Rank-20: 100.00%| mAP: 80.24%| mINP: 73.15%
feature after BN:   Rank-1: 84.00% | Rank-5: 100.00% | Rank-10: 100.00%| Rank-20: 100.00%| mAP: 81.29%| mINP: 72.74%
Best Epoch [74]
==> Preparing Data Loader...
Epoch: [78][0/37] Time: 0.349 (0.349) lr:0.000225 base_lr:0.000023Loss: 2.2153 (2.2153) iLoss: 0.0022 (0.0022) CLoss: 0.0000 (0.0000) da_loss: 0.2868 (0.2868) dd_loss: 2.1558 (2.1558) Accu: 100.00
Test Epoch: 78
original feature:   Rank-1: 80.00% | Rank-5: 100.00% | Rank-10: 100.00%| Rank-20: 100.00%| mAP: 80.68%| mINP: 74.19%
feature after BN:   Rank-1: 84.00% | Rank-5: 100.00% | Rank-10: 100.00%| Rank-20: 100.00%| mAP: 82.02%| mINP: 73.54%
Best Epoch [74]
==> Preparing Data Loader...
Epoch: [79][0/37] Time: 0.353 (0.353) lr:0.000215 base_lr:0.000021Loss: 2.1502 (2.1502) iLoss: 0.0015 (0.0015) CLoss: 0.0000 (0.0000) da_loss: 0.2705 (0.2705) dd_loss: 2.0946 (2.0946) Accu: 100.00
Test Epoch: 79
original feature:   Rank-1: 84.00% | Rank-5: 100.00% | Rank-10: 100.00%| Rank-20: 100.00%| mAP: 81.67%| mINP: 73.83%
feature after BN:   Rank-1: 80.00% | Rank-5: 100.00% | Rank-10: 100.00%| Rank-20: 100.00%| mAP: 80.35%| mINP: 72.20%
Best Epoch [74]
==> Preparing Data Loader...
Epoch: [80][0/37] Time: 0.340 (0.340) lr:0.000204 base_lr:0.000020Loss: 2.2028 (2.2028) iLoss: 0.0029 (0.0029) CLoss: 0.0000 (0.0000) da_loss: 0.3020 (0.3020) dd_loss: 2.1395 (2.1395) Accu: 100.00
Test Epoch: 80
original feature:   Rank-1: 80.00% | Rank-5: 100.00% | Rank-10: 100.00%| Rank-20: 100.00%| mAP: 78.64%| mINP: 70.12%
feature after BN:   Rank-1: 84.00% | Rank-5: 100.00% | Rank-10: 100.00%| Rank-20: 100.00%| mAP: 80.91%| mINP: 71.98%
Best Epoch [74]
==> Preparing Data Loader...
Epoch: [81][0/37] Time: 0.342 (0.342) lr:0.000193 base_lr:0.000019Loss: 2.1689 (2.1689) iLoss: 0.0012 (0.0012) CLoss: 0.0000 (0.0000) da_loss: 0.2949 (0.2949) dd_loss: 2.1087 (2.1087) Accu: 100.00
Test Epoch: 81
original feature:   Rank-1: 82.00% | Rank-5: 100.00% | Rank-10: 100.00%| Rank-20: 100.00%| mAP: 81.49%| mINP: 73.98%
feature after BN:   Rank-1: 86.00% | Rank-5: 100.00% | Rank-10: 100.00%| Rank-20: 100.00%| mAP: 82.60%| mINP: 73.21%
Best Epoch [81]
==> Preparing Data Loader...
Epoch: [82][0/37] Time: 0.355 (0.355) lr:0.000182 base_lr:0.000018Loss: 2.1835 (2.1835) iLoss: 0.0012 (0.0012) CLoss: 0.0000 (0.0000) da_loss: 0.2958 (0.2958) dd_loss: 2.1232 (2.1232) Accu: 100.00
Test Epoch: 82
original feature:   Rank-1: 86.00% | Rank-5: 100.00% | Rank-10: 100.00%| Rank-20: 100.00%| mAP: 80.92%| mINP: 71.01%
feature after BN:   Rank-1: 86.00% | Rank-5: 100.00% | Rank-10: 100.00%| Rank-20: 100.00%| mAP: 82.62%| mINP: 73.41%
Best Epoch [82]
==> Preparing Data Loader...
Epoch: [83][0/37] Time: 0.345 (0.345) lr:0.000172 base_lr:0.000017Loss: 2.1869 (2.1869) iLoss: 0.0017 (0.0017) CLoss: 0.0000 (0.0000) da_loss: 0.2954 (0.2954) dd_loss: 2.1261 (2.1261) Accu: 100.00
Test Epoch: 83
original feature:   Rank-1: 82.00% | Rank-5: 100.00% | Rank-10: 100.00%| Rank-20: 100.00%| mAP: 80.00%| mINP: 72.43%
feature after BN:   Rank-1: 84.00% | Rank-5: 100.00% | Rank-10: 100.00%| Rank-20: 100.00%| mAP: 81.52%| mINP: 72.21%
Best Epoch [82]
==> Preparing Data Loader...
Epoch: [84][0/37] Time: 0.344 (0.344) lr:0.000161 base_lr:0.000016Loss: 2.1255 (2.1255) iLoss: 0.0011 (0.0011) CLoss: 0.0000 (0.0000) da_loss: 0.2778 (0.2778) dd_loss: 2.0688 (2.0688) Accu: 100.00
Test Epoch: 84
original feature:   Rank-1: 80.00% | Rank-5: 98.00% | Rank-10: 100.00%| Rank-20: 100.00%| mAP: 78.55%| mINP: 70.11%
feature after BN:   Rank-1: 82.00% | Rank-5: 100.00% | Rank-10: 100.00%| Rank-20: 100.00%| mAP: 80.49%| mINP: 71.32%
Best Epoch [82]
==> Preparing Data Loader...
Epoch: [85][0/37] Time: 0.326 (0.326) lr:0.000150 base_lr:0.000015Loss: 2.1133 (2.1133) iLoss: 0.0011 (0.0011) CLoss: 0.0000 (0.0000) da_loss: 0.2812 (0.2812) dd_loss: 2.0559 (2.0559) Accu: 100.00
Test Epoch: 85
original feature:   Rank-1: 84.00% | Rank-5: 100.00% | Rank-10: 100.00%| Rank-20: 100.00%| mAP: 80.13%| mINP: 71.42%
feature after BN:   Rank-1: 86.00% | Rank-5: 100.00% | Rank-10: 100.00%| Rank-20: 100.00%| mAP: 82.23%| mINP: 73.05%
Best Epoch [85]
==> Preparing Data Loader...
Epoch: [86][0/37] Time: 0.324 (0.324) lr:0.000140 base_lr:0.000014Loss: 2.1774 (2.1774) iLoss: 0.0009 (0.0009) CLoss: 0.0000 (0.0000) da_loss: 0.2908 (0.2908) dd_loss: 2.1183 (2.1183) Accu: 100.00
Test Epoch: 86
original feature:   Rank-1: 76.00% | Rank-5: 100.00% | Rank-10: 100.00%| Rank-20: 100.00%| mAP: 78.83%| mINP: 72.16%
feature after BN:   Rank-1: 88.00% | Rank-5: 100.00% | Rank-10: 100.00%| Rank-20: 100.00%| mAP: 82.67%| mINP: 72.83%
Best Epoch [86]
==> Preparing Data Loader...
Epoch: [87][0/37] Time: 0.344 (0.344) lr:0.000129 base_lr:0.000013Loss: 2.2045 (2.2045) iLoss: 0.0018 (0.0018) CLoss: 0.0000 (0.0000) da_loss: 0.3099 (0.3099) dd_loss: 2.1408 (2.1408) Accu: 100.00
Test Epoch: 87
original feature:   Rank-1: 82.00% | Rank-5: 98.00% | Rank-10: 100.00%| Rank-20: 100.00%| mAP: 79.90%| mINP: 72.13%
feature after BN:   Rank-1: 82.00% | Rank-5: 100.00% | Rank-10: 100.00%| Rank-20: 100.00%| mAP: 80.13%| mINP: 70.77%
Best Epoch [86]
==> Preparing Data Loader...
Epoch: [88][0/37] Time: 0.342 (0.342) lr:0.000118 base_lr:0.000012Loss: 2.2186 (2.2186) iLoss: 0.0019 (0.0019) CLoss: 0.0000 (0.0000) da_loss: 0.3003 (0.3003) dd_loss: 2.1567 (2.1567) Accu: 100.00
Test Epoch: 88
original feature:   Rank-1: 82.00% | Rank-5: 100.00% | Rank-10: 100.00%| Rank-20: 100.00%| mAP: 80.95%| mINP: 74.01%
feature after BN:   Rank-1: 82.00% | Rank-5: 100.00% | Rank-10: 100.00%| Rank-20: 100.00%| mAP: 81.85%| mINP: 73.86%
Best Epoch [86]
==> Preparing Data Loader...
Epoch: [89][0/37] Time: 0.333 (0.333) lr:0.000107 base_lr:0.000011Loss: 2.1325 (2.1325) iLoss: 0.0012 (0.0012) CLoss: 0.0000 (0.0000) da_loss: 0.2870 (0.2870) dd_loss: 2.0739 (2.0739) Accu: 100.00
Test Epoch: 89
original feature:   Rank-1: 84.00% | Rank-5: 98.00% | Rank-10: 100.00%| Rank-20: 100.00%| mAP: 81.39%| mINP: 73.99%
feature after BN:   Rank-1: 82.00% | Rank-5: 100.00% | Rank-10: 100.00%| Rank-20: 100.00%| mAP: 81.09%| mINP: 72.68%
Best Epoch [86]
==> Preparing Data Loader...
Epoch: [90][0/37] Time: 0.331 (0.331) lr:0.000097 base_lr:0.000010Loss: 2.0964 (2.0964) iLoss: 0.0011 (0.0011) CLoss: 0.0000 (0.0000) da_loss: 0.2646 (0.2646) dd_loss: 2.0424 (2.0424) Accu: 100.00
Test Epoch: 90
original feature:   Rank-1: 82.00% | Rank-5: 100.00% | Rank-10: 100.00%| Rank-20: 100.00%| mAP: 80.18%| mINP: 72.36%
feature after BN:   Rank-1: 90.00% | Rank-5: 100.00% | Rank-10: 100.00%| Rank-20: 100.00%| mAP: 82.94%| mINP: 72.37%
Best Epoch [90]
==> Preparing Data Loader...
Epoch: [91][0/37] Time: 0.355 (0.355) lr:0.000086 base_lr:0.000009Loss: 2.1877 (2.1877) iLoss: 0.0009 (0.0009) CLoss: 0.0000 (0.0000) da_loss: 0.3036 (0.3036) dd_loss: 2.1261 (2.1261) Accu: 100.00
Test Epoch: 91
original feature:   Rank-1: 80.00% | Rank-5: 100.00% | Rank-10: 100.00%| Rank-20: 100.00%| mAP: 79.77%| mINP: 72.04%
feature after BN:   Rank-1: 86.00% | Rank-5: 100.00% | Rank-10: 100.00%| Rank-20: 100.00%| mAP: 82.52%| mINP: 72.88%
Best Epoch [90]
==> Preparing Data Loader...
Epoch: [92][0/37] Time: 0.336 (0.336) lr:0.000075 base_lr:0.000008Loss: 2.0996 (2.0996) iLoss: 0.0007 (0.0007) CLoss: 0.0000 (0.0000) da_loss: 0.2852 (0.2852) dd_loss: 2.0418 (2.0418) Accu: 100.00
Test Epoch: 92
original feature:   Rank-1: 84.00% | Rank-5: 100.00% | Rank-10: 100.00%| Rank-20: 100.00%| mAP: 80.20%| mINP: 71.23%
feature after BN:   Rank-1: 88.00% | Rank-5: 100.00% | Rank-10: 100.00%| Rank-20: 100.00%| mAP: 82.49%| mINP: 72.31%
Best Epoch [90]
==> Preparing Data Loader...
Epoch: [93][0/37] Time: 0.354 (0.354) lr:0.000065 base_lr:0.000006Loss: 2.1809 (2.1809) iLoss: 0.0012 (0.0012) CLoss: 0.0000 (0.0000) da_loss: 0.2968 (0.2968) dd_loss: 2.1203 (2.1203) Accu: 100.00
Test Epoch: 93
original feature:   Rank-1: 82.00% | Rank-5: 98.00% | Rank-10: 100.00%| Rank-20: 100.00%| mAP: 80.33%| mINP: 73.14%
feature after BN:   Rank-1: 82.00% | Rank-5: 100.00% | Rank-10: 100.00%| Rank-20: 100.00%| mAP: 81.32%| mINP: 72.82%
Best Epoch [90]
==> Preparing Data Loader...
Epoch: [94][0/37] Time: 0.342 (0.342) lr:0.000054 base_lr:0.000005Loss: 2.1556 (2.1556) iLoss: 0.0012 (0.0012) CLoss: 0.0000 (0.0000) da_loss: 0.3014 (0.3014) dd_loss: 2.0942 (2.0942) Accu: 100.00
Test Epoch: 94
original feature:   Rank-1: 84.00% | Rank-5: 98.00% | Rank-10: 100.00%| Rank-20: 100.00%| mAP: 81.85%| mINP: 74.76%
feature after BN:   Rank-1: 84.00% | Rank-5: 100.00% | Rank-10: 100.00%| Rank-20: 100.00%| mAP: 81.69%| mINP: 72.88%
Best Epoch [90]
==> Preparing Data Loader...
Epoch: [95][0/37] Time: 0.334 (0.334) lr:0.000043 base_lr:0.000004Loss: 2.1385 (2.1385) iLoss: 0.0011 (0.0011) CLoss: 0.0000 (0.0000) da_loss: 0.2965 (0.2965) dd_loss: 2.0781 (2.0781) Accu: 100.00
Test Epoch: 95
original feature:   Rank-1: 80.00% | Rank-5: 98.00% | Rank-10: 100.00%| Rank-20: 100.00%| mAP: 79.70%| mINP: 72.45%
feature after BN:   Rank-1: 88.00% | Rank-5: 100.00% | Rank-10: 100.00%| Rank-20: 100.00%| mAP: 82.18%| mINP: 71.69%
Best Epoch [90]
==> Preparing Data Loader...
Epoch: [96][0/37] Time: 0.355 (0.355) lr:0.000032 base_lr:0.000003Loss: 2.2074 (2.2074) iLoss: 0.0012 (0.0012) CLoss: 0.0000 (0.0000) da_loss: 0.3012 (0.3012) dd_loss: 2.1460 (2.1460) Accu: 100.00
Test Epoch: 96
original feature:   Rank-1: 84.00% | Rank-5: 100.00% | Rank-10: 100.00%| Rank-20: 100.00%| mAP: 82.09%| mINP: 74.34%
feature after BN:   Rank-1: 84.00% | Rank-5: 100.00% | Rank-10: 100.00%| Rank-20: 100.00%| mAP: 83.10%| mINP: 75.71%
Best Epoch [90]
==> Preparing Data Loader...
Epoch: [97][0/37] Time: 0.339 (0.339) lr:0.000022 base_lr:0.000002Loss: 2.1197 (2.1197) iLoss: 0.0007 (0.0007) CLoss: 0.0000 (0.0000) da_loss: 0.2804 (0.2804) dd_loss: 2.0628 (2.0628) Accu: 100.00
Test Epoch: 97
original feature:   Rank-1: 84.00% | Rank-5: 100.00% | Rank-10: 100.00%| Rank-20: 100.00%| mAP: 81.50%| mINP: 73.93%
feature after BN:   Rank-1: 86.00% | Rank-5: 100.00% | Rank-10: 100.00%| Rank-20: 100.00%| mAP: 82.86%| mINP: 74.21%
Best Epoch [90]
==> Preparing Data Loader...
Epoch: [98][0/37] Time: 0.337 (0.337) lr:0.000011 base_lr:0.000001Loss: 2.1861 (2.1861) iLoss: 0.0013 (0.0013) CLoss: 0.0000 (0.0000) da_loss: 0.3140 (0.3140) dd_loss: 2.1220 (2.1220) Accu: 100.00
Test Epoch: 98
original feature:   Rank-1: 84.00% | Rank-5: 98.00% | Rank-10: 100.00%| Rank-20: 100.00%| mAP: 81.66%| mINP: 73.82%
feature after BN:   Rank-1: 86.00% | Rank-5: 100.00% | Rank-10: 100.00%| Rank-20: 100.00%| mAP: 82.30%| mINP: 73.10%
Best Epoch [90]
==> Preparing Data Loader...
Epoch: [99][0/37] Time: 0.334 (0.334) lr:0.000000 base_lr:0.000000Loss: 2.1757 (2.1757) iLoss: 0.0018 (0.0018) CLoss: 0.0000 (0.0000) da_loss: 0.3097 (0.3097) dd_loss: 2.1119 (2.1119) Accu: 100.00
Test Epoch: 99
original feature:   Rank-1: 84.00% | Rank-5: 100.00% | Rank-10: 100.00%| Rank-20: 100.00%| mAP: 82.14%| mINP: 75.22%
feature after BN:   Rank-1: 86.00% | Rank-5: 100.00% | Rank-10: 100.00%| Rank-20: 100.00%| mAP: 82.31%| mINP: 73.12%
Best Epoch [90]
